<?xml version="1.0" encoding="UTF-8"?>
<testsuite xmlns:xsi="http://www.w3.org/2001/XMLSchema-instance" xsi:noNamespaceSchemaLocation="https://maven.apache.org/surefire/maven-surefire-plugin/xsd/surefire-test-report-3.0.xsd" version="3.0" name="api.spotify.ExamplesTest" time="9.336" tests="1" errors="0" skipped="0" failures="1">
  <properties>
    <property name="java.specification.version" value="17"/>
    <property name="sun.cpu.isalist" value="amd64"/>
    <property name="sun.jnu.encoding" value="Cp1252"/>
    <property name="java.class.path" value="C:\Users\Cuenta\Downloads\karate-sptf\target\test-classes;C:\Users\Cuenta\Downloads\karate-sptf\target\classes;C:\Users\Cuenta\.m2\repository\io\karatelabs\karate-junit5\1.5.0\karate-junit5-1.5.0.jar;C:\Users\Cuenta\.m2\repository\io\karatelabs\karate-core\1.5.0\karate-core-1.5.0.jar;C:\Users\Cuenta\.m2\repository\org\graalvm\js\js-scriptengine\24.0.0\js-scriptengine-24.0.0.jar;C:\Users\Cuenta\.m2\repository\org\graalvm\polyglot\polyglot\24.0.0\polyglot-24.0.0.jar;C:\Users\Cuenta\.m2\repository\org\graalvm\sdk\collections\24.0.0\collections-24.0.0.jar;C:\Users\Cuenta\.m2\repository\org\graalvm\sdk\nativeimage\24.0.0\nativeimage-24.0.0.jar;C:\Users\Cuenta\.m2\repository\org\graalvm\sdk\word\24.0.0\word-24.0.0.jar;C:\Users\Cuenta\.m2\repository\org\graalvm\js\js-language\24.0.0\js-language-24.0.0.jar;C:\Users\Cuenta\.m2\repository\org\graalvm\regex\regex\24.0.0\regex-24.0.0.jar;C:\Users\Cuenta\.m2\repository\org\graalvm\truffle\truffle-api\24.0.0\truffle-api-24.0.0.jar;C:\Users\Cuenta\.m2\repository\org\graalvm\shadowed\icu4j\24.0.0\icu4j-24.0.0.jar;C:\Users\Cuenta\.m2\repository\org\thymeleaf\thymeleaf\3.1.2.RELEASE\thymeleaf-3.1.2.RELEASE.jar;C:\Users\Cuenta\.m2\repository\ognl\ognl\3.3.4\ognl-3.3.4.jar;C:\Users\Cuenta\.m2\repository\org\javassist\javassist\3.29.0-GA\javassist-3.29.0-GA.jar;C:\Users\Cuenta\.m2\repository\org\attoparser\attoparser\2.0.7.RELEASE\attoparser-2.0.7.RELEASE.jar;C:\Users\Cuenta\.m2\repository\org\unbescape\unbescape\1.1.6.RELEASE\unbescape-1.1.6.RELEASE.jar;C:\Users\Cuenta\.m2\repository\com\linecorp\armeria\armeria\1.29.2\armeria-1.29.2.jar;C:\Users\Cuenta\.m2\repository\com\fasterxml\jackson\core\jackson-core\2.17.1\jackson-core-2.17.1.jar;C:\Users\Cuenta\.m2\repository\com\fasterxml\jackson\core\jackson-annotations\2.17.1\jackson-annotations-2.17.1.jar;C:\Users\Cuenta\.m2\repository\com\fasterxml\jackson\core\jackson-databind\2.17.1\jackson-databind-2.17.1.jar;C:\Users\Cuenta\.m2\repository\com\fasterxml\jackson\datatype\jackson-datatype-jdk8\2.17.1\jackson-datatype-jdk8-2.17.1.jar;C:\Users\Cuenta\.m2\repository\com\fasterxml\jackson\datatype\jackson-datatype-jsr310\2.17.1\jackson-datatype-jsr310-2.17.1.jar;C:\Users\Cuenta\.m2\repository\io\micrometer\micrometer-core\1.13.0\micrometer-core-1.13.0.jar;C:\Users\Cuenta\.m2\repository\io\micrometer\micrometer-commons\1.13.0\micrometer-commons-1.13.0.jar;C:\Users\Cuenta\.m2\repository\io\micrometer\micrometer-observation\1.13.0\micrometer-observation-1.13.0.jar;C:\Users\Cuenta\.m2\repository\org\hdrhistogram\HdrHistogram\2.2.1\HdrHistogram-2.2.1.jar;C:\Users\Cuenta\.m2\repository\org\latencyutils\LatencyUtils\2.0.3\LatencyUtils-2.0.3.jar;C:\Users\Cuenta\.m2\repository\io\netty\netty-transport\4.1.110.Final\netty-transport-4.1.110.Final.jar;C:\Users\Cuenta\.m2\repository\io\netty\netty-buffer\4.1.110.Final\netty-buffer-4.1.110.Final.jar;C:\Users\Cuenta\.m2\repository\io\netty\netty-resolver\4.1.110.Final\netty-resolver-4.1.110.Final.jar;C:\Users\Cuenta\.m2\repository\io\netty\netty-codec-haproxy\4.1.110.Final\netty-codec-haproxy-4.1.110.Final.jar;C:\Users\Cuenta\.m2\repository\io\netty\netty-codec\4.1.110.Final\netty-codec-4.1.110.Final.jar;C:\Users\Cuenta\.m2\repository\io\netty\netty-codec-http2\4.1.110.Final\netty-codec-http2-4.1.110.Final.jar;C:\Users\Cuenta\.m2\repository\io\netty\netty-handler\4.1.110.Final\netty-handler-4.1.110.Final.jar;C:\Users\Cuenta\.m2\repository\io\netty\netty-codec-http\4.1.110.Final\netty-codec-http-4.1.110.Final.jar;C:\Users\Cuenta\.m2\repository\io\netty\netty-resolver-dns\4.1.110.Final\netty-resolver-dns-4.1.110.Final.jar;C:\Users\Cuenta\.m2\repository\io\netty\netty-codec-dns\4.1.110.Final\netty-codec-dns-4.1.110.Final.jar;C:\Users\Cuenta\.m2\repository\io\netty\netty-transport-native-unix-common\4.1.110.Final\netty-transport-native-unix-common-4.1.110.Final-linux-x86_64.jar;C:\Users\Cuenta\.m2\repository\io\netty\netty-transport-native-unix-common\4.1.110.Final\netty-transport-native-unix-common-4.1.110.Final-linux-aarch_64.jar;C:\Users\Cuenta\.m2\repository\io\netty\netty-transport-native-unix-common\4.1.110.Final\netty-transport-native-unix-common-4.1.110.Final-osx-x86_64.jar;C:\Users\Cuenta\.m2\repository\io\netty\netty-transport-native-unix-common\4.1.110.Final\netty-transport-native-unix-common-4.1.110.Final-osx-aarch_64.jar;C:\Users\Cuenta\.m2\repository\org\reactivestreams\reactive-streams\1.0.4\reactive-streams-1.0.4.jar;C:\Users\Cuenta\.m2\repository\com\google\code\findbugs\jsr305\3.0.2\jsr305-3.0.2.jar;C:\Users\Cuenta\.m2\repository\io\netty\netty-handler-proxy\4.1.110.Final\netty-handler-proxy-4.1.110.Final.jar;C:\Users\Cuenta\.m2\repository\io\netty\netty-codec-socks\4.1.110.Final\netty-codec-socks-4.1.110.Final.jar;C:\Users\Cuenta\.m2\repository\io\netty\netty-transport-native-epoll\4.1.110.Final\netty-transport-native-epoll-4.1.110.Final-linux-x86_64.jar;C:\Users\Cuenta\.m2\repository\io\netty\netty-transport-native-unix-common\4.1.110.Final\netty-transport-native-unix-common-4.1.110.Final.jar;C:\Users\Cuenta\.m2\repository\io\netty\netty-transport-classes-epoll\4.1.110.Final\netty-transport-classes-epoll-4.1.110.Final.jar;C:\Users\Cuenta\.m2\repository\io\netty\netty-transport-native-epoll\4.1.110.Final\netty-transport-native-epoll-4.1.110.Final-linux-aarch_64.jar;C:\Users\Cuenta\.m2\repository\io\netty\netty-transport-native-kqueue\4.1.110.Final\netty-transport-native-kqueue-4.1.110.Final-osx-x86_64.jar;C:\Users\Cuenta\.m2\repository\io\netty\netty-transport-classes-kqueue\4.1.110.Final\netty-transport-classes-kqueue-4.1.110.Final.jar;C:\Users\Cuenta\.m2\repository\io\netty\netty-resolver-dns-native-macos\4.1.110.Final\netty-resolver-dns-native-macos-4.1.110.Final-osx-x86_64.jar;C:\Users\Cuenta\.m2\repository\io\netty\netty-resolver-dns-classes-macos\4.1.110.Final\netty-resolver-dns-classes-macos-4.1.110.Final.jar;C:\Users\Cuenta\.m2\repository\io\netty\netty-transport-native-kqueue\4.1.110.Final\netty-transport-native-kqueue-4.1.110.Final-osx-aarch_64.jar;C:\Users\Cuenta\.m2\repository\io\netty\netty-resolver-dns-native-macos\4.1.110.Final\netty-resolver-dns-native-macos-4.1.110.Final-osx-aarch_64.jar;C:\Users\Cuenta\.m2\repository\io\netty\netty-tcnative-boringssl-static\2.0.65.Final\netty-tcnative-boringssl-static-2.0.65.Final-linux-x86_64.jar;C:\Users\Cuenta\.m2\repository\io\netty\netty-tcnative-classes\2.0.65.Final\netty-tcnative-classes-2.0.65.Final.jar;C:\Users\Cuenta\.m2\repository\io\netty\netty-tcnative-boringssl-static\2.0.65.Final\netty-tcnative-boringssl-static-2.0.65.Final-linux-aarch_64.jar;C:\Users\Cuenta\.m2\repository\io\netty\netty-tcnative-boringssl-static\2.0.65.Final\netty-tcnative-boringssl-static-2.0.65.Final-osx-x86_64.jar;C:\Users\Cuenta\.m2\repository\io\netty\netty-tcnative-boringssl-static\2.0.65.Final\netty-tcnative-boringssl-static-2.0.65.Final-osx-aarch_64.jar;C:\Users\Cuenta\.m2\repository\io\netty\netty-tcnative-boringssl-static\2.0.65.Final\netty-tcnative-boringssl-static-2.0.65.Final-windows-x86_64.jar;C:\Users\Cuenta\.m2\repository\com\aayushatharva\brotli4j\brotli4j\1.16.0\brotli4j-1.16.0.jar;C:\Users\Cuenta\.m2\repository\com\aayushatharva\brotli4j\service\1.16.0\service-1.16.0.jar;C:\Users\Cuenta\.m2\repository\com\aayushatharva\brotli4j\native-windows-x86_64\1.16.0\native-windows-x86_64-1.16.0.jar;C:\Users\Cuenta\.m2\repository\org\apache\httpcomponents\httpclient\4.5.14\httpclient-4.5.14.jar;C:\Users\Cuenta\.m2\repository\org\apache\httpcomponents\httpcore\4.4.16\httpcore-4.4.16.jar;C:\Users\Cuenta\.m2\repository\commons-codec\commons-codec\1.16.1\commons-codec-1.16.1.jar;C:\Users\Cuenta\.m2\repository\ch\qos\logback\logback-classic\1.5.4\logback-classic-1.5.4.jar;C:\Users\Cuenta\.m2\repository\ch\qos\logback\logback-core\1.5.4\logback-core-1.5.4.jar;C:\Users\Cuenta\.m2\repository\org\slf4j\jcl-over-slf4j\2.0.12\jcl-over-slf4j-2.0.12.jar;C:\Users\Cuenta\.m2\repository\org\slf4j\slf4j-api\2.0.12\slf4j-api-2.0.12.jar;C:\Users\Cuenta\.m2\repository\org\antlr\antlr4-runtime\4.13.1\antlr4-runtime-4.13.1.jar;C:\Users\Cuenta\.m2\repository\com\jayway\jsonpath\json-path\2.9.0\json-path-2.9.0.jar;C:\Users\Cuenta\.m2\repository\net\minidev\json-smart\2.5.1\json-smart-2.5.1.jar;C:\Users\Cuenta\.m2\repository\net\minidev\accessors-smart\2.5.1\accessors-smart-2.5.1.jar;C:\Users\Cuenta\.m2\repository\org\ow2\asm\asm\9.6\asm-9.6.jar;C:\Users\Cuenta\.m2\repository\org\yaml\snakeyaml\2.2\snakeyaml-2.2.jar;C:\Users\Cuenta\.m2\repository\de\siegmar\fastcsv\3.1.0\fastcsv-3.1.0.jar;C:\Users\Cuenta\.m2\repository\info\picocli\picocli\4.7.5\picocli-4.7.5.jar;C:\Users\Cuenta\.m2\repository\io\github\classgraph\classgraph\4.8.170\classgraph-4.8.170.jar;C:\Users\Cuenta\.m2\repository\io\github\t12y\resemble\1.1.0\resemble-1.1.0.jar;C:\Users\Cuenta\.m2\repository\io\github\t12y\ssim\1.0.0\ssim-1.0.0.jar;C:\Users\Cuenta\.m2\repository\org\junit\jupiter\junit-jupiter-api\5.10.2\junit-jupiter-api-5.10.2.jar;C:\Users\Cuenta\.m2\repository\org\opentest4j\opentest4j\1.3.0\opentest4j-1.3.0.jar;C:\Users\Cuenta\.m2\repository\org\junit\platform\junit-platform-commons\1.10.2\junit-platform-commons-1.10.2.jar;C:\Users\Cuenta\.m2\repository\org\apiguardian\apiguardian-api\1.1.2\apiguardian-api-1.1.2.jar;C:\Users\Cuenta\.m2\repository\org\junit\jupiter\junit-jupiter-engine\5.10.2\junit-jupiter-engine-5.10.2.jar;C:\Users\Cuenta\.m2\repository\org\junit\platform\junit-platform-engine\1.10.2\junit-platform-engine-1.10.2.jar;C:\Users\Cuenta\.m2\repository\io\netty\netty-common\4.1.118.Final\netty-common-4.1.118.Final.jar;"/>
    <property name="java.vm.vendor" value="Oracle Corporation"/>
    <property name="sun.arch.data.model" value="64"/>
    <property name="user.variant" value=""/>
    <property name="java.vendor.url" value="https://java.oracle.com/"/>
    <property name="user.timezone" value="America/Bogota"/>
    <property name="os.name" value="Windows 10"/>
    <property name="java.vm.specification.version" value="17"/>
    <property name="sun.java.launcher" value="SUN_STANDARD"/>
    <property name="user.country" value="ES"/>
    <property name="sun.boot.library.path" value="C:\Program Files\JAVA\jdk-17.0.12_windows-x64_bin\jdk-17.0.12\bin"/>
    <property name="sun.java.command" value="C:\Users\Cuenta\AppData\Local\Temp\surefire14098525536466551222\surefirebooter-20250317120553193_3.jar C:\Users\Cuenta\AppData\Local\Temp\surefire14098525536466551222 2025-03-17T12-05-52_933-jvmRun1 surefire-20250317120553193_1tmp surefire_0-20250317120553193_2tmp"/>
    <property name="jdk.debug" value="release"/>
    <property name="surefire.test.class.path" value="C:\Users\Cuenta\Downloads\karate-sptf\target\test-classes;C:\Users\Cuenta\Downloads\karate-sptf\target\classes;C:\Users\Cuenta\.m2\repository\io\karatelabs\karate-junit5\1.5.0\karate-junit5-1.5.0.jar;C:\Users\Cuenta\.m2\repository\io\karatelabs\karate-core\1.5.0\karate-core-1.5.0.jar;C:\Users\Cuenta\.m2\repository\org\graalvm\js\js-scriptengine\24.0.0\js-scriptengine-24.0.0.jar;C:\Users\Cuenta\.m2\repository\org\graalvm\polyglot\polyglot\24.0.0\polyglot-24.0.0.jar;C:\Users\Cuenta\.m2\repository\org\graalvm\sdk\collections\24.0.0\collections-24.0.0.jar;C:\Users\Cuenta\.m2\repository\org\graalvm\sdk\nativeimage\24.0.0\nativeimage-24.0.0.jar;C:\Users\Cuenta\.m2\repository\org\graalvm\sdk\word\24.0.0\word-24.0.0.jar;C:\Users\Cuenta\.m2\repository\org\graalvm\js\js-language\24.0.0\js-language-24.0.0.jar;C:\Users\Cuenta\.m2\repository\org\graalvm\regex\regex\24.0.0\regex-24.0.0.jar;C:\Users\Cuenta\.m2\repository\org\graalvm\truffle\truffle-api\24.0.0\truffle-api-24.0.0.jar;C:\Users\Cuenta\.m2\repository\org\graalvm\shadowed\icu4j\24.0.0\icu4j-24.0.0.jar;C:\Users\Cuenta\.m2\repository\org\thymeleaf\thymeleaf\3.1.2.RELEASE\thymeleaf-3.1.2.RELEASE.jar;C:\Users\Cuenta\.m2\repository\ognl\ognl\3.3.4\ognl-3.3.4.jar;C:\Users\Cuenta\.m2\repository\org\javassist\javassist\3.29.0-GA\javassist-3.29.0-GA.jar;C:\Users\Cuenta\.m2\repository\org\attoparser\attoparser\2.0.7.RELEASE\attoparser-2.0.7.RELEASE.jar;C:\Users\Cuenta\.m2\repository\org\unbescape\unbescape\1.1.6.RELEASE\unbescape-1.1.6.RELEASE.jar;C:\Users\Cuenta\.m2\repository\com\linecorp\armeria\armeria\1.29.2\armeria-1.29.2.jar;C:\Users\Cuenta\.m2\repository\com\fasterxml\jackson\core\jackson-core\2.17.1\jackson-core-2.17.1.jar;C:\Users\Cuenta\.m2\repository\com\fasterxml\jackson\core\jackson-annotations\2.17.1\jackson-annotations-2.17.1.jar;C:\Users\Cuenta\.m2\repository\com\fasterxml\jackson\core\jackson-databind\2.17.1\jackson-databind-2.17.1.jar;C:\Users\Cuenta\.m2\repository\com\fasterxml\jackson\datatype\jackson-datatype-jdk8\2.17.1\jackson-datatype-jdk8-2.17.1.jar;C:\Users\Cuenta\.m2\repository\com\fasterxml\jackson\datatype\jackson-datatype-jsr310\2.17.1\jackson-datatype-jsr310-2.17.1.jar;C:\Users\Cuenta\.m2\repository\io\micrometer\micrometer-core\1.13.0\micrometer-core-1.13.0.jar;C:\Users\Cuenta\.m2\repository\io\micrometer\micrometer-commons\1.13.0\micrometer-commons-1.13.0.jar;C:\Users\Cuenta\.m2\repository\io\micrometer\micrometer-observation\1.13.0\micrometer-observation-1.13.0.jar;C:\Users\Cuenta\.m2\repository\org\hdrhistogram\HdrHistogram\2.2.1\HdrHistogram-2.2.1.jar;C:\Users\Cuenta\.m2\repository\org\latencyutils\LatencyUtils\2.0.3\LatencyUtils-2.0.3.jar;C:\Users\Cuenta\.m2\repository\io\netty\netty-transport\4.1.110.Final\netty-transport-4.1.110.Final.jar;C:\Users\Cuenta\.m2\repository\io\netty\netty-buffer\4.1.110.Final\netty-buffer-4.1.110.Final.jar;C:\Users\Cuenta\.m2\repository\io\netty\netty-resolver\4.1.110.Final\netty-resolver-4.1.110.Final.jar;C:\Users\Cuenta\.m2\repository\io\netty\netty-codec-haproxy\4.1.110.Final\netty-codec-haproxy-4.1.110.Final.jar;C:\Users\Cuenta\.m2\repository\io\netty\netty-codec\4.1.110.Final\netty-codec-4.1.110.Final.jar;C:\Users\Cuenta\.m2\repository\io\netty\netty-codec-http2\4.1.110.Final\netty-codec-http2-4.1.110.Final.jar;C:\Users\Cuenta\.m2\repository\io\netty\netty-handler\4.1.110.Final\netty-handler-4.1.110.Final.jar;C:\Users\Cuenta\.m2\repository\io\netty\netty-codec-http\4.1.110.Final\netty-codec-http-4.1.110.Final.jar;C:\Users\Cuenta\.m2\repository\io\netty\netty-resolver-dns\4.1.110.Final\netty-resolver-dns-4.1.110.Final.jar;C:\Users\Cuenta\.m2\repository\io\netty\netty-codec-dns\4.1.110.Final\netty-codec-dns-4.1.110.Final.jar;C:\Users\Cuenta\.m2\repository\io\netty\netty-transport-native-unix-common\4.1.110.Final\netty-transport-native-unix-common-4.1.110.Final-linux-x86_64.jar;C:\Users\Cuenta\.m2\repository\io\netty\netty-transport-native-unix-common\4.1.110.Final\netty-transport-native-unix-common-4.1.110.Final-linux-aarch_64.jar;C:\Users\Cuenta\.m2\repository\io\netty\netty-transport-native-unix-common\4.1.110.Final\netty-transport-native-unix-common-4.1.110.Final-osx-x86_64.jar;C:\Users\Cuenta\.m2\repository\io\netty\netty-transport-native-unix-common\4.1.110.Final\netty-transport-native-unix-common-4.1.110.Final-osx-aarch_64.jar;C:\Users\Cuenta\.m2\repository\org\reactivestreams\reactive-streams\1.0.4\reactive-streams-1.0.4.jar;C:\Users\Cuenta\.m2\repository\com\google\code\findbugs\jsr305\3.0.2\jsr305-3.0.2.jar;C:\Users\Cuenta\.m2\repository\io\netty\netty-handler-proxy\4.1.110.Final\netty-handler-proxy-4.1.110.Final.jar;C:\Users\Cuenta\.m2\repository\io\netty\netty-codec-socks\4.1.110.Final\netty-codec-socks-4.1.110.Final.jar;C:\Users\Cuenta\.m2\repository\io\netty\netty-transport-native-epoll\4.1.110.Final\netty-transport-native-epoll-4.1.110.Final-linux-x86_64.jar;C:\Users\Cuenta\.m2\repository\io\netty\netty-transport-native-unix-common\4.1.110.Final\netty-transport-native-unix-common-4.1.110.Final.jar;C:\Users\Cuenta\.m2\repository\io\netty\netty-transport-classes-epoll\4.1.110.Final\netty-transport-classes-epoll-4.1.110.Final.jar;C:\Users\Cuenta\.m2\repository\io\netty\netty-transport-native-epoll\4.1.110.Final\netty-transport-native-epoll-4.1.110.Final-linux-aarch_64.jar;C:\Users\Cuenta\.m2\repository\io\netty\netty-transport-native-kqueue\4.1.110.Final\netty-transport-native-kqueue-4.1.110.Final-osx-x86_64.jar;C:\Users\Cuenta\.m2\repository\io\netty\netty-transport-classes-kqueue\4.1.110.Final\netty-transport-classes-kqueue-4.1.110.Final.jar;C:\Users\Cuenta\.m2\repository\io\netty\netty-resolver-dns-native-macos\4.1.110.Final\netty-resolver-dns-native-macos-4.1.110.Final-osx-x86_64.jar;C:\Users\Cuenta\.m2\repository\io\netty\netty-resolver-dns-classes-macos\4.1.110.Final\netty-resolver-dns-classes-macos-4.1.110.Final.jar;C:\Users\Cuenta\.m2\repository\io\netty\netty-transport-native-kqueue\4.1.110.Final\netty-transport-native-kqueue-4.1.110.Final-osx-aarch_64.jar;C:\Users\Cuenta\.m2\repository\io\netty\netty-resolver-dns-native-macos\4.1.110.Final\netty-resolver-dns-native-macos-4.1.110.Final-osx-aarch_64.jar;C:\Users\Cuenta\.m2\repository\io\netty\netty-tcnative-boringssl-static\2.0.65.Final\netty-tcnative-boringssl-static-2.0.65.Final-linux-x86_64.jar;C:\Users\Cuenta\.m2\repository\io\netty\netty-tcnative-classes\2.0.65.Final\netty-tcnative-classes-2.0.65.Final.jar;C:\Users\Cuenta\.m2\repository\io\netty\netty-tcnative-boringssl-static\2.0.65.Final\netty-tcnative-boringssl-static-2.0.65.Final-linux-aarch_64.jar;C:\Users\Cuenta\.m2\repository\io\netty\netty-tcnative-boringssl-static\2.0.65.Final\netty-tcnative-boringssl-static-2.0.65.Final-osx-x86_64.jar;C:\Users\Cuenta\.m2\repository\io\netty\netty-tcnative-boringssl-static\2.0.65.Final\netty-tcnative-boringssl-static-2.0.65.Final-osx-aarch_64.jar;C:\Users\Cuenta\.m2\repository\io\netty\netty-tcnative-boringssl-static\2.0.65.Final\netty-tcnative-boringssl-static-2.0.65.Final-windows-x86_64.jar;C:\Users\Cuenta\.m2\repository\com\aayushatharva\brotli4j\brotli4j\1.16.0\brotli4j-1.16.0.jar;C:\Users\Cuenta\.m2\repository\com\aayushatharva\brotli4j\service\1.16.0\service-1.16.0.jar;C:\Users\Cuenta\.m2\repository\com\aayushatharva\brotli4j\native-windows-x86_64\1.16.0\native-windows-x86_64-1.16.0.jar;C:\Users\Cuenta\.m2\repository\org\apache\httpcomponents\httpclient\4.5.14\httpclient-4.5.14.jar;C:\Users\Cuenta\.m2\repository\org\apache\httpcomponents\httpcore\4.4.16\httpcore-4.4.16.jar;C:\Users\Cuenta\.m2\repository\commons-codec\commons-codec\1.16.1\commons-codec-1.16.1.jar;C:\Users\Cuenta\.m2\repository\ch\qos\logback\logback-classic\1.5.4\logback-classic-1.5.4.jar;C:\Users\Cuenta\.m2\repository\ch\qos\logback\logback-core\1.5.4\logback-core-1.5.4.jar;C:\Users\Cuenta\.m2\repository\org\slf4j\jcl-over-slf4j\2.0.12\jcl-over-slf4j-2.0.12.jar;C:\Users\Cuenta\.m2\repository\org\slf4j\slf4j-api\2.0.12\slf4j-api-2.0.12.jar;C:\Users\Cuenta\.m2\repository\org\antlr\antlr4-runtime\4.13.1\antlr4-runtime-4.13.1.jar;C:\Users\Cuenta\.m2\repository\com\jayway\jsonpath\json-path\2.9.0\json-path-2.9.0.jar;C:\Users\Cuenta\.m2\repository\net\minidev\json-smart\2.5.1\json-smart-2.5.1.jar;C:\Users\Cuenta\.m2\repository\net\minidev\accessors-smart\2.5.1\accessors-smart-2.5.1.jar;C:\Users\Cuenta\.m2\repository\org\ow2\asm\asm\9.6\asm-9.6.jar;C:\Users\Cuenta\.m2\repository\org\yaml\snakeyaml\2.2\snakeyaml-2.2.jar;C:\Users\Cuenta\.m2\repository\de\siegmar\fastcsv\3.1.0\fastcsv-3.1.0.jar;C:\Users\Cuenta\.m2\repository\info\picocli\picocli\4.7.5\picocli-4.7.5.jar;C:\Users\Cuenta\.m2\repository\io\github\classgraph\classgraph\4.8.170\classgraph-4.8.170.jar;C:\Users\Cuenta\.m2\repository\io\github\t12y\resemble\1.1.0\resemble-1.1.0.jar;C:\Users\Cuenta\.m2\repository\io\github\t12y\ssim\1.0.0\ssim-1.0.0.jar;C:\Users\Cuenta\.m2\repository\org\junit\jupiter\junit-jupiter-api\5.10.2\junit-jupiter-api-5.10.2.jar;C:\Users\Cuenta\.m2\repository\org\opentest4j\opentest4j\1.3.0\opentest4j-1.3.0.jar;C:\Users\Cuenta\.m2\repository\org\junit\platform\junit-platform-commons\1.10.2\junit-platform-commons-1.10.2.jar;C:\Users\Cuenta\.m2\repository\org\apiguardian\apiguardian-api\1.1.2\apiguardian-api-1.1.2.jar;C:\Users\Cuenta\.m2\repository\org\junit\jupiter\junit-jupiter-engine\5.10.2\junit-jupiter-engine-5.10.2.jar;C:\Users\Cuenta\.m2\repository\org\junit\platform\junit-platform-engine\1.10.2\junit-platform-engine-1.10.2.jar;C:\Users\Cuenta\.m2\repository\io\netty\netty-common\4.1.118.Final\netty-common-4.1.118.Final.jar;"/>
    <property name="sun.cpu.endian" value="little"/>
    <property name="user.home" value="C:\Users\Cuenta"/>
    <property name="user.language" value="es"/>
    <property name="java.specification.vendor" value="Oracle Corporation"/>
    <property name="java.version.date" value="2024-07-16"/>
    <property name="java.home" value="C:\Program Files\JAVA\jdk-17.0.12_windows-x64_bin\jdk-17.0.12"/>
    <property name="file.separator" value="\"/>
    <property name="basedir" value="C:\Users\Cuenta\Downloads\karate-sptf"/>
    <property name="java.vm.compressedOopsMode" value="Zero based"/>
    <property name="line.separator" value="&#10;"/>
    <property name="java.vm.specification.vendor" value="Oracle Corporation"/>
    <property name="java.specification.name" value="Java Platform API Specification"/>
    <property name="surefire.real.class.path" value="C:\Users\Cuenta\AppData\Local\Temp\surefire14098525536466551222\surefirebooter-20250317120553193_3.jar"/>
    <property name="user.script" value=""/>
    <property name="sun.management.compiler" value="HotSpot 64-Bit Tiered Compilers"/>
    <property name="java.runtime.version" value="17.0.12+8-LTS-286"/>
    <property name="user.name" value="Cuenta"/>
    <property name="path.separator" value=";"/>
    <property name="os.version" value="10.0"/>
    <property name="java.runtime.name" value="Java(TM) SE Runtime Environment"/>
    <property name="file.encoding" value="UTF-8"/>
    <property name="java.vm.name" value="Java HotSpot(TM) 64-Bit Server VM"/>
    <property name="localRepository" value="C:\Users\Cuenta\.m2\repository"/>
    <property name="java.vendor.url.bug" value="https://bugreport.java.com/bugreport/"/>
    <property name="java.io.tmpdir" value="C:\Users\Cuenta\AppData\Local\Temp\"/>
    <property name="java.version" value="17.0.12"/>
    <property name="user.dir" value="C:\Users\Cuenta\Downloads\karate-sptf"/>
    <property name="os.arch" value="amd64"/>
    <property name="java.vm.specification.name" value="Java Virtual Machine Specification"/>
    <property name="sun.os.patch.level" value=""/>
    <property name="native.encoding" value="Cp1252"/>
    <property name="java.library.path" value="C:\Program Files\JAVA\jdk-17.0.12_windows-x64_bin\jdk-17.0.12\bin;C:\WINDOWS\Sun\Java\bin;C:\WINDOWS\system32;C:\WINDOWS;C:\WINDOWS\system32;C:\WINDOWS;C:\WINDOWS\System32\Wbem;C:\Users\Cuenta\AppData\Local\Android\Sdk\platform-tools;C:\WINDOWS\System32\WindowsPowerShell\v1.0\;C:\WINDOWS\System32\OpenSSH\;C:\Program Files (x86)\NVIDIA Corporation\PhysX\Common;C:\Program Files\NVIDIA Corporation\NVIDIA NvDLISR;C:\Program Files\Git\cmd;C:\Users\Cuenta\Downloads\apache-maven-3.9.9-bin\apache-maven-3.9.9\bin;C:\Program Files\JAVA\jdk-17.0.12_windows-x64_bin\jdk-17.0.12\bin;C:\Program Files\JAVA\jdk-17.0.12_windows-x64_bin\jdk-17.0.12\bin;C:\WINDOWS\system32;C:\WINDOWS;C:\WINDOWS\System32\Wbem;C:\Users\Cuenta\AppData\Local\Android\Sdk\platform-tools;C:\WINDOWS\System32\WindowsPowerShell\v1.0\;C:\WINDOWS\System32\OpenSSH\;C:\Program Files (x86)\NVIDIA Corporation\PhysX\Common;C:\Program Files\NVIDIA Corporation\NVIDIA NvDLISR;C:\Program Files\Git\cmd;C:\Users\Cuenta\Downloads\apache-maven-3.9.9-bin\apache-maven-3.9.9\bin;C:\Program Files\JAVA\jdk-17.0.12_windows-x64_bin\jdk-17.0.12\bin;;."/>
    <property name="java.vm.info" value="mixed mode, sharing"/>
    <property name="java.vendor" value="Oracle Corporation"/>
    <property name="java.vm.version" value="17.0.12+8-LTS-286"/>
    <property name="sun.io.unicode.encoding" value="UnicodeLittle"/>
    <property name="java.class.version" value="61.0"/>
  </properties>
  <testcase name="testParallel" classname="api.spotify.ExamplesTest" time="9.292">
    <failure message="status code was: 200, expected: 400, response time in milliseconds: 243, url: https://api.spotify.com/v1/albums?ids=3iA6lFPydNrgFd6s1Hojii%2C14zUHaJZo1mnYtn6IBRaRP, response: &#10;{&quot;albums&quot;:[{&quot;album_type&quot;:&quot;album&quot;,&quot;total_tracks&quot;:11,&quot;available_markets&quot;:[&quot;AR&quot;,&quot;AU&quot;,&quot;AT&quot;,&quot;BE&quot;,&quot;BO&quot;,&quot;BR&quot;,&quot;BG&quot;,&quot;CA&quot;,&quot;CL&quot;,&quot;CO&quot;,&quot;CR&quot;,&quot;CY&quot;,&quot;CZ&quot;,&quot;DK&quot;,&quot;DO&quot;,&quot;DE&quot;,&quot;EC&quot;,&quot;EE&quot;,&quot;SV&quot;,&quot;FI&quot;,&quot;FR&quot;,&quot;GR&quot;,&quot;GT&quot;,&quot;HN&quot;,&quot;HK&quot;,&quot;HU&quot;,&quot;IS&quot;,&quot;IE&quot;,&quot;IT&quot;,&quot;LV&quot;,&quot;LT&quot;,&quot;LU&quot;,&quot;MY&quot;,&quot;MT&quot;,&quot;MX&quot;,&quot;NL&quot;,&quot;NZ&quot;,&quot;NI&quot;,&quot;NO&quot;,&quot;PA&quot;,&quot;PY&quot;,&quot;PE&quot;,&quot;PH&quot;,&quot;PL&quot;,&quot;PT&quot;,&quot;SG&quot;,&quot;SK&quot;,&quot;ES&quot;,&quot;SE&quot;,&quot;CH&quot;,&quot;TW&quot;,&quot;TR&quot;,&quot;UY&quot;,&quot;US&quot;,&quot;GB&quot;,&quot;AD&quot;,&quot;LI&quot;,&quot;MC&quot;,&quot;ID&quot;,&quot;JP&quot;,&quot;TH&quot;,&quot;VN&quot;,&quot;RO&quot;,&quot;IL&quot;,&quot;ZA&quot;,&quot;SA&quot;,&quot;AE&quot;,&quot;BH&quot;,&quot;QA&quot;,&quot;OM&quot;,&quot;KW&quot;,&quot;EG&quot;,&quot;MA&quot;,&quot;DZ&quot;,&quot;TN&quot;,&quot;LB&quot;,&quot;JO&quot;,&quot;PS&quot;,&quot;IN&quot;,&quot;KZ&quot;,&quot;MD&quot;,&quot;UA&quot;,&quot;AL&quot;,&quot;BA&quot;,&quot;HR&quot;,&quot;ME&quot;,&quot;MK&quot;,&quot;RS&quot;,&quot;SI&quot;,&quot;KR&quot;,&quot;BD&quot;,&quot;PK&quot;,&quot;LK&quot;,&quot;GH&quot;,&quot;KE&quot;,&quot;NG&quot;,&quot;TZ&quot;,&quot;UG&quot;,&quot;AG&quot;,&quot;AM&quot;,&quot;BS&quot;,&quot;BB&quot;,&quot;BZ&quot;,&quot;BT&quot;,&quot;BW&quot;,&quot;BF&quot;,&quot;CV&quot;,&quot;CW&quot;,&quot;DM&quot;,&quot;FJ&quot;,&quot;GM&quot;,&quot;GE&quot;,&quot;GD&quot;,&quot;GW&quot;,&quot;GY&quot;,&quot;HT&quot;,&quot;JM&quot;,&quot;KI&quot;,&quot;LS&quot;,&quot;LR&quot;,&quot;MW&quot;,&quot;MV&quot;,&quot;ML&quot;,&quot;MH&quot;,&quot;FM&quot;,&quot;NA&quot;,&quot;NR&quot;,&quot;NE&quot;,&quot;PW&quot;,&quot;PG&quot;,&quot;PR&quot;,&quot;WS&quot;,&quot;SM&quot;,&quot;ST&quot;,&quot;SN&quot;,&quot;SC&quot;,&quot;SL&quot;,&quot;SB&quot;,&quot;KN&quot;,&quot;LC&quot;,&quot;VC&quot;,&quot;SR&quot;,&quot;TL&quot;,&quot;TO&quot;,&quot;TT&quot;,&quot;TV&quot;,&quot;VU&quot;,&quot;AZ&quot;,&quot;BN&quot;,&quot;BI&quot;,&quot;KH&quot;,&quot;CM&quot;,&quot;TD&quot;,&quot;KM&quot;,&quot;GQ&quot;,&quot;SZ&quot;,&quot;GA&quot;,&quot;GN&quot;,&quot;KG&quot;,&quot;LA&quot;,&quot;MO&quot;,&quot;MR&quot;,&quot;MN&quot;,&quot;NP&quot;,&quot;RW&quot;,&quot;TG&quot;,&quot;UZ&quot;,&quot;ZW&quot;,&quot;BJ&quot;,&quot;MG&quot;,&quot;MU&quot;,&quot;MZ&quot;,&quot;AO&quot;,&quot;CI&quot;,&quot;DJ&quot;,&quot;ZM&quot;,&quot;CD&quot;,&quot;CG&quot;,&quot;IQ&quot;,&quot;LY&quot;,&quot;TJ&quot;,&quot;VE&quot;,&quot;ET&quot;,&quot;XK&quot;],&quot;external_urls&quot;:{&quot;spotify&quot;:&quot;https://open.spotify.com/album/3iA6lFPydNrgFd6s1Hojii&quot;},&quot;href&quot;:&quot;https://api.spotify.com/v1/albums/3iA6lFPydNrgFd6s1Hojii&quot;,&quot;id&quot;:&quot;3iA6lFPydNrgFd6s1Hojii&quot;,&quot;images&quot;:[{&quot;url&quot;:&quot;https://i.scdn.co/image/ab67616d0000b27393cd9c4d2b58369055169792&quot;,&quot;height&quot;:640,&quot;width&quot;:640},{&quot;url&quot;:&quot;https://i.scdn.co/image/ab67616d00001e0293cd9c4d2b58369055169792&quot;,&quot;height&quot;:300,&quot;width&quot;:300},{&quot;url&quot;:&quot;https://i.scdn.co/image/ab67616d0000485193cd9c4d2b58369055169792&quot;,&quot;height&quot;:64,&quot;width&quot;:64}],&quot;name&quot;:&quot;PERMANENTE&quot;,&quot;release_date&quot;:&quot;2024-08-01&quot;,&quot;release_date_precision&quot;:&quot;day&quot;,&quot;type&quot;:&quot;album&quot;,&quot;uri&quot;:&quot;spotify:album:3iA6lFPydNrgFd6s1Hojii&quot;,&quot;artists&quot;:[{&quot;external_urls&quot;:{&quot;spotify&quot;:&quot;https://open.spotify.com/artist/14zUHaJZo1mnYtn6IBRaRP&quot;},&quot;href&quot;:&quot;https://api.spotify.com/v1/artists/14zUHaJZo1mnYtn6IBRaRP&quot;,&quot;id&quot;:&quot;14zUHaJZo1mnYtn6IBRaRP&quot;,&quot;name&quot;:&quot;Justin Quiles&quot;,&quot;type&quot;:&quot;artist&quot;,&quot;uri&quot;:&quot;spotify:artist:14zUHaJZo1mnYtn6IBRaRP&quot;}],&quot;tracks&quot;:{&quot;href&quot;:&quot;https://api.spotify.com/v1/albums/3iA6lFPydNrgFd6s1Hojii/tracks?offset=0&amp;limit=50&quot;,&quot;limit&quot;:50,&quot;next&quot;:null,&quot;offset&quot;:0,&quot;previous&quot;:null,&quot;total&quot;:11,&quot;items&quot;:[{&quot;artists&quot;:[{&quot;external_urls&quot;:{&quot;spotify&quot;:&quot;https://open.spotify.com/artist/14zUHaJZo1mnYtn6IBRaRP&quot;},&quot;href&quot;:&quot;https://api.spotify.com/v1/artists/14zUHaJZo1mnYtn6IBRaRP&quot;,&quot;id&quot;:&quot;14zUHaJZo1mnYtn6IBRaRP&quot;,&quot;name&quot;:&quot;Justin Quiles&quot;,&quot;type&quot;:&quot;artist&quot;,&quot;uri&quot;:&quot;spotify:artist:14zUHaJZo1mnYtn6IBRaRP&quot;}],&quot;available_markets&quot;:[&quot;AR&quot;,&quot;AU&quot;,&quot;AT&quot;,&quot;BE&quot;,&quot;BO&quot;,&quot;BR&quot;,&quot;BG&quot;,&quot;CA&quot;,&quot;CL&quot;,&quot;CO&quot;,&quot;CR&quot;,&quot;CY&quot;,&quot;CZ&quot;,&quot;DK&quot;,&quot;DO&quot;,&quot;DE&quot;,&quot;EC&quot;,&quot;EE&quot;,&quot;SV&quot;,&quot;FI&quot;,&quot;FR&quot;,&quot;GR&quot;,&quot;GT&quot;,&quot;HN&quot;,&quot;HK&quot;,&quot;HU&quot;,&quot;IS&quot;,&quot;IE&quot;,&quot;IT&quot;,&quot;LV&quot;,&quot;LT&quot;,&quot;LU&quot;,&quot;MY&quot;,&quot;MT&quot;,&quot;MX&quot;,&quot;NL&quot;,&quot;NZ&quot;,&quot;NI&quot;,&quot;NO&quot;,&quot;PA&quot;,&quot;PY&quot;,&quot;PE&quot;,&quot;PH&quot;,&quot;PL&quot;,&quot;PT&quot;,&quot;SG&quot;,&quot;SK&quot;,&quot;ES&quot;,&quot;SE&quot;,&quot;CH&quot;,&quot;TW&quot;,&quot;TR&quot;,&quot;UY&quot;,&quot;US&quot;,&quot;GB&quot;,&quot;AD&quot;,&quot;LI&quot;,&quot;MC&quot;,&quot;ID&quot;,&quot;JP&quot;,&quot;TH&quot;,&quot;VN&quot;,&quot;RO&quot;,&quot;IL&quot;,&quot;ZA&quot;,&quot;SA&quot;,&quot;AE&quot;,&quot;BH&quot;,&quot;QA&quot;,&quot;OM&quot;,&quot;KW&quot;,&quot;EG&quot;,&quot;MA&quot;,&quot;DZ&quot;,&quot;TN&quot;,&quot;LB&quot;,&quot;JO&quot;,&quot;PS&quot;,&quot;IN&quot;,&quot;KZ&quot;,&quot;MD&quot;,&quot;UA&quot;,&quot;AL&quot;,&quot;BA&quot;,&quot;HR&quot;,&quot;ME&quot;,&quot;MK&quot;,&quot;RS&quot;,&quot;SI&quot;,&quot;KR&quot;,&quot;BD&quot;,&quot;PK&quot;,&quot;LK&quot;,&quot;GH&quot;,&quot;KE&quot;,&quot;NG&quot;,&quot;TZ&quot;,&quot;UG&quot;,&quot;AG&quot;,&quot;AM&quot;,&quot;BS&quot;,&quot;BB&quot;,&quot;BZ&quot;,&quot;BT&quot;,&quot;BW&quot;,&quot;BF&quot;,&quot;CV&quot;,&quot;CW&quot;,&quot;DM&quot;,&quot;FJ&quot;,&quot;GM&quot;,&quot;GE&quot;,&quot;GD&quot;,&quot;GW&quot;,&quot;GY&quot;,&quot;HT&quot;,&quot;JM&quot;,&quot;KI&quot;,&quot;LS&quot;,&quot;LR&quot;,&quot;MW&quot;,&quot;MV&quot;,&quot;ML&quot;,&quot;MH&quot;,&quot;FM&quot;,&quot;NA&quot;,&quot;NR&quot;,&quot;NE&quot;,&quot;PW&quot;,&quot;PG&quot;,&quot;PR&quot;,&quot;WS&quot;,&quot;SM&quot;,&quot;ST&quot;,&quot;SN&quot;,&quot;SC&quot;,&quot;SL&quot;,&quot;SB&quot;,&quot;KN&quot;,&quot;LC&quot;,&quot;VC&quot;,&quot;SR&quot;,&quot;TL&quot;,&quot;TO&quot;,&quot;TT&quot;,&quot;TV&quot;,&quot;VU&quot;,&quot;AZ&quot;,&quot;BN&quot;,&quot;BI&quot;,&quot;KH&quot;,&quot;CM&quot;,&quot;TD&quot;,&quot;KM&quot;,&quot;GQ&quot;,&quot;SZ&quot;,&quot;GA&quot;,&quot;GN&quot;,&quot;KG&quot;,&quot;LA&quot;,&quot;MO&quot;,&quot;MR&quot;,&quot;MN&quot;,&quot;NP&quot;,&quot;RW&quot;,&quot;TG&quot;,&quot;UZ&quot;,&quot;ZW&quot;,&quot;BJ&quot;,&quot;MG&quot;,&quot;MU&quot;,&quot;MZ&quot;,&quot;AO&quot;,&quot;CI&quot;,&quot;DJ&quot;,&quot;ZM&quot;,&quot;CD&quot;,&quot;CG&quot;,&quot;IQ&quot;,&quot;LY&quot;,&quot;TJ&quot;,&quot;VE&quot;,&quot;ET&quot;,&quot;XK&quot;],&quot;disc_number&quot;:1,&quot;duration_ms&quot;:168260,&quot;explicit&quot;:true,&quot;external_urls&quot;:{&quot;spotify&quot;:&quot;https://open.spotify.com/track/26PheDeOQ5GrtRtxbMAjro&quot;},&quot;href&quot;:&quot;https://api.spotify.com/v1/tracks/26PheDeOQ5GrtRtxbMAjro&quot;,&quot;id&quot;:&quot;26PheDeOQ5GrtRtxbMAjro&quot;,&quot;name&quot;:&quot;PERMANENTE (INTRO)&quot;,&quot;preview_url&quot;:null,&quot;track_number&quot;:1,&quot;type&quot;:&quot;track&quot;,&quot;uri&quot;:&quot;spotify:track:26PheDeOQ5GrtRtxbMAjro&quot;,&quot;is_local&quot;:false},{&quot;artists&quot;:[{&quot;external_urls&quot;:{&quot;spotify&quot;:&quot;https://open.spotify.com/artist/14zUHaJZo1mnYtn6IBRaRP&quot;},&quot;href&quot;:&quot;https://api.spotify.com/v1/artists/14zUHaJZo1mnYtn6IBRaRP&quot;,&quot;id&quot;:&quot;14zUHaJZo1mnYtn6IBRaRP&quot;,&quot;name&quot;:&quot;Justin Quiles&quot;,&quot;type&quot;:&quot;artist&quot;,&quot;uri&quot;:&quot;spotify:artist:14zUHaJZo1mnYtn6IBRaRP&quot;}],&quot;available_markets&quot;:[&quot;AR&quot;,&quot;AU&quot;,&quot;AT&quot;,&quot;BE&quot;,&quot;BO&quot;,&quot;BR&quot;,&quot;BG&quot;,&quot;CA&quot;,&quot;CL&quot;,&quot;CO&quot;,&quot;CR&quot;,&quot;CY&quot;,&quot;CZ&quot;,&quot;DK&quot;,&quot;DO&quot;,&quot;DE&quot;,&quot;EC&quot;,&quot;EE&quot;,&quot;SV&quot;,&quot;FI&quot;,&quot;FR&quot;,&quot;GR&quot;,&quot;GT&quot;,&quot;HN&quot;,&quot;HK&quot;,&quot;HU&quot;,&quot;IS&quot;,&quot;IE&quot;,&quot;IT&quot;,&quot;LV&quot;,&quot;LT&quot;,&quot;LU&quot;,&quot;MY&quot;,&quot;MT&quot;,&quot;MX&quot;,&quot;NL&quot;,&quot;NZ&quot;,&quot;NI&quot;,&quot;NO&quot;,&quot;PA&quot;,&quot;PY&quot;,&quot;PE&quot;,&quot;PH&quot;,&quot;PL&quot;,&quot;PT&quot;,&quot;SG&quot;,&quot;SK&quot;,&quot;ES&quot;,&quot;SE&quot;,&quot;CH&quot;,&quot;TW&quot;,&quot;TR&quot;,&quot;UY&quot;,&quot;US&quot;,&quot;GB&quot;,&quot;AD&quot;,&quot;LI&quot;,&quot;MC&quot;,&quot;ID&quot;,&quot;JP&quot;,&quot;TH&quot;,&quot;VN&quot;,&quot;RO&quot;,&quot;IL&quot;,&quot;ZA&quot;,&quot;SA&quot;,&quot;AE&quot;,&quot;BH&quot;,&quot;QA&quot;,&quot;OM&quot;,&quot;KW&quot;,&quot;EG&quot;,&quot;MA&quot;,&quot;DZ&quot;,&quot;TN&quot;,&quot;LB&quot;,&quot;JO&quot;,&quot;PS&quot;,&quot;IN&quot;,&quot;KZ&quot;,&quot;MD&quot;,&quot;UA&quot;,&quot;AL&quot;,&quot;BA&quot;,&quot;HR&quot;,&quot;ME&quot;,&quot;MK&quot;,&quot;RS&quot;,&quot;SI&quot;,&quot;KR&quot;,&quot;BD&quot;,&quot;PK&quot;,&quot;LK&quot;,&quot;GH&quot;,&quot;KE&quot;,&quot;NG&quot;,&quot;TZ&quot;,&quot;UG&quot;,&quot;AG&quot;,&quot;AM&quot;,&quot;BS&quot;,&quot;BB&quot;,&quot;BZ&quot;,&quot;BT&quot;,&quot;BW&quot;,&quot;BF&quot;,&quot;CV&quot;,&quot;CW&quot;,&quot;DM&quot;,&quot;FJ&quot;,&quot;GM&quot;,&quot;GE&quot;,&quot;GD&quot;,&quot;GW&quot;,&quot;GY&quot;,&quot;HT&quot;,&quot;JM&quot;,&quot;KI&quot;,&quot;LS&quot;,&quot;LR&quot;,&quot;MW&quot;,&quot;MV&quot;,&quot;ML&quot;,&quot;MH&quot;,&quot;FM&quot;,&quot;NA&quot;,&quot;NR&quot;,&quot;NE&quot;,&quot;PW&quot;,&quot;PG&quot;,&quot;PR&quot;,&quot;WS&quot;,&quot;SM&quot;,&quot;ST&quot;,&quot;SN&quot;,&quot;SC&quot;,&quot;SL&quot;,&quot;SB&quot;,&quot;KN&quot;,&quot;LC&quot;,&quot;VC&quot;,&quot;SR&quot;,&quot;TL&quot;,&quot;TO&quot;,&quot;TT&quot;,&quot;TV&quot;,&quot;VU&quot;,&quot;AZ&quot;,&quot;BN&quot;,&quot;BI&quot;,&quot;KH&quot;,&quot;CM&quot;,&quot;TD&quot;,&quot;KM&quot;,&quot;GQ&quot;,&quot;SZ&quot;,&quot;GA&quot;,&quot;GN&quot;,&quot;KG&quot;,&quot;LA&quot;,&quot;MO&quot;,&quot;MR&quot;,&quot;MN&quot;,&quot;NP&quot;,&quot;RW&quot;,&quot;TG&quot;,&quot;UZ&quot;,&quot;ZW&quot;,&quot;BJ&quot;,&quot;MG&quot;,&quot;MU&quot;,&quot;MZ&quot;,&quot;AO&quot;,&quot;CI&quot;,&quot;DJ&quot;,&quot;ZM&quot;,&quot;CD&quot;,&quot;CG&quot;,&quot;IQ&quot;,&quot;LY&quot;,&quot;TJ&quot;,&quot;VE&quot;,&quot;ET&quot;,&quot;XK&quot;],&quot;disc_number&quot;:1,&quot;duration_ms&quot;:129557,&quot;explicit&quot;:true,&quot;external_urls&quot;:{&quot;spotify&quot;:&quot;https://open.spotify.com/track/4ZgNkauy7LD2e4Fl1k26lb&quot;},&quot;href&quot;:&quot;https://api.spotify.com/v1/tracks/4ZgNkauy7LD2e4Fl1k26lb&quot;,&quot;id&quot;:&quot;4ZgNkauy7LD2e4Fl1k26lb&quot;,&quot;name&quot;:&quot;TU ROPA&quot;,&quot;preview_url&quot;:null,&quot;track_number&quot;:2,&quot;type&quot;:&quot;track&quot;,&quot;uri&quot;:&quot;spotify:track:4ZgNkauy7LD2e4Fl1k26lb&quot;,&quot;is_local&quot;:false},{&quot;artists&quot;:[{&quot;external_urls&quot;:{&quot;spotify&quot;:&quot;https://open.spotify.com/artist/14zUHaJZo1mnYtn6IBRaRP&quot;},&quot;href&quot;:&quot;https://api.spotify.com/v1/artists/14zUHaJZo1mnYtn6IBRaRP&quot;,&quot;id&quot;:&quot;14zUHaJZo1mnYtn6IBRaRP&quot;,&quot;name&quot;:&quot;Justin Quiles&quot;,&quot;type&quot;:&quot;artist&quot;,&quot;uri&quot;:&quot;spotify:artist:14zUHaJZo1mnYtn6IBRaRP&quot;},{&quot;external_urls&quot;:{&quot;spotify&quot;:&quot;https://open.spotify.com/artist/2AbQwU2cuEGfD465wCXlg2&quot;},&quot;href&quot;:&quot;https://api.spotify.com/v1/artists/2AbQwU2cuEGfD465wCXlg2&quot;,&quot;id&quot;:&quot;2AbQwU2cuEGfD465wCXlg2&quot;,&quot;name&quot;:&quot;Rawayana&quot;,&quot;type&quot;:&quot;artist&quot;,&quot;uri&quot;:&quot;spotify:artist:2AbQwU2cuEGfD465wCXlg2&quot;}],&quot;available_markets&quot;:[&quot;AR&quot;,&quot;AU&quot;,&quot;AT&quot;,&quot;BE&quot;,&quot;BO&quot;,&quot;BR&quot;,&quot;BG&quot;,&quot;CA&quot;,&quot;CL&quot;,&quot;CO&quot;,&quot;CR&quot;,&quot;CY&quot;,&quot;CZ&quot;,&quot;DK&quot;,&quot;DO&quot;,&quot;DE&quot;,&quot;EC&quot;,&quot;EE&quot;,&quot;SV&quot;,&quot;FI&quot;,&quot;FR&quot;,&quot;GR&quot;,&quot;GT&quot;,&quot;HN&quot;,&quot;HK&quot;,&quot;HU&quot;,&quot;IS&quot;,&quot;IE&quot;,&quot;IT&quot;,&quot;LV&quot;,&quot;LT&quot;,&quot;LU&quot;,&quot;MY&quot;,&quot;MT&quot;,&quot;MX&quot;,&quot;NL&quot;,&quot;NZ&quot;,&quot;NI&quot;,&quot;NO&quot;,&quot;PA&quot;,&quot;PY&quot;,&quot;PE&quot;,&quot;PH&quot;,&quot;PL&quot;,&quot;PT&quot;,&quot;SG&quot;,&quot;SK&quot;,&quot;ES&quot;,&quot;SE&quot;,&quot;CH&quot;,&quot;TW&quot;,&quot;TR&quot;,&quot;UY&quot;,&quot;US&quot;,&quot;GB&quot;,&quot;AD&quot;,&quot;LI&quot;,&quot;MC&quot;,&quot;ID&quot;,&quot;JP&quot;,&quot;TH&quot;,&quot;VN&quot;,&quot;RO&quot;,&quot;IL&quot;,&quot;ZA&quot;,&quot;SA&quot;,&quot;AE&quot;,&quot;BH&quot;,&quot;QA&quot;,&quot;OM&quot;,&quot;KW&quot;,&quot;EG&quot;,&quot;MA&quot;,&quot;DZ&quot;,&quot;TN&quot;,&quot;LB&quot;,&quot;JO&quot;,&quot;PS&quot;,&quot;IN&quot;,&quot;KZ&quot;,&quot;MD&quot;,&quot;UA&quot;,&quot;AL&quot;,&quot;BA&quot;,&quot;HR&quot;,&quot;ME&quot;,&quot;MK&quot;,&quot;RS&quot;,&quot;SI&quot;,&quot;KR&quot;,&quot;BD&quot;,&quot;PK&quot;,&quot;LK&quot;,&quot;GH&quot;,&quot;KE&quot;,&quot;NG&quot;,&quot;TZ&quot;,&quot;UG&quot;,&quot;AG&quot;,&quot;AM&quot;,&quot;BS&quot;,&quot;BB&quot;,&quot;BZ&quot;,&quot;BT&quot;,&quot;BW&quot;,&quot;BF&quot;,&quot;CV&quot;,&quot;CW&quot;,&quot;DM&quot;,&quot;FJ&quot;,&quot;GM&quot;,&quot;GE&quot;,&quot;GD&quot;,&quot;GW&quot;,&quot;GY&quot;,&quot;HT&quot;,&quot;JM&quot;,&quot;KI&quot;,&quot;LS&quot;,&quot;LR&quot;,&quot;MW&quot;,&quot;MV&quot;,&quot;ML&quot;,&quot;MH&quot;,&quot;FM&quot;,&quot;NA&quot;,&quot;NR&quot;,&quot;NE&quot;,&quot;PW&quot;,&quot;PG&quot;,&quot;PR&quot;,&quot;WS&quot;,&quot;SM&quot;,&quot;ST&quot;,&quot;SN&quot;,&quot;SC&quot;,&quot;SL&quot;,&quot;SB&quot;,&quot;KN&quot;,&quot;LC&quot;,&quot;VC&quot;,&quot;SR&quot;,&quot;TL&quot;,&quot;TO&quot;,&quot;TT&quot;,&quot;TV&quot;,&quot;VU&quot;,&quot;AZ&quot;,&quot;BN&quot;,&quot;BI&quot;,&quot;KH&quot;,&quot;CM&quot;,&quot;TD&quot;,&quot;KM&quot;,&quot;GQ&quot;,&quot;SZ&quot;,&quot;GA&quot;,&quot;GN&quot;,&quot;KG&quot;,&quot;LA&quot;,&quot;MO&quot;,&quot;MR&quot;,&quot;MN&quot;,&quot;NP&quot;,&quot;RW&quot;,&quot;TG&quot;,&quot;UZ&quot;,&quot;ZW&quot;,&quot;BJ&quot;,&quot;MG&quot;,&quot;MU&quot;,&quot;MZ&quot;,&quot;AO&quot;,&quot;CI&quot;,&quot;DJ&quot;,&quot;ZM&quot;,&quot;CD&quot;,&quot;CG&quot;,&quot;IQ&quot;,&quot;LY&quot;,&quot;TJ&quot;,&quot;VE&quot;,&quot;ET&quot;,&quot;XK&quot;],&quot;disc_number&quot;:1,&quot;duration_ms&quot;:142962,&quot;explicit&quot;:true,&quot;external_urls&quot;:{&quot;spotify&quot;:&quot;https://open.spotify.com/track/1c5xz0UTqjNGrfjSeYFLNv&quot;},&quot;href&quot;:&quot;https://api.spotify.com/v1/tracks/1c5xz0UTqjNGrfjSeYFLNv&quot;,&quot;id&quot;:&quot;1c5xz0UTqjNGrfjSeYFLNv&quot;,&quot;name&quot;:&quot;BOOM BOOM&quot;,&quot;preview_url&quot;:null,&quot;track_number&quot;:3,&quot;type&quot;:&quot;track&quot;,&quot;uri&quot;:&quot;spotify:track:1c5xz0UTqjNGrfjSeYFLNv&quot;,&quot;is_local&quot;:false},{&quot;artists&quot;:[{&quot;external_urls&quot;:{&quot;spotify&quot;:&quot;https://open.spotify.com/artist/14zUHaJZo1mnYtn6IBRaRP&quot;},&quot;href&quot;:&quot;https://api.spotify.com/v1/artists/14zUHaJZo1mnYtn6IBRaRP&quot;,&quot;id&quot;:&quot;14zUHaJZo1mnYtn6IBRaRP&quot;,&quot;name&quot;:&quot;Justin Quiles&quot;,&quot;type&quot;:&quot;artist&quot;,&quot;uri&quot;:&quot;spotify:artist:14zUHaJZo1mnYtn6IBRaRP&quot;}],&quot;available_markets&quot;:[&quot;AR&quot;,&quot;AU&quot;,&quot;AT&quot;,&quot;BE&quot;,&quot;BO&quot;,&quot;BR&quot;,&quot;BG&quot;,&quot;CA&quot;,&quot;CL&quot;,&quot;CO&quot;,&quot;CR&quot;,&quot;CY&quot;,&quot;CZ&quot;,&quot;DK&quot;,&quot;DO&quot;,&quot;DE&quot;,&quot;EC&quot;,&quot;EE&quot;,&quot;SV&quot;,&quot;FI&quot;,&quot;FR&quot;,&quot;GR&quot;,&quot;GT&quot;,&quot;HN&quot;,&quot;HK&quot;,&quot;HU&quot;,&quot;IS&quot;,&quot;IE&quot;,&quot;IT&quot;,&quot;LV&quot;,&quot;LT&quot;,&quot;LU&quot;,&quot;MY&quot;,&quot;MT&quot;,&quot;MX&quot;,&quot;NL&quot;,&quot;NZ&quot;,&quot;NI&quot;,&quot;NO&quot;,&quot;PA&quot;,&quot;PY&quot;,&quot;PE&quot;,&quot;PH&quot;,&quot;PL&quot;,&quot;PT&quot;,&quot;SG&quot;,&quot;SK&quot;,&quot;ES&quot;,&quot;SE&quot;,&quot;CH&quot;,&quot;TW&quot;,&quot;TR&quot;,&quot;UY&quot;,&quot;US&quot;,&quot;GB&quot;,&quot;AD&quot;,&quot;LI&quot;,&quot;MC&quot;,&quot;ID&quot;,&quot;JP&quot;,&quot;TH&quot;,&quot;VN&quot;,&quot;RO&quot;,&quot;IL&quot;,&quot;ZA&quot;,&quot;SA&quot;,&quot;AE&quot;,&quot;BH&quot;,&quot;QA&quot;,&quot;OM&quot;,&quot;KW&quot;,&quot;EG&quot;,&quot;MA&quot;,&quot;DZ&quot;,&quot;TN&quot;,&quot;LB&quot;,&quot;JO&quot;,&quot;PS&quot;,&quot;IN&quot;,&quot;KZ&quot;,&quot;MD&quot;,&quot;UA&quot;,&quot;AL&quot;,&quot;BA&quot;,&quot;HR&quot;,&quot;ME&quot;,&quot;MK&quot;,&quot;RS&quot;,&quot;SI&quot;,&quot;KR&quot;,&quot;BD&quot;,&quot;PK&quot;,&quot;LK&quot;,&quot;GH&quot;,&quot;KE&quot;,&quot;NG&quot;,&quot;TZ&quot;,&quot;UG&quot;,&quot;AG&quot;,&quot;AM&quot;,&quot;BS&quot;,&quot;BB&quot;,&quot;BZ&quot;,&quot;BT&quot;,&quot;BW&quot;,&quot;BF&quot;,&quot;CV&quot;,&quot;CW&quot;,&quot;DM&quot;,&quot;FJ&quot;,&quot;GM&quot;,&quot;GE&quot;,&quot;GD&quot;,&quot;GW&quot;,&quot;GY&quot;,&quot;HT&quot;,&quot;JM&quot;,&quot;KI&quot;,&quot;LS&quot;,&quot;LR&quot;,&quot;MW&quot;,&quot;MV&quot;,&quot;ML&quot;,&quot;MH&quot;,&quot;FM&quot;,&quot;NA&quot;,&quot;NR&quot;,&quot;NE&quot;,&quot;PW&quot;,&quot;PG&quot;,&quot;PR&quot;,&quot;WS&quot;,&quot;SM&quot;,&quot;ST&quot;,&quot;SN&quot;,&quot;SC&quot;,&quot;SL&quot;,&quot;SB&quot;,&quot;KN&quot;,&quot;LC&quot;,&quot;VC&quot;,&quot;SR&quot;,&quot;TL&quot;,&quot;TO&quot;,&quot;TT&quot;,&quot;TV&quot;,&quot;VU&quot;,&quot;AZ&quot;,&quot;BN&quot;,&quot;BI&quot;,&quot;KH&quot;,&quot;CM&quot;,&quot;TD&quot;,&quot;KM&quot;,&quot;GQ&quot;,&quot;SZ&quot;,&quot;GA&quot;,&quot;GN&quot;,&quot;KG&quot;,&quot;LA&quot;,&quot;MO&quot;,&quot;MR&quot;,&quot;MN&quot;,&quot;NP&quot;,&quot;RW&quot;,&quot;TG&quot;,&quot;UZ&quot;,&quot;ZW&quot;,&quot;BJ&quot;,&quot;MG&quot;,&quot;MU&quot;,&quot;MZ&quot;,&quot;AO&quot;,&quot;CI&quot;,&quot;DJ&quot;,&quot;ZM&quot;,&quot;CD&quot;,&quot;CG&quot;,&quot;IQ&quot;,&quot;LY&quot;,&quot;TJ&quot;,&quot;VE&quot;,&quot;ET&quot;,&quot;XK&quot;],&quot;disc_number&quot;:1,&quot;duration_ms&quot;:116190,&quot;explicit&quot;:true,&quot;external_urls&quot;:{&quot;spotify&quot;:&quot;https://open.spotify.com/track/477yGZK8FOM1CgoAwYDRrV&quot;},&quot;href&quot;:&quot;https://api.spotify.com/v1/tracks/477yGZK8FOM1CgoAwYDRrV&quot;,&quot;id&quot;:&quot;477yGZK8FOM1CgoAwYDRrV&quot;,&quot;name&quot;:&quot;SU GATO&quot;,&quot;preview_url&quot;:null,&quot;track_number&quot;:4,&quot;type&quot;:&quot;track&quot;,&quot;uri&quot;:&quot;spotify:track:477yGZK8FOM1CgoAwYDRrV&quot;,&quot;is_local&quot;:false},{&quot;artists&quot;:[{&quot;external_urls&quot;:{&quot;spotify&quot;:&quot;https://open.spotify.com/artist/14zUHaJZo1mnYtn6IBRaRP&quot;},&quot;href&quot;:&quot;https://api.spotify.com/v1/artists/14zUHaJZo1mnYtn6IBRaRP&quot;,&quot;id&quot;:&quot;14zUHaJZo1mnYtn6IBRaRP&quot;,&quot;name&quot;:&quot;Justin Quiles&quot;,&quot;type&quot;:&quot;artist&quot;,&quot;uri&quot;:&quot;spotify:artist:14zUHaJZo1mnYtn6IBRaRP&quot;}],&quot;available_markets&quot;:[&quot;AR&quot;,&quot;AU&quot;,&quot;AT&quot;,&quot;BE&quot;,&quot;BO&quot;,&quot;BR&quot;,&quot;BG&quot;,&quot;CA&quot;,&quot;CL&quot;,&quot;CO&quot;,&quot;CR&quot;,&quot;CY&quot;,&quot;CZ&quot;,&quot;DK&quot;,&quot;DO&quot;,&quot;DE&quot;,&quot;EC&quot;,&quot;EE&quot;,&quot;SV&quot;,&quot;FI&quot;,&quot;FR&quot;,&quot;GR&quot;,&quot;GT&quot;,&quot;HN&quot;,&quot;HK&quot;,&quot;HU&quot;,&quot;IS&quot;,&quot;IE&quot;,&quot;IT&quot;,&quot;LV&quot;,&quot;LT&quot;,&quot;LU&quot;,&quot;MY&quot;,&quot;MT&quot;,&quot;MX&quot;,&quot;NL&quot;,&quot;NZ&quot;,&quot;NI&quot;,&quot;NO&quot;,&quot;PA&quot;,&quot;PY&quot;,&quot;PE&quot;,&quot;PH&quot;,&quot;PL&quot;,&quot;PT&quot;,&quot;SG&quot;,&quot;SK&quot;,&quot;ES&quot;,&quot;SE&quot;,&quot;CH&quot;,&quot;TW&quot;,&quot;TR&quot;,&quot;UY&quot;,&quot;US&quot;,&quot;GB&quot;,&quot;AD&quot;,&quot;LI&quot;,&quot;MC&quot;,&quot;ID&quot;,&quot;JP&quot;,&quot;TH&quot;,&quot;VN&quot;,&quot;RO&quot;,&quot;IL&quot;,&quot;ZA&quot;,&quot;SA&quot;,&quot;AE&quot;,&quot;BH&quot;,&quot;QA&quot;,&quot;OM&quot;,&quot;KW&quot;,&quot;EG&quot;,&quot;MA&quot;,&quot;DZ&quot;,&quot;TN&quot;,&quot;LB&quot;,&quot;JO&quot;,&quot;PS&quot;,&quot;IN&quot;,&quot;KZ&quot;,&quot;MD&quot;,&quot;UA&quot;,&quot;AL&quot;,&quot;BA&quot;,&quot;HR&quot;,&quot;ME&quot;,&quot;MK&quot;,&quot;RS&quot;,&quot;SI&quot;,&quot;KR&quot;,&quot;BD&quot;,&quot;PK&quot;,&quot;LK&quot;,&quot;GH&quot;,&quot;KE&quot;,&quot;NG&quot;,&quot;TZ&quot;,&quot;UG&quot;,&quot;AG&quot;,&quot;AM&quot;,&quot;BS&quot;,&quot;BB&quot;,&quot;BZ&quot;,&quot;BT&quot;,&quot;BW&quot;,&quot;BF&quot;,&quot;CV&quot;,&quot;CW&quot;,&quot;DM&quot;,&quot;FJ&quot;,&quot;GM&quot;,&quot;GE&quot;,&quot;GD&quot;,&quot;GW&quot;,&quot;GY&quot;,&quot;HT&quot;,&quot;JM&quot;,&quot;KI&quot;,&quot;LS&quot;,&quot;LR&quot;,&quot;MW&quot;,&quot;MV&quot;,&quot;ML&quot;,&quot;MH&quot;,&quot;FM&quot;,&quot;NA&quot;,&quot;NR&quot;,&quot;NE&quot;,&quot;PW&quot;,&quot;PG&quot;,&quot;PR&quot;,&quot;WS&quot;,&quot;SM&quot;,&quot;ST&quot;,&quot;SN&quot;,&quot;SC&quot;,&quot;SL&quot;,&quot;SB&quot;,&quot;KN&quot;,&quot;LC&quot;,&quot;VC&quot;,&quot;SR&quot;,&quot;TL&quot;,&quot;TO&quot;,&quot;TT&quot;,&quot;TV&quot;,&quot;VU&quot;,&quot;AZ&quot;,&quot;BN&quot;,&quot;BI&quot;,&quot;KH&quot;,&quot;CM&quot;,&quot;TD&quot;,&quot;KM&quot;,&quot;GQ&quot;,&quot;SZ&quot;,&quot;GA&quot;,&quot;GN&quot;,&quot;KG&quot;,&quot;LA&quot;,&quot;MO&quot;,&quot;MR&quot;,&quot;MN&quot;,&quot;NP&quot;,&quot;RW&quot;,&quot;TG&quot;,&quot;UZ&quot;,&quot;ZW&quot;,&quot;BJ&quot;,&quot;MG&quot;,&quot;MU&quot;,&quot;MZ&quot;,&quot;AO&quot;,&quot;CI&quot;,&quot;DJ&quot;,&quot;ZM&quot;,&quot;CD&quot;,&quot;CG&quot;,&quot;IQ&quot;,&quot;LY&quot;,&quot;TJ&quot;,&quot;VE&quot;,&quot;ET&quot;,&quot;XK&quot;],&quot;disc_number&quot;:1,&quot;duration_ms&quot;:142666,&quot;explicit&quot;:true,&quot;external_urls&quot;:{&quot;spotify&quot;:&quot;https://open.spotify.com/track/5Qf6xHXefiHfsTDZp04sdK&quot;},&quot;href&quot;:&quot;https://api.spotify.com/v1/tracks/5Qf6xHXefiHfsTDZp04sdK&quot;,&quot;id&quot;:&quot;5Qf6xHXefiHfsTDZp04sdK&quot;,&quot;name&quot;:&quot;WHITE TEE&quot;,&quot;preview_url&quot;:null,&quot;track_number&quot;:5,&quot;type&quot;:&quot;track&quot;,&quot;uri&quot;:&quot;spotify:track:5Qf6xHXefiHfsTDZp04sdK&quot;,&quot;is_local&quot;:false},{&quot;artists&quot;:[{&quot;external_urls&quot;:{&quot;spotify&quot;:&quot;https://open.spotify.com/artist/14zUHaJZo1mnYtn6IBRaRP&quot;},&quot;href&quot;:&quot;https://api.spotify.com/v1/artists/14zUHaJZo1mnYtn6IBRaRP&quot;,&quot;id&quot;:&quot;14zUHaJZo1mnYtn6IBRaRP&quot;,&quot;name&quot;:&quot;Justin Quiles&quot;,&quot;type&quot;:&quot;artist&quot;,&quot;uri&quot;:&quot;spotify:artist:14zUHaJZo1mnYtn6IBRaRP&quot;}],&quot;available_markets&quot;:[&quot;AR&quot;,&quot;AU&quot;,&quot;AT&quot;,&quot;BE&quot;,&quot;BO&quot;,&quot;BR&quot;,&quot;BG&quot;,&quot;CA&quot;,&quot;CL&quot;,&quot;CO&quot;,&quot;CR&quot;,&quot;CY&quot;,&quot;CZ&quot;,&quot;DK&quot;,&quot;DO&quot;,&quot;DE&quot;,&quot;EC&quot;,&quot;EE&quot;,&quot;SV&quot;,&quot;FI&quot;,&quot;FR&quot;,&quot;GR&quot;,&quot;GT&quot;,&quot;HN&quot;,&quot;HK&quot;,&quot;HU&quot;,&quot;IS&quot;,&quot;IE&quot;,&quot;IT&quot;,&quot;LV&quot;,&quot;LT&quot;,&quot;LU&quot;,&quot;MY&quot;,&quot;MT&quot;,&quot;MX&quot;,&quot;NL&quot;,&quot;NZ&quot;,&quot;NI&quot;,&quot;NO&quot;,&quot;PA&quot;,&quot;PY&quot;,&quot;PE&quot;,&quot;PH&quot;,&quot;PL&quot;,&quot;PT&quot;,&quot;SG&quot;,&quot;SK&quot;,&quot;ES&quot;,&quot;SE&quot;,&quot;CH&quot;,&quot;TW&quot;,&quot;TR&quot;,&quot;UY&quot;,&quot;US&quot;,&quot;GB&quot;,&quot;AD&quot;,&quot;LI&quot;,&quot;MC&quot;,&quot;ID&quot;,&quot;JP&quot;,&quot;TH&quot;,&quot;VN&quot;,&quot;RO&quot;,&quot;IL&quot;,&quot;ZA&quot;,&quot;SA&quot;,&quot;AE&quot;,&quot;BH&quot;,&quot;QA&quot;,&quot;OM&quot;,&quot;KW&quot;,&quot;EG&quot;,&quot;MA&quot;,&quot;DZ&quot;,&quot;TN&quot;,&quot;LB&quot;,&quot;JO&quot;,&quot;PS&quot;,&quot;IN&quot;,&quot;KZ&quot;,&quot;MD&quot;,&quot;UA&quot;,&quot;AL&quot;,&quot;BA&quot;,&quot;HR&quot;,&quot;ME&quot;,&quot;MK&quot;,&quot;RS&quot;,&quot;SI&quot;,&quot;KR&quot;,&quot;BD&quot;,&quot;PK&quot;,&quot;LK&quot;,&quot;GH&quot;,&quot;KE&quot;,&quot;NG&quot;,&quot;TZ&quot;,&quot;UG&quot;,&quot;AG&quot;,&quot;AM&quot;,&quot;BS&quot;,&quot;BB&quot;,&quot;BZ&quot;,&quot;BT&quot;,&quot;BW&quot;,&quot;BF&quot;,&quot;CV&quot;,&quot;CW&quot;,&quot;DM&quot;,&quot;FJ&quot;,&quot;GM&quot;,&quot;GE&quot;,&quot;GD&quot;,&quot;GW&quot;,&quot;GY&quot;,&quot;HT&quot;,&quot;JM&quot;,&quot;KI&quot;,&quot;LS&quot;,&quot;LR&quot;,&quot;MW&quot;,&quot;MV&quot;,&quot;ML&quot;,&quot;MH&quot;,&quot;FM&quot;,&quot;NA&quot;,&quot;NR&quot;,&quot;NE&quot;,&quot;PW&quot;,&quot;PG&quot;,&quot;PR&quot;,&quot;WS&quot;,&quot;SM&quot;,&quot;ST&quot;,&quot;SN&quot;,&quot;SC&quot;,&quot;SL&quot;,&quot;SB&quot;,&quot;KN&quot;,&quot;LC&quot;,&quot;VC&quot;,&quot;SR&quot;,&quot;TL&quot;,&quot;TO&quot;,&quot;TT&quot;,&quot;TV&quot;,&quot;VU&quot;,&quot;AZ&quot;,&quot;BN&quot;,&quot;BI&quot;,&quot;KH&quot;,&quot;CM&quot;,&quot;TD&quot;,&quot;KM&quot;,&quot;GQ&quot;,&quot;SZ&quot;,&quot;GA&quot;,&quot;GN&quot;,&quot;KG&quot;,&quot;LA&quot;,&quot;MO&quot;,&quot;MR&quot;,&quot;MN&quot;,&quot;NP&quot;,&quot;RW&quot;,&quot;TG&quot;,&quot;UZ&quot;,&quot;ZW&quot;,&quot;BJ&quot;,&quot;MG&quot;,&quot;MU&quot;,&quot;MZ&quot;,&quot;AO&quot;,&quot;CI&quot;,&quot;DJ&quot;,&quot;ZM&quot;,&quot;CD&quot;,&quot;CG&quot;,&quot;IQ&quot;,&quot;LY&quot;,&quot;TJ&quot;,&quot;VE&quot;,&quot;ET&quot;,&quot;XK&quot;],&quot;disc_number&quot;:1,&quot;duration_ms&quot;:118956,&quot;explicit&quot;:true,&quot;external_urls&quot;:{&quot;spotify&quot;:&quot;https://open.spotify.com/track/5giosKrpoGDPqTbrVm5pLr&quot;},&quot;href&quot;:&quot;https://api.spotify.com/v1/tracks/5giosKrpoGDPqTbrVm5pLr&quot;,&quot;id&quot;:&quot;5giosKrpoGDPqTbrVm5pLr&quot;,&quot;name&quot;:&quot;LIKE YOU&quot;,&quot;preview_url&quot;:null,&quot;track_number&quot;:6,&quot;type&quot;:&quot;track&quot;,&quot;uri&quot;:&quot;spotify:track:5giosKrpoGDPqTbrVm5pLr&quot;,&quot;is_local&quot;:false},{&quot;artists&quot;:[{&quot;external_urls&quot;:{&quot;spotify&quot;:&quot;https://open.spotify.com/artist/14zUHaJZo1mnYtn6IBRaRP&quot;},&quot;href&quot;:&quot;https://api.spotify.com/v1/artists/14zUHaJZo1mnYtn6IBRaRP&quot;,&quot;id&quot;:&quot;14zUHaJZo1mnYtn6IBRaRP&quot;,&quot;name&quot;:&quot;Justin Quiles&quot;,&quot;type&quot;:&quot;artist&quot;,&quot;uri&quot;:&quot;spotify:artist:14zUHaJZo1mnYtn6IBRaRP&quot;}],&quot;available_markets&quot;:[&quot;AR&quot;,&quot;AU&quot;,&quot;AT&quot;,&quot;BE&quot;,&quot;BO&quot;,&quot;BR&quot;,&quot;BG&quot;,&quot;CA&quot;,&quot;CL&quot;,&quot;CO&quot;,&quot;CR&quot;,&quot;CY&quot;,&quot;CZ&quot;,&quot;DK&quot;,&quot;DO&quot;,&quot;DE&quot;,&quot;EC&quot;,&quot;EE&quot;,&quot;SV&quot;,&quot;FI&quot;,&quot;FR&quot;,&quot;GR&quot;,&quot;GT&quot;,&quot;HN&quot;,&quot;HK&quot;,&quot;HU&quot;,&quot;IS&quot;,&quot;IE&quot;,&quot;IT&quot;,&quot;LV&quot;,&quot;LT&quot;,&quot;LU&quot;,&quot;MY&quot;,&quot;MT&quot;,&quot;MX&quot;,&quot;NL&quot;,&quot;NZ&quot;,&quot;NI&quot;,&quot;NO&quot;,&quot;PA&quot;,&quot;PY&quot;,&quot;PE&quot;,&quot;PH&quot;,&quot;PL&quot;,&quot;PT&quot;,&quot;SG&quot;,&quot;SK&quot;,&quot;ES&quot;,&quot;SE&quot;,&quot;CH&quot;,&quot;TW&quot;,&quot;TR&quot;,&quot;UY&quot;,&quot;US&quot;,&quot;GB&quot;,&quot;AD&quot;,&quot;LI&quot;,&quot;MC&quot;,&quot;ID&quot;,&quot;JP&quot;,&quot;TH&quot;,&quot;VN&quot;,&quot;RO&quot;,&quot;IL&quot;,&quot;ZA&quot;,&quot;SA&quot;,&quot;AE&quot;,&quot;BH&quot;,&quot;QA&quot;,&quot;OM&quot;,&quot;KW&quot;,&quot;EG&quot;,&quot;MA&quot;,&quot;DZ&quot;,&quot;TN&quot;,&quot;LB&quot;,&quot;JO&quot;,&quot;PS&quot;,&quot;IN&quot;,&quot;KZ&quot;,&quot;MD&quot;,&quot;UA&quot;,&quot;AL&quot;,&quot;BA&quot;,&quot;HR&quot;,&quot;ME&quot;,&quot;MK&quot;,&quot;RS&quot;,&quot;SI&quot;,&quot;KR&quot;,&quot;BD&quot;,&quot;PK&quot;,&quot;LK&quot;,&quot;GH&quot;,&quot;KE&quot;,&quot;NG&quot;,&quot;TZ&quot;,&quot;UG&quot;,&quot;AG&quot;,&quot;AM&quot;,&quot;BS&quot;,&quot;BB&quot;,&quot;BZ&quot;,&quot;BT&quot;,&quot;BW&quot;,&quot;BF&quot;,&quot;CV&quot;,&quot;CW&quot;,&quot;DM&quot;,&quot;FJ&quot;,&quot;GM&quot;,&quot;GE&quot;,&quot;GD&quot;,&quot;GW&quot;,&quot;GY&quot;,&quot;HT&quot;,&quot;JM&quot;,&quot;KI&quot;,&quot;LS&quot;,&quot;LR&quot;,&quot;MW&quot;,&quot;MV&quot;,&quot;ML&quot;,&quot;MH&quot;,&quot;FM&quot;,&quot;NA&quot;,&quot;NR&quot;,&quot;NE&quot;,&quot;PW&quot;,&quot;PG&quot;,&quot;PR&quot;,&quot;WS&quot;,&quot;SM&quot;,&quot;ST&quot;,&quot;SN&quot;,&quot;SC&quot;,&quot;SL&quot;,&quot;SB&quot;,&quot;KN&quot;,&quot;LC&quot;,&quot;VC&quot;,&quot;SR&quot;,&quot;TL&quot;,&quot;TO&quot;,&quot;TT&quot;,&quot;TV&quot;,&quot;VU&quot;,&quot;AZ&quot;,&quot;BN&quot;,&quot;BI&quot;,&quot;KH&quot;,&quot;CM&quot;,&quot;TD&quot;,&quot;KM&quot;,&quot;GQ&quot;,&quot;SZ&quot;,&quot;GA&quot;,&quot;GN&quot;,&quot;KG&quot;,&quot;LA&quot;,&quot;MO&quot;,&quot;MR&quot;,&quot;MN&quot;,&quot;NP&quot;,&quot;RW&quot;,&quot;TG&quot;,&quot;UZ&quot;,&quot;ZW&quot;,&quot;BJ&quot;,&quot;MG&quot;,&quot;MU&quot;,&quot;MZ&quot;,&quot;AO&quot;,&quot;CI&quot;,&quot;DJ&quot;,&quot;ZM&quot;,&quot;CD&quot;,&quot;CG&quot;,&quot;IQ&quot;,&quot;LY&quot;,&quot;TJ&quot;,&quot;VE&quot;,&quot;ET&quot;,&quot;XK&quot;],&quot;disc_number&quot;:1,&quot;duration_ms&quot;:136615,&quot;explicit&quot;:true,&quot;external_urls&quot;:{&quot;spotify&quot;:&quot;https://open.spotify.com/track/2A921k4SPpRUo7xUS9HQ8l&quot;},&quot;href&quot;:&quot;https://api.spotify.com/v1/tracks/2A921k4SPpRUo7xUS9HQ8l&quot;,&quot;id&quot;:&quot;2A921k4SPpRUo7xUS9HQ8l&quot;,&quot;name&quot;:&quot;PLAY BOY&quot;,&quot;preview_url&quot;:null,&quot;track_number&quot;:7,&quot;type&quot;:&quot;track&quot;,&quot;uri&quot;:&quot;spotify:track:2A921k4SPpRUo7xUS9HQ8l&quot;,&quot;is_local&quot;:false},{&quot;artists&quot;:[{&quot;external_urls&quot;:{&quot;spotify&quot;:&quot;https://open.spotify.com/artist/14zUHaJZo1mnYtn6IBRaRP&quot;},&quot;href&quot;:&quot;https://api.spotify.com/v1/artists/14zUHaJZo1mnYtn6IBRaRP&quot;,&quot;id&quot;:&quot;14zUHaJZo1mnYtn6IBRaRP&quot;,&quot;name&quot;:&quot;Justin Quiles&quot;,&quot;type&quot;:&quot;artist&quot;,&quot;uri&quot;:&quot;spotify:artist:14zUHaJZo1mnYtn6IBRaRP&quot;}],&quot;available_markets&quot;:[&quot;AR&quot;,&quot;AU&quot;,&quot;AT&quot;,&quot;BE&quot;,&quot;BO&quot;,&quot;BR&quot;,&quot;BG&quot;,&quot;CA&quot;,&quot;CL&quot;,&quot;CO&quot;,&quot;CR&quot;,&quot;CY&quot;,&quot;CZ&quot;,&quot;DK&quot;,&quot;DO&quot;,&quot;DE&quot;,&quot;EC&quot;,&quot;EE&quot;,&quot;SV&quot;,&quot;FI&quot;,&quot;FR&quot;,&quot;GR&quot;,&quot;GT&quot;,&quot;HN&quot;,&quot;HK&quot;,&quot;HU&quot;,&quot;IS&quot;,&quot;IE&quot;,&quot;IT&quot;,&quot;LV&quot;,&quot;LT&quot;,&quot;LU&quot;,&quot;MY&quot;,&quot;MT&quot;,&quot;MX&quot;,&quot;NL&quot;,&quot;NZ&quot;,&quot;NI&quot;,&quot;NO&quot;,&quot;PA&quot;,&quot;PY&quot;,&quot;PE&quot;,&quot;PH&quot;,&quot;PL&quot;,&quot;PT&quot;,&quot;SG&quot;,&quot;SK&quot;,&quot;ES&quot;,&quot;SE&quot;,&quot;CH&quot;,&quot;TW&quot;,&quot;TR&quot;,&quot;UY&quot;,&quot;US&quot;,&quot;GB&quot;,&quot;AD&quot;,&quot;LI&quot;,&quot;MC&quot;,&quot;ID&quot;,&quot;JP&quot;,&quot;TH&quot;,&quot;VN&quot;,&quot;RO&quot;,&quot;IL&quot;,&quot;ZA&quot;,&quot;SA&quot;,&quot;AE&quot;,&quot;BH&quot;,&quot;QA&quot;,&quot;OM&quot;,&quot;KW&quot;,&quot;EG&quot;,&quot;MA&quot;,&quot;DZ&quot;,&quot;TN&quot;,&quot;LB&quot;,&quot;JO&quot;,&quot;PS&quot;,&quot;IN&quot;,&quot;KZ&quot;,&quot;MD&quot;,&quot;UA&quot;,&quot;AL&quot;,&quot;BA&quot;,&quot;HR&quot;,&quot;ME&quot;,&quot;MK&quot;,&quot;RS&quot;,&quot;SI&quot;,&quot;KR&quot;,&quot;BD&quot;,&quot;PK&quot;,&quot;LK&quot;,&quot;GH&quot;,&quot;KE&quot;,&quot;NG&quot;,&quot;TZ&quot;,&quot;UG&quot;,&quot;AG&quot;,&quot;AM&quot;,&quot;BS&quot;,&quot;BB&quot;,&quot;BZ&quot;,&quot;BT&quot;,&quot;BW&quot;,&quot;BF&quot;,&quot;CV&quot;,&quot;CW&quot;,&quot;DM&quot;,&quot;FJ&quot;,&quot;GM&quot;,&quot;GE&quot;,&quot;GD&quot;,&quot;GW&quot;,&quot;GY&quot;,&quot;HT&quot;,&quot;JM&quot;,&quot;KI&quot;,&quot;LS&quot;,&quot;LR&quot;,&quot;MW&quot;,&quot;MV&quot;,&quot;ML&quot;,&quot;MH&quot;,&quot;FM&quot;,&quot;NA&quot;,&quot;NR&quot;,&quot;NE&quot;,&quot;PW&quot;,&quot;PG&quot;,&quot;PR&quot;,&quot;WS&quot;,&quot;SM&quot;,&quot;ST&quot;,&quot;SN&quot;,&quot;SC&quot;,&quot;SL&quot;,&quot;SB&quot;,&quot;KN&quot;,&quot;LC&quot;,&quot;VC&quot;,&quot;SR&quot;,&quot;TL&quot;,&quot;TO&quot;,&quot;TT&quot;,&quot;TV&quot;,&quot;VU&quot;,&quot;AZ&quot;,&quot;BN&quot;,&quot;BI&quot;,&quot;KH&quot;,&quot;CM&quot;,&quot;TD&quot;,&quot;KM&quot;,&quot;GQ&quot;,&quot;SZ&quot;,&quot;GA&quot;,&quot;GN&quot;,&quot;KG&quot;,&quot;LA&quot;,&quot;MO&quot;,&quot;MR&quot;,&quot;MN&quot;,&quot;NP&quot;,&quot;RW&quot;,&quot;TG&quot;,&quot;UZ&quot;,&quot;ZW&quot;,&quot;BJ&quot;,&quot;MG&quot;,&quot;MU&quot;,&quot;MZ&quot;,&quot;AO&quot;,&quot;CI&quot;,&quot;DJ&quot;,&quot;ZM&quot;,&quot;CD&quot;,&quot;CG&quot;,&quot;IQ&quot;,&quot;LY&quot;,&quot;TJ&quot;,&quot;VE&quot;,&quot;ET&quot;,&quot;XK&quot;],&quot;disc_number&quot;:1,&quot;duration_ms&quot;:131320,&quot;explicit&quot;:true,&quot;external_urls&quot;:{&quot;spotify&quot;:&quot;https://open.spotify.com/track/4F5AT7bf7eI0uuVkUeQOTL&quot;},&quot;href&quot;:&quot;https://api.spotify.com/v1/tracks/4F5AT7bf7eI0uuVkUeQOTL&quot;,&quot;id&quot;:&quot;4F5AT7bf7eI0uuVkUeQOTL&quot;,&quot;name&quot;:&quot;YA BEBÍ&quot;,&quot;preview_url&quot;:null,&quot;track_number&quot;:8,&quot;type&quot;:&quot;track&quot;,&quot;uri&quot;:&quot;spotify:track:4F5AT7bf7eI0uuVkUeQOTL&quot;,&quot;is_local&quot;:false},{&quot;artists&quot;:[{&quot;external_urls&quot;:{&quot;spotify&quot;:&quot;https://open.spotify.com/artist/14zUHaJZo1mnYtn6IBRaRP&quot;},&quot;href&quot;:&quot;https://api.spotify.com/v1/artists/14zUHaJZo1mnYtn6IBRaRP&quot;,&quot;id&quot;:&quot;14zUHaJZo1mnYtn6IBRaRP&quot;,&quot;name&quot;:&quot;Justin Quiles&quot;,&quot;type&quot;:&quot;artist&quot;,&quot;uri&quot;:&quot;spotify:artist:14zUHaJZo1mnYtn6IBRaRP&quot;}],&quot;available_markets&quot;:[&quot;AR&quot;,&quot;AU&quot;,&quot;AT&quot;,&quot;BE&quot;,&quot;BO&quot;,&quot;BR&quot;,&quot;BG&quot;,&quot;CA&quot;,&quot;CL&quot;,&quot;CO&quot;,&quot;CR&quot;,&quot;CY&quot;,&quot;CZ&quot;,&quot;DK&quot;,&quot;DO&quot;,&quot;DE&quot;,&quot;EC&quot;,&quot;EE&quot;,&quot;SV&quot;,&quot;FI&quot;,&quot;FR&quot;,&quot;GR&quot;,&quot;GT&quot;,&quot;HN&quot;,&quot;HK&quot;,&quot;HU&quot;,&quot;IS&quot;,&quot;IE&quot;,&quot;IT&quot;,&quot;LV&quot;,&quot;LT&quot;,&quot;LU&quot;,&quot;MY&quot;,&quot;MT&quot;,&quot;MX&quot;,&quot;NL&quot;,&quot;NZ&quot;,&quot;NI&quot;,&quot;NO&quot;,&quot;PA&quot;,&quot;PY&quot;,&quot;PE&quot;,&quot;PH&quot;,&quot;PL&quot;,&quot;PT&quot;,&quot;SG&quot;,&quot;SK&quot;,&quot;ES&quot;,&quot;SE&quot;,&quot;CH&quot;,&quot;TW&quot;,&quot;TR&quot;,&quot;UY&quot;,&quot;US&quot;,&quot;GB&quot;,&quot;AD&quot;,&quot;LI&quot;,&quot;MC&quot;,&quot;ID&quot;,&quot;JP&quot;,&quot;TH&quot;,&quot;VN&quot;,&quot;RO&quot;,&quot;IL&quot;,&quot;ZA&quot;,&quot;SA&quot;,&quot;AE&quot;,&quot;BH&quot;,&quot;QA&quot;,&quot;OM&quot;,&quot;KW&quot;,&quot;EG&quot;,&quot;MA&quot;,&quot;DZ&quot;,&quot;TN&quot;,&quot;LB&quot;,&quot;JO&quot;,&quot;PS&quot;,&quot;IN&quot;,&quot;KZ&quot;,&quot;MD&quot;,&quot;UA&quot;,&quot;AL&quot;,&quot;BA&quot;,&quot;HR&quot;,&quot;ME&quot;,&quot;MK&quot;,&quot;RS&quot;,&quot;SI&quot;,&quot;KR&quot;,&quot;BD&quot;,&quot;PK&quot;,&quot;LK&quot;,&quot;GH&quot;,&quot;KE&quot;,&quot;NG&quot;,&quot;TZ&quot;,&quot;UG&quot;,&quot;AG&quot;,&quot;AM&quot;,&quot;BS&quot;,&quot;BB&quot;,&quot;BZ&quot;,&quot;BT&quot;,&quot;BW&quot;,&quot;BF&quot;,&quot;CV&quot;,&quot;CW&quot;,&quot;DM&quot;,&quot;FJ&quot;,&quot;GM&quot;,&quot;GE&quot;,&quot;GD&quot;,&quot;GW&quot;,&quot;GY&quot;,&quot;HT&quot;,&quot;JM&quot;,&quot;KI&quot;,&quot;LS&quot;,&quot;LR&quot;,&quot;MW&quot;,&quot;MV&quot;,&quot;ML&quot;,&quot;MH&quot;,&quot;FM&quot;,&quot;NA&quot;,&quot;NR&quot;,&quot;NE&quot;,&quot;PW&quot;,&quot;PG&quot;,&quot;PR&quot;,&quot;WS&quot;,&quot;SM&quot;,&quot;ST&quot;,&quot;SN&quot;,&quot;SC&quot;,&quot;SL&quot;,&quot;SB&quot;,&quot;KN&quot;,&quot;LC&quot;,&quot;VC&quot;,&quot;SR&quot;,&quot;TL&quot;,&quot;TO&quot;,&quot;TT&quot;,&quot;TV&quot;,&quot;VU&quot;,&quot;AZ&quot;,&quot;BN&quot;,&quot;BI&quot;,&quot;KH&quot;,&quot;CM&quot;,&quot;TD&quot;,&quot;KM&quot;,&quot;GQ&quot;,&quot;SZ&quot;,&quot;GA&quot;,&quot;GN&quot;,&quot;KG&quot;,&quot;LA&quot;,&quot;MO&quot;,&quot;MR&quot;,&quot;MN&quot;,&quot;NP&quot;,&quot;RW&quot;,&quot;TG&quot;,&quot;UZ&quot;,&quot;ZW&quot;,&quot;BJ&quot;,&quot;MG&quot;,&quot;MU&quot;,&quot;MZ&quot;,&quot;AO&quot;,&quot;CI&quot;,&quot;DJ&quot;,&quot;ZM&quot;,&quot;CD&quot;,&quot;CG&quot;,&quot;IQ&quot;,&quot;LY&quot;,&quot;TJ&quot;,&quot;VE&quot;,&quot;ET&quot;,&quot;XK&quot;],&quot;disc_number&quot;:1,&quot;duration_ms&quot;:123200,&quot;explicit&quot;:true,&quot;external_urls&quot;:{&quot;spotify&quot;:&quot;https://open.spotify.com/track/2n4Tk9Xks0ya224A5eqPfH&quot;},&quot;href&quot;:&quot;https://api.spotify.com/v1/tracks/2n4Tk9Xks0ya224A5eqPfH&quot;,&quot;id&quot;:&quot;2n4Tk9Xks0ya224A5eqPfH&quot;,&quot;name&quot;:&quot;SE PRESTA&quot;,&quot;preview_url&quot;:null,&quot;track_number&quot;:9,&quot;type&quot;:&quot;track&quot;,&quot;uri&quot;:&quot;spotify:track:2n4Tk9Xks0ya224A5eqPfH&quot;,&quot;is_local&quot;:false},{&quot;artists&quot;:[{&quot;external_urls&quot;:{&quot;spotify&quot;:&quot;https://open.spotify.com/artist/14zUHaJZo1mnYtn6IBRaRP&quot;},&quot;href&quot;:&quot;https://api.spotify.com/v1/artists/14zUHaJZo1mnYtn6IBRaRP&quot;,&quot;id&quot;:&quot;14zUHaJZo1mnYtn6IBRaRP&quot;,&quot;name&quot;:&quot;Justin Quiles&quot;,&quot;type&quot;:&quot;artist&quot;,&quot;uri&quot;:&quot;spotify:artist:14zUHaJZo1mnYtn6IBRaRP&quot;}],&quot;available_markets&quot;:[&quot;AR&quot;,&quot;AU&quot;,&quot;AT&quot;,&quot;BE&quot;,&quot;BO&quot;,&quot;BR&quot;,&quot;BG&quot;,&quot;CA&quot;,&quot;CL&quot;,&quot;CO&quot;,&quot;CR&quot;,&quot;CY&quot;,&quot;CZ&quot;,&quot;DK&quot;,&quot;DO&quot;,&quot;DE&quot;,&quot;EC&quot;,&quot;EE&quot;,&quot;SV&quot;,&quot;FI&quot;,&quot;FR&quot;,&quot;GR&quot;,&quot;GT&quot;,&quot;HN&quot;,&quot;HK&quot;,&quot;HU&quot;,&quot;IS&quot;,&quot;IE&quot;,&quot;IT&quot;,&quot;LV&quot;,&quot;LT&quot;,&quot;LU&quot;,&quot;MY&quot;,&quot;MT&quot;,&quot;MX&quot;,&quot;NL&quot;,&quot;NZ&quot;,&quot;NI&quot;,&quot;NO&quot;,&quot;PA&quot;,&quot;PY&quot;,&quot;PE&quot;,&quot;PH&quot;,&quot;PL&quot;,&quot;PT&quot;,&quot;SG&quot;,&quot;SK&quot;,&quot;ES&quot;,&quot;SE&quot;,&quot;CH&quot;,&quot;TW&quot;,&quot;TR&quot;,&quot;UY&quot;,&quot;US&quot;,&quot;GB&quot;,&quot;AD&quot;,&quot;LI&quot;,&quot;MC&quot;,&quot;ID&quot;,&quot;JP&quot;,&quot;TH&quot;,&quot;VN&quot;,&quot;RO&quot;,&quot;IL&quot;,&quot;ZA&quot;,&quot;SA&quot;,&quot;AE&quot;,&quot;BH&quot;,&quot;QA&quot;,&quot;OM&quot;,&quot;KW&quot;,&quot;EG&quot;,&quot;MA&quot;,&quot;DZ&quot;,&quot;TN&quot;,&quot;LB&quot;,&quot;JO&quot;,&quot;PS&quot;,&quot;IN&quot;,&quot;KZ&quot;,&quot;MD&quot;,&quot;UA&quot;,&quot;AL&quot;,&quot;BA&quot;,&quot;HR&quot;,&quot;ME&quot;,&quot;MK&quot;,&quot;RS&quot;,&quot;SI&quot;,&quot;KR&quot;,&quot;BD&quot;,&quot;PK&quot;,&quot;LK&quot;,&quot;GH&quot;,&quot;KE&quot;,&quot;NG&quot;,&quot;TZ&quot;,&quot;UG&quot;,&quot;AG&quot;,&quot;AM&quot;,&quot;BS&quot;,&quot;BB&quot;,&quot;BZ&quot;,&quot;BT&quot;,&quot;BW&quot;,&quot;BF&quot;,&quot;CV&quot;,&quot;CW&quot;,&quot;DM&quot;,&quot;FJ&quot;,&quot;GM&quot;,&quot;GE&quot;,&quot;GD&quot;,&quot;GW&quot;,&quot;GY&quot;,&quot;HT&quot;,&quot;JM&quot;,&quot;KI&quot;,&quot;LS&quot;,&quot;LR&quot;,&quot;MW&quot;,&quot;MV&quot;,&quot;ML&quot;,&quot;MH&quot;,&quot;FM&quot;,&quot;NA&quot;,&quot;NR&quot;,&quot;NE&quot;,&quot;PW&quot;,&quot;PG&quot;,&quot;PR&quot;,&quot;WS&quot;,&quot;SM&quot;,&quot;ST&quot;,&quot;SN&quot;,&quot;SC&quot;,&quot;SL&quot;,&quot;SB&quot;,&quot;KN&quot;,&quot;LC&quot;,&quot;VC&quot;,&quot;SR&quot;,&quot;TL&quot;,&quot;TO&quot;,&quot;TT&quot;,&quot;TV&quot;,&quot;VU&quot;,&quot;AZ&quot;,&quot;BN&quot;,&quot;BI&quot;,&quot;KH&quot;,&quot;CM&quot;,&quot;TD&quot;,&quot;KM&quot;,&quot;GQ&quot;,&quot;SZ&quot;,&quot;GA&quot;,&quot;GN&quot;,&quot;KG&quot;,&quot;LA&quot;,&quot;MO&quot;,&quot;MR&quot;,&quot;MN&quot;,&quot;NP&quot;,&quot;RW&quot;,&quot;TG&quot;,&quot;UZ&quot;,&quot;ZW&quot;,&quot;BJ&quot;,&quot;MG&quot;,&quot;MU&quot;,&quot;MZ&quot;,&quot;AO&quot;,&quot;CI&quot;,&quot;DJ&quot;,&quot;ZM&quot;,&quot;CD&quot;,&quot;CG&quot;,&quot;IQ&quot;,&quot;LY&quot;,&quot;TJ&quot;,&quot;VE&quot;,&quot;ET&quot;,&quot;XK&quot;],&quot;disc_number&quot;:1,&quot;duration_ms&quot;:120000,&quot;explicit&quot;:true,&quot;external_urls&quot;:{&quot;spotify&quot;:&quot;https://open.spotify.com/track/70OQcScSTSTVaVVAexErSy&quot;},&quot;href&quot;:&quot;https://api.spotify.com/v1/tracks/70OQcScSTSTVaVVAexErSy&quot;,&quot;id&quot;:&quot;70OQcScSTSTVaVVAexErSy&quot;,&quot;name&quot;:&quot;MAREA&quot;,&quot;preview_url&quot;:null,&quot;track_number&quot;:10,&quot;type&quot;:&quot;track&quot;,&quot;uri&quot;:&quot;spotify:track:70OQcScSTSTVaVVAexErSy&quot;,&quot;is_local&quot;:false},{&quot;artists&quot;:[{&quot;external_urls&quot;:{&quot;spotify&quot;:&quot;https://open.spotify.com/artist/14zUHaJZo1mnYtn6IBRaRP&quot;},&quot;href&quot;:&quot;https://api.spotify.com/v1/artists/14zUHaJZo1mnYtn6IBRaRP&quot;,&quot;id&quot;:&quot;14zUHaJZo1mnYtn6IBRaRP&quot;,&quot;name&quot;:&quot;Justin Quiles&quot;,&quot;type&quot;:&quot;artist&quot;,&quot;uri&quot;:&quot;spotify:artist:14zUHaJZo1mnYtn6IBRaRP&quot;}],&quot;available_markets&quot;:[&quot;AR&quot;,&quot;AU&quot;,&quot;AT&quot;,&quot;BE&quot;,&quot;BO&quot;,&quot;BR&quot;,&quot;BG&quot;,&quot;CA&quot;,&quot;CL&quot;,&quot;CO&quot;,&quot;CR&quot;,&quot;CY&quot;,&quot;CZ&quot;,&quot;DK&quot;,&quot;DO&quot;,&quot;DE&quot;,&quot;EC&quot;,&quot;EE&quot;,&quot;SV&quot;,&quot;FI&quot;,&quot;FR&quot;,&quot;GR&quot;,&quot;GT&quot;,&quot;HN&quot;,&quot;HK&quot;,&quot;HU&quot;,&quot;IS&quot;,&quot;IE&quot;,&quot;IT&quot;,&quot;LV&quot;,&quot;LT&quot;,&quot;LU&quot;,&quot;MY&quot;,&quot;MT&quot;,&quot;MX&quot;,&quot;NL&quot;,&quot;NZ&quot;,&quot;NI&quot;,&quot;NO&quot;,&quot;PA&quot;,&quot;PY&quot;,&quot;PE&quot;,&quot;PH&quot;,&quot;PL&quot;,&quot;PT&quot;,&quot;SG&quot;,&quot;SK&quot;,&quot;ES&quot;,&quot;SE&quot;,&quot;CH&quot;,&quot;TW&quot;,&quot;TR&quot;,&quot;UY&quot;,&quot;US&quot;,&quot;GB&quot;,&quot;AD&quot;,&quot;LI&quot;,&quot;MC&quot;,&quot;ID&quot;,&quot;JP&quot;,&quot;TH&quot;,&quot;VN&quot;,&quot;RO&quot;,&quot;IL&quot;,&quot;ZA&quot;,&quot;SA&quot;,&quot;AE&quot;,&quot;BH&quot;,&quot;QA&quot;,&quot;OM&quot;,&quot;KW&quot;,&quot;EG&quot;,&quot;MA&quot;,&quot;DZ&quot;,&quot;TN&quot;,&quot;LB&quot;,&quot;JO&quot;,&quot;PS&quot;,&quot;IN&quot;,&quot;KZ&quot;,&quot;MD&quot;,&quot;UA&quot;,&quot;AL&quot;,&quot;BA&quot;,&quot;HR&quot;,&quot;ME&quot;,&quot;MK&quot;,&quot;RS&quot;,&quot;SI&quot;,&quot;KR&quot;,&quot;BD&quot;,&quot;PK&quot;,&quot;LK&quot;,&quot;GH&quot;,&quot;KE&quot;,&quot;NG&quot;,&quot;TZ&quot;,&quot;UG&quot;,&quot;AG&quot;,&quot;AM&quot;,&quot;BS&quot;,&quot;BB&quot;,&quot;BZ&quot;,&quot;BT&quot;,&quot;BW&quot;,&quot;BF&quot;,&quot;CV&quot;,&quot;CW&quot;,&quot;DM&quot;,&quot;FJ&quot;,&quot;GM&quot;,&quot;GE&quot;,&quot;GD&quot;,&quot;GW&quot;,&quot;GY&quot;,&quot;HT&quot;,&quot;JM&quot;,&quot;KI&quot;,&quot;LS&quot;,&quot;LR&quot;,&quot;MW&quot;,&quot;MV&quot;,&quot;ML&quot;,&quot;MH&quot;,&quot;FM&quot;,&quot;NA&quot;,&quot;NR&quot;,&quot;NE&quot;,&quot;PW&quot;,&quot;PG&quot;,&quot;PR&quot;,&quot;WS&quot;,&quot;SM&quot;,&quot;ST&quot;,&quot;SN&quot;,&quot;SC&quot;,&quot;SL&quot;,&quot;SB&quot;,&quot;KN&quot;,&quot;LC&quot;,&quot;VC&quot;,&quot;SR&quot;,&quot;TL&quot;,&quot;TO&quot;,&quot;TT&quot;,&quot;TV&quot;,&quot;VU&quot;,&quot;AZ&quot;,&quot;BN&quot;,&quot;BI&quot;,&quot;KH&quot;,&quot;CM&quot;,&quot;TD&quot;,&quot;KM&quot;,&quot;GQ&quot;,&quot;SZ&quot;,&quot;GA&quot;,&quot;GN&quot;,&quot;KG&quot;,&quot;LA&quot;,&quot;MO&quot;,&quot;MR&quot;,&quot;MN&quot;,&quot;NP&quot;,&quot;RW&quot;,&quot;TG&quot;,&quot;UZ&quot;,&quot;ZW&quot;,&quot;BJ&quot;,&quot;MG&quot;,&quot;MU&quot;,&quot;MZ&quot;,&quot;AO&quot;,&quot;CI&quot;,&quot;DJ&quot;,&quot;ZM&quot;,&quot;CD&quot;,&quot;CG&quot;,&quot;IQ&quot;,&quot;LY&quot;,&quot;TJ&quot;,&quot;VE&quot;,&quot;ET&quot;,&quot;XK&quot;],&quot;disc_number&quot;:1,&quot;duration_ms&quot;:193170,&quot;explicit&quot;:true,&quot;external_urls&quot;:{&quot;spotify&quot;:&quot;https://open.spotify.com/track/0bwFVqqHdlrxTMv8XFnSBF&quot;},&quot;href&quot;:&quot;https://api.spotify.com/v1/tracks/0bwFVqqHdlrxTMv8XFnSBF&quot;,&quot;id&quot;:&quot;0bwFVqqHdlrxTMv8XFnSBF&quot;,&quot;name&quot;:&quot;DIAMANTE&quot;,&quot;preview_url&quot;:null,&quot;track_number&quot;:11,&quot;type&quot;:&quot;track&quot;,&quot;uri&quot;:&quot;spotify:track:0bwFVqqHdlrxTMv8XFnSBF&quot;,&quot;is_local&quot;:false}]},&quot;copyrights&quot;:[{&quot;text&quot;:&quot;© 2024 Warner Music Latina&quot;,&quot;type&quot;:&quot;C&quot;},{&quot;text&quot;:&quot;℗ 2024 Warner Music Latina&quot;,&quot;type&quot;:&quot;P&quot;}],&quot;external_ids&quot;:{&quot;upc&quot;:&quot;5021732431523&quot;},&quot;genres&quot;:[],&quot;label&quot;:&quot;WEA Latina&quot;,&quot;popularity&quot;:45},null]}&#10;classpath:api/spotify/Spotify/Get-Albums.feature:65 ==&gt; expected: &lt;0&gt; but was: &lt;1&gt;" type="org.opentest4j.AssertionFailedError"><![CDATA[org.opentest4j.AssertionFailedError: 
status code was: 200, expected: 400, response time in milliseconds: 243, url: https://api.spotify.com/v1/albums?ids=3iA6lFPydNrgFd6s1Hojii%2C14zUHaJZo1mnYtn6IBRaRP, response: 
{"albums":[{"album_type":"album","total_tracks":11,"available_markets":["AR","AU","AT","BE","BO","BR","BG","CA","CL","CO","CR","CY","CZ","DK","DO","DE","EC","EE","SV","FI","FR","GR","GT","HN","HK","HU","IS","IE","IT","LV","LT","LU","MY","MT","MX","NL","NZ","NI","NO","PA","PY","PE","PH","PL","PT","SG","SK","ES","SE","CH","TW","TR","UY","US","GB","AD","LI","MC","ID","JP","TH","VN","RO","IL","ZA","SA","AE","BH","QA","OM","KW","EG","MA","DZ","TN","LB","JO","PS","IN","KZ","MD","UA","AL","BA","HR","ME","MK","RS","SI","KR","BD","PK","LK","GH","KE","NG","TZ","UG","AG","AM","BS","BB","BZ","BT","BW","BF","CV","CW","DM","FJ","GM","GE","GD","GW","GY","HT","JM","KI","LS","LR","MW","MV","ML","MH","FM","NA","NR","NE","PW","PG","PR","WS","SM","ST","SN","SC","SL","SB","KN","LC","VC","SR","TL","TO","TT","TV","VU","AZ","BN","BI","KH","CM","TD","KM","GQ","SZ","GA","GN","KG","LA","MO","MR","MN","NP","RW","TG","UZ","ZW","BJ","MG","MU","MZ","AO","CI","DJ","ZM","CD","CG","IQ","LY","TJ","VE","ET","XK"],"external_urls":{"spotify":"https://open.spotify.com/album/3iA6lFPydNrgFd6s1Hojii"},"href":"https://api.spotify.com/v1/albums/3iA6lFPydNrgFd6s1Hojii","id":"3iA6lFPydNrgFd6s1Hojii","images":[{"url":"https://i.scdn.co/image/ab67616d0000b27393cd9c4d2b58369055169792","height":640,"width":640},{"url":"https://i.scdn.co/image/ab67616d00001e0293cd9c4d2b58369055169792","height":300,"width":300},{"url":"https://i.scdn.co/image/ab67616d0000485193cd9c4d2b58369055169792","height":64,"width":64}],"name":"PERMANENTE","release_date":"2024-08-01","release_date_precision":"day","type":"album","uri":"spotify:album:3iA6lFPydNrgFd6s1Hojii","artists":[{"external_urls":{"spotify":"https://open.spotify.com/artist/14zUHaJZo1mnYtn6IBRaRP"},"href":"https://api.spotify.com/v1/artists/14zUHaJZo1mnYtn6IBRaRP","id":"14zUHaJZo1mnYtn6IBRaRP","name":"Justin Quiles","type":"artist","uri":"spotify:artist:14zUHaJZo1mnYtn6IBRaRP"}],"tracks":{"href":"https://api.spotify.com/v1/albums/3iA6lFPydNrgFd6s1Hojii/tracks?offset=0&limit=50","limit":50,"next":null,"offset":0,"previous":null,"total":11,"items":[{"artists":[{"external_urls":{"spotify":"https://open.spotify.com/artist/14zUHaJZo1mnYtn6IBRaRP"},"href":"https://api.spotify.com/v1/artists/14zUHaJZo1mnYtn6IBRaRP","id":"14zUHaJZo1mnYtn6IBRaRP","name":"Justin Quiles","type":"artist","uri":"spotify:artist:14zUHaJZo1mnYtn6IBRaRP"}],"available_markets":["AR","AU","AT","BE","BO","BR","BG","CA","CL","CO","CR","CY","CZ","DK","DO","DE","EC","EE","SV","FI","FR","GR","GT","HN","HK","HU","IS","IE","IT","LV","LT","LU","MY","MT","MX","NL","NZ","NI","NO","PA","PY","PE","PH","PL","PT","SG","SK","ES","SE","CH","TW","TR","UY","US","GB","AD","LI","MC","ID","JP","TH","VN","RO","IL","ZA","SA","AE","BH","QA","OM","KW","EG","MA","DZ","TN","LB","JO","PS","IN","KZ","MD","UA","AL","BA","HR","ME","MK","RS","SI","KR","BD","PK","LK","GH","KE","NG","TZ","UG","AG","AM","BS","BB","BZ","BT","BW","BF","CV","CW","DM","FJ","GM","GE","GD","GW","GY","HT","JM","KI","LS","LR","MW","MV","ML","MH","FM","NA","NR","NE","PW","PG","PR","WS","SM","ST","SN","SC","SL","SB","KN","LC","VC","SR","TL","TO","TT","TV","VU","AZ","BN","BI","KH","CM","TD","KM","GQ","SZ","GA","GN","KG","LA","MO","MR","MN","NP","RW","TG","UZ","ZW","BJ","MG","MU","MZ","AO","CI","DJ","ZM","CD","CG","IQ","LY","TJ","VE","ET","XK"],"disc_number":1,"duration_ms":168260,"explicit":true,"external_urls":{"spotify":"https://open.spotify.com/track/26PheDeOQ5GrtRtxbMAjro"},"href":"https://api.spotify.com/v1/tracks/26PheDeOQ5GrtRtxbMAjro","id":"26PheDeOQ5GrtRtxbMAjro","name":"PERMANENTE (INTRO)","preview_url":null,"track_number":1,"type":"track","uri":"spotify:track:26PheDeOQ5GrtRtxbMAjro","is_local":false},{"artists":[{"external_urls":{"spotify":"https://open.spotify.com/artist/14zUHaJZo1mnYtn6IBRaRP"},"href":"https://api.spotify.com/v1/artists/14zUHaJZo1mnYtn6IBRaRP","id":"14zUHaJZo1mnYtn6IBRaRP","name":"Justin Quiles","type":"artist","uri":"spotify:artist:14zUHaJZo1mnYtn6IBRaRP"}],"available_markets":["AR","AU","AT","BE","BO","BR","BG","CA","CL","CO","CR","CY","CZ","DK","DO","DE","EC","EE","SV","FI","FR","GR","GT","HN","HK","HU","IS","IE","IT","LV","LT","LU","MY","MT","MX","NL","NZ","NI","NO","PA","PY","PE","PH","PL","PT","SG","SK","ES","SE","CH","TW","TR","UY","US","GB","AD","LI","MC","ID","JP","TH","VN","RO","IL","ZA","SA","AE","BH","QA","OM","KW","EG","MA","DZ","TN","LB","JO","PS","IN","KZ","MD","UA","AL","BA","HR","ME","MK","RS","SI","KR","BD","PK","LK","GH","KE","NG","TZ","UG","AG","AM","BS","BB","BZ","BT","BW","BF","CV","CW","DM","FJ","GM","GE","GD","GW","GY","HT","JM","KI","LS","LR","MW","MV","ML","MH","FM","NA","NR","NE","PW","PG","PR","WS","SM","ST","SN","SC","SL","SB","KN","LC","VC","SR","TL","TO","TT","TV","VU","AZ","BN","BI","KH","CM","TD","KM","GQ","SZ","GA","GN","KG","LA","MO","MR","MN","NP","RW","TG","UZ","ZW","BJ","MG","MU","MZ","AO","CI","DJ","ZM","CD","CG","IQ","LY","TJ","VE","ET","XK"],"disc_number":1,"duration_ms":129557,"explicit":true,"external_urls":{"spotify":"https://open.spotify.com/track/4ZgNkauy7LD2e4Fl1k26lb"},"href":"https://api.spotify.com/v1/tracks/4ZgNkauy7LD2e4Fl1k26lb","id":"4ZgNkauy7LD2e4Fl1k26lb","name":"TU ROPA","preview_url":null,"track_number":2,"type":"track","uri":"spotify:track:4ZgNkauy7LD2e4Fl1k26lb","is_local":false},{"artists":[{"external_urls":{"spotify":"https://open.spotify.com/artist/14zUHaJZo1mnYtn6IBRaRP"},"href":"https://api.spotify.com/v1/artists/14zUHaJZo1mnYtn6IBRaRP","id":"14zUHaJZo1mnYtn6IBRaRP","name":"Justin Quiles","type":"artist","uri":"spotify:artist:14zUHaJZo1mnYtn6IBRaRP"},{"external_urls":{"spotify":"https://open.spotify.com/artist/2AbQwU2cuEGfD465wCXlg2"},"href":"https://api.spotify.com/v1/artists/2AbQwU2cuEGfD465wCXlg2","id":"2AbQwU2cuEGfD465wCXlg2","name":"Rawayana","type":"artist","uri":"spotify:artist:2AbQwU2cuEGfD465wCXlg2"}],"available_markets":["AR","AU","AT","BE","BO","BR","BG","CA","CL","CO","CR","CY","CZ","DK","DO","DE","EC","EE","SV","FI","FR","GR","GT","HN","HK","HU","IS","IE","IT","LV","LT","LU","MY","MT","MX","NL","NZ","NI","NO","PA","PY","PE","PH","PL","PT","SG","SK","ES","SE","CH","TW","TR","UY","US","GB","AD","LI","MC","ID","JP","TH","VN","RO","IL","ZA","SA","AE","BH","QA","OM","KW","EG","MA","DZ","TN","LB","JO","PS","IN","KZ","MD","UA","AL","BA","HR","ME","MK","RS","SI","KR","BD","PK","LK","GH","KE","NG","TZ","UG","AG","AM","BS","BB","BZ","BT","BW","BF","CV","CW","DM","FJ","GM","GE","GD","GW","GY","HT","JM","KI","LS","LR","MW","MV","ML","MH","FM","NA","NR","NE","PW","PG","PR","WS","SM","ST","SN","SC","SL","SB","KN","LC","VC","SR","TL","TO","TT","TV","VU","AZ","BN","BI","KH","CM","TD","KM","GQ","SZ","GA","GN","KG","LA","MO","MR","MN","NP","RW","TG","UZ","ZW","BJ","MG","MU","MZ","AO","CI","DJ","ZM","CD","CG","IQ","LY","TJ","VE","ET","XK"],"disc_number":1,"duration_ms":142962,"explicit":true,"external_urls":{"spotify":"https://open.spotify.com/track/1c5xz0UTqjNGrfjSeYFLNv"},"href":"https://api.spotify.com/v1/tracks/1c5xz0UTqjNGrfjSeYFLNv","id":"1c5xz0UTqjNGrfjSeYFLNv","name":"BOOM BOOM","preview_url":null,"track_number":3,"type":"track","uri":"spotify:track:1c5xz0UTqjNGrfjSeYFLNv","is_local":false},{"artists":[{"external_urls":{"spotify":"https://open.spotify.com/artist/14zUHaJZo1mnYtn6IBRaRP"},"href":"https://api.spotify.com/v1/artists/14zUHaJZo1mnYtn6IBRaRP","id":"14zUHaJZo1mnYtn6IBRaRP","name":"Justin Quiles","type":"artist","uri":"spotify:artist:14zUHaJZo1mnYtn6IBRaRP"}],"available_markets":["AR","AU","AT","BE","BO","BR","BG","CA","CL","CO","CR","CY","CZ","DK","DO","DE","EC","EE","SV","FI","FR","GR","GT","HN","HK","HU","IS","IE","IT","LV","LT","LU","MY","MT","MX","NL","NZ","NI","NO","PA","PY","PE","PH","PL","PT","SG","SK","ES","SE","CH","TW","TR","UY","US","GB","AD","LI","MC","ID","JP","TH","VN","RO","IL","ZA","SA","AE","BH","QA","OM","KW","EG","MA","DZ","TN","LB","JO","PS","IN","KZ","MD","UA","AL","BA","HR","ME","MK","RS","SI","KR","BD","PK","LK","GH","KE","NG","TZ","UG","AG","AM","BS","BB","BZ","BT","BW","BF","CV","CW","DM","FJ","GM","GE","GD","GW","GY","HT","JM","KI","LS","LR","MW","MV","ML","MH","FM","NA","NR","NE","PW","PG","PR","WS","SM","ST","SN","SC","SL","SB","KN","LC","VC","SR","TL","TO","TT","TV","VU","AZ","BN","BI","KH","CM","TD","KM","GQ","SZ","GA","GN","KG","LA","MO","MR","MN","NP","RW","TG","UZ","ZW","BJ","MG","MU","MZ","AO","CI","DJ","ZM","CD","CG","IQ","LY","TJ","VE","ET","XK"],"disc_number":1,"duration_ms":116190,"explicit":true,"external_urls":{"spotify":"https://open.spotify.com/track/477yGZK8FOM1CgoAwYDRrV"},"href":"https://api.spotify.com/v1/tracks/477yGZK8FOM1CgoAwYDRrV","id":"477yGZK8FOM1CgoAwYDRrV","name":"SU GATO","preview_url":null,"track_number":4,"type":"track","uri":"spotify:track:477yGZK8FOM1CgoAwYDRrV","is_local":false},{"artists":[{"external_urls":{"spotify":"https://open.spotify.com/artist/14zUHaJZo1mnYtn6IBRaRP"},"href":"https://api.spotify.com/v1/artists/14zUHaJZo1mnYtn6IBRaRP","id":"14zUHaJZo1mnYtn6IBRaRP","name":"Justin Quiles","type":"artist","uri":"spotify:artist:14zUHaJZo1mnYtn6IBRaRP"}],"available_markets":["AR","AU","AT","BE","BO","BR","BG","CA","CL","CO","CR","CY","CZ","DK","DO","DE","EC","EE","SV","FI","FR","GR","GT","HN","HK","HU","IS","IE","IT","LV","LT","LU","MY","MT","MX","NL","NZ","NI","NO","PA","PY","PE","PH","PL","PT","SG","SK","ES","SE","CH","TW","TR","UY","US","GB","AD","LI","MC","ID","JP","TH","VN","RO","IL","ZA","SA","AE","BH","QA","OM","KW","EG","MA","DZ","TN","LB","JO","PS","IN","KZ","MD","UA","AL","BA","HR","ME","MK","RS","SI","KR","BD","PK","LK","GH","KE","NG","TZ","UG","AG","AM","BS","BB","BZ","BT","BW","BF","CV","CW","DM","FJ","GM","GE","GD","GW","GY","HT","JM","KI","LS","LR","MW","MV","ML","MH","FM","NA","NR","NE","PW","PG","PR","WS","SM","ST","SN","SC","SL","SB","KN","LC","VC","SR","TL","TO","TT","TV","VU","AZ","BN","BI","KH","CM","TD","KM","GQ","SZ","GA","GN","KG","LA","MO","MR","MN","NP","RW","TG","UZ","ZW","BJ","MG","MU","MZ","AO","CI","DJ","ZM","CD","CG","IQ","LY","TJ","VE","ET","XK"],"disc_number":1,"duration_ms":142666,"explicit":true,"external_urls":{"spotify":"https://open.spotify.com/track/5Qf6xHXefiHfsTDZp04sdK"},"href":"https://api.spotify.com/v1/tracks/5Qf6xHXefiHfsTDZp04sdK","id":"5Qf6xHXefiHfsTDZp04sdK","name":"WHITE TEE","preview_url":null,"track_number":5,"type":"track","uri":"spotify:track:5Qf6xHXefiHfsTDZp04sdK","is_local":false},{"artists":[{"external_urls":{"spotify":"https://open.spotify.com/artist/14zUHaJZo1mnYtn6IBRaRP"},"href":"https://api.spotify.com/v1/artists/14zUHaJZo1mnYtn6IBRaRP","id":"14zUHaJZo1mnYtn6IBRaRP","name":"Justin Quiles","type":"artist","uri":"spotify:artist:14zUHaJZo1mnYtn6IBRaRP"}],"available_markets":["AR","AU","AT","BE","BO","BR","BG","CA","CL","CO","CR","CY","CZ","DK","DO","DE","EC","EE","SV","FI","FR","GR","GT","HN","HK","HU","IS","IE","IT","LV","LT","LU","MY","MT","MX","NL","NZ","NI","NO","PA","PY","PE","PH","PL","PT","SG","SK","ES","SE","CH","TW","TR","UY","US","GB","AD","LI","MC","ID","JP","TH","VN","RO","IL","ZA","SA","AE","BH","QA","OM","KW","EG","MA","DZ","TN","LB","JO","PS","IN","KZ","MD","UA","AL","BA","HR","ME","MK","RS","SI","KR","BD","PK","LK","GH","KE","NG","TZ","UG","AG","AM","BS","BB","BZ","BT","BW","BF","CV","CW","DM","FJ","GM","GE","GD","GW","GY","HT","JM","KI","LS","LR","MW","MV","ML","MH","FM","NA","NR","NE","PW","PG","PR","WS","SM","ST","SN","SC","SL","SB","KN","LC","VC","SR","TL","TO","TT","TV","VU","AZ","BN","BI","KH","CM","TD","KM","GQ","SZ","GA","GN","KG","LA","MO","MR","MN","NP","RW","TG","UZ","ZW","BJ","MG","MU","MZ","AO","CI","DJ","ZM","CD","CG","IQ","LY","TJ","VE","ET","XK"],"disc_number":1,"duration_ms":118956,"explicit":true,"external_urls":{"spotify":"https://open.spotify.com/track/5giosKrpoGDPqTbrVm5pLr"},"href":"https://api.spotify.com/v1/tracks/5giosKrpoGDPqTbrVm5pLr","id":"5giosKrpoGDPqTbrVm5pLr","name":"LIKE YOU","preview_url":null,"track_number":6,"type":"track","uri":"spotify:track:5giosKrpoGDPqTbrVm5pLr","is_local":false},{"artists":[{"external_urls":{"spotify":"https://open.spotify.com/artist/14zUHaJZo1mnYtn6IBRaRP"},"href":"https://api.spotify.com/v1/artists/14zUHaJZo1mnYtn6IBRaRP","id":"14zUHaJZo1mnYtn6IBRaRP","name":"Justin Quiles","type":"artist","uri":"spotify:artist:14zUHaJZo1mnYtn6IBRaRP"}],"available_markets":["AR","AU","AT","BE","BO","BR","BG","CA","CL","CO","CR","CY","CZ","DK","DO","DE","EC","EE","SV","FI","FR","GR","GT","HN","HK","HU","IS","IE","IT","LV","LT","LU","MY","MT","MX","NL","NZ","NI","NO","PA","PY","PE","PH","PL","PT","SG","SK","ES","SE","CH","TW","TR","UY","US","GB","AD","LI","MC","ID","JP","TH","VN","RO","IL","ZA","SA","AE","BH","QA","OM","KW","EG","MA","DZ","TN","LB","JO","PS","IN","KZ","MD","UA","AL","BA","HR","ME","MK","RS","SI","KR","BD","PK","LK","GH","KE","NG","TZ","UG","AG","AM","BS","BB","BZ","BT","BW","BF","CV","CW","DM","FJ","GM","GE","GD","GW","GY","HT","JM","KI","LS","LR","MW","MV","ML","MH","FM","NA","NR","NE","PW","PG","PR","WS","SM","ST","SN","SC","SL","SB","KN","LC","VC","SR","TL","TO","TT","TV","VU","AZ","BN","BI","KH","CM","TD","KM","GQ","SZ","GA","GN","KG","LA","MO","MR","MN","NP","RW","TG","UZ","ZW","BJ","MG","MU","MZ","AO","CI","DJ","ZM","CD","CG","IQ","LY","TJ","VE","ET","XK"],"disc_number":1,"duration_ms":136615,"explicit":true,"external_urls":{"spotify":"https://open.spotify.com/track/2A921k4SPpRUo7xUS9HQ8l"},"href":"https://api.spotify.com/v1/tracks/2A921k4SPpRUo7xUS9HQ8l","id":"2A921k4SPpRUo7xUS9HQ8l","name":"PLAY BOY","preview_url":null,"track_number":7,"type":"track","uri":"spotify:track:2A921k4SPpRUo7xUS9HQ8l","is_local":false},{"artists":[{"external_urls":{"spotify":"https://open.spotify.com/artist/14zUHaJZo1mnYtn6IBRaRP"},"href":"https://api.spotify.com/v1/artists/14zUHaJZo1mnYtn6IBRaRP","id":"14zUHaJZo1mnYtn6IBRaRP","name":"Justin Quiles","type":"artist","uri":"spotify:artist:14zUHaJZo1mnYtn6IBRaRP"}],"available_markets":["AR","AU","AT","BE","BO","BR","BG","CA","CL","CO","CR","CY","CZ","DK","DO","DE","EC","EE","SV","FI","FR","GR","GT","HN","HK","HU","IS","IE","IT","LV","LT","LU","MY","MT","MX","NL","NZ","NI","NO","PA","PY","PE","PH","PL","PT","SG","SK","ES","SE","CH","TW","TR","UY","US","GB","AD","LI","MC","ID","JP","TH","VN","RO","IL","ZA","SA","AE","BH","QA","OM","KW","EG","MA","DZ","TN","LB","JO","PS","IN","KZ","MD","UA","AL","BA","HR","ME","MK","RS","SI","KR","BD","PK","LK","GH","KE","NG","TZ","UG","AG","AM","BS","BB","BZ","BT","BW","BF","CV","CW","DM","FJ","GM","GE","GD","GW","GY","HT","JM","KI","LS","LR","MW","MV","ML","MH","FM","NA","NR","NE","PW","PG","PR","WS","SM","ST","SN","SC","SL","SB","KN","LC","VC","SR","TL","TO","TT","TV","VU","AZ","BN","BI","KH","CM","TD","KM","GQ","SZ","GA","GN","KG","LA","MO","MR","MN","NP","RW","TG","UZ","ZW","BJ","MG","MU","MZ","AO","CI","DJ","ZM","CD","CG","IQ","LY","TJ","VE","ET","XK"],"disc_number":1,"duration_ms":131320,"explicit":true,"external_urls":{"spotify":"https://open.spotify.com/track/4F5AT7bf7eI0uuVkUeQOTL"},"href":"https://api.spotify.com/v1/tracks/4F5AT7bf7eI0uuVkUeQOTL","id":"4F5AT7bf7eI0uuVkUeQOTL","name":"YA BEBÍ","preview_url":null,"track_number":8,"type":"track","uri":"spotify:track:4F5AT7bf7eI0uuVkUeQOTL","is_local":false},{"artists":[{"external_urls":{"spotify":"https://open.spotify.com/artist/14zUHaJZo1mnYtn6IBRaRP"},"href":"https://api.spotify.com/v1/artists/14zUHaJZo1mnYtn6IBRaRP","id":"14zUHaJZo1mnYtn6IBRaRP","name":"Justin Quiles","type":"artist","uri":"spotify:artist:14zUHaJZo1mnYtn6IBRaRP"}],"available_markets":["AR","AU","AT","BE","BO","BR","BG","CA","CL","CO","CR","CY","CZ","DK","DO","DE","EC","EE","SV","FI","FR","GR","GT","HN","HK","HU","IS","IE","IT","LV","LT","LU","MY","MT","MX","NL","NZ","NI","NO","PA","PY","PE","PH","PL","PT","SG","SK","ES","SE","CH","TW","TR","UY","US","GB","AD","LI","MC","ID","JP","TH","VN","RO","IL","ZA","SA","AE","BH","QA","OM","KW","EG","MA","DZ","TN","LB","JO","PS","IN","KZ","MD","UA","AL","BA","HR","ME","MK","RS","SI","KR","BD","PK","LK","GH","KE","NG","TZ","UG","AG","AM","BS","BB","BZ","BT","BW","BF","CV","CW","DM","FJ","GM","GE","GD","GW","GY","HT","JM","KI","LS","LR","MW","MV","ML","MH","FM","NA","NR","NE","PW","PG","PR","WS","SM","ST","SN","SC","SL","SB","KN","LC","VC","SR","TL","TO","TT","TV","VU","AZ","BN","BI","KH","CM","TD","KM","GQ","SZ","GA","GN","KG","LA","MO","MR","MN","NP","RW","TG","UZ","ZW","BJ","MG","MU","MZ","AO","CI","DJ","ZM","CD","CG","IQ","LY","TJ","VE","ET","XK"],"disc_number":1,"duration_ms":123200,"explicit":true,"external_urls":{"spotify":"https://open.spotify.com/track/2n4Tk9Xks0ya224A5eqPfH"},"href":"https://api.spotify.com/v1/tracks/2n4Tk9Xks0ya224A5eqPfH","id":"2n4Tk9Xks0ya224A5eqPfH","name":"SE PRESTA","preview_url":null,"track_number":9,"type":"track","uri":"spotify:track:2n4Tk9Xks0ya224A5eqPfH","is_local":false},{"artists":[{"external_urls":{"spotify":"https://open.spotify.com/artist/14zUHaJZo1mnYtn6IBRaRP"},"href":"https://api.spotify.com/v1/artists/14zUHaJZo1mnYtn6IBRaRP","id":"14zUHaJZo1mnYtn6IBRaRP","name":"Justin Quiles","type":"artist","uri":"spotify:artist:14zUHaJZo1mnYtn6IBRaRP"}],"available_markets":["AR","AU","AT","BE","BO","BR","BG","CA","CL","CO","CR","CY","CZ","DK","DO","DE","EC","EE","SV","FI","FR","GR","GT","HN","HK","HU","IS","IE","IT","LV","LT","LU","MY","MT","MX","NL","NZ","NI","NO","PA","PY","PE","PH","PL","PT","SG","SK","ES","SE","CH","TW","TR","UY","US","GB","AD","LI","MC","ID","JP","TH","VN","RO","IL","ZA","SA","AE","BH","QA","OM","KW","EG","MA","DZ","TN","LB","JO","PS","IN","KZ","MD","UA","AL","BA","HR","ME","MK","RS","SI","KR","BD","PK","LK","GH","KE","NG","TZ","UG","AG","AM","BS","BB","BZ","BT","BW","BF","CV","CW","DM","FJ","GM","GE","GD","GW","GY","HT","JM","KI","LS","LR","MW","MV","ML","MH","FM","NA","NR","NE","PW","PG","PR","WS","SM","ST","SN","SC","SL","SB","KN","LC","VC","SR","TL","TO","TT","TV","VU","AZ","BN","BI","KH","CM","TD","KM","GQ","SZ","GA","GN","KG","LA","MO","MR","MN","NP","RW","TG","UZ","ZW","BJ","MG","MU","MZ","AO","CI","DJ","ZM","CD","CG","IQ","LY","TJ","VE","ET","XK"],"disc_number":1,"duration_ms":120000,"explicit":true,"external_urls":{"spotify":"https://open.spotify.com/track/70OQcScSTSTVaVVAexErSy"},"href":"https://api.spotify.com/v1/tracks/70OQcScSTSTVaVVAexErSy","id":"70OQcScSTSTVaVVAexErSy","name":"MAREA","preview_url":null,"track_number":10,"type":"track","uri":"spotify:track:70OQcScSTSTVaVVAexErSy","is_local":false},{"artists":[{"external_urls":{"spotify":"https://open.spotify.com/artist/14zUHaJZo1mnYtn6IBRaRP"},"href":"https://api.spotify.com/v1/artists/14zUHaJZo1mnYtn6IBRaRP","id":"14zUHaJZo1mnYtn6IBRaRP","name":"Justin Quiles","type":"artist","uri":"spotify:artist:14zUHaJZo1mnYtn6IBRaRP"}],"available_markets":["AR","AU","AT","BE","BO","BR","BG","CA","CL","CO","CR","CY","CZ","DK","DO","DE","EC","EE","SV","FI","FR","GR","GT","HN","HK","HU","IS","IE","IT","LV","LT","LU","MY","MT","MX","NL","NZ","NI","NO","PA","PY","PE","PH","PL","PT","SG","SK","ES","SE","CH","TW","TR","UY","US","GB","AD","LI","MC","ID","JP","TH","VN","RO","IL","ZA","SA","AE","BH","QA","OM","KW","EG","MA","DZ","TN","LB","JO","PS","IN","KZ","MD","UA","AL","BA","HR","ME","MK","RS","SI","KR","BD","PK","LK","GH","KE","NG","TZ","UG","AG","AM","BS","BB","BZ","BT","BW","BF","CV","CW","DM","FJ","GM","GE","GD","GW","GY","HT","JM","KI","LS","LR","MW","MV","ML","MH","FM","NA","NR","NE","PW","PG","PR","WS","SM","ST","SN","SC","SL","SB","KN","LC","VC","SR","TL","TO","TT","TV","VU","AZ","BN","BI","KH","CM","TD","KM","GQ","SZ","GA","GN","KG","LA","MO","MR","MN","NP","RW","TG","UZ","ZW","BJ","MG","MU","MZ","AO","CI","DJ","ZM","CD","CG","IQ","LY","TJ","VE","ET","XK"],"disc_number":1,"duration_ms":193170,"explicit":true,"external_urls":{"spotify":"https://open.spotify.com/track/0bwFVqqHdlrxTMv8XFnSBF"},"href":"https://api.spotify.com/v1/tracks/0bwFVqqHdlrxTMv8XFnSBF","id":"0bwFVqqHdlrxTMv8XFnSBF","name":"DIAMANTE","preview_url":null,"track_number":11,"type":"track","uri":"spotify:track:0bwFVqqHdlrxTMv8XFnSBF","is_local":false}]},"copyrights":[{"text":"© 2024 Warner Music Latina","type":"C"},{"text":"℗ 2024 Warner Music Latina","type":"P"}],"external_ids":{"upc":"5021732431523"},"genres":[],"label":"WEA Latina","popularity":45},null]}
classpath:api/spotify/Spotify/Get-Albums.feature:65 ==> expected: <0> but was: <1>
	at org.junit.jupiter.api.AssertionFailureBuilder.build(AssertionFailureBuilder.java:151)
	at org.junit.jupiter.api.AssertionFailureBuilder.buildAndThrow(AssertionFailureBuilder.java:132)
	at org.junit.jupiter.api.AssertEquals.failNotEqual(AssertEquals.java:197)
	at org.junit.jupiter.api.AssertEquals.assertEquals(AssertEquals.java:150)
	at org.junit.jupiter.api.Assertions.assertEquals(Assertions.java:563)
	at api.spotify.ExamplesTest.testParallel(apiSpotifyRunner.java:14)
	at java.base/java.lang.reflect.Method.invoke(Method.java:568)
	at java.base/java.util.ArrayList.forEach(ArrayList.java:1511)
	at java.base/java.util.ArrayList.forEach(ArrayList.java:1511)
]]></failure>
    <system-out><![CDATA[12:05:55.610 [main] DEBUG com.intuit.karate.Suite - [config] classpath:karate-config.js
12:05:55.626 [main] DEBUG com.intuit.karate.Suite - waiting for 3 features to complete
12:05:57.485 [pool-2-thread-4] INFO  com.intuit.karate - karate.env system property was: null 
12:05:57.486 [pool-2-thread-2] INFO  com.intuit.karate - karate.env system property was: null 
12:05:57.486 [pool-2-thread-1] INFO  com.intuit.karate - karate.env system property was: null 
12:05:57.486 [pool-2-thread-5] INFO  com.intuit.karate - karate.env system property was: null 
12:05:57.486 [pool-2-thread-3] INFO  com.intuit.karate - karate.env system property was: null 
12:05:58.198 [pool-2-thread-4] DEBUG com.intuit.karate - request:
1 > POST https://accounts.spotify.com/api/token
1 > Content-Type: application/x-www-form-urlencoded
1 > Content-Length: 119
1 > Host: accounts.spotify.com
1 > Connection: Keep-Alive
1 > User-Agent: Apache-HttpClient/4.5.14 (Java/17.0.12)
1 > Accept-Encoding: gzip,deflate
grant_type=client_credentials&client_id=1bc9a0fdadf44d09a9176bdcc7555a59&client_secret=5285c3a6fd1b4d96ba0946cb7fbb4d86

12:05:58.198 [pool-2-thread-1] DEBUG com.intuit.karate - request:
1 > POST https://accounts.spotify.com/api/token
1 > Content-Type: application/x-www-form-urlencoded
1 > Content-Length: 119
1 > Host: accounts.spotify.com
1 > Connection: Keep-Alive
1 > User-Agent: Apache-HttpClient/4.5.14 (Java/17.0.12)
1 > Accept-Encoding: gzip,deflate
grant_type=client_credentials&client_id=1bc9a0fdadf44d09a9176bdcc7555a59&client_secret=5285c3a6fd1b4d96ba0946cb7fbb4d86

12:05:58.198 [pool-2-thread-3] DEBUG com.intuit.karate - request:
1 > POST https://accounts.spotify.com/api/token
1 > Content-Type: application/x-www-form-urlencoded
1 > Content-Length: 119
1 > Host: accounts.spotify.com
1 > Connection: Keep-Alive
1 > User-Agent: Apache-HttpClient/4.5.14 (Java/17.0.12)
1 > Accept-Encoding: gzip,deflate
grant_type=client_credentials&client_id=1bc9a0fdadf44d09a9176bdcc7555a59&client_secret=5285c3a6fd1b4d96ba0946cb7fbb4d86

12:05:58.198 [pool-2-thread-2] DEBUG com.intuit.karate - request:
1 > POST https://accounts.spotify.com/api/token
1 > Content-Type: application/x-www-form-urlencoded
1 > Content-Length: 119
1 > Host: accounts.spotify.com
1 > Connection: Keep-Alive
1 > User-Agent: Apache-HttpClient/4.5.14 (Java/17.0.12)
1 > Accept-Encoding: gzip,deflate
grant_type=client_credentials&client_id=1bc9a0fdadf44d09a9176bdcc7555a59&client_secret=5285c3a6fd1b4d96ba0946cb7fbb4d86

12:05:58.198 [pool-2-thread-5] DEBUG com.intuit.karate - request:
1 > POST https://accounts.spotify.com/api/token
1 > Content-Type: application/x-www-form-urlencoded
1 > Content-Length: 119
1 > Host: accounts.spotify.com
1 > Connection: Keep-Alive
1 > User-Agent: Apache-HttpClient/4.5.14 (Java/17.0.12)
1 > Accept-Encoding: gzip,deflate
grant_type=client_credentials&client_id=1bc9a0fdadf44d09a9176bdcc7555a59&client_secret=5285c3a6fd1b4d96ba0946cb7fbb4d86

12:05:58.636 [pool-2-thread-2] DEBUG com.intuit.karate - response time in milliseconds: 412
1 < 200
1 < date: Mon, 17 Mar 2025 17:05:59 GMT
1 < content-type: application/json
1 < x-request-id: cf6ba0e3-efc3-43c3-ac93-48cef9d61c82
1 < set-cookie: __Host-device_id=AQAKfgt_3jbqHs1nbJJBHVvj4N2DrX66Uhf3_PNRUXU7rHML3jvJ9KLUkL-JQpADNzUA9kgLKgLSE38qjtFhKbcOlete2YqkQGc;Version=1;Path=/;Max-Age=2147483647;Secure;HttpOnly;SameSite=Lax
1 < set-cookie: sp_tr=false;Version=1;Domain=accounts.spotify.com;Path=/;Secure;SameSite=Lax
1 < sp-trace-id: f4a3f4ee4291c426
1 < x-envoy-upstream-service-time: 10
1 < server: envoy
1 < strict-transport-security: max-age=31536000
1 < x-content-type-options: nosniff
1 < vary: Accept-Encoding
1 < Via: HTTP/2 edgeproxy, 1.1 google
1 < Alt-Svc: h3=":443"; ma=2592000,h3-29=":443"; ma=2592000
1 < Transfer-Encoding: chunked
1 < Set-Cookie: __Host-device_id=AQAKfgt_3jbqHs1nbJJBHVvj4N2DrX66Uhf3_PNRUXU7rHML3jvJ9KLUkL-JQpADNzUA9kgLKgLSE38qjtFhKbcOlete2YqkQGc;Version=1;Path=/;Max-Age=2147483647;Secure;HttpOnly;SameSite=Lax
1 < Set-Cookie: sp_tr=false;Version=1;Domain=accounts.spotify.com;Path=/;Secure;SameSite=Lax
{"access_token":"BQDi4Ym52jaHVNN82gGe7Ebp4cf8qwomIyzZ569PAotAkBeOwwyzsU80WAmliU6HnYAL8yr6KG4B9pJ4xOGQLX5PvcROM5uNgOIFSQCasHD1zFWaS2dzOvVlPYyrcW7xsCGy1ylBJ7U","token_type":"Bearer","expires_in":3600}

12:05:58.636 [pool-2-thread-5] DEBUG com.intuit.karate - response time in milliseconds: 412
1 < 200
1 < date: Mon, 17 Mar 2025 17:05:59 GMT
1 < content-type: application/json
1 < x-request-id: 98c9df5d-5fe7-43c8-9eb4-57c63fd828a9
1 < set-cookie: __Host-device_id=AQDVG_puCZPFQAmLqKD9qa-dWxABczrGht7Hm6C4asQwPdyNq1aI3yAdCuWPsgheoD6Wx6SEiUykndsa53Q_PZlID_K5-E4bYsI;Version=1;Path=/;Max-Age=2147483647;Secure;HttpOnly;SameSite=Lax
1 < set-cookie: sp_tr=false;Version=1;Domain=accounts.spotify.com;Path=/;Secure;SameSite=Lax
1 < sp-trace-id: 429baf508467935f
1 < x-envoy-upstream-service-time: 5
1 < server: envoy
1 < strict-transport-security: max-age=31536000
1 < x-content-type-options: nosniff
1 < vary: Accept-Encoding
1 < Via: HTTP/2 edgeproxy, 1.1 google
1 < Alt-Svc: h3=":443"; ma=2592000,h3-29=":443"; ma=2592000
1 < Transfer-Encoding: chunked
1 < Set-Cookie: __Host-device_id=AQDVG_puCZPFQAmLqKD9qa-dWxABczrGht7Hm6C4asQwPdyNq1aI3yAdCuWPsgheoD6Wx6SEiUykndsa53Q_PZlID_K5-E4bYsI;Version=1;Path=/;Max-Age=2147483647;Secure;HttpOnly;SameSite=Lax
1 < Set-Cookie: sp_tr=false;Version=1;Domain=accounts.spotify.com;Path=/;Secure;SameSite=Lax
{"access_token":"BQD_NIjzHq9AsgLWHLi7q7ucTB9wr3gJIPt_ksHbsIddyLcOlNBF2oqQqTE78qDtuoXxVCYBqRkXemYYnslsZTPiZSjrwcIvCw4Yu3qH_nrZ86Zn1aE_VypghFJigX7QlfmP2pJF_lE","token_type":"Bearer","expires_in":3600}

12:05:58.636 [pool-2-thread-3] DEBUG com.intuit.karate - response time in milliseconds: 412
1 < 200
1 < date: Mon, 17 Mar 2025 17:05:59 GMT
1 < content-type: application/json
1 < x-request-id: bb52a924-c237-4a42-b459-d05e866137b4
1 < set-cookie: __Host-device_id=AQDEEUHaNLRvQvYyLiSnXtAbYXiWuXYZo_4Vv-bG3mfbCBjMSeGMYLWSWxd9DgYLoxXiMH_ahoqpXzFUWpDfOq5rnUlPBSdHgyM;Version=1;Path=/;Max-Age=2147483647;Secure;HttpOnly;SameSite=Lax
1 < set-cookie: sp_tr=false;Version=1;Domain=accounts.spotify.com;Path=/;Secure;SameSite=Lax
1 < sp-trace-id: 131c1b84072d78cc
1 < x-envoy-upstream-service-time: 10
1 < server: envoy
1 < strict-transport-security: max-age=31536000
1 < x-content-type-options: nosniff
1 < vary: Accept-Encoding
1 < Via: HTTP/2 edgeproxy, 1.1 google
1 < Alt-Svc: h3=":443"; ma=2592000,h3-29=":443"; ma=2592000
1 < Transfer-Encoding: chunked
1 < Set-Cookie: __Host-device_id=AQDEEUHaNLRvQvYyLiSnXtAbYXiWuXYZo_4Vv-bG3mfbCBjMSeGMYLWSWxd9DgYLoxXiMH_ahoqpXzFUWpDfOq5rnUlPBSdHgyM;Version=1;Path=/;Max-Age=2147483647;Secure;HttpOnly;SameSite=Lax
1 < Set-Cookie: sp_tr=false;Version=1;Domain=accounts.spotify.com;Path=/;Secure;SameSite=Lax
{"access_token":"BQCuecyYTvkscFf76UaFPiu-R0jhrBlyI40pD_tm3BkezVjHm4P0HzSHlc4mFKUspuQ0KTNC9XVgDyTmY29sbfVnu9H6fG3_K0ysYrZyF9Gk9zipAFnNf6JH_oGQV7rkt23ovj_H1kc","token_type":"Bearer","expires_in":3600}

12:05:58.636 [pool-2-thread-1] DEBUG com.intuit.karate - response time in milliseconds: 412
1 < 200
1 < date: Mon, 17 Mar 2025 17:05:59 GMT
1 < content-type: application/json
1 < x-request-id: 18a23af6-97a9-4c33-9e11-e2d627ce01c4
1 < set-cookie: __Host-device_id=AQAwl8pco0enHNH0ds8y9x1YjUoVk2JpugxJDVOyARXmw7jgBDmV7q56O-fY-Pv4E5Oyw3dUpUD7rXnTMVcgU7vF0dlICV6hvxE;Version=1;Path=/;Max-Age=2147483647;Secure;HttpOnly;SameSite=Lax
1 < set-cookie: sp_tr=false;Version=1;Domain=accounts.spotify.com;Path=/;Secure;SameSite=Lax
1 < sp-trace-id: 895b3f2503e7ccf9
1 < x-envoy-upstream-service-time: 5
1 < server: envoy
1 < strict-transport-security: max-age=31536000
1 < x-content-type-options: nosniff
1 < vary: Accept-Encoding
1 < Via: HTTP/2 edgeproxy, 1.1 google
1 < Alt-Svc: h3=":443"; ma=2592000,h3-29=":443"; ma=2592000
1 < Transfer-Encoding: chunked
1 < Set-Cookie: __Host-device_id=AQAwl8pco0enHNH0ds8y9x1YjUoVk2JpugxJDVOyARXmw7jgBDmV7q56O-fY-Pv4E5Oyw3dUpUD7rXnTMVcgU7vF0dlICV6hvxE;Version=1;Path=/;Max-Age=2147483647;Secure;HttpOnly;SameSite=Lax
1 < Set-Cookie: sp_tr=false;Version=1;Domain=accounts.spotify.com;Path=/;Secure;SameSite=Lax
{"access_token":"BQC0DS_g7OzgwsxMuN2mkjAvY84-k785iNTPDwSzpqG3wtvDCqGjPZcKR4lgxGkRvl-rm1g9aRODBggOrKQeDy2XufbHcdXlCynwoi17rtGFbNSV8NOivLLGe8lij9I6KVBMZod8UKQ","token_type":"Bearer","expires_in":3600}

12:05:58.659 [pool-2-thread-1] INFO  com.intuit.karate - [print] access_token BQC0DS_g7OzgwsxMuN2mkjAvY84-k785iNTPDwSzpqG3wtvDCqGjPZcKR4lgxGkRvl-rm1g9aRODBggOrKQeDy2XufbHcdXlCynwoi17rtGFbNSV8NOivLLGe8lij9I6KVBMZod8UKQ 
12:05:58.659 [pool-2-thread-3] INFO  com.intuit.karate - [print] access_token BQCuecyYTvkscFf76UaFPiu-R0jhrBlyI40pD_tm3BkezVjHm4P0HzSHlc4mFKUspuQ0KTNC9XVgDyTmY29sbfVnu9H6fG3_K0ysYrZyF9Gk9zipAFnNf6JH_oGQV7rkt23ovj_H1kc 
12:05:58.659 [pool-2-thread-2] INFO  com.intuit.karate - [print] access_token BQDi4Ym52jaHVNN82gGe7Ebp4cf8qwomIyzZ569PAotAkBeOwwyzsU80WAmliU6HnYAL8yr6KG4B9pJ4xOGQLX5PvcROM5uNgOIFSQCasHD1zFWaS2dzOvVlPYyrcW7xsCGy1ylBJ7U 
12:05:58.659 [pool-2-thread-5] INFO  com.intuit.karate - [print] access_token BQD_NIjzHq9AsgLWHLi7q7ucTB9wr3gJIPt_ksHbsIddyLcOlNBF2oqQqTE78qDtuoXxVCYBqRkXemYYnslsZTPiZSjrwcIvCw4Yu3qH_nrZ86Zn1aE_VypghFJigX7QlfmP2pJF_lE 
12:05:58.687 [pool-2-thread-5] DEBUG com.intuit.karate - request:
1 > GET https://api.spotify.com/v1/albums
1 > Authorization: Bearer BQD_NIjzHq9AsgLWHLi7q7ucTB9wr3gJIPt_ksHbsIddyLcOlNBF2oqQqTE78qDtuoXxVCYBqRkXemYYnslsZTPiZSjrwcIvCw4Yu3qH_nrZ86Zn1aE_VypghFJigX7QlfmP2pJF_lE
1 > Host: api.spotify.com
1 > Connection: Keep-Alive
1 > User-Agent: Apache-HttpClient/4.5.14 (Java/17.0.12)
1 > Accept-Encoding: gzip,deflate


12:05:58.688 [pool-2-thread-1] DEBUG com.intuit.karate - request:
1 > GET https://api.spotify.com/v1/albums/2YeKV1ibuIz9JhF9Yg89w4
1 > Authorization: Bearer BQC0DS_g7OzgwsxMuN2mkjAvY84-k785iNTPDwSzpqG3wtvDCqGjPZcKR4lgxGkRvl-rm1g9aRODBggOrKQeDy2XufbHcdXlCynwoi17rtGFbNSV8NOivLLGe8lij9I6KVBMZod8UKQ
1 > Host: api.spotify.com
1 > Connection: Keep-Alive
1 > User-Agent: Apache-HttpClient/4.5.14 (Java/17.0.12)
1 > Accept-Encoding: gzip,deflate


12:05:58.692 [pool-2-thread-3] DEBUG com.intuit.karate - request:
1 > GET https://api.spotify.com/v1/albums/2YeKV1ibuIz9JhF9Yg89w4?market=ES
1 > Authorization: Bearer BQCuecyYTvkscFf76UaFPiu-R0jhrBlyI40pD_tm3BkezVjHm4P0HzSHlc4mFKUspuQ0KTNC9XVgDyTmY29sbfVnu9H6fG3_K0ysYrZyF9Gk9zipAFnNf6JH_oGQV7rkt23ovj_H1kc
1 > Host: api.spotify.com
1 > Connection: Keep-Alive
1 > User-Agent: Apache-HttpClient/4.5.14 (Java/17.0.12)
1 > Accept-Encoding: gzip,deflate


12:05:58.692 [pool-2-thread-2] DEBUG com.intuit.karate - request:
1 > GET https://api.spotify.com/v1/albums/2YeKV1ibuIz9JhF9Yg89w4?market=CO
1 > Authorization: Bearer BQDi4Ym52jaHVNN82gGe7Ebp4cf8qwomIyzZ569PAotAkBeOwwyzsU80WAmliU6HnYAL8yr6KG4B9pJ4xOGQLX5PvcROM5uNgOIFSQCasHD1zFWaS2dzOvVlPYyrcW7xsCGy1ylBJ7U
1 > Host: api.spotify.com
1 > Connection: Keep-Alive
1 > User-Agent: Apache-HttpClient/4.5.14 (Java/17.0.12)
1 > Accept-Encoding: gzip,deflate


12:05:58.768 [pool-2-thread-4] DEBUG com.intuit.karate - response time in milliseconds: 548
1 < 200
1 < date: Mon, 17 Mar 2025 17:05:59 GMT
1 < content-type: application/json
1 < x-request-id: 04197702-1f15-458f-92ca-e091a31fcea4
1 < set-cookie: __Host-device_id=AQBCztDlDSycnR1nvJKj13zK6OEhU2DlThdQEGxW2yZkUuYUAhqtC5mtNTy0_ij_1Q4b2zb2dMa3PAyDsOV-VT0LBWvdUBWo_aA;Version=1;Path=/;Max-Age=2147483647;Secure;HttpOnly;SameSite=Lax
1 < set-cookie: sp_tr=false;Version=1;Domain=accounts.spotify.com;Path=/;Secure;SameSite=Lax
1 < sp-trace-id: f85c309a7a2728a7
1 < x-envoy-upstream-service-time: 7
1 < server: envoy
1 < strict-transport-security: max-age=31536000
1 < x-content-type-options: nosniff
1 < vary: Accept-Encoding
1 < Via: HTTP/2 edgeproxy, 1.1 google
1 < Alt-Svc: h3=":443"; ma=2592000,h3-29=":443"; ma=2592000
1 < Transfer-Encoding: chunked
1 < Set-Cookie: __Host-device_id=AQBCztDlDSycnR1nvJKj13zK6OEhU2DlThdQEGxW2yZkUuYUAhqtC5mtNTy0_ij_1Q4b2zb2dMa3PAyDsOV-VT0LBWvdUBWo_aA;Version=1;Path=/;Max-Age=2147483647;Secure;HttpOnly;SameSite=Lax
1 < Set-Cookie: sp_tr=false;Version=1;Domain=accounts.spotify.com;Path=/;Secure;SameSite=Lax
{"access_token":"BQDjMWeSCramb4HFhlnG2oFcess_jMGP1v2YNopa-QunJlFcEHoN83tubg7XM6WowltNJVNy6qRcee9-R5laLtL_SHHWP-tEOTp__eyGj2lab5bfw2wFf5VAnrcei4nGuhEMrfYwads","token_type":"Bearer","expires_in":3600}

12:05:58.775 [pool-2-thread-4] INFO  com.intuit.karate - [print] access_token BQDjMWeSCramb4HFhlnG2oFcess_jMGP1v2YNopa-QunJlFcEHoN83tubg7XM6WowltNJVNy6qRcee9-R5laLtL_SHHWP-tEOTp__eyGj2lab5bfw2wFf5VAnrcei4nGuhEMrfYwads 
12:05:58.796 [pool-2-thread-4] DEBUG com.intuit.karate - request:
1 > GET https://api.spotify.com/v1/albums/2YeKV1ibuIz9JhF9Yg89w4,7kFyd5oyJdVX2pIi6P4iHE
1 > Authorization: Bearer BQDjMWeSCramb4HFhlnG2oFcess_jMGP1v2YNopa-QunJlFcEHoN83tubg7XM6WowltNJVNy6qRcee9-R5laLtL_SHHWP-tEOTp__eyGj2lab5bfw2wFf5VAnrcei4nGuhEMrfYwads
1 > Host: api.spotify.com
1 > Connection: Keep-Alive
1 > User-Agent: Apache-HttpClient/4.5.14 (Java/17.0.12)
1 > Accept-Encoding: gzip,deflate


12:05:58.873 [pool-2-thread-5] DEBUG com.intuit.karate - response time in milliseconds: 173
1 < 400
1 < content-type: application/json; charset=utf-8
1 < cache-control: private, max-age=0
1 < access-control-allow-origin: *
1 < access-control-allow-headers: Accept, App-Platform, Authorization, Content-Type, Origin, Retry-After, Spotify-App-Version, X-Cloud-Trace-Context, client-token, content-access-token
1 < access-control-allow-methods: GET, POST, OPTIONS, PUT, DELETE, PATCH
1 < access-control-allow-credentials: true
1 < access-control-max-age: 604800
1 < strict-transport-security: max-age=31536000
1 < x-content-type-options: nosniff
1 < date: Mon, 17 Mar 2025 17:05:59 GMT
1 < server: envoy
1 < Via: HTTP/2 edgeproxy, 1.1 google
1 < Alt-Svc: h3=":443"; ma=2592000,h3-29=":443"; ma=2592000
1 < Transfer-Encoding: chunked
{"error": {"status": 400, "message": "Missing required field: ids" } }

12:05:58.888 [pool-2-thread-5] INFO  com.intuit.karate - karate.env system property was: null 
12:05:58.908 [pool-2-thread-5] DEBUG com.intuit.karate - request:
1 > POST https://accounts.spotify.com/api/token
1 > Content-Type: application/x-www-form-urlencoded
1 > Content-Length: 119
1 > Host: accounts.spotify.com
1 > Connection: Keep-Alive
1 > User-Agent: Apache-HttpClient/4.5.14 (Java/17.0.12)
1 > Accept-Encoding: gzip,deflate
grant_type=client_credentials&client_id=1bc9a0fdadf44d09a9176bdcc7555a59&client_secret=5285c3a6fd1b4d96ba0946cb7fbb4d86

12:05:58.915 [pool-2-thread-1] DEBUG com.intuit.karate - response time in milliseconds: 210
1 < 200
1 < content-type: application/json; charset=utf-8
1 < cache-control: public, max-age=0
1 < etag: "MC-ImFlNzU0MzlkZGY4ZWY5N2M5OTY5NGI0NDdiMGY1OGNkIg=="
1 < x-robots-tag: noindex, nofollow
1 < access-control-allow-origin: *
1 < access-control-allow-headers: Accept, App-Platform, Authorization, Content-Type, Origin, Retry-After, Spotify-App-Version, X-Cloud-Trace-Context, client-token, content-access-token
1 < access-control-allow-methods: GET, POST, OPTIONS, PUT, DELETE, PATCH
1 < access-control-allow-credentials: true
1 < access-control-max-age: 604800
1 < strict-transport-security: max-age=31536000
1 < x-content-type-options: nosniff
1 < date: Mon, 17 Mar 2025 17:05:59 GMT
1 < server: envoy
1 < Via: HTTP/2 edgeproxy, 1.1 google
1 < Alt-Svc: h3=":443"; ma=2592000,h3-29=":443"; ma=2592000
1 < Transfer-Encoding: chunked
{"album_type":"album","total_tracks":10,"available_markets":["AR","AU","AT","BE","BO","BR","BG","CA","CL","CO","CR","CY","CZ","DK","DO","DE","EC","EE","SV","FI","FR","GR","GT","HN","HK","HU","IS","IE","IT","LV","LT","LU","MY","MT","MX","NL","NZ","NI","NO","PA","PY","PE","PH","PL","PT","SG","SK","ES","SE","CH","TW","TR","UY","US","GB","AD","LI","MC","ID","JP","TH","VN","RO","IL","ZA","SA","AE","BH","QA","OM","KW","EG","MA","DZ","TN","LB","JO","PS","IN","KZ","MD","UA","AL","BA","HR","ME","MK","RS","SI","KR","BD","PK","LK","GH","KE","NG","TZ","UG","AG","AM","BS","BB","BZ","BT","BW","BF","CV","CW","DM","FJ","GM","GE","GD","GW","GY","HT","JM","KI","LS","LR","MW","MV","ML","MH","FM","NA","NR","NE","PW","PG","PR","WS","SM","ST","SN","SC","SL","SB","KN","LC","VC","SR","TL","TO","TT","TV","VU","AZ","BN","BI","KH","CM","TD","KM","GQ","SZ","GA","GN","KG","LA","MO","MR","MN","NP","RW","TG","UZ","ZW","BJ","MG","MU","MZ","AO","CI","DJ","ZM","CD","CG","IQ","LY","TJ","VE","ET","XK"],"external_urls":{"spotify":"https://open.spotify.com/album/2YeKV1ibuIz9JhF9Yg89w4"},"href":"https://api.spotify.com/v1/albums/2YeKV1ibuIz9JhF9Yg89w4","id":"2YeKV1ibuIz9JhF9Yg89w4","images":[{"url":"https://i.scdn.co/image/ab67616d0000b273b9f027d058291e71c7f3c578","height":640,"width":640},{"url":"https://i.scdn.co/image/ab67616d00001e02b9f027d058291e71c7f3c578","height":300,"width":300},{"url":"https://i.scdn.co/image/ab67616d00004851b9f027d058291e71c7f3c578","height":64,"width":64}],"name":"AZAROSOG","release_date":"2024-12-05","release_date_precision":"day","type":"album","uri":"spotify:album:2YeKV1ibuIz9JhF9Yg89w4","artists":[{"external_urls":{"spotify":"https://open.spotify.com/artist/18dspUI6gqabm5XCC2RcUD"},"href":"https://api.spotify.com/v1/artists/18dspUI6gqabm5XCC2RcUD","id":"18dspUI6gqabm5XCC2RcUD","name":"SOG","type":"artist","uri":"spotify:artist:18dspUI6gqabm5XCC2RcUD"}],"tracks":{"href":"https://api.spotify.com/v1/albums/2YeKV1ibuIz9JhF9Yg89w4/tracks?offset=0&limit=50","limit":50,"next":null,"offset":0,"previous":null,"total":10,"items":[{"artists":[{"external_urls":{"spotify":"https://open.spotify.com/artist/18dspUI6gqabm5XCC2RcUD"},"href":"https://api.spotify.com/v1/artists/18dspUI6gqabm5XCC2RcUD","id":"18dspUI6gqabm5XCC2RcUD","name":"SOG","type":"artist","uri":"spotify:artist:18dspUI6gqabm5XCC2RcUD"},{"external_urls":{"spotify":"https://open.spotify.com/artist/4bw2Am3p9ji3mYsXNXtQcd"},"href":"https://api.spotify.com/v1/artists/4bw2Am3p9ji3mYsXNXtQcd","id":"4bw2Am3p9ji3mYsXNXtQcd","name":"Piso 21","type":"artist","uri":"spotify:artist:4bw2Am3p9ji3mYsXNXtQcd"}],"available_markets":["AR","AU","AT","BE","BO","BR","BG","CA","CL","CO","CR","CY","CZ","DK","DO","DE","EC","EE","SV","FI","FR","GR","GT","HN","HK","HU","IS","IE","IT","LV","LT","LU","MY","MT","MX","NL","NZ","NI","NO","PA","PY","PE","PH","PL","PT","SG","SK","ES","SE","CH","TW","TR","UY","US","GB","AD","LI","MC","ID","JP","TH","VN","RO","IL","ZA","SA","AE","BH","QA","OM","KW","EG","MA","DZ","TN","LB","JO","PS","IN","KZ","MD","UA","AL","BA","HR","ME","MK","RS","SI","KR","BD","PK","LK","GH","KE","NG","TZ","UG","AG","AM","BS","BB","BZ","BT","BW","BF","CV","CW","DM","FJ","GM","GE","GD","GW","GY","HT","JM","KI","LS","LR","MW","MV","ML","MH","FM","NA","NR","NE","PW","PG","PR","WS","SM","ST","SN","SC","SL","SB","KN","LC","VC","SR","TL","TO","TT","TV","VU","AZ","BN","BI","KH","CM","TD","KM","GQ","SZ","GA","GN","KG","LA","MO","MR","MN","NP","RW","TG","UZ","ZW","BJ","MG","MU","MZ","AO","CI","DJ","ZM","CD","CG","IQ","LY","TJ","VE","ET","XK"],"disc_number":1,"duration_ms":199354,"explicit":false,"external_urls":{"spotify":"https://open.spotify.com/track/5HJ3pxkmRSnDvqPgT8ZgG3"},"href":"https://api.spotify.com/v1/tracks/5HJ3pxkmRSnDvqPgT8ZgG3","id":"5HJ3pxkmRSnDvqPgT8ZgG3","name":"Gané Cuando Te Perdí","preview_url":null,"track_number":1,"type":"track","uri":"spotify:track:5HJ3pxkmRSnDvqPgT8ZgG3","is_local":false},{"artists":[{"external_urls":{"spotify":"https://open.spotify.com/artist/18dspUI6gqabm5XCC2RcUD"},"href":"https://api.spotify.com/v1/artists/18dspUI6gqabm5XCC2RcUD","id":"18dspUI6gqabm5XCC2RcUD","name":"SOG","type":"artist","uri":"spotify:artist:18dspUI6gqabm5XCC2RcUD"},{"external_urls":{"spotify":"https://open.spotify.com/artist/5IYRfypwG9BDDh5ZRPI80z"},"href":"https://api.spotify.com/v1/artists/5IYRfypwG9BDDh5ZRPI80z","id":"5IYRfypwG9BDDh5ZRPI80z","name":"Totoy El Frio","type":"artist","uri":"spotify:artist:5IYRfypwG9BDDh5ZRPI80z"},{"external_urls":{"spotify":"https://open.spotify.com/artist/7DXregrznS25AM30UY9sUU"},"href":"https://api.spotify.com/v1/artists/7DXregrznS25AM30UY9sUU","id":"7DXregrznS25AM30UY9sUU","name":"King Savagge","type":"artist","uri":"spotify:artist:7DXregrznS25AM30UY9sUU"}],"available_markets":["AR","AU","AT","BE","BO","BR","BG","CA","CL","CO","CR","CY","CZ","DK","DO","DE","EC","EE","SV","FI","FR","GR","GT","HN","HK","HU","IS","IE","IT","LV","LT","LU","MY","MT","MX","NL","NZ","NI","NO","PA","PY","PE","PH","PL","PT","SG","SK","ES","SE","CH","TW","TR","UY","US","GB","AD","LI","MC","ID","JP","TH","VN","RO","IL","ZA","SA","AE","BH","QA","OM","KW","EG","MA","DZ","TN","LB","JO","PS","IN","KZ","MD","UA","AL","BA","HR","ME","MK","RS","SI","KR","BD","PK","LK","GH","KE","NG","TZ","UG","AG","AM","BS","BB","BZ","BT","BW","BF","CV","CW","DM","FJ","GM","GE","GD","GW","GY","HT","JM","KI","LS","LR","MW","MV","ML","MH","FM","NA","NR","NE","PW","PG","PR","WS","SM","ST","SN","SC","SL","SB","KN","LC","VC","SR","TL","TO","TT","TV","VU","AZ","BN","BI","KH","CM","TD","KM","GQ","SZ","GA","GN","KG","LA","MO","MR","MN","NP","RW","TG","UZ","ZW","BJ","MG","MU","MZ","AO","CI","DJ","ZM","CD","CG","IQ","LY","TJ","VE","ET","XK"],"disc_number":1,"duration_ms":202500,"explicit":true,"external_urls":{"spotify":"https://open.spotify.com/track/6DbrJIfX7SW0orI2htf0eB"},"href":"https://api.spotify.com/v1/tracks/6DbrJIfX7SW0orI2htf0eB","id":"6DbrJIfX7SW0orI2htf0eB","name":"En Hebreo","preview_url":null,"track_number":2,"type":"track","uri":"spotify:track:6DbrJIfX7SW0orI2htf0eB","is_local":false},{"artists":[{"external_urls":{"spotify":"https://open.spotify.com/artist/18dspUI6gqabm5XCC2RcUD"},"href":"https://api.spotify.com/v1/artists/18dspUI6gqabm5XCC2RcUD","id":"18dspUI6gqabm5XCC2RcUD","name":"SOG","type":"artist","uri":"spotify:artist:18dspUI6gqabm5XCC2RcUD"},{"external_urls":{"spotify":"https://open.spotify.com/artist/4NGOJedxkGWwkbB5QiSJd1"},"href":"https://api.spotify.com/v1/artists/4NGOJedxkGWwkbB5QiSJd1","id":"4NGOJedxkGWwkbB5QiSJd1","name":"Jhay P","type":"artist","uri":"spotify:artist:4NGOJedxkGWwkbB5QiSJd1"},{"external_urls":{"spotify":"https://open.spotify.com/artist/72JO7MqhlJuMCwkx4w8Afr"},"href":"https://api.spotify.com/v1/artists/72JO7MqhlJuMCwkx4w8Afr","id":"72JO7MqhlJuMCwkx4w8Afr","name":"Jey F","type":"artist","uri":"spotify:artist:72JO7MqhlJuMCwkx4w8Afr"}],"available_markets":["AR","AU","AT","BE","BO","BR","BG","CA","CL","CO","CR","CY","CZ","DK","DO","DE","EC","EE","SV","FI","FR","GR","GT","HN","HK","HU","IS","IE","IT","LV","LT","LU","MY","MT","MX","NL","NZ","NI","NO","PA","PY","PE","PH","PL","PT","SG","SK","ES","SE","CH","TW","TR","UY","US","GB","AD","LI","MC","ID","JP","TH","VN","RO","IL","ZA","SA","AE","BH","QA","OM","KW","EG","MA","DZ","TN","LB","JO","PS","IN","KZ","MD","UA","AL","BA","HR","ME","MK","RS","SI","KR","BD","PK","LK","GH","KE","NG","TZ","UG","AG","AM","BS","BB","BZ","BT","BW","BF","CV","CW","DM","FJ","GM","GE","GD","GW","GY","HT","JM","KI","LS","LR","MW","MV","ML","MH","FM","NA","NR","NE","PW","PG","PR","WS","SM","ST","SN","SC","SL","SB","KN","LC","VC","SR","TL","TO","TT","TV","VU","AZ","BN","BI","KH","CM","TD","KM","GQ","SZ","GA","GN","KG","LA","MO","MR","MN","NP","RW","TG","UZ","ZW","BJ","MG","MU","MZ","AO","CI","DJ","ZM","CD","CG","IQ","LY","TJ","VE","ET","XK"],"disc_number":1,"duration_ms":159183,"explicit":true,"external_urls":{"spotify":"https://open.spotify.com/track/7q9Z9sIQJjJzqwuBQIwbTL"},"href":"https://api.spotify.com/v1/tracks/7q9Z9sIQJjJzqwuBQIwbTL","id":"7q9Z9sIQJjJzqwuBQIwbTL","name":"Blones En La Boca","preview_url":null,"track_number":3,"type":"track","uri":"spotify:track:7q9Z9sIQJjJzqwuBQIwbTL","is_local":false},{"artists":[{"external_urls":{"spotify":"https://open.spotify.com/artist/18dspUI6gqabm5XCC2RcUD"},"href":"https://api.spotify.com/v1/artists/18dspUI6gqabm5XCC2RcUD","id":"18dspUI6gqabm5XCC2RcUD","name":"SOG","type":"artist","uri":"spotify:artist:18dspUI6gqabm5XCC2RcUD"},{"external_urls":{"spotify":"https://open.spotify.com/artist/1TtXnWcUs0FCkaZDPGYHdf"},"href":"https://api.spotify.com/v1/artists/1TtXnWcUs0FCkaZDPGYHdf","id":"1TtXnWcUs0FCkaZDPGYHdf","name":"Darell","type":"artist","uri":"spotify:artist:1TtXnWcUs0FCkaZDPGYHdf"}],"available_markets":["AR","AU","AT","BE","BO","BR","BG","CA","CL","CO","CR","CY","CZ","DK","DO","DE","EC","EE","SV","FI","FR","GR","GT","HN","HK","HU","IS","IE","IT","LV","LT","LU","MY","MT","MX","NL","NZ","NI","NO","PA","PY","PE","PH","PL","PT","SG","SK","ES","SE","CH","TW","TR","UY","US","GB","AD","LI","MC","ID","JP","TH","VN","RO","IL","ZA","SA","AE","BH","QA","OM","KW","EG","MA","DZ","TN","LB","JO","PS","IN","KZ","MD","UA","AL","BA","HR","ME","MK","RS","SI","KR","BD","PK","LK","GH","KE","NG","TZ","UG","AG","AM","BS","BB","BZ","BT","BW","BF","CV","CW","DM","FJ","GM","GE","GD","GW","GY","HT","JM","KI","LS","LR","MW","MV","ML","MH","FM","NA","NR","NE","PW","PG","PR","WS","SM","ST","SN","SC","SL","SB","KN","LC","VC","SR","TL","TO","TT","TV","VU","AZ","BN","BI","KH","CM","TD","KM","GQ","SZ","GA","GN","KG","LA","MO","MR","MN","NP","RW","TG","UZ","ZW","BJ","MG","MU","MZ","AO","CI","DJ","ZM","CD","CG","IQ","LY","TJ","VE","ET","XK"],"disc_number":1,"duration_ms":218877,"explicit":true,"external_urls":{"spotify":"https://open.spotify.com/track/3yaxSH1bwc8N9ITC4RReyp"},"href":"https://api.spotify.com/v1/tracks/3yaxSH1bwc8N9ITC4RReyp","id":"3yaxSH1bwc8N9ITC4RReyp","name":"Cazador","preview_url":null,"track_number":4,"type":"track","uri":"spotify:track:3yaxSH1bwc8N9ITC4RReyp","is_local":false},{"artists":[{"external_urls":{"spotify":"https://open.spotify.com/artist/18dspUI6gqabm5XCC2RcUD"},"href":"https://api.spotify.com/v1/artists/18dspUI6gqabm5XCC2RcUD","id":"18dspUI6gqabm5XCC2RcUD","name":"SOG","type":"artist","uri":"spotify:artist:18dspUI6gqabm5XCC2RcUD"},{"external_urls":{"spotify":"https://open.spotify.com/artist/0dUyjgCyjfj5eMx6bX2TWf"},"href":"https://api.spotify.com/v1/artists/0dUyjgCyjfj5eMx6bX2TWf","id":"0dUyjgCyjfj5eMx6bX2TWf","name":"FMK","type":"artist","uri":"spotify:artist:0dUyjgCyjfj5eMx6bX2TWf"},{"external_urls":{"spotify":"https://open.spotify.com/artist/6ndLrsgT3MV5CNxIrW71fw"},"href":"https://api.spotify.com/v1/artists/6ndLrsgT3MV5CNxIrW71fw","id":"6ndLrsgT3MV5CNxIrW71fw","name":"DFZM","type":"artist","uri":"spotify:artist:6ndLrsgT3MV5CNxIrW71fw"}],"available_markets":["AR","AU","AT","BE","BO","BR","BG","CA","CL","CO","CR","CY","CZ","DK","DO","DE","EC","EE","SV","FI","FR","GR","GT","HN","HK","HU","IS","IE","IT","LV","LT","LU","MY","MT","MX","NL","NZ","NI","NO","PA","PY","PE","PH","PL","PT","SG","SK","ES","SE","CH","TW","TR","UY","US","GB","AD","LI","MC","ID","JP","TH","VN","RO","IL","ZA","SA","AE","BH","QA","OM","KW","EG","MA","DZ","TN","LB","JO","PS","IN","KZ","MD","UA","AL","BA","HR","ME","MK","RS","SI","KR","BD","PK","LK","GH","KE","NG","TZ","UG","AG","AM","BS","BB","BZ","BT","BW","BF","CV","CW","DM","FJ","GM","GE","GD","GW","GY","HT","JM","KI","LS","LR","MW","MV","ML","MH","FM","NA","NR","NE","PW","PG","PR","WS","SM","ST","SN","SC","SL","SB","KN","LC","VC","SR","TL","TO","TT","TV","VU","AZ","BN","BI","KH","CM","TD","KM","GQ","SZ","GA","GN","KG","LA","MO","MR","MN","NP","RW","TG","UZ","ZW","BJ","MG","MU","MZ","AO","CI","DJ","ZM","CD","CG","IQ","LY","TJ","VE","ET","XK"],"disc_number":1,"duration_ms":190515,"explicit":true,"external_urls":{"spotify":"https://open.spotify.com/track/0vRbONKymtBHMyKplGjNRn"},"href":"https://api.spotify.com/v1/tracks/0vRbONKymtBHMyKplGjNRn","id":"0vRbONKymtBHMyKplGjNRn","name":"IG","preview_url":null,"track_number":5,"type":"track","uri":"spotify:track:0vRbONKymtBHMyKplGjNRn","is_local":false},{"artists":[{"external_urls":{"spotify":"https://open.spotify.com/artist/18dspUI6gqabm5XCC2RcUD"},"href":"https://api.spotify.com/v1/artists/18dspUI6gqabm5XCC2RcUD","id":"18dspUI6gqabm5XCC2RcUD","name":"SOG","type":"artist","uri":"spotify:artist:18dspUI6gqabm5XCC2RcUD"},{"external_urls":{"spotify":"https://open.spotify.com/artist/2xmhyxkjpGNBeWXVMeVWHb"},"href":"https://api.spotify.com/v1/artists/2xmhyxkjpGNBeWXVMeVWHb","id":"2xmhyxkjpGNBeWXVMeVWHb","name":"Rayo & Toby","type":"artist","uri":"spotify:artist:2xmhyxkjpGNBeWXVMeVWHb"},{"external_urls":{"spotify":"https://open.spotify.com/artist/4MvQy0WYny2XpZdGzpxZzN"},"href":"https://api.spotify.com/v1/artists/4MvQy0WYny2XpZdGzpxZzN","id":"4MvQy0WYny2XpZdGzpxZzN","name":"Lion Fiah","type":"artist","uri":"spotify:artist:4MvQy0WYny2XpZdGzpxZzN"}],"available_markets":["AR","AU","AT","BE","BO","BR","BG","CA","CL","CO","CR","CY","CZ","DK","DO","DE","EC","EE","SV","FI","FR","GR","GT","HN","HK","HU","IS","IE","IT","LV","LT","LU","MY","MT","MX","NL","NZ","NI","NO","PA","PY","PE","PH","PL","PT","SG","SK","ES","SE","CH","TW","TR","UY","US","GB","AD","LI","MC","ID","JP","TH","VN","RO","IL","ZA","SA","AE","BH","QA","OM","KW","EG","MA","DZ","TN","LB","JO","PS","IN","KZ","MD","UA","AL","BA","HR","ME","MK","RS","SI","KR","BD","PK","LK","GH","KE","NG","TZ","UG","AG","AM","BS","BB","BZ","BT","BW","BF","CV","CW","DM","FJ","GM","GE","GD","GW","GY","HT","JM","KI","LS","LR","MW","MV","ML","MH","FM","NA","NR","NE","PW","PG","PR","WS","SM","ST","SN","SC","SL","SB","KN","LC","VC","SR","TL","TO","TT","TV","VU","AZ","BN","BI","KH","CM","TD","KM","GQ","SZ","GA","GN","KG","LA","MO","MR","MN","NP","RW","TG","UZ","ZW","BJ","MG","MU","MZ","AO","CI","DJ","ZM","CD","CG","IQ","LY","TJ","VE","ET","XK"],"disc_number":1,"duration_ms":157241,"explicit":true,"external_urls":{"spotify":"https://open.spotify.com/track/6pwDugz0rQdOakUf8KxOYj"},"href":"https://api.spotify.com/v1/tracks/6pwDugz0rQdOakUf8KxOYj","id":"6pwDugz0rQdOakUf8KxOYj","name":"Los Juguetes","preview_url":null,"track_number":6,"type":"track","uri":"spotify:track:6pwDugz0rQdOakUf8KxOYj","is_local":false},{"artists":[{"external_urls":{"spotify":"https://open.spotify.com/artist/18dspUI6gqabm5XCC2RcUD"},"href":"https://api.spotify.com/v1/artists/18dspUI6gqabm5XCC2RcUD","id":"18dspUI6gqabm5XCC2RcUD","name":"SOG","type":"artist","uri":"spotify:artist:18dspUI6gqabm5XCC2RcUD"},{"external_urls":{"spotify":"https://open.spotify.com/artist/5hdhHgpxyniooUiQVaPxQ0"},"href":"https://api.spotify.com/v1/artists/5hdhHgpxyniooUiQVaPxQ0","id":"5hdhHgpxyniooUiQVaPxQ0","name":"Nio Garcia","type":"artist","uri":"spotify:artist:5hdhHgpxyniooUiQVaPxQ0"}],"available_markets":["AR","AU","AT","BE","BO","BR","BG","CA","CL","CO","CR","CY","CZ","DK","DO","DE","EC","EE","SV","FI","FR","GR","GT","HN","HK","HU","IS","IE","IT","LV","LT","LU","MY","MT","MX","NL","NZ","NI","NO","PA","PY","PE","PH","PL","PT","SG","SK","ES","SE","CH","TW","TR","UY","US","GB","AD","LI","MC","ID","JP","TH","VN","RO","IL","ZA","SA","AE","BH","QA","OM","KW","EG","MA","DZ","TN","LB","JO","PS","IN","KZ","MD","UA","AL","BA","HR","ME","MK","RS","SI","KR","BD","PK","LK","GH","KE","NG","TZ","UG","AG","AM","BS","BB","BZ","BT","BW","BF","CV","CW","DM","FJ","GM","GE","GD","GW","GY","HT","JM","KI","LS","LR","MW","MV","ML","MH","FM","NA","NR","NE","PW","PG","PR","WS","SM","ST","SN","SC","SL","SB","KN","LC","VC","SR","TL","TO","TT","TV","VU","AZ","BN","BI","KH","CM","TD","KM","GQ","SZ","GA","GN","KG","LA","MO","MR","MN","NP","RW","TG","UZ","ZW","BJ","MG","MU","MZ","AO","CI","DJ","ZM","CD","CG","IQ","LY","TJ","VE","ET","XK"],"disc_number":1,"duration_ms":180618,"explicit":true,"external_urls":{"spotify":"https://open.spotify.com/track/4E49ghc58Yplm2jG1IlE3O"},"href":"https://api.spotify.com/v1/tracks/4E49ghc58Yplm2jG1IlE3O","id":"4E49ghc58Yplm2jG1IlE3O","name":"Te Conviene","preview_url":null,"track_number":7,"type":"track","uri":"spotify:track:4E49ghc58Yplm2jG1IlE3O","is_local":false},{"artists":[{"external_urls":{"spotify":"https://open.spotify.com/artist/18dspUI6gqabm5XCC2RcUD"},"href":"https://api.spotify.com/v1/artists/18dspUI6gqabm5XCC2RcUD","id":"18dspUI6gqabm5XCC2RcUD","name":"SOG","type":"artist","uri":"spotify:artist:18dspUI6gqabm5XCC2RcUD"},{"external_urls":{"spotify":"https://open.spotify.com/artist/4i2al9gevm5K5OlbjqzcJs"},"href":"https://api.spotify.com/v1/artists/4i2al9gevm5K5OlbjqzcJs","id":"4i2al9gevm5K5OlbjqzcJs","name":"Peipper","type":"artist","uri":"spotify:artist:4i2al9gevm5K5OlbjqzcJs"},{"external_urls":{"spotify":"https://open.spotify.com/artist/2IhhVEifV7ntdvp2YmMIzg"},"href":"https://api.spotify.com/v1/artists/2IhhVEifV7ntdvp2YmMIzg","id":"2IhhVEifV7ntdvp2YmMIzg","name":"Reboll333","type":"artist","uri":"spotify:artist:2IhhVEifV7ntdvp2YmMIzg"}],"available_markets":["AR","AU","AT","BE","BO","BR","BG","CA","CL","CO","CR","CY","CZ","DK","DO","DE","EC","EE","SV","FI","FR","GR","GT","HN","HK","HU","IS","IE","IT","LV","LT","LU","MY","MT","MX","NL","NZ","NI","NO","PA","PY","PE","PH","PL","PT","SG","SK","ES","SE","CH","TW","TR","UY","US","GB","AD","LI","MC","ID","JP","TH","VN","RO","IL","ZA","SA","AE","BH","QA","OM","KW","EG","MA","DZ","TN","LB","JO","PS","IN","KZ","MD","UA","AL","BA","HR","ME","MK","RS","SI","KR","BD","PK","LK","GH","KE","NG","TZ","UG","AG","AM","BS","BB","BZ","BT","BW","BF","CV","CW","DM","FJ","GM","GE","GD","GW","GY","HT","JM","KI","LS","LR","MW","MV","ML","MH","FM","NA","NR","NE","PW","PG","PR","WS","SM","ST","SN","SC","SL","SB","KN","LC","VC","SR","TL","TO","TT","TV","VU","AZ","BN","BI","KH","CM","TD","KM","GQ","SZ","GA","GN","KG","LA","MO","MR","MN","NP","RW","TG","UZ","ZW","BJ","MG","MU","MZ","AO","CI","DJ","ZM","CD","CG","IQ","LY","TJ","VE","ET","XK"],"disc_number":1,"duration_ms":214800,"explicit":true,"external_urls":{"spotify":"https://open.spotify.com/track/2feK2pdoTwA7a7Ojh2o5wM"},"href":"https://api.spotify.com/v1/tracks/2feK2pdoTwA7a7Ojh2o5wM","id":"2feK2pdoTwA7a7Ojh2o5wM","name":"Te Quise Tanto","preview_url":null,"track_number":8,"type":"track","uri":"spotify:track:2feK2pdoTwA7a7Ojh2o5wM","is_local":false},{"artists":[{"external_urls":{"spotify":"https://open.spotify.com/artist/18dspUI6gqabm5XCC2RcUD"},"href":"https://api.spotify.com/v1/artists/18dspUI6gqabm5XCC2RcUD","id":"18dspUI6gqabm5XCC2RcUD","name":"SOG","type":"artist","uri":"spotify:artist:18dspUI6gqabm5XCC2RcUD"},{"external_urls":{"spotify":"https://open.spotify.com/artist/1zo2ucFhzu58hKcniMpSQs"},"href":"https://api.spotify.com/v1/artists/1zo2ucFhzu58hKcniMpSQs","id":"1zo2ucFhzu58hKcniMpSQs","name":"Soley","type":"artist","uri":"spotify:artist:1zo2ucFhzu58hKcniMpSQs"},{"external_urls":{"spotify":"https://open.spotify.com/artist/680tleL97NcpJiib89V6UU"},"href":"https://api.spotify.com/v1/artists/680tleL97NcpJiib89V6UU","id":"680tleL97NcpJiib89V6UU","name":"Esteban Rojas","type":"artist","uri":"spotify:artist:680tleL97NcpJiib89V6UU"}],"available_markets":["AR","AU","AT","BE","BO","BR","BG","CA","CL","CO","CR","CY","CZ","DK","DO","DE","EC","EE","SV","FI","FR","GR","GT","HN","HK","HU","IS","IE","IT","LV","LT","LU","MY","MT","MX","NL","NZ","NI","NO","PA","PY","PE","PH","PL","PT","SG","SK","ES","SE","CH","TW","TR","UY","US","GB","AD","LI","MC","ID","JP","TH","VN","RO","IL","ZA","SA","AE","BH","QA","OM","KW","EG","MA","DZ","TN","LB","JO","PS","IN","KZ","MD","UA","AL","BA","HR","ME","MK","RS","SI","KR","BD","PK","LK","GH","KE","NG","TZ","UG","AG","AM","BS","BB","BZ","BT","BW","BF","CV","CW","DM","FJ","GM","GE","GD","GW","GY","HT","JM","KI","LS","LR","MW","MV","ML","MH","FM","NA","NR","NE","PW","PG","PR","WS","SM","ST","SN","SC","SL","SB","KN","LC","VC","SR","TL","TO","TT","TV","VU","AZ","BN","BI","KH","CM","TD","KM","GQ","SZ","GA","GN","KG","LA","MO","MR","MN","NP","RW","TG","UZ","ZW","BJ","MG","MU","MZ","AO","CI","DJ","ZM","CD","CG","IQ","LY","TJ","VE","ET","XK"],"disc_number":1,"duration_ms":194526,"explicit":true,"external_urls":{"spotify":"https://open.spotify.com/track/2BDCNX7uoYwdkVeWGX3F1A"},"href":"https://api.spotify.com/v1/tracks/2BDCNX7uoYwdkVeWGX3F1A","id":"2BDCNX7uoYwdkVeWGX3F1A","name":"Pa Que Te Duela","preview_url":null,"track_number":9,"type":"track","uri":"spotify:track:2BDCNX7uoYwdkVeWGX3F1A","is_local":false},{"artists":[{"external_urls":{"spotify":"https://open.spotify.com/artist/18dspUI6gqabm5XCC2RcUD"},"href":"https://api.spotify.com/v1/artists/18dspUI6gqabm5XCC2RcUD","id":"18dspUI6gqabm5XCC2RcUD","name":"SOG","type":"artist","uri":"spotify:artist:18dspUI6gqabm5XCC2RcUD"},{"external_urls":{"spotify":"https://open.spotify.com/artist/3Br3yFwx1NRBArrlOxbf87"},"href":"https://api.spotify.com/v1/artists/3Br3yFwx1NRBArrlOxbf87","id":"3Br3yFwx1NRBArrlOxbf87","name":"Yessie","type":"artist","uri":"spotify:artist:3Br3yFwx1NRBArrlOxbf87"},{"external_urls":{"spotify":"https://open.spotify.com/artist/7xVUa8mqwCgdu4mQn3geCY"},"href":"https://api.spotify.com/v1/artists/7xVUa8mqwCgdu4mQn3geCY","id":"7xVUa8mqwCgdu4mQn3geCY","name":"DIA","type":"artist","uri":"spotify:artist:7xVUa8mqwCgdu4mQn3geCY"}],"available_markets":["AR","AU","AT","BE","BO","BR","BG","CA","CL","CO","CR","CY","CZ","DK","DO","DE","EC","EE","SV","FI","FR","GR","GT","HN","HK","HU","IS","IE","IT","LV","LT","LU","MY","MT","MX","NL","NZ","NI","NO","PA","PY","PE","PH","PL","PT","SG","SK","ES","SE","CH","TW","TR","UY","US","GB","AD","LI","MC","ID","JP","TH","VN","RO","IL","ZA","SA","AE","BH","QA","OM","KW","EG","MA","DZ","TN","LB","JO","PS","IN","KZ","MD","UA","AL","BA","HR","ME","MK","RS","SI","KR","BD","PK","LK","GH","KE","NG","TZ","UG","AG","AM","BS","BB","BZ","BT","BW","BF","CV","CW","DM","FJ","GM","GE","GD","GW","GY","HT","JM","KI","LS","LR","MW","MV","ML","MH","FM","NA","NR","NE","PW","PG","PR","WS","SM","ST","SN","SC","SL","SB","KN","LC","VC","SR","TL","TO","TT","TV","VU","AZ","BN","BI","KH","CM","TD","KM","GQ","SZ","GA","GN","KG","LA","MO","MR","MN","NP","RW","TG","UZ","ZW","BJ","MG","MU","MZ","AO","CI","DJ","ZM","CD","CG","IQ","LY","TJ","VE","ET","XK"],"disc_number":1,"duration_ms":185816,"explicit":true,"external_urls":{"spotify":"https://open.spotify.com/track/50lahWbGXpraoaaq7l3kGN"},"href":"https://api.spotify.com/v1/tracks/50lahWbGXpraoaaq7l3kGN","id":"50lahWbGXpraoaaq7l3kGN","name":"Una Como Yo (feat. DIA)","preview_url":null,"track_number":10,"type":"track","uri":"spotify:track:50lahWbGXpraoaaq7l3kGN","is_local":false}]},"copyrights":[{"text":"© 2024 Warner Music México, S.A. de C.V.","type":"C"},{"text":"℗ 2024 Warner Music México, S.A. de C.V.","type":"P"}],"external_ids":{"upc":"5021732582034"},"genres":[],"label":"WM Mexico","popularity":31}

12:05:58.923 [pool-2-thread-3] DEBUG com.intuit.karate - response time in milliseconds: 211
1 < 200
1 < content-type: application/json; charset=utf-8
1 < cache-control: public, max-age=0
1 < etag: "MC-IjJjZjI0NGVjMThkZjRlNmYyNmFlNDFiOTE2NTgxNWJjIg=="
1 < x-robots-tag: noindex, nofollow
1 < access-control-allow-origin: *
1 < access-control-allow-headers: Accept, App-Platform, Authorization, Content-Type, Origin, Retry-After, Spotify-App-Version, X-Cloud-Trace-Context, client-token, content-access-token
1 < access-control-allow-methods: GET, POST, OPTIONS, PUT, DELETE, PATCH
1 < access-control-allow-credentials: true
1 < access-control-max-age: 604800
1 < strict-transport-security: max-age=31536000
1 < x-content-type-options: nosniff
1 < date: Mon, 17 Mar 2025 17:05:59 GMT
1 < server: envoy
1 < Via: HTTP/2 edgeproxy, 1.1 google
1 < Alt-Svc: h3=":443"; ma=2592000,h3-29=":443"; ma=2592000
1 < Transfer-Encoding: chunked
{"album_type":"album","total_tracks":10,"is_playable":true,"external_urls":{"spotify":"https://open.spotify.com/album/2YeKV1ibuIz9JhF9Yg89w4"},"href":"https://api.spotify.com/v1/albums/2YeKV1ibuIz9JhF9Yg89w4?market=ES","id":"2YeKV1ibuIz9JhF9Yg89w4","images":[{"url":"https://i.scdn.co/image/ab67616d0000b273b9f027d058291e71c7f3c578","height":640,"width":640},{"url":"https://i.scdn.co/image/ab67616d00001e02b9f027d058291e71c7f3c578","height":300,"width":300},{"url":"https://i.scdn.co/image/ab67616d00004851b9f027d058291e71c7f3c578","height":64,"width":64}],"name":"AZAROSOG","release_date":"2024-12-05","release_date_precision":"day","type":"album","uri":"spotify:album:2YeKV1ibuIz9JhF9Yg89w4","artists":[{"external_urls":{"spotify":"https://open.spotify.com/artist/18dspUI6gqabm5XCC2RcUD"},"href":"https://api.spotify.com/v1/artists/18dspUI6gqabm5XCC2RcUD","id":"18dspUI6gqabm5XCC2RcUD","name":"SOG","type":"artist","uri":"spotify:artist:18dspUI6gqabm5XCC2RcUD"}],"tracks":{"href":"https://api.spotify.com/v1/albums/2YeKV1ibuIz9JhF9Yg89w4/tracks?offset=0&limit=50&market=ES","limit":50,"next":null,"offset":0,"previous":null,"total":10,"items":[{"artists":[{"external_urls":{"spotify":"https://open.spotify.com/artist/18dspUI6gqabm5XCC2RcUD"},"href":"https://api.spotify.com/v1/artists/18dspUI6gqabm5XCC2RcUD","id":"18dspUI6gqabm5XCC2RcUD","name":"SOG","type":"artist","uri":"spotify:artist:18dspUI6gqabm5XCC2RcUD"},{"external_urls":{"spotify":"https://open.spotify.com/artist/4bw2Am3p9ji3mYsXNXtQcd"},"href":"https://api.spotify.com/v1/artists/4bw2Am3p9ji3mYsXNXtQcd","id":"4bw2Am3p9ji3mYsXNXtQcd","name":"Piso 21","type":"artist","uri":"spotify:artist:4bw2Am3p9ji3mYsXNXtQcd"}],"disc_number":1,"duration_ms":199354,"explicit":false,"external_urls":{"spotify":"https://open.spotify.com/track/5HJ3pxkmRSnDvqPgT8ZgG3"},"href":"https://api.spotify.com/v1/tracks/5HJ3pxkmRSnDvqPgT8ZgG3","id":"5HJ3pxkmRSnDvqPgT8ZgG3","is_playable":true,"name":"Gané Cuando Te Perdí","preview_url":null,"track_number":1,"type":"track","uri":"spotify:track:5HJ3pxkmRSnDvqPgT8ZgG3","is_local":false},{"artists":[{"external_urls":{"spotify":"https://open.spotify.com/artist/18dspUI6gqabm5XCC2RcUD"},"href":"https://api.spotify.com/v1/artists/18dspUI6gqabm5XCC2RcUD","id":"18dspUI6gqabm5XCC2RcUD","name":"SOG","type":"artist","uri":"spotify:artist:18dspUI6gqabm5XCC2RcUD"},{"external_urls":{"spotify":"https://open.spotify.com/artist/5IYRfypwG9BDDh5ZRPI80z"},"href":"https://api.spotify.com/v1/artists/5IYRfypwG9BDDh5ZRPI80z","id":"5IYRfypwG9BDDh5ZRPI80z","name":"Totoy El Frio","type":"artist","uri":"spotify:artist:5IYRfypwG9BDDh5ZRPI80z"},{"external_urls":{"spotify":"https://open.spotify.com/artist/7DXregrznS25AM30UY9sUU"},"href":"https://api.spotify.com/v1/artists/7DXregrznS25AM30UY9sUU","id":"7DXregrznS25AM30UY9sUU","name":"King Savagge","type":"artist","uri":"spotify:artist:7DXregrznS25AM30UY9sUU"}],"disc_number":1,"duration_ms":202500,"explicit":true,"external_urls":{"spotify":"https://open.spotify.com/track/6DbrJIfX7SW0orI2htf0eB"},"href":"https://api.spotify.com/v1/tracks/6DbrJIfX7SW0orI2htf0eB","id":"6DbrJIfX7SW0orI2htf0eB","is_playable":true,"name":"En Hebreo","preview_url":null,"track_number":2,"type":"track","uri":"spotify:track:6DbrJIfX7SW0orI2htf0eB","is_local":false},{"artists":[{"external_urls":{"spotify":"https://open.spotify.com/artist/18dspUI6gqabm5XCC2RcUD"},"href":"https://api.spotify.com/v1/artists/18dspUI6gqabm5XCC2RcUD","id":"18dspUI6gqabm5XCC2RcUD","name":"SOG","type":"artist","uri":"spotify:artist:18dspUI6gqabm5XCC2RcUD"},{"external_urls":{"spotify":"https://open.spotify.com/artist/4NGOJedxkGWwkbB5QiSJd1"},"href":"https://api.spotify.com/v1/artists/4NGOJedxkGWwkbB5QiSJd1","id":"4NGOJedxkGWwkbB5QiSJd1","name":"Jhay P","type":"artist","uri":"spotify:artist:4NGOJedxkGWwkbB5QiSJd1"},{"external_urls":{"spotify":"https://open.spotify.com/artist/72JO7MqhlJuMCwkx4w8Afr"},"href":"https://api.spotify.com/v1/artists/72JO7MqhlJuMCwkx4w8Afr","id":"72JO7MqhlJuMCwkx4w8Afr","name":"Jey F","type":"artist","uri":"spotify:artist:72JO7MqhlJuMCwkx4w8Afr"}],"disc_number":1,"duration_ms":159183,"explicit":true,"external_urls":{"spotify":"https://open.spotify.com/track/7q9Z9sIQJjJzqwuBQIwbTL"},"href":"https://api.spotify.com/v1/tracks/7q9Z9sIQJjJzqwuBQIwbTL","id":"7q9Z9sIQJjJzqwuBQIwbTL","is_playable":true,"name":"Blones En La Boca","preview_url":null,"track_number":3,"type":"track","uri":"spotify:track:7q9Z9sIQJjJzqwuBQIwbTL","is_local":false},{"artists":[{"external_urls":{"spotify":"https://open.spotify.com/artist/18dspUI6gqabm5XCC2RcUD"},"href":"https://api.spotify.com/v1/artists/18dspUI6gqabm5XCC2RcUD","id":"18dspUI6gqabm5XCC2RcUD","name":"SOG","type":"artist","uri":"spotify:artist:18dspUI6gqabm5XCC2RcUD"},{"external_urls":{"spotify":"https://open.spotify.com/artist/1TtXnWcUs0FCkaZDPGYHdf"},"href":"https://api.spotify.com/v1/artists/1TtXnWcUs0FCkaZDPGYHdf","id":"1TtXnWcUs0FCkaZDPGYHdf","name":"Darell","type":"artist","uri":"spotify:artist:1TtXnWcUs0FCkaZDPGYHdf"}],"disc_number":1,"duration_ms":218877,"explicit":true,"external_urls":{"spotify":"https://open.spotify.com/track/3yaxSH1bwc8N9ITC4RReyp"},"href":"https://api.spotify.com/v1/tracks/3yaxSH1bwc8N9ITC4RReyp","id":"3yaxSH1bwc8N9ITC4RReyp","is_playable":true,"name":"Cazador","preview_url":null,"track_number":4,"type":"track","uri":"spotify:track:3yaxSH1bwc8N9ITC4RReyp","is_local":false},{"artists":[{"external_urls":{"spotify":"https://open.spotify.com/artist/18dspUI6gqabm5XCC2RcUD"},"href":"https://api.spotify.com/v1/artists/18dspUI6gqabm5XCC2RcUD","id":"18dspUI6gqabm5XCC2RcUD","name":"SOG","type":"artist","uri":"spotify:artist:18dspUI6gqabm5XCC2RcUD"},{"external_urls":{"spotify":"https://open.spotify.com/artist/0dUyjgCyjfj5eMx6bX2TWf"},"href":"https://api.spotify.com/v1/artists/0dUyjgCyjfj5eMx6bX2TWf","id":"0dUyjgCyjfj5eMx6bX2TWf","name":"FMK","type":"artist","uri":"spotify:artist:0dUyjgCyjfj5eMx6bX2TWf"},{"external_urls":{"spotify":"https://open.spotify.com/artist/6ndLrsgT3MV5CNxIrW71fw"},"href":"https://api.spotify.com/v1/artists/6ndLrsgT3MV5CNxIrW71fw","id":"6ndLrsgT3MV5CNxIrW71fw","name":"DFZM","type":"artist","uri":"spotify:artist:6ndLrsgT3MV5CNxIrW71fw"}],"disc_number":1,"duration_ms":190515,"explicit":true,"external_urls":{"spotify":"https://open.spotify.com/track/0vRbONKymtBHMyKplGjNRn"},"href":"https://api.spotify.com/v1/tracks/0vRbONKymtBHMyKplGjNRn","id":"0vRbONKymtBHMyKplGjNRn","is_playable":true,"name":"IG","preview_url":null,"track_number":5,"type":"track","uri":"spotify:track:0vRbONKymtBHMyKplGjNRn","is_local":false},{"artists":[{"external_urls":{"spotify":"https://open.spotify.com/artist/18dspUI6gqabm5XCC2RcUD"},"href":"https://api.spotify.com/v1/artists/18dspUI6gqabm5XCC2RcUD","id":"18dspUI6gqabm5XCC2RcUD","name":"SOG","type":"artist","uri":"spotify:artist:18dspUI6gqabm5XCC2RcUD"},{"external_urls":{"spotify":"https://open.spotify.com/artist/2xmhyxkjpGNBeWXVMeVWHb"},"href":"https://api.spotify.com/v1/artists/2xmhyxkjpGNBeWXVMeVWHb","id":"2xmhyxkjpGNBeWXVMeVWHb","name":"Rayo & Toby","type":"artist","uri":"spotify:artist:2xmhyxkjpGNBeWXVMeVWHb"},{"external_urls":{"spotify":"https://open.spotify.com/artist/4MvQy0WYny2XpZdGzpxZzN"},"href":"https://api.spotify.com/v1/artists/4MvQy0WYny2XpZdGzpxZzN","id":"4MvQy0WYny2XpZdGzpxZzN","name":"Lion Fiah","type":"artist","uri":"spotify:artist:4MvQy0WYny2XpZdGzpxZzN"}],"disc_number":1,"duration_ms":157241,"explicit":true,"external_urls":{"spotify":"https://open.spotify.com/track/6pwDugz0rQdOakUf8KxOYj"},"href":"https://api.spotify.com/v1/tracks/6pwDugz0rQdOakUf8KxOYj","id":"6pwDugz0rQdOakUf8KxOYj","is_playable":true,"name":"Los Juguetes","preview_url":null,"track_number":6,"type":"track","uri":"spotify:track:6pwDugz0rQdOakUf8KxOYj","is_local":false},{"artists":[{"external_urls":{"spotify":"https://open.spotify.com/artist/18dspUI6gqabm5XCC2RcUD"},"href":"https://api.spotify.com/v1/artists/18dspUI6gqabm5XCC2RcUD","id":"18dspUI6gqabm5XCC2RcUD","name":"SOG","type":"artist","uri":"spotify:artist:18dspUI6gqabm5XCC2RcUD"},{"external_urls":{"spotify":"https://open.spotify.com/artist/5hdhHgpxyniooUiQVaPxQ0"},"href":"https://api.spotify.com/v1/artists/5hdhHgpxyniooUiQVaPxQ0","id":"5hdhHgpxyniooUiQVaPxQ0","name":"Nio Garcia","type":"artist","uri":"spotify:artist:5hdhHgpxyniooUiQVaPxQ0"}],"disc_number":1,"duration_ms":180618,"explicit":true,"external_urls":{"spotify":"https://open.spotify.com/track/4E49ghc58Yplm2jG1IlE3O"},"href":"https://api.spotify.com/v1/tracks/4E49ghc58Yplm2jG1IlE3O","id":"4E49ghc58Yplm2jG1IlE3O","is_playable":true,"name":"Te Conviene","preview_url":null,"track_number":7,"type":"track","uri":"spotify:track:4E49ghc58Yplm2jG1IlE3O","is_local":false},{"artists":[{"external_urls":{"spotify":"https://open.spotify.com/artist/18dspUI6gqabm5XCC2RcUD"},"href":"https://api.spotify.com/v1/artists/18dspUI6gqabm5XCC2RcUD","id":"18dspUI6gqabm5XCC2RcUD","name":"SOG","type":"artist","uri":"spotify:artist:18dspUI6gqabm5XCC2RcUD"},{"external_urls":{"spotify":"https://open.spotify.com/artist/4i2al9gevm5K5OlbjqzcJs"},"href":"https://api.spotify.com/v1/artists/4i2al9gevm5K5OlbjqzcJs","id":"4i2al9gevm5K5OlbjqzcJs","name":"Peipper","type":"artist","uri":"spotify:artist:4i2al9gevm5K5OlbjqzcJs"},{"external_urls":{"spotify":"https://open.spotify.com/artist/2IhhVEifV7ntdvp2YmMIzg"},"href":"https://api.spotify.com/v1/artists/2IhhVEifV7ntdvp2YmMIzg","id":"2IhhVEifV7ntdvp2YmMIzg","name":"Reboll333","type":"artist","uri":"spotify:artist:2IhhVEifV7ntdvp2YmMIzg"}],"disc_number":1,"duration_ms":214800,"explicit":true,"external_urls":{"spotify":"https://open.spotify.com/track/2feK2pdoTwA7a7Ojh2o5wM"},"href":"https://api.spotify.com/v1/tracks/2feK2pdoTwA7a7Ojh2o5wM","id":"2feK2pdoTwA7a7Ojh2o5wM","is_playable":true,"name":"Te Quise Tanto","preview_url":null,"track_number":8,"type":"track","uri":"spotify:track:2feK2pdoTwA7a7Ojh2o5wM","is_local":false},{"artists":[{"external_urls":{"spotify":"https://open.spotify.com/artist/18dspUI6gqabm5XCC2RcUD"},"href":"https://api.spotify.com/v1/artists/18dspUI6gqabm5XCC2RcUD","id":"18dspUI6gqabm5XCC2RcUD","name":"SOG","type":"artist","uri":"spotify:artist:18dspUI6gqabm5XCC2RcUD"},{"external_urls":{"spotify":"https://open.spotify.com/artist/1zo2ucFhzu58hKcniMpSQs"},"href":"https://api.spotify.com/v1/artists/1zo2ucFhzu58hKcniMpSQs","id":"1zo2ucFhzu58hKcniMpSQs","name":"Soley","type":"artist","uri":"spotify:artist:1zo2ucFhzu58hKcniMpSQs"},{"external_urls":{"spotify":"https://open.spotify.com/artist/680tleL97NcpJiib89V6UU"},"href":"https://api.spotify.com/v1/artists/680tleL97NcpJiib89V6UU","id":"680tleL97NcpJiib89V6UU","name":"Esteban Rojas","type":"artist","uri":"spotify:artist:680tleL97NcpJiib89V6UU"}],"disc_number":1,"duration_ms":194526,"explicit":true,"external_urls":{"spotify":"https://open.spotify.com/track/2BDCNX7uoYwdkVeWGX3F1A"},"href":"https://api.spotify.com/v1/tracks/2BDCNX7uoYwdkVeWGX3F1A","id":"2BDCNX7uoYwdkVeWGX3F1A","is_playable":true,"name":"Pa Que Te Duela","preview_url":null,"track_number":9,"type":"track","uri":"spotify:track:2BDCNX7uoYwdkVeWGX3F1A","is_local":false},{"artists":[{"external_urls":{"spotify":"https://open.spotify.com/artist/18dspUI6gqabm5XCC2RcUD"},"href":"https://api.spotify.com/v1/artists/18dspUI6gqabm5XCC2RcUD","id":"18dspUI6gqabm5XCC2RcUD","name":"SOG","type":"artist","uri":"spotify:artist:18dspUI6gqabm5XCC2RcUD"},{"external_urls":{"spotify":"https://open.spotify.com/artist/3Br3yFwx1NRBArrlOxbf87"},"href":"https://api.spotify.com/v1/artists/3Br3yFwx1NRBArrlOxbf87","id":"3Br3yFwx1NRBArrlOxbf87","name":"Yessie","type":"artist","uri":"spotify:artist:3Br3yFwx1NRBArrlOxbf87"},{"external_urls":{"spotify":"https://open.spotify.com/artist/7xVUa8mqwCgdu4mQn3geCY"},"href":"https://api.spotify.com/v1/artists/7xVUa8mqwCgdu4mQn3geCY","id":"7xVUa8mqwCgdu4mQn3geCY","name":"DIA","type":"artist","uri":"spotify:artist:7xVUa8mqwCgdu4mQn3geCY"}],"disc_number":1,"duration_ms":185816,"explicit":true,"external_urls":{"spotify":"https://open.spotify.com/track/50lahWbGXpraoaaq7l3kGN"},"href":"https://api.spotify.com/v1/tracks/50lahWbGXpraoaaq7l3kGN","id":"50lahWbGXpraoaaq7l3kGN","is_playable":true,"name":"Una Como Yo (feat. DIA)","preview_url":null,"track_number":10,"type":"track","uri":"spotify:track:50lahWbGXpraoaaq7l3kGN","is_local":false}]},"copyrights":[{"text":"© 2024 Warner Music México, S.A. de C.V.","type":"C"},{"text":"℗ 2024 Warner Music México, S.A. de C.V.","type":"P"}],"external_ids":{"upc":"5021732582034"},"genres":[],"label":"WM Mexico","popularity":31}

12:05:58.941 [pool-2-thread-4] DEBUG com.intuit.karate - response time in milliseconds: 132
1 < 400
1 < content-type: application/json; charset=utf-8
1 < cache-control: private, max-age=0
1 < access-control-allow-origin: *
1 < access-control-allow-headers: Accept, App-Platform, Authorization, Content-Type, Origin, Retry-After, Spotify-App-Version, X-Cloud-Trace-Context, client-token, content-access-token
1 < access-control-allow-methods: GET, POST, OPTIONS, PUT, DELETE, PATCH
1 < access-control-allow-credentials: true
1 < access-control-max-age: 604800
1 < strict-transport-security: max-age=31536000
1 < x-content-type-options: nosniff
1 < date: Mon, 17 Mar 2025 17:05:59 GMT
1 < server: envoy
1 < Via: HTTP/2 edgeproxy, 1.1 google
1 < Alt-Svc: h3=":443"; ma=2592000,h3-29=":443"; ma=2592000
1 < Transfer-Encoding: chunked
{"error": {"status": 400, "message": "Invalid base62 id" } }

12:05:58.953 [pool-2-thread-3] INFO  com.intuit.karate - karate.env system property was: null 
12:05:58.954 [pool-2-thread-1] INFO  com.intuit.karate - karate.env system property was: null 
12:05:58.954 [pool-2-thread-4] INFO  com.intuit.karate - karate.env system property was: null 
12:05:58.975 [pool-2-thread-3] DEBUG com.intuit.karate - request:
1 > POST https://accounts.spotify.com/api/token
1 > Content-Type: application/x-www-form-urlencoded
1 > Content-Length: 119
1 > Host: accounts.spotify.com
1 > Connection: Keep-Alive
1 > User-Agent: Apache-HttpClient/4.5.14 (Java/17.0.12)
1 > Accept-Encoding: gzip,deflate
grant_type=client_credentials&client_id=1bc9a0fdadf44d09a9176bdcc7555a59&client_secret=5285c3a6fd1b4d96ba0946cb7fbb4d86

12:05:58.975 [pool-2-thread-4] DEBUG com.intuit.karate - request:
1 > POST https://accounts.spotify.com/api/token
1 > Content-Type: application/x-www-form-urlencoded
1 > Content-Length: 119
1 > Host: accounts.spotify.com
1 > Connection: Keep-Alive
1 > User-Agent: Apache-HttpClient/4.5.14 (Java/17.0.12)
1 > Accept-Encoding: gzip,deflate
grant_type=client_credentials&client_id=1bc9a0fdadf44d09a9176bdcc7555a59&client_secret=5285c3a6fd1b4d96ba0946cb7fbb4d86

12:05:58.981 [pool-2-thread-1] DEBUG com.intuit.karate - request:
1 > POST https://accounts.spotify.com/api/token
1 > Content-Type: application/x-www-form-urlencoded
1 > Content-Length: 119
1 > Host: accounts.spotify.com
1 > Connection: Keep-Alive
1 > User-Agent: Apache-HttpClient/4.5.14 (Java/17.0.12)
1 > Accept-Encoding: gzip,deflate
grant_type=client_credentials&client_id=1bc9a0fdadf44d09a9176bdcc7555a59&client_secret=5285c3a6fd1b4d96ba0946cb7fbb4d86

12:05:58.987 [pool-2-thread-2] DEBUG com.intuit.karate - response time in milliseconds: 281
1 < 200
1 < content-type: application/json; charset=utf-8
1 < cache-control: public, max-age=0
1 < etag: "MC-ImQ5OTJhOTI5ZmZmMDAwMzkzODg5MjQwMzA2N2JiZTljIg=="
1 < x-robots-tag: noindex, nofollow
1 < access-control-allow-origin: *
1 < access-control-allow-headers: Accept, App-Platform, Authorization, Content-Type, Origin, Retry-After, Spotify-App-Version, X-Cloud-Trace-Context, client-token, content-access-token
1 < access-control-allow-methods: GET, POST, OPTIONS, PUT, DELETE, PATCH
1 < access-control-allow-credentials: true
1 < access-control-max-age: 604800
1 < strict-transport-security: max-age=31536000
1 < x-content-type-options: nosniff
1 < date: Mon, 17 Mar 2025 17:05:59 GMT
1 < server: envoy
1 < Via: HTTP/2 edgeproxy, 1.1 google
1 < Alt-Svc: h3=":443"; ma=2592000,h3-29=":443"; ma=2592000
1 < Transfer-Encoding: chunked
{"album_type":"album","total_tracks":10,"is_playable":true,"external_urls":{"spotify":"https://open.spotify.com/album/2YeKV1ibuIz9JhF9Yg89w4"},"href":"https://api.spotify.com/v1/albums/2YeKV1ibuIz9JhF9Yg89w4?market=CO","id":"2YeKV1ibuIz9JhF9Yg89w4","images":[{"url":"https://i.scdn.co/image/ab67616d0000b273b9f027d058291e71c7f3c578","height":640,"width":640},{"url":"https://i.scdn.co/image/ab67616d00001e02b9f027d058291e71c7f3c578","height":300,"width":300},{"url":"https://i.scdn.co/image/ab67616d00004851b9f027d058291e71c7f3c578","height":64,"width":64}],"name":"AZAROSOG","release_date":"2024-12-05","release_date_precision":"day","type":"album","uri":"spotify:album:2YeKV1ibuIz9JhF9Yg89w4","artists":[{"external_urls":{"spotify":"https://open.spotify.com/artist/18dspUI6gqabm5XCC2RcUD"},"href":"https://api.spotify.com/v1/artists/18dspUI6gqabm5XCC2RcUD","id":"18dspUI6gqabm5XCC2RcUD","name":"SOG","type":"artist","uri":"spotify:artist:18dspUI6gqabm5XCC2RcUD"}],"tracks":{"href":"https://api.spotify.com/v1/albums/2YeKV1ibuIz9JhF9Yg89w4/tracks?offset=0&limit=50&market=CO","limit":50,"next":null,"offset":0,"previous":null,"total":10,"items":[{"artists":[{"external_urls":{"spotify":"https://open.spotify.com/artist/18dspUI6gqabm5XCC2RcUD"},"href":"https://api.spotify.com/v1/artists/18dspUI6gqabm5XCC2RcUD","id":"18dspUI6gqabm5XCC2RcUD","name":"SOG","type":"artist","uri":"spotify:artist:18dspUI6gqabm5XCC2RcUD"},{"external_urls":{"spotify":"https://open.spotify.com/artist/4bw2Am3p9ji3mYsXNXtQcd"},"href":"https://api.spotify.com/v1/artists/4bw2Am3p9ji3mYsXNXtQcd","id":"4bw2Am3p9ji3mYsXNXtQcd","name":"Piso 21","type":"artist","uri":"spotify:artist:4bw2Am3p9ji3mYsXNXtQcd"}],"disc_number":1,"duration_ms":199354,"explicit":false,"external_urls":{"spotify":"https://open.spotify.com/track/5HJ3pxkmRSnDvqPgT8ZgG3"},"href":"https://api.spotify.com/v1/tracks/5HJ3pxkmRSnDvqPgT8ZgG3","id":"5HJ3pxkmRSnDvqPgT8ZgG3","is_playable":true,"name":"Gané Cuando Te Perdí","preview_url":null,"track_number":1,"type":"track","uri":"spotify:track:5HJ3pxkmRSnDvqPgT8ZgG3","is_local":false},{"artists":[{"external_urls":{"spotify":"https://open.spotify.com/artist/18dspUI6gqabm5XCC2RcUD"},"href":"https://api.spotify.com/v1/artists/18dspUI6gqabm5XCC2RcUD","id":"18dspUI6gqabm5XCC2RcUD","name":"SOG","type":"artist","uri":"spotify:artist:18dspUI6gqabm5XCC2RcUD"},{"external_urls":{"spotify":"https://open.spotify.com/artist/5IYRfypwG9BDDh5ZRPI80z"},"href":"https://api.spotify.com/v1/artists/5IYRfypwG9BDDh5ZRPI80z","id":"5IYRfypwG9BDDh5ZRPI80z","name":"Totoy El Frio","type":"artist","uri":"spotify:artist:5IYRfypwG9BDDh5ZRPI80z"},{"external_urls":{"spotify":"https://open.spotify.com/artist/7DXregrznS25AM30UY9sUU"},"href":"https://api.spotify.com/v1/artists/7DXregrznS25AM30UY9sUU","id":"7DXregrznS25AM30UY9sUU","name":"King Savagge","type":"artist","uri":"spotify:artist:7DXregrznS25AM30UY9sUU"}],"disc_number":1,"duration_ms":202500,"explicit":true,"external_urls":{"spotify":"https://open.spotify.com/track/6DbrJIfX7SW0orI2htf0eB"},"href":"https://api.spotify.com/v1/tracks/6DbrJIfX7SW0orI2htf0eB","id":"6DbrJIfX7SW0orI2htf0eB","is_playable":true,"name":"En Hebreo","preview_url":null,"track_number":2,"type":"track","uri":"spotify:track:6DbrJIfX7SW0orI2htf0eB","is_local":false},{"artists":[{"external_urls":{"spotify":"https://open.spotify.com/artist/18dspUI6gqabm5XCC2RcUD"},"href":"https://api.spotify.com/v1/artists/18dspUI6gqabm5XCC2RcUD","id":"18dspUI6gqabm5XCC2RcUD","name":"SOG","type":"artist","uri":"spotify:artist:18dspUI6gqabm5XCC2RcUD"},{"external_urls":{"spotify":"https://open.spotify.com/artist/4NGOJedxkGWwkbB5QiSJd1"},"href":"https://api.spotify.com/v1/artists/4NGOJedxkGWwkbB5QiSJd1","id":"4NGOJedxkGWwkbB5QiSJd1","name":"Jhay P","type":"artist","uri":"spotify:artist:4NGOJedxkGWwkbB5QiSJd1"},{"external_urls":{"spotify":"https://open.spotify.com/artist/72JO7MqhlJuMCwkx4w8Afr"},"href":"https://api.spotify.com/v1/artists/72JO7MqhlJuMCwkx4w8Afr","id":"72JO7MqhlJuMCwkx4w8Afr","name":"Jey F","type":"artist","uri":"spotify:artist:72JO7MqhlJuMCwkx4w8Afr"}],"disc_number":1,"duration_ms":159183,"explicit":true,"external_urls":{"spotify":"https://open.spotify.com/track/7q9Z9sIQJjJzqwuBQIwbTL"},"href":"https://api.spotify.com/v1/tracks/7q9Z9sIQJjJzqwuBQIwbTL","id":"7q9Z9sIQJjJzqwuBQIwbTL","is_playable":true,"name":"Blones En La Boca","preview_url":null,"track_number":3,"type":"track","uri":"spotify:track:7q9Z9sIQJjJzqwuBQIwbTL","is_local":false},{"artists":[{"external_urls":{"spotify":"https://open.spotify.com/artist/18dspUI6gqabm5XCC2RcUD"},"href":"https://api.spotify.com/v1/artists/18dspUI6gqabm5XCC2RcUD","id":"18dspUI6gqabm5XCC2RcUD","name":"SOG","type":"artist","uri":"spotify:artist:18dspUI6gqabm5XCC2RcUD"},{"external_urls":{"spotify":"https://open.spotify.com/artist/1TtXnWcUs0FCkaZDPGYHdf"},"href":"https://api.spotify.com/v1/artists/1TtXnWcUs0FCkaZDPGYHdf","id":"1TtXnWcUs0FCkaZDPGYHdf","name":"Darell","type":"artist","uri":"spotify:artist:1TtXnWcUs0FCkaZDPGYHdf"}],"disc_number":1,"duration_ms":218877,"explicit":true,"external_urls":{"spotify":"https://open.spotify.com/track/3yaxSH1bwc8N9ITC4RReyp"},"href":"https://api.spotify.com/v1/tracks/3yaxSH1bwc8N9ITC4RReyp","id":"3yaxSH1bwc8N9ITC4RReyp","is_playable":true,"name":"Cazador","preview_url":null,"track_number":4,"type":"track","uri":"spotify:track:3yaxSH1bwc8N9ITC4RReyp","is_local":false},{"artists":[{"external_urls":{"spotify":"https://open.spotify.com/artist/18dspUI6gqabm5XCC2RcUD"},"href":"https://api.spotify.com/v1/artists/18dspUI6gqabm5XCC2RcUD","id":"18dspUI6gqabm5XCC2RcUD","name":"SOG","type":"artist","uri":"spotify:artist:18dspUI6gqabm5XCC2RcUD"},{"external_urls":{"spotify":"https://open.spotify.com/artist/0dUyjgCyjfj5eMx6bX2TWf"},"href":"https://api.spotify.com/v1/artists/0dUyjgCyjfj5eMx6bX2TWf","id":"0dUyjgCyjfj5eMx6bX2TWf","name":"FMK","type":"artist","uri":"spotify:artist:0dUyjgCyjfj5eMx6bX2TWf"},{"external_urls":{"spotify":"https://open.spotify.com/artist/6ndLrsgT3MV5CNxIrW71fw"},"href":"https://api.spotify.com/v1/artists/6ndLrsgT3MV5CNxIrW71fw","id":"6ndLrsgT3MV5CNxIrW71fw","name":"DFZM","type":"artist","uri":"spotify:artist:6ndLrsgT3MV5CNxIrW71fw"}],"disc_number":1,"duration_ms":190515,"explicit":true,"external_urls":{"spotify":"https://open.spotify.com/track/0vRbONKymtBHMyKplGjNRn"},"href":"https://api.spotify.com/v1/tracks/0vRbONKymtBHMyKplGjNRn","id":"0vRbONKymtBHMyKplGjNRn","is_playable":true,"name":"IG","preview_url":null,"track_number":5,"type":"track","uri":"spotify:track:0vRbONKymtBHMyKplGjNRn","is_local":false},{"artists":[{"external_urls":{"spotify":"https://open.spotify.com/artist/18dspUI6gqabm5XCC2RcUD"},"href":"https://api.spotify.com/v1/artists/18dspUI6gqabm5XCC2RcUD","id":"18dspUI6gqabm5XCC2RcUD","name":"SOG","type":"artist","uri":"spotify:artist:18dspUI6gqabm5XCC2RcUD"},{"external_urls":{"spotify":"https://open.spotify.com/artist/2xmhyxkjpGNBeWXVMeVWHb"},"href":"https://api.spotify.com/v1/artists/2xmhyxkjpGNBeWXVMeVWHb","id":"2xmhyxkjpGNBeWXVMeVWHb","name":"Rayo & Toby","type":"artist","uri":"spotify:artist:2xmhyxkjpGNBeWXVMeVWHb"},{"external_urls":{"spotify":"https://open.spotify.com/artist/4MvQy0WYny2XpZdGzpxZzN"},"href":"https://api.spotify.com/v1/artists/4MvQy0WYny2XpZdGzpxZzN","id":"4MvQy0WYny2XpZdGzpxZzN","name":"Lion Fiah","type":"artist","uri":"spotify:artist:4MvQy0WYny2XpZdGzpxZzN"}],"disc_number":1,"duration_ms":157241,"explicit":true,"external_urls":{"spotify":"https://open.spotify.com/track/6pwDugz0rQdOakUf8KxOYj"},"href":"https://api.spotify.com/v1/tracks/6pwDugz0rQdOakUf8KxOYj","id":"6pwDugz0rQdOakUf8KxOYj","is_playable":true,"name":"Los Juguetes","preview_url":null,"track_number":6,"type":"track","uri":"spotify:track:6pwDugz0rQdOakUf8KxOYj","is_local":false},{"artists":[{"external_urls":{"spotify":"https://open.spotify.com/artist/18dspUI6gqabm5XCC2RcUD"},"href":"https://api.spotify.com/v1/artists/18dspUI6gqabm5XCC2RcUD","id":"18dspUI6gqabm5XCC2RcUD","name":"SOG","type":"artist","uri":"spotify:artist:18dspUI6gqabm5XCC2RcUD"},{"external_urls":{"spotify":"https://open.spotify.com/artist/5hdhHgpxyniooUiQVaPxQ0"},"href":"https://api.spotify.com/v1/artists/5hdhHgpxyniooUiQVaPxQ0","id":"5hdhHgpxyniooUiQVaPxQ0","name":"Nio Garcia","type":"artist","uri":"spotify:artist:5hdhHgpxyniooUiQVaPxQ0"}],"disc_number":1,"duration_ms":180618,"explicit":true,"external_urls":{"spotify":"https://open.spotify.com/track/4E49ghc58Yplm2jG1IlE3O"},"href":"https://api.spotify.com/v1/tracks/4E49ghc58Yplm2jG1IlE3O","id":"4E49ghc58Yplm2jG1IlE3O","is_playable":true,"name":"Te Conviene","preview_url":null,"track_number":7,"type":"track","uri":"spotify:track:4E49ghc58Yplm2jG1IlE3O","is_local":false},{"artists":[{"external_urls":{"spotify":"https://open.spotify.com/artist/18dspUI6gqabm5XCC2RcUD"},"href":"https://api.spotify.com/v1/artists/18dspUI6gqabm5XCC2RcUD","id":"18dspUI6gqabm5XCC2RcUD","name":"SOG","type":"artist","uri":"spotify:artist:18dspUI6gqabm5XCC2RcUD"},{"external_urls":{"spotify":"https://open.spotify.com/artist/4i2al9gevm5K5OlbjqzcJs"},"href":"https://api.spotify.com/v1/artists/4i2al9gevm5K5OlbjqzcJs","id":"4i2al9gevm5K5OlbjqzcJs","name":"Peipper","type":"artist","uri":"spotify:artist:4i2al9gevm5K5OlbjqzcJs"},{"external_urls":{"spotify":"https://open.spotify.com/artist/2IhhVEifV7ntdvp2YmMIzg"},"href":"https://api.spotify.com/v1/artists/2IhhVEifV7ntdvp2YmMIzg","id":"2IhhVEifV7ntdvp2YmMIzg","name":"Reboll333","type":"artist","uri":"spotify:artist:2IhhVEifV7ntdvp2YmMIzg"}],"disc_number":1,"duration_ms":214800,"explicit":true,"external_urls":{"spotify":"https://open.spotify.com/track/2feK2pdoTwA7a7Ojh2o5wM"},"href":"https://api.spotify.com/v1/tracks/2feK2pdoTwA7a7Ojh2o5wM","id":"2feK2pdoTwA7a7Ojh2o5wM","is_playable":true,"name":"Te Quise Tanto","preview_url":null,"track_number":8,"type":"track","uri":"spotify:track:2feK2pdoTwA7a7Ojh2o5wM","is_local":false},{"artists":[{"external_urls":{"spotify":"https://open.spotify.com/artist/18dspUI6gqabm5XCC2RcUD"},"href":"https://api.spotify.com/v1/artists/18dspUI6gqabm5XCC2RcUD","id":"18dspUI6gqabm5XCC2RcUD","name":"SOG","type":"artist","uri":"spotify:artist:18dspUI6gqabm5XCC2RcUD"},{"external_urls":{"spotify":"https://open.spotify.com/artist/1zo2ucFhzu58hKcniMpSQs"},"href":"https://api.spotify.com/v1/artists/1zo2ucFhzu58hKcniMpSQs","id":"1zo2ucFhzu58hKcniMpSQs","name":"Soley","type":"artist","uri":"spotify:artist:1zo2ucFhzu58hKcniMpSQs"},{"external_urls":{"spotify":"https://open.spotify.com/artist/680tleL97NcpJiib89V6UU"},"href":"https://api.spotify.com/v1/artists/680tleL97NcpJiib89V6UU","id":"680tleL97NcpJiib89V6UU","name":"Esteban Rojas","type":"artist","uri":"spotify:artist:680tleL97NcpJiib89V6UU"}],"disc_number":1,"duration_ms":194526,"explicit":true,"external_urls":{"spotify":"https://open.spotify.com/track/2BDCNX7uoYwdkVeWGX3F1A"},"href":"https://api.spotify.com/v1/tracks/2BDCNX7uoYwdkVeWGX3F1A","id":"2BDCNX7uoYwdkVeWGX3F1A","is_playable":true,"name":"Pa Que Te Duela","preview_url":null,"track_number":9,"type":"track","uri":"spotify:track:2BDCNX7uoYwdkVeWGX3F1A","is_local":false},{"artists":[{"external_urls":{"spotify":"https://open.spotify.com/artist/18dspUI6gqabm5XCC2RcUD"},"href":"https://api.spotify.com/v1/artists/18dspUI6gqabm5XCC2RcUD","id":"18dspUI6gqabm5XCC2RcUD","name":"SOG","type":"artist","uri":"spotify:artist:18dspUI6gqabm5XCC2RcUD"},{"external_urls":{"spotify":"https://open.spotify.com/artist/3Br3yFwx1NRBArrlOxbf87"},"href":"https://api.spotify.com/v1/artists/3Br3yFwx1NRBArrlOxbf87","id":"3Br3yFwx1NRBArrlOxbf87","name":"Yessie","type":"artist","uri":"spotify:artist:3Br3yFwx1NRBArrlOxbf87"},{"external_urls":{"spotify":"https://open.spotify.com/artist/7xVUa8mqwCgdu4mQn3geCY"},"href":"https://api.spotify.com/v1/artists/7xVUa8mqwCgdu4mQn3geCY","id":"7xVUa8mqwCgdu4mQn3geCY","name":"DIA","type":"artist","uri":"spotify:artist:7xVUa8mqwCgdu4mQn3geCY"}],"disc_number":1,"duration_ms":185816,"explicit":true,"external_urls":{"spotify":"https://open.spotify.com/track/50lahWbGXpraoaaq7l3kGN"},"href":"https://api.spotify.com/v1/tracks/50lahWbGXpraoaaq7l3kGN","id":"50lahWbGXpraoaaq7l3kGN","is_playable":true,"name":"Una Como Yo (feat. DIA)","preview_url":null,"track_number":10,"type":"track","uri":"spotify:track:50lahWbGXpraoaaq7l3kGN","is_local":false}]},"copyrights":[{"text":"© 2024 Warner Music México, S.A. de C.V.","type":"C"},{"text":"℗ 2024 Warner Music México, S.A. de C.V.","type":"P"}],"external_ids":{"upc":"5021732582034"},"genres":[],"label":"WM Mexico","popularity":31}

12:05:59.061 [pool-2-thread-2] INFO  com.intuit.karate - karate.env system property was: null 
12:05:59.074 [pool-2-thread-2] DEBUG com.intuit.karate - request:
1 > POST https://accounts.spotify.com/api/token
1 > Content-Type: application/x-www-form-urlencoded
1 > Content-Length: 119
1 > Host: accounts.spotify.com
1 > Connection: Keep-Alive
1 > User-Agent: Apache-HttpClient/4.5.14 (Java/17.0.12)
1 > Accept-Encoding: gzip,deflate
grant_type=client_credentials&client_id=1bc9a0fdadf44d09a9176bdcc7555a59&client_secret=5285c3a6fd1b4d96ba0946cb7fbb4d86

12:05:59.116 [pool-2-thread-3] DEBUG com.intuit.karate - response time in milliseconds: 128
1 < 200
1 < date: Mon, 17 Mar 2025 17:06:00 GMT
1 < content-type: application/json
1 < x-request-id: 64283977-b3fe-4dea-b649-db682cb70ab1
1 < set-cookie: __Host-device_id=AQAeERRCeRt1KHCJSzPKHLXJWrnbsSEJjG4OgrUfEXkqfIpWAnbqrcGBDxknkobe7WTCwNjpKCHmXSfijj87c_e0SSRlK9P2tWU;Version=1;Path=/;Max-Age=2147483647;Secure;HttpOnly;SameSite=Lax
1 < set-cookie: sp_tr=false;Version=1;Domain=accounts.spotify.com;Path=/;Secure;SameSite=Lax
1 < sp-trace-id: 206c6a663ab1a19d
1 < x-envoy-upstream-service-time: 13
1 < server: envoy
1 < strict-transport-security: max-age=31536000
1 < x-content-type-options: nosniff
1 < vary: Accept-Encoding
1 < Via: HTTP/2 edgeproxy, 1.1 google
1 < Alt-Svc: h3=":443"; ma=2592000,h3-29=":443"; ma=2592000
1 < Transfer-Encoding: chunked
1 < Set-Cookie: __Host-device_id=AQAeERRCeRt1KHCJSzPKHLXJWrnbsSEJjG4OgrUfEXkqfIpWAnbqrcGBDxknkobe7WTCwNjpKCHmXSfijj87c_e0SSRlK9P2tWU;Version=1;Path=/;Max-Age=2147483647;Secure;HttpOnly;SameSite=Lax
1 < Set-Cookie: sp_tr=false;Version=1;Domain=accounts.spotify.com;Path=/;Secure;SameSite=Lax
{"access_token":"BQCJKBvjgfm7VK5jD4GUzlTkR5Y4SwDz93aD0d1xi3YrQSNwLRUvLNzyHO0Z0AqcCscbsssR6xlNzfID2ChFrzwEQrJAQ5OrfhuKBgQTVFwraDqYiZkvXda5dQCxwVA9WIVH5tHyZzY","token_type":"Bearer","expires_in":3600}

12:05:59.116 [pool-2-thread-5] DEBUG com.intuit.karate - response time in milliseconds: 196
1 < 200
1 < date: Mon, 17 Mar 2025 17:06:00 GMT
1 < content-type: application/json
1 < x-request-id: 86c2353a-7bb1-4547-9bc6-dba1d635283d
1 < set-cookie: __Host-device_id=AQCU-M85scWTYyrVpSmdjIOBVqyFXB1U_NP4IEwsAubhxLveTkHNJnGqI8tyBm7xC-UuUeICVbMb_BuUXKwh3U7kedZH-sUvfNY;Version=1;Path=/;Max-Age=2147483647;Secure;HttpOnly;SameSite=Lax
1 < set-cookie: sp_tr=false;Version=1;Domain=accounts.spotify.com;Path=/;Secure;SameSite=Lax
1 < sp-trace-id: b481313e0c12b547
1 < x-envoy-upstream-service-time: 4
1 < server: envoy
1 < strict-transport-security: max-age=31536000
1 < x-content-type-options: nosniff
1 < vary: Accept-Encoding
1 < Via: HTTP/2 edgeproxy, 1.1 google
1 < Alt-Svc: h3=":443"; ma=2592000,h3-29=":443"; ma=2592000
1 < Transfer-Encoding: chunked
1 < Set-Cookie: __Host-device_id=AQCU-M85scWTYyrVpSmdjIOBVqyFXB1U_NP4IEwsAubhxLveTkHNJnGqI8tyBm7xC-UuUeICVbMb_BuUXKwh3U7kedZH-sUvfNY;Version=1;Path=/;Max-Age=2147483647;Secure;HttpOnly;SameSite=Lax
1 < Set-Cookie: sp_tr=false;Version=1;Domain=accounts.spotify.com;Path=/;Secure;SameSite=Lax
{"access_token":"BQDSbEV1qhZOhLUmAIDepwLVch9ZuWEm2ZAPSH0UT4C-JDMtzIMXUw4XOZjxK3-R6wBA2Pyd3eMTltKJ2sraULiTnFYXmx043XeCaaIxJEFd_uD3oD8iwVvGdZvqZRm8kui1CXJezQc","token_type":"Bearer","expires_in":3600}

12:05:59.120 [pool-2-thread-3] INFO  com.intuit.karate - [print] access_token BQCJKBvjgfm7VK5jD4GUzlTkR5Y4SwDz93aD0d1xi3YrQSNwLRUvLNzyHO0Z0AqcCscbsssR6xlNzfID2ChFrzwEQrJAQ5OrfhuKBgQTVFwraDqYiZkvXda5dQCxwVA9WIVH5tHyZzY 
12:05:59.120 [pool-2-thread-5] INFO  com.intuit.karate - [print] access_token BQDSbEV1qhZOhLUmAIDepwLVch9ZuWEm2ZAPSH0UT4C-JDMtzIMXUw4XOZjxK3-R6wBA2Pyd3eMTltKJ2sraULiTnFYXmx043XeCaaIxJEFd_uD3oD8iwVvGdZvqZRm8kui1CXJezQc 
12:05:59.124 [pool-2-thread-1] DEBUG com.intuit.karate - response time in milliseconds: 125
1 < 200
1 < date: Mon, 17 Mar 2025 17:06:00 GMT
1 < content-type: application/json
1 < x-request-id: dfc833c2-5fb5-4282-8c57-10923ff86451
1 < set-cookie: __Host-device_id=AQB1HypElUjKWq1_zLu8VXv7-l630aeECA7Xz2Q_ngyqnjNpgZgpRYIcnnh6Nly9ocPqWTjENxdRc6clufS2ayn-xcFXTBt2Bw4;Version=1;Path=/;Max-Age=2147483647;Secure;HttpOnly;SameSite=Lax
1 < set-cookie: sp_tr=false;Version=1;Domain=accounts.spotify.com;Path=/;Secure;SameSite=Lax
1 < sp-trace-id: a1ecb980b6c11d5d
1 < x-envoy-upstream-service-time: 8
1 < server: envoy
1 < strict-transport-security: max-age=31536000
1 < x-content-type-options: nosniff
1 < vary: Accept-Encoding
1 < Via: HTTP/2 edgeproxy, 1.1 google
1 < Alt-Svc: h3=":443"; ma=2592000,h3-29=":443"; ma=2592000
1 < Transfer-Encoding: chunked
1 < Set-Cookie: __Host-device_id=AQB1HypElUjKWq1_zLu8VXv7-l630aeECA7Xz2Q_ngyqnjNpgZgpRYIcnnh6Nly9ocPqWTjENxdRc6clufS2ayn-xcFXTBt2Bw4;Version=1;Path=/;Max-Age=2147483647;Secure;HttpOnly;SameSite=Lax
1 < Set-Cookie: sp_tr=false;Version=1;Domain=accounts.spotify.com;Path=/;Secure;SameSite=Lax
{"access_token":"BQA-6WK6LdN4-a5fg4jB9_1L9qJ9FHj4_AjQp4LNuSamRRGWM9G8ZhLRJzFW9umC5uPH9CjyRkhtAC0Imw-hFhcH-0wTZTm7-iPjFySGrdA781IuZ4-fKzXJ5ZmR_TCgXcoUImYQ_v4","token_type":"Bearer","expires_in":3600}

12:05:59.126 [pool-2-thread-5] DEBUG com.intuit.karate - request:
1 > GET https://api.spotify.com/v1/albums/aeio2020232521
1 > Authorization: Bearer BQDSbEV1qhZOhLUmAIDepwLVch9ZuWEm2ZAPSH0UT4C-JDMtzIMXUw4XOZjxK3-R6wBA2Pyd3eMTltKJ2sraULiTnFYXmx043XeCaaIxJEFd_uD3oD8iwVvGdZvqZRm8kui1CXJezQc
1 > Host: api.spotify.com
1 > Connection: Keep-Alive
1 > User-Agent: Apache-HttpClient/4.5.14 (Java/17.0.12)
1 > Accept-Encoding: gzip,deflate


12:05:59.127 [pool-2-thread-3] DEBUG com.intuit.karate - request:
1 > GET https://api.spotify.com/v1/albums/14zUHaJZo1mnYtn6IBRaRP
1 > Authorization: Bearer BQCJKBvjgfm7VK5jD4GUzlTkR5Y4SwDz93aD0d1xi3YrQSNwLRUvLNzyHO0Z0AqcCscbsssR6xlNzfID2ChFrzwEQrJAQ5OrfhuKBgQTVFwraDqYiZkvXda5dQCxwVA9WIVH5tHyZzY
1 > Host: api.spotify.com
1 > Connection: Keep-Alive
1 > User-Agent: Apache-HttpClient/4.5.14 (Java/17.0.12)
1 > Accept-Encoding: gzip,deflate


12:05:59.128 [pool-2-thread-1] INFO  com.intuit.karate - [print] access_token BQA-6WK6LdN4-a5fg4jB9_1L9qJ9FHj4_AjQp4LNuSamRRGWM9G8ZhLRJzFW9umC5uPH9CjyRkhtAC0Imw-hFhcH-0wTZTm7-iPjFySGrdA781IuZ4-fKzXJ5ZmR_TCgXcoUImYQ_v4 
12:05:59.128 [pool-2-thread-4] DEBUG com.intuit.karate - response time in milliseconds: 136
1 < 200
1 < date: Mon, 17 Mar 2025 17:06:00 GMT
1 < content-type: application/json
1 < x-request-id: bed956a8-65e8-46f8-b5e5-9e7741990688
1 < set-cookie: __Host-device_id=AQByx3s72aHYt5SWawvcRDdRUtCWbB1LWNZ9Yr0BUcGWVRlwXxc-zp20PSejVjQ7Xr7SsnPfJNaPvl922bRIGL5i_2tD8XNoyQ0;Version=1;Path=/;Max-Age=2147483647;Secure;HttpOnly;SameSite=Lax
1 < set-cookie: sp_tr=false;Version=1;Domain=accounts.spotify.com;Path=/;Secure;SameSite=Lax
1 < sp-trace-id: 851700bd7ee5c313
1 < x-envoy-upstream-service-time: 10
1 < server: envoy
1 < strict-transport-security: max-age=31536000
1 < x-content-type-options: nosniff
1 < vary: Accept-Encoding
1 < Via: HTTP/2 edgeproxy, 1.1 google
1 < Alt-Svc: h3=":443"; ma=2592000,h3-29=":443"; ma=2592000
1 < Transfer-Encoding: chunked
1 < Set-Cookie: __Host-device_id=AQByx3s72aHYt5SWawvcRDdRUtCWbB1LWNZ9Yr0BUcGWVRlwXxc-zp20PSejVjQ7Xr7SsnPfJNaPvl922bRIGL5i_2tD8XNoyQ0;Version=1;Path=/;Max-Age=2147483647;Secure;HttpOnly;SameSite=Lax
1 < Set-Cookie: sp_tr=false;Version=1;Domain=accounts.spotify.com;Path=/;Secure;SameSite=Lax
{"access_token":"BQBOdC1KH2mzFt3uhJVVCyCUzrRrYjKQcwz2Vr8dujHmVlN0j4w0SOdByK_Aor4NVrxry0OQS-LCuvyByq7B2K9QJzf6VQDPcMronPHcDE3ogv-CcPdP8MWNLvTp2M13yG0hc_hteFU","token_type":"Bearer","expires_in":3600}

12:05:59.130 [pool-2-thread-4] INFO  com.intuit.karate - [print] access_token BQBOdC1KH2mzFt3uhJVVCyCUzrRrYjKQcwz2Vr8dujHmVlN0j4w0SOdByK_Aor4NVrxry0OQS-LCuvyByq7B2K9QJzf6VQDPcMronPHcDE3ogv-CcPdP8MWNLvTp2M13yG0hc_hteFU 
12:05:59.134 [pool-2-thread-1] DEBUG com.intuit.karate - request:
1 > GET https://api.spotify.com/v1/albums/2YeKV1ibuIz9JhF9Yg89w4
1 > Authorization: Bearer 
1 > Host: api.spotify.com
1 > Connection: Keep-Alive
1 > User-Agent: Apache-HttpClient/4.5.14 (Java/17.0.12)
1 > Accept-Encoding: gzip,deflate


12:05:59.136 [pool-2-thread-4] DEBUG com.intuit.karate - request:
1 > GET https://api.spotify.com/v1/albums/2YeKV1ibuIz9JhF9Yg89w4
1 > Authorization: Bearer aeae1818
1 > Host: api.spotify.com
1 > Connection: Keep-Alive
1 > User-Agent: Apache-HttpClient/4.5.14 (Java/17.0.12)
1 > Accept-Encoding: gzip,deflate


12:05:59.243 [pool-2-thread-2] DEBUG com.intuit.karate - response time in milliseconds: 153
1 < 200
1 < date: Mon, 17 Mar 2025 17:06:00 GMT
1 < content-type: application/json
1 < x-request-id: ea612cf9-071d-4f91-897e-76199ee27518
1 < set-cookie: __Host-device_id=AQDlSoWt8oKAsqhQNtM-ZEeCKsOdvRUbKBpFJbUv6eSNOtVkHChLHogPEEUYHG7MV99aESyrtpyZQ-e-OW2gpe1KmCryoU3HjfY;Version=1;Path=/;Max-Age=2147483647;Secure;HttpOnly;SameSite=Lax
1 < set-cookie: sp_tr=false;Version=1;Domain=accounts.spotify.com;Path=/;Secure;SameSite=Lax
1 < sp-trace-id: 59a2ab4ce75e9322
1 < x-envoy-upstream-service-time: 9
1 < server: envoy
1 < strict-transport-security: max-age=31536000
1 < x-content-type-options: nosniff
1 < vary: Accept-Encoding
1 < Via: HTTP/2 edgeproxy, 1.1 google
1 < Alt-Svc: h3=":443"; ma=2592000,h3-29=":443"; ma=2592000
1 < Transfer-Encoding: chunked
1 < Set-Cookie: __Host-device_id=AQDlSoWt8oKAsqhQNtM-ZEeCKsOdvRUbKBpFJbUv6eSNOtVkHChLHogPEEUYHG7MV99aESyrtpyZQ-e-OW2gpe1KmCryoU3HjfY;Version=1;Path=/;Max-Age=2147483647;Secure;HttpOnly;SameSite=Lax
1 < Set-Cookie: sp_tr=false;Version=1;Domain=accounts.spotify.com;Path=/;Secure;SameSite=Lax
{"access_token":"BQCANsAdi_MpKUj3i3br4Bvxs1WFu2HSsp1Kg8G35JnXc_tl6ZgTdmcH756y8hIImWGMgIjxpRS0RNOfYK5lM-EEuuYOf370V2nIzKOJJUxu7UTYpdIPg8w1GRcNnM6RqT6P8k0z07o","token_type":"Bearer","expires_in":3600}

12:05:59.248 [pool-2-thread-2] INFO  com.intuit.karate - [print] access_token BQCANsAdi_MpKUj3i3br4Bvxs1WFu2HSsp1Kg8G35JnXc_tl6ZgTdmcH756y8hIImWGMgIjxpRS0RNOfYK5lM-EEuuYOf370V2nIzKOJJUxu7UTYpdIPg8w1GRcNnM6RqT6P8k0z07o 
12:05:59.259 [pool-2-thread-2] DEBUG com.intuit.karate - request:
1 > GET https://api.spotify.com/v1/albums/2YeKV1ibuIz9JhF9Yg89w4
1 > Authorization: null
1 > Host: api.spotify.com
1 > Connection: Keep-Alive
1 > User-Agent: Apache-HttpClient/4.5.14 (Java/17.0.12)
1 > Accept-Encoding: gzip,deflate


12:05:59.290 [pool-2-thread-5] DEBUG com.intuit.karate - response time in milliseconds: 149
1 < 400
1 < content-type: application/json; charset=utf-8
1 < cache-control: private, max-age=0
1 < access-control-allow-origin: *
1 < access-control-allow-headers: Accept, App-Platform, Authorization, Content-Type, Origin, Retry-After, Spotify-App-Version, X-Cloud-Trace-Context, client-token, content-access-token
1 < access-control-allow-methods: GET, POST, OPTIONS, PUT, DELETE, PATCH
1 < access-control-allow-credentials: true
1 < access-control-max-age: 604800
1 < strict-transport-security: max-age=31536000
1 < x-content-type-options: nosniff
1 < date: Mon, 17 Mar 2025 17:05:59 GMT
1 < server: envoy
1 < Via: HTTP/2 edgeproxy, 1.1 google
1 < Alt-Svc: h3=":443"; ma=2592000,h3-29=":443"; ma=2592000
1 < Transfer-Encoding: chunked
{"error": {"status": 400, "message": "Invalid base62 id" } }

12:05:59.290 [pool-2-thread-4] DEBUG com.intuit.karate - response time in milliseconds: 141
1 < 401
1 < www-authenticate: Bearer realm="spotify", error="invalid_token", error_description="Invalid access token"
1 < access-control-allow-origin: *
1 < access-control-allow-headers: Accept, App-Platform, Authorization, Content-Type, Origin, Retry-After, Spotify-App-Version, X-Cloud-Trace-Context, client-token, content-access-token
1 < access-control-allow-methods: GET, POST, OPTIONS, PUT, DELETE, PATCH
1 < access-control-allow-credentials: true
1 < access-control-max-age: 604800
1 < content-type: application/json
1 < strict-transport-security: max-age=31536000
1 < x-content-type-options: nosniff
1 < date: Mon, 17 Mar 2025 17:06:00 GMT
1 < server: envoy
1 < Via: HTTP/2 edgeproxy, 1.1 google
1 < Alt-Svc: h3=":443"; ma=2592000,h3-29=":443"; ma=2592000
1 < Transfer-Encoding: chunked
{
  "error": {
    "status": 401,
    "message": "Invalid access token"
  }
}

12:05:59.292 [pool-2-thread-1] DEBUG com.intuit.karate - response time in milliseconds: 144
1 < 400
1 < www-authenticate: Bearer realm="spotify", error="invalid_request", error_description="Only valid bearer authentication supported"
1 < access-control-allow-origin: *
1 < access-control-allow-headers: Accept, App-Platform, Authorization, Content-Type, Origin, Retry-After, Spotify-App-Version, X-Cloud-Trace-Context, client-token, content-access-token
1 < access-control-allow-methods: GET, POST, OPTIONS, PUT, DELETE, PATCH
1 < access-control-allow-credentials: true
1 < access-control-max-age: 604800
1 < content-type: application/json
1 < strict-transport-security: max-age=31536000
1 < x-content-type-options: nosniff
1 < date: Mon, 17 Mar 2025 17:05:59 GMT
1 < server: envoy
1 < Via: HTTP/2 edgeproxy, 1.1 google
1 < Alt-Svc: h3=":443"; ma=2592000,h3-29=":443"; ma=2592000
1 < Transfer-Encoding: chunked
{
  "error": {
    "status": 400,
    "message": "Only valid bearer authentication supported"
  }
}

12:05:59.301 [pool-2-thread-4] INFO  com.intuit.karate - karate.env system property was: null 
12:05:59.304 [pool-2-thread-1] INFO  com.intuit.karate - karate.env system property was: null 
12:05:59.311 [pool-2-thread-5] INFO  com.intuit.karate - karate.env system property was: null 
12:05:59.320 [pool-2-thread-4] DEBUG com.intuit.karate - request:
1 > POST https://accounts.spotify.com/api/token
1 > Content-Type: application/x-www-form-urlencoded
1 > Content-Length: 119
1 > Host: accounts.spotify.com
1 > Connection: Keep-Alive
1 > User-Agent: Apache-HttpClient/4.5.14 (Java/17.0.12)
1 > Accept-Encoding: gzip,deflate
grant_type=client_credentials&client_id=1bc9a0fdadf44d09a9176bdcc7555a59&client_secret=5285c3a6fd1b4d96ba0946cb7fbb4d86

12:05:59.328 [pool-2-thread-5] DEBUG com.intuit.karate - request:
1 > POST https://accounts.spotify.com/api/token
1 > Content-Type: application/x-www-form-urlencoded
1 > Content-Length: 119
1 > Host: accounts.spotify.com
1 > Connection: Keep-Alive
1 > User-Agent: Apache-HttpClient/4.5.14 (Java/17.0.12)
1 > Accept-Encoding: gzip,deflate
grant_type=client_credentials&client_id=1bc9a0fdadf44d09a9176bdcc7555a59&client_secret=5285c3a6fd1b4d96ba0946cb7fbb4d86

12:05:59.331 [pool-2-thread-1] DEBUG com.intuit.karate - request:
1 > POST https://accounts.spotify.com/api/token
1 > Content-Type: application/x-www-form-urlencoded
1 > Content-Length: 119
1 > Host: accounts.spotify.com
1 > Connection: Keep-Alive
1 > User-Agent: Apache-HttpClient/4.5.14 (Java/17.0.12)
1 > Accept-Encoding: gzip,deflate
grant_type=client_credentials&client_id=1bc9a0fdadf44d09a9176bdcc7555a59&client_secret=5285c3a6fd1b4d96ba0946cb7fbb4d86

12:05:59.349 [pool-2-thread-3] DEBUG com.intuit.karate - response time in milliseconds: 208
1 < 404
1 < content-type: application/json; charset=utf-8
1 < cache-control: private, max-age=0
1 < access-control-allow-origin: *
1 < access-control-allow-headers: Accept, App-Platform, Authorization, Content-Type, Origin, Retry-After, Spotify-App-Version, X-Cloud-Trace-Context, client-token, content-access-token
1 < access-control-allow-methods: GET, POST, OPTIONS, PUT, DELETE, PATCH
1 < access-control-allow-credentials: true
1 < access-control-max-age: 604800
1 < strict-transport-security: max-age=31536000
1 < x-content-type-options: nosniff
1 < date: Mon, 17 Mar 2025 17:06:00 GMT
1 < server: envoy
1 < Via: HTTP/2 edgeproxy, 1.1 google
1 < Alt-Svc: h3=":443"; ma=2592000,h3-29=":443"; ma=2592000
1 < Transfer-Encoding: chunked
{"error": {"status": 404, "message": "Resource not found" } }

12:05:59.361 [pool-2-thread-3] INFO  com.intuit.karate - karate.env system property was: null 
12:05:59.376 [pool-2-thread-3] DEBUG com.intuit.karate - request:
1 > POST https://accounts.spotify.com/api/token
1 > Content-Type: application/x-www-form-urlencoded
1 > Content-Length: 119
1 > Host: accounts.spotify.com
1 > Connection: Keep-Alive
1 > User-Agent: Apache-HttpClient/4.5.14 (Java/17.0.12)
1 > Accept-Encoding: gzip,deflate
grant_type=client_credentials&client_id=1bc9a0fdadf44d09a9176bdcc7555a59&client_secret=5285c3a6fd1b4d96ba0946cb7fbb4d86

12:05:59.454 [pool-2-thread-2] DEBUG com.intuit.karate - response time in milliseconds: 182
1 < 400
1 < www-authenticate: Bearer realm="spotify", error="invalid_request", error_description="Only valid bearer authentication supported"
1 < access-control-allow-origin: *
1 < access-control-allow-headers: Accept, App-Platform, Authorization, Content-Type, Origin, Retry-After, Spotify-App-Version, X-Cloud-Trace-Context, client-token, content-access-token
1 < access-control-allow-methods: GET, POST, OPTIONS, PUT, DELETE, PATCH
1 < access-control-allow-credentials: true
1 < access-control-max-age: 604800
1 < content-type: application/json
1 < strict-transport-security: max-age=31536000
1 < x-content-type-options: nosniff
1 < date: Mon, 17 Mar 2025 17:06:00 GMT
1 < server: envoy
1 < Via: HTTP/2 edgeproxy, 1.1 google
1 < Alt-Svc: h3=":443"; ma=2592000,h3-29=":443"; ma=2592000
1 < Transfer-Encoding: chunked
{
  "error": {
    "status": 400,
    "message": "Only valid bearer authentication supported"
  }
}

12:05:59.466 [pool-2-thread-2] INFO  com.intuit.karate - karate.env system property was: null 
12:05:59.481 [pool-2-thread-2] DEBUG com.intuit.karate - request:
1 > POST https://accounts.spotify.com/api/token
1 > Content-Type: application/x-www-form-urlencoded
1 > Content-Length: 119
1 > Host: accounts.spotify.com
1 > Connection: Keep-Alive
1 > User-Agent: Apache-HttpClient/4.5.14 (Java/17.0.12)
1 > Accept-Encoding: gzip,deflate
grant_type=client_credentials&client_id=1bc9a0fdadf44d09a9176bdcc7555a59&client_secret=5285c3a6fd1b4d96ba0946cb7fbb4d86

12:05:59.485 [pool-2-thread-1] DEBUG com.intuit.karate - response time in milliseconds: 132
1 < 200
1 < date: Mon, 17 Mar 2025 17:06:00 GMT
1 < content-type: application/json
1 < x-request-id: 2fd6be39-5088-49a9-92d1-1a43667b2b21
1 < set-cookie: __Host-device_id=AQD93KqkkBwrMs2otL0OQKBE_I6cMop7kAN6MwtWb5Zh8d6GNu5NVTzptJfW60skrSvJBJupKL44eROcoKaujjjSA8wCf5tnjLI;Version=1;Path=/;Max-Age=2147483647;Secure;HttpOnly;SameSite=Lax
1 < set-cookie: sp_tr=false;Version=1;Domain=accounts.spotify.com;Path=/;Secure;SameSite=Lax
1 < sp-trace-id: 2bcd4141fa5b7ada
1 < x-envoy-upstream-service-time: 8
1 < server: envoy
1 < strict-transport-security: max-age=31536000
1 < x-content-type-options: nosniff
1 < vary: Accept-Encoding
1 < Via: HTTP/2 edgeproxy, 1.1 google
1 < Alt-Svc: h3=":443"; ma=2592000,h3-29=":443"; ma=2592000
1 < Transfer-Encoding: chunked
1 < Set-Cookie: __Host-device_id=AQD93KqkkBwrMs2otL0OQKBE_I6cMop7kAN6MwtWb5Zh8d6GNu5NVTzptJfW60skrSvJBJupKL44eROcoKaujjjSA8wCf5tnjLI;Version=1;Path=/;Max-Age=2147483647;Secure;HttpOnly;SameSite=Lax
1 < Set-Cookie: sp_tr=false;Version=1;Domain=accounts.spotify.com;Path=/;Secure;SameSite=Lax
{"access_token":"BQBsYzQwfjcaAWnT7kb4sTlB9saEMchmGu62jMLBicffglXUCBVGWDrbMZWOtIl7elp-BDRSn2RR3Wb-zNjCT6DRg_Cu-nb4So_nNCzimg7ErF7fYgdf8yeYuTMqGkczK8zkb3u8hto","token_type":"Bearer","expires_in":3600}

12:05:59.486 [pool-2-thread-5] DEBUG com.intuit.karate - response time in milliseconds: 139
1 < 200
1 < date: Mon, 17 Mar 2025 17:06:00 GMT
1 < content-type: application/json
1 < x-request-id: f49f91e3-37d3-4f97-8390-62dbd329f832
1 < set-cookie: __Host-device_id=AQBRYybVUto56yVd-bYFDMETQyoCoFC3Lgixp_pPQOqBcyhjiqXe4oVnPfCUHxk2twcMs6FRedEsFuzSTFvwJYmrbelnGGtcse4;Version=1;Path=/;Max-Age=2147483647;Secure;HttpOnly;SameSite=Lax
1 < set-cookie: sp_tr=false;Version=1;Domain=accounts.spotify.com;Path=/;Secure;SameSite=Lax
1 < sp-trace-id: e852f6428c17c6b5
1 < x-envoy-upstream-service-time: 8
1 < server: envoy
1 < strict-transport-security: max-age=31536000
1 < x-content-type-options: nosniff
1 < vary: Accept-Encoding
1 < Via: HTTP/2 edgeproxy, 1.1 google
1 < Alt-Svc: h3=":443"; ma=2592000,h3-29=":443"; ma=2592000
1 < Transfer-Encoding: chunked
1 < Set-Cookie: __Host-device_id=AQBRYybVUto56yVd-bYFDMETQyoCoFC3Lgixp_pPQOqBcyhjiqXe4oVnPfCUHxk2twcMs6FRedEsFuzSTFvwJYmrbelnGGtcse4;Version=1;Path=/;Max-Age=2147483647;Secure;HttpOnly;SameSite=Lax
1 < Set-Cookie: sp_tr=false;Version=1;Domain=accounts.spotify.com;Path=/;Secure;SameSite=Lax
{"access_token":"BQDgWNSOvv_BV7BqziyLxNdF10pIFLpDE6qyTDc4DWKgaTY83_okWWgaIqPyAMFlrM3HCEV7NG5cM2TivleDZMIxRZIO3NK04HVSzXxoFxAu-fCxqtXxuUEcjn5hSmrbqxKq6TaCSPg","token_type":"Bearer","expires_in":3600}

12:05:59.489 [pool-2-thread-1] INFO  com.intuit.karate - [print] access_token BQBsYzQwfjcaAWnT7kb4sTlB9saEMchmGu62jMLBicffglXUCBVGWDrbMZWOtIl7elp-BDRSn2RR3Wb-zNjCT6DRg_Cu-nb4So_nNCzimg7ErF7fYgdf8yeYuTMqGkczK8zkb3u8hto 
12:05:59.489 [pool-2-thread-5] INFO  com.intuit.karate - [print] access_token BQDgWNSOvv_BV7BqziyLxNdF10pIFLpDE6qyTDc4DWKgaTY83_okWWgaIqPyAMFlrM3HCEV7NG5cM2TivleDZMIxRZIO3NK04HVSzXxoFxAu-fCxqtXxuUEcjn5hSmrbqxKq6TaCSPg 
12:05:59.498 [pool-2-thread-5] DEBUG com.intuit.karate - request:
1 > GET https://api.spotify.com/v1/albums?ids=2YeKV1ibuIz9JhF9Yg89w4%2C7kFyd5oyJdVX2pIi6P4iHE%2C5L3PAo50R75rOZLlEvokZZ%2C25Gsw8B8ZpFFhOlx9fF1LR%2C2c4kX5vwi2QnarQQyfXsA1%2C3w4tn0BuFHNjiqGMevGaz9%2C3V2ApPxUSquOkjLQU3wmjh%2C2cOBkSXvFSkt37e9DHKqT0%2C0aX0UXrHG2ceYIxTQcqJdA%2C5FYFgRnlsl9Qrm1xD8cqo7%2C0leCm7DasgqP70lhOVeXyU%2C67JIMv9vCB2ukBdEbtUmUG%2C3wU2wXacpwqetSRloR0nMX%2C7nQEMEmUDb0KRNlbTUi4mE%2C19DbwnDUWS0CuJF92sc4Wn%2C4B4Elma4nNDUyl6D5PvQkj%2C6NmYJszy5BaEm1WF4tJL7Z%2C2PiqQiq61HCKiK0LPzdptP%2C2Mhh5KI8hfKMkpHs7xkWBt
1 > Authorization: Bearer BQDgWNSOvv_BV7BqziyLxNdF10pIFLpDE6qyTDc4DWKgaTY83_okWWgaIqPyAMFlrM3HCEV7NG5cM2TivleDZMIxRZIO3NK04HVSzXxoFxAu-fCxqtXxuUEcjn5hSmrbqxKq6TaCSPg
1 > Host: api.spotify.com
1 > Connection: Keep-Alive
1 > User-Agent: Apache-HttpClient/4.5.14 (Java/17.0.12)
1 > Accept-Encoding: gzip,deflate


12:05:59.499 [pool-2-thread-1] DEBUG com.intuit.karate - request:
1 > GET https://api.spotify.com/v1/albums?ids=2YeKV1ibuIz9JhF9Yg89w4%2C7kFyd5oyJdVX2pIi6P4iHE%2C5L3PAo50R75rOZLlEvokZZ%2C25Gsw8B8ZpFFhOlx9fF1LR%2C2c4kX5vwi2QnarQQyfXsA1%2C3w4tn0BuFHNjiqGMevGaz9%2C3V2ApPxUSquOkjLQU3wmjh%2C2cOBkSXvFSkt37e9DHKqT0%2C0aX0UXrHG2ceYIxTQcqJdA%2C5FYFgRnlsl9Qrm1xD8cqo7%2C0leCm7DasgqP70lhOVeXyU%2C67JIMv9vCB2ukBdEbtUmUG%2C3wU2wXacpwqetSRloR0nMX%2C7nQEMEmUDb0KRNlbTUi4mE%2C19DbwnDUWS0CuJF92sc4Wn%2C4B4Elma4nNDUyl6D5PvQkj%2C6NmYJszy5BaEm1WF4tJL7Z%2C2PiqQiq61HCKiK0LPzdptP%2C2Mhh5KI8hfKMkpHs7xkWBt%2C1hUqwHvAVIEXMXqIrkHgPo
1 > Authorization: Bearer BQBsYzQwfjcaAWnT7kb4sTlB9saEMchmGu62jMLBicffglXUCBVGWDrbMZWOtIl7elp-BDRSn2RR3Wb-zNjCT6DRg_Cu-nb4So_nNCzimg7ErF7fYgdf8yeYuTMqGkczK8zkb3u8hto
1 > Host: api.spotify.com
1 > Connection: Keep-Alive
1 > User-Agent: Apache-HttpClient/4.5.14 (Java/17.0.12)
1 > Accept-Encoding: gzip,deflate


12:05:59.510 [pool-2-thread-4] DEBUG com.intuit.karate - response time in milliseconds: 175
1 < 200
1 < date: Mon, 17 Mar 2025 17:06:00 GMT
1 < content-type: application/json
1 < x-request-id: 70377d95-7546-41b4-99b8-2081f8bf72bc
1 < set-cookie: __Host-device_id=AQBkHBGwNa_OwT326bhAzBUG4yIISt3_8lYDSuERplVeCdyMym3GTqrlF6nMkzTbs86GTEq6PgGqbr-MgT-ENjvRmVcHS8B7Djo;Version=1;Path=/;Max-Age=2147483647;Secure;HttpOnly;SameSite=Lax
1 < set-cookie: sp_tr=false;Version=1;Domain=accounts.spotify.com;Path=/;Secure;SameSite=Lax
1 < sp-trace-id: df189f4593aebf7f
1 < x-envoy-upstream-service-time: 5
1 < server: envoy
1 < strict-transport-security: max-age=31536000
1 < x-content-type-options: nosniff
1 < vary: Accept-Encoding
1 < Via: HTTP/2 edgeproxy, 1.1 google
1 < Alt-Svc: h3=":443"; ma=2592000,h3-29=":443"; ma=2592000
1 < Transfer-Encoding: chunked
1 < Set-Cookie: __Host-device_id=AQBkHBGwNa_OwT326bhAzBUG4yIISt3_8lYDSuERplVeCdyMym3GTqrlF6nMkzTbs86GTEq6PgGqbr-MgT-ENjvRmVcHS8B7Djo;Version=1;Path=/;Max-Age=2147483647;Secure;HttpOnly;SameSite=Lax
1 < Set-Cookie: sp_tr=false;Version=1;Domain=accounts.spotify.com;Path=/;Secure;SameSite=Lax
{"access_token":"BQBi2Z6dData8GFTnmZEk_1kr0wFXDbj6mLD2ERSPU6lSf7bVKD4TlxCsjnW9TPhf_7APDKyFbVc9tUaH0q8POdPyw9XTSkWFaNWybTugsKe2340yKHQadPe2aYNWSnbWO9RcePlVRI","token_type":"Bearer","expires_in":3600}

12:05:59.513 [pool-2-thread-4] INFO  com.intuit.karate - [print] access_token BQBi2Z6dData8GFTnmZEk_1kr0wFXDbj6mLD2ERSPU6lSf7bVKD4TlxCsjnW9TPhf_7APDKyFbVc9tUaH0q8POdPyw9XTSkWFaNWybTugsKe2340yKHQadPe2aYNWSnbWO9RcePlVRI 
12:05:59.521 [pool-2-thread-4] DEBUG com.intuit.karate - request:
1 > GET https://api.spotify.com/v1/albums?ids=2YeKV1ibuIz9JhF9Yg89w4%2C7kFyd5oyJdVX2pIi6P4iHE
1 > Authorization: Bearer BQBi2Z6dData8GFTnmZEk_1kr0wFXDbj6mLD2ERSPU6lSf7bVKD4TlxCsjnW9TPhf_7APDKyFbVc9tUaH0q8POdPyw9XTSkWFaNWybTugsKe2340yKHQadPe2aYNWSnbWO9RcePlVRI
1 > Host: api.spotify.com
1 > Connection: Keep-Alive
1 > User-Agent: Apache-HttpClient/4.5.14 (Java/17.0.12)
1 > Accept-Encoding: gzip,deflate


12:05:59.525 [pool-2-thread-3] DEBUG com.intuit.karate - response time in milliseconds: 134
1 < 200
1 < date: Mon, 17 Mar 2025 17:06:00 GMT
1 < content-type: application/json
1 < x-request-id: d43e8107-06c0-4dd6-b218-59952956598d
1 < set-cookie: __Host-device_id=AQDilbUaevh9MWPsGHOY1x0rT_ugPvTx-qr6-GSHjUS3K4m4Wg-dotoEiPW9cinewQ4IrpgS_UJFlr0dzCRCW0WPsi8jsVYY2qA;Version=1;Path=/;Max-Age=2147483647;Secure;HttpOnly;SameSite=Lax
1 < set-cookie: sp_tr=false;Version=1;Domain=accounts.spotify.com;Path=/;Secure;SameSite=Lax
1 < sp-trace-id: 682b56152565ce14
1 < x-envoy-upstream-service-time: 9
1 < server: envoy
1 < strict-transport-security: max-age=31536000
1 < x-content-type-options: nosniff
1 < vary: Accept-Encoding
1 < Via: HTTP/2 edgeproxy, 1.1 google
1 < Alt-Svc: h3=":443"; ma=2592000,h3-29=":443"; ma=2592000
1 < Transfer-Encoding: chunked
1 < Set-Cookie: __Host-device_id=AQDilbUaevh9MWPsGHOY1x0rT_ugPvTx-qr6-GSHjUS3K4m4Wg-dotoEiPW9cinewQ4IrpgS_UJFlr0dzCRCW0WPsi8jsVYY2qA;Version=1;Path=/;Max-Age=2147483647;Secure;HttpOnly;SameSite=Lax
1 < Set-Cookie: sp_tr=false;Version=1;Domain=accounts.spotify.com;Path=/;Secure;SameSite=Lax
{"access_token":"BQDvqY_wTnU1eHLp2GSA3N9oqgL-aZEJ2aBAUuXFja_MctXwzueKxs2ZdwLbLwPIxwHJGNMboyDD4h1t45moo-lku16j3Px6Mc3Lh8Ura2m0ItGTpQQyjMyrVOpWuCv4Qn-5xgsZBKg","token_type":"Bearer","expires_in":3600}

12:05:59.528 [pool-2-thread-3] INFO  com.intuit.karate - [print] access_token BQDvqY_wTnU1eHLp2GSA3N9oqgL-aZEJ2aBAUuXFja_MctXwzueKxs2ZdwLbLwPIxwHJGNMboyDD4h1t45moo-lku16j3Px6Mc3Lh8Ura2m0ItGTpQQyjMyrVOpWuCv4Qn-5xgsZBKg 
12:05:59.535 [pool-2-thread-3] DEBUG com.intuit.karate - request:
1 > GET https://api.spotify.com/v1/albums?ids=2YeKV1ibuIz9JhF9Yg89w4%2C7kFyd5oyJdVX2pIi6P4iHE%2C5L3PAo50R75rOZLlEvokZZ%2C25Gsw8B8ZpFFhOlx9fF1LR%2C2c4kX5vwi2QnarQQyfXsA1%2C3w4tn0BuFHNjiqGMevGaz9%2C3V2ApPxUSquOkjLQU3wmjh%2C2cOBkSXvFSkt37e9DHKqT0%2C0aX0UXrHG2ceYIxTQcqJdA%2C5FYFgRnlsl9Qrm1xD8cqo7%2C0leCm7DasgqP70lhOVeXyU%2C67JIMv9vCB2ukBdEbtUmUG%2C3wU2wXacpwqetSRloR0nMX%2C7nQEMEmUDb0KRNlbTUi4mE%2C19DbwnDUWS0CuJF92sc4Wn
1 > Authorization: Bearer BQDvqY_wTnU1eHLp2GSA3N9oqgL-aZEJ2aBAUuXFja_MctXwzueKxs2ZdwLbLwPIxwHJGNMboyDD4h1t45moo-lku16j3Px6Mc3Lh8Ura2m0ItGTpQQyjMyrVOpWuCv4Qn-5xgsZBKg
1 > Host: api.spotify.com
1 > Connection: Keep-Alive
1 > User-Agent: Apache-HttpClient/4.5.14 (Java/17.0.12)
1 > Accept-Encoding: gzip,deflate


12:05:59.692 [pool-2-thread-2] DEBUG com.intuit.karate - response time in milliseconds: 198
1 < 200
1 < date: Mon, 17 Mar 2025 17:06:00 GMT
1 < content-type: application/json
1 < x-request-id: 94d7a1dc-ecd2-49b2-860e-908ae20dce95
1 < set-cookie: __Host-device_id=AQAC3Fne3PpCascNE9LYMRgUl5gt02IGOvWBLeZCtnfxmfKVwWExkvs5VvLOV6rHtBAG3UhJzfpN7zdojjR268haDK-zM9N_b9g;Version=1;Path=/;Max-Age=2147483647;Secure;HttpOnly;SameSite=Lax
1 < set-cookie: sp_tr=false;Version=1;Domain=accounts.spotify.com;Path=/;Secure;SameSite=Lax
1 < sp-trace-id: 264f45d8bf7d91f3
1 < x-envoy-upstream-service-time: 5
1 < server: envoy
1 < strict-transport-security: max-age=31536000
1 < x-content-type-options: nosniff
1 < vary: Accept-Encoding
1 < Via: HTTP/2 edgeproxy, 1.1 google
1 < Alt-Svc: h3=":443"; ma=2592000,h3-29=":443"; ma=2592000
1 < Transfer-Encoding: chunked
1 < Set-Cookie: __Host-device_id=AQAC3Fne3PpCascNE9LYMRgUl5gt02IGOvWBLeZCtnfxmfKVwWExkvs5VvLOV6rHtBAG3UhJzfpN7zdojjR268haDK-zM9N_b9g;Version=1;Path=/;Max-Age=2147483647;Secure;HttpOnly;SameSite=Lax
1 < Set-Cookie: sp_tr=false;Version=1;Domain=accounts.spotify.com;Path=/;Secure;SameSite=Lax
{"access_token":"BQAuD5clbqiJu-UYMkis7kz2iDhioWwMaHErxkIftLqYGgX147mbjxqw4SVg7iM7P1CIXk-x3RJtx2Ek5PCImuenYHx6KDaHM85aRHQheHwRB4LMqfk1A272FwA4fy_l53CS8sOpEwc","token_type":"Bearer","expires_in":3600}

12:05:59.697 [pool-2-thread-2] INFO  com.intuit.karate - [print] access_token BQAuD5clbqiJu-UYMkis7kz2iDhioWwMaHErxkIftLqYGgX147mbjxqw4SVg7iM7P1CIXk-x3RJtx2Ek5PCImuenYHx6KDaHM85aRHQheHwRB4LMqfk1A272FwA4fy_l53CS8sOpEwc 
12:05:59.707 [pool-2-thread-2] DEBUG com.intuit.karate - request:
1 > GET https://api.spotify.com/v1/albums?ids=2YeKV1ibuIz9JhF9Yg89w4%2C7kFyd5oyJdVX2pIi6P4iHE%2C5L3PAo50R75rOZLlEvokZZ%2C25Gsw8B8ZpFFhOlx9fF1LR%2C2c4kX5vwi2QnarQQyfXsA1%2C3w4tn0BuFHNjiqGMevGaz9%2C3V2ApPxUSquOkjLQU3wmjh%2C2cOBkSXvFSkt37e9DHKqT0%2C0aX0UXrHG2ceYIxTQcqJdA%2C5FYFgRnlsl9Qrm1xD8cqo7%2C0leCm7DasgqP70lhOVeXyU%2C67JIMv9vCB2ukBdEbtUmUG%2C3wU2wXacpwqetSRloR0nMX%2C7nQEMEmUDb0KRNlbTUi4mE%2C19DbwnDUWS0CuJF92sc4Wn%2C4B4Elma4nNDUyl6D5PvQkj%2C6NmYJszy5BaEm1WF4tJL7Z%2C2PiqQiq61HCKiK0LPzdptP%2C2Mhh5KI8hfKMkpHs7xkWBt%2C1hUqwHvAVIEXMXqIrkHgPo%2C3iA6lFPydNrgFd6s1Hojii
1 > Authorization: Bearer BQAuD5clbqiJu-UYMkis7kz2iDhioWwMaHErxkIftLqYGgX147mbjxqw4SVg7iM7P1CIXk-x3RJtx2Ek5PCImuenYHx6KDaHM85aRHQheHwRB4LMqfk1A272FwA4fy_l53CS8sOpEwc
1 > Host: api.spotify.com
1 > Connection: Keep-Alive
1 > User-Agent: Apache-HttpClient/4.5.14 (Java/17.0.12)
1 > Accept-Encoding: gzip,deflate


12:05:59.733 [pool-2-thread-4] DEBUG com.intuit.karate - response time in milliseconds: 195
1 < 200
1 < content-type: application/json; charset=utf-8
1 < cache-control: public, max-age=0
1 < etag: "MC-IjJkYjY2NzQxNTI1ODQyZTZkZTcwZTJiNzcxYjZhZDdiIg=="
1 < x-robots-tag: noindex, nofollow
1 < access-control-allow-origin: *
1 < access-control-allow-headers: Accept, App-Platform, Authorization, Content-Type, Origin, Retry-After, Spotify-App-Version, X-Cloud-Trace-Context, client-token, content-access-token
1 < access-control-allow-methods: GET, POST, OPTIONS, PUT, DELETE, PATCH
1 < access-control-allow-credentials: true
1 < access-control-max-age: 604800
1 < strict-transport-security: max-age=31536000
1 < x-content-type-options: nosniff
1 < date: Mon, 17 Mar 2025 17:06:00 GMT
1 < server: envoy
1 < Via: HTTP/2 edgeproxy, 1.1 google
1 < Alt-Svc: h3=":443"; ma=2592000,h3-29=":443"; ma=2592000
1 < Transfer-Encoding: chunked
{"albums":[{"album_type":"album","total_tracks":10,"available_markets":["AR","AU","AT","BE","BO","BR","BG","CA","CL","CO","CR","CY","CZ","DK","DO","DE","EC","EE","SV","FI","FR","GR","GT","HN","HK","HU","IS","IE","IT","LV","LT","LU","MY","MT","MX","NL","NZ","NI","NO","PA","PY","PE","PH","PL","PT","SG","SK","ES","SE","CH","TW","TR","UY","US","GB","AD","LI","MC","ID","JP","TH","VN","RO","IL","ZA","SA","AE","BH","QA","OM","KW","EG","MA","DZ","TN","LB","JO","PS","IN","KZ","MD","UA","AL","BA","HR","ME","MK","RS","SI","KR","BD","PK","LK","GH","KE","NG","TZ","UG","AG","AM","BS","BB","BZ","BT","BW","BF","CV","CW","DM","FJ","GM","GE","GD","GW","GY","HT","JM","KI","LS","LR","MW","MV","ML","MH","FM","NA","NR","NE","PW","PG","PR","WS","SM","ST","SN","SC","SL","SB","KN","LC","VC","SR","TL","TO","TT","TV","VU","AZ","BN","BI","KH","CM","TD","KM","GQ","SZ","GA","GN","KG","LA","MO","MR","MN","NP","RW","TG","UZ","ZW","BJ","MG","MU","MZ","AO","CI","DJ","ZM","CD","CG","IQ","LY","TJ","VE","ET","XK"],"external_urls":{"spotify":"https://open.spotify.com/album/2YeKV1ibuIz9JhF9Yg89w4"},"href":"https://api.spotify.com/v1/albums/2YeKV1ibuIz9JhF9Yg89w4","id":"2YeKV1ibuIz9JhF9Yg89w4","images":[{"url":"https://i.scdn.co/image/ab67616d0000b273b9f027d058291e71c7f3c578","height":640,"width":640},{"url":"https://i.scdn.co/image/ab67616d00001e02b9f027d058291e71c7f3c578","height":300,"width":300},{"url":"https://i.scdn.co/image/ab67616d00004851b9f027d058291e71c7f3c578","height":64,"width":64}],"name":"AZAROSOG","release_date":"2024-12-05","release_date_precision":"day","type":"album","uri":"spotify:album:2YeKV1ibuIz9JhF9Yg89w4","artists":[{"external_urls":{"spotify":"https://open.spotify.com/artist/18dspUI6gqabm5XCC2RcUD"},"href":"https://api.spotify.com/v1/artists/18dspUI6gqabm5XCC2RcUD","id":"18dspUI6gqabm5XCC2RcUD","name":"SOG","type":"artist","uri":"spotify:artist:18dspUI6gqabm5XCC2RcUD"}],"tracks":{"href":"https://api.spotify.com/v1/albums/2YeKV1ibuIz9JhF9Yg89w4/tracks?offset=0&limit=50","limit":50,"next":null,"offset":0,"previous":null,"total":10,"items":[{"artists":[{"external_urls":{"spotify":"https://open.spotify.com/artist/18dspUI6gqabm5XCC2RcUD"},"href":"https://api.spotify.com/v1/artists/18dspUI6gqabm5XCC2RcUD","id":"18dspUI6gqabm5XCC2RcUD","name":"SOG","type":"artist","uri":"spotify:artist:18dspUI6gqabm5XCC2RcUD"},{"external_urls":{"spotify":"https://open.spotify.com/artist/4bw2Am3p9ji3mYsXNXtQcd"},"href":"https://api.spotify.com/v1/artists/4bw2Am3p9ji3mYsXNXtQcd","id":"4bw2Am3p9ji3mYsXNXtQcd","name":"Piso 21","type":"artist","uri":"spotify:artist:4bw2Am3p9ji3mYsXNXtQcd"}],"available_markets":["AR","AU","AT","BE","BO","BR","BG","CA","CL","CO","CR","CY","CZ","DK","DO","DE","EC","EE","SV","FI","FR","GR","GT","HN","HK","HU","IS","IE","IT","LV","LT","LU","MY","MT","MX","NL","NZ","NI","NO","PA","PY","PE","PH","PL","PT","SG","SK","ES","SE","CH","TW","TR","UY","US","GB","AD","LI","MC","ID","JP","TH","VN","RO","IL","ZA","SA","AE","BH","QA","OM","KW","EG","MA","DZ","TN","LB","JO","PS","IN","KZ","MD","UA","AL","BA","HR","ME","MK","RS","SI","KR","BD","PK","LK","GH","KE","NG","TZ","UG","AG","AM","BS","BB","BZ","BT","BW","BF","CV","CW","DM","FJ","GM","GE","GD","GW","GY","HT","JM","KI","LS","LR","MW","MV","ML","MH","FM","NA","NR","NE","PW","PG","PR","WS","SM","ST","SN","SC","SL","SB","KN","LC","VC","SR","TL","TO","TT","TV","VU","AZ","BN","BI","KH","CM","TD","KM","GQ","SZ","GA","GN","KG","LA","MO","MR","MN","NP","RW","TG","UZ","ZW","BJ","MG","MU","MZ","AO","CI","DJ","ZM","CD","CG","IQ","LY","TJ","VE","ET","XK"],"disc_number":1,"duration_ms":199354,"explicit":false,"external_urls":{"spotify":"https://open.spotify.com/track/5HJ3pxkmRSnDvqPgT8ZgG3"},"href":"https://api.spotify.com/v1/tracks/5HJ3pxkmRSnDvqPgT8ZgG3","id":"5HJ3pxkmRSnDvqPgT8ZgG3","name":"Gané Cuando Te Perdí","preview_url":null,"track_number":1,"type":"track","uri":"spotify:track:5HJ3pxkmRSnDvqPgT8ZgG3","is_local":false},{"artists":[{"external_urls":{"spotify":"https://open.spotify.com/artist/18dspUI6gqabm5XCC2RcUD"},"href":"https://api.spotify.com/v1/artists/18dspUI6gqabm5XCC2RcUD","id":"18dspUI6gqabm5XCC2RcUD","name":"SOG","type":"artist","uri":"spotify:artist:18dspUI6gqabm5XCC2RcUD"},{"external_urls":{"spotify":"https://open.spotify.com/artist/5IYRfypwG9BDDh5ZRPI80z"},"href":"https://api.spotify.com/v1/artists/5IYRfypwG9BDDh5ZRPI80z","id":"5IYRfypwG9BDDh5ZRPI80z","name":"Totoy El Frio","type":"artist","uri":"spotify:artist:5IYRfypwG9BDDh5ZRPI80z"},{"external_urls":{"spotify":"https://open.spotify.com/artist/7DXregrznS25AM30UY9sUU"},"href":"https://api.spotify.com/v1/artists/7DXregrznS25AM30UY9sUU","id":"7DXregrznS25AM30UY9sUU","name":"King Savagge","type":"artist","uri":"spotify:artist:7DXregrznS25AM30UY9sUU"}],"available_markets":["AR","AU","AT","BE","BO","BR","BG","CA","CL","CO","CR","CY","CZ","DK","DO","DE","EC","EE","SV","FI","FR","GR","GT","HN","HK","HU","IS","IE","IT","LV","LT","LU","MY","MT","MX","NL","NZ","NI","NO","PA","PY","PE","PH","PL","PT","SG","SK","ES","SE","CH","TW","TR","UY","US","GB","AD","LI","MC","ID","JP","TH","VN","RO","IL","ZA","SA","AE","BH","QA","OM","KW","EG","MA","DZ","TN","LB","JO","PS","IN","KZ","MD","UA","AL","BA","HR","ME","MK","RS","SI","KR","BD","PK","LK","GH","KE","NG","TZ","UG","AG","AM","BS","BB","BZ","BT","BW","BF","CV","CW","DM","FJ","GM","GE","GD","GW","GY","HT","JM","KI","LS","LR","MW","MV","ML","MH","FM","NA","NR","NE","PW","PG","PR","WS","SM","ST","SN","SC","SL","SB","KN","LC","VC","SR","TL","TO","TT","TV","VU","AZ","BN","BI","KH","CM","TD","KM","GQ","SZ","GA","GN","KG","LA","MO","MR","MN","NP","RW","TG","UZ","ZW","BJ","MG","MU","MZ","AO","CI","DJ","ZM","CD","CG","IQ","LY","TJ","VE","ET","XK"],"disc_number":1,"duration_ms":202500,"explicit":true,"external_urls":{"spotify":"https://open.spotify.com/track/6DbrJIfX7SW0orI2htf0eB"},"href":"https://api.spotify.com/v1/tracks/6DbrJIfX7SW0orI2htf0eB","id":"6DbrJIfX7SW0orI2htf0eB","name":"En Hebreo","preview_url":null,"track_number":2,"type":"track","uri":"spotify:track:6DbrJIfX7SW0orI2htf0eB","is_local":false},{"artists":[{"external_urls":{"spotify":"https://open.spotify.com/artist/18dspUI6gqabm5XCC2RcUD"},"href":"https://api.spotify.com/v1/artists/18dspUI6gqabm5XCC2RcUD","id":"18dspUI6gqabm5XCC2RcUD","name":"SOG","type":"artist","uri":"spotify:artist:18dspUI6gqabm5XCC2RcUD"},{"external_urls":{"spotify":"https://open.spotify.com/artist/4NGOJedxkGWwkbB5QiSJd1"},"href":"https://api.spotify.com/v1/artists/4NGOJedxkGWwkbB5QiSJd1","id":"4NGOJedxkGWwkbB5QiSJd1","name":"Jhay P","type":"artist","uri":"spotify:artist:4NGOJedxkGWwkbB5QiSJd1"},{"external_urls":{"spotify":"https://open.spotify.com/artist/72JO7MqhlJuMCwkx4w8Afr"},"href":"https://api.spotify.com/v1/artists/72JO7MqhlJuMCwkx4w8Afr","id":"72JO7MqhlJuMCwkx4w8Afr","name":"Jey F","type":"artist","uri":"spotify:artist:72JO7MqhlJuMCwkx4w8Afr"}],"available_markets":["AR","AU","AT","BE","BO","BR","BG","CA","CL","CO","CR","CY","CZ","DK","DO","DE","EC","EE","SV","FI","FR","GR","GT","HN","HK","HU","IS","IE","IT","LV","LT","LU","MY","MT","MX","NL","NZ","NI","NO","PA","PY","PE","PH","PL","PT","SG","SK","ES","SE","CH","TW","TR","UY","US","GB","AD","LI","MC","ID","JP","TH","VN","RO","IL","ZA","SA","AE","BH","QA","OM","KW","EG","MA","DZ","TN","LB","JO","PS","IN","KZ","MD","UA","AL","BA","HR","ME","MK","RS","SI","KR","BD","PK","LK","GH","KE","NG","TZ","UG","AG","AM","BS","BB","BZ","BT","BW","BF","CV","CW","DM","FJ","GM","GE","GD","GW","GY","HT","JM","KI","LS","LR","MW","MV","ML","MH","FM","NA","NR","NE","PW","PG","PR","WS","SM","ST","SN","SC","SL","SB","KN","LC","VC","SR","TL","TO","TT","TV","VU","AZ","BN","BI","KH","CM","TD","KM","GQ","SZ","GA","GN","KG","LA","MO","MR","MN","NP","RW","TG","UZ","ZW","BJ","MG","MU","MZ","AO","CI","DJ","ZM","CD","CG","IQ","LY","TJ","VE","ET","XK"],"disc_number":1,"duration_ms":159183,"explicit":true,"external_urls":{"spotify":"https://open.spotify.com/track/7q9Z9sIQJjJzqwuBQIwbTL"},"href":"https://api.spotify.com/v1/tracks/7q9Z9sIQJjJzqwuBQIwbTL","id":"7q9Z9sIQJjJzqwuBQIwbTL","name":"Blones En La Boca","preview_url":null,"track_number":3,"type":"track","uri":"spotify:track:7q9Z9sIQJjJzqwuBQIwbTL","is_local":false},{"artists":[{"external_urls":{"spotify":"https://open.spotify.com/artist/18dspUI6gqabm5XCC2RcUD"},"href":"https://api.spotify.com/v1/artists/18dspUI6gqabm5XCC2RcUD","id":"18dspUI6gqabm5XCC2RcUD","name":"SOG","type":"artist","uri":"spotify:artist:18dspUI6gqabm5XCC2RcUD"},{"external_urls":{"spotify":"https://open.spotify.com/artist/1TtXnWcUs0FCkaZDPGYHdf"},"href":"https://api.spotify.com/v1/artists/1TtXnWcUs0FCkaZDPGYHdf","id":"1TtXnWcUs0FCkaZDPGYHdf","name":"Darell","type":"artist","uri":"spotify:artist:1TtXnWcUs0FCkaZDPGYHdf"}],"available_markets":["AR","AU","AT","BE","BO","BR","BG","CA","CL","CO","CR","CY","CZ","DK","DO","DE","EC","EE","SV","FI","FR","GR","GT","HN","HK","HU","IS","IE","IT","LV","LT","LU","MY","MT","MX","NL","NZ","NI","NO","PA","PY","PE","PH","PL","PT","SG","SK","ES","SE","CH","TW","TR","UY","US","GB","AD","LI","MC","ID","JP","TH","VN","RO","IL","ZA","SA","AE","BH","QA","OM","KW","EG","MA","DZ","TN","LB","JO","PS","IN","KZ","MD","UA","AL","BA","HR","ME","MK","RS","SI","KR","BD","PK","LK","GH","KE","NG","TZ","UG","AG","AM","BS","BB","BZ","BT","BW","BF","CV","CW","DM","FJ","GM","GE","GD","GW","GY","HT","JM","KI","LS","LR","MW","MV","ML","MH","FM","NA","NR","NE","PW","PG","PR","WS","SM","ST","SN","SC","SL","SB","KN","LC","VC","SR","TL","TO","TT","TV","VU","AZ","BN","BI","KH","CM","TD","KM","GQ","SZ","GA","GN","KG","LA","MO","MR","MN","NP","RW","TG","UZ","ZW","BJ","MG","MU","MZ","AO","CI","DJ","ZM","CD","CG","IQ","LY","TJ","VE","ET","XK"],"disc_number":1,"duration_ms":218877,"explicit":true,"external_urls":{"spotify":"https://open.spotify.com/track/3yaxSH1bwc8N9ITC4RReyp"},"href":"https://api.spotify.com/v1/tracks/3yaxSH1bwc8N9ITC4RReyp","id":"3yaxSH1bwc8N9ITC4RReyp","name":"Cazador","preview_url":null,"track_number":4,"type":"track","uri":"spotify:track:3yaxSH1bwc8N9ITC4RReyp","is_local":false},{"artists":[{"external_urls":{"spotify":"https://open.spotify.com/artist/18dspUI6gqabm5XCC2RcUD"},"href":"https://api.spotify.com/v1/artists/18dspUI6gqabm5XCC2RcUD","id":"18dspUI6gqabm5XCC2RcUD","name":"SOG","type":"artist","uri":"spotify:artist:18dspUI6gqabm5XCC2RcUD"},{"external_urls":{"spotify":"https://open.spotify.com/artist/0dUyjgCyjfj5eMx6bX2TWf"},"href":"https://api.spotify.com/v1/artists/0dUyjgCyjfj5eMx6bX2TWf","id":"0dUyjgCyjfj5eMx6bX2TWf","name":"FMK","type":"artist","uri":"spotify:artist:0dUyjgCyjfj5eMx6bX2TWf"},{"external_urls":{"spotify":"https://open.spotify.com/artist/6ndLrsgT3MV5CNxIrW71fw"},"href":"https://api.spotify.com/v1/artists/6ndLrsgT3MV5CNxIrW71fw","id":"6ndLrsgT3MV5CNxIrW71fw","name":"DFZM","type":"artist","uri":"spotify:artist:6ndLrsgT3MV5CNxIrW71fw"}],"available_markets":["AR","AU","AT","BE","BO","BR","BG","CA","CL","CO","CR","CY","CZ","DK","DO","DE","EC","EE","SV","FI","FR","GR","GT","HN","HK","HU","IS","IE","IT","LV","LT","LU","MY","MT","MX","NL","NZ","NI","NO","PA","PY","PE","PH","PL","PT","SG","SK","ES","SE","CH","TW","TR","UY","US","GB","AD","LI","MC","ID","JP","TH","VN","RO","IL","ZA","SA","AE","BH","QA","OM","KW","EG","MA","DZ","TN","LB","JO","PS","IN","KZ","MD","UA","AL","BA","HR","ME","MK","RS","SI","KR","BD","PK","LK","GH","KE","NG","TZ","UG","AG","AM","BS","BB","BZ","BT","BW","BF","CV","CW","DM","FJ","GM","GE","GD","GW","GY","HT","JM","KI","LS","LR","MW","MV","ML","MH","FM","NA","NR","NE","PW","PG","PR","WS","SM","ST","SN","SC","SL","SB","KN","LC","VC","SR","TL","TO","TT","TV","VU","AZ","BN","BI","KH","CM","TD","KM","GQ","SZ","GA","GN","KG","LA","MO","MR","MN","NP","RW","TG","UZ","ZW","BJ","MG","MU","MZ","AO","CI","DJ","ZM","CD","CG","IQ","LY","TJ","VE","ET","XK"],"disc_number":1,"duration_ms":190515,"explicit":true,"external_urls":{"spotify":"https://open.spotify.com/track/0vRbONKymtBHMyKplGjNRn"},"href":"https://api.spotify.com/v1/tracks/0vRbONKymtBHMyKplGjNRn","id":"0vRbONKymtBHMyKplGjNRn","name":"IG","preview_url":null,"track_number":5,"type":"track","uri":"spotify:track:0vRbONKymtBHMyKplGjNRn","is_local":false},{"artists":[{"external_urls":{"spotify":"https://open.spotify.com/artist/18dspUI6gqabm5XCC2RcUD"},"href":"https://api.spotify.com/v1/artists/18dspUI6gqabm5XCC2RcUD","id":"18dspUI6gqabm5XCC2RcUD","name":"SOG","type":"artist","uri":"spotify:artist:18dspUI6gqabm5XCC2RcUD"},{"external_urls":{"spotify":"https://open.spotify.com/artist/2xmhyxkjpGNBeWXVMeVWHb"},"href":"https://api.spotify.com/v1/artists/2xmhyxkjpGNBeWXVMeVWHb","id":"2xmhyxkjpGNBeWXVMeVWHb","name":"Rayo & Toby","type":"artist","uri":"spotify:artist:2xmhyxkjpGNBeWXVMeVWHb"},{"external_urls":{"spotify":"https://open.spotify.com/artist/4MvQy0WYny2XpZdGzpxZzN"},"href":"https://api.spotify.com/v1/artists/4MvQy0WYny2XpZdGzpxZzN","id":"4MvQy0WYny2XpZdGzpxZzN","name":"Lion Fiah","type":"artist","uri":"spotify:artist:4MvQy0WYny2XpZdGzpxZzN"}],"available_markets":["AR","AU","AT","BE","BO","BR","BG","CA","CL","CO","CR","CY","CZ","DK","DO","DE","EC","EE","SV","FI","FR","GR","GT","HN","HK","HU","IS","IE","IT","LV","LT","LU","MY","MT","MX","NL","NZ","NI","NO","PA","PY","PE","PH","PL","PT","SG","SK","ES","SE","CH","TW","TR","UY","US","GB","AD","LI","MC","ID","JP","TH","VN","RO","IL","ZA","SA","AE","BH","QA","OM","KW","EG","MA","DZ","TN","LB","JO","PS","IN","KZ","MD","UA","AL","BA","HR","ME","MK","RS","SI","KR","BD","PK","LK","GH","KE","NG","TZ","UG","AG","AM","BS","BB","BZ","BT","BW","BF","CV","CW","DM","FJ","GM","GE","GD","GW","GY","HT","JM","KI","LS","LR","MW","MV","ML","MH","FM","NA","NR","NE","PW","PG","PR","WS","SM","ST","SN","SC","SL","SB","KN","LC","VC","SR","TL","TO","TT","TV","VU","AZ","BN","BI","KH","CM","TD","KM","GQ","SZ","GA","GN","KG","LA","MO","MR","MN","NP","RW","TG","UZ","ZW","BJ","MG","MU","MZ","AO","CI","DJ","ZM","CD","CG","IQ","LY","TJ","VE","ET","XK"],"disc_number":1,"duration_ms":157241,"explicit":true,"external_urls":{"spotify":"https://open.spotify.com/track/6pwDugz0rQdOakUf8KxOYj"},"href":"https://api.spotify.com/v1/tracks/6pwDugz0rQdOakUf8KxOYj","id":"6pwDugz0rQdOakUf8KxOYj","name":"Los Juguetes","preview_url":null,"track_number":6,"type":"track","uri":"spotify:track:6pwDugz0rQdOakUf8KxOYj","is_local":false},{"artists":[{"external_urls":{"spotify":"https://open.spotify.com/artist/18dspUI6gqabm5XCC2RcUD"},"href":"https://api.spotify.com/v1/artists/18dspUI6gqabm5XCC2RcUD","id":"18dspUI6gqabm5XCC2RcUD","name":"SOG","type":"artist","uri":"spotify:artist:18dspUI6gqabm5XCC2RcUD"},{"external_urls":{"spotify":"https://open.spotify.com/artist/5hdhHgpxyniooUiQVaPxQ0"},"href":"https://api.spotify.com/v1/artists/5hdhHgpxyniooUiQVaPxQ0","id":"5hdhHgpxyniooUiQVaPxQ0","name":"Nio Garcia","type":"artist","uri":"spotify:artist:5hdhHgpxyniooUiQVaPxQ0"}],"available_markets":["AR","AU","AT","BE","BO","BR","BG","CA","CL","CO","CR","CY","CZ","DK","DO","DE","EC","EE","SV","FI","FR","GR","GT","HN","HK","HU","IS","IE","IT","LV","LT","LU","MY","MT","MX","NL","NZ","NI","NO","PA","PY","PE","PH","PL","PT","SG","SK","ES","SE","CH","TW","TR","UY","US","GB","AD","LI","MC","ID","JP","TH","VN","RO","IL","ZA","SA","AE","BH","QA","OM","KW","EG","MA","DZ","TN","LB","JO","PS","IN","KZ","MD","UA","AL","BA","HR","ME","MK","RS","SI","KR","BD","PK","LK","GH","KE","NG","TZ","UG","AG","AM","BS","BB","BZ","BT","BW","BF","CV","CW","DM","FJ","GM","GE","GD","GW","GY","HT","JM","KI","LS","LR","MW","MV","ML","MH","FM","NA","NR","NE","PW","PG","PR","WS","SM","ST","SN","SC","SL","SB","KN","LC","VC","SR","TL","TO","TT","TV","VU","AZ","BN","BI","KH","CM","TD","KM","GQ","SZ","GA","GN","KG","LA","MO","MR","MN","NP","RW","TG","UZ","ZW","BJ","MG","MU","MZ","AO","CI","DJ","ZM","CD","CG","IQ","LY","TJ","VE","ET","XK"],"disc_number":1,"duration_ms":180618,"explicit":true,"external_urls":{"spotify":"https://open.spotify.com/track/4E49ghc58Yplm2jG1IlE3O"},"href":"https://api.spotify.com/v1/tracks/4E49ghc58Yplm2jG1IlE3O","id":"4E49ghc58Yplm2jG1IlE3O","name":"Te Conviene","preview_url":null,"track_number":7,"type":"track","uri":"spotify:track:4E49ghc58Yplm2jG1IlE3O","is_local":false},{"artists":[{"external_urls":{"spotify":"https://open.spotify.com/artist/18dspUI6gqabm5XCC2RcUD"},"href":"https://api.spotify.com/v1/artists/18dspUI6gqabm5XCC2RcUD","id":"18dspUI6gqabm5XCC2RcUD","name":"SOG","type":"artist","uri":"spotify:artist:18dspUI6gqabm5XCC2RcUD"},{"external_urls":{"spotify":"https://open.spotify.com/artist/4i2al9gevm5K5OlbjqzcJs"},"href":"https://api.spotify.com/v1/artists/4i2al9gevm5K5OlbjqzcJs","id":"4i2al9gevm5K5OlbjqzcJs","name":"Peipper","type":"artist","uri":"spotify:artist:4i2al9gevm5K5OlbjqzcJs"},{"external_urls":{"spotify":"https://open.spotify.com/artist/2IhhVEifV7ntdvp2YmMIzg"},"href":"https://api.spotify.com/v1/artists/2IhhVEifV7ntdvp2YmMIzg","id":"2IhhVEifV7ntdvp2YmMIzg","name":"Reboll333","type":"artist","uri":"spotify:artist:2IhhVEifV7ntdvp2YmMIzg"}],"available_markets":["AR","AU","AT","BE","BO","BR","BG","CA","CL","CO","CR","CY","CZ","DK","DO","DE","EC","EE","SV","FI","FR","GR","GT","HN","HK","HU","IS","IE","IT","LV","LT","LU","MY","MT","MX","NL","NZ","NI","NO","PA","PY","PE","PH","PL","PT","SG","SK","ES","SE","CH","TW","TR","UY","US","GB","AD","LI","MC","ID","JP","TH","VN","RO","IL","ZA","SA","AE","BH","QA","OM","KW","EG","MA","DZ","TN","LB","JO","PS","IN","KZ","MD","UA","AL","BA","HR","ME","MK","RS","SI","KR","BD","PK","LK","GH","KE","NG","TZ","UG","AG","AM","BS","BB","BZ","BT","BW","BF","CV","CW","DM","FJ","GM","GE","GD","GW","GY","HT","JM","KI","LS","LR","MW","MV","ML","MH","FM","NA","NR","NE","PW","PG","PR","WS","SM","ST","SN","SC","SL","SB","KN","LC","VC","SR","TL","TO","TT","TV","VU","AZ","BN","BI","KH","CM","TD","KM","GQ","SZ","GA","GN","KG","LA","MO","MR","MN","NP","RW","TG","UZ","ZW","BJ","MG","MU","MZ","AO","CI","DJ","ZM","CD","CG","IQ","LY","TJ","VE","ET","XK"],"disc_number":1,"duration_ms":214800,"explicit":true,"external_urls":{"spotify":"https://open.spotify.com/track/2feK2pdoTwA7a7Ojh2o5wM"},"href":"https://api.spotify.com/v1/tracks/2feK2pdoTwA7a7Ojh2o5wM","id":"2feK2pdoTwA7a7Ojh2o5wM","name":"Te Quise Tanto","preview_url":null,"track_number":8,"type":"track","uri":"spotify:track:2feK2pdoTwA7a7Ojh2o5wM","is_local":false},{"artists":[{"external_urls":{"spotify":"https://open.spotify.com/artist/18dspUI6gqabm5XCC2RcUD"},"href":"https://api.spotify.com/v1/artists/18dspUI6gqabm5XCC2RcUD","id":"18dspUI6gqabm5XCC2RcUD","name":"SOG","type":"artist","uri":"spotify:artist:18dspUI6gqabm5XCC2RcUD"},{"external_urls":{"spotify":"https://open.spotify.com/artist/1zo2ucFhzu58hKcniMpSQs"},"href":"https://api.spotify.com/v1/artists/1zo2ucFhzu58hKcniMpSQs","id":"1zo2ucFhzu58hKcniMpSQs","name":"Soley","type":"artist","uri":"spotify:artist:1zo2ucFhzu58hKcniMpSQs"},{"external_urls":{"spotify":"https://open.spotify.com/artist/680tleL97NcpJiib89V6UU"},"href":"https://api.spotify.com/v1/artists/680tleL97NcpJiib89V6UU","id":"680tleL97NcpJiib89V6UU","name":"Esteban Rojas","type":"artist","uri":"spotify:artist:680tleL97NcpJiib89V6UU"}],"available_markets":["AR","AU","AT","BE","BO","BR","BG","CA","CL","CO","CR","CY","CZ","DK","DO","DE","EC","EE","SV","FI","FR","GR","GT","HN","HK","HU","IS","IE","IT","LV","LT","LU","MY","MT","MX","NL","NZ","NI","NO","PA","PY","PE","PH","PL","PT","SG","SK","ES","SE","CH","TW","TR","UY","US","GB","AD","LI","MC","ID","JP","TH","VN","RO","IL","ZA","SA","AE","BH","QA","OM","KW","EG","MA","DZ","TN","LB","JO","PS","IN","KZ","MD","UA","AL","BA","HR","ME","MK","RS","SI","KR","BD","PK","LK","GH","KE","NG","TZ","UG","AG","AM","BS","BB","BZ","BT","BW","BF","CV","CW","DM","FJ","GM","GE","GD","GW","GY","HT","JM","KI","LS","LR","MW","MV","ML","MH","FM","NA","NR","NE","PW","PG","PR","WS","SM","ST","SN","SC","SL","SB","KN","LC","VC","SR","TL","TO","TT","TV","VU","AZ","BN","BI","KH","CM","TD","KM","GQ","SZ","GA","GN","KG","LA","MO","MR","MN","NP","RW","TG","UZ","ZW","BJ","MG","MU","MZ","AO","CI","DJ","ZM","CD","CG","IQ","LY","TJ","VE","ET","XK"],"disc_number":1,"duration_ms":194526,"explicit":true,"external_urls":{"spotify":"https://open.spotify.com/track/2BDCNX7uoYwdkVeWGX3F1A"},"href":"https://api.spotify.com/v1/tracks/2BDCNX7uoYwdkVeWGX3F1A","id":"2BDCNX7uoYwdkVeWGX3F1A","name":"Pa Que Te Duela","preview_url":null,"track_number":9,"type":"track","uri":"spotify:track:2BDCNX7uoYwdkVeWGX3F1A","is_local":false},{"artists":[{"external_urls":{"spotify":"https://open.spotify.com/artist/18dspUI6gqabm5XCC2RcUD"},"href":"https://api.spotify.com/v1/artists/18dspUI6gqabm5XCC2RcUD","id":"18dspUI6gqabm5XCC2RcUD","name":"SOG","type":"artist","uri":"spotify:artist:18dspUI6gqabm5XCC2RcUD"},{"external_urls":{"spotify":"https://open.spotify.com/artist/3Br3yFwx1NRBArrlOxbf87"},"href":"https://api.spotify.com/v1/artists/3Br3yFwx1NRBArrlOxbf87","id":"3Br3yFwx1NRBArrlOxbf87","name":"Yessie","type":"artist","uri":"spotify:artist:3Br3yFwx1NRBArrlOxbf87"},{"external_urls":{"spotify":"https://open.spotify.com/artist/7xVUa8mqwCgdu4mQn3geCY"},"href":"https://api.spotify.com/v1/artists/7xVUa8mqwCgdu4mQn3geCY","id":"7xVUa8mqwCgdu4mQn3geCY","name":"DIA","type":"artist","uri":"spotify:artist:7xVUa8mqwCgdu4mQn3geCY"}],"available_markets":["AR","AU","AT","BE","BO","BR","BG","CA","CL","CO","CR","CY","CZ","DK","DO","DE","EC","EE","SV","FI","FR","GR","GT","HN","HK","HU","IS","IE","IT","LV","LT","LU","MY","MT","MX","NL","NZ","NI","NO","PA","PY","PE","PH","PL","PT","SG","SK","ES","SE","CH","TW","TR","UY","US","GB","AD","LI","MC","ID","JP","TH","VN","RO","IL","ZA","SA","AE","BH","QA","OM","KW","EG","MA","DZ","TN","LB","JO","PS","IN","KZ","MD","UA","AL","BA","HR","ME","MK","RS","SI","KR","BD","PK","LK","GH","KE","NG","TZ","UG","AG","AM","BS","BB","BZ","BT","BW","BF","CV","CW","DM","FJ","GM","GE","GD","GW","GY","HT","JM","KI","LS","LR","MW","MV","ML","MH","FM","NA","NR","NE","PW","PG","PR","WS","SM","ST","SN","SC","SL","SB","KN","LC","VC","SR","TL","TO","TT","TV","VU","AZ","BN","BI","KH","CM","TD","KM","GQ","SZ","GA","GN","KG","LA","MO","MR","MN","NP","RW","TG","UZ","ZW","BJ","MG","MU","MZ","AO","CI","DJ","ZM","CD","CG","IQ","LY","TJ","VE","ET","XK"],"disc_number":1,"duration_ms":185816,"explicit":true,"external_urls":{"spotify":"https://open.spotify.com/track/50lahWbGXpraoaaq7l3kGN"},"href":"https://api.spotify.com/v1/tracks/50lahWbGXpraoaaq7l3kGN","id":"50lahWbGXpraoaaq7l3kGN","name":"Una Como Yo (feat. DIA)","preview_url":null,"track_number":10,"type":"track","uri":"spotify:track:50lahWbGXpraoaaq7l3kGN","is_local":false}]},"copyrights":[{"text":"© 2024 Warner Music México, S.A. de C.V.","type":"C"},{"text":"℗ 2024 Warner Music México, S.A. de C.V.","type":"P"}],"external_ids":{"upc":"5021732582034"},"genres":[],"label":"WM Mexico","popularity":31},{"album_type":"album","total_tracks":12,"available_markets":["AR","AU","AT","BE","BO","BR","BG","CA","CL","CO","CR","CY","CZ","DK","DO","DE","EC","EE","SV","FI","FR","GR","GT","HN","HK","HU","IS","IE","IT","LV","LT","LU","MY","MT","MX","NL","NZ","NI","NO","PA","PY","PE","PH","PL","PT","SG","SK","ES","SE","CH","TW","TR","UY","US","GB","AD","LI","MC","ID","JP","TH","VN","RO","IL","ZA","SA","AE","BH","QA","OM","KW","EG","MA","DZ","TN","LB","JO","PS","IN","KZ","MD","UA","AL","BA","HR","ME","MK","RS","SI","BD","PK","LK","GH","KE","NG","TZ","UG","AG","AM","BS","BB","BZ","BT","BW","BF","CV","CW","DM","FJ","GM","GE","GD","GW","GY","HT","JM","KI","LS","LR","MW","MV","ML","MH","FM","NA","NR","NE","PW","PG","PR","WS","SM","ST","SN","SC","SL","SB","KN","LC","VC","SR","TL","TO","TT","TV","VU","AZ","BN","BI","KH","CM","TD","KM","GQ","SZ","GA","GN","KG","LA","MO","MR","MN","NP","RW","TG","UZ","ZW","BJ","MG","MU","MZ","AO","CI","DJ","ZM","CD","CG","IQ","LY","TJ","VE","ET","XK"],"external_urls":{"spotify":"https://open.spotify.com/album/7kFyd5oyJdVX2pIi6P4iHE"},"href":"https://api.spotify.com/v1/albums/7kFyd5oyJdVX2pIi6P4iHE","id":"7kFyd5oyJdVX2pIi6P4iHE","images":[{"url":"https://i.scdn.co/image/ab67616d0000b2735074bd0894cb1340b8d8a678","height":640,"width":640},{"url":"https://i.scdn.co/image/ab67616d00001e025074bd0894cb1340b8d8a678","height":300,"width":300},{"url":"https://i.scdn.co/image/ab67616d000048515074bd0894cb1340b8d8a678","height":64,"width":64}],"name":"rosie","release_date":"2024-12-06","release_date_precision":"day","type":"album","uri":"spotify:album:7kFyd5oyJdVX2pIi6P4iHE","artists":[{"external_urls":{"spotify":"https://open.spotify.com/artist/3eVa5w3URK5duf6eyVDbu9"},"href":"https://api.spotify.com/v1/artists/3eVa5w3URK5duf6eyVDbu9","id":"3eVa5w3URK5duf6eyVDbu9","name":"ROSÉ","type":"artist","uri":"spotify:artist:3eVa5w3URK5duf6eyVDbu9"}],"tracks":{"href":"https://api.spotify.com/v1/albums/7kFyd5oyJdVX2pIi6P4iHE/tracks?offset=0&limit=50","limit":50,"next":null,"offset":0,"previous":null,"total":12,"items":[{"artists":[{"external_urls":{"spotify":"https://open.spotify.com/artist/3eVa5w3URK5duf6eyVDbu9"},"href":"https://api.spotify.com/v1/artists/3eVa5w3URK5duf6eyVDbu9","id":"3eVa5w3URK5duf6eyVDbu9","name":"ROSÉ","type":"artist","uri":"spotify:artist:3eVa5w3URK5duf6eyVDbu9"}],"available_markets":["AR","AU","AT","BE","BO","BR","BG","CA","CL","CO","CR","CY","CZ","DK","DO","DE","EC","EE","SV","FI","FR","GR","GT","HN","HK","HU","IS","IE","IT","LV","LT","LU","MY","MT","MX","NL","NZ","NI","NO","PA","PY","PE","PH","PL","PT","SG","SK","ES","SE","CH","TW","TR","UY","US","GB","AD","LI","MC","ID","JP","TH","VN","RO","IL","ZA","SA","AE","BH","QA","OM","KW","EG","MA","DZ","TN","LB","JO","PS","IN","KZ","MD","UA","AL","BA","HR","ME","MK","RS","SI","BD","PK","LK","GH","KE","NG","TZ","UG","AG","AM","BS","BB","BZ","BT","BW","BF","CV","CW","DM","FJ","GM","GE","GD","GW","GY","HT","JM","KI","LS","LR","MW","MV","ML","MH","FM","NA","NR","NE","PW","PG","PR","WS","SM","ST","SN","SC","SL","SB","KN","LC","VC","SR","TL","TO","TT","TV","VU","AZ","BN","BI","KH","CM","TD","KM","GQ","SZ","GA","GN","KG","LA","MO","MR","MN","NP","RW","TG","UZ","ZW","BJ","MG","MU","MZ","AO","CI","DJ","ZM","CD","CG","IQ","LY","TJ","VE","ET","XK"],"disc_number":1,"duration_ms":216442,"explicit":false,"external_urls":{"spotify":"https://open.spotify.com/track/1lcBt7LoEikqYmhUoa2cez"},"href":"https://api.spotify.com/v1/tracks/1lcBt7LoEikqYmhUoa2cez","id":"1lcBt7LoEikqYmhUoa2cez","name":"number one girl","preview_url":null,"track_number":1,"type":"track","uri":"spotify:track:1lcBt7LoEikqYmhUoa2cez","is_local":false},{"artists":[{"external_urls":{"spotify":"https://open.spotify.com/artist/3eVa5w3URK5duf6eyVDbu9"},"href":"https://api.spotify.com/v1/artists/3eVa5w3URK5duf6eyVDbu9","id":"3eVa5w3URK5duf6eyVDbu9","name":"ROSÉ","type":"artist","uri":"spotify:artist:3eVa5w3URK5duf6eyVDbu9"}],"available_markets":["AR","AU","AT","BE","BO","BR","BG","CA","CL","CO","CR","CY","CZ","DK","DO","DE","EC","EE","SV","FI","FR","GR","GT","HN","HK","HU","IS","IE","IT","LV","LT","LU","MY","MT","MX","NL","NZ","NI","NO","PA","PY","PE","PH","PL","PT","SG","SK","ES","SE","CH","TW","TR","UY","US","GB","AD","LI","MC","ID","JP","TH","VN","RO","IL","ZA","SA","AE","BH","QA","OM","KW","EG","MA","DZ","TN","LB","JO","PS","IN","KZ","MD","UA","AL","BA","HR","ME","MK","RS","SI","BD","PK","LK","GH","KE","NG","TZ","UG","AG","AM","BS","BB","BZ","BT","BW","BF","CV","CW","DM","FJ","GM","GE","GD","GW","GY","HT","JM","KI","LS","LR","MW","MV","ML","MH","FM","NA","NR","NE","PW","PG","PR","WS","SM","ST","SN","SC","SL","SB","KN","LC","VC","SR","TL","TO","TT","TV","VU","AZ","BN","BI","KH","CM","TD","KM","GQ","SZ","GA","GN","KG","LA","MO","MR","MN","NP","RW","TG","UZ","ZW","BJ","MG","MU","MZ","AO","CI","DJ","ZM","CD","CG","IQ","LY","TJ","VE","ET","XK"],"disc_number":1,"duration_ms":154050,"explicit":false,"external_urls":{"spotify":"https://open.spotify.com/track/3y4q6bBdbXsTIaPiwiiUfy"},"href":"https://api.spotify.com/v1/tracks/3y4q6bBdbXsTIaPiwiiUfy","id":"3y4q6bBdbXsTIaPiwiiUfy","name":"3am","preview_url":null,"track_number":2,"type":"track","uri":"spotify:track:3y4q6bBdbXsTIaPiwiiUfy","is_local":false},{"artists":[{"external_urls":{"spotify":"https://open.spotify.com/artist/3eVa5w3URK5duf6eyVDbu9"},"href":"https://api.spotify.com/v1/artists/3eVa5w3URK5duf6eyVDbu9","id":"3eVa5w3URK5duf6eyVDbu9","name":"ROSÉ","type":"artist","uri":"spotify:artist:3eVa5w3URK5duf6eyVDbu9"}],"available_markets":["AR","AU","AT","BE","BO","BR","BG","CA","CL","CO","CR","CY","CZ","DK","DO","DE","EC","EE","SV","FI","FR","GR","GT","HN","HK","HU","IS","IE","IT","LV","LT","LU","MY","MT","MX","NL","NZ","NI","NO","PA","PY","PE","PH","PL","PT","SG","SK","ES","SE","CH","TW","TR","UY","US","GB","AD","LI","MC","ID","JP","TH","VN","RO","IL","ZA","SA","AE","BH","QA","OM","KW","EG","MA","DZ","TN","LB","JO","PS","IN","KZ","MD","UA","AL","BA","HR","ME","MK","RS","SI","BD","PK","LK","GH","KE","NG","TZ","UG","AG","AM","BS","BB","BZ","BT","BW","BF","CV","CW","DM","FJ","GM","GE","GD","GW","GY","HT","JM","KI","LS","LR","MW","MV","ML","MH","FM","NA","NR","NE","PW","PG","PR","WS","SM","ST","SN","SC","SL","SB","KN","LC","VC","SR","TL","TO","TT","TV","VU","AZ","BN","BI","KH","CM","TD","KM","GQ","SZ","GA","GN","KG","LA","MO","MR","MN","NP","RW","TG","UZ","ZW","BJ","MG","MU","MZ","AO","CI","DJ","ZM","CD","CG","IQ","LY","TJ","VE","ET","XK"],"disc_number":1,"duration_ms":167748,"explicit":false,"external_urls":{"spotify":"https://open.spotify.com/track/4HxGH28DitgAuuKpEVrLzN"},"href":"https://api.spotify.com/v1/tracks/4HxGH28DitgAuuKpEVrLzN","id":"4HxGH28DitgAuuKpEVrLzN","name":"two years","preview_url":null,"track_number":3,"type":"track","uri":"spotify:track:4HxGH28DitgAuuKpEVrLzN","is_local":false},{"artists":[{"external_urls":{"spotify":"https://open.spotify.com/artist/3eVa5w3URK5duf6eyVDbu9"},"href":"https://api.spotify.com/v1/artists/3eVa5w3URK5duf6eyVDbu9","id":"3eVa5w3URK5duf6eyVDbu9","name":"ROSÉ","type":"artist","uri":"spotify:artist:3eVa5w3URK5duf6eyVDbu9"}],"available_markets":["AR","AU","AT","BE","BO","BR","BG","CA","CL","CO","CR","CY","CZ","DK","DO","DE","EC","EE","SV","FI","FR","GR","GT","HN","HK","HU","IS","IE","IT","LV","LT","LU","MY","MT","MX","NL","NZ","NI","NO","PA","PY","PE","PH","PL","PT","SG","SK","ES","SE","CH","TW","TR","UY","US","GB","AD","LI","MC","ID","JP","TH","VN","RO","IL","ZA","SA","AE","BH","QA","OM","KW","EG","MA","DZ","TN","LB","JO","PS","IN","KZ","MD","UA","AL","BA","HR","ME","MK","RS","SI","BD","PK","LK","GH","KE","NG","TZ","UG","AG","AM","BS","BB","BZ","BT","BW","BF","CV","CW","DM","FJ","GM","GE","GD","GW","GY","HT","JM","KI","LS","LR","MW","MV","ML","MH","FM","NA","NR","NE","PW","PG","PR","WS","SM","ST","SN","SC","SL","SB","KN","LC","VC","SR","TL","TO","TT","TV","VU","AZ","BN","BI","KH","CM","TD","KM","GQ","SZ","GA","GN","KG","LA","MO","MR","MN","NP","RW","TG","UZ","ZW","BJ","MG","MU","MZ","AO","CI","DJ","ZM","CD","CG","IQ","LY","TJ","VE","ET","XK"],"disc_number":1,"duration_ms":156685,"explicit":false,"external_urls":{"spotify":"https://open.spotify.com/track/1z5ebC9238uGoBgzYyvGpQ"},"href":"https://api.spotify.com/v1/tracks/1z5ebC9238uGoBgzYyvGpQ","id":"1z5ebC9238uGoBgzYyvGpQ","name":"toxic till the end","preview_url":null,"track_number":4,"type":"track","uri":"spotify:track:1z5ebC9238uGoBgzYyvGpQ","is_local":false},{"artists":[{"external_urls":{"spotify":"https://open.spotify.com/artist/3eVa5w3URK5duf6eyVDbu9"},"href":"https://api.spotify.com/v1/artists/3eVa5w3URK5duf6eyVDbu9","id":"3eVa5w3URK5duf6eyVDbu9","name":"ROSÉ","type":"artist","uri":"spotify:artist:3eVa5w3URK5duf6eyVDbu9"}],"available_markets":["AR","AU","AT","BE","BO","BR","BG","CA","CL","CO","CR","CY","CZ","DK","DO","DE","EC","EE","SV","FI","FR","GR","GT","HN","HK","HU","IS","IE","IT","LV","LT","LU","MY","MT","MX","NL","NZ","NI","NO","PA","PY","PE","PH","PL","PT","SG","SK","ES","SE","CH","TW","TR","UY","US","GB","AD","LI","MC","ID","JP","TH","VN","RO","IL","ZA","SA","AE","BH","QA","OM","KW","EG","MA","DZ","TN","LB","JO","PS","IN","KZ","MD","UA","AL","BA","HR","ME","MK","RS","SI","BD","PK","LK","GH","KE","NG","TZ","UG","AG","AM","BS","BB","BZ","BT","BW","BF","CV","CW","DM","FJ","GM","GE","GD","GW","GY","HT","JM","KI","LS","LR","MW","MV","ML","MH","FM","NA","NR","NE","PW","PG","PR","WS","SM","ST","SN","SC","SL","SB","KN","LC","VC","SR","TL","TO","TT","TV","VU","AZ","BN","BI","KH","CM","TD","KM","GQ","SZ","GA","GN","KG","LA","MO","MR","MN","NP","RW","TG","UZ","ZW","BJ","MG","MU","MZ","AO","CI","DJ","ZM","CD","CG","IQ","LY","TJ","VE","ET","XK"],"disc_number":1,"duration_ms":133113,"explicit":false,"external_urls":{"spotify":"https://open.spotify.com/track/3fpWkbEZMP1BgOOfymwoaS"},"href":"https://api.spotify.com/v1/tracks/3fpWkbEZMP1BgOOfymwoaS","id":"3fpWkbEZMP1BgOOfymwoaS","name":"drinks or coffee","preview_url":null,"track_number":5,"type":"track","uri":"spotify:track:3fpWkbEZMP1BgOOfymwoaS","is_local":false},{"artists":[{"external_urls":{"spotify":"https://open.spotify.com/artist/3eVa5w3URK5duf6eyVDbu9"},"href":"https://api.spotify.com/v1/artists/3eVa5w3URK5duf6eyVDbu9","id":"3eVa5w3URK5duf6eyVDbu9","name":"ROSÉ","type":"artist","uri":"spotify:artist:3eVa5w3URK5duf6eyVDbu9"},{"external_urls":{"spotify":"https://open.spotify.com/artist/0du5cEVh5yTK9QJze8zA0C"},"href":"https://api.spotify.com/v1/artists/0du5cEVh5yTK9QJze8zA0C","id":"0du5cEVh5yTK9QJze8zA0C","name":"Bruno Mars","type":"artist","uri":"spotify:artist:0du5cEVh5yTK9QJze8zA0C"}],"available_markets":["AR","AU","AT","BE","BO","BR","BG","CA","CL","CO","CR","CY","CZ","DK","DO","DE","EC","EE","SV","FI","FR","GR","GT","HN","HK","HU","IS","IE","IT","LV","LT","LU","MY","MT","MX","NL","NZ","NI","NO","PA","PY","PE","PH","PL","PT","SG","SK","ES","SE","CH","TW","TR","UY","US","GB","AD","LI","MC","ID","JP","TH","VN","RO","IL","ZA","SA","AE","BH","QA","OM","KW","EG","MA","DZ","TN","LB","JO","PS","IN","KZ","MD","UA","AL","BA","HR","ME","MK","RS","SI","BD","PK","LK","GH","KE","NG","TZ","UG","AG","AM","BS","BB","BZ","BT","BW","BF","CV","CW","DM","FJ","GM","GE","GD","GW","GY","HT","JM","KI","LS","LR","MW","MV","ML","MH","FM","NA","NR","NE","PW","PG","PR","WS","SM","ST","SN","SC","SL","SB","KN","LC","VC","SR","TL","TO","TT","TV","VU","AZ","BN","BI","KH","CM","TD","KM","GQ","SZ","GA","GN","KG","LA","MO","MR","MN","NP","RW","TG","UZ","ZW","BJ","MG","MU","MZ","AO","CI","DJ","ZM","CD","CG","IQ","LY","TJ","VE","ET","XK"],"disc_number":1,"duration_ms":169917,"explicit":false,"external_urls":{"spotify":"https://open.spotify.com/track/4wJ5Qq0jBN4ajy7ouZIV1c"},"href":"https://api.spotify.com/v1/tracks/4wJ5Qq0jBN4ajy7ouZIV1c","id":"4wJ5Qq0jBN4ajy7ouZIV1c","name":"APT.","preview_url":null,"track_number":6,"type":"track","uri":"spotify:track:4wJ5Qq0jBN4ajy7ouZIV1c","is_local":false},{"artists":[{"external_urls":{"spotify":"https://open.spotify.com/artist/3eVa5w3URK5duf6eyVDbu9"},"href":"https://api.spotify.com/v1/artists/3eVa5w3URK5duf6eyVDbu9","id":"3eVa5w3URK5duf6eyVDbu9","name":"ROSÉ","type":"artist","uri":"spotify:artist:3eVa5w3URK5duf6eyVDbu9"}],"available_markets":["AR","AU","AT","BE","BO","BR","BG","CA","CL","CO","CR","CY","CZ","DK","DO","DE","EC","EE","SV","FI","FR","GR","GT","HN","HK","HU","IS","IE","IT","LV","LT","LU","MY","MT","MX","NL","NZ","NI","NO","PA","PY","PE","PH","PL","PT","SG","SK","ES","SE","CH","TW","TR","UY","US","GB","AD","LI","MC","ID","JP","TH","VN","RO","IL","ZA","SA","AE","BH","QA","OM","KW","EG","MA","DZ","TN","LB","JO","PS","IN","KZ","MD","UA","AL","BA","HR","ME","MK","RS","SI","BD","PK","LK","GH","KE","NG","TZ","UG","AG","AM","BS","BB","BZ","BT","BW","BF","CV","CW","DM","FJ","GM","GE","GD","GW","GY","HT","JM","KI","LS","LR","MW","MV","ML","MH","FM","NA","NR","NE","PW","PG","PR","WS","SM","ST","SN","SC","SL","SB","KN","LC","VC","SR","TL","TO","TT","TV","VU","AZ","BN","BI","KH","CM","TD","KM","GQ","SZ","GA","GN","KG","LA","MO","MR","MN","NP","RW","TG","UZ","ZW","BJ","MG","MU","MZ","AO","CI","DJ","ZM","CD","CG","IQ","LY","TJ","VE","ET","XK"],"disc_number":1,"duration_ms":166742,"explicit":false,"external_urls":{"spotify":"https://open.spotify.com/track/77n3jFGqPPxYrEGwrWylNv"},"href":"https://api.spotify.com/v1/tracks/77n3jFGqPPxYrEGwrWylNv","id":"77n3jFGqPPxYrEGwrWylNv","name":"gameboy","preview_url":null,"track_number":7,"type":"track","uri":"spotify:track:77n3jFGqPPxYrEGwrWylNv","is_local":false},{"artists":[{"external_urls":{"spotify":"https://open.spotify.com/artist/3eVa5w3URK5duf6eyVDbu9"},"href":"https://api.spotify.com/v1/artists/3eVa5w3URK5duf6eyVDbu9","id":"3eVa5w3URK5duf6eyVDbu9","name":"ROSÉ","type":"artist","uri":"spotify:artist:3eVa5w3URK5duf6eyVDbu9"}],"available_markets":["AR","AU","AT","BE","BO","BR","BG","CA","CL","CO","CR","CY","CZ","DK","DO","DE","EC","EE","SV","FI","FR","GR","GT","HN","HK","HU","IS","IE","IT","LV","LT","LU","MY","MT","MX","NL","NZ","NI","NO","PA","PY","PE","PH","PL","PT","SG","SK","ES","SE","CH","TW","TR","UY","US","GB","AD","LI","MC","ID","JP","TH","VN","RO","IL","ZA","SA","AE","BH","QA","OM","KW","EG","MA","DZ","TN","LB","JO","PS","IN","KZ","MD","UA","AL","BA","HR","ME","MK","RS","SI","BD","PK","LK","GH","KE","NG","TZ","UG","AG","AM","BS","BB","BZ","BT","BW","BF","CV","CW","DM","FJ","GM","GE","GD","GW","GY","HT","JM","KI","LS","LR","MW","MV","ML","MH","FM","NA","NR","NE","PW","PG","PR","WS","SM","ST","SN","SC","SL","SB","KN","LC","VC","SR","TL","TO","TT","TV","VU","AZ","BN","BI","KH","CM","TD","KM","GQ","SZ","GA","GN","KG","LA","MO","MR","MN","NP","RW","TG","UZ","ZW","BJ","MG","MU","MZ","AO","CI","DJ","ZM","CD","CG","IQ","LY","TJ","VE","ET","XK"],"disc_number":1,"duration_ms":246606,"explicit":false,"external_urls":{"spotify":"https://open.spotify.com/track/5OdI6v2L7Aez4cclpbojiZ"},"href":"https://api.spotify.com/v1/tracks/5OdI6v2L7Aez4cclpbojiZ","id":"5OdI6v2L7Aez4cclpbojiZ","name":"stay a little longer","preview_url":null,"track_number":8,"type":"track","uri":"spotify:track:5OdI6v2L7Aez4cclpbojiZ","is_local":false},{"artists":[{"external_urls":{"spotify":"https://open.spotify.com/artist/3eVa5w3URK5duf6eyVDbu9"},"href":"https://api.spotify.com/v1/artists/3eVa5w3URK5duf6eyVDbu9","id":"3eVa5w3URK5duf6eyVDbu9","name":"ROSÉ","type":"artist","uri":"spotify:artist:3eVa5w3URK5duf6eyVDbu9"}],"available_markets":["AR","AU","AT","BE","BO","BR","BG","CA","CL","CO","CR","CY","CZ","DK","DO","DE","EC","EE","SV","FI","FR","GR","GT","HN","HK","HU","IS","IE","IT","LV","LT","LU","MY","MT","MX","NL","NZ","NI","NO","PA","PY","PE","PH","PL","PT","SG","SK","ES","SE","CH","TW","TR","UY","US","GB","AD","LI","MC","ID","JP","TH","VN","RO","IL","ZA","SA","AE","BH","QA","OM","KW","EG","MA","DZ","TN","LB","JO","PS","IN","KZ","MD","UA","AL","BA","HR","ME","MK","RS","SI","BD","PK","LK","GH","KE","NG","TZ","UG","AG","AM","BS","BB","BZ","BT","BW","BF","CV","CW","DM","FJ","GM","GE","GD","GW","GY","HT","JM","KI","LS","LR","MW","MV","ML","MH","FM","NA","NR","NE","PW","PG","PR","WS","SM","ST","SN","SC","SL","SB","KN","LC","VC","SR","TL","TO","TT","TV","VU","AZ","BN","BI","KH","CM","TD","KM","GQ","SZ","GA","GN","KG","LA","MO","MR","MN","NP","RW","TG","UZ","ZW","BJ","MG","MU","MZ","AO","CI","DJ","ZM","CD","CG","IQ","LY","TJ","VE","ET","XK"],"disc_number":1,"duration_ms":184006,"explicit":false,"external_urls":{"spotify":"https://open.spotify.com/track/67siqMtQTGPpJZI4Dz8OpM"},"href":"https://api.spotify.com/v1/tracks/67siqMtQTGPpJZI4Dz8OpM","id":"67siqMtQTGPpJZI4Dz8OpM","name":"not the same","preview_url":null,"track_number":9,"type":"track","uri":"spotify:track:67siqMtQTGPpJZI4Dz8OpM","is_local":false},{"artists":[{"external_urls":{"spotify":"https://open.spotify.com/artist/3eVa5w3URK5duf6eyVDbu9"},"href":"https://api.spotify.com/v1/artists/3eVa5w3URK5duf6eyVDbu9","id":"3eVa5w3URK5duf6eyVDbu9","name":"ROSÉ","type":"artist","uri":"spotify:artist:3eVa5w3URK5duf6eyVDbu9"}],"available_markets":["AR","AU","AT","BE","BO","BR","BG","CA","CL","CO","CR","CY","CZ","DK","DO","DE","EC","EE","SV","FI","FR","GR","GT","HN","HK","HU","IS","IE","IT","LV","LT","LU","MY","MT","MX","NL","NZ","NI","NO","PA","PY","PE","PH","PL","PT","SG","SK","ES","SE","CH","TW","TR","UY","US","GB","AD","LI","MC","ID","JP","TH","VN","RO","IL","ZA","SA","AE","BH","QA","OM","KW","EG","MA","DZ","TN","LB","JO","PS","IN","KZ","MD","UA","AL","BA","HR","ME","MK","RS","SI","BD","PK","LK","GH","KE","NG","TZ","UG","AG","AM","BS","BB","BZ","BT","BW","BF","CV","CW","DM","FJ","GM","GE","GD","GW","GY","HT","JM","KI","LS","LR","MW","MV","ML","MH","FM","NA","NR","NE","PW","PG","PR","WS","SM","ST","SN","SC","SL","SB","KN","LC","VC","SR","TL","TO","TT","TV","VU","AZ","BN","BI","KH","CM","TD","KM","GQ","SZ","GA","GN","KG","LA","MO","MR","MN","NP","RW","TG","UZ","ZW","BJ","MG","MU","MZ","AO","CI","DJ","ZM","CD","CG","IQ","LY","TJ","VE","ET","XK"],"disc_number":1,"duration_ms":141141,"explicit":false,"external_urls":{"spotify":"https://open.spotify.com/track/5a3tLTGA0HIDtrvnszXXBN"},"href":"https://api.spotify.com/v1/tracks/5a3tLTGA0HIDtrvnszXXBN","id":"5a3tLTGA0HIDtrvnszXXBN","name":"call it the end","preview_url":null,"track_number":10,"type":"track","uri":"spotify:track:5a3tLTGA0HIDtrvnszXXBN","is_local":false},{"artists":[{"external_urls":{"spotify":"https://open.spotify.com/artist/3eVa5w3URK5duf6eyVDbu9"},"href":"https://api.spotify.com/v1/artists/3eVa5w3URK5duf6eyVDbu9","id":"3eVa5w3URK5duf6eyVDbu9","name":"ROSÉ","type":"artist","uri":"spotify:artist:3eVa5w3URK5duf6eyVDbu9"}],"available_markets":["AR","AU","AT","BE","BO","BR","BG","CA","CL","CO","CR","CY","CZ","DK","DO","DE","EC","EE","SV","FI","FR","GR","GT","HN","HK","HU","IS","IE","IT","LV","LT","LU","MY","MT","MX","NL","NZ","NI","NO","PA","PY","PE","PH","PL","PT","SG","SK","ES","SE","CH","TW","TR","UY","US","GB","AD","LI","MC","ID","JP","TH","VN","RO","IL","ZA","SA","AE","BH","QA","OM","KW","EG","MA","DZ","TN","LB","JO","PS","IN","KZ","MD","UA","AL","BA","HR","ME","MK","RS","SI","BD","PK","LK","GH","KE","NG","TZ","UG","AG","AM","BS","BB","BZ","BT","BW","BF","CV","CW","DM","FJ","GM","GE","GD","GW","GY","HT","JM","KI","LS","LR","MW","MV","ML","MH","FM","NA","NR","NE","PW","PG","PR","WS","SM","ST","SN","SC","SL","SB","KN","LC","VC","SR","TL","TO","TT","TV","VU","AZ","BN","BI","KH","CM","TD","KM","GQ","SZ","GA","GN","KG","LA","MO","MR","MN","NP","RW","TG","UZ","ZW","BJ","MG","MU","MZ","AO","CI","DJ","ZM","CD","CG","IQ","LY","TJ","VE","ET","XK"],"disc_number":1,"duration_ms":236248,"explicit":false,"external_urls":{"spotify":"https://open.spotify.com/track/3tDF6qjNrabjnb23RB2rpa"},"href":"https://api.spotify.com/v1/tracks/3tDF6qjNrabjnb23RB2rpa","id":"3tDF6qjNrabjnb23RB2rpa","name":"too bad for us","preview_url":null,"track_number":11,"type":"track","uri":"spotify:track:3tDF6qjNrabjnb23RB2rpa","is_local":false},{"artists":[{"external_urls":{"spotify":"https://open.spotify.com/artist/3eVa5w3URK5duf6eyVDbu9"},"href":"https://api.spotify.com/v1/artists/3eVa5w3URK5duf6eyVDbu9","id":"3eVa5w3URK5duf6eyVDbu9","name":"ROSÉ","type":"artist","uri":"spotify:artist:3eVa5w3URK5duf6eyVDbu9"}],"available_markets":["AR","AU","AT","BE","BO","BR","BG","CA","CL","CO","CR","CY","CZ","DK","DO","DE","EC","EE","SV","FI","FR","GR","GT","HN","HK","HU","IS","IE","IT","LV","LT","LU","MY","MT","MX","NL","NZ","NI","NO","PA","PY","PE","PH","PL","PT","SG","SK","ES","SE","CH","TW","TR","UY","US","GB","AD","LI","MC","ID","JP","TH","VN","RO","IL","ZA","SA","AE","BH","QA","OM","KW","EG","MA","DZ","TN","LB","JO","PS","IN","KZ","MD","UA","AL","BA","HR","ME","MK","RS","SI","BD","PK","LK","GH","KE","NG","TZ","UG","AG","AM","BS","BB","BZ","BT","BW","BF","CV","CW","DM","FJ","GM","GE","GD","GW","GY","HT","JM","KI","LS","LR","MW","MV","ML","MH","FM","NA","NR","NE","PW","PG","PR","WS","SM","ST","SN","SC","SL","SB","KN","LC","VC","SR","TL","TO","TT","TV","VU","AZ","BN","BI","KH","CM","TD","KM","GQ","SZ","GA","GN","KG","LA","MO","MR","MN","NP","RW","TG","UZ","ZW","BJ","MG","MU","MZ","AO","CI","DJ","ZM","CD","CG","IQ","LY","TJ","VE","ET","XK"],"disc_number":1,"duration_ms":214950,"explicit":false,"external_urls":{"spotify":"https://open.spotify.com/track/50aQbgfdydBXABx2gATQHn"},"href":"https://api.spotify.com/v1/tracks/50aQbgfdydBXABx2gATQHn","id":"50aQbgfdydBXABx2gATQHn","name":"dance all night","preview_url":null,"track_number":12,"type":"track","uri":"spotify:track:50aQbgfdydBXABx2gATQHn","is_local":false}]},"copyrights":[{"text":"© 2024 ROSÉ under exclusive license to Atlantic Recording Corporation for the World excluding Korea","type":"C"},{"text":"℗ 2024 ROSÉ under exclusive license to Atlantic Recording Corporation for the World excluding Korea","type":"P"}],"external_ids":{"upc":"075679629197"},"genres":[],"label":"Atlantic Records","popularity":87}]}

12:05:59.756 [pool-2-thread-4] INFO  com.intuit.karate - karate.env system property was: null 
12:05:59.776 [pool-2-thread-4] DEBUG com.intuit.karate - request:
1 > POST https://accounts.spotify.com/api/token
1 > Content-Type: application/x-www-form-urlencoded
1 > Content-Length: 119
1 > Host: accounts.spotify.com
1 > Connection: Keep-Alive
1 > User-Agent: Apache-HttpClient/4.5.14 (Java/17.0.12)
1 > Accept-Encoding: gzip,deflate
grant_type=client_credentials&client_id=1bc9a0fdadf44d09a9176bdcc7555a59&client_secret=5285c3a6fd1b4d96ba0946cb7fbb4d86

12:05:59.892 [pool-2-thread-2] DEBUG com.intuit.karate - response time in milliseconds: 167
1 < 400
1 < content-type: application/json; charset=utf-8
1 < cache-control: private, max-age=0
1 < access-control-allow-origin: *
1 < access-control-allow-headers: Accept, App-Platform, Authorization, Content-Type, Origin, Retry-After, Spotify-App-Version, X-Cloud-Trace-Context, client-token, content-access-token
1 < access-control-allow-methods: GET, POST, OPTIONS, PUT, DELETE, PATCH
1 < access-control-allow-credentials: true
1 < access-control-max-age: 604800
1 < strict-transport-security: max-age=31536000
1 < x-content-type-options: nosniff
1 < date: Mon, 17 Mar 2025 17:06:00 GMT
1 < server: envoy
1 < Via: HTTP/2 edgeproxy, 1.1 google
1 < Alt-Svc: h3=":443"; ma=2592000,h3-29=":443"; ma=2592000
1 < Transfer-Encoding: chunked
{"error": {"status": 400, "message": "Too many ids requested" } }

12:05:59.903 [pool-2-thread-2] INFO  com.intuit.karate - karate.env system property was: null 
12:05:59.910 [pool-2-thread-2] DEBUG com.intuit.karate - request:
1 > POST https://accounts.spotify.com/api/token
1 > Content-Type: application/x-www-form-urlencoded
1 > Content-Length: 119
1 > Host: accounts.spotify.com
1 > Connection: Keep-Alive
1 > User-Agent: Apache-HttpClient/4.5.14 (Java/17.0.12)
1 > Accept-Encoding: gzip,deflate
grant_type=client_credentials&client_id=1bc9a0fdadf44d09a9176bdcc7555a59&client_secret=5285c3a6fd1b4d96ba0946cb7fbb4d86

12:05:59.968 [pool-2-thread-4] DEBUG com.intuit.karate - response time in milliseconds: 179
1 < 200
1 < date: Mon, 17 Mar 2025 17:06:00 GMT
1 < content-type: application/json
1 < x-request-id: e0b03071-49a7-4aa7-9a73-09708ddf456c
1 < set-cookie: __Host-device_id=AQDA9wA1KK228vdEWUWqx0u5CHEOj2cc5ObuUSWzdjnsdvWB7Lz4tZFnBvszJ04mrlyDdMwBnGfkscklTs-Mwpbs7wyW_dWYOQQ;Version=1;Path=/;Max-Age=2147483647;Secure;HttpOnly;SameSite=Lax
1 < set-cookie: sp_tr=false;Version=1;Domain=accounts.spotify.com;Path=/;Secure;SameSite=Lax
1 < sp-trace-id: 4f0c1681f9b1b661
1 < x-envoy-upstream-service-time: 9
1 < server: envoy
1 < strict-transport-security: max-age=31536000
1 < x-content-type-options: nosniff
1 < vary: Accept-Encoding
1 < Via: HTTP/2 edgeproxy, 1.1 google
1 < Alt-Svc: h3=":443"; ma=2592000,h3-29=":443"; ma=2592000
1 < Transfer-Encoding: chunked
1 < Set-Cookie: __Host-device_id=AQDA9wA1KK228vdEWUWqx0u5CHEOj2cc5ObuUSWzdjnsdvWB7Lz4tZFnBvszJ04mrlyDdMwBnGfkscklTs-Mwpbs7wyW_dWYOQQ;Version=1;Path=/;Max-Age=2147483647;Secure;HttpOnly;SameSite=Lax
1 < Set-Cookie: sp_tr=false;Version=1;Domain=accounts.spotify.com;Path=/;Secure;SameSite=Lax
{"access_token":"BQDSZ7ao0UqY2vgUXm5Jbmg-AaVjUDr4gUA-bOLogwHdldtZ8YmHLopG4uGqh3iW-1X-xFGMWB8ebSzhEQUWun04g_895Qb2wMLMl4Ukm7eraCLvZZOqTj40COzPSnRiNrRabToqWtg","token_type":"Bearer","expires_in":3600}

12:05:59.973 [pool-2-thread-4] INFO  com.intuit.karate - [print] access_token BQDSZ7ao0UqY2vgUXm5Jbmg-AaVjUDr4gUA-bOLogwHdldtZ8YmHLopG4uGqh3iW-1X-xFGMWB8ebSzhEQUWun04g_895Qb2wMLMl4Ukm7eraCLvZZOqTj40COzPSnRiNrRabToqWtg 
12:05:59.983 [pool-2-thread-4] DEBUG com.intuit.karate - request:
1 > GET https://api.spotify.com/v1/albums?ids=3iA6lFPydNrgFd6s1Hojii%2C14zUHaJZo1mnYtn6IBRaRP
1 > Authorization: Bearer BQDSZ7ao0UqY2vgUXm5Jbmg-AaVjUDr4gUA-bOLogwHdldtZ8YmHLopG4uGqh3iW-1X-xFGMWB8ebSzhEQUWun04g_895Qb2wMLMl4Ukm7eraCLvZZOqTj40COzPSnRiNrRabToqWtg
1 > Host: api.spotify.com
1 > Connection: Keep-Alive
1 > User-Agent: Apache-HttpClient/4.5.14 (Java/17.0.12)
1 > Accept-Encoding: gzip,deflate


12:06:00.065 [pool-2-thread-2] DEBUG com.intuit.karate - response time in milliseconds: 141
1 < 200
1 < date: Mon, 17 Mar 2025 17:06:01 GMT
1 < content-type: application/json
1 < x-request-id: 26840950-1a5a-402a-9177-9e4aaf7b98ea
1 < set-cookie: __Host-device_id=AQB8YIx4qMeurbcUtQ-O51rpTVF0PkHY3jYHwJuYYWVFqWGdeeYGXGTcAFar72g-GrL3CPXuzJCmNJScSkpooiBR1aTfTtFJFjE;Version=1;Path=/;Max-Age=2147483647;Secure;HttpOnly;SameSite=Lax
1 < set-cookie: sp_tr=false;Version=1;Domain=accounts.spotify.com;Path=/;Secure;SameSite=Lax
1 < sp-trace-id: 072431a0497c6258
1 < x-envoy-upstream-service-time: 10
1 < server: envoy
1 < strict-transport-security: max-age=31536000
1 < x-content-type-options: nosniff
1 < vary: Accept-Encoding
1 < Via: HTTP/2 edgeproxy, 1.1 google
1 < Alt-Svc: h3=":443"; ma=2592000,h3-29=":443"; ma=2592000
1 < Transfer-Encoding: chunked
1 < Set-Cookie: __Host-device_id=AQB8YIx4qMeurbcUtQ-O51rpTVF0PkHY3jYHwJuYYWVFqWGdeeYGXGTcAFar72g-GrL3CPXuzJCmNJScSkpooiBR1aTfTtFJFjE;Version=1;Path=/;Max-Age=2147483647;Secure;HttpOnly;SameSite=Lax
1 < Set-Cookie: sp_tr=false;Version=1;Domain=accounts.spotify.com;Path=/;Secure;SameSite=Lax
{"access_token":"BQBmW4SlmmU8LTgxgLJdEEhIKDX7SkQLHwPbBnGxOlNN7-C1fryW2C_ABQh8gdKrbZqTrqGJObW4WnU1GY57gbTh7T9IxtJabSkRmgTln69zG6LmC92UPo6bclTVaCApJ3Uk_y_ZcKU","token_type":"Bearer","expires_in":3600}

12:06:00.067 [pool-2-thread-3] DEBUG com.intuit.karate - response time in milliseconds: 513
1 < 200
1 < content-type: application/json; charset=utf-8
1 < cache-control: public, max-age=0
1 < etag: "MC-IjEzNGM4MGRmN2M0NjQ3NWFkYjk2ODI1MTU3ZTM4ZDM2Ig=="
1 < x-robots-tag: noindex, nofollow
1 < access-control-allow-origin: *
1 < access-control-allow-headers: Accept, App-Platform, Authorization, Content-Type, Origin, Retry-After, Spotify-App-Version, X-Cloud-Trace-Context, client-token, content-access-token
1 < access-control-allow-methods: GET, POST, OPTIONS, PUT, DELETE, PATCH
1 < access-control-allow-credentials: true
1 < access-control-max-age: 604800
1 < strict-transport-security: max-age=31536000
1 < x-content-type-options: nosniff
1 < date: Mon, 17 Mar 2025 17:06:00 GMT
1 < server: envoy
1 < Via: HTTP/2 edgeproxy, 1.1 google
1 < Alt-Svc: h3=":443"; ma=2592000,h3-29=":443"; ma=2592000
1 < Transfer-Encoding: chunked
{"albums":[{"album_type":"album","total_tracks":10,"available_markets":["AR","AU","AT","BE","BO","BR","BG","CA","CL","CO","CR","CY","CZ","DK","DO","DE","EC","EE","SV","FI","FR","GR","GT","HN","HK","HU","IS","IE","IT","LV","LT","LU","MY","MT","MX","NL","NZ","NI","NO","PA","PY","PE","PH","PL","PT","SG","SK","ES","SE","CH","TW","TR","UY","US","GB","AD","LI","MC","ID","JP","TH","VN","RO","IL","ZA","SA","AE","BH","QA","OM","KW","EG","MA","DZ","TN","LB","JO","PS","IN","KZ","MD","UA","AL","BA","HR","ME","MK","RS","SI","KR","BD","PK","LK","GH","KE","NG","TZ","UG","AG","AM","BS","BB","BZ","BT","BW","BF","CV","CW","DM","FJ","GM","GE","GD","GW","GY","HT","JM","KI","LS","LR","MW","MV","ML","MH","FM","NA","NR","NE","PW","PG","PR","WS","SM","ST","SN","SC","SL","SB","KN","LC","VC","SR","TL","TO","TT","TV","VU","AZ","BN","BI","KH","CM","TD","KM","GQ","SZ","GA","GN","KG","LA","MO","MR","MN","NP","RW","TG","UZ","ZW","BJ","MG","MU","MZ","AO","CI","DJ","ZM","CD","CG","IQ","LY","TJ","VE","ET","XK"],"external_urls":{"spotify":"https://open.spotify.com/album/2YeKV1ibuIz9JhF9Yg89w4"},"href":"https://api.spotify.com/v1/albums/2YeKV1ibuIz9JhF9Yg89w4","id":"2YeKV1ibuIz9JhF9Yg89w4","images":[{"url":"https://i.scdn.co/image/ab67616d0000b273b9f027d058291e71c7f3c578","height":640,"width":640},{"url":"https://i.scdn.co/image/ab67616d00001e02b9f027d058291e71c7f3c578","height":300,"width":300},{"url":"https://i.scdn.co/image/ab67616d00004851b9f027d058291e71c7f3c578","height":64,"width":64}],"name":"AZAROSOG","release_date":"2024-12-05","release_date_precision":"day","type":"album","uri":"spotify:album:2YeKV1ibuIz9JhF9Yg89w4","artists":[{"external_urls":{"spotify":"https://open.spotify.com/artist/18dspUI6gqabm5XCC2RcUD"},"href":"https://api.spotify.com/v1/artists/18dspUI6gqabm5XCC2RcUD","id":"18dspUI6gqabm5XCC2RcUD","name":"SOG","type":"artist","uri":"spotify:artist:18dspUI6gqabm5XCC2RcUD"}],"tracks":{"href":"https://api.spotify.com/v1/albums/2YeKV1ibuIz9JhF9Yg89w4/tracks?offset=0&limit=50","limit":50,"next":null,"offset":0,"previous":null,"total":10,"items":[{"artists":[{"external_urls":{"spotify":"https://open.spotify.com/artist/18dspUI6gqabm5XCC2RcUD"},"href":"https://api.spotify.com/v1/artists/18dspUI6gqabm5XCC2RcUD","id":"18dspUI6gqabm5XCC2RcUD","name":"SOG","type":"artist","uri":"spotify:artist:18dspUI6gqabm5XCC2RcUD"},{"external_urls":{"spotify":"https://open.spotify.com/artist/4bw2Am3p9ji3mYsXNXtQcd"},"href":"https://api.spotify.com/v1/artists/4bw2Am3p9ji3mYsXNXtQcd","id":"4bw2Am3p9ji3mYsXNXtQcd","name":"Piso 21","type":"artist","uri":"spotify:artist:4bw2Am3p9ji3mYsXNXtQcd"}],"available_markets":["AR","AU","AT","BE","BO","BR","BG","CA","CL","CO","CR","CY","CZ","DK","DO","DE","EC","EE","SV","FI","FR","GR","GT","HN","HK","HU","IS","IE","IT","LV","LT","LU","MY","MT","MX","NL","NZ","NI","NO","PA","PY","PE","PH","PL","PT","SG","SK","ES","SE","CH","TW","TR","UY","US","GB","AD","LI","MC","ID","JP","TH","VN","RO","IL","ZA","SA","AE","BH","QA","OM","KW","EG","MA","DZ","TN","LB","JO","PS","IN","KZ","MD","UA","AL","BA","HR","ME","MK","RS","SI","KR","BD","PK","LK","GH","KE","NG","TZ","UG","AG","AM","BS","BB","BZ","BT","BW","BF","CV","CW","DM","FJ","GM","GE","GD","GW","GY","HT","JM","KI","LS","LR","MW","MV","ML","MH","FM","NA","NR","NE","PW","PG","PR","WS","SM","ST","SN","SC","SL","SB","KN","LC","VC","SR","TL","TO","TT","TV","VU","AZ","BN","BI","KH","CM","TD","KM","GQ","SZ","GA","GN","KG","LA","MO","MR","MN","NP","RW","TG","UZ","ZW","BJ","MG","MU","MZ","AO","CI","DJ","ZM","CD","CG","IQ","LY","TJ","VE","ET","XK"],"disc_number":1,"duration_ms":199354,"explicit":false,"external_urls":{"spotify":"https://open.spotify.com/track/5HJ3pxkmRSnDvqPgT8ZgG3"},"href":"https://api.spotify.com/v1/tracks/5HJ3pxkmRSnDvqPgT8ZgG3","id":"5HJ3pxkmRSnDvqPgT8ZgG3","name":"Gané Cuando Te Perdí","preview_url":null,"track_number":1,"type":"track","uri":"spotify:track:5HJ3pxkmRSnDvqPgT8ZgG3","is_local":false},{"artists":[{"external_urls":{"spotify":"https://open.spotify.com/artist/18dspUI6gqabm5XCC2RcUD"},"href":"https://api.spotify.com/v1/artists/18dspUI6gqabm5XCC2RcUD","id":"18dspUI6gqabm5XCC2RcUD","name":"SOG","type":"artist","uri":"spotify:artist:18dspUI6gqabm5XCC2RcUD"},{"external_urls":{"spotify":"https://open.spotify.com/artist/5IYRfypwG9BDDh5ZRPI80z"},"href":"https://api.spotify.com/v1/artists/5IYRfypwG9BDDh5ZRPI80z","id":"5IYRfypwG9BDDh5ZRPI80z","name":"Totoy El Frio","type":"artist","uri":"spotify:artist:5IYRfypwG9BDDh5ZRPI80z"},{"external_urls":{"spotify":"https://open.spotify.com/artist/7DXregrznS25AM30UY9sUU"},"href":"https://api.spotify.com/v1/artists/7DXregrznS25AM30UY9sUU","id":"7DXregrznS25AM30UY9sUU","name":"King Savagge","type":"artist","uri":"spotify:artist:7DXregrznS25AM30UY9sUU"}],"available_markets":["AR","AU","AT","BE","BO","BR","BG","CA","CL","CO","CR","CY","CZ","DK","DO","DE","EC","EE","SV","FI","FR","GR","GT","HN","HK","HU","IS","IE","IT","LV","LT","LU","MY","MT","MX","NL","NZ","NI","NO","PA","PY","PE","PH","PL","PT","SG","SK","ES","SE","CH","TW","TR","UY","US","GB","AD","LI","MC","ID","JP","TH","VN","RO","IL","ZA","SA","AE","BH","QA","OM","KW","EG","MA","DZ","TN","LB","JO","PS","IN","KZ","MD","UA","AL","BA","HR","ME","MK","RS","SI","KR","BD","PK","LK","GH","KE","NG","TZ","UG","AG","AM","BS","BB","BZ","BT","BW","BF","CV","CW","DM","FJ","GM","GE","GD","GW","GY","HT","JM","KI","LS","LR","MW","MV","ML","MH","FM","NA","NR","NE","PW","PG","PR","WS","SM","ST","SN","SC","SL","SB","KN","LC","VC","SR","TL","TO","TT","TV","VU","AZ","BN","BI","KH","CM","TD","KM","GQ","SZ","GA","GN","KG","LA","MO","MR","MN","NP","RW","TG","UZ","ZW","BJ","MG","MU","MZ","AO","CI","DJ","ZM","CD","CG","IQ","LY","TJ","VE","ET","XK"],"disc_number":1,"duration_ms":202500,"explicit":true,"external_urls":{"spotify":"https://open.spotify.com/track/6DbrJIfX7SW0orI2htf0eB"},"href":"https://api.spotify.com/v1/tracks/6DbrJIfX7SW0orI2htf0eB","id":"6DbrJIfX7SW0orI2htf0eB","name":"En Hebreo","preview_url":null,"track_number":2,"type":"track","uri":"spotify:track:6DbrJIfX7SW0orI2htf0eB","is_local":false},{"artists":[{"external_urls":{"spotify":"https://open.spotify.com/artist/18dspUI6gqabm5XCC2RcUD"},"href":"https://api.spotify.com/v1/artists/18dspUI6gqabm5XCC2RcUD","id":"18dspUI6gqabm5XCC2RcUD","name":"SOG","type":"artist","uri":"spotify:artist:18dspUI6gqabm5XCC2RcUD"},{"external_urls":{"spotify":"https://open.spotify.com/artist/4NGOJedxkGWwkbB5QiSJd1"},"href":"https://api.spotify.com/v1/artists/4NGOJedxkGWwkbB5QiSJd1","id":"4NGOJedxkGWwkbB5QiSJd1","name":"Jhay P","type":"artist","uri":"spotify:artist:4NGOJedxkGWwkbB5QiSJd1"},{"external_urls":{"spotify":"https://open.spotify.com/artist/72JO7MqhlJuMCwkx4w8Afr"},"href":"https://api.spotify.com/v1/artists/72JO7MqhlJuMCwkx4w8Afr","id":"72JO7MqhlJuMCwkx4w8Afr","name":"Jey F","type":"artist","uri":"spotify:artist:72JO7MqhlJuMCwkx4w8Afr"}],"available_markets":["AR","AU","AT","BE","BO","BR","BG","CA","CL","CO","CR","CY","CZ","DK","DO","DE","EC","EE","SV","FI","FR","GR","GT","HN","HK","HU","IS","IE","IT","LV","LT","LU","MY","MT","MX","NL","NZ","NI","NO","PA","PY","PE","PH","PL","PT","SG","SK","ES","SE","CH","TW","TR","UY","US","GB","AD","LI","MC","ID","JP","TH","VN","RO","IL","ZA","SA","AE","BH","QA","OM","KW","EG","MA","DZ","TN","LB","JO","PS","IN","KZ","MD","UA","AL","BA","HR","ME","MK","RS","SI","KR","BD","PK","LK","GH","KE","NG","TZ","UG","AG","AM","BS","BB","BZ","BT","BW","BF","CV","CW","DM","FJ","GM","GE","GD","GW","GY","HT","JM","KI","LS","LR","MW","MV","ML","MH","FM","NA","NR","NE","PW","PG","PR","WS","SM","ST","SN","SC","SL","SB","KN","LC","VC","SR","TL","TO","TT","TV","VU","AZ","BN","BI","KH","CM","TD","KM","GQ","SZ","GA","GN","KG","LA","MO","MR","MN","NP","RW","TG","UZ","ZW","BJ","MG","MU","MZ","AO","CI","DJ","ZM","CD","CG","IQ","LY","TJ","VE","ET","XK"],"disc_number":1,"duration_ms":159183,"explicit":true,"external_urls":{"spotify":"https://open.spotify.com/track/7q9Z9sIQJjJzqwuBQIwbTL"},"href":"https://api.spotify.com/v1/tracks/7q9Z9sIQJjJzqwuBQIwbTL","id":"7q9Z9sIQJjJzqwuBQIwbTL","name":"Blones En La Boca","preview_url":null,"track_number":3,"type":"track","uri":"spotify:track:7q9Z9sIQJjJzqwuBQIwbTL","is_local":false},{"artists":[{"external_urls":{"spotify":"https://open.spotify.com/artist/18dspUI6gqabm5XCC2RcUD"},"href":"https://api.spotify.com/v1/artists/18dspUI6gqabm5XCC2RcUD","id":"18dspUI6gqabm5XCC2RcUD","name":"SOG","type":"artist","uri":"spotify:artist:18dspUI6gqabm5XCC2RcUD"},{"external_urls":{"spotify":"https://open.spotify.com/artist/1TtXnWcUs0FCkaZDPGYHdf"},"href":"https://api.spotify.com/v1/artists/1TtXnWcUs0FCkaZDPGYHdf","id":"1TtXnWcUs0FCkaZDPGYHdf","name":"Darell","type":"artist","uri":"spotify:artist:1TtXnWcUs0FCkaZDPGYHdf"}],"available_markets":["AR","AU","AT","BE","BO","BR","BG","CA","CL","CO","CR","CY","CZ","DK","DO","DE","EC","EE","SV","FI","FR","GR","GT","HN","HK","HU","IS","IE","IT","LV","LT","LU","MY","MT","MX","NL","NZ","NI","NO","PA","PY","PE","PH","PL","PT","SG","SK","ES","SE","CH","TW","TR","UY","US","GB","AD","LI","MC","ID","JP","TH","VN","RO","IL","ZA","SA","AE","BH","QA","OM","KW","EG","MA","DZ","TN","LB","JO","PS","IN","KZ","MD","UA","AL","BA","HR","ME","MK","RS","SI","KR","BD","PK","LK","GH","KE","NG","TZ","UG","AG","AM","BS","BB","BZ","BT","BW","BF","CV","CW","DM","FJ","GM","GE","GD","GW","GY","HT","JM","KI","LS","LR","MW","MV","ML","MH","FM","NA","NR","NE","PW","PG","PR","WS","SM","ST","SN","SC","SL","SB","KN","LC","VC","SR","TL","TO","TT","TV","VU","AZ","BN","BI","KH","CM","TD","KM","GQ","SZ","GA","GN","KG","LA","MO","MR","MN","NP","RW","TG","UZ","ZW","BJ","MG","MU","MZ","AO","CI","DJ","ZM","CD","CG","IQ","LY","TJ","VE","ET","XK"],"disc_number":1,"duration_ms":218877,"explicit":true,"external_urls":{"spotify":"https://open.spotify.com/track/3yaxSH1bwc8N9ITC4RReyp"},"href":"https://api.spotify.com/v1/tracks/3yaxSH1bwc8N9ITC4RReyp","id":"3yaxSH1bwc8N9ITC4RReyp","name":"Cazador","preview_url":null,"track_number":4,"type":"track","uri":"spotify:track:3yaxSH1bwc8N9ITC4RReyp","is_local":false},{"artists":[{"external_urls":{"spotify":"https://open.spotify.com/artist/18dspUI6gqabm5XCC2RcUD"},"href":"https://api.spotify.com/v1/artists/18dspUI6gqabm5XCC2RcUD","id":"18dspUI6gqabm5XCC2RcUD","name":"SOG","type":"artist","uri":"spotify:artist:18dspUI6gqabm5XCC2RcUD"},{"external_urls":{"spotify":"https://open.spotify.com/artist/0dUyjgCyjfj5eMx6bX2TWf"},"href":"https://api.spotify.com/v1/artists/0dUyjgCyjfj5eMx6bX2TWf","id":"0dUyjgCyjfj5eMx6bX2TWf","name":"FMK","type":"artist","uri":"spotify:artist:0dUyjgCyjfj5eMx6bX2TWf"},{"external_urls":{"spotify":"https://open.spotify.com/artist/6ndLrsgT3MV5CNxIrW71fw"},"href":"https://api.spotify.com/v1/artists/6ndLrsgT3MV5CNxIrW71fw","id":"6ndLrsgT3MV5CNxIrW71fw","name":"DFZM","type":"artist","uri":"spotify:artist:6ndLrsgT3MV5CNxIrW71fw"}],"available_markets":["AR","AU","AT","BE","BO","BR","BG","CA","CL","CO","CR","CY","CZ","DK","DO","DE","EC","EE","SV","FI","FR","GR","GT","HN","HK","HU","IS","IE","IT","LV","LT","LU","MY","MT","MX","NL","NZ","NI","NO","PA","PY","PE","PH","PL","PT","SG","SK","ES","SE","CH","TW","TR","UY","US","GB","AD","LI","MC","ID","JP","TH","VN","RO","IL","ZA","SA","AE","BH","QA","OM","KW","EG","MA","DZ","TN","LB","JO","PS","IN","KZ","MD","UA","AL","BA","HR","ME","MK","RS","SI","KR","BD","PK","LK","GH","KE","NG","TZ","UG","AG","AM","BS","BB","BZ","BT","BW","BF","CV","CW","DM","FJ","GM","GE","GD","GW","GY","HT","JM","KI","LS","LR","MW","MV","ML","MH","FM","NA","NR","NE","PW","PG","PR","WS","SM","ST","SN","SC","SL","SB","KN","LC","VC","SR","TL","TO","TT","TV","VU","AZ","BN","BI","KH","CM","TD","KM","GQ","SZ","GA","GN","KG","LA","MO","MR","MN","NP","RW","TG","UZ","ZW","BJ","MG","MU","MZ","AO","CI","DJ","ZM","CD","CG","IQ","LY","TJ","VE","ET","XK"],"disc_number":1,"duration_ms":190515,"explicit":true,"external_urls":{"spotify":"https://open.spotify.com/track/0vRbONKymtBHMyKplGjNRn"},"href":"https://api.spotify.com/v1/tracks/0vRbONKymtBHMyKplGjNRn","id":"0vRbONKymtBHMyKplGjNRn","name":"IG","preview_url":null,"track_number":5,"type":"track","uri":"spotify:track:0vRbONKymtBHMyKplGjNRn","is_local":false},{"artists":[{"external_urls":{"spotify":"https://open.spotify.com/artist/18dspUI6gqabm5XCC2RcUD"},"href":"https://api.spotify.com/v1/artists/18dspUI6gqabm5XCC2RcUD","id":"18dspUI6gqabm5XCC2RcUD","name":"SOG","type":"artist","uri":"spotify:artist:18dspUI6gqabm5XCC2RcUD"},{"external_urls":{"spotify":"https://open.spotify.com/artist/2xmhyxkjpGNBeWXVMeVWHb"},"href":"https://api.spotify.com/v1/artists/2xmhyxkjpGNBeWXVMeVWHb","id":"2xmhyxkjpGNBeWXVMeVWHb","name":"Rayo & Toby","type":"artist","uri":"spotify:artist:2xmhyxkjpGNBeWXVMeVWHb"},{"external_urls":{"spotify":"https://open.spotify.com/artist/4MvQy0WYny2XpZdGzpxZzN"},"href":"https://api.spotify.com/v1/artists/4MvQy0WYny2XpZdGzpxZzN","id":"4MvQy0WYny2XpZdGzpxZzN","name":"Lion Fiah","type":"artist","uri":"spotify:artist:4MvQy0WYny2XpZdGzpxZzN"}],"available_markets":["AR","AU","AT","BE","BO","BR","BG","CA","CL","CO","CR","CY","CZ","DK","DO","DE","EC","EE","SV","FI","FR","GR","GT","HN","HK","HU","IS","IE","IT","LV","LT","LU","MY","MT","MX","NL","NZ","NI","NO","PA","PY","PE","PH","PL","PT","SG","SK","ES","SE","CH","TW","TR","UY","US","GB","AD","LI","MC","ID","JP","TH","VN","RO","IL","ZA","SA","AE","BH","QA","OM","KW","EG","MA","DZ","TN","LB","JO","PS","IN","KZ","MD","UA","AL","BA","HR","ME","MK","RS","SI","KR","BD","PK","LK","GH","KE","NG","TZ","UG","AG","AM","BS","BB","BZ","BT","BW","BF","CV","CW","DM","FJ","GM","GE","GD","GW","GY","HT","JM","KI","LS","LR","MW","MV","ML","MH","FM","NA","NR","NE","PW","PG","PR","WS","SM","ST","SN","SC","SL","SB","KN","LC","VC","SR","TL","TO","TT","TV","VU","AZ","BN","BI","KH","CM","TD","KM","GQ","SZ","GA","GN","KG","LA","MO","MR","MN","NP","RW","TG","UZ","ZW","BJ","MG","MU","MZ","AO","CI","DJ","ZM","CD","CG","IQ","LY","TJ","VE","ET","XK"],"disc_number":1,"duration_ms":157241,"explicit":true,"external_urls":{"spotify":"https://open.spotify.com/track/6pwDugz0rQdOakUf8KxOYj"},"href":"https://api.spotify.com/v1/tracks/6pwDugz0rQdOakUf8KxOYj","id":"6pwDugz0rQdOakUf8KxOYj","name":"Los Juguetes","preview_url":null,"track_number":6,"type":"track","uri":"spotify:track:6pwDugz0rQdOakUf8KxOYj","is_local":false},{"artists":[{"external_urls":{"spotify":"https://open.spotify.com/artist/18dspUI6gqabm5XCC2RcUD"},"href":"https://api.spotify.com/v1/artists/18dspUI6gqabm5XCC2RcUD","id":"18dspUI6gqabm5XCC2RcUD","name":"SOG","type":"artist","uri":"spotify:artist:18dspUI6gqabm5XCC2RcUD"},{"external_urls":{"spotify":"https://open.spotify.com/artist/5hdhHgpxyniooUiQVaPxQ0"},"href":"https://api.spotify.com/v1/artists/5hdhHgpxyniooUiQVaPxQ0","id":"5hdhHgpxyniooUiQVaPxQ0","name":"Nio Garcia","type":"artist","uri":"spotify:artist:5hdhHgpxyniooUiQVaPxQ0"}],"available_markets":["AR","AU","AT","BE","BO","BR","BG","CA","CL","CO","CR","CY","CZ","DK","DO","DE","EC","EE","SV","FI","FR","GR","GT","HN","HK","HU","IS","IE","IT","LV","LT","LU","MY","MT","MX","NL","NZ","NI","NO","PA","PY","PE","PH","PL","PT","SG","SK","ES","SE","CH","TW","TR","UY","US","GB","AD","LI","MC","ID","JP","TH","VN","RO","IL","ZA","SA","AE","BH","QA","OM","KW","EG","MA","DZ","TN","LB","JO","PS","IN","KZ","MD","UA","AL","BA","HR","ME","MK","RS","SI","KR","BD","PK","LK","GH","KE","NG","TZ","UG","AG","AM","BS","BB","BZ","BT","BW","BF","CV","CW","DM","FJ","GM","GE","GD","GW","GY","HT","JM","KI","LS","LR","MW","MV","ML","MH","FM","NA","NR","NE","PW","PG","PR","WS","SM","ST","SN","SC","SL","SB","KN","LC","VC","SR","TL","TO","TT","TV","VU","AZ","BN","BI","KH","CM","TD","KM","GQ","SZ","GA","GN","KG","LA","MO","MR","MN","NP","RW","TG","UZ","ZW","BJ","MG","MU","MZ","AO","CI","DJ","ZM","CD","CG","IQ","LY","TJ","VE","ET","XK"],"disc_number":1,"duration_ms":180618,"explicit":true,"external_urls":{"spotify":"https://open.spotify.com/track/4E49ghc58Yplm2jG1IlE3O"},"href":"https://api.spotify.com/v1/tracks/4E49ghc58Yplm2jG1IlE3O","id":"4E49ghc58Yplm2jG1IlE3O","name":"Te Conviene","preview_url":null,"track_number":7,"type":"track","uri":"spotify:track:4E49ghc58Yplm2jG1IlE3O","is_local":false},{"artists":[{"external_urls":{"spotify":"https://open.spotify.com/artist/18dspUI6gqabm5XCC2RcUD"},"href":"https://api.spotify.com/v1/artists/18dspUI6gqabm5XCC2RcUD","id":"18dspUI6gqabm5XCC2RcUD","name":"SOG","type":"artist","uri":"spotify:artist:18dspUI6gqabm5XCC2RcUD"},{"external_urls":{"spotify":"https://open.spotify.com/artist/4i2al9gevm5K5OlbjqzcJs"},"href":"https://api.spotify.com/v1/artists/4i2al9gevm5K5OlbjqzcJs","id":"4i2al9gevm5K5OlbjqzcJs","name":"Peipper","type":"artist","uri":"spotify:artist:4i2al9gevm5K5OlbjqzcJs"},{"external_urls":{"spotify":"https://open.spotify.com/artist/2IhhVEifV7ntdvp2YmMIzg"},"href":"https://api.spotify.com/v1/artists/2IhhVEifV7ntdvp2YmMIzg","id":"2IhhVEifV7ntdvp2YmMIzg","name":"Reboll333","type":"artist","uri":"spotify:artist:2IhhVEifV7ntdvp2YmMIzg"}],"available_markets":["AR","AU","AT","BE","BO","BR","BG","CA","CL","CO","CR","CY","CZ","DK","DO","DE","EC","EE","SV","FI","FR","GR","GT","HN","HK","HU","IS","IE","IT","LV","LT","LU","MY","MT","MX","NL","NZ","NI","NO","PA","PY","PE","PH","PL","PT","SG","SK","ES","SE","CH","TW","TR","UY","US","GB","AD","LI","MC","ID","JP","TH","VN","RO","IL","ZA","SA","AE","BH","QA","OM","KW","EG","MA","DZ","TN","LB","JO","PS","IN","KZ","MD","UA","AL","BA","HR","ME","MK","RS","SI","KR","BD","PK","LK","GH","KE","NG","TZ","UG","AG","AM","BS","BB","BZ","BT","BW","BF","CV","CW","DM","FJ","GM","GE","GD","GW","GY","HT","JM","KI","LS","LR","MW","MV","ML","MH","FM","NA","NR","NE","PW","PG","PR","WS","SM","ST","SN","SC","SL","SB","KN","LC","VC","SR","TL","TO","TT","TV","VU","AZ","BN","BI","KH","CM","TD","KM","GQ","SZ","GA","GN","KG","LA","MO","MR","MN","NP","RW","TG","UZ","ZW","BJ","MG","MU","MZ","AO","CI","DJ","ZM","CD","CG","IQ","LY","TJ","VE","ET","XK"],"disc_number":1,"duration_ms":214800,"explicit":true,"external_urls":{"spotify":"https://open.spotify.com/track/2feK2pdoTwA7a7Ojh2o5wM"},"href":"https://api.spotify.com/v1/tracks/2feK2pdoTwA7a7Ojh2o5wM","id":"2feK2pdoTwA7a7Ojh2o5wM","name":"Te Quise Tanto","preview_url":null,"track_number":8,"type":"track","uri":"spotify:track:2feK2pdoTwA7a7Ojh2o5wM","is_local":false},{"artists":[{"external_urls":{"spotify":"https://open.spotify.com/artist/18dspUI6gqabm5XCC2RcUD"},"href":"https://api.spotify.com/v1/artists/18dspUI6gqabm5XCC2RcUD","id":"18dspUI6gqabm5XCC2RcUD","name":"SOG","type":"artist","uri":"spotify:artist:18dspUI6gqabm5XCC2RcUD"},{"external_urls":{"spotify":"https://open.spotify.com/artist/1zo2ucFhzu58hKcniMpSQs"},"href":"https://api.spotify.com/v1/artists/1zo2ucFhzu58hKcniMpSQs","id":"1zo2ucFhzu58hKcniMpSQs","name":"Soley","type":"artist","uri":"spotify:artist:1zo2ucFhzu58hKcniMpSQs"},{"external_urls":{"spotify":"https://open.spotify.com/artist/680tleL97NcpJiib89V6UU"},"href":"https://api.spotify.com/v1/artists/680tleL97NcpJiib89V6UU","id":"680tleL97NcpJiib89V6UU","name":"Esteban Rojas","type":"artist","uri":"spotify:artist:680tleL97NcpJiib89V6UU"}],"available_markets":["AR","AU","AT","BE","BO","BR","BG","CA","CL","CO","CR","CY","CZ","DK","DO","DE","EC","EE","SV","FI","FR","GR","GT","HN","HK","HU","IS","IE","IT","LV","LT","LU","MY","MT","MX","NL","NZ","NI","NO","PA","PY","PE","PH","PL","PT","SG","SK","ES","SE","CH","TW","TR","UY","US","GB","AD","LI","MC","ID","JP","TH","VN","RO","IL","ZA","SA","AE","BH","QA","OM","KW","EG","MA","DZ","TN","LB","JO","PS","IN","KZ","MD","UA","AL","BA","HR","ME","MK","RS","SI","KR","BD","PK","LK","GH","KE","NG","TZ","UG","AG","AM","BS","BB","BZ","BT","BW","BF","CV","CW","DM","FJ","GM","GE","GD","GW","GY","HT","JM","KI","LS","LR","MW","MV","ML","MH","FM","NA","NR","NE","PW","PG","PR","WS","SM","ST","SN","SC","SL","SB","KN","LC","VC","SR","TL","TO","TT","TV","VU","AZ","BN","BI","KH","CM","TD","KM","GQ","SZ","GA","GN","KG","LA","MO","MR","MN","NP","RW","TG","UZ","ZW","BJ","MG","MU","MZ","AO","CI","DJ","ZM","CD","CG","IQ","LY","TJ","VE","ET","XK"],"disc_number":1,"duration_ms":194526,"explicit":true,"external_urls":{"spotify":"https://open.spotify.com/track/2BDCNX7uoYwdkVeWGX3F1A"},"href":"https://api.spotify.com/v1/tracks/2BDCNX7uoYwdkVeWGX3F1A","id":"2BDCNX7uoYwdkVeWGX3F1A","name":"Pa Que Te Duela","preview_url":null,"track_number":9,"type":"track","uri":"spotify:track:2BDCNX7uoYwdkVeWGX3F1A","is_local":false},{"artists":[{"external_urls":{"spotify":"https://open.spotify.com/artist/18dspUI6gqabm5XCC2RcUD"},"href":"https://api.spotify.com/v1/artists/18dspUI6gqabm5XCC2RcUD","id":"18dspUI6gqabm5XCC2RcUD","name":"SOG","type":"artist","uri":"spotify:artist:18dspUI6gqabm5XCC2RcUD"},{"external_urls":{"spotify":"https://open.spotify.com/artist/3Br3yFwx1NRBArrlOxbf87"},"href":"https://api.spotify.com/v1/artists/3Br3yFwx1NRBArrlOxbf87","id":"3Br3yFwx1NRBArrlOxbf87","name":"Yessie","type":"artist","uri":"spotify:artist:3Br3yFwx1NRBArrlOxbf87"},{"external_urls":{"spotify":"https://open.spotify.com/artist/7xVUa8mqwCgdu4mQn3geCY"},"href":"https://api.spotify.com/v1/artists/7xVUa8mqwCgdu4mQn3geCY","id":"7xVUa8mqwCgdu4mQn3geCY","name":"DIA","type":"artist","uri":"spotify:artist:7xVUa8mqwCgdu4mQn3geCY"}],"available_markets":["AR","AU","AT","BE","BO","BR","BG","CA","CL","CO","CR","CY","CZ","DK","DO","DE","EC","EE","SV","FI","FR","GR","GT","HN","HK","HU","IS","IE","IT","LV","LT","LU","MY","MT","MX","NL","NZ","NI","NO","PA","PY","PE","PH","PL","PT","SG","SK","ES","SE","CH","TW","TR","UY","US","GB","AD","LI","MC","ID","JP","TH","VN","RO","IL","ZA","SA","AE","BH","QA","OM","KW","EG","MA","DZ","TN","LB","JO","PS","IN","KZ","MD","UA","AL","BA","HR","ME","MK","RS","SI","KR","BD","PK","LK","GH","KE","NG","TZ","UG","AG","AM","BS","BB","BZ","BT","BW","BF","CV","CW","DM","FJ","GM","GE","GD","GW","GY","HT","JM","KI","LS","LR","MW","MV","ML","MH","FM","NA","NR","NE","PW","PG","PR","WS","SM","ST","SN","SC","SL","SB","KN","LC","VC","SR","TL","TO","TT","TV","VU","AZ","BN","BI","KH","CM","TD","KM","GQ","SZ","GA","GN","KG","LA","MO","MR","MN","NP","RW","TG","UZ","ZW","BJ","MG","MU","MZ","AO","CI","DJ","ZM","CD","CG","IQ","LY","TJ","VE","ET","XK"],"disc_number":1,"duration_ms":185816,"explicit":true,"external_urls":{"spotify":"https://open.spotify.com/track/50lahWbGXpraoaaq7l3kGN"},"href":"https://api.spotify.com/v1/tracks/50lahWbGXpraoaaq7l3kGN","id":"50lahWbGXpraoaaq7l3kGN","name":"Una Como Yo (feat. DIA)","preview_url":null,"track_number":10,"type":"track","uri":"spotify:track:50lahWbGXpraoaaq7l3kGN","is_local":false}]},"copyrights":[{"text":"© 2024 Warner Music México, S.A. de C.V.","type":"C"},{"text":"℗ 2024 Warner Music México, S.A. de C.V.","type":"P"}],"external_ids":{"upc":"5021732582034"},"genres":[],"label":"WM Mexico","popularity":31},{"album_type":"album","total_tracks":12,"available_markets":["AR","AU","AT","BE","BO","BR","BG","CA","CL","CO","CR","CY","CZ","DK","DO","DE","EC","EE","SV","FI","FR","GR","GT","HN","HK","HU","IS","IE","IT","LV","LT","LU","MY","MT","MX","NL","NZ","NI","NO","PA","PY","PE","PH","PL","PT","SG","SK","ES","SE","CH","TW","TR","UY","US","GB","AD","LI","MC","ID","JP","TH","VN","RO","IL","ZA","SA","AE","BH","QA","OM","KW","EG","MA","DZ","TN","LB","JO","PS","IN","KZ","MD","UA","AL","BA","HR","ME","MK","RS","SI","BD","PK","LK","GH","KE","NG","TZ","UG","AG","AM","BS","BB","BZ","BT","BW","BF","CV","CW","DM","FJ","GM","GE","GD","GW","GY","HT","JM","KI","LS","LR","MW","MV","ML","MH","FM","NA","NR","NE","PW","PG","PR","WS","SM","ST","SN","SC","SL","SB","KN","LC","VC","SR","TL","TO","TT","TV","VU","AZ","BN","BI","KH","CM","TD","KM","GQ","SZ","GA","GN","KG","LA","MO","MR","MN","NP","RW","TG","UZ","ZW","BJ","MG","MU","MZ","AO","CI","DJ","ZM","CD","CG","IQ","LY","TJ","VE","ET","XK"],"external_urls":{"spotify":"https://open.spotify.com/album/7kFyd5oyJdVX2pIi6P4iHE"},"href":"https://api.spotify.com/v1/albums/7kFyd5oyJdVX2pIi6P4iHE","id":"7kFyd5oyJdVX2pIi6P4iHE","images":[{"url":"https://i.scdn.co/image/ab67616d0000b2735074bd0894cb1340b8d8a678","height":640,"width":640},{"url":"https://i.scdn.co/image/ab67616d00001e025074bd0894cb1340b8d8a678","height":300,"width":300},{"url":"https://i.scdn.co/image/ab67616d000048515074bd0894cb1340b8d8a678","height":64,"width":64}],"name":"rosie","release_date":"2024-12-06","release_date_precision":"day","type":"album","uri":"spotify:album:7kFyd5oyJdVX2pIi6P4iHE","artists":[{"external_urls":{"spotify":"https://open.spotify.com/artist/3eVa5w3URK5duf6eyVDbu9"},"href":"https://api.spotify.com/v1/artists/3eVa5w3URK5duf6eyVDbu9","id":"3eVa5w3URK5duf6eyVDbu9","name":"ROSÉ","type":"artist","uri":"spotify:artist:3eVa5w3URK5duf6eyVDbu9"}],"tracks":{"href":"https://api.spotify.com/v1/albums/7kFyd5oyJdVX2pIi6P4iHE/tracks?offset=0&limit=50","limit":50,"next":null,"offset":0,"previous":null,"total":12,"items":[{"artists":[{"external_urls":{"spotify":"https://open.spotify.com/artist/3eVa5w3URK5duf6eyVDbu9"},"href":"https://api.spotify.com/v1/artists/3eVa5w3URK5duf6eyVDbu9","id":"3eVa5w3URK5duf6eyVDbu9","name":"ROSÉ","type":"artist","uri":"spotify:artist:3eVa5w3URK5duf6eyVDbu9"}],"available_markets":["AR","AU","AT","BE","BO","BR","BG","CA","CL","CO","CR","CY","CZ","DK","DO","DE","EC","EE","SV","FI","FR","GR","GT","HN","HK","HU","IS","IE","IT","LV","LT","LU","MY","MT","MX","NL","NZ","NI","NO","PA","PY","PE","PH","PL","PT","SG","SK","ES","SE","CH","TW","TR","UY","US","GB","AD","LI","MC","ID","JP","TH","VN","RO","IL","ZA","SA","AE","BH","QA","OM","KW","EG","MA","DZ","TN","LB","JO","PS","IN","KZ","MD","UA","AL","BA","HR","ME","MK","RS","SI","BD","PK","LK","GH","KE","NG","TZ","UG","AG","AM","BS","BB","BZ","BT","BW","BF","CV","CW","DM","FJ","GM","GE","GD","GW","GY","HT","JM","KI","LS","LR","MW","MV","ML","MH","FM","NA","NR","NE","PW","PG","PR","WS","SM","ST","SN","SC","SL","SB","KN","LC","VC","SR","TL","TO","TT","TV","VU","AZ","BN","BI","KH","CM","TD","KM","GQ","SZ","GA","GN","KG","LA","MO","MR","MN","NP","RW","TG","UZ","ZW","BJ","MG","MU","MZ","AO","CI","DJ","ZM","CD","CG","IQ","LY","TJ","VE","ET","XK"],"disc_number":1,"duration_ms":216442,"explicit":false,"external_urls":{"spotify":"https://open.spotify.com/track/1lcBt7LoEikqYmhUoa2cez"},"href":"https://api.spotify.com/v1/tracks/1lcBt7LoEikqYmhUoa2cez","id":"1lcBt7LoEikqYmhUoa2cez","name":"number one girl","preview_url":null,"track_number":1,"type":"track","uri":"spotify:track:1lcBt7LoEikqYmhUoa2cez","is_local":false},{"artists":[{"external_urls":{"spotify":"https://open.spotify.com/artist/3eVa5w3URK5duf6eyVDbu9"},"href":"https://api.spotify.com/v1/artists/3eVa5w3URK5duf6eyVDbu9","id":"3eVa5w3URK5duf6eyVDbu9","name":"ROSÉ","type":"artist","uri":"spotify:artist:3eVa5w3URK5duf6eyVDbu9"}],"available_markets":["AR","AU","AT","BE","BO","BR","BG","CA","CL","CO","CR","CY","CZ","DK","DO","DE","EC","EE","SV","FI","FR","GR","GT","HN","HK","HU","IS","IE","IT","LV","LT","LU","MY","MT","MX","NL","NZ","NI","NO","PA","PY","PE","PH","PL","PT","SG","SK","ES","SE","CH","TW","TR","UY","US","GB","AD","LI","MC","ID","JP","TH","VN","RO","IL","ZA","SA","AE","BH","QA","OM","KW","EG","MA","DZ","TN","LB","JO","PS","IN","KZ","MD","UA","AL","BA","HR","ME","MK","RS","SI","BD","PK","LK","GH","KE","NG","TZ","UG","AG","AM","BS","BB","BZ","BT","BW","BF","CV","CW","DM","FJ","GM","GE","GD","GW","GY","HT","JM","KI","LS","LR","MW","MV","ML","MH","FM","NA","NR","NE","PW","PG","PR","WS","SM","ST","SN","SC","SL","SB","KN","LC","VC","SR","TL","TO","TT","TV","VU","AZ","BN","BI","KH","CM","TD","KM","GQ","SZ","GA","GN","KG","LA","MO","MR","MN","NP","RW","TG","UZ","ZW","BJ","MG","MU","MZ","AO","CI","DJ","ZM","CD","CG","IQ","LY","TJ","VE","ET","XK"],"disc_number":1,"duration_ms":154050,"explicit":false,"external_urls":{"spotify":"https://open.spotify.com/track/3y4q6bBdbXsTIaPiwiiUfy"},"href":"https://api.spotify.com/v1/tracks/3y4q6bBdbXsTIaPiwiiUfy","id":"3y4q6bBdbXsTIaPiwiiUfy","name":"3am","preview_url":null,"track_number":2,"type":"track","uri":"spotify:track:3y4q6bBdbXsTIaPiwiiUfy","is_local":false},{"artists":[{"external_urls":{"spotify":"https://open.spotify.com/artist/3eVa5w3URK5duf6eyVDbu9"},"href":"https://api.spotify.com/v1/artists/3eVa5w3URK5duf6eyVDbu9","id":"3eVa5w3URK5duf6eyVDbu9","name":"ROSÉ","type":"artist","uri":"spotify:artist:3eVa5w3URK5duf6eyVDbu9"}],"available_markets":["AR","AU","AT","BE","BO","BR","BG","CA","CL","CO","CR","CY","CZ","DK","DO","DE","EC","EE","SV","FI","FR","GR","GT","HN","HK","HU","IS","IE","IT","LV","LT","LU","MY","MT","MX","NL","NZ","NI","NO","PA","PY","PE","PH","PL","PT","SG","SK","ES","SE","CH","TW","TR","UY","US","GB","AD","LI","MC","ID","JP","TH","VN","RO","IL","ZA","SA","AE","BH","QA","OM","KW","EG","MA","DZ","TN","LB","JO","PS","IN","KZ","MD","UA","AL","BA","HR","ME","MK","RS","SI","BD","PK","LK","GH","KE","NG","TZ","UG","AG","AM","BS","BB","BZ","BT","BW","BF","CV","CW","DM","FJ","GM","GE","GD","GW","GY","HT","JM","KI","LS","LR","MW","MV","ML","MH","FM","NA","NR","NE","PW","PG","PR","WS","SM","ST","SN","SC","SL","SB","KN","LC","VC","SR","TL","TO","TT","TV","VU","AZ","BN","BI","KH","CM","TD","KM","GQ","SZ","GA","GN","KG","LA","MO","MR","MN","NP","RW","TG","UZ","ZW","BJ","MG","MU","MZ","AO","CI","DJ","ZM","CD","CG","IQ","LY","TJ","VE","ET","XK"],"disc_number":1,"duration_ms":167748,"explicit":false,"external_urls":{"spotify":"https://open.spotify.com/track/4HxGH28DitgAuuKpEVrLzN"},"href":"https://api.spotify.com/v1/tracks/4HxGH28DitgAuuKpEVrLzN","id":"4HxGH28DitgAuuKpEVrLzN","name":"two years","preview_url":null,"track_number":3,"type":"track","uri":"spotify:track:4HxGH28DitgAuuKpEVrLzN","is_local":false},{"artists":[{"external_urls":{"spotify":"https://open.spotify.com/artist/3eVa5w3URK5duf6eyVDbu9"},"href":"https://api.spotify.com/v1/artists/3eVa5w3URK5duf6eyVDbu9","id":"3eVa5w3URK5duf6eyVDbu9","name":"ROSÉ","type":"artist","uri":"spotify:artist:3eVa5w3URK5duf6eyVDbu9"}],"available_markets":["AR","AU","AT","BE","BO","BR","BG","CA","CL","CO","CR","CY","CZ","DK","DO","DE","EC","EE","SV","FI","FR","GR","GT","HN","HK","HU","IS","IE","IT","LV","LT","LU","MY","MT","MX","NL","NZ","NI","NO","PA","PY","PE","PH","PL","PT","SG","SK","ES","SE","CH","TW","TR","UY","US","GB","AD","LI","MC","ID","JP","TH","VN","RO","IL","ZA","SA","AE","BH","QA","OM","KW","EG","MA","DZ","TN","LB","JO","PS","IN","KZ","MD","UA","AL","BA","HR","ME","MK","RS","SI","BD","PK","LK","GH","KE","NG","TZ","UG","AG","AM","BS","BB","BZ","BT","BW","BF","CV","CW","DM","FJ","GM","GE","GD","GW","GY","HT","JM","KI","LS","LR","MW","MV","ML","MH","FM","NA","NR","NE","PW","PG","PR","WS","SM","ST","SN","SC","SL","SB","KN","LC","VC","SR","TL","TO","TT","TV","VU","AZ","BN","BI","KH","CM","TD","KM","GQ","SZ","GA","GN","KG","LA","MO","MR","MN","NP","RW","TG","UZ","ZW","BJ","MG","MU","MZ","AO","CI","DJ","ZM","CD","CG","IQ","LY","TJ","VE","ET","XK"],"disc_number":1,"duration_ms":156685,"explicit":false,"external_urls":{"spotify":"https://open.spotify.com/track/1z5ebC9238uGoBgzYyvGpQ"},"href":"https://api.spotify.com/v1/tracks/1z5ebC9238uGoBgzYyvGpQ","id":"1z5ebC9238uGoBgzYyvGpQ","name":"toxic till the end","preview_url":null,"track_number":4,"type":"track","uri":"spotify:track:1z5ebC9238uGoBgzYyvGpQ","is_local":false},{"artists":[{"external_urls":{"spotify":"https://open.spotify.com/artist/3eVa5w3URK5duf6eyVDbu9"},"href":"https://api.spotify.com/v1/artists/3eVa5w3URK5duf6eyVDbu9","id":"3eVa5w3URK5duf6eyVDbu9","name":"ROSÉ","type":"artist","uri":"spotify:artist:3eVa5w3URK5duf6eyVDbu9"}],"available_markets":["AR","AU","AT","BE","BO","BR","BG","CA","CL","CO","CR","CY","CZ","DK","DO","DE","EC","EE","SV","FI","FR","GR","GT","HN","HK","HU","IS","IE","IT","LV","LT","LU","MY","MT","MX","NL","NZ","NI","NO","PA","PY","PE","PH","PL","PT","SG","SK","ES","SE","CH","TW","TR","UY","US","GB","AD","LI","MC","ID","JP","TH","VN","RO","IL","ZA","SA","AE","BH","QA","OM","KW","EG","MA","DZ","TN","LB","JO","PS","IN","KZ","MD","UA","AL","BA","HR","ME","MK","RS","SI","BD","PK","LK","GH","KE","NG","TZ","UG","AG","AM","BS","BB","BZ","BT","BW","BF","CV","CW","DM","FJ","GM","GE","GD","GW","GY","HT","JM","KI","LS","LR","MW","MV","ML","MH","FM","NA","NR","NE","PW","PG","PR","WS","SM","ST","SN","SC","SL","SB","KN","LC","VC","SR","TL","TO","TT","TV","VU","AZ","BN","BI","KH","CM","TD","KM","GQ","SZ","GA","GN","KG","LA","MO","MR","MN","NP","RW","TG","UZ","ZW","BJ","MG","MU","MZ","AO","CI","DJ","ZM","CD","CG","IQ","LY","TJ","VE","ET","XK"],"disc_number":1,"duration_ms":133113,"explicit":false,"external_urls":{"spotify":"https://open.spotify.com/track/3fpWkbEZMP1BgOOfymwoaS"},"href":"https://api.spotify.com/v1/tracks/3fpWkbEZMP1BgOOfymwoaS","id":"3fpWkbEZMP1BgOOfymwoaS","name":"drinks or coffee","preview_url":null,"track_number":5,"type":"track","uri":"spotify:track:3fpWkbEZMP1BgOOfymwoaS","is_local":false},{"artists":[{"external_urls":{"spotify":"https://open.spotify.com/artist/3eVa5w3URK5duf6eyVDbu9"},"href":"https://api.spotify.com/v1/artists/3eVa5w3URK5duf6eyVDbu9","id":"3eVa5w3URK5duf6eyVDbu9","name":"ROSÉ","type":"artist","uri":"spotify:artist:3eVa5w3URK5duf6eyVDbu9"},{"external_urls":{"spotify":"https://open.spotify.com/artist/0du5cEVh5yTK9QJze8zA0C"},"href":"https://api.spotify.com/v1/artists/0du5cEVh5yTK9QJze8zA0C","id":"0du5cEVh5yTK9QJze8zA0C","name":"Bruno Mars","type":"artist","uri":"spotify:artist:0du5cEVh5yTK9QJze8zA0C"}],"available_markets":["AR","AU","AT","BE","BO","BR","BG","CA","CL","CO","CR","CY","CZ","DK","DO","DE","EC","EE","SV","FI","FR","GR","GT","HN","HK","HU","IS","IE","IT","LV","LT","LU","MY","MT","MX","NL","NZ","NI","NO","PA","PY","PE","PH","PL","PT","SG","SK","ES","SE","CH","TW","TR","UY","US","GB","AD","LI","MC","ID","JP","TH","VN","RO","IL","ZA","SA","AE","BH","QA","OM","KW","EG","MA","DZ","TN","LB","JO","PS","IN","KZ","MD","UA","AL","BA","HR","ME","MK","RS","SI","BD","PK","LK","GH","KE","NG","TZ","UG","AG","AM","BS","BB","BZ","BT","BW","BF","CV","CW","DM","FJ","GM","GE","GD","GW","GY","HT","JM","KI","LS","LR","MW","MV","ML","MH","FM","NA","NR","NE","PW","PG","PR","WS","SM","ST","SN","SC","SL","SB","KN","LC","VC","SR","TL","TO","TT","TV","VU","AZ","BN","BI","KH","CM","TD","KM","GQ","SZ","GA","GN","KG","LA","MO","MR","MN","NP","RW","TG","UZ","ZW","BJ","MG","MU","MZ","AO","CI","DJ","ZM","CD","CG","IQ","LY","TJ","VE","ET","XK"],"disc_number":1,"duration_ms":169917,"explicit":false,"external_urls":{"spotify":"https://open.spotify.com/track/4wJ5Qq0jBN4ajy7ouZIV1c"},"href":"https://api.spotify.com/v1/tracks/4wJ5Qq0jBN4ajy7ouZIV1c","id":"4wJ5Qq0jBN4ajy7ouZIV1c","name":"APT.","preview_url":null,"track_number":6,"type":"track","uri":"spotify:track:4wJ5Qq0jBN4ajy7ouZIV1c","is_local":false},{"artists":[{"external_urls":{"spotify":"https://open.spotify.com/artist/3eVa5w3URK5duf6eyVDbu9"},"href":"https://api.spotify.com/v1/artists/3eVa5w3URK5duf6eyVDbu9","id":"3eVa5w3URK5duf6eyVDbu9","name":"ROSÉ","type":"artist","uri":"spotify:artist:3eVa5w3URK5duf6eyVDbu9"}],"available_markets":["AR","AU","AT","BE","BO","BR","BG","CA","CL","CO","CR","CY","CZ","DK","DO","DE","EC","EE","SV","FI","FR","GR","GT","HN","HK","HU","IS","IE","IT","LV","LT","LU","MY","MT","MX","NL","NZ","NI","NO","PA","PY","PE","PH","PL","PT","SG","SK","ES","SE","CH","TW","TR","UY","US","GB","AD","LI","MC","ID","JP","TH","VN","RO","IL","ZA","SA","AE","BH","QA","OM","KW","EG","MA","DZ","TN","LB","JO","PS","IN","KZ","MD","UA","AL","BA","HR","ME","MK","RS","SI","BD","PK","LK","GH","KE","NG","TZ","UG","AG","AM","BS","BB","BZ","BT","BW","BF","CV","CW","DM","FJ","GM","GE","GD","GW","GY","HT","JM","KI","LS","LR","MW","MV","ML","MH","FM","NA","NR","NE","PW","PG","PR","WS","SM","ST","SN","SC","SL","SB","KN","LC","VC","SR","TL","TO","TT","TV","VU","AZ","BN","BI","KH","CM","TD","KM","GQ","SZ","GA","GN","KG","LA","MO","MR","MN","NP","RW","TG","UZ","ZW","BJ","MG","MU","MZ","AO","CI","DJ","ZM","CD","CG","IQ","LY","TJ","VE","ET","XK"],"disc_number":1,"duration_ms":166742,"explicit":false,"external_urls":{"spotify":"https://open.spotify.com/track/77n3jFGqPPxYrEGwrWylNv"},"href":"https://api.spotify.com/v1/tracks/77n3jFGqPPxYrEGwrWylNv","id":"77n3jFGqPPxYrEGwrWylNv","name":"gameboy","preview_url":null,"track_number":7,"type":"track","uri":"spotify:track:77n3jFGqPPxYrEGwrWylNv","is_local":false},{"artists":[{"external_urls":{"spotify":"https://open.spotify.com/artist/3eVa5w3URK5duf6eyVDbu9"},"href":"https://api.spotify.com/v1/artists/3eVa5w3URK5duf6eyVDbu9","id":"3eVa5w3URK5duf6eyVDbu9","name":"ROSÉ","type":"artist","uri":"spotify:artist:3eVa5w3URK5duf6eyVDbu9"}],"available_markets":["AR","AU","AT","BE","BO","BR","BG","CA","CL","CO","CR","CY","CZ","DK","DO","DE","EC","EE","SV","FI","FR","GR","GT","HN","HK","HU","IS","IE","IT","LV","LT","LU","MY","MT","MX","NL","NZ","NI","NO","PA","PY","PE","PH","PL","PT","SG","SK","ES","SE","CH","TW","TR","UY","US","GB","AD","LI","MC","ID","JP","TH","VN","RO","IL","ZA","SA","AE","BH","QA","OM","KW","EG","MA","DZ","TN","LB","JO","PS","IN","KZ","MD","UA","AL","BA","HR","ME","MK","RS","SI","BD","PK","LK","GH","KE","NG","TZ","UG","AG","AM","BS","BB","BZ","BT","BW","BF","CV","CW","DM","FJ","GM","GE","GD","GW","GY","HT","JM","KI","LS","LR","MW","MV","ML","MH","FM","NA","NR","NE","PW","PG","PR","WS","SM","ST","SN","SC","SL","SB","KN","LC","VC","SR","TL","TO","TT","TV","VU","AZ","BN","BI","KH","CM","TD","KM","GQ","SZ","GA","GN","KG","LA","MO","MR","MN","NP","RW","TG","UZ","ZW","BJ","MG","MU","MZ","AO","CI","DJ","ZM","CD","CG","IQ","LY","TJ","VE","ET","XK"],"disc_number":1,"duration_ms":246606,"explicit":false,"external_urls":{"spotify":"https://open.spotify.com/track/5OdI6v2L7Aez4cclpbojiZ"},"href":"https://api.spotify.com/v1/tracks/5OdI6v2L7Aez4cclpbojiZ","id":"5OdI6v2L7Aez4cclpbojiZ","name":"stay a little longer","preview_url":null,"track_number":8,"type":"track","uri":"spotify:track:5OdI6v2L7Aez4cclpbojiZ","is_local":false},{"artists":[{"external_urls":{"spotify":"https://open.spotify.com/artist/3eVa5w3URK5duf6eyVDbu9"},"href":"https://api.spotify.com/v1/artists/3eVa5w3URK5duf6eyVDbu9","id":"3eVa5w3URK5duf6eyVDbu9","name":"ROSÉ","type":"artist","uri":"spotify:artist:3eVa5w3URK5duf6eyVDbu9"}],"available_markets":["AR","AU","AT","BE","BO","BR","BG","CA","CL","CO","CR","CY","CZ","DK","DO","DE","EC","EE","SV","FI","FR","GR","GT","HN","HK","HU","IS","IE","IT","LV","LT","LU","MY","MT","MX","NL","NZ","NI","NO","PA","PY","PE","PH","PL","PT","SG","SK","ES","SE","CH","TW","TR","UY","US","GB","AD","LI","MC","ID","JP","TH","VN","RO","IL","ZA","SA","AE","BH","QA","OM","KW","EG","MA","DZ","TN","LB","JO","PS","IN","KZ","MD","UA","AL","BA","HR","ME","MK","RS","SI","BD","PK","LK","GH","KE","NG","TZ","UG","AG","AM","BS","BB","BZ","BT","BW","BF","CV","CW","DM","FJ","GM","GE","GD","GW","GY","HT","JM","KI","LS","LR","MW","MV","ML","MH","FM","NA","NR","NE","PW","PG","PR","WS","SM","ST","SN","SC","SL","SB","KN","LC","VC","SR","TL","TO","TT","TV","VU","AZ","BN","BI","KH","CM","TD","KM","GQ","SZ","GA","GN","KG","LA","MO","MR","MN","NP","RW","TG","UZ","ZW","BJ","MG","MU","MZ","AO","CI","DJ","ZM","CD","CG","IQ","LY","TJ","VE","ET","XK"],"disc_number":1,"duration_ms":184006,"explicit":false,"external_urls":{"spotify":"https://open.spotify.com/track/67siqMtQTGPpJZI4Dz8OpM"},"href":"https://api.spotify.com/v1/tracks/67siqMtQTGPpJZI4Dz8OpM","id":"67siqMtQTGPpJZI4Dz8OpM","name":"not the same","preview_url":null,"track_number":9,"type":"track","uri":"spotify:track:67siqMtQTGPpJZI4Dz8OpM","is_local":false},{"artists":[{"external_urls":{"spotify":"https://open.spotify.com/artist/3eVa5w3URK5duf6eyVDbu9"},"href":"https://api.spotify.com/v1/artists/3eVa5w3URK5duf6eyVDbu9","id":"3eVa5w3URK5duf6eyVDbu9","name":"ROSÉ","type":"artist","uri":"spotify:artist:3eVa5w3URK5duf6eyVDbu9"}],"available_markets":["AR","AU","AT","BE","BO","BR","BG","CA","CL","CO","CR","CY","CZ","DK","DO","DE","EC","EE","SV","FI","FR","GR","GT","HN","HK","HU","IS","IE","IT","LV","LT","LU","MY","MT","MX","NL","NZ","NI","NO","PA","PY","PE","PH","PL","PT","SG","SK","ES","SE","CH","TW","TR","UY","US","GB","AD","LI","MC","ID","JP","TH","VN","RO","IL","ZA","SA","AE","BH","QA","OM","KW","EG","MA","DZ","TN","LB","JO","PS","IN","KZ","MD","UA","AL","BA","HR","ME","MK","RS","SI","BD","PK","LK","GH","KE","NG","TZ","UG","AG","AM","BS","BB","BZ","BT","BW","BF","CV","CW","DM","FJ","GM","GE","GD","GW","GY","HT","JM","KI","LS","LR","MW","MV","ML","MH","FM","NA","NR","NE","PW","PG","PR","WS","SM","ST","SN","SC","SL","SB","KN","LC","VC","SR","TL","TO","TT","TV","VU","AZ","BN","BI","KH","CM","TD","KM","GQ","SZ","GA","GN","KG","LA","MO","MR","MN","NP","RW","TG","UZ","ZW","BJ","MG","MU","MZ","AO","CI","DJ","ZM","CD","CG","IQ","LY","TJ","VE","ET","XK"],"disc_number":1,"duration_ms":141141,"explicit":false,"external_urls":{"spotify":"https://open.spotify.com/track/5a3tLTGA0HIDtrvnszXXBN"},"href":"https://api.spotify.com/v1/tracks/5a3tLTGA0HIDtrvnszXXBN","id":"5a3tLTGA0HIDtrvnszXXBN","name":"call it the end","preview_url":null,"track_number":10,"type":"track","uri":"spotify:track:5a3tLTGA0HIDtrvnszXXBN","is_local":false},{"artists":[{"external_urls":{"spotify":"https://open.spotify.com/artist/3eVa5w3URK5duf6eyVDbu9"},"href":"https://api.spotify.com/v1/artists/3eVa5w3URK5duf6eyVDbu9","id":"3eVa5w3URK5duf6eyVDbu9","name":"ROSÉ","type":"artist","uri":"spotify:artist:3eVa5w3URK5duf6eyVDbu9"}],"available_markets":["AR","AU","AT","BE","BO","BR","BG","CA","CL","CO","CR","CY","CZ","DK","DO","DE","EC","EE","SV","FI","FR","GR","GT","HN","HK","HU","IS","IE","IT","LV","LT","LU","MY","MT","MX","NL","NZ","NI","NO","PA","PY","PE","PH","PL","PT","SG","SK","ES","SE","CH","TW","TR","UY","US","GB","AD","LI","MC","ID","JP","TH","VN","RO","IL","ZA","SA","AE","BH","QA","OM","KW","EG","MA","DZ","TN","LB","JO","PS","IN","KZ","MD","UA","AL","BA","HR","ME","MK","RS","SI","BD","PK","LK","GH","KE","NG","TZ","UG","AG","AM","BS","BB","BZ","BT","BW","BF","CV","CW","DM","FJ","GM","GE","GD","GW","GY","HT","JM","KI","LS","LR","MW","MV","ML","MH","FM","NA","NR","NE","PW","PG","PR","WS","SM","ST","SN","SC","SL","SB","KN","LC","VC","SR","TL","TO","TT","TV","VU","AZ","BN","BI","KH","CM","TD","KM","GQ","SZ","GA","GN","KG","LA","MO","MR","MN","NP","RW","TG","UZ","ZW","BJ","MG","MU","MZ","AO","CI","DJ","ZM","CD","CG","IQ","LY","TJ","VE","ET","XK"],"disc_number":1,"duration_ms":236248,"explicit":false,"external_urls":{"spotify":"https://open.spotify.com/track/3tDF6qjNrabjnb23RB2rpa"},"href":"https://api.spotify.com/v1/tracks/3tDF6qjNrabjnb23RB2rpa","id":"3tDF6qjNrabjnb23RB2rpa","name":"too bad for us","preview_url":null,"track_number":11,"type":"track","uri":"spotify:track:3tDF6qjNrabjnb23RB2rpa","is_local":false},{"artists":[{"external_urls":{"spotify":"https://open.spotify.com/artist/3eVa5w3URK5duf6eyVDbu9"},"href":"https://api.spotify.com/v1/artists/3eVa5w3URK5duf6eyVDbu9","id":"3eVa5w3URK5duf6eyVDbu9","name":"ROSÉ","type":"artist","uri":"spotify:artist:3eVa5w3URK5duf6eyVDbu9"}],"available_markets":["AR","AU","AT","BE","BO","BR","BG","CA","CL","CO","CR","CY","CZ","DK","DO","DE","EC","EE","SV","FI","FR","GR","GT","HN","HK","HU","IS","IE","IT","LV","LT","LU","MY","MT","MX","NL","NZ","NI","NO","PA","PY","PE","PH","PL","PT","SG","SK","ES","SE","CH","TW","TR","UY","US","GB","AD","LI","MC","ID","JP","TH","VN","RO","IL","ZA","SA","AE","BH","QA","OM","KW","EG","MA","DZ","TN","LB","JO","PS","IN","KZ","MD","UA","AL","BA","HR","ME","MK","RS","SI","BD","PK","LK","GH","KE","NG","TZ","UG","AG","AM","BS","BB","BZ","BT","BW","BF","CV","CW","DM","FJ","GM","GE","GD","GW","GY","HT","JM","KI","LS","LR","MW","MV","ML","MH","FM","NA","NR","NE","PW","PG","PR","WS","SM","ST","SN","SC","SL","SB","KN","LC","VC","SR","TL","TO","TT","TV","VU","AZ","BN","BI","KH","CM","TD","KM","GQ","SZ","GA","GN","KG","LA","MO","MR","MN","NP","RW","TG","UZ","ZW","BJ","MG","MU","MZ","AO","CI","DJ","ZM","CD","CG","IQ","LY","TJ","VE","ET","XK"],"disc_number":1,"duration_ms":214950,"explicit":false,"external_urls":{"spotify":"https://open.spotify.com/track/50aQbgfdydBXABx2gATQHn"},"href":"https://api.spotify.com/v1/tracks/50aQbgfdydBXABx2gATQHn","id":"50aQbgfdydBXABx2gATQHn","name":"dance all night","preview_url":null,"track_number":12,"type":"track","uri":"spotify:track:50aQbgfdydBXABx2gATQHn","is_local":false}]},"copyrights":[{"text":"© 2024 ROSÉ under exclusive license to Atlantic Recording Corporation for the World excluding Korea","type":"C"},{"text":"℗ 2024 ROSÉ under exclusive license to Atlantic Recording Corporation for the World excluding Korea","type":"P"}],"external_ids":{"upc":"075679629197"},"genres":[],"label":"Atlantic Records","popularity":87},{"album_type":"album","total_tracks":9,"available_markets":["AR","AU","AT","BE","BO","BR","BG","CA","CL","CO","CR","CY","CZ","DK","DO","DE","EC","EE","SV","FI","FR","GR","GT","HN","HK","HU","IS","IE","IT","LV","LT","LU","MY","MT","MX","NL","NZ","NI","NO","PA","PY","PE","PH","PL","PT","SG","SK","ES","SE","CH","TW","TR","UY","US","GB","AD","LI","MC","ID","TH","VN","RO","IL","ZA","SA","AE","BH","QA","OM","KW","EG","MA","DZ","TN","LB","JO","PS","IN","KZ","MD","UA","AL","BA","HR","ME","MK","RS","SI","KR","BD","PK","LK","GH","KE","NG","TZ","UG","AG","AM","BS","BB","BZ","BT","BW","BF","CV","CW","DM","FJ","GM","GE","GD","GW","GY","HT","JM","KI","LS","LR","MW","MV","ML","MH","FM","NA","NR","NE","PW","PG","WS","SM","ST","SN","SC","SL","SB","KN","LC","VC","SR","TL","TO","TT","TV","VU","AZ","BN","BI","KH","CM","TD","KM","GQ","SZ","GA","GN","KG","LA","MO","MR","MN","NP","RW","TG","UZ","ZW","BJ","MG","MU","MZ","AO","CI","DJ","ZM","CD","CG","IQ","LY","TJ","VE","ET","XK"],"external_urls":{"spotify":"https://open.spotify.com/album/5L3PAo50R75rOZLlEvokZZ"},"href":"https://api.spotify.com/v1/albums/5L3PAo50R75rOZLlEvokZZ","id":"5L3PAo50R75rOZLlEvokZZ","images":[{"url":"https://i.scdn.co/image/ab67616d0000b273c099e4b6e57fe7a2304b0213","height":640,"width":640},{"url":"https://i.scdn.co/image/ab67616d00001e02c099e4b6e57fe7a2304b0213","height":300,"width":300},{"url":"https://i.scdn.co/image/ab67616d00004851c099e4b6e57fe7a2304b0213","height":64,"width":64}],"name":"LOS 9 DE FERXXO Y SKY ROMPIENDO","release_date":"2024-11-29","release_date_precision":"day","type":"album","uri":"spotify:album:5L3PAo50R75rOZLlEvokZZ","artists":[{"external_urls":{"spotify":"https://open.spotify.com/artist/2LRoIwlKmHjgvigdNGBHNo"},"href":"https://api.spotify.com/v1/artists/2LRoIwlKmHjgvigdNGBHNo","id":"2LRoIwlKmHjgvigdNGBHNo","name":"Feid","type":"artist","uri":"spotify:artist:2LRoIwlKmHjgvigdNGBHNo"},{"external_urls":{"spotify":"https://open.spotify.com/artist/51XrH5fQP2oIQynuKxSWcW"},"href":"https://api.spotify.com/v1/artists/51XrH5fQP2oIQynuKxSWcW","id":"51XrH5fQP2oIQynuKxSWcW","name":"Sky Rompiendo","type":"artist","uri":"spotify:artist:51XrH5fQP2oIQynuKxSWcW"}],"tracks":{"href":"https://api.spotify.com/v1/albums/5L3PAo50R75rOZLlEvokZZ/tracks?offset=0&limit=50","limit":50,"next":null,"offset":0,"previous":null,"total":9,"items":[{"artists":[{"external_urls":{"spotify":"https://open.spotify.com/artist/2LRoIwlKmHjgvigdNGBHNo"},"href":"https://api.spotify.com/v1/artists/2LRoIwlKmHjgvigdNGBHNo","id":"2LRoIwlKmHjgvigdNGBHNo","name":"Feid","type":"artist","uri":"spotify:artist:2LRoIwlKmHjgvigdNGBHNo"},{"external_urls":{"spotify":"https://open.spotify.com/artist/51XrH5fQP2oIQynuKxSWcW"},"href":"https://api.spotify.com/v1/artists/51XrH5fQP2oIQynuKxSWcW","id":"51XrH5fQP2oIQynuKxSWcW","name":"Sky Rompiendo","type":"artist","uri":"spotify:artist:51XrH5fQP2oIQynuKxSWcW"},{"external_urls":{"spotify":"https://open.spotify.com/artist/2YRyPiW98bpkARAS4B3OQP"},"href":"https://api.spotify.com/v1/artists/2YRyPiW98bpkARAS4B3OQP","id":"2YRyPiW98bpkARAS4B3OQP","name":"Dei V","type":"artist","uri":"spotify:artist:2YRyPiW98bpkARAS4B3OQP"}],"available_markets":["AR","AU","AT","BE","BO","BR","BG","CA","CL","CO","CR","CY","CZ","DK","DO","DE","EC","EE","SV","FI","FR","GR","GT","HN","HK","HU","IS","IE","IT","LV","LT","LU","MY","MT","MX","NL","NZ","NI","NO","PA","PY","PE","PH","PL","PT","SG","SK","ES","SE","CH","TW","TR","UY","US","GB","AD","LI","MC","ID","TH","VN","RO","IL","ZA","SA","AE","BH","QA","OM","KW","EG","MA","DZ","TN","LB","JO","PS","IN","KZ","MD","UA","AL","BA","HR","ME","MK","RS","SI","KR","BD","PK","LK","GH","KE","NG","TZ","UG","AG","AM","BS","BB","BZ","BT","BW","BF","CV","CW","DM","FJ","GM","GE","GD","GW","GY","HT","JM","KI","LS","LR","MW","MV","ML","MH","FM","NA","NR","NE","PW","PG","WS","SM","ST","SN","SC","SL","SB","KN","LC","VC","SR","TL","TO","TT","TV","VU","AZ","BN","BI","KH","CM","TD","KM","GQ","SZ","GA","GN","KG","LA","MO","MR","MN","NP","RW","TG","UZ","ZW","BJ","MG","MU","MZ","AO","CI","DJ","ZM","CD","CG","IQ","LY","TJ","VE","ET","XK"],"disc_number":1,"duration_ms":223039,"explicit":true,"external_urls":{"spotify":"https://open.spotify.com/track/0lhcaiGyAkmZg5RaC99ZbH"},"href":"https://api.spotify.com/v1/tracks/0lhcaiGyAkmZg5RaC99ZbH","id":"0lhcaiGyAkmZg5RaC99ZbH","name":"ESTOY PUTIAO","preview_url":null,"track_number":1,"type":"track","uri":"spotify:track:0lhcaiGyAkmZg5RaC99ZbH","is_local":false},{"artists":[{"external_urls":{"spotify":"https://open.spotify.com/artist/2LRoIwlKmHjgvigdNGBHNo"},"href":"https://api.spotify.com/v1/artists/2LRoIwlKmHjgvigdNGBHNo","id":"2LRoIwlKmHjgvigdNGBHNo","name":"Feid","type":"artist","uri":"spotify:artist:2LRoIwlKmHjgvigdNGBHNo"},{"external_urls":{"spotify":"https://open.spotify.com/artist/51XrH5fQP2oIQynuKxSWcW"},"href":"https://api.spotify.com/v1/artists/51XrH5fQP2oIQynuKxSWcW","id":"51XrH5fQP2oIQynuKxSWcW","name":"Sky Rompiendo","type":"artist","uri":"spotify:artist:51XrH5fQP2oIQynuKxSWcW"}],"available_markets":["AR","AU","AT","BE","BO","BR","BG","CA","CL","CO","CR","CY","CZ","DK","DO","DE","EC","EE","SV","FI","FR","GR","GT","HN","HK","HU","IS","IE","IT","LV","LT","LU","MY","MT","MX","NL","NZ","NI","NO","PA","PY","PE","PH","PL","PT","SG","SK","ES","SE","CH","TW","TR","UY","US","GB","AD","LI","MC","ID","TH","VN","RO","IL","ZA","SA","AE","BH","QA","OM","KW","EG","MA","DZ","TN","LB","JO","PS","IN","KZ","MD","UA","AL","BA","HR","ME","MK","RS","SI","KR","BD","PK","LK","GH","KE","NG","TZ","UG","AG","AM","BS","BB","BZ","BT","BW","BF","CV","CW","DM","FJ","GM","GE","GD","GW","GY","HT","JM","KI","LS","LR","MW","MV","ML","MH","FM","NA","NR","NE","PW","PG","WS","SM","ST","SN","SC","SL","SB","KN","LC","VC","SR","TL","TO","TT","TV","VU","AZ","BN","BI","KH","CM","TD","KM","GQ","SZ","GA","GN","KG","LA","MO","MR","MN","NP","RW","TG","UZ","ZW","BJ","MG","MU","MZ","AO","CI","DJ","ZM","CD","CG","IQ","LY","TJ","VE","ET","XK"],"disc_number":1,"duration_ms":146285,"explicit":true,"external_urls":{"spotify":"https://open.spotify.com/track/2HxZAed6QC9yJZuyaJJSz0"},"href":"https://api.spotify.com/v1/tracks/2HxZAed6QC9yJZuyaJJSz0","id":"2HxZAed6QC9yJZuyaJJSz0","name":"PPCP","preview_url":null,"track_number":2,"type":"track","uri":"spotify:track:2HxZAed6QC9yJZuyaJJSz0","is_local":false},{"artists":[{"external_urls":{"spotify":"https://open.spotify.com/artist/2LRoIwlKmHjgvigdNGBHNo"},"href":"https://api.spotify.com/v1/artists/2LRoIwlKmHjgvigdNGBHNo","id":"2LRoIwlKmHjgvigdNGBHNo","name":"Feid","type":"artist","uri":"spotify:artist:2LRoIwlKmHjgvigdNGBHNo"},{"external_urls":{"spotify":"https://open.spotify.com/artist/51XrH5fQP2oIQynuKxSWcW"},"href":"https://api.spotify.com/v1/artists/51XrH5fQP2oIQynuKxSWcW","id":"51XrH5fQP2oIQynuKxSWcW","name":"Sky Rompiendo","type":"artist","uri":"spotify:artist:51XrH5fQP2oIQynuKxSWcW"}],"available_markets":["AR","AU","AT","BE","BO","BR","BG","CA","CL","CO","CR","CY","CZ","DK","DO","DE","EC","EE","SV","FI","FR","GR","GT","HN","HK","HU","IS","IE","IT","LV","LT","LU","MY","MT","MX","NL","NZ","NI","NO","PA","PY","PE","PH","PL","PT","SG","SK","ES","SE","CH","TW","TR","UY","US","GB","AD","LI","MC","ID","TH","VN","RO","IL","ZA","SA","AE","BH","QA","OM","KW","EG","MA","DZ","TN","LB","JO","PS","IN","KZ","MD","UA","AL","BA","HR","ME","MK","RS","SI","KR","BD","PK","LK","GH","KE","NG","TZ","UG","AG","AM","BS","BB","BZ","BT","BW","BF","CV","CW","DM","FJ","GM","GE","GD","GW","GY","HT","JM","KI","LS","LR","MW","MV","ML","MH","FM","NA","NR","NE","PW","PG","WS","SM","ST","SN","SC","SL","SB","KN","LC","VC","SR","TL","TO","TT","TV","VU","AZ","BN","BI","KH","CM","TD","KM","GQ","SZ","GA","GN","KG","LA","MO","MR","MN","NP","RW","TG","UZ","ZW","BJ","MG","MU","MZ","AO","CI","DJ","ZM","CD","CG","IQ","LY","TJ","VE","ET","XK"],"disc_number":1,"duration_ms":198058,"explicit":false,"external_urls":{"spotify":"https://open.spotify.com/track/3Z5ano0s9pNggRPmAtqKWL"},"href":"https://api.spotify.com/v1/tracks/3Z5ano0s9pNggRPmAtqKWL","id":"3Z5ano0s9pNggRPmAtqKWL","name":"1XXX RAXONES","preview_url":null,"track_number":3,"type":"track","uri":"spotify:track:3Z5ano0s9pNggRPmAtqKWL","is_local":false},{"artists":[{"external_urls":{"spotify":"https://open.spotify.com/artist/2LRoIwlKmHjgvigdNGBHNo"},"href":"https://api.spotify.com/v1/artists/2LRoIwlKmHjgvigdNGBHNo","id":"2LRoIwlKmHjgvigdNGBHNo","name":"Feid","type":"artist","uri":"spotify:artist:2LRoIwlKmHjgvigdNGBHNo"},{"external_urls":{"spotify":"https://open.spotify.com/artist/51XrH5fQP2oIQynuKxSWcW"},"href":"https://api.spotify.com/v1/artists/51XrH5fQP2oIQynuKxSWcW","id":"51XrH5fQP2oIQynuKxSWcW","name":"Sky Rompiendo","type":"artist","uri":"spotify:artist:51XrH5fQP2oIQynuKxSWcW"}],"available_markets":["AR","AU","AT","BE","BO","BR","BG","CA","CL","CO","CR","CY","CZ","DK","DO","DE","EC","EE","SV","FI","FR","GR","GT","HN","HK","HU","IS","IE","IT","LV","LT","LU","MY","MT","MX","NL","NZ","NI","NO","PA","PY","PE","PH","PL","PT","SG","SK","ES","SE","CH","TW","TR","UY","US","GB","AD","LI","MC","ID","TH","VN","RO","IL","ZA","SA","AE","BH","QA","OM","KW","EG","MA","DZ","TN","LB","JO","PS","IN","KZ","MD","UA","AL","BA","HR","ME","MK","RS","SI","KR","BD","PK","LK","GH","KE","NG","TZ","UG","AG","AM","BS","BB","BZ","BT","BW","BF","CV","CW","DM","FJ","GM","GE","GD","GW","GY","HT","JM","KI","LS","LR","MW","MV","ML","MH","FM","NA","NR","NE","PW","PG","WS","SM","ST","SN","SC","SL","SB","KN","LC","VC","SR","TL","TO","TT","TV","VU","AZ","BN","BI","KH","CM","TD","KM","GQ","SZ","GA","GN","KG","LA","MO","MR","MN","NP","RW","TG","UZ","ZW","BJ","MG","MU","MZ","AO","CI","DJ","ZM","CD","CG","IQ","LY","TJ","VE","ET","XK"],"disc_number":1,"duration_ms":147906,"explicit":true,"external_urls":{"spotify":"https://open.spotify.com/track/2kQovjtNZF1oSARczvmhaV"},"href":"https://api.spotify.com/v1/tracks/2kQovjtNZF1oSARczvmhaV","id":"2kQovjtNZF1oSARczvmhaV","name":"MONI","preview_url":null,"track_number":4,"type":"track","uri":"spotify:track:2kQovjtNZF1oSARczvmhaV","is_local":false},{"artists":[{"external_urls":{"spotify":"https://open.spotify.com/artist/2LRoIwlKmHjgvigdNGBHNo"},"href":"https://api.spotify.com/v1/artists/2LRoIwlKmHjgvigdNGBHNo","id":"2LRoIwlKmHjgvigdNGBHNo","name":"Feid","type":"artist","uri":"spotify:artist:2LRoIwlKmHjgvigdNGBHNo"},{"external_urls":{"spotify":"https://open.spotify.com/artist/51XrH5fQP2oIQynuKxSWcW"},"href":"https://api.spotify.com/v1/artists/51XrH5fQP2oIQynuKxSWcW","id":"51XrH5fQP2oIQynuKxSWcW","name":"Sky Rompiendo","type":"artist","uri":"spotify:artist:51XrH5fQP2oIQynuKxSWcW"}],"available_markets":["AR","AU","AT","BE","BO","BR","BG","CA","CL","CO","CR","CY","CZ","DK","DO","DE","EC","EE","SV","FI","FR","GR","GT","HN","HK","HU","IS","IE","IT","LV","LT","LU","MY","MT","MX","NL","NZ","NI","NO","PA","PY","PE","PH","PL","PT","SG","SK","ES","SE","CH","TW","TR","UY","US","GB","AD","LI","MC","ID","TH","VN","RO","IL","ZA","SA","AE","BH","QA","OM","KW","EG","MA","DZ","TN","LB","JO","PS","IN","KZ","MD","UA","AL","BA","HR","ME","MK","RS","SI","KR","BD","PK","LK","GH","KE","NG","TZ","UG","AG","AM","BS","BB","BZ","BT","BW","BF","CV","CW","DM","FJ","GM","GE","GD","GW","GY","HT","JM","KI","LS","LR","MW","MV","ML","MH","FM","NA","NR","NE","PW","PG","WS","SM","ST","SN","SC","SL","SB","KN","LC","VC","SR","TL","TO","TT","TV","VU","AZ","BN","BI","KH","CM","TD","KM","GQ","SZ","GA","GN","KG","LA","MO","MR","MN","NP","RW","TG","UZ","ZW","BJ","MG","MU","MZ","AO","CI","DJ","ZM","CD","CG","IQ","LY","TJ","VE","ET","XK"],"disc_number":1,"duration_ms":193548,"explicit":false,"external_urls":{"spotify":"https://open.spotify.com/track/40ytTNTwNp3KuYQ0DW2Ixy"},"href":"https://api.spotify.com/v1/tracks/40ytTNTwNp3KuYQ0DW2Ixy","id":"40ytTNTwNp3KuYQ0DW2Ixy","name":"DE REPENTE","preview_url":null,"track_number":5,"type":"track","uri":"spotify:track:40ytTNTwNp3KuYQ0DW2Ixy","is_local":false},{"artists":[{"external_urls":{"spotify":"https://open.spotify.com/artist/2LRoIwlKmHjgvigdNGBHNo"},"href":"https://api.spotify.com/v1/artists/2LRoIwlKmHjgvigdNGBHNo","id":"2LRoIwlKmHjgvigdNGBHNo","name":"Feid","type":"artist","uri":"spotify:artist:2LRoIwlKmHjgvigdNGBHNo"},{"external_urls":{"spotify":"https://open.spotify.com/artist/51XrH5fQP2oIQynuKxSWcW"},"href":"https://api.spotify.com/v1/artists/51XrH5fQP2oIQynuKxSWcW","id":"51XrH5fQP2oIQynuKxSWcW","name":"Sky Rompiendo","type":"artist","uri":"spotify:artist:51XrH5fQP2oIQynuKxSWcW"},{"external_urls":{"spotify":"https://open.spotify.com/artist/4HzKw8XcD0piJmDrrPRCYk"},"href":"https://api.spotify.com/v1/artists/4HzKw8XcD0piJmDrrPRCYk","id":"4HzKw8XcD0piJmDrrPRCYk","name":"Majid Jordan","type":"artist","uri":"spotify:artist:4HzKw8XcD0piJmDrrPRCYk"}],"available_markets":["AR","AU","AT","BE","BO","BR","BG","CA","CL","CO","CR","CY","CZ","DK","DO","DE","EC","EE","SV","FI","FR","GR","GT","HN","HK","HU","IS","IE","IT","LV","LT","LU","MY","MT","MX","NL","NZ","NI","NO","PA","PY","PE","PH","PL","PT","SG","SK","ES","SE","CH","TW","TR","UY","US","GB","AD","LI","MC","ID","TH","VN","RO","IL","ZA","SA","AE","BH","QA","OM","KW","EG","MA","DZ","TN","LB","JO","PS","IN","KZ","MD","UA","AL","BA","HR","ME","MK","RS","SI","KR","BD","PK","LK","GH","KE","NG","TZ","UG","AG","AM","BS","BB","BZ","BT","BW","BF","CV","CW","DM","FJ","GM","GE","GD","GW","GY","HT","JM","KI","LS","LR","MW","MV","ML","MH","FM","NA","NR","NE","PW","PG","WS","SM","ST","SN","SC","SL","SB","KN","LC","VC","SR","TL","TO","TT","TV","VU","AZ","BN","BI","KH","CM","TD","KM","GQ","SZ","GA","GN","KG","LA","MO","MR","MN","NP","RW","TG","UZ","ZW","BJ","MG","MU","MZ","AO","CI","DJ","ZM","CD","CG","IQ","LY","TJ","VE","ET","XK"],"disc_number":1,"duration_ms":155314,"explicit":true,"external_urls":{"spotify":"https://open.spotify.com/track/7iyawgjHLk3q9jksG3mWtD"},"href":"https://api.spotify.com/v1/tracks/7iyawgjHLk3q9jksG3mWtD","id":"7iyawgjHLk3q9jksG3mWtD","name":"AGAIN","preview_url":null,"track_number":6,"type":"track","uri":"spotify:track:7iyawgjHLk3q9jksG3mWtD","is_local":false},{"artists":[{"external_urls":{"spotify":"https://open.spotify.com/artist/2LRoIwlKmHjgvigdNGBHNo"},"href":"https://api.spotify.com/v1/artists/2LRoIwlKmHjgvigdNGBHNo","id":"2LRoIwlKmHjgvigdNGBHNo","name":"Feid","type":"artist","uri":"spotify:artist:2LRoIwlKmHjgvigdNGBHNo"},{"external_urls":{"spotify":"https://open.spotify.com/artist/51XrH5fQP2oIQynuKxSWcW"},"href":"https://api.spotify.com/v1/artists/51XrH5fQP2oIQynuKxSWcW","id":"51XrH5fQP2oIQynuKxSWcW","name":"Sky Rompiendo","type":"artist","uri":"spotify:artist:51XrH5fQP2oIQynuKxSWcW"}],"available_markets":["AR","AU","AT","BE","BO","BR","BG","CA","CL","CO","CR","CY","CZ","DK","DO","DE","EC","EE","SV","FI","FR","GR","GT","HN","HK","HU","IS","IE","IT","LV","LT","LU","MY","MT","MX","NL","NZ","NI","NO","PA","PY","PE","PH","PL","PT","SG","SK","ES","SE","CH","TW","TR","UY","US","GB","AD","LI","MC","ID","TH","VN","RO","IL","ZA","SA","AE","BH","QA","OM","KW","EG","MA","DZ","TN","LB","JO","PS","IN","KZ","MD","UA","AL","BA","HR","ME","MK","RS","SI","KR","BD","PK","LK","GH","KE","NG","TZ","UG","AG","AM","BS","BB","BZ","BT","BW","BF","CV","CW","DM","FJ","GM","GE","GD","GW","GY","HT","JM","KI","LS","LR","MW","MV","ML","MH","FM","NA","NR","NE","PW","PG","WS","SM","ST","SN","SC","SL","SB","KN","LC","VC","SR","TL","TO","TT","TV","VU","AZ","BN","BI","KH","CM","TD","KM","GQ","SZ","GA","GN","KG","LA","MO","MR","MN","NP","RW","TG","UZ","ZW","BJ","MG","MU","MZ","AO","CI","DJ","ZM","CD","CG","IQ","LY","TJ","VE","ET","XK"],"disc_number":1,"duration_ms":138461,"explicit":true,"external_urls":{"spotify":"https://open.spotify.com/track/3XTyejUCaqoKy0bItVFLm5"},"href":"https://api.spotify.com/v1/tracks/3XTyejUCaqoKy0bItVFLm5","id":"3XTyejUCaqoKy0bItVFLm5","name":"KLKHAY","preview_url":null,"track_number":7,"type":"track","uri":"spotify:track:3XTyejUCaqoKy0bItVFLm5","is_local":false},{"artists":[{"external_urls":{"spotify":"https://open.spotify.com/artist/2LRoIwlKmHjgvigdNGBHNo"},"href":"https://api.spotify.com/v1/artists/2LRoIwlKmHjgvigdNGBHNo","id":"2LRoIwlKmHjgvigdNGBHNo","name":"Feid","type":"artist","uri":"spotify:artist:2LRoIwlKmHjgvigdNGBHNo"},{"external_urls":{"spotify":"https://open.spotify.com/artist/51XrH5fQP2oIQynuKxSWcW"},"href":"https://api.spotify.com/v1/artists/51XrH5fQP2oIQynuKxSWcW","id":"51XrH5fQP2oIQynuKxSWcW","name":"Sky Rompiendo","type":"artist","uri":"spotify:artist:51XrH5fQP2oIQynuKxSWcW"}],"available_markets":["AR","AU","AT","BE","BO","BR","BG","CA","CL","CO","CR","CY","CZ","DK","DO","DE","EC","EE","SV","FI","FR","GR","GT","HN","HK","HU","IS","IE","IT","LV","LT","LU","MY","MT","MX","NL","NZ","NI","NO","PA","PY","PE","PH","PL","PT","SG","SK","ES","SE","CH","TW","TR","UY","US","GB","AD","LI","MC","ID","TH","VN","RO","IL","ZA","SA","AE","BH","QA","OM","KW","EG","MA","DZ","TN","LB","JO","PS","IN","KZ","MD","UA","AL","BA","HR","ME","MK","RS","SI","KR","BD","PK","LK","GH","KE","NG","TZ","UG","AG","AM","BS","BB","BZ","BT","BW","BF","CV","CW","DM","FJ","GM","GE","GD","GW","GY","HT","JM","KI","LS","LR","MW","MV","ML","MH","FM","NA","NR","NE","PW","PG","WS","SM","ST","SN","SC","SL","SB","KN","LC","VC","SR","TL","TO","TT","TV","VU","AZ","BN","BI","KH","CM","TD","KM","GQ","SZ","GA","GN","KG","LA","MO","MR","MN","NP","RW","TG","UZ","ZW","BJ","MG","MU","MZ","AO","CI","DJ","ZM","CD","CG","IQ","LY","TJ","VE","ET","XK"],"disc_number":1,"duration_ms":170000,"explicit":true,"external_urls":{"spotify":"https://open.spotify.com/track/5zHAC2VURQnaehvbcTC7AE"},"href":"https://api.spotify.com/v1/tracks/5zHAC2VURQnaehvbcTC7AE","id":"5zHAC2VURQnaehvbcTC7AE","name":"OLD NAVY","preview_url":null,"track_number":8,"type":"track","uri":"spotify:track:5zHAC2VURQnaehvbcTC7AE","is_local":false},{"artists":[{"external_urls":{"spotify":"https://open.spotify.com/artist/2LRoIwlKmHjgvigdNGBHNo"},"href":"https://api.spotify.com/v1/artists/2LRoIwlKmHjgvigdNGBHNo","id":"2LRoIwlKmHjgvigdNGBHNo","name":"Feid","type":"artist","uri":"spotify:artist:2LRoIwlKmHjgvigdNGBHNo"},{"external_urls":{"spotify":"https://open.spotify.com/artist/51XrH5fQP2oIQynuKxSWcW"},"href":"https://api.spotify.com/v1/artists/51XrH5fQP2oIQynuKxSWcW","id":"51XrH5fQP2oIQynuKxSWcW","name":"Sky Rompiendo","type":"artist","uri":"spotify:artist:51XrH5fQP2oIQynuKxSWcW"}],"available_markets":["AR","AU","AT","BE","BO","BR","BG","CA","CL","CO","CR","CY","CZ","DK","DO","DE","EC","EE","SV","FI","FR","GR","GT","HN","HK","HU","IS","IE","IT","LV","LT","LU","MY","MT","MX","NL","NZ","NI","NO","PA","PY","PE","PH","PL","PT","SG","SK","ES","SE","CH","TW","TR","UY","US","GB","AD","LI","MC","ID","TH","VN","RO","IL","ZA","SA","AE","BH","QA","OM","KW","EG","MA","DZ","TN","LB","JO","PS","IN","KZ","MD","UA","AL","BA","HR","ME","MK","RS","SI","KR","BD","PK","LK","GH","KE","NG","TZ","UG","AG","AM","BS","BB","BZ","BT","BW","BF","CV","CW","DM","FJ","GM","GE","GD","GW","GY","HT","JM","KI","LS","LR","MW","MV","ML","MH","FM","NA","NR","NE","PW","PG","WS","SM","ST","SN","SC","SL","SB","KN","LC","VC","SR","TL","TO","TT","TV","VU","AZ","BN","BI","KH","CM","TD","KM","GQ","SZ","GA","GN","KG","LA","MO","MR","MN","NP","RW","TG","UZ","ZW","BJ","MG","MU","MZ","AO","CI","DJ","ZM","CD","CG","IQ","LY","TJ","VE","ET","XK"],"disc_number":1,"duration_ms":179277,"explicit":true,"external_urls":{"spotify":"https://open.spotify.com/track/3qwgwtLyivLLQ0XOw90ZUh"},"href":"https://api.spotify.com/v1/tracks/3qwgwtLyivLLQ0XOw90ZUh","id":"3qwgwtLyivLLQ0XOw90ZUh","name":"11PM EN ST. REGIS","preview_url":null,"track_number":9,"type":"track","uri":"spotify:track:3qwgwtLyivLLQ0XOw90ZUh","is_local":false}]},"copyrights":[{"text":"© 2024 GOOD KIDZ & Black Koi Entertainment, Distributed by Universal Music Latino","type":"C"},{"text":"℗ 2024 GOOD KIDZ & Black Koi Entertainment, Distributed by Universal Music Latino","type":"P"}],"external_ids":{"upc":"00602475700944"},"genres":[],"label":"Universal Music Latino","popularity":69},{"album_type":"album","total_tracks":13,"available_markets":["AR","AU","AT","BE","BO","BR","BG","CA","CL","CO","CR","CY","CZ","DK","DO","DE","EC","EE","SV","FI","FR","GR","GT","HN","HK","HU","IS","IE","IT","LV","LT","LU","MY","MT","MX","NL","NZ","NI","NO","PA","PY","PE","PH","PL","PT","SG","SK","ES","SE","CH","TW","TR","UY","US","GB","AD","LI","MC","ID","JP","TH","VN","RO","IL","ZA","SA","AE","BH","QA","OM","KW","EG","MA","DZ","TN","LB","JO","PS","IN","KZ","MD","UA","AL","BA","HR","ME","MK","RS","SI","KR","BD","PK","LK","GH","KE","NG","TZ","UG","AG","AM","BS","BB","BZ","BT","BW","BF","CV","CW","DM","FJ","GM","GE","GD","GW","GY","HT","JM","KI","LS","LR","MW","MV","ML","MH","FM","NA","NR","NE","PW","PG","PR","WS","SM","ST","SN","SC","SL","SB","KN","LC","VC","SR","TL","TO","TT","TV","VU","AZ","BN","BI","KH","CM","TD","KM","GQ","SZ","GA","GN","KG","LA","MO","MR","MN","NP","RW","TG","UZ","ZW","BJ","MG","MU","MZ","AO","CI","DJ","ZM","CD","CG","IQ","LY","TJ","VE","ET","XK"],"external_urls":{"spotify":"https://open.spotify.com/album/25Gsw8B8ZpFFhOlx9fF1LR"},"href":"https://api.spotify.com/v1/albums/25Gsw8B8ZpFFhOlx9fF1LR","id":"25Gsw8B8ZpFFhOlx9fF1LR","images":[{"url":"https://i.scdn.co/image/ab67616d0000b2732b3d21b2b6edfccecc3a48df","height":640,"width":640},{"url":"https://i.scdn.co/image/ab67616d00001e022b3d21b2b6edfccecc3a48df","height":300,"width":300},{"url":"https://i.scdn.co/image/ab67616d000048512b3d21b2b6edfccecc3a48df","height":64,"width":64}],"name":"Mis Traumas, Mis Chistes","release_date":"2024-11-28","release_date_precision":"day","type":"album","uri":"spotify:album:25Gsw8B8ZpFFhOlx9fF1LR","artists":[{"external_urls":{"spotify":"https://open.spotify.com/artist/49ggXUsjVHl7BwwaiPUCn6"},"href":"https://api.spotify.com/v1/artists/49ggXUsjVHl7BwwaiPUCn6","id":"49ggXUsjVHl7BwwaiPUCn6","name":"Juan Duque","type":"artist","uri":"spotify:artist:49ggXUsjVHl7BwwaiPUCn6"}],"tracks":{"href":"https://api.spotify.com/v1/albums/25Gsw8B8ZpFFhOlx9fF1LR/tracks?offset=0&limit=50","limit":50,"next":null,"offset":0,"previous":null,"total":13,"items":[{"artists":[{"external_urls":{"spotify":"https://open.spotify.com/artist/49ggXUsjVHl7BwwaiPUCn6"},"href":"https://api.spotify.com/v1/artists/49ggXUsjVHl7BwwaiPUCn6","id":"49ggXUsjVHl7BwwaiPUCn6","name":"Juan Duque","type":"artist","uri":"spotify:artist:49ggXUsjVHl7BwwaiPUCn6"}],"available_markets":["AR","AU","AT","BE","BO","BR","BG","CA","CL","CO","CR","CY","CZ","DK","DO","DE","EC","EE","SV","FI","FR","GR","GT","HN","HK","HU","IS","IE","IT","LV","LT","LU","MY","MT","MX","NL","NZ","NI","NO","PA","PY","PE","PH","PL","PT","SG","SK","ES","SE","CH","TW","TR","UY","US","GB","AD","LI","MC","ID","JP","TH","VN","RO","IL","ZA","SA","AE","BH","QA","OM","KW","EG","MA","DZ","TN","LB","JO","PS","IN","KZ","MD","UA","AL","BA","HR","ME","MK","RS","SI","KR","BD","PK","LK","GH","KE","NG","TZ","UG","AG","AM","BS","BB","BZ","BT","BW","BF","CV","CW","DM","FJ","GM","GE","GD","GW","GY","HT","JM","KI","LS","LR","MW","MV","ML","MH","FM","NA","NR","NE","PW","PG","PR","WS","SM","ST","SN","SC","SL","SB","KN","LC","VC","SR","TL","TO","TT","TV","VU","AZ","BN","BI","KH","CM","TD","KM","GQ","SZ","GA","GN","KG","LA","MO","MR","MN","NP","RW","TG","UZ","ZW","BJ","MG","MU","MZ","AO","CI","DJ","ZM","CD","CG","IQ","LY","TJ","VE","ET","XK"],"disc_number":1,"duration_ms":80333,"explicit":false,"external_urls":{"spotify":"https://open.spotify.com/track/7eh0xG46APveIAhV2obdqo"},"href":"https://api.spotify.com/v1/tracks/7eh0xG46APveIAhV2obdqo","id":"7eh0xG46APveIAhV2obdqo","name":"Intro MTMC","preview_url":null,"track_number":1,"type":"track","uri":"spotify:track:7eh0xG46APveIAhV2obdqo","is_local":false},{"artists":[{"external_urls":{"spotify":"https://open.spotify.com/artist/49ggXUsjVHl7BwwaiPUCn6"},"href":"https://api.spotify.com/v1/artists/49ggXUsjVHl7BwwaiPUCn6","id":"49ggXUsjVHl7BwwaiPUCn6","name":"Juan Duque","type":"artist","uri":"spotify:artist:49ggXUsjVHl7BwwaiPUCn6"}],"available_markets":["AR","AU","AT","BE","BO","BR","BG","CA","CL","CO","CR","CY","CZ","DK","DO","DE","EC","EE","SV","FI","FR","GR","GT","HN","HK","HU","IS","IE","IT","LV","LT","LU","MY","MT","MX","NL","NZ","NI","NO","PA","PY","PE","PH","PL","PT","SG","SK","ES","SE","CH","TW","TR","UY","US","GB","AD","LI","MC","ID","JP","TH","VN","RO","IL","ZA","SA","AE","BH","QA","OM","KW","EG","MA","DZ","TN","LB","JO","PS","IN","KZ","MD","UA","AL","BA","HR","ME","MK","RS","SI","KR","BD","PK","LK","GH","KE","NG","TZ","UG","AG","AM","BS","BB","BZ","BT","BW","BF","CV","CW","DM","FJ","GM","GE","GD","GW","GY","HT","JM","KI","LS","LR","MW","MV","ML","MH","FM","NA","NR","NE","PW","PG","PR","WS","SM","ST","SN","SC","SL","SB","KN","LC","VC","SR","TL","TO","TT","TV","VU","AZ","BN","BI","KH","CM","TD","KM","GQ","SZ","GA","GN","KG","LA","MO","MR","MN","NP","RW","TG","UZ","ZW","BJ","MG","MU","MZ","AO","CI","DJ","ZM","CD","CG","IQ","LY","TJ","VE","ET","XK"],"disc_number":1,"duration_ms":194000,"explicit":false,"external_urls":{"spotify":"https://open.spotify.com/track/33D8RI7wFKjzh8zvbSE1mN"},"href":"https://api.spotify.com/v1/tracks/33D8RI7wFKjzh8zvbSE1mN","id":"33D8RI7wFKjzh8zvbSE1mN","name":"Verano 23","preview_url":null,"track_number":2,"type":"track","uri":"spotify:track:33D8RI7wFKjzh8zvbSE1mN","is_local":false},{"artists":[{"external_urls":{"spotify":"https://open.spotify.com/artist/49ggXUsjVHl7BwwaiPUCn6"},"href":"https://api.spotify.com/v1/artists/49ggXUsjVHl7BwwaiPUCn6","id":"49ggXUsjVHl7BwwaiPUCn6","name":"Juan Duque","type":"artist","uri":"spotify:artist:49ggXUsjVHl7BwwaiPUCn6"}],"available_markets":["AR","AU","AT","BE","BO","BR","BG","CA","CL","CO","CR","CY","CZ","DK","DO","DE","EC","EE","SV","FI","FR","GR","GT","HN","HK","HU","IS","IE","IT","LV","LT","LU","MY","MT","MX","NL","NZ","NI","NO","PA","PY","PE","PH","PL","PT","SG","SK","ES","SE","CH","TW","TR","UY","US","GB","AD","LI","MC","ID","JP","TH","VN","RO","IL","ZA","SA","AE","BH","QA","OM","KW","EG","MA","DZ","TN","LB","JO","PS","IN","KZ","MD","UA","AL","BA","HR","ME","MK","RS","SI","KR","BD","PK","LK","GH","KE","NG","TZ","UG","AG","AM","BS","BB","BZ","BT","BW","BF","CV","CW","DM","FJ","GM","GE","GD","GW","GY","HT","JM","KI","LS","LR","MW","MV","ML","MH","FM","NA","NR","NE","PW","PG","PR","WS","SM","ST","SN","SC","SL","SB","KN","LC","VC","SR","TL","TO","TT","TV","VU","AZ","BN","BI","KH","CM","TD","KM","GQ","SZ","GA","GN","KG","LA","MO","MR","MN","NP","RW","TG","UZ","ZW","BJ","MG","MU","MZ","AO","CI","DJ","ZM","CD","CG","IQ","LY","TJ","VE","ET","XK"],"disc_number":1,"duration_ms":191020,"explicit":false,"external_urls":{"spotify":"https://open.spotify.com/track/0sBzO6iNdbFjOBEgffELUQ"},"href":"https://api.spotify.com/v1/tracks/0sBzO6iNdbFjOBEgffELUQ","id":"0sBzO6iNdbFjOBEgffELUQ","name":"Aquí","preview_url":null,"track_number":3,"type":"track","uri":"spotify:track:0sBzO6iNdbFjOBEgffELUQ","is_local":false},{"artists":[{"external_urls":{"spotify":"https://open.spotify.com/artist/49ggXUsjVHl7BwwaiPUCn6"},"href":"https://api.spotify.com/v1/artists/49ggXUsjVHl7BwwaiPUCn6","id":"49ggXUsjVHl7BwwaiPUCn6","name":"Juan Duque","type":"artist","uri":"spotify:artist:49ggXUsjVHl7BwwaiPUCn6"}],"available_markets":["AR","AU","AT","BE","BO","BR","BG","CA","CL","CO","CR","CY","CZ","DK","DO","DE","EC","EE","SV","FI","FR","GR","GT","HN","HK","HU","IS","IE","IT","LV","LT","LU","MY","MT","MX","NL","NZ","NI","NO","PA","PY","PE","PH","PL","PT","SG","SK","ES","SE","CH","TW","TR","UY","US","GB","AD","LI","MC","ID","JP","TH","VN","RO","IL","ZA","SA","AE","BH","QA","OM","KW","EG","MA","DZ","TN","LB","JO","PS","IN","KZ","MD","UA","AL","BA","HR","ME","MK","RS","SI","KR","BD","PK","LK","GH","KE","NG","TZ","UG","AG","AM","BS","BB","BZ","BT","BW","BF","CV","CW","DM","FJ","GM","GE","GD","GW","GY","HT","JM","KI","LS","LR","MW","MV","ML","MH","FM","NA","NR","NE","PW","PG","PR","WS","SM","ST","SN","SC","SL","SB","KN","LC","VC","SR","TL","TO","TT","TV","VU","AZ","BN","BI","KH","CM","TD","KM","GQ","SZ","GA","GN","KG","LA","MO","MR","MN","NP","RW","TG","UZ","ZW","BJ","MG","MU","MZ","AO","CI","DJ","ZM","CD","CG","IQ","LY","TJ","VE","ET","XK"],"disc_number":1,"duration_ms":157558,"explicit":false,"external_urls":{"spotify":"https://open.spotify.com/track/2xs4ahPFyQpKVsLTOm3YC4"},"href":"https://api.spotify.com/v1/tracks/2xs4ahPFyQpKVsLTOm3YC4","id":"2xs4ahPFyQpKVsLTOm3YC4","name":"Avión De Papél","preview_url":null,"track_number":4,"type":"track","uri":"spotify:track:2xs4ahPFyQpKVsLTOm3YC4","is_local":false},{"artists":[{"external_urls":{"spotify":"https://open.spotify.com/artist/49ggXUsjVHl7BwwaiPUCn6"},"href":"https://api.spotify.com/v1/artists/49ggXUsjVHl7BwwaiPUCn6","id":"49ggXUsjVHl7BwwaiPUCn6","name":"Juan Duque","type":"artist","uri":"spotify:artist:49ggXUsjVHl7BwwaiPUCn6"}],"available_markets":["AR","AU","AT","BE","BO","BR","BG","CA","CL","CO","CR","CY","CZ","DK","DO","DE","EC","EE","SV","FI","FR","GR","GT","HN","HK","HU","IS","IE","IT","LV","LT","LU","MY","MT","MX","NL","NZ","NI","NO","PA","PY","PE","PH","PL","PT","SG","SK","ES","SE","CH","TW","TR","UY","US","GB","AD","LI","MC","ID","JP","TH","VN","RO","IL","ZA","SA","AE","BH","QA","OM","KW","EG","MA","DZ","TN","LB","JO","PS","IN","KZ","MD","UA","AL","BA","HR","ME","MK","RS","SI","KR","BD","PK","LK","GH","KE","NG","TZ","UG","AG","AM","BS","BB","BZ","BT","BW","BF","CV","CW","DM","FJ","GM","GE","GD","GW","GY","HT","JM","KI","LS","LR","MW","MV","ML","MH","FM","NA","NR","NE","PW","PG","PR","WS","SM","ST","SN","SC","SL","SB","KN","LC","VC","SR","TL","TO","TT","TV","VU","AZ","BN","BI","KH","CM","TD","KM","GQ","SZ","GA","GN","KG","LA","MO","MR","MN","NP","RW","TG","UZ","ZW","BJ","MG","MU","MZ","AO","CI","DJ","ZM","CD","CG","IQ","LY","TJ","VE","ET","XK"],"disc_number":1,"duration_ms":177723,"explicit":false,"external_urls":{"spotify":"https://open.spotify.com/track/7tvnWnQp9thUYjLwzp8yY6"},"href":"https://api.spotify.com/v1/tracks/7tvnWnQp9thUYjLwzp8yY6","id":"7tvnWnQp9thUYjLwzp8yY6","name":"No Se Azaren","preview_url":null,"track_number":5,"type":"track","uri":"spotify:track:7tvnWnQp9thUYjLwzp8yY6","is_local":false},{"artists":[{"external_urls":{"spotify":"https://open.spotify.com/artist/49ggXUsjVHl7BwwaiPUCn6"},"href":"https://api.spotify.com/v1/artists/49ggXUsjVHl7BwwaiPUCn6","id":"49ggXUsjVHl7BwwaiPUCn6","name":"Juan Duque","type":"artist","uri":"spotify:artist:49ggXUsjVHl7BwwaiPUCn6"},{"external_urls":{"spotify":"https://open.spotify.com/artist/1wDCXygbv8uRG0GfN787dp"},"href":"https://api.spotify.com/v1/artists/1wDCXygbv8uRG0GfN787dp","id":"1wDCXygbv8uRG0GfN787dp","name":"Tory Teler","type":"artist","uri":"spotify:artist:1wDCXygbv8uRG0GfN787dp"}],"available_markets":["AR","AU","AT","BE","BO","BR","BG","CA","CL","CO","CR","CY","CZ","DK","DO","DE","EC","EE","SV","FI","FR","GR","GT","HN","HK","HU","IS","IE","IT","LV","LT","LU","MY","MT","MX","NL","NZ","NI","NO","PA","PY","PE","PH","PL","PT","SG","SK","ES","SE","CH","TW","TR","UY","US","GB","AD","LI","MC","ID","JP","TH","VN","RO","IL","ZA","SA","AE","BH","QA","OM","KW","EG","MA","DZ","TN","LB","JO","PS","IN","KZ","MD","UA","AL","BA","HR","ME","MK","RS","SI","KR","BD","PK","LK","GH","KE","NG","TZ","UG","AG","AM","BS","BB","BZ","BT","BW","BF","CV","CW","DM","FJ","GM","GE","GD","GW","GY","HT","JM","KI","LS","LR","MW","MV","ML","MH","FM","NA","NR","NE","PW","PG","PR","WS","SM","ST","SN","SC","SL","SB","KN","LC","VC","SR","TL","TO","TT","TV","VU","AZ","BN","BI","KH","CM","TD","KM","GQ","SZ","GA","GN","KG","LA","MO","MR","MN","NP","RW","TG","UZ","ZW","BJ","MG","MU","MZ","AO","CI","DJ","ZM","CD","CG","IQ","LY","TJ","VE","ET","XK"],"disc_number":1,"duration_ms":196421,"explicit":false,"external_urls":{"spotify":"https://open.spotify.com/track/0yFVWXGR7XOxxmqMPIHA47"},"href":"https://api.spotify.com/v1/tracks/0yFVWXGR7XOxxmqMPIHA47","id":"0yFVWXGR7XOxxmqMPIHA47","name":"Perdidos en Milán","preview_url":null,"track_number":6,"type":"track","uri":"spotify:track:0yFVWXGR7XOxxmqMPIHA47","is_local":false},{"artists":[{"external_urls":{"spotify":"https://open.spotify.com/artist/49ggXUsjVHl7BwwaiPUCn6"},"href":"https://api.spotify.com/v1/artists/49ggXUsjVHl7BwwaiPUCn6","id":"49ggXUsjVHl7BwwaiPUCn6","name":"Juan Duque","type":"artist","uri":"spotify:artist:49ggXUsjVHl7BwwaiPUCn6"},{"external_urls":{"spotify":"https://open.spotify.com/artist/7hIqJfRYGBWWT1Qxu6Cpd2"},"href":"https://api.spotify.com/v1/artists/7hIqJfRYGBWWT1Qxu6Cpd2","id":"7hIqJfRYGBWWT1Qxu6Cpd2","name":"Andy Rivera","type":"artist","uri":"spotify:artist:7hIqJfRYGBWWT1Qxu6Cpd2"}],"available_markets":["AR","AU","AT","BE","BO","BR","BG","CA","CL","CO","CR","CY","CZ","DK","DO","DE","EC","EE","SV","FI","FR","GR","GT","HN","HK","HU","IS","IE","IT","LV","LT","LU","MY","MT","MX","NL","NZ","NI","NO","PA","PY","PE","PH","PL","PT","SG","SK","ES","SE","CH","TW","TR","UY","US","GB","AD","LI","MC","ID","JP","TH","VN","RO","IL","ZA","SA","AE","BH","QA","OM","KW","EG","MA","DZ","TN","LB","JO","PS","IN","KZ","MD","UA","AL","BA","HR","ME","MK","RS","SI","KR","BD","PK","LK","GH","KE","NG","TZ","UG","AG","AM","BS","BB","BZ","BT","BW","BF","CV","CW","DM","FJ","GM","GE","GD","GW","GY","HT","JM","KI","LS","LR","MW","MV","ML","MH","FM","NA","NR","NE","PW","PG","PR","WS","SM","ST","SN","SC","SL","SB","KN","LC","VC","SR","TL","TO","TT","TV","VU","AZ","BN","BI","KH","CM","TD","KM","GQ","SZ","GA","GN","KG","LA","MO","MR","MN","NP","RW","TG","UZ","ZW","BJ","MG","MU","MZ","AO","CI","DJ","ZM","CD","CG","IQ","LY","TJ","VE","ET","XK"],"disc_number":1,"duration_ms":227134,"explicit":false,"external_urls":{"spotify":"https://open.spotify.com/track/0EilECsPdoe4BT4CqXHnMx"},"href":"https://api.spotify.com/v1/tracks/0EilECsPdoe4BT4CqXHnMx","id":"0EilECsPdoe4BT4CqXHnMx","name":"Ni Con Él, Ni Conmigo","preview_url":null,"track_number":7,"type":"track","uri":"spotify:track:0EilECsPdoe4BT4CqXHnMx","is_local":false},{"artists":[{"external_urls":{"spotify":"https://open.spotify.com/artist/49ggXUsjVHl7BwwaiPUCn6"},"href":"https://api.spotify.com/v1/artists/49ggXUsjVHl7BwwaiPUCn6","id":"49ggXUsjVHl7BwwaiPUCn6","name":"Juan Duque","type":"artist","uri":"spotify:artist:49ggXUsjVHl7BwwaiPUCn6"}],"available_markets":["AR","AU","AT","BE","BO","BR","BG","CA","CL","CO","CR","CY","CZ","DK","DO","DE","EC","EE","SV","FI","FR","GR","GT","HN","HK","HU","IS","IE","IT","LV","LT","LU","MY","MT","MX","NL","NZ","NI","NO","PA","PY","PE","PH","PL","PT","SG","SK","ES","SE","CH","TW","TR","UY","US","GB","AD","LI","MC","ID","JP","TH","VN","RO","IL","ZA","SA","AE","BH","QA","OM","KW","EG","MA","DZ","TN","LB","JO","PS","IN","KZ","MD","UA","AL","BA","HR","ME","MK","RS","SI","KR","BD","PK","LK","GH","KE","NG","TZ","UG","AG","AM","BS","BB","BZ","BT","BW","BF","CV","CW","DM","FJ","GM","GE","GD","GW","GY","HT","JM","KI","LS","LR","MW","MV","ML","MH","FM","NA","NR","NE","PW","PG","PR","WS","SM","ST","SN","SC","SL","SB","KN","LC","VC","SR","TL","TO","TT","TV","VU","AZ","BN","BI","KH","CM","TD","KM","GQ","SZ","GA","GN","KG","LA","MO","MR","MN","NP","RW","TG","UZ","ZW","BJ","MG","MU","MZ","AO","CI","DJ","ZM","CD","CG","IQ","LY","TJ","VE","ET","XK"],"disc_number":1,"duration_ms":123479,"explicit":false,"external_urls":{"spotify":"https://open.spotify.com/track/1nF0HQdfFofD3QQb5AOhoQ"},"href":"https://api.spotify.com/v1/tracks/1nF0HQdfFofD3QQb5AOhoQ","id":"1nF0HQdfFofD3QQb5AOhoQ","name":"Tutto Passa","preview_url":null,"track_number":8,"type":"track","uri":"spotify:track:1nF0HQdfFofD3QQb5AOhoQ","is_local":false},{"artists":[{"external_urls":{"spotify":"https://open.spotify.com/artist/49ggXUsjVHl7BwwaiPUCn6"},"href":"https://api.spotify.com/v1/artists/49ggXUsjVHl7BwwaiPUCn6","id":"49ggXUsjVHl7BwwaiPUCn6","name":"Juan Duque","type":"artist","uri":"spotify:artist:49ggXUsjVHl7BwwaiPUCn6"},{"external_urls":{"spotify":"https://open.spotify.com/artist/7suviBkoWX9uJG6ZWJLnPX"},"href":"https://api.spotify.com/v1/artists/7suviBkoWX9uJG6ZWJLnPX","id":"7suviBkoWX9uJG6ZWJLnPX","name":"GENERY","type":"artist","uri":"spotify:artist:7suviBkoWX9uJG6ZWJLnPX"}],"available_markets":["AR","AU","AT","BE","BO","BR","BG","CA","CL","CO","CR","CY","CZ","DK","DO","DE","EC","EE","SV","FI","FR","GR","GT","HN","HK","HU","IS","IE","IT","LV","LT","LU","MY","MT","MX","NL","NZ","NI","NO","PA","PY","PE","PH","PL","PT","SG","SK","ES","SE","CH","TW","TR","UY","US","GB","AD","LI","MC","ID","JP","TH","VN","RO","IL","ZA","SA","AE","BH","QA","OM","KW","EG","MA","DZ","TN","LB","JO","PS","IN","KZ","MD","UA","AL","BA","HR","ME","MK","RS","SI","KR","BD","PK","LK","GH","KE","NG","TZ","UG","AG","AM","BS","BB","BZ","BT","BW","BF","CV","CW","DM","FJ","GM","GE","GD","GW","GY","HT","JM","KI","LS","LR","MW","MV","ML","MH","FM","NA","NR","NE","PW","PG","PR","WS","SM","ST","SN","SC","SL","SB","KN","LC","VC","SR","TL","TO","TT","TV","VU","AZ","BN","BI","KH","CM","TD","KM","GQ","SZ","GA","GN","KG","LA","MO","MR","MN","NP","RW","TG","UZ","ZW","BJ","MG","MU","MZ","AO","CI","DJ","ZM","CD","CG","IQ","LY","TJ","VE","ET","XK"],"disc_number":1,"duration_ms":192289,"explicit":false,"external_urls":{"spotify":"https://open.spotify.com/track/0wcuuGPLcbdWOkiiVTROY7"},"href":"https://api.spotify.com/v1/tracks/0wcuuGPLcbdWOkiiVTROY7","id":"0wcuuGPLcbdWOkiiVTROY7","name":"La Cumbia","preview_url":null,"track_number":9,"type":"track","uri":"spotify:track:0wcuuGPLcbdWOkiiVTROY7","is_local":false},{"artists":[{"external_urls":{"spotify":"https://open.spotify.com/artist/49ggXUsjVHl7BwwaiPUCn6"},"href":"https://api.spotify.com/v1/artists/49ggXUsjVHl7BwwaiPUCn6","id":"49ggXUsjVHl7BwwaiPUCn6","name":"Juan Duque","type":"artist","uri":"spotify:artist:49ggXUsjVHl7BwwaiPUCn6"}],"available_markets":["AR","AU","AT","BE","BO","BR","BG","CA","CL","CO","CR","CY","CZ","DK","DO","DE","EC","EE","SV","FI","FR","GR","GT","HN","HK","HU","IS","IE","IT","LV","LT","LU","MY","MT","MX","NL","NZ","NI","NO","PA","PY","PE","PH","PL","PT","SG","SK","ES","SE","CH","TW","TR","UY","US","GB","AD","LI","MC","ID","JP","TH","VN","RO","IL","ZA","SA","AE","BH","QA","OM","KW","EG","MA","DZ","TN","LB","JO","PS","IN","KZ","MD","UA","AL","BA","HR","ME","MK","RS","SI","KR","BD","PK","LK","GH","KE","NG","TZ","UG","AG","AM","BS","BB","BZ","BT","BW","BF","CV","CW","DM","FJ","GM","GE","GD","GW","GY","HT","JM","KI","LS","LR","MW","MV","ML","MH","FM","NA","NR","NE","PW","PG","PR","WS","SM","ST","SN","SC","SL","SB","KN","LC","VC","SR","TL","TO","TT","TV","VU","AZ","BN","BI","KH","CM","TD","KM","GQ","SZ","GA","GN","KG","LA","MO","MR","MN","NP","RW","TG","UZ","ZW","BJ","MG","MU","MZ","AO","CI","DJ","ZM","CD","CG","IQ","LY","TJ","VE","ET","XK"],"disc_number":1,"duration_ms":169874,"explicit":false,"external_urls":{"spotify":"https://open.spotify.com/track/4ikQyjkaIXv4UJIZqGNxyy"},"href":"https://api.spotify.com/v1/tracks/4ikQyjkaIXv4UJIZqGNxyy","id":"4ikQyjkaIXv4UJIZqGNxyy","name":"Gracias Por Los Lunes","preview_url":null,"track_number":10,"type":"track","uri":"spotify:track:4ikQyjkaIXv4UJIZqGNxyy","is_local":false},{"artists":[{"external_urls":{"spotify":"https://open.spotify.com/artist/49ggXUsjVHl7BwwaiPUCn6"},"href":"https://api.spotify.com/v1/artists/49ggXUsjVHl7BwwaiPUCn6","id":"49ggXUsjVHl7BwwaiPUCn6","name":"Juan Duque","type":"artist","uri":"spotify:artist:49ggXUsjVHl7BwwaiPUCn6"}],"available_markets":["AR","AU","AT","BE","BO","BR","BG","CA","CL","CO","CR","CY","CZ","DK","DO","DE","EC","EE","SV","FI","FR","GR","GT","HN","HK","HU","IS","IE","IT","LV","LT","LU","MY","MT","MX","NL","NZ","NI","NO","PA","PY","PE","PH","PL","PT","SG","SK","ES","SE","CH","TW","TR","UY","US","GB","AD","LI","MC","ID","JP","TH","VN","RO","IL","ZA","SA","AE","BH","QA","OM","KW","EG","MA","DZ","TN","LB","JO","PS","IN","KZ","MD","UA","AL","BA","HR","ME","MK","RS","SI","KR","BD","PK","LK","GH","KE","NG","TZ","UG","AG","AM","BS","BB","BZ","BT","BW","BF","CV","CW","DM","FJ","GM","GE","GD","GW","GY","HT","JM","KI","LS","LR","MW","MV","ML","MH","FM","NA","NR","NE","PW","PG","PR","WS","SM","ST","SN","SC","SL","SB","KN","LC","VC","SR","TL","TO","TT","TV","VU","AZ","BN","BI","KH","CM","TD","KM","GQ","SZ","GA","GN","KG","LA","MO","MR","MN","NP","RW","TG","UZ","ZW","BJ","MG","MU","MZ","AO","CI","DJ","ZM","CD","CG","IQ","LY","TJ","VE","ET","XK"],"disc_number":1,"duration_ms":173928,"explicit":false,"external_urls":{"spotify":"https://open.spotify.com/track/4FkkeeYhT95EtnPCmSPuU4"},"href":"https://api.spotify.com/v1/tracks/4FkkeeYhT95EtnPCmSPuU4","id":"4FkkeeYhT95EtnPCmSPuU4","name":"Malo Hablar","preview_url":null,"track_number":11,"type":"track","uri":"spotify:track:4FkkeeYhT95EtnPCmSPuU4","is_local":false},{"artists":[{"external_urls":{"spotify":"https://open.spotify.com/artist/49ggXUsjVHl7BwwaiPUCn6"},"href":"https://api.spotify.com/v1/artists/49ggXUsjVHl7BwwaiPUCn6","id":"49ggXUsjVHl7BwwaiPUCn6","name":"Juan Duque","type":"artist","uri":"spotify:artist:49ggXUsjVHl7BwwaiPUCn6"}],"available_markets":["AR","AU","AT","BE","BO","BR","BG","CA","CL","CO","CR","CY","CZ","DK","DO","DE","EC","EE","SV","FI","FR","GR","GT","HN","HK","HU","IS","IE","IT","LV","LT","LU","MY","MT","MX","NL","NZ","NI","NO","PA","PY","PE","PH","PL","PT","SG","SK","ES","SE","CH","TW","TR","UY","US","GB","AD","LI","MC","ID","JP","TH","VN","RO","IL","ZA","SA","AE","BH","QA","OM","KW","EG","MA","DZ","TN","LB","JO","PS","IN","KZ","MD","UA","AL","BA","HR","ME","MK","RS","SI","KR","BD","PK","LK","GH","KE","NG","TZ","UG","AG","AM","BS","BB","BZ","BT","BW","BF","CV","CW","DM","FJ","GM","GE","GD","GW","GY","HT","JM","KI","LS","LR","MW","MV","ML","MH","FM","NA","NR","NE","PW","PG","PR","WS","SM","ST","SN","SC","SL","SB","KN","LC","VC","SR","TL","TO","TT","TV","VU","AZ","BN","BI","KH","CM","TD","KM","GQ","SZ","GA","GN","KG","LA","MO","MR","MN","NP","RW","TG","UZ","ZW","BJ","MG","MU","MZ","AO","CI","DJ","ZM","CD","CG","IQ","LY","TJ","VE","ET","XK"],"disc_number":1,"duration_ms":167066,"explicit":false,"external_urls":{"spotify":"https://open.spotify.com/track/6HVy24A630Bjg7vlKdPLbs"},"href":"https://api.spotify.com/v1/tracks/6HVy24A630Bjg7vlKdPLbs","id":"6HVy24A630Bjg7vlKdPLbs","name":"El Voldemor","preview_url":null,"track_number":12,"type":"track","uri":"spotify:track:6HVy24A630Bjg7vlKdPLbs","is_local":false},{"artists":[{"external_urls":{"spotify":"https://open.spotify.com/artist/49ggXUsjVHl7BwwaiPUCn6"},"href":"https://api.spotify.com/v1/artists/49ggXUsjVHl7BwwaiPUCn6","id":"49ggXUsjVHl7BwwaiPUCn6","name":"Juan Duque","type":"artist","uri":"spotify:artist:49ggXUsjVHl7BwwaiPUCn6"}],"available_markets":["AR","AU","AT","BE","BO","BR","BG","CA","CL","CO","CR","CY","CZ","DK","DO","DE","EC","EE","SV","FI","FR","GR","GT","HN","HK","HU","IS","IE","IT","LV","LT","LU","MY","MT","MX","NL","NZ","NI","NO","PA","PY","PE","PH","PL","PT","SG","SK","ES","SE","CH","TW","TR","UY","US","GB","AD","LI","MC","ID","JP","TH","VN","RO","IL","ZA","SA","AE","BH","QA","OM","KW","EG","MA","DZ","TN","LB","JO","PS","IN","KZ","MD","UA","AL","BA","HR","ME","MK","RS","SI","KR","BD","PK","LK","GH","KE","NG","TZ","UG","AG","AM","BS","BB","BZ","BT","BW","BF","CV","CW","DM","FJ","GM","GE","GD","GW","GY","HT","JM","KI","LS","LR","MW","MV","ML","MH","FM","NA","NR","NE","PW","PG","PR","WS","SM","ST","SN","SC","SL","SB","KN","LC","VC","SR","TL","TO","TT","TV","VU","AZ","BN","BI","KH","CM","TD","KM","GQ","SZ","GA","GN","KG","LA","MO","MR","MN","NP","RW","TG","UZ","ZW","BJ","MG","MU","MZ","AO","CI","DJ","ZM","CD","CG","IQ","LY","TJ","VE","ET","XK"],"disc_number":1,"duration_ms":176360,"explicit":false,"external_urls":{"spotify":"https://open.spotify.com/track/13oP6CyWpG7Q6492H8v561"},"href":"https://api.spotify.com/v1/tracks/13oP6CyWpG7Q6492H8v561","id":"13oP6CyWpG7Q6492H8v561","name":"Lejos De Mis Ojos","preview_url":null,"track_number":13,"type":"track","uri":"spotify:track:13oP6CyWpG7Q6492H8v561","is_local":false}]},"copyrights":[{"text":"© 2024 Wawatown, LLC, under exclusive license to Warner Music Latina Inc.","type":"C"},{"text":"℗ 2024 Wawatown, LLC, under exclusive license to Warner Music Latina Inc.","type":"P"}],"external_ids":{"upc":"5021732553867"},"genres":[],"label":"WEA Latina","popularity":55},{"album_type":"album","total_tracks":14,"available_markets":["AR","AU","AT","BE","BO","BR","BG","CA","CL","CO","CR","CY","CZ","DK","DO","DE","EC","EE","SV","FI","FR","GR","GT","HN","HK","HU","IS","IE","IT","LV","LT","LU","MY","MT","MX","NL","NZ","NI","NO","PA","PY","PE","PH","PL","PT","SG","SK","ES","SE","CH","TW","TR","UY","US","GB","AD","LI","MC","ID","JP","TH","VN","RO","IL","ZA","SA","AE","BH","QA","OM","KW","EG","MA","DZ","TN","LB","JO","PS","IN","BY","KZ","MD","UA","AL","BA","HR","ME","MK","RS","SI","KR","BD","PK","LK","GH","KE","NG","TZ","UG","AG","AM","BS","BB","BZ","BT","BW","BF","CV","CW","DM","FJ","GM","GE","GD","GW","GY","HT","JM","KI","LS","LR","MW","MV","ML","MH","FM","NA","NR","NE","PW","PG","PR","WS","SM","ST","SN","SC","SL","SB","KN","LC","VC","SR","TL","TO","TT","TV","VU","AZ","BN","BI","KH","CM","TD","KM","GQ","SZ","GA","GN","KG","LA","MO","MR","MN","NP","RW","TG","UZ","ZW","BJ","MG","MU","MZ","AO","CI","DJ","ZM","CD","CG","IQ","LY","TJ","VE","ET","XK"],"external_urls":{"spotify":"https://open.spotify.com/album/2c4kX5vwi2QnarQQyfXsA1"},"href":"https://api.spotify.com/v1/albums/2c4kX5vwi2QnarQQyfXsA1","id":"2c4kX5vwi2QnarQQyfXsA1","images":[{"url":"https://i.scdn.co/image/ab67616d0000b2738c6d5ab63909ce0b3709fd8a","height":640,"width":640},{"url":"https://i.scdn.co/image/ab67616d00001e028c6d5ab63909ce0b3709fd8a","height":300,"width":300},{"url":"https://i.scdn.co/image/ab67616d000048518c6d5ab63909ce0b3709fd8a","height":64,"width":64}],"name":"Tranki, Todo Pasa","release_date":"2024-11-29","release_date_precision":"day","type":"album","uri":"spotify:album:2c4kX5vwi2QnarQQyfXsA1","artists":[{"external_urls":{"spotify":"https://open.spotify.com/artist/77ziqFxp5gaInVrF2lj4ht"},"href":"https://api.spotify.com/v1/artists/77ziqFxp5gaInVrF2lj4ht","id":"77ziqFxp5gaInVrF2lj4ht","name":"Sech","type":"artist","uri":"spotify:artist:77ziqFxp5gaInVrF2lj4ht"}],"tracks":{"href":"https://api.spotify.com/v1/albums/2c4kX5vwi2QnarQQyfXsA1/tracks?offset=0&limit=50","limit":50,"next":null,"offset":0,"previous":null,"total":14,"items":[{"artists":[{"external_urls":{"spotify":"https://open.spotify.com/artist/77ziqFxp5gaInVrF2lj4ht"},"href":"https://api.spotify.com/v1/artists/77ziqFxp5gaInVrF2lj4ht","id":"77ziqFxp5gaInVrF2lj4ht","name":"Sech","type":"artist","uri":"spotify:artist:77ziqFxp5gaInVrF2lj4ht"}],"available_markets":["AR","AU","AT","BE","BO","BR","BG","CA","CL","CO","CR","CY","CZ","DK","DO","DE","EC","EE","SV","FI","FR","GR","GT","HN","HK","HU","IS","IE","IT","LV","LT","LU","MY","MT","MX","NL","NZ","NI","NO","PA","PY","PE","PH","PL","PT","SG","SK","ES","SE","CH","TW","TR","UY","US","GB","AD","LI","MC","ID","JP","TH","VN","RO","IL","ZA","SA","AE","BH","QA","OM","KW","EG","MA","DZ","TN","LB","JO","PS","IN","BY","KZ","MD","UA","AL","BA","HR","ME","MK","RS","SI","KR","BD","PK","LK","GH","KE","NG","TZ","UG","AG","AM","BS","BB","BZ","BT","BW","BF","CV","CW","DM","FJ","GM","GE","GD","GW","GY","HT","JM","KI","LS","LR","MW","MV","ML","MH","FM","NA","NR","NE","PW","PG","PR","WS","SM","ST","SN","SC","SL","SB","KN","LC","VC","SR","TL","TO","TT","TV","VU","AZ","BN","BI","KH","CM","TD","KM","GQ","SZ","GA","GN","KG","LA","MO","MR","MN","NP","RW","TG","UZ","ZW","BJ","MG","MU","MZ","AO","CI","DJ","ZM","CD","CG","IQ","LY","TJ","VE","ET","XK"],"disc_number":1,"duration_ms":175102,"explicit":true,"external_urls":{"spotify":"https://open.spotify.com/track/2CxgzjYpCAQqeB2J2OPd5H"},"href":"https://api.spotify.com/v1/tracks/2CxgzjYpCAQqeB2J2OPd5H","id":"2CxgzjYpCAQqeB2J2OPd5H","name":"TOY PERDIO","preview_url":null,"track_number":1,"type":"track","uri":"spotify:track:2CxgzjYpCAQqeB2J2OPd5H","is_local":false},{"artists":[{"external_urls":{"spotify":"https://open.spotify.com/artist/77ziqFxp5gaInVrF2lj4ht"},"href":"https://api.spotify.com/v1/artists/77ziqFxp5gaInVrF2lj4ht","id":"77ziqFxp5gaInVrF2lj4ht","name":"Sech","type":"artist","uri":"spotify:artist:77ziqFxp5gaInVrF2lj4ht"}],"available_markets":["AR","AU","AT","BE","BO","BR","BG","CA","CL","CO","CR","CY","CZ","DK","DO","DE","EC","EE","SV","FI","FR","GR","GT","HN","HK","HU","IS","IE","IT","LV","LT","LU","MY","MT","MX","NL","NZ","NI","NO","PA","PY","PE","PH","PL","PT","SG","SK","ES","SE","CH","TW","TR","UY","US","GB","AD","LI","MC","ID","JP","TH","VN","RO","IL","ZA","SA","AE","BH","QA","OM","KW","EG","MA","DZ","TN","LB","JO","PS","IN","BY","KZ","MD","UA","AL","BA","HR","ME","MK","RS","SI","KR","BD","PK","LK","GH","KE","NG","TZ","UG","AG","AM","BS","BB","BZ","BT","BW","BF","CV","CW","DM","FJ","GM","GE","GD","GW","GY","HT","JM","KI","LS","LR","MW","MV","ML","MH","FM","NA","NR","NE","PW","PG","PR","WS","SM","ST","SN","SC","SL","SB","KN","LC","VC","SR","TL","TO","TT","TV","VU","AZ","BN","BI","KH","CM","TD","KM","GQ","SZ","GA","GN","KG","LA","MO","MR","MN","NP","RW","TG","UZ","ZW","BJ","MG","MU","MZ","AO","CI","DJ","ZM","CD","CG","IQ","LY","TJ","VE","ET","XK"],"disc_number":1,"duration_ms":120326,"explicit":true,"external_urls":{"spotify":"https://open.spotify.com/track/3dVna6PoDxtd7QHtXpq2wX"},"href":"https://api.spotify.com/v1/tracks/3dVna6PoDxtd7QHtXpq2wX","id":"3dVna6PoDxtd7QHtXpq2wX","name":"Tarde","preview_url":null,"track_number":2,"type":"track","uri":"spotify:track:3dVna6PoDxtd7QHtXpq2wX","is_local":false},{"artists":[{"external_urls":{"spotify":"https://open.spotify.com/artist/77ziqFxp5gaInVrF2lj4ht"},"href":"https://api.spotify.com/v1/artists/77ziqFxp5gaInVrF2lj4ht","id":"77ziqFxp5gaInVrF2lj4ht","name":"Sech","type":"artist","uri":"spotify:artist:77ziqFxp5gaInVrF2lj4ht"},{"external_urls":{"spotify":"https://open.spotify.com/artist/54seKvtsZauR1iauN0ptpo"},"href":"https://api.spotify.com/v1/artists/54seKvtsZauR1iauN0ptpo","id":"54seKvtsZauR1iauN0ptpo","name":"De La Rose","type":"artist","uri":"spotify:artist:54seKvtsZauR1iauN0ptpo"}],"available_markets":["AR","AU","AT","BE","BO","BR","BG","CA","CL","CO","CR","CY","CZ","DK","DO","DE","EC","EE","SV","FI","FR","GR","GT","HN","HK","HU","IS","IE","IT","LV","LT","LU","MY","MT","MX","NL","NZ","NI","NO","PA","PY","PE","PH","PL","PT","SG","SK","ES","SE","CH","TW","TR","UY","US","GB","AD","LI","MC","ID","JP","TH","VN","RO","IL","ZA","SA","AE","BH","QA","OM","KW","EG","MA","DZ","TN","LB","JO","PS","IN","BY","KZ","MD","UA","AL","BA","HR","ME","MK","RS","SI","KR","BD","PK","LK","GH","KE","NG","TZ","UG","AG","AM","BS","BB","BZ","BT","BW","BF","CV","CW","DM","FJ","GM","GE","GD","GW","GY","HT","JM","KI","LS","LR","MW","MV","ML","MH","FM","NA","NR","NE","PW","PG","PR","WS","SM","ST","SN","SC","SL","SB","KN","LC","VC","SR","TL","TO","TT","TV","VU","AZ","BN","BI","KH","CM","TD","KM","GQ","SZ","GA","GN","KG","LA","MO","MR","MN","NP","RW","TG","UZ","ZW","BJ","MG","MU","MZ","AO","CI","DJ","ZM","CD","CG","IQ","LY","TJ","VE","ET","XK"],"disc_number":1,"duration_ms":222941,"explicit":false,"external_urls":{"spotify":"https://open.spotify.com/track/6Kg5oP7ERvrElz7zuHITAb"},"href":"https://api.spotify.com/v1/tracks/6Kg5oP7ERvrElz7zuHITAb","id":"6Kg5oP7ERvrElz7zuHITAb","name":"Gym Girl","preview_url":null,"track_number":3,"type":"track","uri":"spotify:track:6Kg5oP7ERvrElz7zuHITAb","is_local":false},{"artists":[{"external_urls":{"spotify":"https://open.spotify.com/artist/77ziqFxp5gaInVrF2lj4ht"},"href":"https://api.spotify.com/v1/artists/77ziqFxp5gaInVrF2lj4ht","id":"77ziqFxp5gaInVrF2lj4ht","name":"Sech","type":"artist","uri":"spotify:artist:77ziqFxp5gaInVrF2lj4ht"}],"available_markets":["AR","AU","AT","BE","BO","BR","BG","CA","CL","CO","CR","CY","CZ","DK","DO","DE","EC","EE","SV","FI","FR","GR","GT","HN","HK","HU","IS","IE","IT","LV","LT","LU","MY","MT","MX","NL","NZ","NI","NO","PA","PY","PE","PH","PL","PT","SG","SK","ES","SE","CH","TW","TR","UY","US","GB","AD","LI","MC","ID","JP","TH","VN","RO","IL","ZA","SA","AE","BH","QA","OM","KW","EG","MA","DZ","TN","LB","JO","PS","IN","BY","KZ","MD","UA","AL","BA","HR","ME","MK","RS","SI","KR","BD","PK","LK","GH","KE","NG","TZ","UG","AG","AM","BS","BB","BZ","BT","BW","BF","CV","CW","DM","FJ","GM","GE","GD","GW","GY","HT","JM","KI","LS","LR","MW","MV","ML","MH","FM","NA","NR","NE","PW","PG","PR","WS","SM","ST","SN","SC","SL","SB","KN","LC","VC","SR","TL","TO","TT","TV","VU","AZ","BN","BI","KH","CM","TD","KM","GQ","SZ","GA","GN","KG","LA","MO","MR","MN","NP","RW","TG","UZ","ZW","BJ","MG","MU","MZ","AO","CI","DJ","ZM","CD","CG","IQ","LY","TJ","VE","ET","XK"],"disc_number":1,"duration_ms":187741,"explicit":true,"external_urls":{"spotify":"https://open.spotify.com/track/72vArzlpP73tNgZlQfzxOl"},"href":"https://api.spotify.com/v1/tracks/72vArzlpP73tNgZlQfzxOl","id":"72vArzlpP73tNgZlQfzxOl","name":"Chiste JAJA","preview_url":null,"track_number":4,"type":"track","uri":"spotify:track:72vArzlpP73tNgZlQfzxOl","is_local":false},{"artists":[{"external_urls":{"spotify":"https://open.spotify.com/artist/77ziqFxp5gaInVrF2lj4ht"},"href":"https://api.spotify.com/v1/artists/77ziqFxp5gaInVrF2lj4ht","id":"77ziqFxp5gaInVrF2lj4ht","name":"Sech","type":"artist","uri":"spotify:artist:77ziqFxp5gaInVrF2lj4ht"}],"available_markets":["AR","AU","AT","BE","BO","BR","BG","CA","CL","CO","CR","CY","CZ","DK","DO","DE","EC","EE","SV","FI","FR","GR","GT","HN","HK","HU","IS","IE","IT","LV","LT","LU","MY","MT","MX","NL","NZ","NI","NO","PA","PY","PE","PH","PL","PT","SG","SK","ES","SE","CH","TW","TR","UY","US","GB","AD","LI","MC","ID","JP","TH","VN","RO","IL","ZA","SA","AE","BH","QA","OM","KW","EG","MA","DZ","TN","LB","JO","PS","IN","BY","KZ","MD","UA","AL","BA","HR","ME","MK","RS","SI","KR","BD","PK","LK","GH","KE","NG","TZ","UG","AG","AM","BS","BB","BZ","BT","BW","BF","CV","CW","DM","FJ","GM","GE","GD","GW","GY","HT","JM","KI","LS","LR","MW","MV","ML","MH","FM","NA","NR","NE","PW","PG","PR","WS","SM","ST","SN","SC","SL","SB","KN","LC","VC","SR","TL","TO","TT","TV","VU","AZ","BN","BI","KH","CM","TD","KM","GQ","SZ","GA","GN","KG","LA","MO","MR","MN","NP","RW","TG","UZ","ZW","BJ","MG","MU","MZ","AO","CI","DJ","ZM","CD","CG","IQ","LY","TJ","VE","ET","XK"],"disc_number":1,"duration_ms":185700,"explicit":false,"external_urls":{"spotify":"https://open.spotify.com/track/7LylJimmD7ChDg0TnNybAx"},"href":"https://api.spotify.com/v1/tracks/7LylJimmD7ChDg0TnNybAx","id":"7LylJimmD7ChDg0TnNybAx","name":"Picasso","preview_url":null,"track_number":5,"type":"track","uri":"spotify:track:7LylJimmD7ChDg0TnNybAx","is_local":false},{"artists":[{"external_urls":{"spotify":"https://open.spotify.com/artist/77ziqFxp5gaInVrF2lj4ht"},"href":"https://api.spotify.com/v1/artists/77ziqFxp5gaInVrF2lj4ht","id":"77ziqFxp5gaInVrF2lj4ht","name":"Sech","type":"artist","uri":"spotify:artist:77ziqFxp5gaInVrF2lj4ht"},{"external_urls":{"spotify":"https://open.spotify.com/artist/0zO8yNnw5GQgutcIyXfGBY"},"href":"https://api.spotify.com/v1/artists/0zO8yNnw5GQgutcIyXfGBY","id":"0zO8yNnw5GQgutcIyXfGBY","name":"ELENA ROSE","type":"artist","uri":"spotify:artist:0zO8yNnw5GQgutcIyXfGBY"}],"available_markets":["AR","AU","AT","BE","BO","BR","BG","CA","CL","CO","CR","CY","CZ","DK","DO","DE","EC","EE","SV","FI","FR","GR","GT","HN","HK","HU","IS","IE","IT","LV","LT","LU","MY","MT","MX","NL","NZ","NI","NO","PA","PY","PE","PH","PL","PT","SG","SK","ES","SE","CH","TW","TR","UY","US","GB","AD","LI","MC","ID","JP","TH","VN","RO","IL","ZA","SA","AE","BH","QA","OM","KW","EG","MA","DZ","TN","LB","JO","PS","IN","BY","KZ","MD","UA","AL","BA","HR","ME","MK","RS","SI","KR","BD","PK","LK","GH","KE","NG","TZ","UG","AG","AM","BS","BB","BZ","BT","BW","BF","CV","CW","DM","FJ","GM","GE","GD","GW","GY","HT","JM","KI","LS","LR","MW","MV","ML","MH","FM","NA","NR","NE","PW","PG","PR","WS","SM","ST","SN","SC","SL","SB","KN","LC","VC","SR","TL","TO","TT","TV","VU","AZ","BN","BI","KH","CM","TD","KM","GQ","SZ","GA","GN","KG","LA","MO","MR","MN","NP","RW","TG","UZ","ZW","BJ","MG","MU","MZ","AO","CI","DJ","ZM","CD","CG","IQ","LY","TJ","VE","ET","XK"],"disc_number":1,"duration_ms":202977,"explicit":false,"external_urls":{"spotify":"https://open.spotify.com/track/2Zf8S5NZLaSdg45naNO1sP"},"href":"https://api.spotify.com/v1/tracks/2Zf8S5NZLaSdg45naNO1sP","id":"2Zf8S5NZLaSdg45naNO1sP","name":"1-0","preview_url":null,"track_number":6,"type":"track","uri":"spotify:track:2Zf8S5NZLaSdg45naNO1sP","is_local":false},{"artists":[{"external_urls":{"spotify":"https://open.spotify.com/artist/77ziqFxp5gaInVrF2lj4ht"},"href":"https://api.spotify.com/v1/artists/77ziqFxp5gaInVrF2lj4ht","id":"77ziqFxp5gaInVrF2lj4ht","name":"Sech","type":"artist","uri":"spotify:artist:77ziqFxp5gaInVrF2lj4ht"}],"available_markets":["AR","AU","AT","BE","BO","BR","BG","CA","CL","CO","CR","CY","CZ","DK","DO","DE","EC","EE","SV","FI","FR","GR","GT","HN","HK","HU","IS","IE","IT","LV","LT","LU","MY","MT","MX","NL","NZ","NI","NO","PA","PY","PE","PH","PL","PT","SG","SK","ES","SE","CH","TW","TR","UY","US","GB","AD","LI","MC","ID","JP","TH","VN","RO","IL","ZA","SA","AE","BH","QA","OM","KW","EG","MA","DZ","TN","LB","JO","PS","IN","BY","KZ","MD","UA","AL","BA","HR","ME","MK","RS","SI","KR","BD","PK","LK","GH","KE","NG","TZ","UG","AG","AM","BS","BB","BZ","BT","BW","BF","CV","CW","DM","FJ","GM","GE","GD","GW","GY","HT","JM","KI","LS","LR","MW","MV","ML","MH","FM","NA","NR","NE","PW","PG","PR","WS","SM","ST","SN","SC","SL","SB","KN","LC","VC","SR","TL","TO","TT","TV","VU","AZ","BN","BI","KH","CM","TD","KM","GQ","SZ","GA","GN","KG","LA","MO","MR","MN","NP","RW","TG","UZ","ZW","BJ","MG","MU","MZ","AO","CI","DJ","ZM","CD","CG","IQ","LY","TJ","VE","ET","XK"],"disc_number":1,"duration_ms":202199,"explicit":false,"external_urls":{"spotify":"https://open.spotify.com/track/3NsWqQ3AKc4wTlhd1KG67C"},"href":"https://api.spotify.com/v1/tracks/3NsWqQ3AKc4wTlhd1KG67C","id":"3NsWqQ3AKc4wTlhd1KG67C","name":"Me Quedé Off","preview_url":null,"track_number":7,"type":"track","uri":"spotify:track:3NsWqQ3AKc4wTlhd1KG67C","is_local":false},{"artists":[{"external_urls":{"spotify":"https://open.spotify.com/artist/77ziqFxp5gaInVrF2lj4ht"},"href":"https://api.spotify.com/v1/artists/77ziqFxp5gaInVrF2lj4ht","id":"77ziqFxp5gaInVrF2lj4ht","name":"Sech","type":"artist","uri":"spotify:artist:77ziqFxp5gaInVrF2lj4ht"}],"available_markets":["AR","AU","AT","BE","BO","BR","BG","CA","CL","CO","CR","CY","CZ","DK","DO","DE","EC","EE","SV","FI","FR","GR","GT","HN","HK","HU","IS","IE","IT","LV","LT","LU","MY","MT","MX","NL","NZ","NI","NO","PA","PY","PE","PH","PL","PT","SG","SK","ES","SE","CH","TW","TR","UY","US","GB","AD","LI","MC","ID","JP","TH","VN","RO","IL","ZA","SA","AE","BH","QA","OM","KW","EG","MA","DZ","TN","LB","JO","PS","IN","BY","KZ","MD","UA","AL","BA","HR","ME","MK","RS","SI","KR","BD","PK","LK","GH","KE","NG","TZ","UG","AG","AM","BS","BB","BZ","BT","BW","BF","CV","CW","DM","FJ","GM","GE","GD","GW","GY","HT","JM","KI","LS","LR","MW","MV","ML","MH","FM","NA","NR","NE","PW","PG","PR","WS","SM","ST","SN","SC","SL","SB","KN","LC","VC","SR","TL","TO","TT","TV","VU","AZ","BN","BI","KH","CM","TD","KM","GQ","SZ","GA","GN","KG","LA","MO","MR","MN","NP","RW","TG","UZ","ZW","BJ","MG","MU","MZ","AO","CI","DJ","ZM","CD","CG","IQ","LY","TJ","VE","ET","XK"],"disc_number":1,"duration_ms":76000,"explicit":false,"external_urls":{"spotify":"https://open.spotify.com/track/4b4prCN3W9eLtsYio6qQLY"},"href":"https://api.spotify.com/v1/tracks/4b4prCN3W9eLtsYio6qQLY","id":"4b4prCN3W9eLtsYio6qQLY","name":"Tranki, Todo Pasa Interlude","preview_url":null,"track_number":8,"type":"track","uri":"spotify:track:4b4prCN3W9eLtsYio6qQLY","is_local":false},{"artists":[{"external_urls":{"spotify":"https://open.spotify.com/artist/77ziqFxp5gaInVrF2lj4ht"},"href":"https://api.spotify.com/v1/artists/77ziqFxp5gaInVrF2lj4ht","id":"77ziqFxp5gaInVrF2lj4ht","name":"Sech","type":"artist","uri":"spotify:artist:77ziqFxp5gaInVrF2lj4ht"},{"external_urls":{"spotify":"https://open.spotify.com/artist/7a0XAaPaK2aDSqa8p3QnC7"},"href":"https://api.spotify.com/v1/artists/7a0XAaPaK2aDSqa8p3QnC7","id":"7a0XAaPaK2aDSqa8p3QnC7","name":"Beéle","type":"artist","uri":"spotify:artist:7a0XAaPaK2aDSqa8p3QnC7"}],"available_markets":["AR","AU","AT","BE","BO","BR","BG","CA","CL","CO","CR","CY","CZ","DK","DO","DE","EC","EE","SV","FI","FR","GR","GT","HN","HK","HU","IS","IE","IT","LV","LT","LU","MY","MT","MX","NL","NZ","NI","NO","PA","PY","PE","PH","PL","PT","SG","SK","ES","SE","CH","TW","TR","UY","US","GB","AD","LI","MC","ID","JP","TH","VN","RO","IL","ZA","SA","AE","BH","QA","OM","KW","EG","MA","DZ","TN","LB","JO","PS","IN","BY","KZ","MD","UA","AL","BA","HR","ME","MK","RS","SI","KR","BD","PK","LK","GH","KE","NG","TZ","UG","AG","AM","BS","BB","BZ","BT","BW","BF","CV","CW","DM","FJ","GM","GE","GD","GW","GY","HT","JM","KI","LS","LR","MW","MV","ML","MH","FM","NA","NR","NE","PW","PG","PR","WS","SM","ST","SN","SC","SL","SB","KN","LC","VC","SR","TL","TO","TT","TV","VU","AZ","BN","BI","KH","CM","TD","KM","GQ","SZ","GA","GN","KG","LA","MO","MR","MN","NP","RW","TG","UZ","ZW","BJ","MG","MU","MZ","AO","CI","DJ","ZM","CD","CG","IQ","LY","TJ","VE","ET","XK"],"disc_number":1,"duration_ms":195903,"explicit":false,"external_urls":{"spotify":"https://open.spotify.com/track/6beUeiXO8rabGQ6Qv9vWsD"},"href":"https://api.spotify.com/v1/tracks/6beUeiXO8rabGQ6Qv9vWsD","id":"6beUeiXO8rabGQ6Qv9vWsD","name":"Tus Labios - Remix","preview_url":null,"track_number":9,"type":"track","uri":"spotify:track:6beUeiXO8rabGQ6Qv9vWsD","is_local":false},{"artists":[{"external_urls":{"spotify":"https://open.spotify.com/artist/77ziqFxp5gaInVrF2lj4ht"},"href":"https://api.spotify.com/v1/artists/77ziqFxp5gaInVrF2lj4ht","id":"77ziqFxp5gaInVrF2lj4ht","name":"Sech","type":"artist","uri":"spotify:artist:77ziqFxp5gaInVrF2lj4ht"}],"available_markets":["AR","AU","AT","BE","BO","BR","BG","CA","CL","CO","CR","CY","CZ","DK","DO","DE","EC","EE","SV","FI","FR","GR","GT","HN","HK","HU","IS","IE","IT","LV","LT","LU","MY","MT","MX","NL","NZ","NI","NO","PA","PY","PE","PH","PL","PT","SG","SK","ES","SE","CH","TW","TR","UY","US","GB","AD","LI","MC","ID","JP","TH","VN","RO","IL","ZA","SA","AE","BH","QA","OM","KW","EG","MA","DZ","TN","LB","JO","PS","IN","BY","KZ","MD","UA","AL","BA","HR","ME","MK","RS","SI","KR","BD","PK","LK","GH","KE","NG","TZ","UG","AG","AM","BS","BB","BZ","BT","BW","BF","CV","CW","DM","FJ","GM","GE","GD","GW","GY","HT","JM","KI","LS","LR","MW","MV","ML","MH","FM","NA","NR","NE","PW","PG","PR","WS","SM","ST","SN","SC","SL","SB","KN","LC","VC","SR","TL","TO","TT","TV","VU","AZ","BN","BI","KH","CM","TD","KM","GQ","SZ","GA","GN","KG","LA","MO","MR","MN","NP","RW","TG","UZ","ZW","BJ","MG","MU","MZ","AO","CI","DJ","ZM","CD","CG","IQ","LY","TJ","VE","ET","XK"],"disc_number":1,"duration_ms":154421,"explicit":false,"external_urls":{"spotify":"https://open.spotify.com/track/2hKZlaSnEmIt5ZRDVMBm9X"},"href":"https://api.spotify.com/v1/tracks/2hKZlaSnEmIt5ZRDVMBm9X","id":"2hKZlaSnEmIt5ZRDVMBm9X","name":"Aquí Pensando","preview_url":null,"track_number":10,"type":"track","uri":"spotify:track:2hKZlaSnEmIt5ZRDVMBm9X","is_local":false},{"artists":[{"external_urls":{"spotify":"https://open.spotify.com/artist/77ziqFxp5gaInVrF2lj4ht"},"href":"https://api.spotify.com/v1/artists/77ziqFxp5gaInVrF2lj4ht","id":"77ziqFxp5gaInVrF2lj4ht","name":"Sech","type":"artist","uri":"spotify:artist:77ziqFxp5gaInVrF2lj4ht"}],"available_markets":["AR","AU","AT","BE","BO","BR","BG","CA","CL","CO","CR","CY","CZ","DK","DO","DE","EC","EE","SV","FI","FR","GR","GT","HN","HK","HU","IS","IE","IT","LV","LT","LU","MY","MT","MX","NL","NZ","NI","NO","PA","PY","PE","PH","PL","PT","SG","SK","ES","SE","CH","TW","TR","UY","US","GB","AD","LI","MC","ID","JP","TH","VN","RO","IL","ZA","SA","AE","BH","QA","OM","KW","EG","MA","DZ","TN","LB","JO","PS","IN","BY","KZ","MD","UA","AL","BA","HR","ME","MK","RS","SI","KR","BD","PK","LK","GH","KE","NG","TZ","UG","AG","AM","BS","BB","BZ","BT","BW","BF","CV","CW","DM","FJ","GM","GE","GD","GW","GY","HT","JM","KI","LS","LR","MW","MV","ML","MH","FM","NA","NR","NE","PW","PG","PR","WS","SM","ST","SN","SC","SL","SB","KN","LC","VC","SR","TL","TO","TT","TV","VU","AZ","BN","BI","KH","CM","TD","KM","GQ","SZ","GA","GN","KG","LA","MO","MR","MN","NP","RW","TG","UZ","ZW","BJ","MG","MU","MZ","AO","CI","DJ","ZM","CD","CG","IQ","LY","TJ","VE","ET","XK"],"disc_number":1,"duration_ms":176470,"explicit":false,"external_urls":{"spotify":"https://open.spotify.com/track/5UuecYyCOdXr53It6Qsn3W"},"href":"https://api.spotify.com/v1/tracks/5UuecYyCOdXr53It6Qsn3W","id":"5UuecYyCOdXr53It6Qsn3W","name":"Deli Gourmet","preview_url":null,"track_number":11,"type":"track","uri":"spotify:track:5UuecYyCOdXr53It6Qsn3W","is_local":false},{"artists":[{"external_urls":{"spotify":"https://open.spotify.com/artist/77ziqFxp5gaInVrF2lj4ht"},"href":"https://api.spotify.com/v1/artists/77ziqFxp5gaInVrF2lj4ht","id":"77ziqFxp5gaInVrF2lj4ht","name":"Sech","type":"artist","uri":"spotify:artist:77ziqFxp5gaInVrF2lj4ht"}],"available_markets":["AR","AU","AT","BE","BO","BR","BG","CA","CL","CO","CR","CY","CZ","DK","DO","DE","EC","EE","SV","FI","FR","GR","GT","HN","HK","HU","IS","IE","IT","LV","LT","LU","MY","MT","MX","NL","NZ","NI","NO","PA","PY","PE","PH","PL","PT","SG","SK","ES","SE","CH","TW","TR","UY","US","GB","AD","LI","MC","ID","JP","TH","VN","RO","IL","ZA","SA","AE","BH","QA","OM","KW","EG","MA","DZ","TN","LB","JO","PS","IN","BY","KZ","MD","UA","AL","BA","HR","ME","MK","RS","SI","KR","BD","PK","LK","GH","KE","NG","TZ","UG","AG","AM","BS","BB","BZ","BT","BW","BF","CV","CW","DM","FJ","GM","GE","GD","GW","GY","HT","JM","KI","LS","LR","MW","MV","ML","MH","FM","NA","NR","NE","PW","PG","PR","WS","SM","ST","SN","SC","SL","SB","KN","LC","VC","SR","TL","TO","TT","TV","VU","AZ","BN","BI","KH","CM","TD","KM","GQ","SZ","GA","GN","KG","LA","MO","MR","MN","NP","RW","TG","UZ","ZW","BJ","MG","MU","MZ","AO","CI","DJ","ZM","CD","CG","IQ","LY","TJ","VE","ET","XK"],"disc_number":1,"duration_ms":139175,"explicit":true,"external_urls":{"spotify":"https://open.spotify.com/track/51rXeNq2IkyYTGqDJZDJZD"},"href":"https://api.spotify.com/v1/tracks/51rXeNq2IkyYTGqDJZDJZD","id":"51rXeNq2IkyYTGqDJZDJZD","name":"Te Lo Hundo","preview_url":null,"track_number":12,"type":"track","uri":"spotify:track:51rXeNq2IkyYTGqDJZDJZD","is_local":false},{"artists":[{"external_urls":{"spotify":"https://open.spotify.com/artist/77ziqFxp5gaInVrF2lj4ht"},"href":"https://api.spotify.com/v1/artists/77ziqFxp5gaInVrF2lj4ht","id":"77ziqFxp5gaInVrF2lj4ht","name":"Sech","type":"artist","uri":"spotify:artist:77ziqFxp5gaInVrF2lj4ht"}],"available_markets":["AR","AU","AT","BE","BO","BR","BG","CA","CL","CO","CR","CY","CZ","DK","DO","DE","EC","EE","SV","FI","FR","GR","GT","HN","HK","HU","IS","IE","IT","LV","LT","LU","MY","MT","MX","NL","NZ","NI","NO","PA","PY","PE","PH","PL","PT","SG","SK","ES","SE","CH","TW","TR","UY","US","GB","AD","LI","MC","ID","JP","TH","VN","RO","IL","ZA","SA","AE","BH","QA","OM","KW","EG","MA","DZ","TN","LB","JO","PS","IN","BY","KZ","MD","UA","AL","BA","HR","ME","MK","RS","SI","KR","BD","PK","LK","GH","KE","NG","TZ","UG","AG","AM","BS","BB","BZ","BT","BW","BF","CV","CW","DM","FJ","GM","GE","GD","GW","GY","HT","JM","KI","LS","LR","MW","MV","ML","MH","FM","NA","NR","NE","PW","PG","PR","WS","SM","ST","SN","SC","SL","SB","KN","LC","VC","SR","TL","TO","TT","TV","VU","AZ","BN","BI","KH","CM","TD","KM","GQ","SZ","GA","GN","KG","LA","MO","MR","MN","NP","RW","TG","UZ","ZW","BJ","MG","MU","MZ","AO","CI","DJ","ZM","CD","CG","IQ","LY","TJ","VE","ET","XK"],"disc_number":1,"duration_ms":163977,"explicit":true,"external_urls":{"spotify":"https://open.spotify.com/track/1eHFVRrev2LJ75Q8hCvwNE"},"href":"https://api.spotify.com/v1/tracks/1eHFVRrev2LJ75Q8hCvwNE","id":"1eHFVRrev2LJ75Q8hCvwNE","name":"X Tu Culpa","preview_url":null,"track_number":13,"type":"track","uri":"spotify:track:1eHFVRrev2LJ75Q8hCvwNE","is_local":false},{"artists":[{"external_urls":{"spotify":"https://open.spotify.com/artist/77ziqFxp5gaInVrF2lj4ht"},"href":"https://api.spotify.com/v1/artists/77ziqFxp5gaInVrF2lj4ht","id":"77ziqFxp5gaInVrF2lj4ht","name":"Sech","type":"artist","uri":"spotify:artist:77ziqFxp5gaInVrF2lj4ht"},{"external_urls":{"spotify":"https://open.spotify.com/artist/3hJDFvn5at14nstUHxTvaV"},"href":"https://api.spotify.com/v1/artists/3hJDFvn5at14nstUHxTvaV","id":"3hJDFvn5at14nstUHxTvaV","name":"T.Y.S","type":"artist","uri":"spotify:artist:3hJDFvn5at14nstUHxTvaV"}],"available_markets":["AR","AU","AT","BE","BO","BR","BG","CA","CL","CO","CR","CY","CZ","DK","DO","DE","EC","EE","SV","FI","FR","GR","GT","HN","HK","HU","IS","IE","IT","LV","LT","LU","MY","MT","MX","NL","NZ","NI","NO","PA","PY","PE","PH","PL","PT","SG","SK","ES","SE","CH","TW","TR","UY","US","GB","AD","LI","MC","ID","JP","TH","VN","RO","IL","ZA","SA","AE","BH","QA","OM","KW","EG","MA","DZ","TN","LB","JO","PS","IN","BY","KZ","MD","UA","AL","BA","HR","ME","MK","RS","SI","KR","BD","PK","LK","GH","KE","NG","TZ","UG","AG","AM","BS","BB","BZ","BT","BW","BF","CV","CW","DM","FJ","GM","GE","GD","GW","GY","HT","JM","KI","LS","LR","MW","MV","ML","MH","FM","NA","NR","NE","PW","PG","PR","WS","SM","ST","SN","SC","SL","SB","KN","LC","VC","SR","TL","TO","TT","TV","VU","AZ","BN","BI","KH","CM","TD","KM","GQ","SZ","GA","GN","KG","LA","MO","MR","MN","NP","RW","TG","UZ","ZW","BJ","MG","MU","MZ","AO","CI","DJ","ZM","CD","CG","IQ","LY","TJ","VE","ET","XK"],"disc_number":1,"duration_ms":226027,"explicit":false,"external_urls":{"spotify":"https://open.spotify.com/track/7AmMDKEnpyewp8Q6c0vw3R"},"href":"https://api.spotify.com/v1/tracks/7AmMDKEnpyewp8Q6c0vw3R","id":"7AmMDKEnpyewp8Q6c0vw3R","name":"Casa De Mami","preview_url":null,"track_number":14,"type":"track","uri":"spotify:track:7AmMDKEnpyewp8Q6c0vw3R","is_local":false}]},"copyrights":[{"text":"(C) 2024 Rimas Entertainment LLC.","type":"C"},{"text":"(P) 2024 Rimas Entertainment LLC.","type":"P"}],"external_ids":{"upc":"198846716572"},"genres":[],"label":"Rimas Entertainment LLC.","popularity":64},{"album_type":"album","total_tracks":12,"available_markets":["AR","AU","AT","BE","BO","BR","BG","CA","CL","CO","CR","CY","CZ","DK","DO","DE","EC","EE","SV","FI","FR","GR","GT","HN","HK","HU","IS","IE","IT","LV","LT","LU","MY","MT","MX","NL","NZ","NI","NO","PA","PY","PE","PH","PL","PT","SG","SK","ES","SE","CH","TW","TR","UY","US","GB","AD","LI","MC","ID","JP","TH","VN","RO","IL","ZA","SA","AE","BH","QA","OM","KW","EG","MA","DZ","TN","LB","JO","PS","IN","BY","KZ","MD","UA","AL","BA","HR","ME","MK","RS","SI","KR","BD","PK","LK","GH","KE","NG","TZ","UG","AG","AM","BS","BB","BZ","BT","BW","BF","CV","CW","DM","FJ","GM","GE","GD","GW","GY","HT","JM","KI","LS","LR","MW","MV","ML","MH","FM","NA","NR","NE","PW","PG","PR","WS","SM","ST","SN","SC","SL","SB","KN","LC","VC","SR","TL","TO","TT","TV","VU","AZ","BN","BI","KH","CM","TD","KM","GQ","SZ","GA","GN","KG","LA","MO","MR","MN","NP","RW","TG","UZ","ZW","BJ","MG","MU","MZ","AO","CI","DJ","ZM","CD","CG","IQ","LY","TJ","VE","ET","XK"],"external_urls":{"spotify":"https://open.spotify.com/album/3w4tn0BuFHNjiqGMevGaz9"},"href":"https://api.spotify.com/v1/albums/3w4tn0BuFHNjiqGMevGaz9","id":"3w4tn0BuFHNjiqGMevGaz9","images":[{"url":"https://i.scdn.co/image/ab67616d0000b273559e7ec9717cdc94a218e08d","height":640,"width":640},{"url":"https://i.scdn.co/image/ab67616d00001e02559e7ec9717cdc94a218e08d","height":300,"width":300},{"url":"https://i.scdn.co/image/ab67616d00004851559e7ec9717cdc94a218e08d","height":64,"width":64}],"name":"201","release_date":"2024-11-22","release_date_precision":"day","type":"album","uri":"spotify:album:3w4tn0BuFHNjiqGMevGaz9","artists":[{"external_urls":{"spotify":"https://open.spotify.com/artist/0tmwSHipWxN12fsoLcFU3B"},"href":"https://api.spotify.com/v1/artists/0tmwSHipWxN12fsoLcFU3B","id":"0tmwSHipWxN12fsoLcFU3B","name":"Manuel Turizo","type":"artist","uri":"spotify:artist:0tmwSHipWxN12fsoLcFU3B"}],"tracks":{"href":"https://api.spotify.com/v1/albums/3w4tn0BuFHNjiqGMevGaz9/tracks?offset=0&limit=50","limit":50,"next":null,"offset":0,"previous":null,"total":12,"items":[{"artists":[{"external_urls":{"spotify":"https://open.spotify.com/artist/0tmwSHipWxN12fsoLcFU3B"},"href":"https://api.spotify.com/v1/artists/0tmwSHipWxN12fsoLcFU3B","id":"0tmwSHipWxN12fsoLcFU3B","name":"Manuel Turizo","type":"artist","uri":"spotify:artist:0tmwSHipWxN12fsoLcFU3B"},{"external_urls":{"spotify":"https://open.spotify.com/artist/3UTF2no3muGdiFXVujl94i"},"href":"https://api.spotify.com/v1/artists/3UTF2no3muGdiFXVujl94i","id":"3UTF2no3muGdiFXVujl94i","name":"Kapo","type":"artist","uri":"spotify:artist:3UTF2no3muGdiFXVujl94i"}],"available_markets":["AR","AU","AT","BE","BO","BR","BG","CA","CL","CO","CR","CY","CZ","DK","DO","DE","EC","EE","SV","FI","FR","GR","GT","HN","HK","HU","IS","IE","IT","LV","LT","LU","MY","MT","MX","NL","NZ","NI","NO","PA","PY","PE","PH","PL","PT","SG","SK","ES","SE","CH","TW","TR","UY","US","GB","AD","LI","MC","ID","JP","TH","VN","RO","IL","ZA","SA","AE","BH","QA","OM","KW","EG","MA","DZ","TN","LB","JO","PS","IN","BY","KZ","MD","UA","AL","BA","HR","ME","MK","RS","SI","KR","BD","PK","LK","GH","KE","NG","TZ","UG","AG","AM","BS","BB","BZ","BT","BW","BF","CV","CW","DM","FJ","GM","GE","GD","GW","GY","HT","JM","KI","LS","LR","MW","MV","ML","MH","FM","NA","NR","NE","PW","PG","PR","WS","SM","ST","SN","SC","SL","SB","KN","LC","VC","SR","TL","TO","TT","TV","VU","AZ","BN","BI","KH","CM","TD","KM","GQ","SZ","GA","GN","KG","LA","MO","MR","MN","NP","RW","TG","UZ","ZW","BJ","MG","MU","MZ","AO","CI","DJ","ZM","CD","CG","IQ","LY","TJ","VE","ET","XK"],"disc_number":1,"duration_ms":230080,"explicit":false,"external_urls":{"spotify":"https://open.spotify.com/track/25CfEf59PmRAhV18oZRMNr"},"href":"https://api.spotify.com/v1/tracks/25CfEf59PmRAhV18oZRMNr","id":"25CfEf59PmRAhV18oZRMNr","name":"Qué Pecao","preview_url":null,"track_number":1,"type":"track","uri":"spotify:track:25CfEf59PmRAhV18oZRMNr","is_local":false},{"artists":[{"external_urls":{"spotify":"https://open.spotify.com/artist/0tmwSHipWxN12fsoLcFU3B"},"href":"https://api.spotify.com/v1/artists/0tmwSHipWxN12fsoLcFU3B","id":"0tmwSHipWxN12fsoLcFU3B","name":"Manuel Turizo","type":"artist","uri":"spotify:artist:0tmwSHipWxN12fsoLcFU3B"}],"available_markets":["AR","AU","AT","BE","BO","BR","BG","CA","CL","CO","CR","CY","CZ","DK","DO","DE","EC","EE","SV","FI","FR","GR","GT","HN","HK","HU","IS","IE","IT","LV","LT","LU","MY","MT","MX","NL","NZ","NI","NO","PA","PY","PE","PH","PL","PT","SG","SK","ES","SE","CH","TW","TR","UY","US","GB","AD","LI","MC","ID","JP","TH","VN","RO","IL","ZA","SA","AE","BH","QA","OM","KW","EG","MA","DZ","TN","LB","JO","PS","IN","BY","KZ","MD","UA","AL","BA","HR","ME","MK","RS","SI","KR","BD","PK","LK","GH","KE","NG","TZ","UG","AG","AM","BS","BB","BZ","BT","BW","BF","CV","CW","DM","FJ","GM","GE","GD","GW","GY","HT","JM","KI","LS","LR","MW","MV","ML","MH","FM","NA","NR","NE","PW","PG","PR","WS","SM","ST","SN","SC","SL","SB","KN","LC","VC","SR","TL","TO","TT","TV","VU","AZ","BN","BI","KH","CM","TD","KM","GQ","SZ","GA","GN","KG","LA","MO","MR","MN","NP","RW","TG","UZ","ZW","BJ","MG","MU","MZ","AO","CI","DJ","ZM","CD","CG","IQ","LY","TJ","VE","ET","XK"],"disc_number":1,"duration_ms":185440,"explicit":false,"external_urls":{"spotify":"https://open.spotify.com/track/6e0EEqNDhwPcP8yl2BZ8tA"},"href":"https://api.spotify.com/v1/tracks/6e0EEqNDhwPcP8yl2BZ8tA","id":"6e0EEqNDhwPcP8yl2BZ8tA","name":"Sigueme Besando Asi","preview_url":null,"track_number":2,"type":"track","uri":"spotify:track:6e0EEqNDhwPcP8yl2BZ8tA","is_local":false},{"artists":[{"external_urls":{"spotify":"https://open.spotify.com/artist/0tmwSHipWxN12fsoLcFU3B"},"href":"https://api.spotify.com/v1/artists/0tmwSHipWxN12fsoLcFU3B","id":"0tmwSHipWxN12fsoLcFU3B","name":"Manuel Turizo","type":"artist","uri":"spotify:artist:0tmwSHipWxN12fsoLcFU3B"}],"available_markets":["AR","AU","AT","BE","BO","BR","BG","CA","CL","CO","CR","CY","CZ","DK","DO","DE","EC","EE","SV","FI","FR","GR","GT","HN","HK","HU","IS","IE","IT","LV","LT","LU","MY","MT","MX","NL","NZ","NI","NO","PA","PY","PE","PH","PL","PT","SG","SK","ES","SE","CH","TW","TR","UY","US","GB","AD","LI","MC","ID","JP","TH","VN","RO","IL","ZA","SA","AE","BH","QA","OM","KW","EG","MA","DZ","TN","LB","JO","PS","IN","BY","KZ","MD","UA","AL","BA","HR","ME","MK","RS","SI","KR","BD","PK","LK","GH","KE","NG","TZ","UG","AG","AM","BS","BB","BZ","BT","BW","BF","CV","CW","DM","FJ","GM","GE","GD","GW","GY","HT","JM","KI","LS","LR","MW","MV","ML","MH","FM","NA","NR","NE","PW","PG","PR","WS","SM","ST","SN","SC","SL","SB","KN","LC","VC","SR","TL","TO","TT","TV","VU","AZ","BN","BI","KH","CM","TD","KM","GQ","SZ","GA","GN","KG","LA","MO","MR","MN","NP","RW","TG","UZ","ZW","BJ","MG","MU","MZ","AO","CI","DJ","ZM","CD","CG","IQ","LY","TJ","VE","ET","XK"],"disc_number":1,"duration_ms":149106,"explicit":false,"external_urls":{"spotify":"https://open.spotify.com/track/3fHOgRvHga05gjeFOzFjSR"},"href":"https://api.spotify.com/v1/tracks/3fHOgRvHga05gjeFOzFjSR","id":"3fHOgRvHga05gjeFOzFjSR","name":"A Nombre Tuyo","preview_url":null,"track_number":3,"type":"track","uri":"spotify:track:3fHOgRvHga05gjeFOzFjSR","is_local":false},{"artists":[{"external_urls":{"spotify":"https://open.spotify.com/artist/0tmwSHipWxN12fsoLcFU3B"},"href":"https://api.spotify.com/v1/artists/0tmwSHipWxN12fsoLcFU3B","id":"0tmwSHipWxN12fsoLcFU3B","name":"Manuel Turizo","type":"artist","uri":"spotify:artist:0tmwSHipWxN12fsoLcFU3B"},{"external_urls":{"spotify":"https://open.spotify.com/artist/0w8jfjckFjwtKLRkX9NT2K"},"href":"https://api.spotify.com/v1/artists/0w8jfjckFjwtKLRkX9NT2K","id":"0w8jfjckFjwtKLRkX9NT2K","name":"Elder Dayán Díaz","type":"artist","uri":"spotify:artist:0w8jfjckFjwtKLRkX9NT2K"}],"available_markets":["AR","AU","AT","BE","BO","BR","BG","CA","CL","CO","CR","CY","CZ","DK","DO","DE","EC","EE","SV","FI","FR","GR","GT","HN","HK","HU","IS","IE","IT","LV","LT","LU","MY","MT","MX","NL","NZ","NI","NO","PA","PY","PE","PH","PL","PT","SG","SK","ES","SE","CH","TW","TR","UY","US","GB","AD","LI","MC","ID","JP","TH","VN","RO","IL","ZA","SA","AE","BH","QA","OM","KW","EG","MA","DZ","TN","LB","JO","PS","IN","BY","KZ","MD","UA","AL","BA","HR","ME","MK","RS","SI","KR","BD","PK","LK","GH","KE","NG","TZ","UG","AG","AM","BS","BB","BZ","BT","BW","BF","CV","CW","DM","FJ","GM","GE","GD","GW","GY","HT","JM","KI","LS","LR","MW","MV","ML","MH","FM","NA","NR","NE","PW","PG","PR","WS","SM","ST","SN","SC","SL","SB","KN","LC","VC","SR","TL","TO","TT","TV","VU","AZ","BN","BI","KH","CM","TD","KM","GQ","SZ","GA","GN","KG","LA","MO","MR","MN","NP","RW","TG","UZ","ZW","BJ","MG","MU","MZ","AO","CI","DJ","ZM","CD","CG","IQ","LY","TJ","VE","ET","XK"],"disc_number":1,"duration_ms":212133,"explicit":false,"external_urls":{"spotify":"https://open.spotify.com/track/4a9w0rH1JIA60WerRwLNUo"},"href":"https://api.spotify.com/v1/tracks/4a9w0rH1JIA60WerRwLNUo","id":"4a9w0rH1JIA60WerRwLNUo","name":"La Ex de mi Amigo","preview_url":null,"track_number":4,"type":"track","uri":"spotify:track:4a9w0rH1JIA60WerRwLNUo","is_local":false},{"artists":[{"external_urls":{"spotify":"https://open.spotify.com/artist/0tmwSHipWxN12fsoLcFU3B"},"href":"https://api.spotify.com/v1/artists/0tmwSHipWxN12fsoLcFU3B","id":"0tmwSHipWxN12fsoLcFU3B","name":"Manuel Turizo","type":"artist","uri":"spotify:artist:0tmwSHipWxN12fsoLcFU3B"}],"available_markets":["AR","AU","AT","BE","BO","BR","BG","CA","CL","CO","CR","CY","CZ","DK","DO","DE","EC","EE","SV","FI","FR","GR","GT","HN","HK","HU","IS","IE","IT","LV","LT","LU","MY","MT","MX","NL","NZ","NI","NO","PA","PY","PE","PH","PL","PT","SG","SK","ES","SE","CH","TW","TR","UY","US","GB","AD","LI","MC","ID","JP","TH","VN","RO","IL","ZA","SA","AE","BH","QA","OM","KW","EG","MA","DZ","TN","LB","JO","PS","IN","BY","KZ","MD","UA","AL","BA","HR","ME","MK","RS","SI","KR","BD","PK","LK","GH","KE","NG","TZ","UG","AG","AM","BS","BB","BZ","BT","BW","BF","CV","CW","DM","FJ","GM","GE","GD","GW","GY","HT","JM","KI","LS","LR","MW","MV","ML","MH","FM","NA","NR","NE","PW","PG","PR","WS","SM","ST","SN","SC","SL","SB","KN","LC","VC","SR","TL","TO","TT","TV","VU","AZ","BN","BI","KH","CM","TD","KM","GQ","SZ","GA","GN","KG","LA","MO","MR","MN","NP","RW","TG","UZ","ZW","BJ","MG","MU","MZ","AO","CI","DJ","ZM","CD","CG","IQ","LY","TJ","VE","ET","XK"],"disc_number":1,"duration_ms":132706,"explicit":false,"external_urls":{"spotify":"https://open.spotify.com/track/69W5sODsjVUsUh2ZrilYML"},"href":"https://api.spotify.com/v1/tracks/69W5sODsjVUsUh2ZrilYML","id":"69W5sODsjVUsUh2ZrilYML","name":"Plata Pa Gastar","preview_url":null,"track_number":5,"type":"track","uri":"spotify:track:69W5sODsjVUsUh2ZrilYML","is_local":false},{"artists":[{"external_urls":{"spotify":"https://open.spotify.com/artist/0tmwSHipWxN12fsoLcFU3B"},"href":"https://api.spotify.com/v1/artists/0tmwSHipWxN12fsoLcFU3B","id":"0tmwSHipWxN12fsoLcFU3B","name":"Manuel Turizo","type":"artist","uri":"spotify:artist:0tmwSHipWxN12fsoLcFU3B"}],"available_markets":["AR","AU","AT","BE","BO","BR","BG","CA","CL","CO","CR","CY","CZ","DK","DO","DE","EC","EE","SV","FI","FR","GR","GT","HN","HK","HU","IS","IE","IT","LV","LT","LU","MY","MT","MX","NL","NZ","NI","NO","PA","PY","PE","PH","PL","PT","SG","SK","ES","SE","CH","TW","TR","UY","US","GB","AD","LI","MC","ID","JP","TH","VN","RO","IL","ZA","SA","AE","BH","QA","OM","KW","EG","MA","DZ","TN","LB","JO","PS","IN","BY","KZ","MD","UA","AL","BA","HR","ME","MK","RS","SI","KR","BD","PK","LK","GH","KE","NG","TZ","UG","AG","AM","BS","BB","BZ","BT","BW","BF","CV","CW","DM","FJ","GM","GE","GD","GW","GY","HT","JM","KI","LS","LR","MW","MV","ML","MH","FM","NA","NR","NE","PW","PG","PR","WS","SM","ST","SN","SC","SL","SB","KN","LC","VC","SR","TL","TO","TT","TV","VU","AZ","BN","BI","KH","CM","TD","KM","GQ","SZ","GA","GN","KG","LA","MO","MR","MN","NP","RW","TG","UZ","ZW","BJ","MG","MU","MZ","AO","CI","DJ","ZM","CD","CG","IQ","LY","TJ","VE","ET","XK"],"disc_number":1,"duration_ms":168466,"explicit":false,"external_urls":{"spotify":"https://open.spotify.com/track/3Jwlbr7aq7cVnsdAbb2WxL"},"href":"https://api.spotify.com/v1/tracks/3Jwlbr7aq7cVnsdAbb2WxL","id":"3Jwlbr7aq7cVnsdAbb2WxL","name":"Enhorabuena","preview_url":null,"track_number":6,"type":"track","uri":"spotify:track:3Jwlbr7aq7cVnsdAbb2WxL","is_local":false},{"artists":[{"external_urls":{"spotify":"https://open.spotify.com/artist/0tmwSHipWxN12fsoLcFU3B"},"href":"https://api.spotify.com/v1/artists/0tmwSHipWxN12fsoLcFU3B","id":"0tmwSHipWxN12fsoLcFU3B","name":"Manuel Turizo","type":"artist","uri":"spotify:artist:0tmwSHipWxN12fsoLcFU3B"},{"external_urls":{"spotify":"https://open.spotify.com/artist/6XkjpgcEsYab502Vr1bBeW"},"href":"https://api.spotify.com/v1/artists/6XkjpgcEsYab502Vr1bBeW","id":"6XkjpgcEsYab502Vr1bBeW","name":"Grupo Frontera","type":"artist","uri":"spotify:artist:6XkjpgcEsYab502Vr1bBeW"}],"available_markets":["AR","AU","AT","BE","BO","BR","BG","CA","CL","CO","CR","CY","CZ","DK","DO","DE","EC","EE","SV","FI","FR","GR","GT","HN","HK","HU","IS","IE","IT","LV","LT","LU","MY","MT","MX","NL","NZ","NI","NO","PA","PY","PE","PH","PL","PT","SG","SK","ES","SE","CH","TW","TR","UY","US","GB","AD","LI","MC","ID","JP","TH","VN","RO","IL","ZA","SA","AE","BH","QA","OM","KW","EG","MA","DZ","TN","LB","JO","PS","IN","BY","KZ","MD","UA","AL","BA","HR","ME","MK","RS","SI","KR","BD","PK","LK","GH","KE","NG","TZ","UG","AG","AM","BS","BB","BZ","BT","BW","BF","CV","CW","DM","FJ","GM","GE","GD","GW","GY","HT","JM","KI","LS","LR","MW","MV","ML","MH","FM","NA","NR","NE","PW","PG","PR","WS","SM","ST","SN","SC","SL","SB","KN","LC","VC","SR","TL","TO","TT","TV","VU","AZ","BN","BI","KH","CM","TD","KM","GQ","SZ","GA","GN","KG","LA","MO","MR","MN","NP","RW","TG","UZ","ZW","BJ","MG","MU","MZ","AO","CI","DJ","ZM","CD","CG","IQ","LY","TJ","VE","ET","XK"],"disc_number":1,"duration_ms":188413,"explicit":false,"external_urls":{"spotify":"https://open.spotify.com/track/4IIdIBVQEXwpE6MlLkHeBm"},"href":"https://api.spotify.com/v1/tracks/4IIdIBVQEXwpE6MlLkHeBm","id":"4IIdIBVQEXwpE6MlLkHeBm","name":"DE LUNES A LUNES","preview_url":null,"track_number":7,"type":"track","uri":"spotify:track:4IIdIBVQEXwpE6MlLkHeBm","is_local":false},{"artists":[{"external_urls":{"spotify":"https://open.spotify.com/artist/0tmwSHipWxN12fsoLcFU3B"},"href":"https://api.spotify.com/v1/artists/0tmwSHipWxN12fsoLcFU3B","id":"0tmwSHipWxN12fsoLcFU3B","name":"Manuel Turizo","type":"artist","uri":"spotify:artist:0tmwSHipWxN12fsoLcFU3B"},{"external_urls":{"spotify":"https://open.spotify.com/artist/0NGAZxHanS9e0iNHpR8f2W"},"href":"https://api.spotify.com/v1/artists/0NGAZxHanS9e0iNHpR8f2W","id":"0NGAZxHanS9e0iNHpR8f2W","name":"Alok","type":"artist","uri":"spotify:artist:0NGAZxHanS9e0iNHpR8f2W"}],"available_markets":["AR","AU","AT","BE","BO","BR","BG","CA","CL","CO","CR","CY","CZ","DK","DO","DE","EC","EE","SV","FI","FR","GR","GT","HN","HK","HU","IS","IE","IT","LV","LT","LU","MY","MT","MX","NL","NZ","NI","NO","PA","PY","PE","PH","PL","PT","SG","SK","ES","SE","CH","TW","TR","UY","US","GB","AD","LI","MC","ID","JP","TH","VN","RO","IL","ZA","SA","AE","BH","QA","OM","KW","EG","MA","DZ","TN","LB","JO","PS","IN","BY","KZ","MD","UA","AL","BA","HR","ME","MK","RS","SI","KR","BD","PK","LK","GH","KE","NG","TZ","UG","AG","AM","BS","BB","BZ","BT","BW","BF","CV","CW","DM","FJ","GM","GE","GD","GW","GY","HT","JM","KI","LS","LR","MW","MV","ML","MH","FM","NA","NR","NE","PW","PG","PR","WS","SM","ST","SN","SC","SL","SB","KN","LC","VC","SR","TL","TO","TT","TV","VU","AZ","BN","BI","KH","CM","TD","KM","GQ","SZ","GA","GN","KG","LA","MO","MR","MN","NP","RW","TG","UZ","ZW","BJ","MG","MU","MZ","AO","CI","DJ","ZM","CD","CG","IQ","LY","TJ","VE","ET","XK"],"disc_number":1,"duration_ms":211986,"explicit":false,"external_urls":{"spotify":"https://open.spotify.com/track/1rXysuGx7o2Oj6cDSK47SO"},"href":"https://api.spotify.com/v1/tracks/1rXysuGx7o2Oj6cDSK47SO","id":"1rXysuGx7o2Oj6cDSK47SO","name":"Yo No Me Vuelvo a Enamorar","preview_url":null,"track_number":8,"type":"track","uri":"spotify:track:1rXysuGx7o2Oj6cDSK47SO","is_local":false},{"artists":[{"external_urls":{"spotify":"https://open.spotify.com/artist/0tmwSHipWxN12fsoLcFU3B"},"href":"https://api.spotify.com/v1/artists/0tmwSHipWxN12fsoLcFU3B","id":"0tmwSHipWxN12fsoLcFU3B","name":"Manuel Turizo","type":"artist","uri":"spotify:artist:0tmwSHipWxN12fsoLcFU3B"}],"available_markets":["AR","AU","AT","BE","BO","BR","BG","CA","CL","CO","CR","CY","CZ","DK","DO","DE","EC","EE","SV","FI","FR","GR","GT","HN","HK","HU","IS","IE","IT","LV","LT","LU","MY","MT","MX","NL","NZ","NI","NO","PA","PY","PE","PH","PL","PT","SG","SK","ES","SE","CH","TW","TR","UY","US","GB","AD","LI","MC","ID","JP","TH","VN","RO","IL","ZA","SA","AE","BH","QA","OM","KW","EG","MA","DZ","TN","LB","JO","PS","IN","BY","KZ","MD","UA","AL","BA","HR","ME","MK","RS","SI","KR","BD","PK","LK","GH","KE","NG","TZ","UG","AG","AM","BS","BB","BZ","BT","BW","BF","CV","CW","DM","FJ","GM","GE","GD","GW","GY","HT","JM","KI","LS","LR","MW","MV","ML","MH","FM","NA","NR","NE","PW","PG","PR","WS","SM","ST","SN","SC","SL","SB","KN","LC","VC","SR","TL","TO","TT","TV","VU","AZ","BN","BI","KH","CM","TD","KM","GQ","SZ","GA","GN","KG","LA","MO","MR","MN","NP","RW","TG","UZ","ZW","BJ","MG","MU","MZ","AO","CI","DJ","ZM","CD","CG","IQ","LY","TJ","VE","ET","XK"],"disc_number":1,"duration_ms":126053,"explicit":false,"external_urls":{"spotify":"https://open.spotify.com/track/3F9bSwe5SllPUeEwHal7b3"},"href":"https://api.spotify.com/v1/tracks/3F9bSwe5SllPUeEwHal7b3","id":"3F9bSwe5SllPUeEwHal7b3","name":"Mirando al Techo","preview_url":null,"track_number":9,"type":"track","uri":"spotify:track:3F9bSwe5SllPUeEwHal7b3","is_local":false},{"artists":[{"external_urls":{"spotify":"https://open.spotify.com/artist/0tmwSHipWxN12fsoLcFU3B"},"href":"https://api.spotify.com/v1/artists/0tmwSHipWxN12fsoLcFU3B","id":"0tmwSHipWxN12fsoLcFU3B","name":"Manuel Turizo","type":"artist","uri":"spotify:artist:0tmwSHipWxN12fsoLcFU3B"},{"external_urls":{"spotify":"https://open.spotify.com/artist/0eHQ9o50hj6ZDNBt6Ys1sD"},"href":"https://api.spotify.com/v1/artists/0eHQ9o50hj6ZDNBt6Ys1sD","id":"0eHQ9o50hj6ZDNBt6Ys1sD","name":"Yandel","type":"artist","uri":"spotify:artist:0eHQ9o50hj6ZDNBt6Ys1sD"}],"available_markets":["AR","AU","AT","BE","BO","BR","BG","CA","CL","CO","CR","CY","CZ","DK","DO","DE","EC","EE","SV","FI","FR","GR","GT","HN","HK","HU","IS","IE","IT","LV","LT","LU","MY","MT","MX","NL","NZ","NI","NO","PA","PY","PE","PH","PL","PT","SG","SK","ES","SE","CH","TW","TR","UY","US","GB","AD","LI","MC","ID","JP","TH","VN","RO","IL","ZA","SA","AE","BH","QA","OM","KW","EG","MA","DZ","TN","LB","JO","PS","IN","BY","KZ","MD","UA","AL","BA","HR","ME","MK","RS","SI","KR","BD","PK","LK","GH","KE","NG","TZ","UG","AG","AM","BS","BB","BZ","BT","BW","BF","CV","CW","DM","FJ","GM","GE","GD","GW","GY","HT","JM","KI","LS","LR","MW","MV","ML","MH","FM","NA","NR","NE","PW","PG","PR","WS","SM","ST","SN","SC","SL","SB","KN","LC","VC","SR","TL","TO","TT","TV","VU","AZ","BN","BI","KH","CM","TD","KM","GQ","SZ","GA","GN","KG","LA","MO","MR","MN","NP","RW","TG","UZ","ZW","BJ","MG","MU","MZ","AO","CI","DJ","ZM","CD","CG","IQ","LY","TJ","VE","ET","XK"],"disc_number":1,"duration_ms":216426,"explicit":false,"external_urls":{"spotify":"https://open.spotify.com/track/3flzoYuNDBxbrnmv6qV0x4"},"href":"https://api.spotify.com/v1/tracks/3flzoYuNDBxbrnmv6qV0x4","id":"3flzoYuNDBxbrnmv6qV0x4","name":"Mamasota","preview_url":null,"track_number":10,"type":"track","uri":"spotify:track:3flzoYuNDBxbrnmv6qV0x4","is_local":false},{"artists":[{"external_urls":{"spotify":"https://open.spotify.com/artist/0tmwSHipWxN12fsoLcFU3B"},"href":"https://api.spotify.com/v1/artists/0tmwSHipWxN12fsoLcFU3B","id":"0tmwSHipWxN12fsoLcFU3B","name":"Manuel Turizo","type":"artist","uri":"spotify:artist:0tmwSHipWxN12fsoLcFU3B"},{"external_urls":{"spotify":"https://open.spotify.com/artist/2O8vbr4RYPpk6MRA4fio7u"},"href":"https://api.spotify.com/v1/artists/2O8vbr4RYPpk6MRA4fio7u","id":"2O8vbr4RYPpk6MRA4fio7u","name":"SAIKO","type":"artist","uri":"spotify:artist:2O8vbr4RYPpk6MRA4fio7u"}],"available_markets":["AR","AU","AT","BE","BO","BR","BG","CA","CL","CO","CR","CY","CZ","DK","DO","DE","EC","EE","SV","FI","FR","GR","GT","HN","HK","HU","IS","IE","IT","LV","LT","LU","MY","MT","MX","NL","NZ","NI","NO","PA","PY","PE","PH","PL","PT","SG","SK","ES","SE","CH","TW","TR","UY","US","GB","AD","LI","MC","ID","JP","TH","VN","RO","IL","ZA","SA","AE","BH","QA","OM","KW","EG","MA","DZ","TN","LB","JO","PS","IN","BY","KZ","MD","UA","AL","BA","HR","ME","MK","RS","SI","KR","BD","PK","LK","GH","KE","NG","TZ","UG","AG","AM","BS","BB","BZ","BT","BW","BF","CV","CW","DM","FJ","GM","GE","GD","GW","GY","HT","JM","KI","LS","LR","MW","MV","ML","MH","FM","NA","NR","NE","PW","PG","PR","WS","SM","ST","SN","SC","SL","SB","KN","LC","VC","SR","TL","TO","TT","TV","VU","AZ","BN","BI","KH","CM","TD","KM","GQ","SZ","GA","GN","KG","LA","MO","MR","MN","NP","RW","TG","UZ","ZW","BJ","MG","MU","MZ","AO","CI","DJ","ZM","CD","CG","IQ","LY","TJ","VE","ET","XK"],"disc_number":1,"duration_ms":223733,"explicit":false,"external_urls":{"spotify":"https://open.spotify.com/track/5Sx01pxIIAjNwfhw7Rm0Ed"},"href":"https://api.spotify.com/v1/tracks/5Sx01pxIIAjNwfhw7Rm0Ed","id":"5Sx01pxIIAjNwfhw7Rm0Ed","name":"Bahamas","preview_url":null,"track_number":11,"type":"track","uri":"spotify:track:5Sx01pxIIAjNwfhw7Rm0Ed","is_local":false},{"artists":[{"external_urls":{"spotify":"https://open.spotify.com/artist/0tmwSHipWxN12fsoLcFU3B"},"href":"https://api.spotify.com/v1/artists/0tmwSHipWxN12fsoLcFU3B","id":"0tmwSHipWxN12fsoLcFU3B","name":"Manuel Turizo","type":"artist","uri":"spotify:artist:0tmwSHipWxN12fsoLcFU3B"}],"available_markets":["AR","AU","AT","BE","BO","BR","BG","CA","CL","CO","CR","CY","CZ","DK","DO","DE","EC","EE","SV","FI","FR","GR","GT","HN","HK","HU","IS","IE","IT","LV","LT","LU","MY","MT","MX","NL","NZ","NI","NO","PA","PY","PE","PH","PL","PT","SG","SK","ES","SE","CH","TW","TR","UY","US","GB","AD","LI","MC","ID","JP","TH","VN","RO","IL","ZA","SA","AE","BH","QA","OM","KW","EG","MA","DZ","TN","LB","JO","PS","IN","BY","KZ","MD","UA","AL","BA","HR","ME","MK","RS","SI","KR","BD","PK","LK","GH","KE","NG","TZ","UG","AG","AM","BS","BB","BZ","BT","BW","BF","CV","CW","DM","FJ","GM","GE","GD","GW","GY","HT","JM","KI","LS","LR","MW","MV","ML","MH","FM","NA","NR","NE","PW","PG","PR","WS","SM","ST","SN","SC","SL","SB","KN","LC","VC","SR","TL","TO","TT","TV","VU","AZ","BN","BI","KH","CM","TD","KM","GQ","SZ","GA","GN","KG","LA","MO","MR","MN","NP","RW","TG","UZ","ZW","BJ","MG","MU","MZ","AO","CI","DJ","ZM","CD","CG","IQ","LY","TJ","VE","ET","XK"],"disc_number":1,"duration_ms":198946,"explicit":false,"external_urls":{"spotify":"https://open.spotify.com/track/5oM0lC4dPwnAeoFtJXRuFV"},"href":"https://api.spotify.com/v1/tracks/5oM0lC4dPwnAeoFtJXRuFV","id":"5oM0lC4dPwnAeoFtJXRuFV","name":"Dios Te Cuide","preview_url":null,"track_number":12,"type":"track","uri":"spotify:track:5oM0lC4dPwnAeoFtJXRuFV","is_local":false}]},"copyrights":[{"text":"(P) 2024 La Industria Inc., exclusive distribution by Sony Music Entertainment US Latin LLC","type":"P"}],"external_ids":{"upc":"196872622034"},"genres":[],"label":"La Industria/Sony Music Latin","popularity":65},{"album_type":"album","total_tracks":18,"available_markets":["AR","AU","AT","BE","BO","BR","BG","CA","CL","CO","CR","CY","CZ","DK","DO","DE","EC","EE","SV","FI","FR","GR","GT","HN","HK","HU","IS","IE","IT","LV","LT","LU","MY","MT","MX","NL","NZ","NI","NO","PA","PY","PE","PH","PL","PT","SG","SK","ES","SE","CH","TW","TR","UY","US","GB","AD","LI","MC","ID","JP","TH","VN","RO","IL","ZA","SA","AE","BH","QA","OM","KW","EG","MA","DZ","TN","LB","JO","PS","IN","BY","KZ","MD","UA","AL","BA","HR","ME","MK","RS","SI","KR","BD","PK","LK","GH","KE","NG","TZ","UG","AG","AM","BS","BB","BZ","BT","BW","BF","CV","CW","DM","FJ","GM","GE","GD","GW","GY","HT","JM","KI","LS","LR","MW","MV","ML","MH","FM","NA","NR","NE","PW","PG","PR","WS","SM","ST","SN","SC","SL","SB","KN","LC","VC","SR","TL","TO","TT","TV","VU","AZ","BN","BI","KH","CM","TD","KM","GQ","SZ","GA","GN","KG","LA","MO","MR","MN","NP","RW","TG","UZ","ZW","BJ","MG","MU","MZ","AO","CI","DJ","ZM","CD","CG","IQ","LY","TJ","VE","ET","XK"],"external_urls":{"spotify":"https://open.spotify.com/album/3V2ApPxUSquOkjLQU3wmjh"},"href":"https://api.spotify.com/v1/albums/3V2ApPxUSquOkjLQU3wmjh","id":"3V2ApPxUSquOkjLQU3wmjh","images":[{"url":"https://i.scdn.co/image/ab67616d0000b2734b690afba75a356fcdad526e","height":640,"width":640},{"url":"https://i.scdn.co/image/ab67616d00001e024b690afba75a356fcdad526e","height":300,"width":300},{"url":"https://i.scdn.co/image/ab67616d000048514b690afba75a356fcdad526e","height":64,"width":64}],"name":"BUENAS NOCHES","release_date":"2024-11-22","release_date_precision":"day","type":"album","uri":"spotify:album:3V2ApPxUSquOkjLQU3wmjh","artists":[{"external_urls":{"spotify":"https://open.spotify.com/artist/52iwsT98xCoGgiGntTiR7K"},"href":"https://api.spotify.com/v1/artists/52iwsT98xCoGgiGntTiR7K","id":"52iwsT98xCoGgiGntTiR7K","name":"Quevedo","type":"artist","uri":"spotify:artist:52iwsT98xCoGgiGntTiR7K"}],"tracks":{"href":"https://api.spotify.com/v1/albums/3V2ApPxUSquOkjLQU3wmjh/tracks?offset=0&limit=50","limit":50,"next":null,"offset":0,"previous":null,"total":18,"items":[{"artists":[{"external_urls":{"spotify":"https://open.spotify.com/artist/52iwsT98xCoGgiGntTiR7K"},"href":"https://api.spotify.com/v1/artists/52iwsT98xCoGgiGntTiR7K","id":"52iwsT98xCoGgiGntTiR7K","name":"Quevedo","type":"artist","uri":"spotify:artist:52iwsT98xCoGgiGntTiR7K"}],"available_markets":["AR","AU","AT","BE","BO","BR","BG","CA","CL","CO","CR","CY","CZ","DK","DO","DE","EC","EE","SV","FI","FR","GR","GT","HN","HK","HU","IS","IE","IT","LV","LT","LU","MY","MT","MX","NL","NZ","NI","NO","PA","PY","PE","PH","PL","PT","SG","SK","ES","SE","CH","TW","TR","UY","US","GB","AD","LI","MC","ID","JP","TH","VN","RO","IL","ZA","SA","AE","BH","QA","OM","KW","EG","MA","DZ","TN","LB","JO","PS","IN","BY","KZ","MD","UA","AL","BA","HR","ME","MK","RS","SI","KR","BD","PK","LK","GH","KE","NG","TZ","UG","AG","AM","BS","BB","BZ","BT","BW","BF","CV","CW","DM","FJ","GM","GE","GD","GW","GY","HT","JM","KI","LS","LR","MW","MV","ML","MH","FM","NA","NR","NE","PW","PG","PR","WS","SM","ST","SN","SC","SL","SB","KN","LC","VC","SR","TL","TO","TT","TV","VU","AZ","BN","BI","KH","CM","TD","KM","GQ","SZ","GA","GN","KG","LA","MO","MR","MN","NP","RW","TG","UZ","ZW","BJ","MG","MU","MZ","AO","CI","DJ","ZM","CD","CG","IQ","LY","TJ","VE","ET","XK"],"disc_number":1,"duration_ms":183172,"explicit":false,"external_urls":{"spotify":"https://open.spotify.com/track/6mP16Mr2X3ZU2bNmWBUqzK"},"href":"https://api.spotify.com/v1/tracks/6mP16Mr2X3ZU2bNmWBUqzK","id":"6mP16Mr2X3ZU2bNmWBUqzK","name":"KASSANDRA","preview_url":null,"track_number":1,"type":"track","uri":"spotify:track:6mP16Mr2X3ZU2bNmWBUqzK","is_local":false},{"artists":[{"external_urls":{"spotify":"https://open.spotify.com/artist/52iwsT98xCoGgiGntTiR7K"},"href":"https://api.spotify.com/v1/artists/52iwsT98xCoGgiGntTiR7K","id":"52iwsT98xCoGgiGntTiR7K","name":"Quevedo","type":"artist","uri":"spotify:artist:52iwsT98xCoGgiGntTiR7K"}],"available_markets":["AR","AU","AT","BE","BO","BR","BG","CA","CL","CO","CR","CY","CZ","DK","DO","DE","EC","EE","SV","FI","FR","GR","GT","HN","HK","HU","IS","IE","IT","LV","LT","LU","MY","MT","MX","NL","NZ","NI","NO","PA","PY","PE","PH","PL","PT","SG","SK","ES","SE","CH","TW","TR","UY","US","GB","AD","LI","MC","ID","JP","TH","VN","RO","IL","ZA","SA","AE","BH","QA","OM","KW","EG","MA","DZ","TN","LB","JO","PS","IN","BY","KZ","MD","UA","AL","BA","HR","ME","MK","RS","SI","KR","BD","PK","LK","GH","KE","NG","TZ","UG","AG","AM","BS","BB","BZ","BT","BW","BF","CV","CW","DM","FJ","GM","GE","GD","GW","GY","HT","JM","KI","LS","LR","MW","MV","ML","MH","FM","NA","NR","NE","PW","PG","PR","WS","SM","ST","SN","SC","SL","SB","KN","LC","VC","SR","TL","TO","TT","TV","VU","AZ","BN","BI","KH","CM","TD","KM","GQ","SZ","GA","GN","KG","LA","MO","MR","MN","NP","RW","TG","UZ","ZW","BJ","MG","MU","MZ","AO","CI","DJ","ZM","CD","CG","IQ","LY","TJ","VE","ET","XK"],"disc_number":1,"duration_ms":162204,"explicit":false,"external_urls":{"spotify":"https://open.spotify.com/track/18ngz35nTD4rzldysVtN4o"},"href":"https://api.spotify.com/v1/tracks/18ngz35nTD4rzldysVtN4o","id":"18ngz35nTD4rzldysVtN4o","name":"DURO","preview_url":null,"track_number":2,"type":"track","uri":"spotify:track:18ngz35nTD4rzldysVtN4o","is_local":false},{"artists":[{"external_urls":{"spotify":"https://open.spotify.com/artist/52iwsT98xCoGgiGntTiR7K"},"href":"https://api.spotify.com/v1/artists/52iwsT98xCoGgiGntTiR7K","id":"52iwsT98xCoGgiGntTiR7K","name":"Quevedo","type":"artist","uri":"spotify:artist:52iwsT98xCoGgiGntTiR7K"}],"available_markets":["AR","AU","AT","BE","BO","BR","BG","CA","CL","CO","CR","CY","CZ","DK","DO","DE","EC","EE","SV","FI","FR","GR","GT","HN","HK","HU","IS","IE","IT","LV","LT","LU","MY","MT","MX","NL","NZ","NI","NO","PA","PY","PE","PH","PL","PT","SG","SK","ES","SE","CH","TW","TR","UY","US","GB","AD","LI","MC","ID","JP","TH","VN","RO","IL","ZA","SA","AE","BH","QA","OM","KW","EG","MA","DZ","TN","LB","JO","PS","IN","BY","KZ","MD","UA","AL","BA","HR","ME","MK","RS","SI","KR","BD","PK","LK","GH","KE","NG","TZ","UG","AG","AM","BS","BB","BZ","BT","BW","BF","CV","CW","DM","FJ","GM","GE","GD","GW","GY","HT","JM","KI","LS","LR","MW","MV","ML","MH","FM","NA","NR","NE","PW","PG","PR","WS","SM","ST","SN","SC","SL","SB","KN","LC","VC","SR","TL","TO","TT","TV","VU","AZ","BN","BI","KH","CM","TD","KM","GQ","SZ","GA","GN","KG","LA","MO","MR","MN","NP","RW","TG","UZ","ZW","BJ","MG","MU","MZ","AO","CI","DJ","ZM","CD","CG","IQ","LY","TJ","VE","ET","XK"],"disc_number":1,"duration_ms":183316,"explicit":false,"external_urls":{"spotify":"https://open.spotify.com/track/1gKnoWS17Nf8ZxEev7d3vd"},"href":"https://api.spotify.com/v1/tracks/1gKnoWS17Nf8ZxEev7d3vd","id":"1gKnoWS17Nf8ZxEev7d3vd","name":"IGUALES","preview_url":null,"track_number":3,"type":"track","uri":"spotify:track:1gKnoWS17Nf8ZxEev7d3vd","is_local":false},{"artists":[{"external_urls":{"spotify":"https://open.spotify.com/artist/52iwsT98xCoGgiGntTiR7K"},"href":"https://api.spotify.com/v1/artists/52iwsT98xCoGgiGntTiR7K","id":"52iwsT98xCoGgiGntTiR7K","name":"Quevedo","type":"artist","uri":"spotify:artist:52iwsT98xCoGgiGntTiR7K"},{"external_urls":{"spotify":"https://open.spotify.com/artist/7eLcDZDYHXZCebtQmVFL25"},"href":"https://api.spotify.com/v1/artists/7eLcDZDYHXZCebtQmVFL25","id":"7eLcDZDYHXZCebtQmVFL25","name":"Aitana","type":"artist","uri":"spotify:artist:7eLcDZDYHXZCebtQmVFL25"}],"available_markets":["AR","AU","AT","BE","BO","BR","BG","CA","CL","CO","CR","CY","CZ","DK","DO","DE","EC","EE","SV","FI","FR","GR","GT","HN","HK","HU","IS","IE","IT","LV","LT","LU","MY","MT","MX","NL","NZ","NI","NO","PA","PY","PE","PH","PL","PT","SG","SK","ES","SE","CH","TW","TR","UY","US","GB","AD","LI","MC","ID","JP","TH","VN","RO","IL","ZA","SA","AE","BH","QA","OM","KW","EG","MA","DZ","TN","LB","JO","PS","IN","BY","KZ","MD","UA","AL","BA","HR","ME","MK","RS","SI","KR","BD","PK","LK","GH","KE","NG","TZ","UG","AG","AM","BS","BB","BZ","BT","BW","BF","CV","CW","DM","FJ","GM","GE","GD","GW","GY","HT","JM","KI","LS","LR","MW","MV","ML","MH","FM","NA","NR","NE","PW","PG","PR","WS","SM","ST","SN","SC","SL","SB","KN","LC","VC","SR","TL","TO","TT","TV","VU","AZ","BN","BI","KH","CM","TD","KM","GQ","SZ","GA","GN","KG","LA","MO","MR","MN","NP","RW","TG","UZ","ZW","BJ","MG","MU","MZ","AO","CI","DJ","ZM","CD","CG","IQ","LY","TJ","VE","ET","XK"],"disc_number":1,"duration_ms":213528,"explicit":false,"external_urls":{"spotify":"https://open.spotify.com/track/2kQ1OvmMzs1xdlH020aJJh"},"href":"https://api.spotify.com/v1/tracks/2kQ1OvmMzs1xdlH020aJJh","id":"2kQ1OvmMzs1xdlH020aJJh","name":"GRAN VÍA","preview_url":null,"track_number":4,"type":"track","uri":"spotify:track:2kQ1OvmMzs1xdlH020aJJh","is_local":false},{"artists":[{"external_urls":{"spotify":"https://open.spotify.com/artist/52iwsT98xCoGgiGntTiR7K"},"href":"https://api.spotify.com/v1/artists/52iwsT98xCoGgiGntTiR7K","id":"52iwsT98xCoGgiGntTiR7K","name":"Quevedo","type":"artist","uri":"spotify:artist:52iwsT98xCoGgiGntTiR7K"}],"available_markets":["AR","AU","AT","BE","BO","BR","BG","CA","CL","CO","CR","CY","CZ","DK","DO","DE","EC","EE","SV","FI","FR","GR","GT","HN","HK","HU","IS","IE","IT","LV","LT","LU","MY","MT","MX","NL","NZ","NI","NO","PA","PY","PE","PH","PL","PT","SG","SK","ES","SE","CH","TW","TR","UY","US","GB","AD","LI","MC","ID","JP","TH","VN","RO","IL","ZA","SA","AE","BH","QA","OM","KW","EG","MA","DZ","TN","LB","JO","PS","IN","BY","KZ","MD","UA","AL","BA","HR","ME","MK","RS","SI","KR","BD","PK","LK","GH","KE","NG","TZ","UG","AG","AM","BS","BB","BZ","BT","BW","BF","CV","CW","DM","FJ","GM","GE","GD","GW","GY","HT","JM","KI","LS","LR","MW","MV","ML","MH","FM","NA","NR","NE","PW","PG","PR","WS","SM","ST","SN","SC","SL","SB","KN","LC","VC","SR","TL","TO","TT","TV","VU","AZ","BN","BI","KH","CM","TD","KM","GQ","SZ","GA","GN","KG","LA","MO","MR","MN","NP","RW","TG","UZ","ZW","BJ","MG","MU","MZ","AO","CI","DJ","ZM","CD","CG","IQ","LY","TJ","VE","ET","XK"],"disc_number":1,"duration_ms":197418,"explicit":false,"external_urls":{"spotify":"https://open.spotify.com/track/1iP7aZUNvyt2EtmpjSbtRz"},"href":"https://api.spotify.com/v1/tracks/1iP7aZUNvyt2EtmpjSbtRz","id":"1iP7aZUNvyt2EtmpjSbtRz","name":"CHAPIADORA.COM","preview_url":null,"track_number":5,"type":"track","uri":"spotify:track:1iP7aZUNvyt2EtmpjSbtRz","is_local":false},{"artists":[{"external_urls":{"spotify":"https://open.spotify.com/artist/52iwsT98xCoGgiGntTiR7K"},"href":"https://api.spotify.com/v1/artists/52iwsT98xCoGgiGntTiR7K","id":"52iwsT98xCoGgiGntTiR7K","name":"Quevedo","type":"artist","uri":"spotify:artist:52iwsT98xCoGgiGntTiR7K"}],"available_markets":["AR","AU","AT","BE","BO","BR","BG","CA","CL","CO","CR","CY","CZ","DK","DO","DE","EC","EE","SV","FI","FR","GR","GT","HN","HK","HU","IS","IE","IT","LV","LT","LU","MY","MT","MX","NL","NZ","NI","NO","PA","PY","PE","PH","PL","PT","SG","SK","ES","SE","CH","TW","TR","UY","US","GB","AD","LI","MC","ID","JP","TH","VN","RO","IL","ZA","SA","AE","BH","QA","OM","KW","EG","MA","DZ","TN","LB","JO","PS","IN","BY","KZ","MD","UA","AL","BA","HR","ME","MK","RS","SI","KR","BD","PK","LK","GH","KE","NG","TZ","UG","AG","AM","BS","BB","BZ","BT","BW","BF","CV","CW","DM","FJ","GM","GE","GD","GW","GY","HT","JM","KI","LS","LR","MW","MV","ML","MH","FM","NA","NR","NE","PW","PG","PR","WS","SM","ST","SN","SC","SL","SB","KN","LC","VC","SR","TL","TO","TT","TV","VU","AZ","BN","BI","KH","CM","TD","KM","GQ","SZ","GA","GN","KG","LA","MO","MR","MN","NP","RW","TG","UZ","ZW","BJ","MG","MU","MZ","AO","CI","DJ","ZM","CD","CG","IQ","LY","TJ","VE","ET","XK"],"disc_number":1,"duration_ms":171685,"explicit":false,"external_urls":{"spotify":"https://open.spotify.com/track/7s8qhehMgdXKpixiqyFFrV"},"href":"https://api.spotify.com/v1/tracks/7s8qhehMgdXKpixiqyFFrV","id":"7s8qhehMgdXKpixiqyFFrV","name":"POR ATRÁS","preview_url":null,"track_number":6,"type":"track","uri":"spotify:track:7s8qhehMgdXKpixiqyFFrV","is_local":false},{"artists":[{"external_urls":{"spotify":"https://open.spotify.com/artist/52iwsT98xCoGgiGntTiR7K"},"href":"https://api.spotify.com/v1/artists/52iwsT98xCoGgiGntTiR7K","id":"52iwsT98xCoGgiGntTiR7K","name":"Quevedo","type":"artist","uri":"spotify:artist:52iwsT98xCoGgiGntTiR7K"},{"external_urls":{"spotify":"https://open.spotify.com/artist/0b4EVanoJb8wkWF7QUA3uY"},"href":"https://api.spotify.com/v1/artists/0b4EVanoJb8wkWF7QUA3uY","id":"0b4EVanoJb8wkWF7QUA3uY","name":"Sin Nombre","type":"artist","uri":"spotify:artist:0b4EVanoJb8wkWF7QUA3uY"}],"available_markets":["AR","AU","AT","BE","BO","BR","BG","CA","CL","CO","CR","CY","CZ","DK","DO","DE","EC","EE","SV","FI","FR","GR","GT","HN","HK","HU","IS","IE","IT","LV","LT","LU","MY","MT","MX","NL","NZ","NI","NO","PA","PY","PE","PH","PL","PT","SG","SK","ES","SE","CH","TW","TR","UY","US","GB","AD","LI","MC","ID","JP","TH","VN","RO","IL","ZA","SA","AE","BH","QA","OM","KW","EG","MA","DZ","TN","LB","JO","PS","IN","BY","KZ","MD","UA","AL","BA","HR","ME","MK","RS","SI","KR","BD","PK","LK","GH","KE","NG","TZ","UG","AG","AM","BS","BB","BZ","BT","BW","BF","CV","CW","DM","FJ","GM","GE","GD","GW","GY","HT","JM","KI","LS","LR","MW","MV","ML","MH","FM","NA","NR","NE","PW","PG","PR","WS","SM","ST","SN","SC","SL","SB","KN","LC","VC","SR","TL","TO","TT","TV","VU","AZ","BN","BI","KH","CM","TD","KM","GQ","SZ","GA","GN","KG","LA","MO","MR","MN","NP","RW","TG","UZ","ZW","BJ","MG","MU","MZ","AO","CI","DJ","ZM","CD","CG","IQ","LY","TJ","VE","ET","XK"],"disc_number":1,"duration_ms":172422,"explicit":true,"external_urls":{"spotify":"https://open.spotify.com/track/1qIUiG9nhThK6es9pFMlwO"},"href":"https://api.spotify.com/v1/tracks/1qIUiG9nhThK6es9pFMlwO","id":"1qIUiG9nhThK6es9pFMlwO","name":"14 FEBREROS","preview_url":null,"track_number":7,"type":"track","uri":"spotify:track:1qIUiG9nhThK6es9pFMlwO","is_local":false},{"artists":[{"external_urls":{"spotify":"https://open.spotify.com/artist/52iwsT98xCoGgiGntTiR7K"},"href":"https://api.spotify.com/v1/artists/52iwsT98xCoGgiGntTiR7K","id":"52iwsT98xCoGgiGntTiR7K","name":"Quevedo","type":"artist","uri":"spotify:artist:52iwsT98xCoGgiGntTiR7K"},{"external_urls":{"spotify":"https://open.spotify.com/artist/1rTUwYS38LkQTlT2fhikch"},"href":"https://api.spotify.com/v1/artists/1rTUwYS38LkQTlT2fhikch","id":"1rTUwYS38LkQTlT2fhikch","name":"Yung Beef","type":"artist","uri":"spotify:artist:1rTUwYS38LkQTlT2fhikch"}],"available_markets":["AR","AU","AT","BE","BO","BR","BG","CA","CL","CO","CR","CY","CZ","DK","DO","DE","EC","EE","SV","FI","FR","GR","GT","HN","HK","HU","IS","IE","IT","LV","LT","LU","MY","MT","MX","NL","NZ","NI","NO","PA","PY","PE","PH","PL","PT","SG","SK","ES","SE","CH","TW","TR","UY","US","GB","AD","LI","MC","ID","JP","TH","VN","RO","IL","ZA","SA","AE","BH","QA","OM","KW","EG","MA","DZ","TN","LB","JO","PS","IN","BY","KZ","MD","UA","AL","BA","HR","ME","MK","RS","SI","KR","BD","PK","LK","GH","KE","NG","TZ","UG","AG","AM","BS","BB","BZ","BT","BW","BF","CV","CW","DM","FJ","GM","GE","GD","GW","GY","HT","JM","KI","LS","LR","MW","MV","ML","MH","FM","NA","NR","NE","PW","PG","PR","WS","SM","ST","SN","SC","SL","SB","KN","LC","VC","SR","TL","TO","TT","TV","VU","AZ","BN","BI","KH","CM","TD","KM","GQ","SZ","GA","GN","KG","LA","MO","MR","MN","NP","RW","TG","UZ","ZW","BJ","MG","MU","MZ","AO","CI","DJ","ZM","CD","CG","IQ","LY","TJ","VE","ET","XK"],"disc_number":1,"duration_ms":194286,"explicit":false,"external_urls":{"spotify":"https://open.spotify.com/track/4YX0HMD665kmWsetqE0fBg"},"href":"https://api.spotify.com/v1/tracks/4YX0HMD665kmWsetqE0fBg","id":"4YX0HMD665kmWsetqE0fBg","name":"LA 125","preview_url":null,"track_number":8,"type":"track","uri":"spotify:track:4YX0HMD665kmWsetqE0fBg","is_local":false},{"artists":[{"external_urls":{"spotify":"https://open.spotify.com/artist/52iwsT98xCoGgiGntTiR7K"},"href":"https://api.spotify.com/v1/artists/52iwsT98xCoGgiGntTiR7K","id":"52iwsT98xCoGgiGntTiR7K","name":"Quevedo","type":"artist","uri":"spotify:artist:52iwsT98xCoGgiGntTiR7K"},{"external_urls":{"spotify":"https://open.spotify.com/artist/0IEzMvarfVycBJAXjjEZOL"},"href":"https://api.spotify.com/v1/artists/0IEzMvarfVycBJAXjjEZOL","id":"0IEzMvarfVycBJAXjjEZOL","name":"La Pantera","type":"artist","uri":"spotify:artist:0IEzMvarfVycBJAXjjEZOL"}],"available_markets":["AR","AU","AT","BE","BO","BR","BG","CA","CL","CO","CR","CY","CZ","DK","DO","DE","EC","EE","SV","FI","FR","GR","GT","HN","HK","HU","IS","IE","IT","LV","LT","LU","MY","MT","MX","NL","NZ","NI","NO","PA","PY","PE","PH","PL","PT","SG","SK","ES","SE","CH","TW","TR","UY","US","GB","AD","LI","MC","ID","JP","TH","VN","RO","IL","ZA","SA","AE","BH","QA","OM","KW","EG","MA","DZ","TN","LB","JO","PS","IN","BY","KZ","MD","UA","AL","BA","HR","ME","MK","RS","SI","KR","BD","PK","LK","GH","KE","NG","TZ","UG","AG","AM","BS","BB","BZ","BT","BW","BF","CV","CW","DM","FJ","GM","GE","GD","GW","GY","HT","JM","KI","LS","LR","MW","MV","ML","MH","FM","NA","NR","NE","PW","PG","PR","WS","SM","ST","SN","SC","SL","SB","KN","LC","VC","SR","TL","TO","TT","TV","VU","AZ","BN","BI","KH","CM","TD","KM","GQ","SZ","GA","GN","KG","LA","MO","MR","MN","NP","RW","TG","UZ","ZW","BJ","MG","MU","MZ","AO","CI","DJ","ZM","CD","CG","IQ","LY","TJ","VE","ET","XK"],"disc_number":1,"duration_ms":181261,"explicit":false,"external_urls":{"spotify":"https://open.spotify.com/track/58ldPuiCULxm08TCZ8qX4D"},"href":"https://api.spotify.com/v1/tracks/58ldPuiCULxm08TCZ8qX4D","id":"58ldPuiCULxm08TCZ8qX4D","name":"HALO","preview_url":null,"track_number":9,"type":"track","uri":"spotify:track:58ldPuiCULxm08TCZ8qX4D","is_local":false},{"artists":[{"external_urls":{"spotify":"https://open.spotify.com/artist/52iwsT98xCoGgiGntTiR7K"},"href":"https://api.spotify.com/v1/artists/52iwsT98xCoGgiGntTiR7K","id":"52iwsT98xCoGgiGntTiR7K","name":"Quevedo","type":"artist","uri":"spotify:artist:52iwsT98xCoGgiGntTiR7K"},{"external_urls":{"spotify":"https://open.spotify.com/artist/0TnOYISbd1XYRBk9myaseg"},"href":"https://api.spotify.com/v1/artists/0TnOYISbd1XYRBk9myaseg","id":"0TnOYISbd1XYRBk9myaseg","name":"Pitbull","type":"artist","uri":"spotify:artist:0TnOYISbd1XYRBk9myaseg"}],"available_markets":["AR","AU","AT","BE","BO","BR","BG","CA","CL","CO","CR","CY","CZ","DK","DO","DE","EC","EE","SV","FI","FR","GR","GT","HN","HK","HU","IS","IE","IT","LV","LT","LU","MY","MT","MX","NL","NZ","NI","NO","PA","PY","PE","PH","PL","PT","SG","SK","ES","SE","CH","TW","TR","UY","US","GB","AD","LI","MC","ID","JP","TH","VN","RO","IL","ZA","SA","AE","BH","QA","OM","KW","EG","MA","DZ","TN","LB","JO","PS","IN","BY","KZ","MD","UA","AL","BA","HR","ME","MK","RS","SI","KR","BD","PK","LK","GH","KE","NG","TZ","UG","AG","AM","BS","BB","BZ","BT","BW","BF","CV","CW","DM","FJ","GM","GE","GD","GW","GY","HT","JM","KI","LS","LR","MW","MV","ML","MH","FM","NA","NR","NE","PW","PG","PR","WS","SM","ST","SN","SC","SL","SB","KN","LC","VC","SR","TL","TO","TT","TV","VU","AZ","BN","BI","KH","CM","TD","KM","GQ","SZ","GA","GN","KG","LA","MO","MR","MN","NP","RW","TG","UZ","ZW","BJ","MG","MU","MZ","AO","CI","DJ","ZM","CD","CG","IQ","LY","TJ","VE","ET","XK"],"disc_number":1,"duration_ms":165762,"explicit":false,"external_urls":{"spotify":"https://open.spotify.com/track/67LKV40NfSSGIJnm0xz6fi"},"href":"https://api.spotify.com/v1/tracks/67LKV40NfSSGIJnm0xz6fi","id":"67LKV40NfSSGIJnm0xz6fi","name":"MR. MOONDIAL","preview_url":null,"track_number":10,"type":"track","uri":"spotify:track:67LKV40NfSSGIJnm0xz6fi","is_local":false},{"artists":[{"external_urls":{"spotify":"https://open.spotify.com/artist/52iwsT98xCoGgiGntTiR7K"},"href":"https://api.spotify.com/v1/artists/52iwsT98xCoGgiGntTiR7K","id":"52iwsT98xCoGgiGntTiR7K","name":"Quevedo","type":"artist","uri":"spotify:artist:52iwsT98xCoGgiGntTiR7K"}],"available_markets":["AR","AU","AT","BE","BO","BR","BG","CA","CL","CO","CR","CY","CZ","DK","DO","DE","EC","EE","SV","FI","FR","GR","GT","HN","HK","HU","IS","IE","IT","LV","LT","LU","MY","MT","MX","NL","NZ","NI","NO","PA","PY","PE","PH","PL","PT","SG","SK","ES","SE","CH","TW","TR","UY","US","GB","AD","LI","MC","ID","JP","TH","VN","RO","IL","ZA","SA","AE","BH","QA","OM","KW","EG","MA","DZ","TN","LB","JO","PS","IN","BY","KZ","MD","UA","AL","BA","HR","ME","MK","RS","SI","KR","BD","PK","LK","GH","KE","NG","TZ","UG","AG","AM","BS","BB","BZ","BT","BW","BF","CV","CW","DM","FJ","GM","GE","GD","GW","GY","HT","JM","KI","LS","LR","MW","MV","ML","MH","FM","NA","NR","NE","PW","PG","PR","WS","SM","ST","SN","SC","SL","SB","KN","LC","VC","SR","TL","TO","TT","TV","VU","AZ","BN","BI","KH","CM","TD","KM","GQ","SZ","GA","GN","KG","LA","MO","MR","MN","NP","RW","TG","UZ","ZW","BJ","MG","MU","MZ","AO","CI","DJ","ZM","CD","CG","IQ","LY","TJ","VE","ET","XK"],"disc_number":1,"duration_ms":190304,"explicit":false,"external_urls":{"spotify":"https://open.spotify.com/track/7vqMCnrAbZgii8eJZbjYjF"},"href":"https://api.spotify.com/v1/tracks/7vqMCnrAbZgii8eJZbjYjF","id":"7vqMCnrAbZgii8eJZbjYjF","name":"QUE ASCO DE TODO","preview_url":null,"track_number":11,"type":"track","uri":"spotify:track:7vqMCnrAbZgii8eJZbjYjF","is_local":false},{"artists":[{"external_urls":{"spotify":"https://open.spotify.com/artist/52iwsT98xCoGgiGntTiR7K"},"href":"https://api.spotify.com/v1/artists/52iwsT98xCoGgiGntTiR7K","id":"52iwsT98xCoGgiGntTiR7K","name":"Quevedo","type":"artist","uri":"spotify:artist:52iwsT98xCoGgiGntTiR7K"}],"available_markets":["AR","AU","AT","BE","BO","BR","BG","CA","CL","CO","CR","CY","CZ","DK","DO","DE","EC","EE","SV","FI","FR","GR","GT","HN","HK","HU","IS","IE","IT","LV","LT","LU","MY","MT","MX","NL","NZ","NI","NO","PA","PY","PE","PH","PL","PT","SG","SK","ES","SE","CH","TW","TR","UY","US","GB","AD","LI","MC","ID","JP","TH","VN","RO","IL","ZA","SA","AE","BH","QA","OM","KW","EG","MA","DZ","TN","LB","JO","PS","IN","BY","KZ","MD","UA","AL","BA","HR","ME","MK","RS","SI","KR","BD","PK","LK","GH","KE","NG","TZ","UG","AG","AM","BS","BB","BZ","BT","BW","BF","CV","CW","DM","FJ","GM","GE","GD","GW","GY","HT","JM","KI","LS","LR","MW","MV","ML","MH","FM","NA","NR","NE","PW","PG","PR","WS","SM","ST","SN","SC","SL","SB","KN","LC","VC","SR","TL","TO","TT","TV","VU","AZ","BN","BI","KH","CM","TD","KM","GQ","SZ","GA","GN","KG","LA","MO","MR","MN","NP","RW","TG","UZ","ZW","BJ","MG","MU","MZ","AO","CI","DJ","ZM","CD","CG","IQ","LY","TJ","VE","ET","XK"],"disc_number":1,"duration_ms":206910,"explicit":false,"external_urls":{"spotify":"https://open.spotify.com/track/5Oo9D3xJJ2sF6HWiJweV0V"},"href":"https://api.spotify.com/v1/tracks/5Oo9D3xJJ2sF6HWiJweV0V","id":"5Oo9D3xJJ2sF6HWiJweV0V","name":"NOEMÚ","preview_url":null,"track_number":12,"type":"track","uri":"spotify:track:5Oo9D3xJJ2sF6HWiJweV0V","is_local":false},{"artists":[{"external_urls":{"spotify":"https://open.spotify.com/artist/52iwsT98xCoGgiGntTiR7K"},"href":"https://api.spotify.com/v1/artists/52iwsT98xCoGgiGntTiR7K","id":"52iwsT98xCoGgiGntTiR7K","name":"Quevedo","type":"artist","uri":"spotify:artist:52iwsT98xCoGgiGntTiR7K"}],"available_markets":["AR","AU","AT","BE","BO","BR","BG","CA","CL","CO","CR","CY","CZ","DK","DO","DE","EC","EE","SV","FI","FR","GR","GT","HN","HK","HU","IS","IE","IT","LV","LT","LU","MY","MT","MX","NL","NZ","NI","NO","PA","PY","PE","PH","PL","PT","SG","SK","ES","SE","CH","TW","TR","UY","US","GB","AD","LI","MC","ID","JP","TH","VN","RO","IL","ZA","SA","AE","BH","QA","OM","KW","EG","MA","DZ","TN","LB","JO","PS","IN","BY","KZ","MD","UA","AL","BA","HR","ME","MK","RS","SI","KR","BD","PK","LK","GH","KE","NG","TZ","UG","AG","AM","BS","BB","BZ","BT","BW","BF","CV","CW","DM","FJ","GM","GE","GD","GW","GY","HT","JM","KI","LS","LR","MW","MV","ML","MH","FM","NA","NR","NE","PW","PG","PR","WS","SM","ST","SN","SC","SL","SB","KN","LC","VC","SR","TL","TO","TT","TV","VU","AZ","BN","BI","KH","CM","TD","KM","GQ","SZ","GA","GN","KG","LA","MO","MR","MN","NP","RW","TG","UZ","ZW","BJ","MG","MU","MZ","AO","CI","DJ","ZM","CD","CG","IQ","LY","TJ","VE","ET","XK"],"disc_number":1,"duration_ms":138226,"explicit":false,"external_urls":{"spotify":"https://open.spotify.com/track/41VnmHAkCUsCStYdDUibpp"},"href":"https://api.spotify.com/v1/tracks/41VnmHAkCUsCStYdDUibpp","id":"41VnmHAkCUsCStYdDUibpp","name":"SHIBATTO","preview_url":null,"track_number":13,"type":"track","uri":"spotify:track:41VnmHAkCUsCStYdDUibpp","is_local":false},{"artists":[{"external_urls":{"spotify":"https://open.spotify.com/artist/52iwsT98xCoGgiGntTiR7K"},"href":"https://api.spotify.com/v1/artists/52iwsT98xCoGgiGntTiR7K","id":"52iwsT98xCoGgiGntTiR7K","name":"Quevedo","type":"artist","uri":"spotify:artist:52iwsT98xCoGgiGntTiR7K"},{"external_urls":{"spotify":"https://open.spotify.com/artist/2IMZYfNi21MGqxopj9fWx8"},"href":"https://api.spotify.com/v1/artists/2IMZYfNi21MGqxopj9fWx8","id":"2IMZYfNi21MGqxopj9fWx8","name":"Rels B","type":"artist","uri":"spotify:artist:2IMZYfNi21MGqxopj9fWx8"}],"available_markets":["AR","AU","AT","BE","BO","BR","BG","CA","CL","CO","CR","CY","CZ","DK","DO","DE","EC","EE","SV","FI","FR","GR","GT","HN","HK","HU","IS","IE","IT","LV","LT","LU","MY","MT","MX","NL","NZ","NI","NO","PA","PY","PE","PH","PL","PT","SG","SK","ES","SE","CH","TW","TR","UY","US","GB","AD","LI","MC","ID","JP","TH","VN","RO","IL","ZA","SA","AE","BH","QA","OM","KW","EG","MA","DZ","TN","LB","JO","PS","IN","BY","KZ","MD","UA","AL","BA","HR","ME","MK","RS","SI","KR","BD","PK","LK","GH","KE","NG","TZ","UG","AG","AM","BS","BB","BZ","BT","BW","BF","CV","CW","DM","FJ","GM","GE","GD","GW","GY","HT","JM","KI","LS","LR","MW","MV","ML","MH","FM","NA","NR","NE","PW","PG","PR","WS","SM","ST","SN","SC","SL","SB","KN","LC","VC","SR","TL","TO","TT","TV","VU","AZ","BN","BI","KH","CM","TD","KM","GQ","SZ","GA","GN","KG","LA","MO","MR","MN","NP","RW","TG","UZ","ZW","BJ","MG","MU","MZ","AO","CI","DJ","ZM","CD","CG","IQ","LY","TJ","VE","ET","XK"],"disc_number":1,"duration_ms":161943,"explicit":false,"external_urls":{"spotify":"https://open.spotify.com/track/0ffPRT5WW86ecgGWGf5CyY"},"href":"https://api.spotify.com/v1/tracks/0ffPRT5WW86ecgGWGf5CyY","id":"0ffPRT5WW86ecgGWGf5CyY","name":"LOS DÍAS CONTADOS","preview_url":null,"track_number":14,"type":"track","uri":"spotify:track:0ffPRT5WW86ecgGWGf5CyY","is_local":false},{"artists":[{"external_urls":{"spotify":"https://open.spotify.com/artist/52iwsT98xCoGgiGntTiR7K"},"href":"https://api.spotify.com/v1/artists/52iwsT98xCoGgiGntTiR7K","id":"52iwsT98xCoGgiGntTiR7K","name":"Quevedo","type":"artist","uri":"spotify:artist:52iwsT98xCoGgiGntTiR7K"}],"available_markets":["AR","AU","AT","BE","BO","BR","BG","CA","CL","CO","CR","CY","CZ","DK","DO","DE","EC","EE","SV","FI","FR","GR","GT","HN","HK","HU","IS","IE","IT","LV","LT","LU","MY","MT","MX","NL","NZ","NI","NO","PA","PY","PE","PH","PL","PT","SG","SK","ES","SE","CH","TW","TR","UY","US","GB","AD","LI","MC","ID","JP","TH","VN","RO","IL","ZA","SA","AE","BH","QA","OM","KW","EG","MA","DZ","TN","LB","JO","PS","IN","BY","KZ","MD","UA","AL","BA","HR","ME","MK","RS","SI","KR","BD","PK","LK","GH","KE","NG","TZ","UG","AG","AM","BS","BB","BZ","BT","BW","BF","CV","CW","DM","FJ","GM","GE","GD","GW","GY","HT","JM","KI","LS","LR","MW","MV","ML","MH","FM","NA","NR","NE","PW","PG","PR","WS","SM","ST","SN","SC","SL","SB","KN","LC","VC","SR","TL","TO","TT","TV","VU","AZ","BN","BI","KH","CM","TD","KM","GQ","SZ","GA","GN","KG","LA","MO","MR","MN","NP","RW","TG","UZ","ZW","BJ","MG","MU","MZ","AO","CI","DJ","ZM","CD","CG","IQ","LY","TJ","VE","ET","XK"],"disc_number":1,"duration_ms":161444,"explicit":false,"external_urls":{"spotify":"https://open.spotify.com/track/23iK2aTjEEG30dx1uuSXc9"},"href":"https://api.spotify.com/v1/tracks/23iK2aTjEEG30dx1uuSXc9","id":"23iK2aTjEEG30dx1uuSXc9","name":"EL ESTRIBILLO","preview_url":null,"track_number":15,"type":"track","uri":"spotify:track:23iK2aTjEEG30dx1uuSXc9","is_local":false},{"artists":[{"external_urls":{"spotify":"https://open.spotify.com/artist/52iwsT98xCoGgiGntTiR7K"},"href":"https://api.spotify.com/v1/artists/52iwsT98xCoGgiGntTiR7K","id":"52iwsT98xCoGgiGntTiR7K","name":"Quevedo","type":"artist","uri":"spotify:artist:52iwsT98xCoGgiGntTiR7K"},{"external_urls":{"spotify":"https://open.spotify.com/artist/54seKvtsZauR1iauN0ptpo"},"href":"https://api.spotify.com/v1/artists/54seKvtsZauR1iauN0ptpo","id":"54seKvtsZauR1iauN0ptpo","name":"De La Rose","type":"artist","uri":"spotify:artist:54seKvtsZauR1iauN0ptpo"},{"external_urls":{"spotify":"https://open.spotify.com/artist/3EiLUeyEcA6fbRPSHkG5kb"},"href":"https://api.spotify.com/v1/artists/3EiLUeyEcA6fbRPSHkG5kb","id":"3EiLUeyEcA6fbRPSHkG5kb","name":"De La Ghetto","type":"artist","uri":"spotify:artist:3EiLUeyEcA6fbRPSHkG5kb"}],"available_markets":["AR","AU","AT","BE","BO","BR","BG","CA","CL","CO","CR","CY","CZ","DK","DO","DE","EC","EE","SV","FI","FR","GR","GT","HN","HK","HU","IS","IE","IT","LV","LT","LU","MY","MT","MX","NL","NZ","NI","NO","PA","PY","PE","PH","PL","PT","SG","SK","ES","SE","CH","TW","TR","UY","US","GB","AD","LI","MC","ID","JP","TH","VN","RO","IL","ZA","SA","AE","BH","QA","OM","KW","EG","MA","DZ","TN","LB","JO","PS","IN","BY","KZ","MD","UA","AL","BA","HR","ME","MK","RS","SI","KR","BD","PK","LK","GH","KE","NG","TZ","UG","AG","AM","BS","BB","BZ","BT","BW","BF","CV","CW","DM","FJ","GM","GE","GD","GW","GY","HT","JM","KI","LS","LR","MW","MV","ML","MH","FM","NA","NR","NE","PW","PG","PR","WS","SM","ST","SN","SC","SL","SB","KN","LC","VC","SR","TL","TO","TT","TV","VU","AZ","BN","BI","KH","CM","TD","KM","GQ","SZ","GA","GN","KG","LA","MO","MR","MN","NP","RW","TG","UZ","ZW","BJ","MG","MU","MZ","AO","CI","DJ","ZM","CD","CG","IQ","LY","TJ","VE","ET","XK"],"disc_number":1,"duration_ms":255333,"explicit":false,"external_urls":{"spotify":"https://open.spotify.com/track/4DxbTPS1DUzTKzpNfCbYjy"},"href":"https://api.spotify.com/v1/tracks/4DxbTPS1DUzTKzpNfCbYjy","id":"4DxbTPS1DUzTKzpNfCbYjy","name":"AMANECIÓ","preview_url":null,"track_number":16,"type":"track","uri":"spotify:track:4DxbTPS1DUzTKzpNfCbYjy","is_local":false},{"artists":[{"external_urls":{"spotify":"https://open.spotify.com/artist/52iwsT98xCoGgiGntTiR7K"},"href":"https://api.spotify.com/v1/artists/52iwsT98xCoGgiGntTiR7K","id":"52iwsT98xCoGgiGntTiR7K","name":"Quevedo","type":"artist","uri":"spotify:artist:52iwsT98xCoGgiGntTiR7K"},{"external_urls":{"spotify":"https://open.spotify.com/artist/77ziqFxp5gaInVrF2lj4ht"},"href":"https://api.spotify.com/v1/artists/77ziqFxp5gaInVrF2lj4ht","id":"77ziqFxp5gaInVrF2lj4ht","name":"Sech","type":"artist","uri":"spotify:artist:77ziqFxp5gaInVrF2lj4ht"}],"available_markets":["AR","AU","AT","BE","BO","BR","BG","CA","CL","CO","CR","CY","CZ","DK","DO","DE","EC","EE","SV","FI","FR","GR","GT","HN","HK","HU","IS","IE","IT","LV","LT","LU","MY","MT","MX","NL","NZ","NI","NO","PA","PY","PE","PH","PL","PT","SG","SK","ES","SE","CH","TW","TR","UY","US","GB","AD","LI","MC","ID","JP","TH","VN","RO","IL","ZA","SA","AE","BH","QA","OM","KW","EG","MA","DZ","TN","LB","JO","PS","IN","BY","KZ","MD","UA","AL","BA","HR","ME","MK","RS","SI","KR","BD","PK","LK","GH","KE","NG","TZ","UG","AG","AM","BS","BB","BZ","BT","BW","BF","CV","CW","DM","FJ","GM","GE","GD","GW","GY","HT","JM","KI","LS","LR","MW","MV","ML","MH","FM","NA","NR","NE","PW","PG","PR","WS","SM","ST","SN","SC","SL","SB","KN","LC","VC","SR","TL","TO","TT","TV","VU","AZ","BN","BI","KH","CM","TD","KM","GQ","SZ","GA","GN","KG","LA","MO","MR","MN","NP","RW","TG","UZ","ZW","BJ","MG","MU","MZ","AO","CI","DJ","ZM","CD","CG","IQ","LY","TJ","VE","ET","XK"],"disc_number":1,"duration_ms":219460,"explicit":false,"external_urls":{"spotify":"https://open.spotify.com/track/2stYCm7UAyZ4srGFrI4MNX"},"href":"https://api.spotify.com/v1/tracks/2stYCm7UAyZ4srGFrI4MNX","id":"2stYCm7UAyZ4srGFrI4MNX","name":"TE FALLÉ","preview_url":null,"track_number":17,"type":"track","uri":"spotify:track:2stYCm7UAyZ4srGFrI4MNX","is_local":false},{"artists":[{"external_urls":{"spotify":"https://open.spotify.com/artist/52iwsT98xCoGgiGntTiR7K"},"href":"https://api.spotify.com/v1/artists/52iwsT98xCoGgiGntTiR7K","id":"52iwsT98xCoGgiGntTiR7K","name":"Quevedo","type":"artist","uri":"spotify:artist:52iwsT98xCoGgiGntTiR7K"}],"available_markets":["AR","AU","AT","BE","BO","BR","BG","CA","CL","CO","CR","CY","CZ","DK","DO","DE","EC","EE","SV","FI","FR","GR","GT","HN","HK","HU","IS","IE","IT","LV","LT","LU","MY","MT","MX","NL","NZ","NI","NO","PA","PY","PE","PH","PL","PT","SG","SK","ES","SE","CH","TW","TR","UY","US","GB","AD","LI","MC","ID","JP","TH","VN","RO","IL","ZA","SA","AE","BH","QA","OM","KW","EG","MA","DZ","TN","LB","JO","PS","IN","BY","KZ","MD","UA","AL","BA","HR","ME","MK","RS","SI","KR","BD","PK","LK","GH","KE","NG","TZ","UG","AG","AM","BS","BB","BZ","BT","BW","BF","CV","CW","DM","FJ","GM","GE","GD","GW","GY","HT","JM","KI","LS","LR","MW","MV","ML","MH","FM","NA","NR","NE","PW","PG","PR","WS","SM","ST","SN","SC","SL","SB","KN","LC","VC","SR","TL","TO","TT","TV","VU","AZ","BN","BI","KH","CM","TD","KM","GQ","SZ","GA","GN","KG","LA","MO","MR","MN","NP","RW","TG","UZ","ZW","BJ","MG","MU","MZ","AO","CI","DJ","ZM","CD","CG","IQ","LY","TJ","VE","ET","XK"],"disc_number":1,"duration_ms":238883,"explicit":false,"external_urls":{"spotify":"https://open.spotify.com/track/1JkI7KcMNuIBZZoWQkcveV"},"href":"https://api.spotify.com/v1/tracks/1JkI7KcMNuIBZZoWQkcveV","id":"1JkI7KcMNuIBZZoWQkcveV","name":"BUENAS NOCHES","preview_url":null,"track_number":18,"type":"track","uri":"spotify:track:1JkI7KcMNuIBZZoWQkcveV","is_local":false}]},"copyrights":[{"text":"(C) 2024 DQE Productions Distribuido por RIMAS Entertainment","type":"C"},{"text":"(P) 2024 DQE Productions Distribuido por RIMAS Entertainment","type":"P"}],"external_ids":{"upc":"198846802275"},"genres":[],"label":"2024 DQE Productions Distribuido por RIMAS Entertainment","popularity":80},{"album_type":"single","total_tracks":5,"available_markets":["AR","AU","AT","BE","BO","BR","BG","CA","CL","CO","CR","CY","CZ","DK","DO","DE","EC","EE","SV","FI","FR","GR","GT","HN","HK","HU","IS","IE","IT","LV","LT","LU","MY","MT","MX","NL","NZ","NI","NO","PA","PY","PE","PH","PL","PT","SG","SK","ES","SE","CH","TW","TR","UY","US","GB","AD","LI","MC","ID","JP","TH","VN","RO","IL","ZA","SA","AE","BH","QA","OM","KW","EG","MA","DZ","TN","LB","JO","PS","IN","KZ","MD","UA","AL","BA","HR","ME","MK","RS","SI","KR","BD","PK","LK","GH","KE","NG","TZ","UG","AG","AM","BS","BB","BZ","BT","BW","BF","CV","CW","DM","FJ","GM","GE","GD","GW","GY","HT","JM","KI","LS","LR","MW","MV","ML","MH","FM","NA","NR","NE","PW","PG","PR","WS","SM","ST","SN","SC","SL","SB","KN","LC","VC","SR","TL","TO","TT","TV","VU","AZ","BN","BI","KH","CM","TD","KM","GQ","SZ","GA","GN","KG","LA","MO","MR","MN","NP","RW","TG","UZ","ZW","BJ","MG","MU","MZ","AO","CI","DJ","ZM","CD","CG","IQ","LY","TJ","VE","ET","XK"],"external_urls":{"spotify":"https://open.spotify.com/album/2cOBkSXvFSkt37e9DHKqT0"},"href":"https://api.spotify.com/v1/albums/2cOBkSXvFSkt37e9DHKqT0","id":"2cOBkSXvFSkt37e9DHKqT0","images":[{"url":"https://i.scdn.co/image/ab67616d0000b27357527b7ba0198373503b7256","height":640,"width":640},{"url":"https://i.scdn.co/image/ab67616d00001e0257527b7ba0198373503b7256","height":300,"width":300},{"url":"https://i.scdn.co/image/ab67616d0000485157527b7ba0198373503b7256","height":64,"width":64}],"name":"ECOS","release_date":"2024-11-22","release_date_precision":"day","type":"album","uri":"spotify:album:2cOBkSXvFSkt37e9DHKqT0","artists":[{"external_urls":{"spotify":"https://open.spotify.com/artist/7ciBW1p3KBsYIkFk4UmwS8"},"href":"https://api.spotify.com/v1/artists/7ciBW1p3KBsYIkFk4UmwS8","id":"7ciBW1p3KBsYIkFk4UmwS8","name":"The Rudeboyz","type":"artist","uri":"spotify:artist:7ciBW1p3KBsYIkFk4UmwS8"}],"tracks":{"href":"https://api.spotify.com/v1/albums/2cOBkSXvFSkt37e9DHKqT0/tracks?offset=0&limit=50","limit":50,"next":null,"offset":0,"previous":null,"total":5,"items":[{"artists":[{"external_urls":{"spotify":"https://open.spotify.com/artist/7ciBW1p3KBsYIkFk4UmwS8"},"href":"https://api.spotify.com/v1/artists/7ciBW1p3KBsYIkFk4UmwS8","id":"7ciBW1p3KBsYIkFk4UmwS8","name":"The Rudeboyz","type":"artist","uri":"spotify:artist:7ciBW1p3KBsYIkFk4UmwS8"},{"external_urls":{"spotify":"https://open.spotify.com/artist/6B1hSmaLdOvChinK2Z7gfi"},"href":"https://api.spotify.com/v1/artists/6B1hSmaLdOvChinK2Z7gfi","id":"6B1hSmaLdOvChinK2Z7gfi","name":"Maisak","type":"artist","uri":"spotify:artist:6B1hSmaLdOvChinK2Z7gfi"},{"external_urls":{"spotify":"https://open.spotify.com/artist/6ndLrsgT3MV5CNxIrW71fw"},"href":"https://api.spotify.com/v1/artists/6ndLrsgT3MV5CNxIrW71fw","id":"6ndLrsgT3MV5CNxIrW71fw","name":"DFZM","type":"artist","uri":"spotify:artist:6ndLrsgT3MV5CNxIrW71fw"}],"available_markets":["AR","AU","AT","BE","BO","BR","BG","CA","CL","CO","CR","CY","CZ","DK","DO","DE","EC","EE","SV","FI","FR","GR","GT","HN","HK","HU","IS","IE","IT","LV","LT","LU","MY","MT","MX","NL","NZ","NI","NO","PA","PY","PE","PH","PL","PT","SG","SK","ES","SE","CH","TW","TR","UY","US","GB","AD","LI","MC","ID","JP","TH","VN","RO","IL","ZA","SA","AE","BH","QA","OM","KW","EG","MA","DZ","TN","LB","JO","PS","IN","KZ","MD","UA","AL","BA","HR","ME","MK","RS","SI","KR","BD","PK","LK","GH","KE","NG","TZ","UG","AG","AM","BS","BB","BZ","BT","BW","BF","CV","CW","DM","FJ","GM","GE","GD","GW","GY","HT","JM","KI","LS","LR","MW","MV","ML","MH","FM","NA","NR","NE","PW","PG","PR","WS","SM","ST","SN","SC","SL","SB","KN","LC","VC","SR","TL","TO","TT","TV","VU","AZ","BN","BI","KH","CM","TD","KM","GQ","SZ","GA","GN","KG","LA","MO","MR","MN","NP","RW","TG","UZ","ZW","BJ","MG","MU","MZ","AO","CI","DJ","ZM","CD","CG","IQ","LY","TJ","VE","ET","XK"],"disc_number":1,"duration_ms":197333,"explicit":true,"external_urls":{"spotify":"https://open.spotify.com/track/3pLfvhdGPLumkkK3I1pLnZ"},"href":"https://api.spotify.com/v1/tracks/3pLfvhdGPLumkkK3I1pLnZ","id":"3pLfvhdGPLumkkK3I1pLnZ","name":"OH MAMÁ","preview_url":null,"track_number":1,"type":"track","uri":"spotify:track:3pLfvhdGPLumkkK3I1pLnZ","is_local":false},{"artists":[{"external_urls":{"spotify":"https://open.spotify.com/artist/7ciBW1p3KBsYIkFk4UmwS8"},"href":"https://api.spotify.com/v1/artists/7ciBW1p3KBsYIkFk4UmwS8","id":"7ciBW1p3KBsYIkFk4UmwS8","name":"The Rudeboyz","type":"artist","uri":"spotify:artist:7ciBW1p3KBsYIkFk4UmwS8"},{"external_urls":{"spotify":"https://open.spotify.com/artist/4NGOJedxkGWwkbB5QiSJd1"},"href":"https://api.spotify.com/v1/artists/4NGOJedxkGWwkbB5QiSJd1","id":"4NGOJedxkGWwkbB5QiSJd1","name":"Jhay P","type":"artist","uri":"spotify:artist:4NGOJedxkGWwkbB5QiSJd1"},{"external_urls":{"spotify":"https://open.spotify.com/artist/4BLAEJCcjU85VGBdwWK4ta"},"href":"https://api.spotify.com/v1/artists/4BLAEJCcjU85VGBdwWK4ta","id":"4BLAEJCcjU85VGBdwWK4ta","name":"El H","type":"artist","uri":"spotify:artist:4BLAEJCcjU85VGBdwWK4ta"}],"available_markets":["AR","AU","AT","BE","BO","BR","BG","CA","CL","CO","CR","CY","CZ","DK","DO","DE","EC","EE","SV","FI","FR","GR","GT","HN","HK","HU","IS","IE","IT","LV","LT","LU","MY","MT","MX","NL","NZ","NI","NO","PA","PY","PE","PH","PL","PT","SG","SK","ES","SE","CH","TW","TR","UY","US","GB","AD","LI","MC","ID","JP","TH","VN","RO","IL","ZA","SA","AE","BH","QA","OM","KW","EG","MA","DZ","TN","LB","JO","PS","IN","KZ","MD","UA","AL","BA","HR","ME","MK","RS","SI","KR","BD","PK","LK","GH","KE","NG","TZ","UG","AG","AM","BS","BB","BZ","BT","BW","BF","CV","CW","DM","FJ","GM","GE","GD","GW","GY","HT","JM","KI","LS","LR","MW","MV","ML","MH","FM","NA","NR","NE","PW","PG","PR","WS","SM","ST","SN","SC","SL","SB","KN","LC","VC","SR","TL","TO","TT","TV","VU","AZ","BN","BI","KH","CM","TD","KM","GQ","SZ","GA","GN","KG","LA","MO","MR","MN","NP","RW","TG","UZ","ZW","BJ","MG","MU","MZ","AO","CI","DJ","ZM","CD","CG","IQ","LY","TJ","VE","ET","XK"],"disc_number":1,"duration_ms":197628,"explicit":true,"external_urls":{"spotify":"https://open.spotify.com/track/7IzcWqIq11B7p3jjHUyNfH"},"href":"https://api.spotify.com/v1/tracks/7IzcWqIq11B7p3jjHUyNfH","id":"7IzcWqIq11B7p3jjHUyNfH","name":"NMAX","preview_url":null,"track_number":2,"type":"track","uri":"spotify:track:7IzcWqIq11B7p3jjHUyNfH","is_local":false},{"artists":[{"external_urls":{"spotify":"https://open.spotify.com/artist/7ciBW1p3KBsYIkFk4UmwS8"},"href":"https://api.spotify.com/v1/artists/7ciBW1p3KBsYIkFk4UmwS8","id":"7ciBW1p3KBsYIkFk4UmwS8","name":"The Rudeboyz","type":"artist","uri":"spotify:artist:7ciBW1p3KBsYIkFk4UmwS8"},{"external_urls":{"spotify":"https://open.spotify.com/artist/5t4bsXVxbRW0nxuCPuNuxz"},"href":"https://api.spotify.com/v1/artists/5t4bsXVxbRW0nxuCPuNuxz","id":"5t4bsXVxbRW0nxuCPuNuxz","name":"LA GURU","type":"artist","uri":"spotify:artist:5t4bsXVxbRW0nxuCPuNuxz"}],"available_markets":["AR","AU","AT","BE","BO","BR","BG","CA","CL","CO","CR","CY","CZ","DK","DO","DE","EC","EE","SV","FI","FR","GR","GT","HN","HK","HU","IS","IE","IT","LV","LT","LU","MY","MT","MX","NL","NZ","NI","NO","PA","PY","PE","PH","PL","PT","SG","SK","ES","SE","CH","TW","TR","UY","US","GB","AD","LI","MC","ID","JP","TH","VN","RO","IL","ZA","SA","AE","BH","QA","OM","KW","EG","MA","DZ","TN","LB","JO","PS","IN","KZ","MD","UA","AL","BA","HR","ME","MK","RS","SI","KR","BD","PK","LK","GH","KE","NG","TZ","UG","AG","AM","BS","BB","BZ","BT","BW","BF","CV","CW","DM","FJ","GM","GE","GD","GW","GY","HT","JM","KI","LS","LR","MW","MV","ML","MH","FM","NA","NR","NE","PW","PG","PR","WS","SM","ST","SN","SC","SL","SB","KN","LC","VC","SR","TL","TO","TT","TV","VU","AZ","BN","BI","KH","CM","TD","KM","GQ","SZ","GA","GN","KG","LA","MO","MR","MN","NP","RW","TG","UZ","ZW","BJ","MG","MU","MZ","AO","CI","DJ","ZM","CD","CG","IQ","LY","TJ","VE","ET","XK"],"disc_number":1,"duration_ms":204179,"explicit":true,"external_urls":{"spotify":"https://open.spotify.com/track/0wdSGS3S3rQ9WDwZ9neSyT"},"href":"https://api.spotify.com/v1/tracks/0wdSGS3S3rQ9WDwZ9neSyT","id":"0wdSGS3S3rQ9WDwZ9neSyT","name":"MI FLETE","preview_url":null,"track_number":3,"type":"track","uri":"spotify:track:0wdSGS3S3rQ9WDwZ9neSyT","is_local":false},{"artists":[{"external_urls":{"spotify":"https://open.spotify.com/artist/7ciBW1p3KBsYIkFk4UmwS8"},"href":"https://api.spotify.com/v1/artists/7ciBW1p3KBsYIkFk4UmwS8","id":"7ciBW1p3KBsYIkFk4UmwS8","name":"The Rudeboyz","type":"artist","uri":"spotify:artist:7ciBW1p3KBsYIkFk4UmwS8"},{"external_urls":{"spotify":"https://open.spotify.com/artist/3i6lAgVHplDXb6zrjIeBeK"},"href":"https://api.spotify.com/v1/artists/3i6lAgVHplDXb6zrjIeBeK","id":"3i6lAgVHplDXb6zrjIeBeK","name":"Kris R.","type":"artist","uri":"spotify:artist:3i6lAgVHplDXb6zrjIeBeK"},{"external_urls":{"spotify":"https://open.spotify.com/artist/49ggXUsjVHl7BwwaiPUCn6"},"href":"https://api.spotify.com/v1/artists/49ggXUsjVHl7BwwaiPUCn6","id":"49ggXUsjVHl7BwwaiPUCn6","name":"Juan Duque","type":"artist","uri":"spotify:artist:49ggXUsjVHl7BwwaiPUCn6"}],"available_markets":["AR","AU","AT","BE","BO","BR","BG","CA","CL","CO","CR","CY","CZ","DK","DO","DE","EC","EE","SV","FI","FR","GR","GT","HN","HK","HU","IS","IE","IT","LV","LT","LU","MY","MT","MX","NL","NZ","NI","NO","PA","PY","PE","PH","PL","PT","SG","SK","ES","SE","CH","TW","TR","UY","US","GB","AD","LI","MC","ID","JP","TH","VN","RO","IL","ZA","SA","AE","BH","QA","OM","KW","EG","MA","DZ","TN","LB","JO","PS","IN","KZ","MD","UA","AL","BA","HR","ME","MK","RS","SI","KR","BD","PK","LK","GH","KE","NG","TZ","UG","AG","AM","BS","BB","BZ","BT","BW","BF","CV","CW","DM","FJ","GM","GE","GD","GW","GY","HT","JM","KI","LS","LR","MW","MV","ML","MH","FM","NA","NR","NE","PW","PG","PR","WS","SM","ST","SN","SC","SL","SB","KN","LC","VC","SR","TL","TO","TT","TV","VU","AZ","BN","BI","KH","CM","TD","KM","GQ","SZ","GA","GN","KG","LA","MO","MR","MN","NP","RW","TG","UZ","ZW","BJ","MG","MU","MZ","AO","CI","DJ","ZM","CD","CG","IQ","LY","TJ","VE","ET","XK"],"disc_number":1,"duration_ms":175829,"explicit":true,"external_urls":{"spotify":"https://open.spotify.com/track/4bRAg3pIfqt5Nh7IDoVZYx"},"href":"https://api.spotify.com/v1/tracks/4bRAg3pIfqt5Nh7IDoVZYx","id":"4bRAg3pIfqt5Nh7IDoVZYx","name":"POR LO QUE VEO","preview_url":null,"track_number":4,"type":"track","uri":"spotify:track:4bRAg3pIfqt5Nh7IDoVZYx","is_local":false},{"artists":[{"external_urls":{"spotify":"https://open.spotify.com/artist/7ciBW1p3KBsYIkFk4UmwS8"},"href":"https://api.spotify.com/v1/artists/7ciBW1p3KBsYIkFk4UmwS8","id":"7ciBW1p3KBsYIkFk4UmwS8","name":"The Rudeboyz","type":"artist","uri":"spotify:artist:7ciBW1p3KBsYIkFk4UmwS8"},{"external_urls":{"spotify":"https://open.spotify.com/artist/2iBSDwlk9bvp1aKT4ubGoC"},"href":"https://api.spotify.com/v1/artists/2iBSDwlk9bvp1aKT4ubGoC","id":"2iBSDwlk9bvp1aKT4ubGoC","name":"El Clooy","type":"artist","uri":"spotify:artist:2iBSDwlk9bvp1aKT4ubGoC"},{"external_urls":{"spotify":"https://open.spotify.com/artist/5IYRfypwG9BDDh5ZRPI80z"},"href":"https://api.spotify.com/v1/artists/5IYRfypwG9BDDh5ZRPI80z","id":"5IYRfypwG9BDDh5ZRPI80z","name":"Totoy El Frio","type":"artist","uri":"spotify:artist:5IYRfypwG9BDDh5ZRPI80z"},{"external_urls":{"spotify":"https://open.spotify.com/artist/4JXX3NYMoXT5RqEGH1PAcc"},"href":"https://api.spotify.com/v1/artists/4JXX3NYMoXT5RqEGH1PAcc","id":"4JXX3NYMoXT5RqEGH1PAcc","name":"Miky la Sensa","type":"artist","uri":"spotify:artist:4JXX3NYMoXT5RqEGH1PAcc"}],"available_markets":["AR","AU","AT","BE","BO","BR","BG","CA","CL","CO","CR","CY","CZ","DK","DO","DE","EC","EE","SV","FI","FR","GR","GT","HN","HK","HU","IS","IE","IT","LV","LT","LU","MY","MT","MX","NL","NZ","NI","NO","PA","PY","PE","PH","PL","PT","SG","SK","ES","SE","CH","TW","TR","UY","US","GB","AD","LI","MC","ID","JP","TH","VN","RO","IL","ZA","SA","AE","BH","QA","OM","KW","EG","MA","DZ","TN","LB","JO","PS","IN","KZ","MD","UA","AL","BA","HR","ME","MK","RS","SI","KR","BD","PK","LK","GH","KE","NG","TZ","UG","AG","AM","BS","BB","BZ","BT","BW","BF","CV","CW","DM","FJ","GM","GE","GD","GW","GY","HT","JM","KI","LS","LR","MW","MV","ML","MH","FM","NA","NR","NE","PW","PG","PR","WS","SM","ST","SN","SC","SL","SB","KN","LC","VC","SR","TL","TO","TT","TV","VU","AZ","BN","BI","KH","CM","TD","KM","GQ","SZ","GA","GN","KG","LA","MO","MR","MN","NP","RW","TG","UZ","ZW","BJ","MG","MU","MZ","AO","CI","DJ","ZM","CD","CG","IQ","LY","TJ","VE","ET","XK"],"disc_number":1,"duration_ms":175609,"explicit":true,"external_urls":{"spotify":"https://open.spotify.com/track/6DVuLWG06QY5SdA9YuPMGt"},"href":"https://api.spotify.com/v1/tracks/6DVuLWG06QY5SdA9YuPMGt","id":"6DVuLWG06QY5SdA9YuPMGt","name":"SIN VISAJE (feat. Miky la Sensa)","preview_url":null,"track_number":5,"type":"track","uri":"spotify:track:6DVuLWG06QY5SdA9YuPMGt","is_local":false}]},"copyrights":[{"text":"© 2024 The Rudeboyz LLC, in partnership with Cigol Music Group/ReLo-Co. Music/Globalatino Music Partners","type":"C"},{"text":"℗ 2024 The Rudeboyz LLC, in partnership with Cigol Music Group/ReLo-Co. Music/Globalatino Music Partners","type":"P"}],"external_ids":{"upc":"5021732552846"},"genres":[],"label":"WEA Latina","popularity":26},{"album_type":"album","total_tracks":18,"available_markets":["AR","AU","AT","BE","BO","BR","BG","CA","CL","CO","CR","CY","CZ","DK","DO","DE","EC","EE","SV","FI","FR","GR","GT","HN","HK","HU","IS","IE","IT","LV","LT","LU","MY","MT","MX","NL","NZ","NI","NO","PA","PY","PE","PH","PL","PT","SG","SK","ES","SE","CH","TW","TR","UY","US","GB","AD","LI","MC","ID","JP","TH","VN","RO","IL","ZA","SA","AE","BH","QA","OM","KW","EG","MA","DZ","TN","LB","JO","PS","IN","BY","KZ","MD","UA","AL","BA","HR","ME","MK","RS","SI","KR","BD","PK","LK","GH","KE","NG","TZ","UG","AG","AM","BS","BB","BZ","BT","BW","BF","CV","CW","DM","FJ","GM","GE","GD","GW","GY","HT","JM","KI","LS","LR","MW","MV","ML","MH","FM","NA","NR","NE","PW","PG","PR","WS","SM","ST","SN","SC","SL","SB","KN","LC","VC","SR","TL","TO","TT","TV","VU","AZ","BN","BI","KH","CM","TD","KM","GQ","SZ","GA","GN","KG","LA","MO","MR","MN","NP","RW","TG","UZ","ZW","BJ","MG","MU","MZ","AO","CI","DJ","ZM","CD","CG","IQ","LY","TJ","VE","ET","XK"],"external_urls":{"spotify":"https://open.spotify.com/album/0aX0UXrHG2ceYIxTQcqJdA"},"href":"https://api.spotify.com/v1/albums/0aX0UXrHG2ceYIxTQcqJdA","id":"0aX0UXrHG2ceYIxTQcqJdA","images":[{"url":"https://i.scdn.co/image/ab67616d0000b273ed432d7df981360768dd5856","height":640,"width":640},{"url":"https://i.scdn.co/image/ab67616d00001e02ed432d7df981360768dd5856","height":300,"width":300},{"url":"https://i.scdn.co/image/ab67616d00004851ed432d7df981360768dd5856","height":64,"width":64}],"name":"Cosa Nuestra","release_date":"2024-11-15","release_date_precision":"day","type":"album","uri":"spotify:album:0aX0UXrHG2ceYIxTQcqJdA","artists":[{"external_urls":{"spotify":"https://open.spotify.com/artist/1mcTU81TzQhprhouKaTkpq"},"href":"https://api.spotify.com/v1/artists/1mcTU81TzQhprhouKaTkpq","id":"1mcTU81TzQhprhouKaTkpq","name":"Rauw Alejandro","type":"artist","uri":"spotify:artist:1mcTU81TzQhprhouKaTkpq"}],"tracks":{"href":"https://api.spotify.com/v1/albums/0aX0UXrHG2ceYIxTQcqJdA/tracks?offset=0&limit=50","limit":50,"next":null,"offset":0,"previous":null,"total":18,"items":[{"artists":[{"external_urls":{"spotify":"https://open.spotify.com/artist/1mcTU81TzQhprhouKaTkpq"},"href":"https://api.spotify.com/v1/artists/1mcTU81TzQhprhouKaTkpq","id":"1mcTU81TzQhprhouKaTkpq","name":"Rauw Alejandro","type":"artist","uri":"spotify:artist:1mcTU81TzQhprhouKaTkpq"}],"available_markets":["AR","AU","AT","BE","BO","BR","BG","CA","CL","CO","CR","CY","CZ","DK","DO","DE","EC","EE","SV","FI","FR","GR","GT","HN","HK","HU","IS","IE","IT","LV","LT","LU","MY","MT","MX","NL","NZ","NI","NO","PA","PY","PE","PH","PL","PT","SG","SK","ES","SE","CH","TW","TR","UY","US","GB","AD","LI","MC","ID","JP","TH","VN","RO","IL","ZA","SA","AE","BH","QA","OM","KW","EG","MA","DZ","TN","LB","JO","PS","IN","BY","KZ","MD","UA","AL","BA","HR","ME","MK","RS","SI","KR","BD","PK","LK","GH","KE","NG","TZ","UG","AG","AM","BS","BB","BZ","BT","BW","BF","CV","CW","DM","FJ","GM","GE","GD","GW","GY","HT","JM","KI","LS","LR","MW","MV","ML","MH","FM","NA","NR","NE","PW","PG","PR","WS","SM","ST","SN","SC","SL","SB","KN","LC","VC","SR","TL","TO","TT","TV","VU","AZ","BN","BI","KH","CM","TD","KM","GQ","SZ","GA","GN","KG","LA","MO","MR","MN","NP","RW","TG","UZ","ZW","BJ","MG","MU","MZ","AO","CI","DJ","ZM","CD","CG","IQ","LY","TJ","VE","ET","XK"],"disc_number":1,"duration_ms":260454,"explicit":true,"external_urls":{"spotify":"https://open.spotify.com/track/5UxEKpzvvLnjoC10XoogN3"},"href":"https://api.spotify.com/v1/tracks/5UxEKpzvvLnjoC10XoogN3","id":"5UxEKpzvvLnjoC10XoogN3","name":"Cosa Nuestra","preview_url":null,"track_number":1,"type":"track","uri":"spotify:track:5UxEKpzvvLnjoC10XoogN3","is_local":false},{"artists":[{"external_urls":{"spotify":"https://open.spotify.com/artist/1mcTU81TzQhprhouKaTkpq"},"href":"https://api.spotify.com/v1/artists/1mcTU81TzQhprhouKaTkpq","id":"1mcTU81TzQhprhouKaTkpq","name":"Rauw Alejandro","type":"artist","uri":"spotify:artist:1mcTU81TzQhprhouKaTkpq"}],"available_markets":["AR","AU","AT","BE","BO","BR","BG","CA","CL","CO","CR","CY","CZ","DK","DO","DE","EC","EE","SV","FI","FR","GR","GT","HN","HK","HU","IS","IE","IT","LV","LT","LU","MY","MT","MX","NL","NZ","NI","NO","PA","PY","PE","PH","PL","PT","SG","SK","ES","SE","CH","TW","TR","UY","US","GB","AD","LI","MC","ID","JP","TH","VN","RO","IL","ZA","SA","AE","BH","QA","OM","KW","EG","MA","DZ","TN","LB","JO","PS","IN","BY","KZ","MD","UA","AL","BA","HR","ME","MK","RS","SI","KR","BD","PK","LK","GH","KE","NG","TZ","UG","AG","AM","BS","BB","BZ","BT","BW","BF","CV","CW","DM","FJ","GM","GE","GD","GW","GY","HT","JM","KI","LS","LR","MW","MV","ML","MH","FM","NA","NR","NE","PW","PG","PR","WS","SM","ST","SN","SC","SL","SB","KN","LC","VC","SR","TL","TO","TT","TV","VU","AZ","BN","BI","KH","CM","TD","KM","GQ","SZ","GA","GN","KG","LA","MO","MR","MN","NP","RW","TG","UZ","ZW","BJ","MG","MU","MZ","AO","CI","DJ","ZM","CD","CG","IQ","LY","TJ","VE","ET","XK"],"disc_number":1,"duration_ms":254705,"explicit":true,"external_urls":{"spotify":"https://open.spotify.com/track/5tZgkV8FTe3rtl8OcSeQAb"},"href":"https://api.spotify.com/v1/tracks/5tZgkV8FTe3rtl8OcSeQAb","id":"5tZgkV8FTe3rtl8OcSeQAb","name":"Déjame Entrar","preview_url":null,"track_number":2,"type":"track","uri":"spotify:track:5tZgkV8FTe3rtl8OcSeQAb","is_local":false},{"artists":[{"external_urls":{"spotify":"https://open.spotify.com/artist/1mcTU81TzQhprhouKaTkpq"},"href":"https://api.spotify.com/v1/artists/1mcTU81TzQhprhouKaTkpq","id":"1mcTU81TzQhprhouKaTkpq","name":"Rauw Alejandro","type":"artist","uri":"spotify:artist:1mcTU81TzQhprhouKaTkpq"},{"external_urls":{"spotify":"https://open.spotify.com/artist/4q3ewBCX7sLwd24euuV69X"},"href":"https://api.spotify.com/v1/artists/4q3ewBCX7sLwd24euuV69X","id":"4q3ewBCX7sLwd24euuV69X","name":"Bad Bunny","type":"artist","uri":"spotify:artist:4q3ewBCX7sLwd24euuV69X"}],"available_markets":["AR","AU","AT","BE","BO","BR","BG","CA","CL","CO","CR","CY","CZ","DK","DO","DE","EC","EE","SV","FI","FR","GR","GT","HN","HK","HU","IS","IE","IT","LV","LT","LU","MY","MT","MX","NL","NZ","NI","NO","PA","PY","PE","PH","PL","PT","SG","SK","ES","SE","CH","TW","TR","UY","US","GB","AD","LI","MC","ID","JP","TH","VN","RO","IL","ZA","SA","AE","BH","QA","OM","KW","EG","MA","DZ","TN","LB","JO","PS","IN","BY","KZ","MD","UA","AL","BA","HR","ME","MK","RS","SI","KR","BD","PK","LK","GH","KE","NG","TZ","UG","AG","AM","BS","BB","BZ","BT","BW","BF","CV","CW","DM","FJ","GM","GE","GD","GW","GY","HT","JM","KI","LS","LR","MW","MV","ML","MH","FM","NA","NR","NE","PW","PG","PR","WS","SM","ST","SN","SC","SL","SB","KN","LC","VC","SR","TL","TO","TT","TV","VU","AZ","BN","BI","KH","CM","TD","KM","GQ","SZ","GA","GN","KG","LA","MO","MR","MN","NP","RW","TG","UZ","ZW","BJ","MG","MU","MZ","AO","CI","DJ","ZM","CD","CG","IQ","LY","TJ","VE","ET","XK"],"disc_number":1,"duration_ms":191018,"explicit":true,"external_urls":{"spotify":"https://open.spotify.com/track/0l0vcZMU7AOeQmUIREoI2U"},"href":"https://api.spotify.com/v1/tracks/0l0vcZMU7AOeQmUIREoI2U","id":"0l0vcZMU7AOeQmUIREoI2U","name":"Qué Pasaría...","preview_url":null,"track_number":3,"type":"track","uri":"spotify:track:0l0vcZMU7AOeQmUIREoI2U","is_local":false},{"artists":[{"external_urls":{"spotify":"https://open.spotify.com/artist/1mcTU81TzQhprhouKaTkpq"},"href":"https://api.spotify.com/v1/artists/1mcTU81TzQhprhouKaTkpq","id":"1mcTU81TzQhprhouKaTkpq","name":"Rauw Alejandro","type":"artist","uri":"spotify:artist:1mcTU81TzQhprhouKaTkpq"}],"available_markets":["AR","AU","AT","BE","BO","BR","BG","CA","CL","CO","CR","CY","CZ","DK","DO","DE","EC","EE","SV","FI","FR","GR","GT","HN","HK","HU","IS","IE","IT","LV","LT","LU","MY","MT","MX","NL","NZ","NI","NO","PA","PY","PE","PH","PL","PT","SG","SK","ES","SE","CH","TW","TR","UY","US","GB","AD","LI","MC","ID","JP","TH","VN","RO","IL","ZA","SA","AE","BH","QA","OM","KW","EG","MA","DZ","TN","LB","JO","PS","IN","BY","KZ","MD","UA","AL","BA","HR","ME","MK","RS","SI","KR","BD","PK","LK","GH","KE","NG","TZ","UG","AG","AM","BS","BB","BZ","BT","BW","BF","CV","CW","DM","FJ","GM","GE","GD","GW","GY","HT","JM","KI","LS","LR","MW","MV","ML","MH","FM","NA","NR","NE","PW","PG","PR","WS","SM","ST","SN","SC","SL","SB","KN","LC","VC","SR","TL","TO","TT","TV","VU","AZ","BN","BI","KH","CM","TD","KM","GQ","SZ","GA","GN","KG","LA","MO","MR","MN","NP","RW","TG","UZ","ZW","BJ","MG","MU","MZ","AO","CI","DJ","ZM","CD","CG","IQ","LY","TJ","VE","ET","XK"],"disc_number":1,"duration_ms":289131,"explicit":false,"external_urls":{"spotify":"https://open.spotify.com/track/2eQFYGegTZaObk2kuBz83Z"},"href":"https://api.spotify.com/v1/tracks/2eQFYGegTZaObk2kuBz83Z","id":"2eQFYGegTZaObk2kuBz83Z","name":"Tú Con Él","preview_url":null,"track_number":4,"type":"track","uri":"spotify:track:2eQFYGegTZaObk2kuBz83Z","is_local":false},{"artists":[{"external_urls":{"spotify":"https://open.spotify.com/artist/1mcTU81TzQhprhouKaTkpq"},"href":"https://api.spotify.com/v1/artists/1mcTU81TzQhprhouKaTkpq","id":"1mcTU81TzQhprhouKaTkpq","name":"Rauw Alejandro","type":"artist","uri":"spotify:artist:1mcTU81TzQhprhouKaTkpq"},{"external_urls":{"spotify":"https://open.spotify.com/artist/2RdwBSPQiwcmiDo9kixcl8"},"href":"https://api.spotify.com/v1/artists/2RdwBSPQiwcmiDo9kixcl8","id":"2RdwBSPQiwcmiDo9kixcl8","name":"Pharrell Williams","type":"artist","uri":"spotify:artist:2RdwBSPQiwcmiDo9kixcl8"}],"available_markets":["AR","AU","AT","BE","BO","BR","BG","CA","CL","CO","CR","CY","CZ","DK","DO","DE","EC","EE","SV","FI","FR","GR","GT","HN","HK","HU","IS","IE","IT","LV","LT","LU","MY","MT","MX","NL","NZ","NI","NO","PA","PY","PE","PH","PL","PT","SG","SK","ES","SE","CH","TW","TR","UY","US","GB","AD","LI","MC","ID","JP","TH","VN","RO","IL","ZA","SA","AE","BH","QA","OM","KW","EG","MA","DZ","TN","LB","JO","PS","IN","BY","KZ","MD","UA","AL","BA","HR","ME","MK","RS","SI","KR","BD","PK","LK","GH","KE","NG","TZ","UG","AG","AM","BS","BB","BZ","BT","BW","BF","CV","CW","DM","FJ","GM","GE","GD","GW","GY","HT","JM","KI","LS","LR","MW","MV","ML","MH","FM","NA","NR","NE","PW","PG","PR","WS","SM","ST","SN","SC","SL","SB","KN","LC","VC","SR","TL","TO","TT","TV","VU","AZ","BN","BI","KH","CM","TD","KM","GQ","SZ","GA","GN","KG","LA","MO","MR","MN","NP","RW","TG","UZ","ZW","BJ","MG","MU","MZ","AO","CI","DJ","ZM","CD","CG","IQ","LY","TJ","VE","ET","XK"],"disc_number":1,"duration_ms":159344,"explicit":true,"external_urls":{"spotify":"https://open.spotify.com/track/7xdRj1wA4XzYnXynPmtmnq"},"href":"https://api.spotify.com/v1/tracks/7xdRj1wA4XzYnXynPmtmnq","id":"7xdRj1wA4XzYnXynPmtmnq","name":"Committed","preview_url":null,"track_number":5,"type":"track","uri":"spotify:track:7xdRj1wA4XzYnXynPmtmnq","is_local":false},{"artists":[{"external_urls":{"spotify":"https://open.spotify.com/artist/1mcTU81TzQhprhouKaTkpq"},"href":"https://api.spotify.com/v1/artists/1mcTU81TzQhprhouKaTkpq","id":"1mcTU81TzQhprhouKaTkpq","name":"Rauw Alejandro","type":"artist","uri":"spotify:artist:1mcTU81TzQhprhouKaTkpq"},{"external_urls":{"spotify":"https://open.spotify.com/artist/3AP96neoRZgep3w7wvhubP"},"href":"https://api.spotify.com/v1/artists/3AP96neoRZgep3w7wvhubP","id":"3AP96neoRZgep3w7wvhubP","name":"Marconi Impara","type":"artist","uri":"spotify:artist:3AP96neoRZgep3w7wvhubP"},{"external_urls":{"spotify":"https://open.spotify.com/artist/6TKygPpVT29oGUogu4J9Ec"},"href":"https://api.spotify.com/v1/artists/6TKygPpVT29oGUogu4J9Ec","id":"6TKygPpVT29oGUogu4J9Ec","name":"Yan Block","type":"artist","uri":"spotify:artist:6TKygPpVT29oGUogu4J9Ec"}],"available_markets":["AR","AU","AT","BE","BO","BR","BG","CA","CL","CO","CR","CY","CZ","DK","DO","DE","EC","EE","SV","FI","FR","GR","GT","HN","HK","HU","IS","IE","IT","LV","LT","LU","MY","MT","MX","NL","NZ","NI","NO","PA","PY","PE","PH","PL","PT","SG","SK","ES","SE","CH","TW","TR","UY","US","GB","AD","LI","MC","ID","JP","TH","VN","RO","IL","ZA","SA","AE","BH","QA","OM","KW","EG","MA","DZ","TN","LB","JO","PS","IN","BY","KZ","MD","UA","AL","BA","HR","ME","MK","RS","SI","KR","BD","PK","LK","GH","KE","NG","TZ","UG","AG","AM","BS","BB","BZ","BT","BW","BF","CV","CW","DM","FJ","GM","GE","GD","GW","GY","HT","JM","KI","LS","LR","MW","MV","ML","MH","FM","NA","NR","NE","PW","PG","PR","WS","SM","ST","SN","SC","SL","SB","KN","LC","VC","SR","TL","TO","TT","TV","VU","AZ","BN","BI","KH","CM","TD","KM","GQ","SZ","GA","GN","KG","LA","MO","MR","MN","NP","RW","TG","UZ","ZW","BJ","MG","MU","MZ","AO","CI","DJ","ZM","CD","CG","IQ","LY","TJ","VE","ET","XK"],"disc_number":1,"duration_ms":191219,"explicit":true,"external_urls":{"spotify":"https://open.spotify.com/track/3PJgmyLaybZtALX4mrgbiD"},"href":"https://api.spotify.com/v1/tracks/3PJgmyLaybZtALX4mrgbiD","id":"3PJgmyLaybZtALX4mrgbiD","name":"Espresso Martini","preview_url":null,"track_number":6,"type":"track","uri":"spotify:track:3PJgmyLaybZtALX4mrgbiD","is_local":false},{"artists":[{"external_urls":{"spotify":"https://open.spotify.com/artist/1mcTU81TzQhprhouKaTkpq"},"href":"https://api.spotify.com/v1/artists/1mcTU81TzQhprhouKaTkpq","id":"1mcTU81TzQhprhouKaTkpq","name":"Rauw Alejandro","type":"artist","uri":"spotify:artist:1mcTU81TzQhprhouKaTkpq"},{"external_urls":{"spotify":"https://open.spotify.com/artist/7tU1VKOuxiNZwBZC6RHidA"},"href":"https://api.spotify.com/v1/artists/7tU1VKOuxiNZwBZC6RHidA","id":"7tU1VKOuxiNZwBZC6RHidA","name":"Alexis y Fido","type":"artist","uri":"spotify:artist:7tU1VKOuxiNZwBZC6RHidA"}],"available_markets":["AR","AU","AT","BE","BO","BR","BG","CA","CL","CO","CR","CY","CZ","DK","DO","DE","EC","EE","SV","FI","FR","GR","GT","HN","HK","HU","IS","IE","IT","LV","LT","LU","MY","MT","MX","NL","NZ","NI","NO","PA","PY","PE","PH","PL","PT","SG","SK","ES","SE","CH","TW","TR","UY","US","GB","AD","LI","MC","ID","JP","TH","VN","RO","IL","ZA","SA","AE","BH","QA","OM","KW","EG","MA","DZ","TN","LB","JO","PS","IN","BY","KZ","MD","UA","AL","BA","HR","ME","MK","RS","SI","KR","BD","PK","LK","GH","KE","NG","TZ","UG","AG","AM","BS","BB","BZ","BT","BW","BF","CV","CW","DM","FJ","GM","GE","GD","GW","GY","HT","JM","KI","LS","LR","MW","MV","ML","MH","FM","NA","NR","NE","PW","PG","PR","WS","SM","ST","SN","SC","SL","SB","KN","LC","VC","SR","TL","TO","TT","TV","VU","AZ","BN","BI","KH","CM","TD","KM","GQ","SZ","GA","GN","KG","LA","MO","MR","MN","NP","RW","TG","UZ","ZW","BJ","MG","MU","MZ","AO","CI","DJ","ZM","CD","CG","IQ","LY","TJ","VE","ET","XK"],"disc_number":1,"duration_ms":200000,"explicit":true,"external_urls":{"spotify":"https://open.spotify.com/track/3HCcfBsa4TdiC0so0fPnRi"},"href":"https://api.spotify.com/v1/tracks/3HCcfBsa4TdiC0so0fPnRi","id":"3HCcfBsa4TdiC0so0fPnRi","name":"Baja Pa' Acá","preview_url":null,"track_number":7,"type":"track","uri":"spotify:track:3HCcfBsa4TdiC0so0fPnRi","is_local":false},{"artists":[{"external_urls":{"spotify":"https://open.spotify.com/artist/1mcTU81TzQhprhouKaTkpq"},"href":"https://api.spotify.com/v1/artists/1mcTU81TzQhprhouKaTkpq","id":"1mcTU81TzQhprhouKaTkpq","name":"Rauw Alejandro","type":"artist","uri":"spotify:artist:1mcTU81TzQhprhouKaTkpq"}],"available_markets":["AR","AU","AT","BE","BO","BR","BG","CA","CL","CO","CR","CY","CZ","DK","DO","DE","EC","EE","SV","FI","FR","GR","GT","HN","HK","HU","IS","IE","IT","LV","LT","LU","MY","MT","MX","NL","NZ","NI","NO","PA","PY","PE","PH","PL","PT","SG","SK","ES","SE","CH","TW","TR","UY","US","GB","AD","LI","MC","ID","JP","TH","VN","RO","IL","ZA","SA","AE","BH","QA","OM","KW","EG","MA","DZ","TN","LB","JO","PS","IN","BY","KZ","MD","UA","AL","BA","HR","ME","MK","RS","SI","KR","BD","PK","LK","GH","KE","NG","TZ","UG","AG","AM","BS","BB","BZ","BT","BW","BF","CV","CW","DM","FJ","GM","GE","GD","GW","GY","HT","JM","KI","LS","LR","MW","MV","ML","MH","FM","NA","NR","NE","PW","PG","PR","WS","SM","ST","SN","SC","SL","SB","KN","LC","VC","SR","TL","TO","TT","TV","VU","AZ","BN","BI","KH","CM","TD","KM","GQ","SZ","GA","GN","KG","LA","MO","MR","MN","NP","RW","TG","UZ","ZW","BJ","MG","MU","MZ","AO","CI","DJ","ZM","CD","CG","IQ","LY","TJ","VE","ET","XK"],"disc_number":1,"duration_ms":229787,"explicit":true,"external_urls":{"spotify":"https://open.spotify.com/track/0xyWkRMb09qdCDhloehCsi"},"href":"https://api.spotify.com/v1/tracks/0xyWkRMb09qdCDhloehCsi","id":"0xyWkRMb09qdCDhloehCsi","name":"Ni Me Conozco","preview_url":null,"track_number":8,"type":"track","uri":"spotify:track:0xyWkRMb09qdCDhloehCsi","is_local":false},{"artists":[{"external_urls":{"spotify":"https://open.spotify.com/artist/1mcTU81TzQhprhouKaTkpq"},"href":"https://api.spotify.com/v1/artists/1mcTU81TzQhprhouKaTkpq","id":"1mcTU81TzQhprhouKaTkpq","name":"Rauw Alejandro","type":"artist","uri":"spotify:artist:1mcTU81TzQhprhouKaTkpq"}],"available_markets":["AR","AU","AT","BE","BO","BR","BG","CA","CL","CO","CR","CY","CZ","DK","DO","DE","EC","EE","SV","FI","FR","GR","GT","HN","HK","HU","IS","IE","IT","LV","LT","LU","MY","MT","MX","NL","NZ","NI","NO","PA","PY","PE","PH","PL","PT","SG","SK","ES","SE","CH","TW","TR","UY","US","GB","AD","LI","MC","ID","JP","TH","VN","RO","IL","ZA","SA","AE","BH","QA","OM","KW","EG","MA","DZ","TN","LB","JO","PS","IN","BY","KZ","MD","UA","AL","BA","HR","ME","MK","RS","SI","KR","BD","PK","LK","GH","KE","NG","TZ","UG","AG","AM","BS","BB","BZ","BT","BW","BF","CV","CW","DM","FJ","GM","GE","GD","GW","GY","HT","JM","KI","LS","LR","MW","MV","ML","MH","FM","NA","NR","NE","PW","PG","PR","WS","SM","ST","SN","SC","SL","SB","KN","LC","VC","SR","TL","TO","TT","TV","VU","AZ","BN","BI","KH","CM","TD","KM","GQ","SZ","GA","GN","KG","LA","MO","MR","MN","NP","RW","TG","UZ","ZW","BJ","MG","MU","MZ","AO","CI","DJ","ZM","CD","CG","IQ","LY","TJ","VE","ET","XK"],"disc_number":1,"duration_ms":249599,"explicit":true,"external_urls":{"spotify":"https://open.spotify.com/track/7v12ia1PFVN9jSgU43rJnS"},"href":"https://api.spotify.com/v1/tracks/7v12ia1PFVN9jSgU43rJnS","id":"7v12ia1PFVN9jSgU43rJnS","name":"IL Capo","preview_url":null,"track_number":9,"type":"track","uri":"spotify:track:7v12ia1PFVN9jSgU43rJnS","is_local":false},{"artists":[{"external_urls":{"spotify":"https://open.spotify.com/artist/1mcTU81TzQhprhouKaTkpq"},"href":"https://api.spotify.com/v1/artists/1mcTU81TzQhprhouKaTkpq","id":"1mcTU81TzQhprhouKaTkpq","name":"Rauw Alejandro","type":"artist","uri":"spotify:artist:1mcTU81TzQhprhouKaTkpq"},{"external_urls":{"spotify":"https://open.spotify.com/artist/2LRoIwlKmHjgvigdNGBHNo"},"href":"https://api.spotify.com/v1/artists/2LRoIwlKmHjgvigdNGBHNo","id":"2LRoIwlKmHjgvigdNGBHNo","name":"Feid","type":"artist","uri":"spotify:artist:2LRoIwlKmHjgvigdNGBHNo"}],"available_markets":["AR","AU","AT","BE","BO","BR","BG","CA","CL","CO","CR","CY","CZ","DK","DO","DE","EC","EE","SV","FI","FR","GR","GT","HN","HK","HU","IS","IE","IT","LV","LT","LU","MY","MT","MX","NL","NZ","NI","NO","PA","PY","PE","PH","PL","PT","SG","SK","ES","SE","CH","TW","TR","UY","US","GB","AD","LI","MC","ID","JP","TH","VN","RO","IL","ZA","SA","AE","BH","QA","OM","KW","EG","MA","DZ","TN","LB","JO","PS","IN","BY","KZ","MD","UA","AL","BA","HR","ME","MK","RS","SI","KR","BD","PK","LK","GH","KE","NG","TZ","UG","AG","AM","BS","BB","BZ","BT","BW","BF","CV","CW","DM","FJ","GM","GE","GD","GW","GY","HT","JM","KI","LS","LR","MW","MV","ML","MH","FM","NA","NR","NE","PW","PG","PR","WS","SM","ST","SN","SC","SL","SB","KN","LC","VC","SR","TL","TO","TT","TV","VU","AZ","BN","BI","KH","CM","TD","KM","GQ","SZ","GA","GN","KG","LA","MO","MR","MN","NP","RW","TG","UZ","ZW","BJ","MG","MU","MZ","AO","CI","DJ","ZM","CD","CG","IQ","LY","TJ","VE","ET","XK"],"disc_number":1,"duration_ms":215511,"explicit":true,"external_urls":{"spotify":"https://open.spotify.com/track/4lqJsJd7kqWVvamQ4aFHA8"},"href":"https://api.spotify.com/v1/tracks/4lqJsJd7kqWVvamQ4aFHA8","id":"4lqJsJd7kqWVvamQ4aFHA8","name":"Revolú","preview_url":null,"track_number":10,"type":"track","uri":"spotify:track:4lqJsJd7kqWVvamQ4aFHA8","is_local":false},{"artists":[{"external_urls":{"spotify":"https://open.spotify.com/artist/1mcTU81TzQhprhouKaTkpq"},"href":"https://api.spotify.com/v1/artists/1mcTU81TzQhprhouKaTkpq","id":"1mcTU81TzQhprhouKaTkpq","name":"Rauw Alejandro","type":"artist","uri":"spotify:artist:1mcTU81TzQhprhouKaTkpq"}],"available_markets":["AR","AU","AT","BE","BO","BR","BG","CA","CL","CO","CR","CY","CZ","DK","DO","DE","EC","EE","SV","FI","FR","GR","GT","HN","HK","HU","IS","IE","IT","LV","LT","LU","MY","MT","MX","NL","NZ","NI","NO","PA","PY","PE","PH","PL","PT","SG","SK","ES","SE","CH","TW","TR","UY","US","GB","AD","LI","MC","ID","JP","TH","VN","RO","IL","ZA","SA","AE","BH","QA","OM","KW","EG","MA","DZ","TN","LB","JO","PS","IN","BY","KZ","MD","UA","AL","BA","HR","ME","MK","RS","SI","KR","BD","PK","LK","GH","KE","NG","TZ","UG","AG","AM","BS","BB","BZ","BT","BW","BF","CV","CW","DM","FJ","GM","GE","GD","GW","GY","HT","JM","KI","LS","LR","MW","MV","ML","MH","FM","NA","NR","NE","PW","PG","PR","WS","SM","ST","SN","SC","SL","SB","KN","LC","VC","SR","TL","TO","TT","TV","VU","AZ","BN","BI","KH","CM","TD","KM","GQ","SZ","GA","GN","KG","LA","MO","MR","MN","NP","RW","TG","UZ","ZW","BJ","MG","MU","MZ","AO","CI","DJ","ZM","CD","CG","IQ","LY","TJ","VE","ET","XK"],"disc_number":1,"duration_ms":168922,"explicit":true,"external_urls":{"spotify":"https://open.spotify.com/track/2J0TjDpiUlwgFRvVxtaLud"},"href":"https://api.spotify.com/v1/tracks/2J0TjDpiUlwgFRvVxtaLud","id":"2J0TjDpiUlwgFRvVxtaLud","name":"Mil Mujeres","preview_url":null,"track_number":11,"type":"track","uri":"spotify:track:2J0TjDpiUlwgFRvVxtaLud","is_local":false},{"artists":[{"external_urls":{"spotify":"https://open.spotify.com/artist/1mcTU81TzQhprhouKaTkpq"},"href":"https://api.spotify.com/v1/artists/1mcTU81TzQhprhouKaTkpq","id":"1mcTU81TzQhprhouKaTkpq","name":"Rauw Alejandro","type":"artist","uri":"spotify:artist:1mcTU81TzQhprhouKaTkpq"},{"external_urls":{"spotify":"https://open.spotify.com/artist/5lwmRuXgjX8xIwlnauTZIP"},"href":"https://api.spotify.com/v1/artists/5lwmRuXgjX8xIwlnauTZIP","id":"5lwmRuXgjX8xIwlnauTZIP","name":"Romeo Santos","type":"artist","uri":"spotify:artist:5lwmRuXgjX8xIwlnauTZIP"}],"available_markets":["AR","AU","AT","BE","BO","BR","BG","CA","CL","CO","CR","CY","CZ","DK","DO","DE","EC","EE","SV","FI","FR","GR","GT","HN","HK","HU","IS","IE","IT","LV","LT","LU","MY","MT","MX","NL","NZ","NI","NO","PA","PY","PE","PH","PL","PT","SG","SK","ES","SE","CH","TW","TR","UY","US","GB","AD","LI","MC","ID","JP","TH","VN","RO","IL","ZA","SA","AE","BH","QA","OM","KW","EG","MA","DZ","TN","LB","JO","PS","IN","BY","KZ","MD","UA","AL","BA","HR","ME","MK","RS","SI","KR","BD","PK","LK","GH","KE","NG","TZ","UG","AG","AM","BS","BB","BZ","BT","BW","BF","CV","CW","DM","FJ","GM","GE","GD","GW","GY","HT","JM","KI","LS","LR","MW","MV","ML","MH","FM","NA","NR","NE","PW","PG","PR","WS","SM","ST","SN","SC","SL","SB","KN","LC","VC","SR","TL","TO","TT","TV","VU","AZ","BN","BI","KH","CM","TD","KM","GQ","SZ","GA","GN","KG","LA","MO","MR","MN","NP","RW","TG","UZ","ZW","BJ","MG","MU","MZ","AO","CI","DJ","ZM","CD","CG","IQ","LY","TJ","VE","ET","XK"],"disc_number":1,"duration_ms":206066,"explicit":false,"external_urls":{"spotify":"https://open.spotify.com/track/1YYfyJ2yCvGFCxwjsIqEK9"},"href":"https://api.spotify.com/v1/tracks/1YYfyJ2yCvGFCxwjsIqEK9","id":"1YYfyJ2yCvGFCxwjsIqEK9","name":"Khé?","preview_url":null,"track_number":12,"type":"track","uri":"spotify:track:1YYfyJ2yCvGFCxwjsIqEK9","is_local":false},{"artists":[{"external_urls":{"spotify":"https://open.spotify.com/artist/1mcTU81TzQhprhouKaTkpq"},"href":"https://api.spotify.com/v1/artists/1mcTU81TzQhprhouKaTkpq","id":"1mcTU81TzQhprhouKaTkpq","name":"Rauw Alejandro","type":"artist","uri":"spotify:artist:1mcTU81TzQhprhouKaTkpq"},{"external_urls":{"spotify":"https://open.spotify.com/artist/2e4nwiX8ZCU09LGLOpeqTH"},"href":"https://api.spotify.com/v1/artists/2e4nwiX8ZCU09LGLOpeqTH","id":"2e4nwiX8ZCU09LGLOpeqTH","name":"Laura Pausini","type":"artist","uri":"spotify:artist:2e4nwiX8ZCU09LGLOpeqTH"}],"available_markets":["AR","AU","AT","BE","BO","BR","BG","CA","CL","CO","CR","CY","CZ","DK","DO","DE","EC","EE","SV","FI","FR","GR","GT","HN","HK","HU","IS","IE","IT","LV","LT","LU","MY","MT","MX","NL","NZ","NI","NO","PA","PY","PE","PH","PL","PT","SG","SK","ES","SE","CH","TW","TR","UY","US","GB","AD","LI","MC","ID","JP","TH","VN","RO","IL","ZA","SA","AE","BH","QA","OM","KW","EG","MA","DZ","TN","LB","JO","PS","IN","BY","KZ","MD","UA","AL","BA","HR","ME","MK","RS","SI","KR","BD","PK","LK","GH","KE","NG","TZ","UG","AG","AM","BS","BB","BZ","BT","BW","BF","CV","CW","DM","FJ","GM","GE","GD","GW","GY","HT","JM","KI","LS","LR","MW","MV","ML","MH","FM","NA","NR","NE","PW","PG","PR","WS","SM","ST","SN","SC","SL","SB","KN","LC","VC","SR","TL","TO","TT","TV","VU","AZ","BN","BI","KH","CM","TD","KM","GQ","SZ","GA","GN","KG","LA","MO","MR","MN","NP","RW","TG","UZ","ZW","BJ","MG","MU","MZ","AO","CI","DJ","ZM","CD","CG","IQ","LY","TJ","VE","ET","XK"],"disc_number":1,"duration_ms":240179,"explicit":false,"external_urls":{"spotify":"https://open.spotify.com/track/1uFW6czrHk5PsK3s6gOI7C"},"href":"https://api.spotify.com/v1/tracks/1uFW6czrHk5PsK3s6gOI7C","id":"1uFW6czrHk5PsK3s6gOI7C","name":"Se Fue","preview_url":null,"track_number":13,"type":"track","uri":"spotify:track:1uFW6czrHk5PsK3s6gOI7C","is_local":false},{"artists":[{"external_urls":{"spotify":"https://open.spotify.com/artist/1mcTU81TzQhprhouKaTkpq"},"href":"https://api.spotify.com/v1/artists/1mcTU81TzQhprhouKaTkpq","id":"1mcTU81TzQhprhouKaTkpq","name":"Rauw Alejandro","type":"artist","uri":"spotify:artist:1mcTU81TzQhprhouKaTkpq"},{"external_urls":{"spotify":"https://open.spotify.com/artist/37BIBvfliXJpSgn10yQUJM"},"href":"https://api.spotify.com/v1/artists/37BIBvfliXJpSgn10yQUJM","id":"37BIBvfliXJpSgn10yQUJM","name":"Mr. Naisgai","type":"artist","uri":"spotify:artist:37BIBvfliXJpSgn10yQUJM"}],"available_markets":["AR","AU","AT","BE","BO","BR","BG","CA","CL","CO","CR","CY","CZ","DK","DO","DE","EC","EE","SV","FI","FR","GR","GT","HN","HK","HU","IS","IE","IT","LV","LT","LU","MY","MT","MX","NL","NZ","NI","NO","PA","PY","PE","PH","PL","PT","SG","SK","ES","SE","CH","TW","TR","UY","US","GB","AD","LI","MC","ID","JP","TH","VN","RO","IL","ZA","SA","AE","BH","QA","OM","KW","EG","MA","DZ","TN","LB","JO","PS","IN","BY","KZ","MD","UA","AL","BA","HR","ME","MK","RS","SI","KR","BD","PK","LK","GH","KE","NG","TZ","UG","AG","AM","BS","BB","BZ","BT","BW","BF","CV","CW","DM","FJ","GM","GE","GD","GW","GY","HT","JM","KI","LS","LR","MW","MV","ML","MH","FM","NA","NR","NE","PW","PG","PR","WS","SM","ST","SN","SC","SL","SB","KN","LC","VC","SR","TL","TO","TT","TV","VU","AZ","BN","BI","KH","CM","TD","KM","GQ","SZ","GA","GN","KG","LA","MO","MR","MN","NP","RW","TG","UZ","ZW","BJ","MG","MU","MZ","AO","CI","DJ","ZM","CD","CG","IQ","LY","TJ","VE","ET","XK"],"disc_number":1,"duration_ms":263451,"explicit":false,"external_urls":{"spotify":"https://open.spotify.com/track/0dDr2LgiACQVkZYJeStWh6"},"href":"https://api.spotify.com/v1/tracks/0dDr2LgiACQVkZYJeStWh6","id":"0dDr2LgiACQVkZYJeStWh6","name":"Pasaporte","preview_url":null,"track_number":14,"type":"track","uri":"spotify:track:0dDr2LgiACQVkZYJeStWh6","is_local":false},{"artists":[{"external_urls":{"spotify":"https://open.spotify.com/artist/1mcTU81TzQhprhouKaTkpq"},"href":"https://api.spotify.com/v1/artists/1mcTU81TzQhprhouKaTkpq","id":"1mcTU81TzQhprhouKaTkpq","name":"Rauw Alejandro","type":"artist","uri":"spotify:artist:1mcTU81TzQhprhouKaTkpq"}],"available_markets":["AR","AU","AT","BE","BO","BR","BG","CA","CL","CO","CR","CY","CZ","DK","DO","DE","EC","EE","SV","FI","FR","GR","GT","HN","HK","HU","IS","IE","IT","LV","LT","LU","MY","MT","MX","NL","NZ","NI","NO","PA","PY","PE","PH","PL","PT","SG","SK","ES","SE","CH","TW","TR","UY","US","GB","AD","LI","MC","ID","JP","TH","VN","RO","IL","ZA","SA","AE","BH","QA","OM","KW","EG","MA","DZ","TN","LB","JO","PS","IN","BY","KZ","MD","UA","AL","BA","HR","ME","MK","RS","SI","KR","BD","PK","LK","GH","KE","NG","TZ","UG","AG","AM","BS","BB","BZ","BT","BW","BF","CV","CW","DM","FJ","GM","GE","GD","GW","GY","HT","JM","KI","LS","LR","MW","MV","ML","MH","FM","NA","NR","NE","PW","PG","PR","WS","SM","ST","SN","SC","SL","SB","KN","LC","VC","SR","TL","TO","TT","TV","VU","AZ","BN","BI","KH","CM","TD","KM","GQ","SZ","GA","GN","KG","LA","MO","MR","MN","NP","RW","TG","UZ","ZW","BJ","MG","MU","MZ","AO","CI","DJ","ZM","CD","CG","IQ","LY","TJ","VE","ET","XK"],"disc_number":1,"duration_ms":185613,"explicit":false,"external_urls":{"spotify":"https://open.spotify.com/track/4O3EdWEn3apRHpiZxYabtl"},"href":"https://api.spotify.com/v1/tracks/4O3EdWEn3apRHpiZxYabtl","id":"4O3EdWEn3apRHpiZxYabtl","name":"Touching The Sky","preview_url":null,"track_number":15,"type":"track","uri":"spotify:track:4O3EdWEn3apRHpiZxYabtl","is_local":false},{"artists":[{"external_urls":{"spotify":"https://open.spotify.com/artist/1mcTU81TzQhprhouKaTkpq"},"href":"https://api.spotify.com/v1/artists/1mcTU81TzQhprhouKaTkpq","id":"1mcTU81TzQhprhouKaTkpq","name":"Rauw Alejandro","type":"artist","uri":"spotify:artist:1mcTU81TzQhprhouKaTkpq"}],"available_markets":["AR","AU","AT","BE","BO","BR","BG","CA","CL","CO","CR","CY","CZ","DK","DO","DE","EC","EE","SV","FI","FR","GR","GT","HN","HK","HU","IS","IE","IT","LV","LT","LU","MY","MT","MX","NL","NZ","NI","NO","PA","PY","PE","PH","PL","PT","SG","SK","ES","SE","CH","TW","TR","UY","US","GB","AD","LI","MC","ID","JP","TH","VN","RO","IL","ZA","SA","AE","BH","QA","OM","KW","EG","MA","DZ","TN","LB","JO","PS","IN","BY","KZ","MD","UA","AL","BA","HR","ME","MK","RS","SI","KR","BD","PK","LK","GH","KE","NG","TZ","UG","AG","AM","BS","BB","BZ","BT","BW","BF","CV","CW","DM","FJ","GM","GE","GD","GW","GY","HT","JM","KI","LS","LR","MW","MV","ML","MH","FM","NA","NR","NE","PW","PG","PR","WS","SM","ST","SN","SC","SL","SB","KN","LC","VC","SR","TL","TO","TT","TV","VU","AZ","BN","BI","KH","CM","TD","KM","GQ","SZ","GA","GN","KG","LA","MO","MR","MN","NP","RW","TG","UZ","ZW","BJ","MG","MU","MZ","AO","CI","DJ","ZM","CD","CG","IQ","LY","TJ","VE","ET","XK"],"disc_number":1,"duration_ms":268042,"explicit":true,"external_urls":{"spotify":"https://open.spotify.com/track/4jjFjbqCTkaN1mGb0BMYl2"},"href":"https://api.spotify.com/v1/tracks/4jjFjbqCTkaN1mGb0BMYl2","id":"4jjFjbqCTkaN1mGb0BMYl2","name":"Amar De Nuevo","preview_url":null,"track_number":16,"type":"track","uri":"spotify:track:4jjFjbqCTkaN1mGb0BMYl2","is_local":false},{"artists":[{"external_urls":{"spotify":"https://open.spotify.com/artist/1mcTU81TzQhprhouKaTkpq"},"href":"https://api.spotify.com/v1/artists/1mcTU81TzQhprhouKaTkpq","id":"1mcTU81TzQhprhouKaTkpq","name":"Rauw Alejandro","type":"artist","uri":"spotify:artist:1mcTU81TzQhprhouKaTkpq"},{"external_urls":{"spotify":"https://open.spotify.com/artist/6XTGKOV9jceQ6f67lnhpbF"},"href":"https://api.spotify.com/v1/artists/6XTGKOV9jceQ6f67lnhpbF","id":"6XTGKOV9jceQ6f67lnhpbF","name":"LATIN MAFIA","type":"artist","uri":"spotify:artist:6XTGKOV9jceQ6f67lnhpbF"}],"available_markets":["AR","AU","AT","BE","BO","BR","BG","CA","CL","CO","CR","CY","CZ","DK","DO","DE","EC","EE","SV","FI","FR","GR","GT","HN","HK","HU","IS","IE","IT","LV","LT","LU","MY","MT","MX","NL","NZ","NI","NO","PA","PY","PE","PH","PL","PT","SG","SK","ES","SE","CH","TW","TR","UY","US","GB","AD","LI","MC","ID","JP","TH","VN","RO","IL","ZA","SA","AE","BH","QA","OM","KW","EG","MA","DZ","TN","LB","JO","PS","IN","BY","KZ","MD","UA","AL","BA","HR","ME","MK","RS","SI","KR","BD","PK","LK","GH","KE","NG","TZ","UG","AG","AM","BS","BB","BZ","BT","BW","BF","CV","CW","DM","FJ","GM","GE","GD","GW","GY","HT","JM","KI","LS","LR","MW","MV","ML","MH","FM","NA","NR","NE","PW","PG","PR","WS","SM","ST","SN","SC","SL","SB","KN","LC","VC","SR","TL","TO","TT","TV","VU","AZ","BN","BI","KH","CM","TD","KM","GQ","SZ","GA","GN","KG","LA","MO","MR","MN","NP","RW","TG","UZ","ZW","BJ","MG","MU","MZ","AO","CI","DJ","ZM","CD","CG","IQ","LY","TJ","VE","ET","XK"],"disc_number":1,"duration_ms":211918,"explicit":true,"external_urls":{"spotify":"https://open.spotify.com/track/1UTLq40xh63wMrHELGnKWW"},"href":"https://api.spotify.com/v1/tracks/1UTLq40xh63wMrHELGnKWW","id":"1UTLq40xh63wMrHELGnKWW","name":"2:12 AM","preview_url":null,"track_number":17,"type":"track","uri":"spotify:track:1UTLq40xh63wMrHELGnKWW","is_local":false},{"artists":[{"external_urls":{"spotify":"https://open.spotify.com/artist/1mcTU81TzQhprhouKaTkpq"},"href":"https://api.spotify.com/v1/artists/1mcTU81TzQhprhouKaTkpq","id":"1mcTU81TzQhprhouKaTkpq","name":"Rauw Alejandro","type":"artist","uri":"spotify:artist:1mcTU81TzQhprhouKaTkpq"}],"available_markets":["AR","AU","AT","BE","BO","BR","BG","CA","CL","CO","CR","CY","CZ","DK","DO","DE","EC","EE","SV","FI","FR","GR","GT","HN","HK","HU","IS","IE","IT","LV","LT","LU","MY","MT","MX","NL","NZ","NI","NO","PA","PY","PE","PH","PL","PT","SG","SK","ES","SE","CH","TW","TR","UY","US","GB","AD","LI","MC","ID","JP","TH","VN","RO","IL","ZA","SA","AE","BH","QA","OM","KW","EG","MA","DZ","TN","LB","JO","PS","IN","BY","KZ","MD","UA","AL","BA","HR","ME","MK","RS","SI","KR","BD","PK","LK","GH","KE","NG","TZ","UG","AG","AM","BS","BB","BZ","BT","BW","BF","CV","CW","DM","FJ","GM","GE","GD","GW","GY","HT","JM","KI","LS","LR","MW","MV","ML","MH","FM","NA","NR","NE","PW","PG","PR","WS","SM","ST","SN","SC","SL","SB","KN","LC","VC","SR","TL","TO","TT","TV","VU","AZ","BN","BI","KH","CM","TD","KM","GQ","SZ","GA","GN","KG","LA","MO","MR","MN","NP","RW","TG","UZ","ZW","BJ","MG","MU","MZ","AO","CI","DJ","ZM","CD","CG","IQ","LY","TJ","VE","ET","XK"],"disc_number":1,"duration_ms":236352,"explicit":true,"external_urls":{"spotify":"https://open.spotify.com/track/63jUTfcbudnrqoPCC5Qp4i"},"href":"https://api.spotify.com/v1/tracks/63jUTfcbudnrqoPCC5Qp4i","id":"63jUTfcbudnrqoPCC5Qp4i","name":"SEXXXMACHINE","preview_url":null,"track_number":18,"type":"track","uri":"spotify:track:63jUTfcbudnrqoPCC5Qp4i","is_local":false}]},"copyrights":[{"text":"(P) 2024 Sony Music Entertainment US Latin LLC under exclusive license from Duars Entertainment Corp.","type":"P"}],"external_ids":{"upc":"196872401516"},"genres":[],"label":"Sony Music Latin/Duars Entertainment","popularity":87},{"album_type":"album","total_tracks":12,"available_markets":["AR","AU","AT","BE","BO","BR","BG","CA","CL","CO","CR","CY","CZ","DK","DO","DE","EC","EE","SV","FI","FR","GR","GT","HN","HK","HU","IS","IE","IT","LV","LT","LU","MY","MT","MX","NL","NZ","NI","NO","PA","PY","PE","PH","PL","PT","SG","SK","ES","SE","CH","TW","TR","UY","US","GB","AD","LI","MC","ID","JP","TH","VN","RO","IL","ZA","SA","AE","BH","QA","OM","KW","EG","MA","DZ","TN","LB","JO","PS","IN","KZ","MD","UA","AL","BA","HR","ME","MK","RS","SI","KR","BD","PK","LK","GH","KE","NG","TZ","UG","AG","AM","BS","BB","BZ","BT","BW","BF","CV","CW","DM","FJ","GM","GE","GD","GW","GY","HT","JM","KI","LS","LR","MW","MV","ML","MH","FM","NA","NR","NE","PW","PG","WS","SM","ST","SN","SC","SL","SB","KN","LC","VC","SR","TL","TO","TT","TV","VU","AZ","BN","BI","KH","CM","TD","KM","GQ","SZ","GA","GN","KG","LA","MO","MR","MN","NP","RW","TG","UZ","ZW","BJ","MG","MU","MZ","AO","CI","DJ","ZM","CD","CG","IQ","LY","TJ","VE","ET","XK"],"external_urls":{"spotify":"https://open.spotify.com/album/5FYFgRnlsl9Qrm1xD8cqo7"},"href":"https://api.spotify.com/v1/albums/5FYFgRnlsl9Qrm1xD8cqo7","id":"5FYFgRnlsl9Qrm1xD8cqo7","images":[{"url":"https://i.scdn.co/image/ab67616d0000b27304d6b1cca796816d03f4d698","height":640,"width":640},{"url":"https://i.scdn.co/image/ab67616d00001e0204d6b1cca796816d03f4d698","height":300,"width":300},{"url":"https://i.scdn.co/image/ab67616d0000485104d6b1cca796816d03f4d698","height":64,"width":64}],"name":"Shawn","release_date":"2024-11-15","release_date_precision":"day","type":"album","uri":"spotify:album:5FYFgRnlsl9Qrm1xD8cqo7","artists":[{"external_urls":{"spotify":"https://open.spotify.com/artist/7n2wHs1TKAczGzO7Dd2rGr"},"href":"https://api.spotify.com/v1/artists/7n2wHs1TKAczGzO7Dd2rGr","id":"7n2wHs1TKAczGzO7Dd2rGr","name":"Shawn Mendes","type":"artist","uri":"spotify:artist:7n2wHs1TKAczGzO7Dd2rGr"}],"tracks":{"href":"https://api.spotify.com/v1/albums/5FYFgRnlsl9Qrm1xD8cqo7/tracks?offset=0&limit=50","limit":50,"next":null,"offset":0,"previous":null,"total":12,"items":[{"artists":[{"external_urls":{"spotify":"https://open.spotify.com/artist/7n2wHs1TKAczGzO7Dd2rGr"},"href":"https://api.spotify.com/v1/artists/7n2wHs1TKAczGzO7Dd2rGr","id":"7n2wHs1TKAczGzO7Dd2rGr","name":"Shawn Mendes","type":"artist","uri":"spotify:artist:7n2wHs1TKAczGzO7Dd2rGr"}],"available_markets":["AR","AU","AT","BE","BO","BR","BG","CA","CL","CO","CR","CY","CZ","DK","DO","DE","EC","EE","SV","FI","FR","GR","GT","HN","HK","HU","IS","IE","IT","LV","LT","LU","MY","MT","MX","NL","NZ","NI","NO","PA","PY","PE","PH","PL","PT","SG","SK","ES","SE","CH","TW","TR","UY","US","GB","AD","LI","MC","ID","JP","TH","VN","RO","IL","ZA","SA","AE","BH","QA","OM","KW","EG","MA","DZ","TN","LB","JO","PS","IN","KZ","MD","UA","AL","BA","HR","ME","MK","RS","SI","KR","BD","PK","LK","GH","KE","NG","TZ","UG","AG","AM","BS","BB","BZ","BT","BW","BF","CV","CW","DM","FJ","GM","GE","GD","GW","GY","HT","JM","KI","LS","LR","MW","MV","ML","MH","FM","NA","NR","NE","PW","PG","WS","SM","ST","SN","SC","SL","SB","KN","LC","VC","SR","TL","TO","TT","TV","VU","AZ","BN","BI","KH","CM","TD","KM","GQ","SZ","GA","GN","KG","LA","MO","MR","MN","NP","RW","TG","UZ","ZW","BJ","MG","MU","MZ","AO","CI","DJ","ZM","CD","CG","IQ","LY","TJ","VE","ET","XK"],"disc_number":1,"duration_ms":100480,"explicit":false,"external_urls":{"spotify":"https://open.spotify.com/track/51Mmmd7P1ETIqTTt2WtUrS"},"href":"https://api.spotify.com/v1/tracks/51Mmmd7P1ETIqTTt2WtUrS","id":"51Mmmd7P1ETIqTTt2WtUrS","name":"Who I Am","preview_url":null,"track_number":1,"type":"track","uri":"spotify:track:51Mmmd7P1ETIqTTt2WtUrS","is_local":false},{"artists":[{"external_urls":{"spotify":"https://open.spotify.com/artist/7n2wHs1TKAczGzO7Dd2rGr"},"href":"https://api.spotify.com/v1/artists/7n2wHs1TKAczGzO7Dd2rGr","id":"7n2wHs1TKAczGzO7Dd2rGr","name":"Shawn Mendes","type":"artist","uri":"spotify:artist:7n2wHs1TKAczGzO7Dd2rGr"}],"available_markets":["AR","AU","AT","BE","BO","BR","BG","CA","CL","CO","CR","CY","CZ","DK","DO","DE","EC","EE","SV","FI","FR","GR","GT","HN","HK","HU","IS","IE","IT","LV","LT","LU","MY","MT","MX","NL","NZ","NI","NO","PA","PY","PE","PH","PL","PT","SG","SK","ES","SE","CH","TW","TR","UY","US","GB","AD","LI","MC","ID","JP","TH","VN","RO","IL","ZA","SA","AE","BH","QA","OM","KW","EG","MA","DZ","TN","LB","JO","PS","IN","KZ","MD","UA","AL","BA","HR","ME","MK","RS","SI","KR","BD","PK","LK","GH","KE","NG","TZ","UG","AG","AM","BS","BB","BZ","BT","BW","BF","CV","CW","DM","FJ","GM","GE","GD","GW","GY","HT","JM","KI","LS","LR","MW","MV","ML","MH","FM","NA","NR","NE","PW","PG","WS","SM","ST","SN","SC","SL","SB","KN","LC","VC","SR","TL","TO","TT","TV","VU","AZ","BN","BI","KH","CM","TD","KM","GQ","SZ","GA","GN","KG","LA","MO","MR","MN","NP","RW","TG","UZ","ZW","BJ","MG","MU","MZ","AO","CI","DJ","ZM","CD","CG","IQ","LY","TJ","VE","ET","XK"],"disc_number":1,"duration_ms":169041,"explicit":true,"external_urls":{"spotify":"https://open.spotify.com/track/0kPIcJ1Mp6m9AR9Y7UnMLR"},"href":"https://api.spotify.com/v1/tracks/0kPIcJ1Mp6m9AR9Y7UnMLR","id":"0kPIcJ1Mp6m9AR9Y7UnMLR","name":"Why Why Why","preview_url":null,"track_number":2,"type":"track","uri":"spotify:track:0kPIcJ1Mp6m9AR9Y7UnMLR","is_local":false},{"artists":[{"external_urls":{"spotify":"https://open.spotify.com/artist/7n2wHs1TKAczGzO7Dd2rGr"},"href":"https://api.spotify.com/v1/artists/7n2wHs1TKAczGzO7Dd2rGr","id":"7n2wHs1TKAczGzO7Dd2rGr","name":"Shawn Mendes","type":"artist","uri":"spotify:artist:7n2wHs1TKAczGzO7Dd2rGr"}],"available_markets":["AR","AU","AT","BE","BO","BR","BG","CA","CL","CO","CR","CY","CZ","DK","DO","DE","EC","EE","SV","FI","FR","GR","GT","HN","HK","HU","IS","IE","IT","LV","LT","LU","MY","MT","MX","NL","NZ","NI","NO","PA","PY","PE","PH","PL","PT","SG","SK","ES","SE","CH","TW","TR","UY","US","GB","AD","LI","MC","ID","JP","TH","VN","RO","IL","ZA","SA","AE","BH","QA","OM","KW","EG","MA","DZ","TN","LB","JO","PS","IN","KZ","MD","UA","AL","BA","HR","ME","MK","RS","SI","KR","BD","PK","LK","GH","KE","NG","TZ","UG","AG","AM","BS","BB","BZ","BT","BW","BF","CV","CW","DM","FJ","GM","GE","GD","GW","GY","HT","JM","KI","LS","LR","MW","MV","ML","MH","FM","NA","NR","NE","PW","PG","WS","SM","ST","SN","SC","SL","SB","KN","LC","VC","SR","TL","TO","TT","TV","VU","AZ","BN","BI","KH","CM","TD","KM","GQ","SZ","GA","GN","KG","LA","MO","MR","MN","NP","RW","TG","UZ","ZW","BJ","MG","MU","MZ","AO","CI","DJ","ZM","CD","CG","IQ","LY","TJ","VE","ET","XK"],"disc_number":1,"duration_ms":134228,"explicit":false,"external_urls":{"spotify":"https://open.spotify.com/track/6z3QR98RmvNAf2xwPDMVBV"},"href":"https://api.spotify.com/v1/tracks/6z3QR98RmvNAf2xwPDMVBV","id":"6z3QR98RmvNAf2xwPDMVBV","name":"That’s The Dream","preview_url":null,"track_number":3,"type":"track","uri":"spotify:track:6z3QR98RmvNAf2xwPDMVBV","is_local":false},{"artists":[{"external_urls":{"spotify":"https://open.spotify.com/artist/7n2wHs1TKAczGzO7Dd2rGr"},"href":"https://api.spotify.com/v1/artists/7n2wHs1TKAczGzO7Dd2rGr","id":"7n2wHs1TKAczGzO7Dd2rGr","name":"Shawn Mendes","type":"artist","uri":"spotify:artist:7n2wHs1TKAczGzO7Dd2rGr"}],"available_markets":["AR","AU","AT","BE","BO","BR","BG","CA","CL","CO","CR","CY","CZ","DK","DO","DE","EC","EE","SV","FI","FR","GR","GT","HN","HK","HU","IS","IE","IT","LV","LT","LU","MY","MT","MX","NL","NZ","NI","NO","PA","PY","PE","PH","PL","PT","SG","SK","ES","SE","CH","TW","TR","UY","US","GB","AD","LI","MC","ID","JP","TH","VN","RO","IL","ZA","SA","AE","BH","QA","OM","KW","EG","MA","DZ","TN","LB","JO","PS","IN","KZ","MD","UA","AL","BA","HR","ME","MK","RS","SI","KR","BD","PK","LK","GH","KE","NG","TZ","UG","AG","AM","BS","BB","BZ","BT","BW","BF","CV","CW","DM","FJ","GM","GE","GD","GW","GY","HT","JM","KI","LS","LR","MW","MV","ML","MH","FM","NA","NR","NE","PW","PG","WS","SM","ST","SN","SC","SL","SB","KN","LC","VC","SR","TL","TO","TT","TV","VU","AZ","BN","BI","KH","CM","TD","KM","GQ","SZ","GA","GN","KG","LA","MO","MR","MN","NP","RW","TG","UZ","ZW","BJ","MG","MU","MZ","AO","CI","DJ","ZM","CD","CG","IQ","LY","TJ","VE","ET","XK"],"disc_number":1,"duration_ms":152239,"explicit":true,"external_urls":{"spotify":"https://open.spotify.com/track/1tp5wevVu8psITUxEuBGtk"},"href":"https://api.spotify.com/v1/tracks/1tp5wevVu8psITUxEuBGtk","id":"1tp5wevVu8psITUxEuBGtk","name":"Nobody Knows","preview_url":null,"track_number":4,"type":"track","uri":"spotify:track:1tp5wevVu8psITUxEuBGtk","is_local":false},{"artists":[{"external_urls":{"spotify":"https://open.spotify.com/artist/7n2wHs1TKAczGzO7Dd2rGr"},"href":"https://api.spotify.com/v1/artists/7n2wHs1TKAczGzO7Dd2rGr","id":"7n2wHs1TKAczGzO7Dd2rGr","name":"Shawn Mendes","type":"artist","uri":"spotify:artist:7n2wHs1TKAczGzO7Dd2rGr"}],"available_markets":["AR","AU","AT","BE","BO","BR","BG","CA","CL","CO","CR","CY","CZ","DK","DO","DE","EC","EE","SV","FI","FR","GR","GT","HN","HK","HU","IS","IE","IT","LV","LT","LU","MY","MT","MX","NL","NZ","NI","NO","PA","PY","PE","PH","PL","PT","SG","SK","ES","SE","CH","TW","TR","UY","US","GB","AD","LI","MC","ID","JP","TH","VN","RO","IL","ZA","SA","AE","BH","QA","OM","KW","EG","MA","DZ","TN","LB","JO","PS","IN","KZ","MD","UA","AL","BA","HR","ME","MK","RS","SI","KR","BD","PK","LK","GH","KE","NG","TZ","UG","AG","AM","BS","BB","BZ","BT","BW","BF","CV","CW","DM","FJ","GM","GE","GD","GW","GY","HT","JM","KI","LS","LR","MW","MV","ML","MH","FM","NA","NR","NE","PW","PG","WS","SM","ST","SN","SC","SL","SB","KN","LC","VC","SR","TL","TO","TT","TV","VU","AZ","BN","BI","KH","CM","TD","KM","GQ","SZ","GA","GN","KG","LA","MO","MR","MN","NP","RW","TG","UZ","ZW","BJ","MG","MU","MZ","AO","CI","DJ","ZM","CD","CG","IQ","LY","TJ","VE","ET","XK"],"disc_number":1,"duration_ms":164700,"explicit":false,"external_urls":{"spotify":"https://open.spotify.com/track/0P85Dz3wK49uv2Nkfq8FlA"},"href":"https://api.spotify.com/v1/tracks/0P85Dz3wK49uv2Nkfq8FlA","id":"0P85Dz3wK49uv2Nkfq8FlA","name":"Isn’t That Enough","preview_url":null,"track_number":5,"type":"track","uri":"spotify:track:0P85Dz3wK49uv2Nkfq8FlA","is_local":false},{"artists":[{"external_urls":{"spotify":"https://open.spotify.com/artist/7n2wHs1TKAczGzO7Dd2rGr"},"href":"https://api.spotify.com/v1/artists/7n2wHs1TKAczGzO7Dd2rGr","id":"7n2wHs1TKAczGzO7Dd2rGr","name":"Shawn Mendes","type":"artist","uri":"spotify:artist:7n2wHs1TKAczGzO7Dd2rGr"}],"available_markets":["AR","AU","AT","BE","BO","BR","BG","CA","CL","CO","CR","CY","CZ","DK","DO","DE","EC","EE","SV","FI","FR","GR","GT","HN","HK","HU","IS","IE","IT","LV","LT","LU","MY","MT","MX","NL","NZ","NI","NO","PA","PY","PE","PH","PL","PT","SG","SK","ES","SE","CH","TW","TR","UY","US","GB","AD","LI","MC","ID","JP","TH","VN","RO","IL","ZA","SA","AE","BH","QA","OM","KW","EG","MA","DZ","TN","LB","JO","PS","IN","KZ","MD","UA","AL","BA","HR","ME","MK","RS","SI","KR","BD","PK","LK","GH","KE","NG","TZ","UG","AG","AM","BS","BB","BZ","BT","BW","BF","CV","CW","DM","FJ","GM","GE","GD","GW","GY","HT","JM","KI","LS","LR","MW","MV","ML","MH","FM","NA","NR","NE","PW","PG","WS","SM","ST","SN","SC","SL","SB","KN","LC","VC","SR","TL","TO","TT","TV","VU","AZ","BN","BI","KH","CM","TD","KM","GQ","SZ","GA","GN","KG","LA","MO","MR","MN","NP","RW","TG","UZ","ZW","BJ","MG","MU","MZ","AO","CI","DJ","ZM","CD","CG","IQ","LY","TJ","VE","ET","XK"],"disc_number":1,"duration_ms":171607,"explicit":false,"external_urls":{"spotify":"https://open.spotify.com/track/69YhwaZE5OTsijIt3Gp6P2"},"href":"https://api.spotify.com/v1/tracks/69YhwaZE5OTsijIt3Gp6P2","id":"69YhwaZE5OTsijIt3Gp6P2","name":"Heart of Gold","preview_url":null,"track_number":6,"type":"track","uri":"spotify:track:69YhwaZE5OTsijIt3Gp6P2","is_local":false},{"artists":[{"external_urls":{"spotify":"https://open.spotify.com/artist/7n2wHs1TKAczGzO7Dd2rGr"},"href":"https://api.spotify.com/v1/artists/7n2wHs1TKAczGzO7Dd2rGr","id":"7n2wHs1TKAczGzO7Dd2rGr","name":"Shawn Mendes","type":"artist","uri":"spotify:artist:7n2wHs1TKAczGzO7Dd2rGr"}],"available_markets":["AR","AU","AT","BE","BO","BR","BG","CA","CL","CO","CR","CY","CZ","DK","DO","DE","EC","EE","SV","FI","FR","GR","GT","HN","HK","HU","IS","IE","IT","LV","LT","LU","MY","MT","MX","NL","NZ","NI","NO","PA","PY","PE","PH","PL","PT","SG","SK","ES","SE","CH","TW","TR","UY","US","GB","AD","LI","MC","ID","JP","TH","VN","RO","IL","ZA","SA","AE","BH","QA","OM","KW","EG","MA","DZ","TN","LB","JO","PS","IN","KZ","MD","UA","AL","BA","HR","ME","MK","RS","SI","KR","BD","PK","LK","GH","KE","NG","TZ","UG","AG","AM","BS","BB","BZ","BT","BW","BF","CV","CW","DM","FJ","GM","GE","GD","GW","GY","HT","JM","KI","LS","LR","MW","MV","ML","MH","FM","NA","NR","NE","PW","PG","WS","SM","ST","SN","SC","SL","SB","KN","LC","VC","SR","TL","TO","TT","TV","VU","AZ","BN","BI","KH","CM","TD","KM","GQ","SZ","GA","GN","KG","LA","MO","MR","MN","NP","RW","TG","UZ","ZW","BJ","MG","MU","MZ","AO","CI","DJ","ZM","CD","CG","IQ","LY","TJ","VE","ET","XK"],"disc_number":1,"duration_ms":153985,"explicit":false,"external_urls":{"spotify":"https://open.spotify.com/track/61wNkiRpA2oLyJQYz92kZH"},"href":"https://api.spotify.com/v1/tracks/61wNkiRpA2oLyJQYz92kZH","id":"61wNkiRpA2oLyJQYz92kZH","name":"Heavy","preview_url":null,"track_number":7,"type":"track","uri":"spotify:track:61wNkiRpA2oLyJQYz92kZH","is_local":false},{"artists":[{"external_urls":{"spotify":"https://open.spotify.com/artist/7n2wHs1TKAczGzO7Dd2rGr"},"href":"https://api.spotify.com/v1/artists/7n2wHs1TKAczGzO7Dd2rGr","id":"7n2wHs1TKAczGzO7Dd2rGr","name":"Shawn Mendes","type":"artist","uri":"spotify:artist:7n2wHs1TKAczGzO7Dd2rGr"}],"available_markets":["AR","AU","AT","BE","BO","BR","BG","CA","CL","CO","CR","CY","CZ","DK","DO","DE","EC","EE","SV","FI","FR","GR","GT","HN","HK","HU","IS","IE","IT","LV","LT","LU","MY","MT","MX","NL","NZ","NI","NO","PA","PY","PE","PH","PL","PT","SG","SK","ES","SE","CH","TW","TR","UY","US","GB","AD","LI","MC","ID","JP","TH","VN","RO","IL","ZA","SA","AE","BH","QA","OM","KW","EG","MA","DZ","TN","LB","JO","PS","IN","KZ","MD","UA","AL","BA","HR","ME","MK","RS","SI","KR","BD","PK","LK","GH","KE","NG","TZ","UG","AG","AM","BS","BB","BZ","BT","BW","BF","CV","CW","DM","FJ","GM","GE","GD","GW","GY","HT","JM","KI","LS","LR","MW","MV","ML","MH","FM","NA","NR","NE","PW","PG","WS","SM","ST","SN","SC","SL","SB","KN","LC","VC","SR","TL","TO","TT","TV","VU","AZ","BN","BI","KH","CM","TD","KM","GQ","SZ","GA","GN","KG","LA","MO","MR","MN","NP","RW","TG","UZ","ZW","BJ","MG","MU","MZ","AO","CI","DJ","ZM","CD","CG","IQ","LY","TJ","VE","ET","XK"],"disc_number":1,"duration_ms":112006,"explicit":false,"external_urls":{"spotify":"https://open.spotify.com/track/0HPABADFC4UBeWP0cFUsHI"},"href":"https://api.spotify.com/v1/tracks/0HPABADFC4UBeWP0cFUsHI","id":"0HPABADFC4UBeWP0cFUsHI","name":"That’ll Be The Day","preview_url":null,"track_number":8,"type":"track","uri":"spotify:track:0HPABADFC4UBeWP0cFUsHI","is_local":false},{"artists":[{"external_urls":{"spotify":"https://open.spotify.com/artist/7n2wHs1TKAczGzO7Dd2rGr"},"href":"https://api.spotify.com/v1/artists/7n2wHs1TKAczGzO7Dd2rGr","id":"7n2wHs1TKAczGzO7Dd2rGr","name":"Shawn Mendes","type":"artist","uri":"spotify:artist:7n2wHs1TKAczGzO7Dd2rGr"}],"available_markets":["AR","AU","AT","BE","BO","BR","BG","CA","CL","CO","CR","CY","CZ","DK","DO","DE","EC","EE","SV","FI","FR","GR","GT","HN","HK","HU","IS","IE","IT","LV","LT","LU","MY","MT","MX","NL","NZ","NI","NO","PA","PY","PE","PH","PL","PT","SG","SK","ES","SE","CH","TW","TR","UY","US","GB","AD","LI","MC","ID","JP","TH","VN","RO","IL","ZA","SA","AE","BH","QA","OM","KW","EG","MA","DZ","TN","LB","JO","PS","IN","KZ","MD","UA","AL","BA","HR","ME","MK","RS","SI","KR","BD","PK","LK","GH","KE","NG","TZ","UG","AG","AM","BS","BB","BZ","BT","BW","BF","CV","CW","DM","FJ","GM","GE","GD","GW","GY","HT","JM","KI","LS","LR","MW","MV","ML","MH","FM","NA","NR","NE","PW","PG","WS","SM","ST","SN","SC","SL","SB","KN","LC","VC","SR","TL","TO","TT","TV","VU","AZ","BN","BI","KH","CM","TD","KM","GQ","SZ","GA","GN","KG","LA","MO","MR","MN","NP","RW","TG","UZ","ZW","BJ","MG","MU","MZ","AO","CI","DJ","ZM","CD","CG","IQ","LY","TJ","VE","ET","XK"],"disc_number":1,"duration_ms":117366,"explicit":false,"external_urls":{"spotify":"https://open.spotify.com/track/34DIs8VG5CBKkOVSppTV6a"},"href":"https://api.spotify.com/v1/tracks/34DIs8VG5CBKkOVSppTV6a","id":"34DIs8VG5CBKkOVSppTV6a","name":"In Between","preview_url":null,"track_number":9,"type":"track","uri":"spotify:track:34DIs8VG5CBKkOVSppTV6a","is_local":false},{"artists":[{"external_urls":{"spotify":"https://open.spotify.com/artist/7n2wHs1TKAczGzO7Dd2rGr"},"href":"https://api.spotify.com/v1/artists/7n2wHs1TKAczGzO7Dd2rGr","id":"7n2wHs1TKAczGzO7Dd2rGr","name":"Shawn Mendes","type":"artist","uri":"spotify:artist:7n2wHs1TKAczGzO7Dd2rGr"}],"available_markets":["AR","AU","AT","BE","BO","BR","BG","CA","CL","CO","CR","CY","CZ","DK","DO","DE","EC","EE","SV","FI","FR","GR","GT","HN","HK","HU","IS","IE","IT","LV","LT","LU","MY","MT","MX","NL","NZ","NI","NO","PA","PY","PE","PH","PL","PT","SG","SK","ES","SE","CH","TW","TR","UY","US","GB","AD","LI","MC","ID","JP","TH","VN","RO","IL","ZA","SA","AE","BH","QA","OM","KW","EG","MA","DZ","TN","LB","JO","PS","IN","KZ","MD","UA","AL","BA","HR","ME","MK","RS","SI","KR","BD","PK","LK","GH","KE","NG","TZ","UG","AG","AM","BS","BB","BZ","BT","BW","BF","CV","CW","DM","FJ","GM","GE","GD","GW","GY","HT","JM","KI","LS","LR","MW","MV","ML","MH","FM","NA","NR","NE","PW","PG","WS","SM","ST","SN","SC","SL","SB","KN","LC","VC","SR","TL","TO","TT","TV","VU","AZ","BN","BI","KH","CM","TD","KM","GQ","SZ","GA","GN","KG","LA","MO","MR","MN","NP","RW","TG","UZ","ZW","BJ","MG","MU","MZ","AO","CI","DJ","ZM","CD","CG","IQ","LY","TJ","VE","ET","XK"],"disc_number":1,"duration_ms":175750,"explicit":false,"external_urls":{"spotify":"https://open.spotify.com/track/1ATWVZj4ukcMcQHRZ6KxvU"},"href":"https://api.spotify.com/v1/tracks/1ATWVZj4ukcMcQHRZ6KxvU","id":"1ATWVZj4ukcMcQHRZ6KxvU","name":"The Mountain","preview_url":null,"track_number":10,"type":"track","uri":"spotify:track:1ATWVZj4ukcMcQHRZ6KxvU","is_local":false},{"artists":[{"external_urls":{"spotify":"https://open.spotify.com/artist/7n2wHs1TKAczGzO7Dd2rGr"},"href":"https://api.spotify.com/v1/artists/7n2wHs1TKAczGzO7Dd2rGr","id":"7n2wHs1TKAczGzO7Dd2rGr","name":"Shawn Mendes","type":"artist","uri":"spotify:artist:7n2wHs1TKAczGzO7Dd2rGr"}],"available_markets":["AR","AU","AT","BE","BO","BR","BG","CA","CL","CO","CR","CY","CZ","DK","DO","DE","EC","EE","SV","FI","FR","GR","GT","HN","HK","HU","IS","IE","IT","LV","LT","LU","MY","MT","MX","NL","NZ","NI","NO","PA","PY","PE","PH","PL","PT","SG","SK","ES","SE","CH","TW","TR","UY","US","GB","AD","LI","MC","ID","JP","TH","VN","RO","IL","ZA","SA","AE","BH","QA","OM","KW","EG","MA","DZ","TN","LB","JO","PS","IN","KZ","MD","UA","AL","BA","HR","ME","MK","RS","SI","KR","BD","PK","LK","GH","KE","NG","TZ","UG","AG","AM","BS","BB","BZ","BT","BW","BF","CV","CW","DM","FJ","GM","GE","GD","GW","GY","HT","JM","KI","LS","LR","MW","MV","ML","MH","FM","NA","NR","NE","PW","PG","WS","SM","ST","SN","SC","SL","SB","KN","LC","VC","SR","TL","TO","TT","TV","VU","AZ","BN","BI","KH","CM","TD","KM","GQ","SZ","GA","GN","KG","LA","MO","MR","MN","NP","RW","TG","UZ","ZW","BJ","MG","MU","MZ","AO","CI","DJ","ZM","CD","CG","IQ","LY","TJ","VE","ET","XK"],"disc_number":1,"duration_ms":159449,"explicit":false,"external_urls":{"spotify":"https://open.spotify.com/track/0gDIsF458XtmsL67aYqSj7"},"href":"https://api.spotify.com/v1/tracks/0gDIsF458XtmsL67aYqSj7","id":"0gDIsF458XtmsL67aYqSj7","name":"Rollin’ Right Along","preview_url":null,"track_number":11,"type":"track","uri":"spotify:track:0gDIsF458XtmsL67aYqSj7","is_local":false},{"artists":[{"external_urls":{"spotify":"https://open.spotify.com/artist/7n2wHs1TKAczGzO7Dd2rGr"},"href":"https://api.spotify.com/v1/artists/7n2wHs1TKAczGzO7Dd2rGr","id":"7n2wHs1TKAczGzO7Dd2rGr","name":"Shawn Mendes","type":"artist","uri":"spotify:artist:7n2wHs1TKAczGzO7Dd2rGr"}],"available_markets":["AR","AU","AT","BE","BO","BR","BG","CA","CL","CO","CR","CY","CZ","DK","DO","DE","EC","EE","SV","FI","FR","GR","GT","HN","HK","HU","IS","IE","IT","LV","LT","LU","MY","MT","MX","NL","NZ","NI","NO","PA","PY","PE","PH","PL","PT","SG","SK","ES","SE","CH","TW","TR","UY","US","GB","AD","LI","MC","ID","JP","TH","VN","RO","IL","ZA","SA","AE","BH","QA","OM","KW","EG","MA","DZ","TN","LB","JO","PS","IN","KZ","MD","UA","AL","BA","HR","ME","MK","RS","SI","KR","BD","PK","LK","GH","KE","NG","TZ","UG","AG","AM","BS","BB","BZ","BT","BW","BF","CV","CW","DM","FJ","GM","GE","GD","GW","GY","HT","JM","KI","LS","LR","MW","MV","ML","MH","FM","NA","NR","NE","PW","PG","WS","SM","ST","SN","SC","SL","SB","KN","LC","VC","SR","TL","TO","TT","TV","VU","AZ","BN","BI","KH","CM","TD","KM","GQ","SZ","GA","GN","KG","LA","MO","MR","MN","NP","RW","TG","UZ","ZW","BJ","MG","MU","MZ","AO","CI","DJ","ZM","CD","CG","IQ","LY","TJ","VE","ET","XK"],"disc_number":1,"duration_ms":225647,"explicit":false,"external_urls":{"spotify":"https://open.spotify.com/track/5Q6csOncSmExJREyIssHqe"},"href":"https://api.spotify.com/v1/tracks/5Q6csOncSmExJREyIssHqe","id":"5Q6csOncSmExJREyIssHqe","name":"Hallelujah","preview_url":null,"track_number":12,"type":"track","uri":"spotify:track:5Q6csOncSmExJREyIssHqe","is_local":false}]},"copyrights":[{"text":"© 2024 Island Records, a division of UMG Recordings, Inc.","type":"C"},{"text":"℗ 2024 Island Records, a division of UMG Recordings, Inc.","type":"P"}],"external_ids":{"upc":"00602475081319"},"genres":[],"label":"Island Records","popularity":68},{"album_type":"album","total_tracks":14,"available_markets":["AR","AU","AT","BE","BO","BR","BG","CA","CL","CR","CY","CZ","DK","DO","DE","EC","EE","SV","FI","FR","GR","GT","HN","HK","HU","IS","IE","IT","LV","LT","LU","MY","MT","MX","NL","NZ","NI","NO","PA","PY","PE","PH","PL","PT","SG","SK","ES","SE","CH","TW","TR","UY","US","GB","AD","LI","MC","ID","JP","TH","VN","RO","IL","ZA","SA","AE","BH","QA","OM","KW","EG","MA","DZ","TN","LB","JO","PS","IN","BY","KZ","MD","UA","AL","BA","HR","ME","MK","RS","SI","KR","BD","PK","LK","GH","KE","NG","TZ","UG","AG","AM","BS","BB","BZ","BT","BW","BF","CV","CW","DM","FJ","GM","GE","GD","GW","GY","HT","JM","KI","LS","LR","MW","MV","ML","MH","FM","NA","NR","NE","PW","PG","PR","WS","SM","ST","SN","SC","SL","SB","KN","LC","VC","SR","TL","TO","TT","TV","VU","AZ","BN","BI","KH","CM","TD","KM","GQ","SZ","GA","GN","KG","LA","MO","MR","MN","NP","RW","TG","UZ","ZW","BJ","MG","MU","MZ","AO","CI","DJ","ZM","CD","CG","IQ","LY","TJ","VE","ET","XK"],"external_urls":{"spotify":"https://open.spotify.com/album/0leCm7DasgqP70lhOVeXyU"},"href":"https://api.spotify.com/v1/albums/0leCm7DasgqP70lhOVeXyU","id":"0leCm7DasgqP70lhOVeXyU","images":[{"url":"https://i.scdn.co/image/ab67616d0000b273e748e914c867ea0a80849efa","height":640,"width":640},{"url":"https://i.scdn.co/image/ab67616d00001e02e748e914c867ea0a80849efa","height":300,"width":300},{"url":"https://i.scdn.co/image/ab67616d00004851e748e914c867ea0a80849efa","height":64,"width":64}],"name":"INSOMNIO","release_date":"2024-09-06","release_date_precision":"day","type":"album","uri":"spotify:album:0leCm7DasgqP70lhOVeXyU","artists":[{"external_urls":{"spotify":"https://open.spotify.com/artist/1SupJlEpv7RS2tPNRaHViT"},"href":"https://api.spotify.com/v1/artists/1SupJlEpv7RS2tPNRaHViT","id":"1SupJlEpv7RS2tPNRaHViT","name":"Nicky Jam","type":"artist","uri":"spotify:artist:1SupJlEpv7RS2tPNRaHViT"}],"tracks":{"href":"https://api.spotify.com/v1/albums/0leCm7DasgqP70lhOVeXyU/tracks?offset=0&limit=50","limit":50,"next":null,"offset":0,"previous":null,"total":14,"items":[{"artists":[{"external_urls":{"spotify":"https://open.spotify.com/artist/1SupJlEpv7RS2tPNRaHViT"},"href":"https://api.spotify.com/v1/artists/1SupJlEpv7RS2tPNRaHViT","id":"1SupJlEpv7RS2tPNRaHViT","name":"Nicky Jam","type":"artist","uri":"spotify:artist:1SupJlEpv7RS2tPNRaHViT"},{"external_urls":{"spotify":"https://open.spotify.com/artist/5XJDexmWFLWOkjOEjOVX3e"},"href":"https://api.spotify.com/v1/artists/5XJDexmWFLWOkjOEjOVX3e","id":"5XJDexmWFLWOkjOEjOVX3e","name":"Eladio Carrion","type":"artist","uri":"spotify:artist:5XJDexmWFLWOkjOEjOVX3e"}],"available_markets":["AR","AU","AT","BE","BO","BR","BG","CA","CL","CR","CY","CZ","DK","DO","DE","EC","EE","SV","FI","FR","GR","GT","HN","HK","HU","IS","IE","IT","LV","LT","LU","MY","MT","MX","NL","NZ","NI","NO","PA","PY","PE","PH","PL","PT","SG","SK","ES","SE","CH","TW","TR","UY","US","GB","AD","LI","MC","ID","JP","TH","VN","RO","IL","ZA","SA","AE","BH","QA","OM","KW","EG","MA","DZ","TN","LB","JO","PS","IN","BY","KZ","MD","UA","AL","BA","HR","ME","MK","RS","SI","KR","BD","PK","LK","GH","KE","NG","TZ","UG","AG","AM","BS","BB","BZ","BT","BW","BF","CV","CW","DM","FJ","GM","GE","GD","GW","GY","HT","JM","KI","LS","LR","MW","MV","ML","MH","FM","NA","NR","NE","PW","PG","PR","WS","SM","ST","SN","SC","SL","SB","KN","LC","VC","SR","TL","TO","TT","TV","VU","AZ","BN","BI","KH","CM","TD","KM","GQ","SZ","GA","GN","KG","LA","MO","MR","MN","NP","RW","TG","UZ","ZW","BJ","MG","MU","MZ","AO","CI","DJ","ZM","CD","CG","IQ","LY","TJ","VE","ET","XK"],"disc_number":1,"duration_ms":225000,"explicit":false,"external_urls":{"spotify":"https://open.spotify.com/track/0VB76TEvea9xPrOGSDQIgk"},"href":"https://api.spotify.com/v1/tracks/57y57yVtsGSVrtcWPOktjY","id":"57y57yVtsGSVrtcWPOktjY","linked_from":{"external_urls":{"spotify":"https://open.spotify.com/track/0VB76TEvea9xPrOGSDQIgk"},"href":"https://api.spotify.com/v1/tracks/0VB76TEvea9xPrOGSDQIgk","id":"0VB76TEvea9xPrOGSDQIgk","type":"track","uri":"spotify:track:0VB76TEvea9xPrOGSDQIgk"},"name":"EMPLEADO","preview_url":null,"track_number":1,"type":"track","uri":"spotify:track:57y57yVtsGSVrtcWPOktjY","is_local":false},{"artists":[{"external_urls":{"spotify":"https://open.spotify.com/artist/1SupJlEpv7RS2tPNRaHViT"},"href":"https://api.spotify.com/v1/artists/1SupJlEpv7RS2tPNRaHViT","id":"1SupJlEpv7RS2tPNRaHViT","name":"Nicky Jam","type":"artist","uri":"spotify:artist:1SupJlEpv7RS2tPNRaHViT"},{"external_urls":{"spotify":"https://open.spotify.com/artist/4axKuDPr6WKcDCyh8vueTY"},"href":"https://api.spotify.com/v1/artists/4axKuDPr6WKcDCyh8vueTY","id":"4axKuDPr6WKcDCyh8vueTY","name":"Luar La L","type":"artist","uri":"spotify:artist:4axKuDPr6WKcDCyh8vueTY"}],"available_markets":["AR","AU","AT","BE","BO","BR","BG","CA","CL","CR","CY","CZ","DK","DO","DE","EC","EE","SV","FI","FR","GR","GT","HN","HK","HU","IS","IE","IT","LV","LT","LU","MY","MT","MX","NL","NZ","NI","NO","PA","PY","PE","PH","PL","PT","SG","SK","ES","SE","CH","TW","TR","UY","US","GB","AD","LI","MC","ID","JP","TH","VN","RO","IL","ZA","SA","AE","BH","QA","OM","KW","EG","MA","DZ","TN","LB","JO","PS","IN","BY","KZ","MD","UA","AL","BA","HR","ME","MK","RS","SI","KR","BD","PK","LK","GH","KE","NG","TZ","UG","AG","AM","BS","BB","BZ","BT","BW","BF","CV","CW","DM","FJ","GM","GE","GD","GW","GY","HT","JM","KI","LS","LR","MW","MV","ML","MH","FM","NA","NR","NE","PW","PG","PR","WS","SM","ST","SN","SC","SL","SB","KN","LC","VC","SR","TL","TO","TT","TV","VU","AZ","BN","BI","KH","CM","TD","KM","GQ","SZ","GA","GN","KG","LA","MO","MR","MN","NP","RW","TG","UZ","ZW","BJ","MG","MU","MZ","AO","CI","DJ","ZM","CD","CG","IQ","LY","TJ","VE","ET","XK"],"disc_number":1,"duration_ms":210223,"explicit":false,"external_urls":{"spotify":"https://open.spotify.com/track/7EaQ16Nq8bdc2A1CBOCwQU"},"href":"https://api.spotify.com/v1/tracks/78OLLHICfTVD6Vx4Z2iDLv","id":"78OLLHICfTVD6Vx4Z2iDLv","linked_from":{"external_urls":{"spotify":"https://open.spotify.com/track/7EaQ16Nq8bdc2A1CBOCwQU"},"href":"https://api.spotify.com/v1/tracks/7EaQ16Nq8bdc2A1CBOCwQU","id":"7EaQ16Nq8bdc2A1CBOCwQU","type":"track","uri":"spotify:track:7EaQ16Nq8bdc2A1CBOCwQU"},"name":"LA CYBER","preview_url":null,"track_number":2,"type":"track","uri":"spotify:track:78OLLHICfTVD6Vx4Z2iDLv","is_local":false},{"artists":[{"external_urls":{"spotify":"https://open.spotify.com/artist/1SupJlEpv7RS2tPNRaHViT"},"href":"https://api.spotify.com/v1/artists/1SupJlEpv7RS2tPNRaHViT","id":"1SupJlEpv7RS2tPNRaHViT","name":"Nicky Jam","type":"artist","uri":"spotify:artist:1SupJlEpv7RS2tPNRaHViT"},{"external_urls":{"spotify":"https://open.spotify.com/artist/3Isy6kedDrgPYoTS1dazA9"},"href":"https://api.spotify.com/v1/artists/3Isy6kedDrgPYoTS1dazA9","id":"3Isy6kedDrgPYoTS1dazA9","name":"Sean Paul","type":"artist","uri":"spotify:artist:3Isy6kedDrgPYoTS1dazA9"}],"available_markets":["AR","AU","AT","BE","BO","BR","BG","CA","CL","CR","CY","CZ","DK","DO","DE","EC","EE","SV","FI","FR","GR","GT","HN","HK","HU","IS","IE","IT","LV","LT","LU","MY","MT","MX","NL","NZ","NI","NO","PA","PY","PE","PH","PL","PT","SG","SK","ES","SE","CH","TW","TR","UY","US","GB","AD","LI","MC","ID","JP","TH","VN","RO","IL","ZA","SA","AE","BH","QA","OM","KW","EG","MA","DZ","TN","LB","JO","PS","IN","BY","KZ","MD","UA","AL","BA","HR","ME","MK","RS","SI","KR","BD","PK","LK","GH","KE","NG","TZ","UG","AG","AM","BS","BB","BZ","BT","BW","BF","CV","CW","DM","FJ","GM","GE","GD","GW","GY","HT","JM","KI","LS","LR","MW","MV","ML","MH","FM","NA","NR","NE","PW","PG","PR","WS","SM","ST","SN","SC","SL","SB","KN","LC","VC","SR","TL","TO","TT","TV","VU","AZ","BN","BI","KH","CM","TD","KM","GQ","SZ","GA","GN","KG","LA","MO","MR","MN","NP","RW","TG","UZ","ZW","BJ","MG","MU","MZ","AO","CI","DJ","ZM","CD","CG","IQ","LY","TJ","VE","ET","XK"],"disc_number":1,"duration_ms":185567,"explicit":false,"external_urls":{"spotify":"https://open.spotify.com/track/44k60cNCgfT9hCeT4NGEjy"},"href":"https://api.spotify.com/v1/tracks/0pTKVLK0GFRO0stkO3uYFN","id":"0pTKVLK0GFRO0stkO3uYFN","linked_from":{"external_urls":{"spotify":"https://open.spotify.com/track/44k60cNCgfT9hCeT4NGEjy"},"href":"https://api.spotify.com/v1/tracks/44k60cNCgfT9hCeT4NGEjy","id":"44k60cNCgfT9hCeT4NGEjy","type":"track","uri":"spotify:track:44k60cNCgfT9hCeT4NGEjy"},"name":"CASÁNDOTE","preview_url":null,"track_number":3,"type":"track","uri":"spotify:track:0pTKVLK0GFRO0stkO3uYFN","is_local":false},{"artists":[{"external_urls":{"spotify":"https://open.spotify.com/artist/1SupJlEpv7RS2tPNRaHViT"},"href":"https://api.spotify.com/v1/artists/1SupJlEpv7RS2tPNRaHViT","id":"1SupJlEpv7RS2tPNRaHViT","name":"Nicky Jam","type":"artist","uri":"spotify:artist:1SupJlEpv7RS2tPNRaHViT"}],"available_markets":["AR","AU","AT","BE","BO","BR","BG","CA","CL","CR","CY","CZ","DK","DO","DE","EC","EE","SV","FI","FR","GR","GT","HN","HK","HU","IS","IE","IT","LV","LT","LU","MY","MT","MX","NL","NZ","NI","NO","PA","PY","PE","PH","PL","PT","SG","SK","ES","SE","CH","TW","TR","UY","US","GB","AD","LI","MC","ID","JP","TH","VN","RO","IL","ZA","SA","AE","BH","QA","OM","KW","EG","MA","DZ","TN","LB","JO","PS","IN","BY","KZ","MD","UA","AL","BA","HR","ME","MK","RS","SI","KR","BD","PK","LK","GH","KE","NG","TZ","UG","AG","AM","BS","BB","BZ","BT","BW","BF","CV","CW","DM","FJ","GM","GE","GD","GW","GY","HT","JM","KI","LS","LR","MW","MV","ML","MH","FM","NA","NR","NE","PW","PG","PR","WS","SM","ST","SN","SC","SL","SB","KN","LC","VC","SR","TL","TO","TT","TV","VU","AZ","BN","BI","KH","CM","TD","KM","GQ","SZ","GA","GN","KG","LA","MO","MR","MN","NP","RW","TG","UZ","ZW","BJ","MG","MU","MZ","AO","CI","DJ","ZM","CD","CG","IQ","LY","TJ","VE","ET","XK"],"disc_number":1,"duration_ms":218710,"explicit":false,"external_urls":{"spotify":"https://open.spotify.com/track/2qDMB89FqbUVHghmfU5ol9"},"href":"https://api.spotify.com/v1/tracks/1ZTnjehJmqS7xuVSTbqesa","id":"1ZTnjehJmqS7xuVSTbqesa","linked_from":{"external_urls":{"spotify":"https://open.spotify.com/track/2qDMB89FqbUVHghmfU5ol9"},"href":"https://api.spotify.com/v1/tracks/2qDMB89FqbUVHghmfU5ol9","id":"2qDMB89FqbUVHghmfU5ol9","type":"track","uri":"spotify:track:2qDMB89FqbUVHghmfU5ol9"},"name":"INSOMNIO","preview_url":null,"track_number":4,"type":"track","uri":"spotify:track:1ZTnjehJmqS7xuVSTbqesa","is_local":false},{"artists":[{"external_urls":{"spotify":"https://open.spotify.com/artist/1SupJlEpv7RS2tPNRaHViT"},"href":"https://api.spotify.com/v1/artists/1SupJlEpv7RS2tPNRaHViT","id":"1SupJlEpv7RS2tPNRaHViT","name":"Nicky Jam","type":"artist","uri":"spotify:artist:1SupJlEpv7RS2tPNRaHViT"},{"external_urls":{"spotify":"https://open.spotify.com/artist/7a0XAaPaK2aDSqa8p3QnC7"},"href":"https://api.spotify.com/v1/artists/7a0XAaPaK2aDSqa8p3QnC7","id":"7a0XAaPaK2aDSqa8p3QnC7","name":"Beéle","type":"artist","uri":"spotify:artist:7a0XAaPaK2aDSqa8p3QnC7"}],"available_markets":["AR","AU","AT","BE","BO","BR","BG","CA","CL","CR","CY","CZ","DK","DO","DE","EC","EE","SV","FI","FR","GR","GT","HN","HK","HU","IS","IE","IT","LV","LT","LU","MY","MT","MX","NL","NZ","NI","NO","PA","PY","PE","PH","PL","PT","SG","SK","ES","SE","CH","TW","TR","UY","US","GB","AD","LI","MC","ID","JP","TH","VN","RO","IL","ZA","SA","AE","BH","QA","OM","KW","EG","MA","DZ","TN","LB","JO","PS","IN","BY","KZ","MD","UA","AL","BA","HR","ME","MK","RS","SI","KR","BD","PK","LK","GH","KE","NG","TZ","UG","AG","AM","BS","BB","BZ","BT","BW","BF","CV","CW","DM","FJ","GM","GE","GD","GW","GY","HT","JM","KI","LS","LR","MW","MV","ML","MH","FM","NA","NR","NE","PW","PG","PR","WS","SM","ST","SN","SC","SL","SB","KN","LC","VC","SR","TL","TO","TT","TV","VU","AZ","BN","BI","KH","CM","TD","KM","GQ","SZ","GA","GN","KG","LA","MO","MR","MN","NP","RW","TG","UZ","ZW","BJ","MG","MU","MZ","AO","CI","DJ","ZM","CD","CG","IQ","LY","TJ","VE","ET","XK"],"disc_number":1,"duration_ms":200769,"explicit":false,"external_urls":{"spotify":"https://open.spotify.com/track/5g54T6doN39ejttzpz0uq1"},"href":"https://api.spotify.com/v1/tracks/24pBmVh9RhHewoZxFiHYz4","id":"24pBmVh9RhHewoZxFiHYz4","linked_from":{"external_urls":{"spotify":"https://open.spotify.com/track/5g54T6doN39ejttzpz0uq1"},"href":"https://api.spotify.com/v1/tracks/5g54T6doN39ejttzpz0uq1","id":"5g54T6doN39ejttzpz0uq1","type":"track","uri":"spotify:track:5g54T6doN39ejttzpz0uq1"},"name":"CALOR","preview_url":null,"track_number":5,"type":"track","uri":"spotify:track:24pBmVh9RhHewoZxFiHYz4","is_local":false},{"artists":[{"external_urls":{"spotify":"https://open.spotify.com/artist/1SupJlEpv7RS2tPNRaHViT"},"href":"https://api.spotify.com/v1/artists/1SupJlEpv7RS2tPNRaHViT","id":"1SupJlEpv7RS2tPNRaHViT","name":"Nicky Jam","type":"artist","uri":"spotify:artist:1SupJlEpv7RS2tPNRaHViT"}],"available_markets":["AR","AU","AT","BE","BO","BR","BG","CA","CL","CR","CY","CZ","DK","DO","DE","EC","EE","SV","FI","FR","GR","GT","HN","HK","HU","IS","IE","IT","LV","LT","LU","MY","MT","MX","NL","NZ","NI","NO","PA","PY","PE","PH","PL","PT","SG","SK","ES","SE","CH","TW","TR","UY","US","GB","AD","LI","MC","ID","JP","TH","VN","RO","IL","ZA","SA","AE","BH","QA","OM","KW","EG","MA","DZ","TN","LB","JO","PS","IN","BY","KZ","MD","UA","AL","BA","HR","ME","MK","RS","SI","KR","BD","PK","LK","GH","KE","NG","TZ","UG","AG","AM","BS","BB","BZ","BT","BW","BF","CV","CW","DM","FJ","GM","GE","GD","GW","GY","HT","JM","KI","LS","LR","MW","MV","ML","MH","FM","NA","NR","NE","PW","PG","PR","WS","SM","ST","SN","SC","SL","SB","KN","LC","VC","SR","TL","TO","TT","TV","VU","AZ","BN","BI","KH","CM","TD","KM","GQ","SZ","GA","GN","KG","LA","MO","MR","MN","NP","RW","TG","UZ","ZW","BJ","MG","MU","MZ","AO","CI","DJ","ZM","CD","CG","IQ","LY","TJ","VE","ET","XK"],"disc_number":1,"duration_ms":188387,"explicit":false,"external_urls":{"spotify":"https://open.spotify.com/track/732MZ9Z2bY8WeBzzAIjsi2"},"href":"https://api.spotify.com/v1/tracks/08l8Sjb21RTdtfXtUYniVM","id":"08l8Sjb21RTdtfXtUYniVM","linked_from":{"external_urls":{"spotify":"https://open.spotify.com/track/732MZ9Z2bY8WeBzzAIjsi2"},"href":"https://api.spotify.com/v1/tracks/732MZ9Z2bY8WeBzzAIjsi2","id":"732MZ9Z2bY8WeBzzAIjsi2","type":"track","uri":"spotify:track:732MZ9Z2bY8WeBzzAIjsi2"},"name":"EL BAR","preview_url":null,"track_number":6,"type":"track","uri":"spotify:track:08l8Sjb21RTdtfXtUYniVM","is_local":false},{"artists":[{"external_urls":{"spotify":"https://open.spotify.com/artist/1SupJlEpv7RS2tPNRaHViT"},"href":"https://api.spotify.com/v1/artists/1SupJlEpv7RS2tPNRaHViT","id":"1SupJlEpv7RS2tPNRaHViT","name":"Nicky Jam","type":"artist","uri":"spotify:artist:1SupJlEpv7RS2tPNRaHViT"},{"external_urls":{"spotify":"https://open.spotify.com/artist/7j6DKwmjbxvpQO8h914uEz"},"href":"https://api.spotify.com/v1/artists/7j6DKwmjbxvpQO8h914uEz","id":"7j6DKwmjbxvpQO8h914uEz","name":"Ryan Castro","type":"artist","uri":"spotify:artist:7j6DKwmjbxvpQO8h914uEz"}],"available_markets":["AR","AU","AT","BE","BO","BR","BG","CA","CL","CR","CY","CZ","DK","DO","DE","EC","EE","SV","FI","FR","GR","GT","HN","HK","HU","IS","IE","IT","LV","LT","LU","MY","MT","MX","NL","NZ","NI","NO","PA","PY","PE","PH","PL","PT","SG","SK","ES","SE","CH","TW","TR","UY","US","GB","AD","LI","MC","ID","JP","TH","VN","RO","IL","ZA","SA","AE","BH","QA","OM","KW","EG","MA","DZ","TN","LB","JO","PS","IN","BY","KZ","MD","UA","AL","BA","HR","ME","MK","RS","SI","KR","BD","PK","LK","GH","KE","NG","TZ","UG","AG","AM","BS","BB","BZ","BT","BW","BF","CV","CW","DM","FJ","GM","GE","GD","GW","GY","HT","JM","KI","LS","LR","MW","MV","ML","MH","FM","NA","NR","NE","PW","PG","PR","WS","SM","ST","SN","SC","SL","SB","KN","LC","VC","SR","TL","TO","TT","TV","VU","AZ","BN","BI","KH","CM","TD","KM","GQ","SZ","GA","GN","KG","LA","MO","MR","MN","NP","RW","TG","UZ","ZW","BJ","MG","MU","MZ","AO","CI","DJ","ZM","CD","CG","IQ","LY","TJ","VE","ET","XK"],"disc_number":1,"duration_ms":185806,"explicit":true,"external_urls":{"spotify":"https://open.spotify.com/track/6LzlBbZYcpTeRVHVqLGR1o"},"href":"https://api.spotify.com/v1/tracks/6TUOYo2LQGHxoiytGkwoGw","id":"6TUOYo2LQGHxoiytGkwoGw","linked_from":{"external_urls":{"spotify":"https://open.spotify.com/track/6LzlBbZYcpTeRVHVqLGR1o"},"href":"https://api.spotify.com/v1/tracks/6LzlBbZYcpTeRVHVqLGR1o","id":"6LzlBbZYcpTeRVHVqLGR1o","type":"track","uri":"spotify:track:6LzlBbZYcpTeRVHVqLGR1o"},"name":"CHICOKIS","preview_url":null,"track_number":7,"type":"track","uri":"spotify:track:6TUOYo2LQGHxoiytGkwoGw","is_local":false},{"artists":[{"external_urls":{"spotify":"https://open.spotify.com/artist/1SupJlEpv7RS2tPNRaHViT"},"href":"https://api.spotify.com/v1/artists/1SupJlEpv7RS2tPNRaHViT","id":"1SupJlEpv7RS2tPNRaHViT","name":"Nicky Jam","type":"artist","uri":"spotify:artist:1SupJlEpv7RS2tPNRaHViT"}],"available_markets":["AR","AU","AT","BE","BO","BR","BG","CA","CL","CR","CY","CZ","DK","DO","DE","EC","EE","SV","FI","FR","GR","GT","HN","HK","HU","IS","IE","IT","LV","LT","LU","MY","MT","MX","NL","NZ","NI","NO","PA","PY","PE","PH","PL","PT","SG","SK","ES","SE","CH","TW","TR","UY","US","GB","AD","LI","MC","ID","JP","TH","VN","RO","IL","ZA","SA","AE","BH","QA","OM","KW","EG","MA","DZ","TN","LB","JO","PS","IN","BY","KZ","MD","UA","AL","BA","HR","ME","MK","RS","SI","KR","BD","PK","LK","GH","KE","NG","TZ","UG","AG","AM","BS","BB","BZ","BT","BW","BF","CV","CW","DM","FJ","GM","GE","GD","GW","GY","HT","JM","KI","LS","LR","MW","MV","ML","MH","FM","NA","NR","NE","PW","PG","PR","WS","SM","ST","SN","SC","SL","SB","KN","LC","VC","SR","TL","TO","TT","TV","VU","AZ","BN","BI","KH","CM","TD","KM","GQ","SZ","GA","GN","KG","LA","MO","MR","MN","NP","RW","TG","UZ","ZW","BJ","MG","MU","MZ","AO","CI","DJ","ZM","CD","CG","IQ","LY","TJ","VE","ET","XK"],"disc_number":1,"duration_ms":195398,"explicit":false,"external_urls":{"spotify":"https://open.spotify.com/track/779RWYUUGau6rrt2EVQLbC"},"href":"https://api.spotify.com/v1/tracks/5EWSSnN0RdbscTWax0QecQ","id":"5EWSSnN0RdbscTWax0QecQ","linked_from":{"external_urls":{"spotify":"https://open.spotify.com/track/779RWYUUGau6rrt2EVQLbC"},"href":"https://api.spotify.com/v1/tracks/779RWYUUGau6rrt2EVQLbC","id":"779RWYUUGau6rrt2EVQLbC","type":"track","uri":"spotify:track:779RWYUUGau6rrt2EVQLbC"},"name":"EXÓTICA","preview_url":null,"track_number":8,"type":"track","uri":"spotify:track:5EWSSnN0RdbscTWax0QecQ","is_local":false},{"artists":[{"external_urls":{"spotify":"https://open.spotify.com/artist/1SupJlEpv7RS2tPNRaHViT"},"href":"https://api.spotify.com/v1/artists/1SupJlEpv7RS2tPNRaHViT","id":"1SupJlEpv7RS2tPNRaHViT","name":"Nicky Jam","type":"artist","uri":"spotify:artist:1SupJlEpv7RS2tPNRaHViT"},{"external_urls":{"spotify":"https://open.spotify.com/artist/2O8vbr4RYPpk6MRA4fio7u"},"href":"https://api.spotify.com/v1/artists/2O8vbr4RYPpk6MRA4fio7u","id":"2O8vbr4RYPpk6MRA4fio7u","name":"SAIKO","type":"artist","uri":"spotify:artist:2O8vbr4RYPpk6MRA4fio7u"}],"available_markets":["AR","AU","AT","BE","BO","BR","BG","CA","CL","CR","CY","CZ","DK","DO","DE","EC","EE","SV","FI","FR","GR","GT","HN","HK","HU","IS","IE","IT","LV","LT","LU","MY","MT","MX","NL","NZ","NI","NO","PA","PY","PE","PH","PL","PT","SG","SK","ES","SE","CH","TW","TR","UY","US","GB","AD","LI","MC","ID","JP","TH","VN","RO","IL","ZA","SA","AE","BH","QA","OM","KW","EG","MA","DZ","TN","LB","JO","PS","IN","BY","KZ","MD","UA","AL","BA","HR","ME","MK","RS","SI","KR","BD","PK","LK","GH","KE","NG","TZ","UG","AG","AM","BS","BB","BZ","BT","BW","BF","CV","CW","DM","FJ","GM","GE","GD","GW","GY","HT","JM","KI","LS","LR","MW","MV","ML","MH","FM","NA","NR","NE","PW","PG","PR","WS","SM","ST","SN","SC","SL","SB","KN","LC","VC","SR","TL","TO","TT","TV","VU","AZ","BN","BI","KH","CM","TD","KM","GQ","SZ","GA","GN","KG","LA","MO","MR","MN","NP","RW","TG","UZ","ZW","BJ","MG","MU","MZ","AO","CI","DJ","ZM","CD","CG","IQ","LY","TJ","VE","ET","XK"],"disc_number":1,"duration_ms":178775,"explicit":false,"external_urls":{"spotify":"https://open.spotify.com/track/273PsBfvMreiD2TXyKOR06"},"href":"https://api.spotify.com/v1/tracks/4FnsLeh3vcYBVx5W1A6nya","id":"4FnsLeh3vcYBVx5W1A6nya","linked_from":{"external_urls":{"spotify":"https://open.spotify.com/track/273PsBfvMreiD2TXyKOR06"},"href":"https://api.spotify.com/v1/tracks/273PsBfvMreiD2TXyKOR06","id":"273PsBfvMreiD2TXyKOR06","type":"track","uri":"spotify:track:273PsBfvMreiD2TXyKOR06"},"name":"CÓDIGOS","preview_url":null,"track_number":9,"type":"track","uri":"spotify:track:4FnsLeh3vcYBVx5W1A6nya","is_local":false},{"artists":[{"external_urls":{"spotify":"https://open.spotify.com/artist/1SupJlEpv7RS2tPNRaHViT"},"href":"https://api.spotify.com/v1/artists/1SupJlEpv7RS2tPNRaHViT","id":"1SupJlEpv7RS2tPNRaHViT","name":"Nicky Jam","type":"artist","uri":"spotify:artist:1SupJlEpv7RS2tPNRaHViT"},{"external_urls":{"spotify":"https://open.spotify.com/artist/2LRoIwlKmHjgvigdNGBHNo"},"href":"https://api.spotify.com/v1/artists/2LRoIwlKmHjgvigdNGBHNo","id":"2LRoIwlKmHjgvigdNGBHNo","name":"Feid","type":"artist","uri":"spotify:artist:2LRoIwlKmHjgvigdNGBHNo"}],"available_markets":["AR","AU","AT","BE","BO","BR","BG","CA","CL","CR","CY","CZ","DK","DO","DE","EC","EE","SV","FI","FR","GR","GT","HN","HK","HU","IS","IE","IT","LV","LT","LU","MY","MT","MX","NL","NZ","NI","NO","PA","PY","PE","PH","PL","PT","SG","SK","ES","SE","CH","TW","TR","UY","US","GB","AD","LI","MC","ID","JP","TH","VN","RO","IL","ZA","SA","AE","BH","QA","OM","KW","EG","MA","DZ","TN","LB","JO","PS","IN","BY","KZ","MD","UA","AL","BA","HR","ME","MK","RS","SI","KR","BD","PK","LK","GH","KE","NG","TZ","UG","AG","AM","BS","BB","BZ","BT","BW","BF","CV","CW","DM","FJ","GM","GE","GD","GW","GY","HT","JM","KI","LS","LR","MW","MV","ML","MH","FM","NA","NR","NE","PW","PG","PR","WS","SM","ST","SN","SC","SL","SB","KN","LC","VC","SR","TL","TO","TT","TV","VU","AZ","BN","BI","KH","CM","TD","KM","GQ","SZ","GA","GN","KG","LA","MO","MR","MN","NP","RW","TG","UZ","ZW","BJ","MG","MU","MZ","AO","CI","DJ","ZM","CD","CG","IQ","LY","TJ","VE","ET","XK"],"disc_number":1,"duration_ms":221935,"explicit":true,"external_urls":{"spotify":"https://open.spotify.com/track/722s6HA9byq7s6eEybrl6i"},"href":"https://api.spotify.com/v1/tracks/7tqoy8w8mtdApSX3nncVBU","id":"7tqoy8w8mtdApSX3nncVBU","linked_from":{"external_urls":{"spotify":"https://open.spotify.com/track/722s6HA9byq7s6eEybrl6i"},"href":"https://api.spotify.com/v1/tracks/722s6HA9byq7s6eEybrl6i","id":"722s6HA9byq7s6eEybrl6i","type":"track","uri":"spotify:track:722s6HA9byq7s6eEybrl6i"},"name":"69","preview_url":null,"track_number":10,"type":"track","uri":"spotify:track:7tqoy8w8mtdApSX3nncVBU","is_local":false},{"artists":[{"external_urls":{"spotify":"https://open.spotify.com/artist/1SupJlEpv7RS2tPNRaHViT"},"href":"https://api.spotify.com/v1/artists/1SupJlEpv7RS2tPNRaHViT","id":"1SupJlEpv7RS2tPNRaHViT","name":"Nicky Jam","type":"artist","uri":"spotify:artist:1SupJlEpv7RS2tPNRaHViT"},{"external_urls":{"spotify":"https://open.spotify.com/artist/4Ws2otunReOa6BbwxxpCt6"},"href":"https://api.spotify.com/v1/artists/4Ws2otunReOa6BbwxxpCt6","id":"4Ws2otunReOa6BbwxxpCt6","name":"Benny Benassi","type":"artist","uri":"spotify:artist:4Ws2otunReOa6BbwxxpCt6"},{"external_urls":{"spotify":"https://open.spotify.com/artist/3l0fMxw3kEBVB79YEC1pEk"},"href":"https://api.spotify.com/v1/artists/3l0fMxw3kEBVB79YEC1pEk","id":"3l0fMxw3kEBVB79YEC1pEk","name":"Kaeme","type":"artist","uri":"spotify:artist:3l0fMxw3kEBVB79YEC1pEk"}],"available_markets":["AR","AU","AT","BE","BO","BR","BG","CA","CL","CR","CY","CZ","DK","DO","DE","EC","EE","SV","FI","FR","GR","GT","HN","HK","HU","IS","IE","IT","LV","LT","LU","MY","MT","MX","NL","NZ","NI","NO","PA","PY","PE","PH","PL","PT","SG","SK","ES","SE","CH","TW","TR","UY","US","GB","AD","LI","MC","ID","JP","TH","VN","RO","IL","ZA","SA","AE","BH","QA","OM","KW","EG","MA","DZ","TN","LB","JO","PS","IN","BY","KZ","MD","UA","AL","BA","HR","ME","MK","RS","SI","KR","BD","PK","LK","GH","KE","NG","TZ","UG","AG","AM","BS","BB","BZ","BT","BW","BF","CV","CW","DM","FJ","GM","GE","GD","GW","GY","HT","JM","KI","LS","LR","MW","MV","ML","MH","FM","NA","NR","NE","PW","PG","PR","WS","SM","ST","SN","SC","SL","SB","KN","LC","VC","SR","TL","TO","TT","TV","VU","AZ","BN","BI","KH","CM","TD","KM","GQ","SZ","GA","GN","KG","LA","MO","MR","MN","NP","RW","TG","UZ","ZW","BJ","MG","MU","MZ","AO","CI","DJ","ZM","CD","CG","IQ","LY","TJ","VE","ET","XK"],"disc_number":1,"duration_ms":151384,"explicit":false,"external_urls":{"spotify":"https://open.spotify.com/track/3hsXte1AgCtJssZEcspoYy"},"href":"https://api.spotify.com/v1/tracks/6iMSDICcK72SGqwy0maMhC","id":"6iMSDICcK72SGqwy0maMhC","linked_from":{"external_urls":{"spotify":"https://open.spotify.com/track/3hsXte1AgCtJssZEcspoYy"},"href":"https://api.spotify.com/v1/tracks/3hsXte1AgCtJssZEcspoYy","id":"3hsXte1AgCtJssZEcspoYy","type":"track","uri":"spotify:track:3hsXte1AgCtJssZEcspoYy"},"name":"BRAND NEW","preview_url":null,"track_number":11,"type":"track","uri":"spotify:track:6iMSDICcK72SGqwy0maMhC","is_local":false},{"artists":[{"external_urls":{"spotify":"https://open.spotify.com/artist/1SupJlEpv7RS2tPNRaHViT"},"href":"https://api.spotify.com/v1/artists/1SupJlEpv7RS2tPNRaHViT","id":"1SupJlEpv7RS2tPNRaHViT","name":"Nicky Jam","type":"artist","uri":"spotify:artist:1SupJlEpv7RS2tPNRaHViT"},{"external_urls":{"spotify":"https://open.spotify.com/artist/2x7PC78TmgqpEIjaGAZ0Oz"},"href":"https://api.spotify.com/v1/artists/2x7PC78TmgqpEIjaGAZ0Oz","id":"2x7PC78TmgqpEIjaGAZ0Oz","name":"Trueno","type":"artist","uri":"spotify:artist:2x7PC78TmgqpEIjaGAZ0Oz"}],"available_markets":["AR","AU","AT","BE","BO","BR","BG","CA","CL","CR","CY","CZ","DK","DO","DE","EC","EE","SV","FI","FR","GR","GT","HN","HK","HU","IS","IE","IT","LV","LT","LU","MY","MT","MX","NL","NZ","NI","NO","PA","PY","PE","PH","PL","PT","SG","SK","ES","SE","CH","TW","TR","UY","US","GB","AD","LI","MC","ID","JP","TH","VN","RO","IL","ZA","SA","AE","BH","QA","OM","KW","EG","MA","DZ","TN","LB","JO","PS","IN","BY","KZ","MD","UA","AL","BA","HR","ME","MK","RS","SI","KR","BD","PK","LK","GH","KE","NG","TZ","UG","AG","AM","BS","BB","BZ","BT","BW","BF","CV","CW","DM","FJ","GM","GE","GD","GW","GY","HT","JM","KI","LS","LR","MW","MV","ML","MH","FM","NA","NR","NE","PW","PG","PR","WS","SM","ST","SN","SC","SL","SB","KN","LC","VC","SR","TL","TO","TT","TV","VU","AZ","BN","BI","KH","CM","TD","KM","GQ","SZ","GA","GN","KG","LA","MO","MR","MN","NP","RW","TG","UZ","ZW","BJ","MG","MU","MZ","AO","CI","DJ","ZM","CD","CG","IQ","LY","TJ","VE","ET","XK"],"disc_number":1,"duration_ms":189278,"explicit":false,"external_urls":{"spotify":"https://open.spotify.com/track/1d6XWGYPPv7nPCi3sWkxWT"},"href":"https://api.spotify.com/v1/tracks/4OVG1JPpp4iC0b1KvG8GkG","id":"4OVG1JPpp4iC0b1KvG8GkG","linked_from":{"external_urls":{"spotify":"https://open.spotify.com/track/1d6XWGYPPv7nPCi3sWkxWT"},"href":"https://api.spotify.com/v1/tracks/1d6XWGYPPv7nPCi3sWkxWT","id":"1d6XWGYPPv7nPCi3sWkxWT","type":"track","uri":"spotify:track:1d6XWGYPPv7nPCi3sWkxWT"},"name":"CANGRINAJE","preview_url":null,"track_number":12,"type":"track","uri":"spotify:track:4OVG1JPpp4iC0b1KvG8GkG","is_local":false},{"artists":[{"external_urls":{"spotify":"https://open.spotify.com/artist/1SupJlEpv7RS2tPNRaHViT"},"href":"https://api.spotify.com/v1/artists/1SupJlEpv7RS2tPNRaHViT","id":"1SupJlEpv7RS2tPNRaHViT","name":"Nicky Jam","type":"artist","uri":"spotify:artist:1SupJlEpv7RS2tPNRaHViT"}],"available_markets":["AR","AU","AT","BE","BO","BR","BG","CA","CL","CR","CY","CZ","DK","DO","DE","EC","EE","SV","FI","FR","GR","GT","HN","HK","HU","IS","IE","IT","LV","LT","LU","MY","MT","MX","NL","NZ","NI","NO","PA","PY","PE","PH","PL","PT","SG","SK","ES","SE","CH","TW","TR","UY","US","GB","AD","LI","MC","ID","JP","TH","VN","RO","IL","ZA","SA","AE","BH","QA","OM","KW","EG","MA","DZ","TN","LB","JO","PS","IN","BY","KZ","MD","UA","AL","BA","HR","ME","MK","RS","SI","KR","BD","PK","LK","GH","KE","NG","TZ","UG","AG","AM","BS","BB","BZ","BT","BW","BF","CV","CW","DM","FJ","GM","GE","GD","GW","GY","HT","JM","KI","LS","LR","MW","MV","ML","MH","FM","NA","NR","NE","PW","PG","PR","WS","SM","ST","SN","SC","SL","SB","KN","LC","VC","SR","TL","TO","TT","TV","VU","AZ","BN","BI","KH","CM","TD","KM","GQ","SZ","GA","GN","KG","LA","MO","MR","MN","NP","RW","TG","UZ","ZW","BJ","MG","MU","MZ","AO","CI","DJ","ZM","CD","CG","IQ","LY","TJ","VE","ET","XK"],"disc_number":1,"duration_ms":166292,"explicit":false,"external_urls":{"spotify":"https://open.spotify.com/track/64y7606OQWxKysceRlkNxI"},"href":"https://api.spotify.com/v1/tracks/2gbCHA6tNDgOYnndkVy0DJ","id":"2gbCHA6tNDgOYnndkVy0DJ","linked_from":{"external_urls":{"spotify":"https://open.spotify.com/track/64y7606OQWxKysceRlkNxI"},"href":"https://api.spotify.com/v1/tracks/64y7606OQWxKysceRlkNxI","id":"64y7606OQWxKysceRlkNxI","type":"track","uri":"spotify:track:64y7606OQWxKysceRlkNxI"},"name":"QUE ME HICISTE","preview_url":null,"track_number":13,"type":"track","uri":"spotify:track:2gbCHA6tNDgOYnndkVy0DJ","is_local":false},{"artists":[{"external_urls":{"spotify":"https://open.spotify.com/artist/1SupJlEpv7RS2tPNRaHViT"},"href":"https://api.spotify.com/v1/artists/1SupJlEpv7RS2tPNRaHViT","id":"1SupJlEpv7RS2tPNRaHViT","name":"Nicky Jam","type":"artist","uri":"spotify:artist:1SupJlEpv7RS2tPNRaHViT"}],"available_markets":["AR","AU","AT","BE","BO","BR","BG","CA","CL","CR","CY","CZ","DK","DO","DE","EC","EE","SV","FI","FR","GR","GT","HN","HK","HU","IS","IE","IT","LV","LT","LU","MY","MT","MX","NL","NZ","NI","NO","PA","PY","PE","PH","PL","PT","SG","SK","ES","SE","CH","TW","TR","UY","US","GB","AD","LI","MC","ID","JP","TH","VN","RO","IL","ZA","SA","AE","BH","QA","OM","KW","EG","MA","DZ","TN","LB","JO","PS","IN","BY","KZ","MD","UA","AL","BA","HR","ME","MK","RS","SI","KR","BD","PK","LK","GH","KE","NG","TZ","UG","AG","AM","BS","BB","BZ","BT","BW","BF","CV","CW","DM","FJ","GM","GE","GD","GW","GY","HT","JM","KI","LS","LR","MW","MV","ML","MH","FM","NA","NR","NE","PW","PG","PR","WS","SM","ST","SN","SC","SL","SB","KN","LC","VC","SR","TL","TO","TT","TV","VU","AZ","BN","BI","KH","CM","TD","KM","GQ","SZ","GA","GN","KG","LA","MO","MR","MN","NP","RW","TG","UZ","ZW","BJ","MG","MU","MZ","AO","CI","DJ","ZM","CD","CG","IQ","LY","TJ","VE","ET","XK"],"disc_number":1,"duration_ms":175263,"explicit":false,"external_urls":{"spotify":"https://open.spotify.com/track/4jPh0MroN27UvINLG7Cs2D"},"href":"https://api.spotify.com/v1/tracks/6XuT9aJx7LcXv5nGww00EV","id":"6XuT9aJx7LcXv5nGww00EV","linked_from":{"external_urls":{"spotify":"https://open.spotify.com/track/4jPh0MroN27UvINLG7Cs2D"},"href":"https://api.spotify.com/v1/tracks/4jPh0MroN27UvINLG7Cs2D","id":"4jPh0MroN27UvINLG7Cs2D","type":"track","uri":"spotify:track:4jPh0MroN27UvINLG7Cs2D"},"name":"INSOMNIO - Soul version","preview_url":null,"track_number":14,"type":"track","uri":"spotify:track:6XuT9aJx7LcXv5nGww00EV","is_local":false}]},"copyrights":[{"text":"(P) 2024 Sony Music Entertainment US Latin LLC","type":"P"}],"external_ids":{"upc":"196872310269"},"genres":[],"label":"Sony Music Latin","popularity":61},{"album_type":"album","total_tracks":29,"available_markets":["AR","AU","AT","BE","BO","BR","BG","CA","CL","CO","CR","CY","CZ","DK","DO","DE","EC","EE","SV","FI","FR","GR","GT","HN","HK","HU","IS","IE","IT","LV","LT","LU","MY","MT","MX","NL","NZ","NI","NO","PA","PY","PE","PH","PL","PT","SG","SK","ES","SE","CH","TW","TR","UY","US","GB","AD","LI","MC","ID","JP","TH","VN","RO","IL","ZA","SA","AE","BH","QA","OM","KW","EG","MA","DZ","TN","LB","JO","PS","IN","KZ","MD","UA","AL","BA","HR","ME","MK","RS","SI","KR","BD","PK","LK","GH","KE","NG","TZ","UG","AG","AM","BS","BB","BZ","BT","BW","BF","CV","CW","DM","FJ","GM","GE","GD","GW","GY","HT","JM","KI","LS","LR","MW","MV","ML","MH","FM","NA","NR","NE","PW","PG","WS","SM","ST","SN","SC","SL","SB","KN","LC","VC","SR","TL","TO","TT","TV","VU","AZ","BN","BI","KH","CM","TD","KM","GQ","SZ","GA","GN","KG","LA","MO","MR","MN","NP","RW","TG","UZ","ZW","BJ","MG","MU","MZ","AO","CI","DJ","ZM","CD","CG","IQ","LY","TJ","VE","ET","XK"],"external_urls":{"spotify":"https://open.spotify.com/album/67JIMv9vCB2ukBdEbtUmUG"},"href":"https://api.spotify.com/v1/albums/67JIMv9vCB2ukBdEbtUmUG","id":"67JIMv9vCB2ukBdEbtUmUG","images":[{"url":"https://i.scdn.co/image/ab67616d0000b273ed133ea8f343f0f451346a44","height":640,"width":640},{"url":"https://i.scdn.co/image/ab67616d00001e02ed133ea8f343f0f451346a44","height":300,"width":300},{"url":"https://i.scdn.co/image/ab67616d00004851ed133ea8f343f0f451346a44","height":64,"width":64}],"name":"Le Clique: Vida Rockstar (X)","release_date":"2024-09-06","release_date_precision":"day","type":"album","uri":"spotify:album:67JIMv9vCB2ukBdEbtUmUG","artists":[{"external_urls":{"spotify":"https://open.spotify.com/artist/6nVcHLIgY5pE2YCl8ubca1"},"href":"https://api.spotify.com/v1/artists/6nVcHLIgY5pE2YCl8ubca1","id":"6nVcHLIgY5pE2YCl8ubca1","name":"JHAYCO","type":"artist","uri":"spotify:artist:6nVcHLIgY5pE2YCl8ubca1"}],"tracks":{"href":"https://api.spotify.com/v1/albums/67JIMv9vCB2ukBdEbtUmUG/tracks?offset=0&limit=50","limit":50,"next":null,"offset":0,"previous":null,"total":29,"items":[{"artists":[{"external_urls":{"spotify":"https://open.spotify.com/artist/6nVcHLIgY5pE2YCl8ubca1"},"href":"https://api.spotify.com/v1/artists/6nVcHLIgY5pE2YCl8ubca1","id":"6nVcHLIgY5pE2YCl8ubca1","name":"JHAYCO","type":"artist","uri":"spotify:artist:6nVcHLIgY5pE2YCl8ubca1"}],"available_markets":["AR","AU","AT","BE","BO","BR","BG","CA","CL","CO","CR","CY","CZ","DK","DO","DE","EC","EE","SV","FI","FR","GR","GT","HN","HK","HU","IS","IE","IT","LV","LT","LU","MY","MT","MX","NL","NZ","NI","NO","PA","PY","PE","PH","PL","PT","SG","SK","ES","SE","CH","TW","TR","UY","US","GB","AD","LI","MC","ID","JP","TH","VN","RO","IL","ZA","SA","AE","BH","QA","OM","KW","EG","MA","DZ","TN","LB","JO","PS","IN","KZ","MD","UA","AL","BA","HR","ME","MK","RS","SI","KR","BD","PK","LK","GH","KE","NG","TZ","UG","AG","AM","BS","BB","BZ","BT","BW","BF","CV","CW","DM","FJ","GM","GE","GD","GW","GY","HT","JM","KI","LS","LR","MW","MV","ML","MH","FM","NA","NR","NE","PW","PG","WS","SM","ST","SN","SC","SL","SB","KN","LC","VC","SR","TL","TO","TT","TV","VU","AZ","BN","BI","KH","CM","TD","KM","GQ","SZ","GA","GN","KG","LA","MO","MR","MN","NP","RW","TG","UZ","ZW","BJ","MG","MU","MZ","AO","CI","DJ","ZM","CD","CG","IQ","LY","TJ","VE","ET","XK"],"disc_number":1,"duration_ms":206373,"explicit":false,"external_urls":{"spotify":"https://open.spotify.com/track/3HJdVteZQwALBdlr0VFlBZ"},"href":"https://api.spotify.com/v1/tracks/3HJdVteZQwALBdlr0VFlBZ","id":"3HJdVteZQwALBdlr0VFlBZ","name":"Vida Rockstar","preview_url":null,"track_number":1,"type":"track","uri":"spotify:track:3HJdVteZQwALBdlr0VFlBZ","is_local":false},{"artists":[{"external_urls":{"spotify":"https://open.spotify.com/artist/6nVcHLIgY5pE2YCl8ubca1"},"href":"https://api.spotify.com/v1/artists/6nVcHLIgY5pE2YCl8ubca1","id":"6nVcHLIgY5pE2YCl8ubca1","name":"JHAYCO","type":"artist","uri":"spotify:artist:6nVcHLIgY5pE2YCl8ubca1"}],"available_markets":["AR","AU","AT","BE","BO","BR","BG","CA","CL","CO","CR","CY","CZ","DK","DO","DE","EC","EE","SV","FI","FR","GR","GT","HN","HK","HU","IS","IE","IT","LV","LT","LU","MY","MT","MX","NL","NZ","NI","NO","PA","PY","PE","PH","PL","PT","SG","SK","ES","SE","CH","TW","TR","UY","US","GB","AD","LI","MC","ID","JP","TH","VN","RO","IL","ZA","SA","AE","BH","QA","OM","KW","EG","MA","DZ","TN","LB","JO","PS","IN","KZ","MD","UA","AL","BA","HR","ME","MK","RS","SI","KR","BD","PK","LK","GH","KE","NG","TZ","UG","AG","AM","BS","BB","BZ","BT","BW","BF","CV","CW","DM","FJ","GM","GE","GD","GW","GY","HT","JM","KI","LS","LR","MW","MV","ML","MH","FM","NA","NR","NE","PW","PG","WS","SM","ST","SN","SC","SL","SB","KN","LC","VC","SR","TL","TO","TT","TV","VU","AZ","BN","BI","KH","CM","TD","KM","GQ","SZ","GA","GN","KG","LA","MO","MR","MN","NP","RW","TG","UZ","ZW","BJ","MG","MU","MZ","AO","CI","DJ","ZM","CD","CG","IQ","LY","TJ","VE","ET","XK"],"disc_number":1,"duration_ms":223280,"explicit":false,"external_urls":{"spotify":"https://open.spotify.com/track/15RIC19jTLR5SYYsdDhXmV"},"href":"https://api.spotify.com/v1/tracks/15RIC19jTLR5SYYsdDhXmV","id":"15RIC19jTLR5SYYsdDhXmV","name":"Grecia","preview_url":null,"track_number":2,"type":"track","uri":"spotify:track:15RIC19jTLR5SYYsdDhXmV","is_local":false},{"artists":[{"external_urls":{"spotify":"https://open.spotify.com/artist/6nVcHLIgY5pE2YCl8ubca1"},"href":"https://api.spotify.com/v1/artists/6nVcHLIgY5pE2YCl8ubca1","id":"6nVcHLIgY5pE2YCl8ubca1","name":"JHAYCO","type":"artist","uri":"spotify:artist:6nVcHLIgY5pE2YCl8ubca1"},{"external_urls":{"spotify":"https://open.spotify.com/artist/0eHQ9o50hj6ZDNBt6Ys1sD"},"href":"https://api.spotify.com/v1/artists/0eHQ9o50hj6ZDNBt6Ys1sD","id":"0eHQ9o50hj6ZDNBt6Ys1sD","name":"Yandel","type":"artist","uri":"spotify:artist:0eHQ9o50hj6ZDNBt6Ys1sD"},{"external_urls":{"spotify":"https://open.spotify.com/artist/77iZVjeYoYSl5P0K9mIiUE"},"href":"https://api.spotify.com/v1/artists/77iZVjeYoYSl5P0K9mIiUE","id":"77iZVjeYoYSl5P0K9mIiUE","name":"Haze","type":"artist","uri":"spotify:artist:77iZVjeYoYSl5P0K9mIiUE"}],"available_markets":["AR","AU","AT","BE","BO","BR","BG","CA","CL","CO","CR","CY","CZ","DK","DO","DE","EC","EE","SV","FI","FR","GR","GT","HN","HK","HU","IS","IE","IT","LV","LT","LU","MY","MT","MX","NL","NZ","NI","NO","PA","PY","PE","PH","PL","PT","SG","SK","ES","SE","CH","TW","TR","UY","US","GB","AD","LI","MC","ID","JP","TH","VN","RO","IL","ZA","SA","AE","BH","QA","OM","KW","EG","MA","DZ","TN","LB","JO","PS","IN","KZ","MD","UA","AL","BA","HR","ME","MK","RS","SI","KR","BD","PK","LK","GH","KE","NG","TZ","UG","AG","AM","BS","BB","BZ","BT","BW","BF","CV","CW","DM","FJ","GM","GE","GD","GW","GY","HT","JM","KI","LS","LR","MW","MV","ML","MH","FM","NA","NR","NE","PW","PG","WS","SM","ST","SN","SC","SL","SB","KN","LC","VC","SR","TL","TO","TT","TV","VU","AZ","BN","BI","KH","CM","TD","KM","GQ","SZ","GA","GN","KG","LA","MO","MR","MN","NP","RW","TG","UZ","ZW","BJ","MG","MU","MZ","AO","CI","DJ","ZM","CD","CG","IQ","LY","TJ","VE","ET","XK"],"disc_number":1,"duration_ms":254493,"explicit":false,"external_urls":{"spotify":"https://open.spotify.com/track/1lPWHfrvpun8ZnxrWp3HH8"},"href":"https://api.spotify.com/v1/tracks/1lPWHfrvpun8ZnxrWp3HH8","id":"1lPWHfrvpun8ZnxrWp3HH8","name":"Porsche Carrera","preview_url":null,"track_number":3,"type":"track","uri":"spotify:track:1lPWHfrvpun8ZnxrWp3HH8","is_local":false},{"artists":[{"external_urls":{"spotify":"https://open.spotify.com/artist/6nVcHLIgY5pE2YCl8ubca1"},"href":"https://api.spotify.com/v1/artists/6nVcHLIgY5pE2YCl8ubca1","id":"6nVcHLIgY5pE2YCl8ubca1","name":"JHAYCO","type":"artist","uri":"spotify:artist:6nVcHLIgY5pE2YCl8ubca1"}],"available_markets":["AR","AU","AT","BE","BO","BR","BG","CA","CL","CO","CR","CY","CZ","DK","DO","DE","EC","EE","SV","FI","FR","GR","GT","HN","HK","HU","IS","IE","IT","LV","LT","LU","MY","MT","MX","NL","NZ","NI","NO","PA","PY","PE","PH","PL","PT","SG","SK","ES","SE","CH","TW","TR","UY","US","GB","AD","LI","MC","ID","JP","TH","VN","RO","IL","ZA","SA","AE","BH","QA","OM","KW","EG","MA","DZ","TN","LB","JO","PS","IN","KZ","MD","UA","AL","BA","HR","ME","MK","RS","SI","KR","BD","PK","LK","GH","KE","NG","TZ","UG","AG","AM","BS","BB","BZ","BT","BW","BF","CV","CW","DM","FJ","GM","GE","GD","GW","GY","HT","JM","KI","LS","LR","MW","MV","ML","MH","FM","NA","NR","NE","PW","PG","WS","SM","ST","SN","SC","SL","SB","KN","LC","VC","SR","TL","TO","TT","TV","VU","AZ","BN","BI","KH","CM","TD","KM","GQ","SZ","GA","GN","KG","LA","MO","MR","MN","NP","RW","TG","UZ","ZW","BJ","MG","MU","MZ","AO","CI","DJ","ZM","CD","CG","IQ","LY","TJ","VE","ET","XK"],"disc_number":1,"duration_ms":197293,"explicit":false,"external_urls":{"spotify":"https://open.spotify.com/track/5ybD01G3GUGNbEfMVedaMu"},"href":"https://api.spotify.com/v1/tracks/5ybD01G3GUGNbEfMVedaMu","id":"5ybD01G3GUGNbEfMVedaMu","name":"Natural","preview_url":null,"track_number":4,"type":"track","uri":"spotify:track:5ybD01G3GUGNbEfMVedaMu","is_local":false},{"artists":[{"external_urls":{"spotify":"https://open.spotify.com/artist/6nVcHLIgY5pE2YCl8ubca1"},"href":"https://api.spotify.com/v1/artists/6nVcHLIgY5pE2YCl8ubca1","id":"6nVcHLIgY5pE2YCl8ubca1","name":"JHAYCO","type":"artist","uri":"spotify:artist:6nVcHLIgY5pE2YCl8ubca1"}],"available_markets":["AR","AU","AT","BE","BO","BR","BG","CA","CL","CO","CR","CY","CZ","DK","DO","DE","EC","EE","SV","FI","FR","GR","GT","HN","HK","HU","IS","IE","IT","LV","LT","LU","MY","MT","MX","NL","NZ","NI","NO","PA","PY","PE","PH","PL","PT","SG","SK","ES","SE","CH","TW","TR","UY","US","GB","AD","LI","MC","ID","JP","TH","VN","RO","IL","ZA","SA","AE","BH","QA","OM","KW","EG","MA","DZ","TN","LB","JO","PS","IN","KZ","MD","UA","AL","BA","HR","ME","MK","RS","SI","KR","BD","PK","LK","GH","KE","NG","TZ","UG","AG","AM","BS","BB","BZ","BT","BW","BF","CV","CW","DM","FJ","GM","GE","GD","GW","GY","HT","JM","KI","LS","LR","MW","MV","ML","MH","FM","NA","NR","NE","PW","PG","WS","SM","ST","SN","SC","SL","SB","KN","LC","VC","SR","TL","TO","TT","TV","VU","AZ","BN","BI","KH","CM","TD","KM","GQ","SZ","GA","GN","KG","LA","MO","MR","MN","NP","RW","TG","UZ","ZW","BJ","MG","MU","MZ","AO","CI","DJ","ZM","CD","CG","IQ","LY","TJ","VE","ET","XK"],"disc_number":1,"duration_ms":350386,"explicit":false,"external_urls":{"spotify":"https://open.spotify.com/track/7IoQOKlPETKQBrw5FVTCDf"},"href":"https://api.spotify.com/v1/tracks/7IoQOKlPETKQBrw5FVTCDf","id":"7IoQOKlPETKQBrw5FVTCDf","name":"En La Bentley","preview_url":null,"track_number":5,"type":"track","uri":"spotify:track:7IoQOKlPETKQBrw5FVTCDf","is_local":false},{"artists":[{"external_urls":{"spotify":"https://open.spotify.com/artist/6nVcHLIgY5pE2YCl8ubca1"},"href":"https://api.spotify.com/v1/artists/6nVcHLIgY5pE2YCl8ubca1","id":"6nVcHLIgY5pE2YCl8ubca1","name":"JHAYCO","type":"artist","uri":"spotify:artist:6nVcHLIgY5pE2YCl8ubca1"},{"external_urls":{"spotify":"https://open.spotify.com/artist/3UTF2no3muGdiFXVujl94i"},"href":"https://api.spotify.com/v1/artists/3UTF2no3muGdiFXVujl94i","id":"3UTF2no3muGdiFXVujl94i","name":"Kapo","type":"artist","uri":"spotify:artist:3UTF2no3muGdiFXVujl94i"}],"available_markets":["AR","AU","AT","BE","BO","BR","BG","CA","CL","CO","CR","CY","CZ","DK","DO","DE","EC","EE","SV","FI","FR","GR","GT","HN","HK","HU","IS","IE","IT","LV","LT","LU","MY","MT","MX","NL","NZ","NI","NO","PA","PY","PE","PH","PL","PT","SG","SK","ES","SE","CH","TW","TR","UY","US","GB","AD","LI","MC","ID","JP","TH","VN","RO","IL","ZA","SA","AE","BH","QA","OM","KW","EG","MA","DZ","TN","LB","JO","PS","IN","KZ","MD","UA","AL","BA","HR","ME","MK","RS","SI","KR","BD","PK","LK","GH","KE","NG","TZ","UG","AG","AM","BS","BB","BZ","BT","BW","BF","CV","CW","DM","FJ","GM","GE","GD","GW","GY","HT","JM","KI","LS","LR","MW","MV","ML","MH","FM","NA","NR","NE","PW","PG","WS","SM","ST","SN","SC","SL","SB","KN","LC","VC","SR","TL","TO","TT","TV","VU","AZ","BN","BI","KH","CM","TD","KM","GQ","SZ","GA","GN","KG","LA","MO","MR","MN","NP","RW","TG","UZ","ZW","BJ","MG","MU","MZ","AO","CI","DJ","ZM","CD","CG","IQ","LY","TJ","VE","ET","XK"],"disc_number":1,"duration_ms":309280,"explicit":false,"external_urls":{"spotify":"https://open.spotify.com/track/0WdPVwDY2QU9941QsRJXhZ"},"href":"https://api.spotify.com/v1/tracks/0WdPVwDY2QU9941QsRJXhZ","id":"0WdPVwDY2QU9941QsRJXhZ","name":"Passoa","preview_url":null,"track_number":6,"type":"track","uri":"spotify:track:0WdPVwDY2QU9941QsRJXhZ","is_local":false},{"artists":[{"external_urls":{"spotify":"https://open.spotify.com/artist/6nVcHLIgY5pE2YCl8ubca1"},"href":"https://api.spotify.com/v1/artists/6nVcHLIgY5pE2YCl8ubca1","id":"6nVcHLIgY5pE2YCl8ubca1","name":"JHAYCO","type":"artist","uri":"spotify:artist:6nVcHLIgY5pE2YCl8ubca1"}],"available_markets":["AR","AU","AT","BE","BO","BR","BG","CA","CL","CO","CR","CY","CZ","DK","DO","DE","EC","EE","SV","FI","FR","GR","GT","HN","HK","HU","IS","IE","IT","LV","LT","LU","MY","MT","MX","NL","NZ","NI","NO","PA","PY","PE","PH","PL","PT","SG","SK","ES","SE","CH","TW","TR","UY","US","GB","AD","LI","MC","ID","JP","TH","VN","RO","IL","ZA","SA","AE","BH","QA","OM","KW","EG","MA","DZ","TN","LB","JO","PS","IN","KZ","MD","UA","AL","BA","HR","ME","MK","RS","SI","KR","BD","PK","LK","GH","KE","NG","TZ","UG","AG","AM","BS","BB","BZ","BT","BW","BF","CV","CW","DM","FJ","GM","GE","GD","GW","GY","HT","JM","KI","LS","LR","MW","MV","ML","MH","FM","NA","NR","NE","PW","PG","WS","SM","ST","SN","SC","SL","SB","KN","LC","VC","SR","TL","TO","TT","TV","VU","AZ","BN","BI","KH","CM","TD","KM","GQ","SZ","GA","GN","KG","LA","MO","MR","MN","NP","RW","TG","UZ","ZW","BJ","MG","MU","MZ","AO","CI","DJ","ZM","CD","CG","IQ","LY","TJ","VE","ET","XK"],"disc_number":1,"duration_ms":159840,"explicit":false,"external_urls":{"spotify":"https://open.spotify.com/track/2ie9YESdAeRNyoeiyefOqq"},"href":"https://api.spotify.com/v1/tracks/2ie9YESdAeRNyoeiyefOqq","id":"2ie9YESdAeRNyoeiyefOqq","name":"El Final","preview_url":null,"track_number":7,"type":"track","uri":"spotify:track:2ie9YESdAeRNyoeiyefOqq","is_local":false},{"artists":[{"external_urls":{"spotify":"https://open.spotify.com/artist/6nVcHLIgY5pE2YCl8ubca1"},"href":"https://api.spotify.com/v1/artists/6nVcHLIgY5pE2YCl8ubca1","id":"6nVcHLIgY5pE2YCl8ubca1","name":"JHAYCO","type":"artist","uri":"spotify:artist:6nVcHLIgY5pE2YCl8ubca1"},{"external_urls":{"spotify":"https://open.spotify.com/artist/2YRyPiW98bpkARAS4B3OQP"},"href":"https://api.spotify.com/v1/artists/2YRyPiW98bpkARAS4B3OQP","id":"2YRyPiW98bpkARAS4B3OQP","name":"Dei V","type":"artist","uri":"spotify:artist:2YRyPiW98bpkARAS4B3OQP"}],"available_markets":["AR","AU","AT","BE","BO","BR","BG","CA","CL","CO","CR","CY","CZ","DK","DO","DE","EC","EE","SV","FI","FR","GR","GT","HN","HK","HU","IS","IE","IT","LV","LT","LU","MY","MT","MX","NL","NZ","NI","NO","PA","PY","PE","PH","PL","PT","SG","SK","ES","SE","CH","TW","TR","UY","US","GB","AD","LI","MC","ID","JP","TH","VN","RO","IL","ZA","SA","AE","BH","QA","OM","KW","EG","MA","DZ","TN","LB","JO","PS","IN","KZ","MD","UA","AL","BA","HR","ME","MK","RS","SI","KR","BD","PK","LK","GH","KE","NG","TZ","UG","AG","AM","BS","BB","BZ","BT","BW","BF","CV","CW","DM","FJ","GM","GE","GD","GW","GY","HT","JM","KI","LS","LR","MW","MV","ML","MH","FM","NA","NR","NE","PW","PG","WS","SM","ST","SN","SC","SL","SB","KN","LC","VC","SR","TL","TO","TT","TV","VU","AZ","BN","BI","KH","CM","TD","KM","GQ","SZ","GA","GN","KG","LA","MO","MR","MN","NP","RW","TG","UZ","ZW","BJ","MG","MU","MZ","AO","CI","DJ","ZM","CD","CG","IQ","LY","TJ","VE","ET","XK"],"disc_number":1,"duration_ms":287586,"explicit":false,"external_urls":{"spotify":"https://open.spotify.com/track/47hrwb3PwrrZOp9UqaZgcZ"},"href":"https://api.spotify.com/v1/tracks/47hrwb3PwrrZOp9UqaZgcZ","id":"47hrwb3PwrrZOp9UqaZgcZ","name":"58","preview_url":null,"track_number":8,"type":"track","uri":"spotify:track:47hrwb3PwrrZOp9UqaZgcZ","is_local":false},{"artists":[{"external_urls":{"spotify":"https://open.spotify.com/artist/6nVcHLIgY5pE2YCl8ubca1"},"href":"https://api.spotify.com/v1/artists/6nVcHLIgY5pE2YCl8ubca1","id":"6nVcHLIgY5pE2YCl8ubca1","name":"JHAYCO","type":"artist","uri":"spotify:artist:6nVcHLIgY5pE2YCl8ubca1"}],"available_markets":["AR","AU","AT","BE","BO","BR","BG","CA","CL","CO","CR","CY","CZ","DK","DO","DE","EC","EE","SV","FI","FR","GR","GT","HN","HK","HU","IS","IE","IT","LV","LT","LU","MY","MT","MX","NL","NZ","NI","NO","PA","PY","PE","PH","PL","PT","SG","SK","ES","SE","CH","TW","TR","UY","US","GB","AD","LI","MC","ID","JP","TH","VN","RO","IL","ZA","SA","AE","BH","QA","OM","KW","EG","MA","DZ","TN","LB","JO","PS","IN","KZ","MD","UA","AL","BA","HR","ME","MK","RS","SI","KR","BD","PK","LK","GH","KE","NG","TZ","UG","AG","AM","BS","BB","BZ","BT","BW","BF","CV","CW","DM","FJ","GM","GE","GD","GW","GY","HT","JM","KI","LS","LR","MW","MV","ML","MH","FM","NA","NR","NE","PW","PG","WS","SM","ST","SN","SC","SL","SB","KN","LC","VC","SR","TL","TO","TT","TV","VU","AZ","BN","BI","KH","CM","TD","KM","GQ","SZ","GA","GN","KG","LA","MO","MR","MN","NP","RW","TG","UZ","ZW","BJ","MG","MU","MZ","AO","CI","DJ","ZM","CD","CG","IQ","LY","TJ","VE","ET","XK"],"disc_number":1,"duration_ms":219813,"explicit":false,"external_urls":{"spotify":"https://open.spotify.com/track/5Z1Abny9zUANVl2O2NOvzt"},"href":"https://api.spotify.com/v1/tracks/5Z1Abny9zUANVl2O2NOvzt","id":"5Z1Abny9zUANVl2O2NOvzt","name":"100 Gramos","preview_url":null,"track_number":9,"type":"track","uri":"spotify:track:5Z1Abny9zUANVl2O2NOvzt","is_local":false},{"artists":[{"external_urls":{"spotify":"https://open.spotify.com/artist/6nVcHLIgY5pE2YCl8ubca1"},"href":"https://api.spotify.com/v1/artists/6nVcHLIgY5pE2YCl8ubca1","id":"6nVcHLIgY5pE2YCl8ubca1","name":"JHAYCO","type":"artist","uri":"spotify:artist:6nVcHLIgY5pE2YCl8ubca1"}],"available_markets":["AR","AU","AT","BE","BO","BR","BG","CA","CL","CO","CR","CY","CZ","DK","DO","DE","EC","EE","SV","FI","FR","GR","GT","HN","HK","HU","IS","IE","IT","LV","LT","LU","MY","MT","MX","NL","NZ","NI","NO","PA","PY","PE","PH","PL","PT","SG","SK","ES","SE","CH","TW","TR","UY","US","GB","AD","LI","MC","ID","JP","TH","VN","RO","IL","ZA","SA","AE","BH","QA","OM","KW","EG","MA","DZ","TN","LB","JO","PS","IN","KZ","MD","UA","AL","BA","HR","ME","MK","RS","SI","KR","BD","PK","LK","GH","KE","NG","TZ","UG","AG","AM","BS","BB","BZ","BT","BW","BF","CV","CW","DM","FJ","GM","GE","GD","GW","GY","HT","JM","KI","LS","LR","MW","MV","ML","MH","FM","NA","NR","NE","PW","PG","WS","SM","ST","SN","SC","SL","SB","KN","LC","VC","SR","TL","TO","TT","TV","VU","AZ","BN","BI","KH","CM","TD","KM","GQ","SZ","GA","GN","KG","LA","MO","MR","MN","NP","RW","TG","UZ","ZW","BJ","MG","MU","MZ","AO","CI","DJ","ZM","CD","CG","IQ","LY","TJ","VE","ET","XK"],"disc_number":1,"duration_ms":166053,"explicit":false,"external_urls":{"spotify":"https://open.spotify.com/track/3vqxapus26imChRaRh51T9"},"href":"https://api.spotify.com/v1/tracks/3vqxapus26imChRaRh51T9","id":"3vqxapus26imChRaRh51T9","name":"Habibi","preview_url":null,"track_number":10,"type":"track","uri":"spotify:track:3vqxapus26imChRaRh51T9","is_local":false},{"artists":[{"external_urls":{"spotify":"https://open.spotify.com/artist/6nVcHLIgY5pE2YCl8ubca1"},"href":"https://api.spotify.com/v1/artists/6nVcHLIgY5pE2YCl8ubca1","id":"6nVcHLIgY5pE2YCl8ubca1","name":"JHAYCO","type":"artist","uri":"spotify:artist:6nVcHLIgY5pE2YCl8ubca1"}],"available_markets":["AR","AU","AT","BE","BO","BR","BG","CA","CL","CO","CR","CY","CZ","DK","DO","DE","EC","EE","SV","FI","FR","GR","GT","HN","HK","HU","IS","IE","IT","LV","LT","LU","MY","MT","MX","NL","NZ","NI","NO","PA","PY","PE","PH","PL","PT","SG","SK","ES","SE","CH","TW","TR","UY","US","GB","AD","LI","MC","ID","JP","TH","VN","RO","IL","ZA","SA","AE","BH","QA","OM","KW","EG","MA","DZ","TN","LB","JO","PS","IN","KZ","MD","UA","AL","BA","HR","ME","MK","RS","SI","KR","BD","PK","LK","GH","KE","NG","TZ","UG","AG","AM","BS","BB","BZ","BT","BW","BF","CV","CW","DM","FJ","GM","GE","GD","GW","GY","HT","JM","KI","LS","LR","MW","MV","ML","MH","FM","NA","NR","NE","PW","PG","WS","SM","ST","SN","SC","SL","SB","KN","LC","VC","SR","TL","TO","TT","TV","VU","AZ","BN","BI","KH","CM","TD","KM","GQ","SZ","GA","GN","KG","LA","MO","MR","MN","NP","RW","TG","UZ","ZW","BJ","MG","MU","MZ","AO","CI","DJ","ZM","CD","CG","IQ","LY","TJ","VE","ET","XK"],"disc_number":1,"duration_ms":265320,"explicit":false,"external_urls":{"spotify":"https://open.spotify.com/track/6CoFGVlVpsVpWaUqK5xKTr"},"href":"https://api.spotify.com/v1/tracks/6CoFGVlVpsVpWaUqK5xKTr","id":"6CoFGVlVpsVpWaUqK5xKTr","name":"XX","preview_url":null,"track_number":11,"type":"track","uri":"spotify:track:6CoFGVlVpsVpWaUqK5xKTr","is_local":false},{"artists":[{"external_urls":{"spotify":"https://open.spotify.com/artist/6nVcHLIgY5pE2YCl8ubca1"},"href":"https://api.spotify.com/v1/artists/6nVcHLIgY5pE2YCl8ubca1","id":"6nVcHLIgY5pE2YCl8ubca1","name":"JHAYCO","type":"artist","uri":"spotify:artist:6nVcHLIgY5pE2YCl8ubca1"}],"available_markets":["AR","AU","AT","BE","BO","BR","BG","CA","CL","CO","CR","CY","CZ","DK","DO","DE","EC","EE","SV","FI","FR","GR","GT","HN","HK","HU","IS","IE","IT","LV","LT","LU","MY","MT","MX","NL","NZ","NI","NO","PA","PY","PE","PH","PL","PT","SG","SK","ES","SE","CH","TW","TR","UY","US","GB","AD","LI","MC","ID","JP","TH","VN","RO","IL","ZA","SA","AE","BH","QA","OM","KW","EG","MA","DZ","TN","LB","JO","PS","IN","KZ","MD","UA","AL","BA","HR","ME","MK","RS","SI","KR","BD","PK","LK","GH","KE","NG","TZ","UG","AG","AM","BS","BB","BZ","BT","BW","BF","CV","CW","DM","FJ","GM","GE","GD","GW","GY","HT","JM","KI","LS","LR","MW","MV","ML","MH","FM","NA","NR","NE","PW","PG","WS","SM","ST","SN","SC","SL","SB","KN","LC","VC","SR","TL","TO","TT","TV","VU","AZ","BN","BI","KH","CM","TD","KM","GQ","SZ","GA","GN","KG","LA","MO","MR","MN","NP","RW","TG","UZ","ZW","BJ","MG","MU","MZ","AO","CI","DJ","ZM","CD","CG","IQ","LY","TJ","VE","ET","XK"],"disc_number":1,"duration_ms":232293,"explicit":true,"external_urls":{"spotify":"https://open.spotify.com/track/0oqAJPtN8jqnf5qf94NiNM"},"href":"https://api.spotify.com/v1/tracks/0oqAJPtN8jqnf5qf94NiNM","id":"0oqAJPtN8jqnf5qf94NiNM","name":"Holanda","preview_url":null,"track_number":12,"type":"track","uri":"spotify:track:0oqAJPtN8jqnf5qf94NiNM","is_local":false},{"artists":[{"external_urls":{"spotify":"https://open.spotify.com/artist/6nVcHLIgY5pE2YCl8ubca1"},"href":"https://api.spotify.com/v1/artists/6nVcHLIgY5pE2YCl8ubca1","id":"6nVcHLIgY5pE2YCl8ubca1","name":"JHAYCO","type":"artist","uri":"spotify:artist:6nVcHLIgY5pE2YCl8ubca1"},{"external_urls":{"spotify":"https://open.spotify.com/artist/3E12tRURRvPfHz0hAMCFYc"},"href":"https://api.spotify.com/v1/artists/3E12tRURRvPfHz0hAMCFYc","id":"3E12tRURRvPfHz0hAMCFYc","name":"Omar Courtz","type":"artist","uri":"spotify:artist:3E12tRURRvPfHz0hAMCFYc"}],"available_markets":["AR","AU","AT","BE","BO","BR","BG","CA","CL","CO","CR","CY","CZ","DK","DO","DE","EC","EE","SV","FI","FR","GR","GT","HN","HK","HU","IS","IE","IT","LV","LT","LU","MY","MT","MX","NL","NZ","NI","NO","PA","PY","PE","PH","PL","PT","SG","SK","ES","SE","CH","TW","TR","UY","US","GB","AD","LI","MC","ID","JP","TH","VN","RO","IL","ZA","SA","AE","BH","QA","OM","KW","EG","MA","DZ","TN","LB","JO","PS","IN","KZ","MD","UA","AL","BA","HR","ME","MK","RS","SI","KR","BD","PK","LK","GH","KE","NG","TZ","UG","AG","AM","BS","BB","BZ","BT","BW","BF","CV","CW","DM","FJ","GM","GE","GD","GW","GY","HT","JM","KI","LS","LR","MW","MV","ML","MH","FM","NA","NR","NE","PW","PG","WS","SM","ST","SN","SC","SL","SB","KN","LC","VC","SR","TL","TO","TT","TV","VU","AZ","BN","BI","KH","CM","TD","KM","GQ","SZ","GA","GN","KG","LA","MO","MR","MN","NP","RW","TG","UZ","ZW","BJ","MG","MU","MZ","AO","CI","DJ","ZM","CD","CG","IQ","LY","TJ","VE","ET","XK"],"disc_number":1,"duration_ms":219560,"explicit":false,"external_urls":{"spotify":"https://open.spotify.com/track/3BV2Z14N57hXOohIoD6ZH3"},"href":"https://api.spotify.com/v1/tracks/3BV2Z14N57hXOohIoD6ZH3","id":"3BV2Z14N57hXOohIoD6ZH3","name":"Quimik","preview_url":null,"track_number":13,"type":"track","uri":"spotify:track:3BV2Z14N57hXOohIoD6ZH3","is_local":false},{"artists":[{"external_urls":{"spotify":"https://open.spotify.com/artist/6nVcHLIgY5pE2YCl8ubca1"},"href":"https://api.spotify.com/v1/artists/6nVcHLIgY5pE2YCl8ubca1","id":"6nVcHLIgY5pE2YCl8ubca1","name":"JHAYCO","type":"artist","uri":"spotify:artist:6nVcHLIgY5pE2YCl8ubca1"}],"available_markets":["AR","AU","AT","BE","BO","BR","BG","CA","CL","CO","CR","CY","CZ","DK","DO","DE","EC","EE","SV","FI","FR","GR","GT","HN","HK","HU","IS","IE","IT","LV","LT","LU","MY","MT","MX","NL","NZ","NI","NO","PA","PY","PE","PH","PL","PT","SG","SK","ES","SE","CH","TW","TR","UY","US","GB","AD","LI","MC","ID","JP","TH","VN","RO","IL","ZA","SA","AE","BH","QA","OM","KW","EG","MA","DZ","TN","LB","JO","PS","IN","KZ","MD","UA","AL","BA","HR","ME","MK","RS","SI","KR","BD","PK","LK","GH","KE","NG","TZ","UG","AG","AM","BS","BB","BZ","BT","BW","BF","CV","CW","DM","FJ","GM","GE","GD","GW","GY","HT","JM","KI","LS","LR","MW","MV","ML","MH","FM","NA","NR","NE","PW","PG","WS","SM","ST","SN","SC","SL","SB","KN","LC","VC","SR","TL","TO","TT","TV","VU","AZ","BN","BI","KH","CM","TD","KM","GQ","SZ","GA","GN","KG","LA","MO","MR","MN","NP","RW","TG","UZ","ZW","BJ","MG","MU","MZ","AO","CI","DJ","ZM","CD","CG","IQ","LY","TJ","VE","ET","XK"],"disc_number":1,"duration_ms":152986,"explicit":false,"external_urls":{"spotify":"https://open.spotify.com/track/6fmTUemzE4UFPAsWCOernn"},"href":"https://api.spotify.com/v1/tracks/6fmTUemzE4UFPAsWCOernn","id":"6fmTUemzE4UFPAsWCOernn","name":"0 Millas","preview_url":null,"track_number":14,"type":"track","uri":"spotify:track:6fmTUemzE4UFPAsWCOernn","is_local":false},{"artists":[{"external_urls":{"spotify":"https://open.spotify.com/artist/6nVcHLIgY5pE2YCl8ubca1"},"href":"https://api.spotify.com/v1/artists/6nVcHLIgY5pE2YCl8ubca1","id":"6nVcHLIgY5pE2YCl8ubca1","name":"JHAYCO","type":"artist","uri":"spotify:artist:6nVcHLIgY5pE2YCl8ubca1"},{"external_urls":{"spotify":"https://open.spotify.com/artist/0QHgL1lAIqAw0HtD7YldmP"},"href":"https://api.spotify.com/v1/artists/0QHgL1lAIqAw0HtD7YldmP","id":"0QHgL1lAIqAw0HtD7YldmP","name":"DJ Khaled","type":"artist","uri":"spotify:artist:0QHgL1lAIqAw0HtD7YldmP"},{"external_urls":{"spotify":"https://open.spotify.com/artist/4aSlfXDn9R60UlbZEboBUy"},"href":"https://api.spotify.com/v1/artists/4aSlfXDn9R60UlbZEboBUy","id":"4aSlfXDn9R60UlbZEboBUy","name":"YOVNGCHIMI","type":"artist","uri":"spotify:artist:4aSlfXDn9R60UlbZEboBUy"}],"available_markets":["AR","AU","AT","BE","BO","BR","BG","CA","CL","CO","CR","CY","CZ","DK","DO","DE","EC","EE","SV","FI","FR","GR","GT","HN","HK","HU","IS","IE","IT","LV","LT","LU","MY","MT","MX","NL","NZ","NI","NO","PA","PY","PE","PH","PL","PT","SG","SK","ES","SE","CH","TW","TR","UY","US","GB","AD","LI","MC","ID","JP","TH","VN","RO","IL","ZA","SA","AE","BH","QA","OM","KW","EG","MA","DZ","TN","LB","JO","PS","IN","KZ","MD","UA","AL","BA","HR","ME","MK","RS","SI","KR","BD","PK","LK","GH","KE","NG","TZ","UG","AG","AM","BS","BB","BZ","BT","BW","BF","CV","CW","DM","FJ","GM","GE","GD","GW","GY","HT","JM","KI","LS","LR","MW","MV","ML","MH","FM","NA","NR","NE","PW","PG","WS","SM","ST","SN","SC","SL","SB","KN","LC","VC","SR","TL","TO","TT","TV","VU","AZ","BN","BI","KH","CM","TD","KM","GQ","SZ","GA","GN","KG","LA","MO","MR","MN","NP","RW","TG","UZ","ZW","BJ","MG","MU","MZ","AO","CI","DJ","ZM","CD","CG","IQ","LY","TJ","VE","ET","XK"],"disc_number":2,"duration_ms":283800,"explicit":true,"external_urls":{"spotify":"https://open.spotify.com/track/4SMYrlflAeUMgxbuwxb0o0"},"href":"https://api.spotify.com/v1/tracks/4SMYrlflAeUMgxbuwxb0o0","id":"4SMYrlflAeUMgxbuwxb0o0","name":"Le Clique","preview_url":null,"track_number":1,"type":"track","uri":"spotify:track:4SMYrlflAeUMgxbuwxb0o0","is_local":false},{"artists":[{"external_urls":{"spotify":"https://open.spotify.com/artist/6nVcHLIgY5pE2YCl8ubca1"},"href":"https://api.spotify.com/v1/artists/6nVcHLIgY5pE2YCl8ubca1","id":"6nVcHLIgY5pE2YCl8ubca1","name":"JHAYCO","type":"artist","uri":"spotify:artist:6nVcHLIgY5pE2YCl8ubca1"},{"external_urls":{"spotify":"https://open.spotify.com/artist/5XJDexmWFLWOkjOEjOVX3e"},"href":"https://api.spotify.com/v1/artists/5XJDexmWFLWOkjOEjOVX3e","id":"5XJDexmWFLWOkjOEjOVX3e","name":"Eladio Carrion","type":"artist","uri":"spotify:artist:5XJDexmWFLWOkjOEjOVX3e"},{"external_urls":{"spotify":"https://open.spotify.com/artist/3E12tRURRvPfHz0hAMCFYc"},"href":"https://api.spotify.com/v1/artists/3E12tRURRvPfHz0hAMCFYc","id":"3E12tRURRvPfHz0hAMCFYc","name":"Omar Courtz","type":"artist","uri":"spotify:artist:3E12tRURRvPfHz0hAMCFYc"}],"available_markets":["AR","AU","AT","BE","BO","BR","BG","CA","CL","CO","CR","CY","CZ","DK","DO","DE","EC","EE","SV","FI","FR","GR","GT","HN","HK","HU","IS","IE","IT","LV","LT","LU","MY","MT","MX","NL","NZ","NI","NO","PA","PY","PE","PH","PL","PT","SG","SK","ES","SE","CH","TW","TR","UY","US","GB","AD","LI","MC","ID","JP","TH","VN","RO","IL","ZA","SA","AE","BH","QA","OM","KW","EG","MA","DZ","TN","LB","JO","PS","IN","KZ","MD","UA","AL","BA","HR","ME","MK","RS","SI","KR","BD","PK","LK","GH","KE","NG","TZ","UG","AG","AM","BS","BB","BZ","BT","BW","BF","CV","CW","DM","FJ","GM","GE","GD","GW","GY","HT","JM","KI","LS","LR","MW","MV","ML","MH","FM","NA","NR","NE","PW","PG","WS","SM","ST","SN","SC","SL","SB","KN","LC","VC","SR","TL","TO","TT","TV","VU","AZ","BN","BI","KH","CM","TD","KM","GQ","SZ","GA","GN","KG","LA","MO","MR","MN","NP","RW","TG","UZ","ZW","BJ","MG","MU","MZ","AO","CI","DJ","ZM","CD","CG","IQ","LY","TJ","VE","ET","XK"],"disc_number":2,"duration_ms":244293,"explicit":true,"external_urls":{"spotify":"https://open.spotify.com/track/6VuCXhevMLsLMCrCPTVWWF"},"href":"https://api.spotify.com/v1/tracks/6VuCXhevMLsLMCrCPTVWWF","id":"6VuCXhevMLsLMCrCPTVWWF","name":"No Entiendo","preview_url":null,"track_number":2,"type":"track","uri":"spotify:track:6VuCXhevMLsLMCrCPTVWWF","is_local":false},{"artists":[{"external_urls":{"spotify":"https://open.spotify.com/artist/6nVcHLIgY5pE2YCl8ubca1"},"href":"https://api.spotify.com/v1/artists/6nVcHLIgY5pE2YCl8ubca1","id":"6nVcHLIgY5pE2YCl8ubca1","name":"JHAYCO","type":"artist","uri":"spotify:artist:6nVcHLIgY5pE2YCl8ubca1"}],"available_markets":["AR","AU","AT","BE","BO","BR","BG","CA","CL","CO","CR","CY","CZ","DK","DO","DE","EC","EE","SV","FI","FR","GR","GT","HN","HK","HU","IS","IE","IT","LV","LT","LU","MY","MT","MX","NL","NZ","NI","NO","PA","PY","PE","PH","PL","PT","SG","SK","ES","SE","CH","TW","TR","UY","US","GB","AD","LI","MC","ID","JP","TH","VN","RO","IL","ZA","SA","AE","BH","QA","OM","KW","EG","MA","DZ","TN","LB","JO","PS","IN","KZ","MD","UA","AL","BA","HR","ME","MK","RS","SI","KR","BD","PK","LK","GH","KE","NG","TZ","UG","AG","AM","BS","BB","BZ","BT","BW","BF","CV","CW","DM","FJ","GM","GE","GD","GW","GY","HT","JM","KI","LS","LR","MW","MV","ML","MH","FM","NA","NR","NE","PW","PG","WS","SM","ST","SN","SC","SL","SB","KN","LC","VC","SR","TL","TO","TT","TV","VU","AZ","BN","BI","KH","CM","TD","KM","GQ","SZ","GA","GN","KG","LA","MO","MR","MN","NP","RW","TG","UZ","ZW","BJ","MG","MU","MZ","AO","CI","DJ","ZM","CD","CG","IQ","LY","TJ","VE","ET","XK"],"disc_number":2,"duration_ms":230533,"explicit":true,"external_urls":{"spotify":"https://open.spotify.com/track/2SSaVi4qDCS4cegG26Fy6z"},"href":"https://api.spotify.com/v1/tracks/2SSaVi4qDCS4cegG26Fy6z","id":"2SSaVi4qDCS4cegG26Fy6z","name":"Viene BASQUIAT…","preview_url":null,"track_number":3,"type":"track","uri":"spotify:track:2SSaVi4qDCS4cegG26Fy6z","is_local":false},{"artists":[{"external_urls":{"spotify":"https://open.spotify.com/artist/6nVcHLIgY5pE2YCl8ubca1"},"href":"https://api.spotify.com/v1/artists/6nVcHLIgY5pE2YCl8ubca1","id":"6nVcHLIgY5pE2YCl8ubca1","name":"JHAYCO","type":"artist","uri":"spotify:artist:6nVcHLIgY5pE2YCl8ubca1"}],"available_markets":["AR","AU","AT","BE","BO","BR","BG","CA","CL","CO","CR","CY","CZ","DK","DO","DE","EC","EE","SV","FI","FR","GR","GT","HN","HK","HU","IS","IE","IT","LV","LT","LU","MY","MT","MX","NL","NZ","NI","NO","PA","PY","PE","PH","PL","PT","SG","SK","ES","SE","CH","TW","TR","UY","US","GB","AD","LI","MC","ID","JP","TH","VN","RO","IL","ZA","SA","AE","BH","QA","OM","KW","EG","MA","DZ","TN","LB","JO","PS","IN","KZ","MD","UA","AL","BA","HR","ME","MK","RS","SI","KR","BD","PK","LK","GH","KE","NG","TZ","UG","AG","AM","BS","BB","BZ","BT","BW","BF","CV","CW","DM","FJ","GM","GE","GD","GW","GY","HT","JM","KI","LS","LR","MW","MV","ML","MH","FM","NA","NR","NE","PW","PG","WS","SM","ST","SN","SC","SL","SB","KN","LC","VC","SR","TL","TO","TT","TV","VU","AZ","BN","BI","KH","CM","TD","KM","GQ","SZ","GA","GN","KG","LA","MO","MR","MN","NP","RW","TG","UZ","ZW","BJ","MG","MU","MZ","AO","CI","DJ","ZM","CD","CG","IQ","LY","TJ","VE","ET","XK"],"disc_number":2,"duration_ms":289560,"explicit":true,"external_urls":{"spotify":"https://open.spotify.com/track/48ovWHz0cu6u2dfPAw69y0"},"href":"https://api.spotify.com/v1/tracks/48ovWHz0cu6u2dfPAw69y0","id":"48ovWHz0cu6u2dfPAw69y0","name":"Murci","preview_url":null,"track_number":4,"type":"track","uri":"spotify:track:48ovWHz0cu6u2dfPAw69y0","is_local":false},{"artists":[{"external_urls":{"spotify":"https://open.spotify.com/artist/6nVcHLIgY5pE2YCl8ubca1"},"href":"https://api.spotify.com/v1/artists/6nVcHLIgY5pE2YCl8ubca1","id":"6nVcHLIgY5pE2YCl8ubca1","name":"JHAYCO","type":"artist","uri":"spotify:artist:6nVcHLIgY5pE2YCl8ubca1"}],"available_markets":["AR","AU","AT","BE","BO","BR","BG","CA","CL","CO","CR","CY","CZ","DK","DO","DE","EC","EE","SV","FI","FR","GR","GT","HN","HK","HU","IS","IE","IT","LV","LT","LU","MY","MT","MX","NL","NZ","NI","NO","PA","PY","PE","PH","PL","PT","SG","SK","ES","SE","CH","TW","TR","UY","US","GB","AD","LI","MC","ID","JP","TH","VN","RO","IL","ZA","SA","AE","BH","QA","OM","KW","EG","MA","DZ","TN","LB","JO","PS","IN","KZ","MD","UA","AL","BA","HR","ME","MK","RS","SI","KR","BD","PK","LK","GH","KE","NG","TZ","UG","AG","AM","BS","BB","BZ","BT","BW","BF","CV","CW","DM","FJ","GM","GE","GD","GW","GY","HT","JM","KI","LS","LR","MW","MV","ML","MH","FM","NA","NR","NE","PW","PG","WS","SM","ST","SN","SC","SL","SB","KN","LC","VC","SR","TL","TO","TT","TV","VU","AZ","BN","BI","KH","CM","TD","KM","GQ","SZ","GA","GN","KG","LA","MO","MR","MN","NP","RW","TG","UZ","ZW","BJ","MG","MU","MZ","AO","CI","DJ","ZM","CD","CG","IQ","LY","TJ","VE","ET","XK"],"disc_number":2,"duration_ms":163813,"explicit":true,"external_urls":{"spotify":"https://open.spotify.com/track/0Rlawc9ZR6YQvrBxmCDHCt"},"href":"https://api.spotify.com/v1/tracks/0Rlawc9ZR6YQvrBxmCDHCt","id":"0Rlawc9ZR6YQvrBxmCDHCt","name":"2C","preview_url":null,"track_number":5,"type":"track","uri":"spotify:track:0Rlawc9ZR6YQvrBxmCDHCt","is_local":false},{"artists":[{"external_urls":{"spotify":"https://open.spotify.com/artist/6nVcHLIgY5pE2YCl8ubca1"},"href":"https://api.spotify.com/v1/artists/6nVcHLIgY5pE2YCl8ubca1","id":"6nVcHLIgY5pE2YCl8ubca1","name":"JHAYCO","type":"artist","uri":"spotify:artist:6nVcHLIgY5pE2YCl8ubca1"}],"available_markets":["AR","AU","AT","BE","BO","BR","BG","CA","CL","CO","CR","CY","CZ","DK","DO","DE","EC","EE","SV","FI","FR","GR","GT","HN","HK","HU","IS","IE","IT","LV","LT","LU","MY","MT","MX","NL","NZ","NI","NO","PA","PY","PE","PH","PL","PT","SG","SK","ES","SE","CH","TW","TR","UY","US","GB","AD","LI","MC","ID","JP","TH","VN","RO","IL","ZA","SA","AE","BH","QA","OM","KW","EG","MA","DZ","TN","LB","JO","PS","IN","KZ","MD","UA","AL","BA","HR","ME","MK","RS","SI","KR","BD","PK","LK","GH","KE","NG","TZ","UG","AG","AM","BS","BB","BZ","BT","BW","BF","CV","CW","DM","FJ","GM","GE","GD","GW","GY","HT","JM","KI","LS","LR","MW","MV","ML","MH","FM","NA","NR","NE","PW","PG","WS","SM","ST","SN","SC","SL","SB","KN","LC","VC","SR","TL","TO","TT","TV","VU","AZ","BN","BI","KH","CM","TD","KM","GQ","SZ","GA","GN","KG","LA","MO","MR","MN","NP","RW","TG","UZ","ZW","BJ","MG","MU","MZ","AO","CI","DJ","ZM","CD","CG","IQ","LY","TJ","VE","ET","XK"],"disc_number":2,"duration_ms":152693,"explicit":false,"external_urls":{"spotify":"https://open.spotify.com/track/4r8iSTDxJNGhdtcPjkEyA2"},"href":"https://api.spotify.com/v1/tracks/4r8iSTDxJNGhdtcPjkEyA2","id":"4r8iSTDxJNGhdtcPjkEyA2","name":"Ferragamo","preview_url":null,"track_number":6,"type":"track","uri":"spotify:track:4r8iSTDxJNGhdtcPjkEyA2","is_local":false},{"artists":[{"external_urls":{"spotify":"https://open.spotify.com/artist/6nVcHLIgY5pE2YCl8ubca1"},"href":"https://api.spotify.com/v1/artists/6nVcHLIgY5pE2YCl8ubca1","id":"6nVcHLIgY5pE2YCl8ubca1","name":"JHAYCO","type":"artist","uri":"spotify:artist:6nVcHLIgY5pE2YCl8ubca1"}],"available_markets":["AR","AU","AT","BE","BO","BR","BG","CA","CL","CO","CR","CY","CZ","DK","DO","DE","EC","EE","SV","FI","FR","GR","GT","HN","HK","HU","IS","IE","IT","LV","LT","LU","MY","MT","MX","NL","NZ","NI","NO","PA","PY","PE","PH","PL","PT","SG","SK","ES","SE","CH","TW","TR","UY","US","GB","AD","LI","MC","ID","JP","TH","VN","RO","IL","ZA","SA","AE","BH","QA","OM","KW","EG","MA","DZ","TN","LB","JO","PS","IN","KZ","MD","UA","AL","BA","HR","ME","MK","RS","SI","KR","BD","PK","LK","GH","KE","NG","TZ","UG","AG","AM","BS","BB","BZ","BT","BW","BF","CV","CW","DM","FJ","GM","GE","GD","GW","GY","HT","JM","KI","LS","LR","MW","MV","ML","MH","FM","NA","NR","NE","PW","PG","WS","SM","ST","SN","SC","SL","SB","KN","LC","VC","SR","TL","TO","TT","TV","VU","AZ","BN","BI","KH","CM","TD","KM","GQ","SZ","GA","GN","KG","LA","MO","MR","MN","NP","RW","TG","UZ","ZW","BJ","MG","MU","MZ","AO","CI","DJ","ZM","CD","CG","IQ","LY","TJ","VE","ET","XK"],"disc_number":2,"duration_ms":145866,"explicit":false,"external_urls":{"spotify":"https://open.spotify.com/track/4kbMhMwfbVtqbqqFEw6y8C"},"href":"https://api.spotify.com/v1/tracks/4kbMhMwfbVtqbqqFEw6y8C","id":"4kbMhMwfbVtqbqqFEw6y8C","name":"Mokai","preview_url":null,"track_number":7,"type":"track","uri":"spotify:track:4kbMhMwfbVtqbqqFEw6y8C","is_local":false},{"artists":[{"external_urls":{"spotify":"https://open.spotify.com/artist/6nVcHLIgY5pE2YCl8ubca1"},"href":"https://api.spotify.com/v1/artists/6nVcHLIgY5pE2YCl8ubca1","id":"6nVcHLIgY5pE2YCl8ubca1","name":"JHAYCO","type":"artist","uri":"spotify:artist:6nVcHLIgY5pE2YCl8ubca1"}],"available_markets":["AR","AU","AT","BE","BO","BR","BG","CA","CL","CO","CR","CY","CZ","DK","DO","DE","EC","EE","SV","FI","FR","GR","GT","HN","HK","HU","IS","IE","IT","LV","LT","LU","MY","MT","MX","NL","NZ","NI","NO","PA","PY","PE","PH","PL","PT","SG","SK","ES","SE","CH","TW","TR","UY","US","GB","AD","LI","MC","ID","JP","TH","VN","RO","IL","ZA","SA","AE","BH","QA","OM","KW","EG","MA","DZ","TN","LB","JO","PS","IN","KZ","MD","UA","AL","BA","HR","ME","MK","RS","SI","KR","BD","PK","LK","GH","KE","NG","TZ","UG","AG","AM","BS","BB","BZ","BT","BW","BF","CV","CW","DM","FJ","GM","GE","GD","GW","GY","HT","JM","KI","LS","LR","MW","MV","ML","MH","FM","NA","NR","NE","PW","PG","WS","SM","ST","SN","SC","SL","SB","KN","LC","VC","SR","TL","TO","TT","TV","VU","AZ","BN","BI","KH","CM","TD","KM","GQ","SZ","GA","GN","KG","LA","MO","MR","MN","NP","RW","TG","UZ","ZW","BJ","MG","MU","MZ","AO","CI","DJ","ZM","CD","CG","IQ","LY","TJ","VE","ET","XK"],"disc_number":2,"duration_ms":168840,"explicit":false,"external_urls":{"spotify":"https://open.spotify.com/track/5SHwS0L6Q1MDZluxsDsx3r"},"href":"https://api.spotify.com/v1/tracks/5SHwS0L6Q1MDZluxsDsx3r","id":"5SHwS0L6Q1MDZluxsDsx3r","name":"Joe","preview_url":null,"track_number":8,"type":"track","uri":"spotify:track:5SHwS0L6Q1MDZluxsDsx3r","is_local":false},{"artists":[{"external_urls":{"spotify":"https://open.spotify.com/artist/6nVcHLIgY5pE2YCl8ubca1"},"href":"https://api.spotify.com/v1/artists/6nVcHLIgY5pE2YCl8ubca1","id":"6nVcHLIgY5pE2YCl8ubca1","name":"JHAYCO","type":"artist","uri":"spotify:artist:6nVcHLIgY5pE2YCl8ubca1"}],"available_markets":["AR","AU","AT","BE","BO","BR","BG","CA","CL","CO","CR","CY","CZ","DK","DO","DE","EC","EE","SV","FI","FR","GR","GT","HN","HK","HU","IS","IE","IT","LV","LT","LU","MY","MT","MX","NL","NZ","NI","NO","PA","PY","PE","PH","PL","PT","SG","SK","ES","SE","CH","TW","TR","UY","US","GB","AD","LI","MC","ID","JP","TH","VN","RO","IL","ZA","SA","AE","BH","QA","OM","KW","EG","MA","DZ","TN","LB","JO","PS","IN","KZ","MD","UA","AL","BA","HR","ME","MK","RS","SI","KR","BD","PK","LK","GH","KE","NG","TZ","UG","AG","AM","BS","BB","BZ","BT","BW","BF","CV","CW","DM","FJ","GM","GE","GD","GW","GY","HT","JM","KI","LS","LR","MW","MV","ML","MH","FM","NA","NR","NE","PW","PG","WS","SM","ST","SN","SC","SL","SB","KN","LC","VC","SR","TL","TO","TT","TV","VU","AZ","BN","BI","KH","CM","TD","KM","GQ","SZ","GA","GN","KG","LA","MO","MR","MN","NP","RW","TG","UZ","ZW","BJ","MG","MU","MZ","AO","CI","DJ","ZM","CD","CG","IQ","LY","TJ","VE","ET","XK"],"disc_number":2,"duration_ms":214733,"explicit":true,"external_urls":{"spotify":"https://open.spotify.com/track/1Ex3tcU32ZUvi3z4QjmMmE"},"href":"https://api.spotify.com/v1/tracks/1Ex3tcU32ZUvi3z4QjmMmE","id":"1Ex3tcU32ZUvi3z4QjmMmE","name":"Graxxx & QSJM","preview_url":null,"track_number":9,"type":"track","uri":"spotify:track:1Ex3tcU32ZUvi3z4QjmMmE","is_local":false},{"artists":[{"external_urls":{"spotify":"https://open.spotify.com/artist/6nVcHLIgY5pE2YCl8ubca1"},"href":"https://api.spotify.com/v1/artists/6nVcHLIgY5pE2YCl8ubca1","id":"6nVcHLIgY5pE2YCl8ubca1","name":"JHAYCO","type":"artist","uri":"spotify:artist:6nVcHLIgY5pE2YCl8ubca1"},{"external_urls":{"spotify":"https://open.spotify.com/artist/68KUcl8ndJO5nUcLkuwIjI"},"href":"https://api.spotify.com/v1/artists/68KUcl8ndJO5nUcLkuwIjI","id":"68KUcl8ndJO5nUcLkuwIjI","name":"Tivi Gunz","type":"artist","uri":"spotify:artist:68KUcl8ndJO5nUcLkuwIjI"},{"external_urls":{"spotify":"https://open.spotify.com/artist/54seKvtsZauR1iauN0ptpo"},"href":"https://api.spotify.com/v1/artists/54seKvtsZauR1iauN0ptpo","id":"54seKvtsZauR1iauN0ptpo","name":"De La Rose","type":"artist","uri":"spotify:artist:54seKvtsZauR1iauN0ptpo"}],"available_markets":["AR","AU","AT","BE","BO","BR","BG","CA","CL","CO","CR","CY","CZ","DK","DO","DE","EC","EE","SV","FI","FR","GR","GT","HN","HK","HU","IS","IE","IT","LV","LT","LU","MY","MT","MX","NL","NZ","NI","NO","PA","PY","PE","PH","PL","PT","SG","SK","ES","SE","CH","TW","TR","UY","US","GB","AD","LI","MC","ID","JP","TH","VN","RO","IL","ZA","SA","AE","BH","QA","OM","KW","EG","MA","DZ","TN","LB","JO","PS","IN","KZ","MD","UA","AL","BA","HR","ME","MK","RS","SI","KR","BD","PK","LK","GH","KE","NG","TZ","UG","AG","AM","BS","BB","BZ","BT","BW","BF","CV","CW","DM","FJ","GM","GE","GD","GW","GY","HT","JM","KI","LS","LR","MW","MV","ML","MH","FM","NA","NR","NE","PW","PG","WS","SM","ST","SN","SC","SL","SB","KN","LC","VC","SR","TL","TO","TT","TV","VU","AZ","BN","BI","KH","CM","TD","KM","GQ","SZ","GA","GN","KG","LA","MO","MR","MN","NP","RW","TG","UZ","ZW","BJ","MG","MU","MZ","AO","CI","DJ","ZM","CD","CG","IQ","LY","TJ","VE","ET","XK"],"disc_number":3,"duration_ms":177800,"explicit":false,"external_urls":{"spotify":"https://open.spotify.com/track/4WJmXWmPjRGUypELr87SYY"},"href":"https://api.spotify.com/v1/tracks/4WJmXWmPjRGUypELr87SYY","id":"4WJmXWmPjRGUypELr87SYY","name":"3D","preview_url":null,"track_number":1,"type":"track","uri":"spotify:track:4WJmXWmPjRGUypELr87SYY","is_local":false},{"artists":[{"external_urls":{"spotify":"https://open.spotify.com/artist/6nVcHLIgY5pE2YCl8ubca1"},"href":"https://api.spotify.com/v1/artists/6nVcHLIgY5pE2YCl8ubca1","id":"6nVcHLIgY5pE2YCl8ubca1","name":"JHAYCO","type":"artist","uri":"spotify:artist:6nVcHLIgY5pE2YCl8ubca1"},{"external_urls":{"spotify":"https://open.spotify.com/artist/52iwsT98xCoGgiGntTiR7K"},"href":"https://api.spotify.com/v1/artists/52iwsT98xCoGgiGntTiR7K","id":"52iwsT98xCoGgiGntTiR7K","name":"Quevedo","type":"artist","uri":"spotify:artist:52iwsT98xCoGgiGntTiR7K"}],"available_markets":["AR","AU","AT","BE","BO","BR","BG","CA","CL","CO","CR","CY","CZ","DK","DO","DE","EC","EE","SV","FI","FR","GR","GT","HN","HK","HU","IS","IE","IT","LV","LT","LU","MY","MT","MX","NL","NZ","NI","NO","PA","PY","PE","PH","PL","PT","SG","SK","ES","SE","CH","TW","TR","UY","US","GB","AD","LI","MC","ID","JP","TH","VN","RO","IL","ZA","SA","AE","BH","QA","OM","KW","EG","MA","DZ","TN","LB","JO","PS","IN","KZ","MD","UA","AL","BA","HR","ME","MK","RS","SI","KR","BD","PK","LK","GH","KE","NG","TZ","UG","AG","AM","BS","BB","BZ","BT","BW","BF","CV","CW","DM","FJ","GM","GE","GD","GW","GY","HT","JM","KI","LS","LR","MW","MV","ML","MH","FM","NA","NR","NE","PW","PG","WS","SM","ST","SN","SC","SL","SB","KN","LC","VC","SR","TL","TO","TT","TV","VU","AZ","BN","BI","KH","CM","TD","KM","GQ","SZ","GA","GN","KG","LA","MO","MR","MN","NP","RW","TG","UZ","ZW","BJ","MG","MU","MZ","AO","CI","DJ","ZM","CD","CG","IQ","LY","TJ","VE","ET","XK"],"disc_number":3,"duration_ms":216840,"explicit":false,"external_urls":{"spotify":"https://open.spotify.com/track/1bvR3XjqaUkXJwrWm2cIXe"},"href":"https://api.spotify.com/v1/tracks/1bvR3XjqaUkXJwrWm2cIXe","id":"1bvR3XjqaUkXJwrWm2cIXe","name":"Mami Chula","preview_url":null,"track_number":2,"type":"track","uri":"spotify:track:1bvR3XjqaUkXJwrWm2cIXe","is_local":false},{"artists":[{"external_urls":{"spotify":"https://open.spotify.com/artist/6nVcHLIgY5pE2YCl8ubca1"},"href":"https://api.spotify.com/v1/artists/6nVcHLIgY5pE2YCl8ubca1","id":"6nVcHLIgY5pE2YCl8ubca1","name":"JHAYCO","type":"artist","uri":"spotify:artist:6nVcHLIgY5pE2YCl8ubca1"},{"external_urls":{"spotify":"https://open.spotify.com/artist/12GqGscKJx3aE4t07u7eVZ"},"href":"https://api.spotify.com/v1/artists/12GqGscKJx3aE4t07u7eVZ","id":"12GqGscKJx3aE4t07u7eVZ","name":"Peso Pluma","type":"artist","uri":"spotify:artist:12GqGscKJx3aE4t07u7eVZ"}],"available_markets":["AR","AU","AT","BE","BO","BR","BG","CA","CL","CO","CR","CY","CZ","DK","DO","DE","EC","EE","SV","FI","FR","GR","GT","HN","HK","HU","IS","IE","IT","LV","LT","LU","MY","MT","MX","NL","NZ","NI","NO","PA","PY","PE","PH","PL","PT","SG","SK","ES","SE","CH","TW","TR","UY","US","GB","AD","LI","MC","ID","JP","TH","VN","RO","IL","ZA","SA","AE","BH","QA","OM","KW","EG","MA","DZ","TN","LB","JO","PS","IN","KZ","MD","UA","AL","BA","HR","ME","MK","RS","SI","KR","BD","PK","LK","GH","KE","NG","TZ","UG","AG","AM","BS","BB","BZ","BT","BW","BF","CV","CW","DM","FJ","GM","GE","GD","GW","GY","HT","JM","KI","LS","LR","MW","MV","ML","MH","FM","NA","NR","NE","PW","PG","WS","SM","ST","SN","SC","SL","SB","KN","LC","VC","SR","TL","TO","TT","TV","VU","AZ","BN","BI","KH","CM","TD","KM","GQ","SZ","GA","GN","KG","LA","MO","MR","MN","NP","RW","TG","UZ","ZW","BJ","MG","MU","MZ","AO","CI","DJ","ZM","CD","CG","IQ","LY","TJ","VE","ET","XK"],"disc_number":3,"duration_ms":229573,"explicit":true,"external_urls":{"spotify":"https://open.spotify.com/track/4PEGaRGHVTlwLPaizTfoFl"},"href":"https://api.spotify.com/v1/tracks/4PEGaRGHVTlwLPaizTfoFl","id":"4PEGaRGHVTlwLPaizTfoFl","name":"Ex-Special","preview_url":null,"track_number":3,"type":"track","uri":"spotify:track:4PEGaRGHVTlwLPaizTfoFl","is_local":false},{"artists":[{"external_urls":{"spotify":"https://open.spotify.com/artist/6nVcHLIgY5pE2YCl8ubca1"},"href":"https://api.spotify.com/v1/artists/6nVcHLIgY5pE2YCl8ubca1","id":"6nVcHLIgY5pE2YCl8ubca1","name":"JHAYCO","type":"artist","uri":"spotify:artist:6nVcHLIgY5pE2YCl8ubca1"}],"available_markets":["AR","AU","AT","BE","BO","BR","BG","CA","CL","CO","CR","CY","CZ","DK","DO","DE","EC","EE","SV","FI","FR","GR","GT","HN","HK","HU","IS","IE","IT","LV","LT","LU","MY","MT","MX","NL","NZ","NI","NO","PA","PY","PE","PH","PL","PT","SG","SK","ES","SE","CH","TW","TR","UY","US","GB","AD","LI","MC","ID","JP","TH","VN","RO","IL","ZA","SA","AE","BH","QA","OM","KW","EG","MA","DZ","TN","LB","JO","PS","IN","KZ","MD","UA","AL","BA","HR","ME","MK","RS","SI","KR","BD","PK","LK","GH","KE","NG","TZ","UG","AG","AM","BS","BB","BZ","BT","BW","BF","CV","CW","DM","FJ","GM","GE","GD","GW","GY","HT","JM","KI","LS","LR","MW","MV","ML","MH","FM","NA","NR","NE","PW","PG","WS","SM","ST","SN","SC","SL","SB","KN","LC","VC","SR","TL","TO","TT","TV","VU","AZ","BN","BI","KH","CM","TD","KM","GQ","SZ","GA","GN","KG","LA","MO","MR","MN","NP","RW","TG","UZ","ZW","BJ","MG","MU","MZ","AO","CI","DJ","ZM","CD","CG","IQ","LY","TJ","VE","ET","XK"],"disc_number":3,"duration_ms":216440,"explicit":false,"external_urls":{"spotify":"https://open.spotify.com/track/5ik4yXGeeuQdrXVFP6MpxS"},"href":"https://api.spotify.com/v1/tracks/5ik4yXGeeuQdrXVFP6MpxS","id":"5ik4yXGeeuQdrXVFP6MpxS","name":"Torii","preview_url":null,"track_number":4,"type":"track","uri":"spotify:track:5ik4yXGeeuQdrXVFP6MpxS","is_local":false},{"artists":[{"external_urls":{"spotify":"https://open.spotify.com/artist/6nVcHLIgY5pE2YCl8ubca1"},"href":"https://api.spotify.com/v1/artists/6nVcHLIgY5pE2YCl8ubca1","id":"6nVcHLIgY5pE2YCl8ubca1","name":"JHAYCO","type":"artist","uri":"spotify:artist:6nVcHLIgY5pE2YCl8ubca1"},{"external_urls":{"spotify":"https://open.spotify.com/artist/6w9ToX5slZ4uIdmD17hJ3c"},"href":"https://api.spotify.com/v1/artists/6w9ToX5slZ4uIdmD17hJ3c","id":"6w9ToX5slZ4uIdmD17hJ3c","name":"Bryant Myers","type":"artist","uri":"spotify:artist:6w9ToX5slZ4uIdmD17hJ3c"},{"external_urls":{"spotify":"https://open.spotify.com/artist/4axKuDPr6WKcDCyh8vueTY"},"href":"https://api.spotify.com/v1/artists/4axKuDPr6WKcDCyh8vueTY","id":"4axKuDPr6WKcDCyh8vueTY","name":"Luar La L","type":"artist","uri":"spotify:artist:4axKuDPr6WKcDCyh8vueTY"}],"available_markets":["AR","AU","AT","BE","BO","BR","BG","CA","CL","CO","CR","CY","CZ","DK","DO","DE","EC","EE","SV","FI","FR","GR","GT","HN","HK","HU","IS","IE","IT","LV","LT","LU","MY","MT","MX","NL","NZ","NI","NO","PA","PY","PE","PH","PL","PT","SG","SK","ES","SE","CH","TW","TR","UY","US","GB","AD","LI","MC","ID","JP","TH","VN","RO","IL","ZA","SA","AE","BH","QA","OM","KW","EG","MA","DZ","TN","LB","JO","PS","IN","KZ","MD","UA","AL","BA","HR","ME","MK","RS","SI","KR","BD","PK","LK","GH","KE","NG","TZ","UG","AG","AM","BS","BB","BZ","BT","BW","BF","CV","CW","DM","FJ","GM","GE","GD","GW","GY","HT","JM","KI","LS","LR","MW","MV","ML","MH","FM","NA","NR","NE","PW","PG","WS","SM","ST","SN","SC","SL","SB","KN","LC","VC","SR","TL","TO","TT","TV","VU","AZ","BN","BI","KH","CM","TD","KM","GQ","SZ","GA","GN","KG","LA","MO","MR","MN","NP","RW","TG","UZ","ZW","BJ","MG","MU","MZ","AO","CI","DJ","ZM","CD","CG","IQ","LY","TJ","VE","ET","XK"],"disc_number":3,"duration_ms":366760,"explicit":true,"external_urls":{"spotify":"https://open.spotify.com/track/4zswLXnbMP4UedphSeMY21"},"href":"https://api.spotify.com/v1/tracks/4zswLXnbMP4UedphSeMY21","id":"4zswLXnbMP4UedphSeMY21","name":"KTM","preview_url":null,"track_number":5,"type":"track","uri":"spotify:track:4zswLXnbMP4UedphSeMY21","is_local":false},{"artists":[{"external_urls":{"spotify":"https://open.spotify.com/artist/6nVcHLIgY5pE2YCl8ubca1"},"href":"https://api.spotify.com/v1/artists/6nVcHLIgY5pE2YCl8ubca1","id":"6nVcHLIgY5pE2YCl8ubca1","name":"JHAYCO","type":"artist","uri":"spotify:artist:6nVcHLIgY5pE2YCl8ubca1"}],"available_markets":["AR","AU","AT","BE","BO","BR","BG","CA","CL","CO","CR","CY","CZ","DK","DO","DE","EC","EE","SV","FI","FR","GR","GT","HN","HK","HU","IS","IE","IT","LV","LT","LU","MY","MT","MX","NL","NZ","NI","NO","PA","PY","PE","PH","PL","PT","SG","SK","ES","SE","CH","TW","TR","UY","US","GB","AD","LI","MC","ID","JP","TH","VN","RO","IL","ZA","SA","AE","BH","QA","OM","KW","EG","MA","DZ","TN","LB","JO","PS","IN","KZ","MD","UA","AL","BA","HR","ME","MK","RS","SI","KR","BD","PK","LK","GH","KE","NG","TZ","UG","AG","AM","BS","BB","BZ","BT","BW","BF","CV","CW","DM","FJ","GM","GE","GD","GW","GY","HT","JM","KI","LS","LR","MW","MV","ML","MH","FM","NA","NR","NE","PW","PG","WS","SM","ST","SN","SC","SL","SB","KN","LC","VC","SR","TL","TO","TT","TV","VU","AZ","BN","BI","KH","CM","TD","KM","GQ","SZ","GA","GN","KG","LA","MO","MR","MN","NP","RW","TG","UZ","ZW","BJ","MG","MU","MZ","AO","CI","DJ","ZM","CD","CG","IQ","LY","TJ","VE","ET","XK"],"disc_number":3,"duration_ms":195226,"explicit":false,"external_urls":{"spotify":"https://open.spotify.com/track/0is6uOl136Cp8l6UJyfES2"},"href":"https://api.spotify.com/v1/tracks/0is6uOl136Cp8l6UJyfES2","id":"0is6uOl136Cp8l6UJyfES2","name":"Cuerpecito","preview_url":null,"track_number":6,"type":"track","uri":"spotify:track:0is6uOl136Cp8l6UJyfES2","is_local":false}]},"copyrights":[{"text":"© 2024 UMG Recordings, Inc.","type":"C"},{"text":"℗ 2024 UMG Recordings, Inc.","type":"P"}],"external_ids":{"upc":"00602468091882"},"genres":[],"label":"N&E Entertainment LLC","popularity":71},{"album_type":"album","total_tracks":27,"available_markets":["AR","AU","AT","BE","BO","BR","BG","CA","CL","CO","CR","CY","CZ","DK","DO","DE","EC","EE","SV","FI","FR","GR","GT","HN","HK","HU","IS","IE","IT","LV","LT","LU","MY","MT","MX","NL","NZ","NI","NO","PA","PY","PE","PH","PL","PT","SG","SK","ES","SE","CH","TW","TR","UY","US","GB","AD","LI","MC","ID","JP","TH","VN","RO","IL","ZA","SA","AE","BH","QA","OM","KW","EG","MA","DZ","TN","LB","JO","PS","IN","BY","KZ","MD","UA","AL","BA","HR","ME","MK","RS","SI","KR","BD","PK","LK","GH","KE","NG","TZ","UG","AG","AM","BS","BB","BZ","BT","BW","BF","CV","CW","DM","FJ","GM","GE","GD","GW","GY","HT","JM","KI","LS","LR","MW","MV","ML","MH","FM","NA","NR","NE","PW","PG","PR","WS","SM","ST","SN","SC","SL","SB","KN","LC","VC","SR","TL","TO","TT","TV","VU","AZ","BN","BI","KH","CM","TD","KM","GQ","SZ","GA","GN","KG","LA","MO","MR","MN","NP","RW","TG","UZ","ZW","BJ","MG","MU","MZ","AO","CI","DJ","ZM","CD","CG","IQ","LY","TJ","VE","ET","XK"],"external_urls":{"spotify":"https://open.spotify.com/album/3wU2wXacpwqetSRloR0nMX"},"href":"https://api.spotify.com/v1/albums/3wU2wXacpwqetSRloR0nMX","id":"3wU2wXacpwqetSRloR0nMX","images":[{"url":"https://i.scdn.co/image/ab67616d0000b2739066894d9eb3346a780ac276","height":640,"width":640},{"url":"https://i.scdn.co/image/ab67616d00001e029066894d9eb3346a780ac276","height":300,"width":300},{"url":"https://i.scdn.co/image/ab67616d000048519066894d9eb3346a780ac276","height":64,"width":64}],"name":"ONE MORE TIME... PART-2","release_date":"2024-09-06","release_date_precision":"day","type":"album","uri":"spotify:album:3wU2wXacpwqetSRloR0nMX","artists":[{"external_urls":{"spotify":"https://open.spotify.com/artist/6FBDaR13swtiWwGhX1WQsP"},"href":"https://api.spotify.com/v1/artists/6FBDaR13swtiWwGhX1WQsP","id":"6FBDaR13swtiWwGhX1WQsP","name":"blink-182","type":"artist","uri":"spotify:artist:6FBDaR13swtiWwGhX1WQsP"}],"tracks":{"href":"https://api.spotify.com/v1/albums/3wU2wXacpwqetSRloR0nMX/tracks?offset=0&limit=50","limit":50,"next":null,"offset":0,"previous":null,"total":27,"items":[{"artists":[{"external_urls":{"spotify":"https://open.spotify.com/artist/6FBDaR13swtiWwGhX1WQsP"},"href":"https://api.spotify.com/v1/artists/6FBDaR13swtiWwGhX1WQsP","id":"6FBDaR13swtiWwGhX1WQsP","name":"blink-182","type":"artist","uri":"spotify:artist:6FBDaR13swtiWwGhX1WQsP"}],"available_markets":["AR","AU","AT","BE","BO","BR","BG","CA","CL","CO","CR","CY","CZ","DK","DO","DE","EC","EE","SV","FI","FR","GR","GT","HN","HK","HU","IS","IE","IT","LV","LT","LU","MY","MT","MX","NL","NZ","NI","NO","PA","PY","PE","PH","PL","PT","SG","SK","ES","SE","CH","TW","TR","UY","US","GB","AD","LI","MC","ID","JP","TH","VN","RO","IL","ZA","SA","AE","BH","QA","OM","KW","EG","MA","DZ","TN","LB","JO","PS","IN","BY","KZ","MD","UA","AL","BA","HR","ME","MK","RS","SI","KR","BD","PK","LK","GH","KE","NG","TZ","UG","AG","AM","BS","BB","BZ","BT","BW","BF","CV","CW","DM","FJ","GM","GE","GD","GW","GY","HT","JM","KI","LS","LR","MW","MV","ML","MH","FM","NA","NR","NE","PW","PG","PR","WS","SM","ST","SN","SC","SL","SB","KN","LC","VC","SR","TL","TO","TT","TV","VU","AZ","BN","BI","KH","CM","TD","KM","GQ","SZ","GA","GN","KG","LA","MO","MR","MN","NP","RW","TG","UZ","ZW","BJ","MG","MU","MZ","AO","CI","DJ","ZM","CD","CG","IQ","LY","TJ","VE","ET","XK"],"disc_number":1,"duration_ms":213191,"explicit":true,"external_urls":{"spotify":"https://open.spotify.com/track/0RC4083ahM1vNC14I2acx4"},"href":"https://api.spotify.com/v1/tracks/0RC4083ahM1vNC14I2acx4","id":"0RC4083ahM1vNC14I2acx4","name":"ANTHEM PART 3","preview_url":null,"track_number":1,"type":"track","uri":"spotify:track:0RC4083ahM1vNC14I2acx4","is_local":false},{"artists":[{"external_urls":{"spotify":"https://open.spotify.com/artist/6FBDaR13swtiWwGhX1WQsP"},"href":"https://api.spotify.com/v1/artists/6FBDaR13swtiWwGhX1WQsP","id":"6FBDaR13swtiWwGhX1WQsP","name":"blink-182","type":"artist","uri":"spotify:artist:6FBDaR13swtiWwGhX1WQsP"}],"available_markets":["AR","AU","AT","BE","BO","BR","BG","CA","CL","CO","CR","CY","CZ","DK","DO","DE","EC","EE","SV","FI","FR","GR","GT","HN","HK","HU","IS","IE","IT","LV","LT","LU","MY","MT","MX","NL","NZ","NI","NO","PA","PY","PE","PH","PL","PT","SG","SK","ES","SE","CH","TW","TR","UY","US","GB","AD","LI","MC","ID","JP","TH","VN","RO","IL","ZA","SA","AE","BH","QA","OM","KW","EG","MA","DZ","TN","LB","JO","PS","IN","BY","KZ","MD","UA","AL","BA","HR","ME","MK","RS","SI","KR","BD","PK","LK","GH","KE","NG","TZ","UG","AG","AM","BS","BB","BZ","BT","BW","BF","CV","CW","DM","FJ","GM","GE","GD","GW","GY","HT","JM","KI","LS","LR","MW","MV","ML","MH","FM","NA","NR","NE","PW","PG","PR","WS","SM","ST","SN","SC","SL","SB","KN","LC","VC","SR","TL","TO","TT","TV","VU","AZ","BN","BI","KH","CM","TD","KM","GQ","SZ","GA","GN","KG","LA","MO","MR","MN","NP","RW","TG","UZ","ZW","BJ","MG","MU","MZ","AO","CI","DJ","ZM","CD","CG","IQ","LY","TJ","VE","ET","XK"],"disc_number":1,"duration_ms":188155,"explicit":true,"external_urls":{"spotify":"https://open.spotify.com/track/6V8vsgKUttngtI7zTAzz0O"},"href":"https://api.spotify.com/v1/tracks/6V8vsgKUttngtI7zTAzz0O","id":"6V8vsgKUttngtI7zTAzz0O","name":"DANCE WITH ME","preview_url":null,"track_number":2,"type":"track","uri":"spotify:track:6V8vsgKUttngtI7zTAzz0O","is_local":false},{"artists":[{"external_urls":{"spotify":"https://open.spotify.com/artist/6FBDaR13swtiWwGhX1WQsP"},"href":"https://api.spotify.com/v1/artists/6FBDaR13swtiWwGhX1WQsP","id":"6FBDaR13swtiWwGhX1WQsP","name":"blink-182","type":"artist","uri":"spotify:artist:6FBDaR13swtiWwGhX1WQsP"}],"available_markets":["AR","AU","AT","BE","BO","BR","BG","CA","CL","CO","CR","CY","CZ","DK","DO","DE","EC","EE","SV","FI","FR","GR","GT","HN","HK","HU","IS","IE","IT","LV","LT","LU","MY","MT","MX","NL","NZ","NI","NO","PA","PY","PE","PH","PL","PT","SG","SK","ES","SE","CH","TW","TR","UY","US","GB","AD","LI","MC","ID","JP","TH","VN","RO","IL","ZA","SA","AE","BH","QA","OM","KW","EG","MA","DZ","TN","LB","JO","PS","IN","BY","KZ","MD","UA","AL","BA","HR","ME","MK","RS","SI","KR","BD","PK","LK","GH","KE","NG","TZ","UG","AG","AM","BS","BB","BZ","BT","BW","BF","CV","CW","DM","FJ","GM","GE","GD","GW","GY","HT","JM","KI","LS","LR","MW","MV","ML","MH","FM","NA","NR","NE","PW","PG","PR","WS","SM","ST","SN","SC","SL","SB","KN","LC","VC","SR","TL","TO","TT","TV","VU","AZ","BN","BI","KH","CM","TD","KM","GQ","SZ","GA","GN","KG","LA","MO","MR","MN","NP","RW","TG","UZ","ZW","BJ","MG","MU","MZ","AO","CI","DJ","ZM","CD","CG","IQ","LY","TJ","VE","ET","XK"],"disc_number":1,"duration_ms":138460,"explicit":true,"external_urls":{"spotify":"https://open.spotify.com/track/3zwRNJfoHAioyZJOkxJJ9Z"},"href":"https://api.spotify.com/v1/tracks/3zwRNJfoHAioyZJOkxJJ9Z","id":"3zwRNJfoHAioyZJOkxJJ9Z","name":"FELL IN LOVE","preview_url":null,"track_number":3,"type":"track","uri":"spotify:track:3zwRNJfoHAioyZJOkxJJ9Z","is_local":false},{"artists":[{"external_urls":{"spotify":"https://open.spotify.com/artist/6FBDaR13swtiWwGhX1WQsP"},"href":"https://api.spotify.com/v1/artists/6FBDaR13swtiWwGhX1WQsP","id":"6FBDaR13swtiWwGhX1WQsP","name":"blink-182","type":"artist","uri":"spotify:artist:6FBDaR13swtiWwGhX1WQsP"}],"available_markets":["AR","AU","AT","BE","BO","BR","BG","CA","CL","CO","CR","CY","CZ","DK","DO","DE","EC","EE","SV","FI","FR","GR","GT","HN","HK","HU","IS","IE","IT","LV","LT","LU","MY","MT","MX","NL","NZ","NI","NO","PA","PY","PE","PH","PL","PT","SG","SK","ES","SE","CH","TW","TR","UY","US","GB","AD","LI","MC","ID","JP","TH","VN","RO","IL","ZA","SA","AE","BH","QA","OM","KW","EG","MA","DZ","TN","LB","JO","PS","IN","BY","KZ","MD","UA","AL","BA","HR","ME","MK","RS","SI","KR","BD","PK","LK","GH","KE","NG","TZ","UG","AG","AM","BS","BB","BZ","BT","BW","BF","CV","CW","DM","FJ","GM","GE","GD","GW","GY","HT","JM","KI","LS","LR","MW","MV","ML","MH","FM","NA","NR","NE","PW","PG","PR","WS","SM","ST","SN","SC","SL","SB","KN","LC","VC","SR","TL","TO","TT","TV","VU","AZ","BN","BI","KH","CM","TD","KM","GQ","SZ","GA","GN","KG","LA","MO","MR","MN","NP","RW","TG","UZ","ZW","BJ","MG","MU","MZ","AO","CI","DJ","ZM","CD","CG","IQ","LY","TJ","VE","ET","XK"],"disc_number":1,"duration_ms":168130,"explicit":false,"external_urls":{"spotify":"https://open.spotify.com/track/5C4YT0aSMGzEzfnKQxio5a"},"href":"https://api.spotify.com/v1/tracks/5C4YT0aSMGzEzfnKQxio5a","id":"5C4YT0aSMGzEzfnKQxio5a","name":"TERRIFIED","preview_url":null,"track_number":4,"type":"track","uri":"spotify:track:5C4YT0aSMGzEzfnKQxio5a","is_local":false},{"artists":[{"external_urls":{"spotify":"https://open.spotify.com/artist/6FBDaR13swtiWwGhX1WQsP"},"href":"https://api.spotify.com/v1/artists/6FBDaR13swtiWwGhX1WQsP","id":"6FBDaR13swtiWwGhX1WQsP","name":"blink-182","type":"artist","uri":"spotify:artist:6FBDaR13swtiWwGhX1WQsP"}],"available_markets":["AR","AU","AT","BE","BO","BR","BG","CA","CL","CO","CR","CY","CZ","DK","DO","DE","EC","EE","SV","FI","FR","GR","GT","HN","HK","HU","IS","IE","IT","LV","LT","LU","MY","MT","MX","NL","NZ","NI","NO","PA","PY","PE","PH","PL","PT","SG","SK","ES","SE","CH","TW","TR","UY","US","GB","AD","LI","MC","ID","JP","TH","VN","RO","IL","ZA","SA","AE","BH","QA","OM","KW","EG","MA","DZ","TN","LB","JO","PS","IN","BY","KZ","MD","UA","AL","BA","HR","ME","MK","RS","SI","KR","BD","PK","LK","GH","KE","NG","TZ","UG","AG","AM","BS","BB","BZ","BT","BW","BF","CV","CW","DM","FJ","GM","GE","GD","GW","GY","HT","JM","KI","LS","LR","MW","MV","ML","MH","FM","NA","NR","NE","PW","PG","PR","WS","SM","ST","SN","SC","SL","SB","KN","LC","VC","SR","TL","TO","TT","TV","VU","AZ","BN","BI","KH","CM","TD","KM","GQ","SZ","GA","GN","KG","LA","MO","MR","MN","NP","RW","TG","UZ","ZW","BJ","MG","MU","MZ","AO","CI","DJ","ZM","CD","CG","IQ","LY","TJ","VE","ET","XK"],"disc_number":1,"duration_ms":208114,"explicit":false,"external_urls":{"spotify":"https://open.spotify.com/track/6sjtUtT0lWNTQ2Xy9GFVML"},"href":"https://api.spotify.com/v1/tracks/6sjtUtT0lWNTQ2Xy9GFVML","id":"6sjtUtT0lWNTQ2Xy9GFVML","name":"ONE MORE TIME","preview_url":null,"track_number":5,"type":"track","uri":"spotify:track:6sjtUtT0lWNTQ2Xy9GFVML","is_local":false},{"artists":[{"external_urls":{"spotify":"https://open.spotify.com/artist/6FBDaR13swtiWwGhX1WQsP"},"href":"https://api.spotify.com/v1/artists/6FBDaR13swtiWwGhX1WQsP","id":"6FBDaR13swtiWwGhX1WQsP","name":"blink-182","type":"artist","uri":"spotify:artist:6FBDaR13swtiWwGhX1WQsP"}],"available_markets":["AR","AU","AT","BE","BO","BR","BG","CA","CL","CO","CR","CY","CZ","DK","DO","DE","EC","EE","SV","FI","FR","GR","GT","HN","HK","HU","IS","IE","IT","LV","LT","LU","MY","MT","MX","NL","NZ","NI","NO","PA","PY","PE","PH","PL","PT","SG","SK","ES","SE","CH","TW","TR","UY","US","GB","AD","LI","MC","ID","JP","TH","VN","RO","IL","ZA","SA","AE","BH","QA","OM","KW","EG","MA","DZ","TN","LB","JO","PS","IN","BY","KZ","MD","UA","AL","BA","HR","ME","MK","RS","SI","KR","BD","PK","LK","GH","KE","NG","TZ","UG","AG","AM","BS","BB","BZ","BT","BW","BF","CV","CW","DM","FJ","GM","GE","GD","GW","GY","HT","JM","KI","LS","LR","MW","MV","ML","MH","FM","NA","NR","NE","PW","PG","PR","WS","SM","ST","SN","SC","SL","SB","KN","LC","VC","SR","TL","TO","TT","TV","VU","AZ","BN","BI","KH","CM","TD","KM","GQ","SZ","GA","GN","KG","LA","MO","MR","MN","NP","RW","TG","UZ","ZW","BJ","MG","MU","MZ","AO","CI","DJ","ZM","CD","CG","IQ","LY","TJ","VE","ET","XK"],"disc_number":1,"duration_ms":217187,"explicit":false,"external_urls":{"spotify":"https://open.spotify.com/track/3Vz43D7q9gd0qbC8PlNjP6"},"href":"https://api.spotify.com/v1/tracks/3Vz43D7q9gd0qbC8PlNjP6","id":"3Vz43D7q9gd0qbC8PlNjP6","name":"MORE THAN YOU KNOW","preview_url":null,"track_number":6,"type":"track","uri":"spotify:track:3Vz43D7q9gd0qbC8PlNjP6","is_local":false},{"artists":[{"external_urls":{"spotify":"https://open.spotify.com/artist/6FBDaR13swtiWwGhX1WQsP"},"href":"https://api.spotify.com/v1/artists/6FBDaR13swtiWwGhX1WQsP","id":"6FBDaR13swtiWwGhX1WQsP","name":"blink-182","type":"artist","uri":"spotify:artist:6FBDaR13swtiWwGhX1WQsP"}],"available_markets":["AR","AU","AT","BE","BO","BR","BG","CA","CL","CO","CR","CY","CZ","DK","DO","DE","EC","EE","SV","FI","FR","GR","GT","HN","HK","HU","IS","IE","IT","LV","LT","LU","MY","MT","MX","NL","NZ","NI","NO","PA","PY","PE","PH","PL","PT","SG","SK","ES","SE","CH","TW","TR","UY","US","GB","AD","LI","MC","ID","JP","TH","VN","RO","IL","ZA","SA","AE","BH","QA","OM","KW","EG","MA","DZ","TN","LB","JO","PS","IN","BY","KZ","MD","UA","AL","BA","HR","ME","MK","RS","SI","KR","BD","PK","LK","GH","KE","NG","TZ","UG","AG","AM","BS","BB","BZ","BT","BW","BF","CV","CW","DM","FJ","GM","GE","GD","GW","GY","HT","JM","KI","LS","LR","MW","MV","ML","MH","FM","NA","NR","NE","PW","PG","PR","WS","SM","ST","SN","SC","SL","SB","KN","LC","VC","SR","TL","TO","TT","TV","VU","AZ","BN","BI","KH","CM","TD","KM","GQ","SZ","GA","GN","KG","LA","MO","MR","MN","NP","RW","TG","UZ","ZW","BJ","MG","MU","MZ","AO","CI","DJ","ZM","CD","CG","IQ","LY","TJ","VE","ET","XK"],"disc_number":1,"duration_ms":23610,"explicit":true,"external_urls":{"spotify":"https://open.spotify.com/track/6xcgzpt5S8kCgL2CEORpAM"},"href":"https://api.spotify.com/v1/tracks/6xcgzpt5S8kCgL2CEORpAM","id":"6xcgzpt5S8kCgL2CEORpAM","name":"TURN THIS OFF!","preview_url":null,"track_number":7,"type":"track","uri":"spotify:track:6xcgzpt5S8kCgL2CEORpAM","is_local":false},{"artists":[{"external_urls":{"spotify":"https://open.spotify.com/artist/6FBDaR13swtiWwGhX1WQsP"},"href":"https://api.spotify.com/v1/artists/6FBDaR13swtiWwGhX1WQsP","id":"6FBDaR13swtiWwGhX1WQsP","name":"blink-182","type":"artist","uri":"spotify:artist:6FBDaR13swtiWwGhX1WQsP"}],"available_markets":["AR","AU","AT","BE","BO","BR","BG","CA","CL","CO","CR","CY","CZ","DK","DO","DE","EC","EE","SV","FI","FR","GR","GT","HN","HK","HU","IS","IE","IT","LV","LT","LU","MY","MT","MX","NL","NZ","NI","NO","PA","PY","PE","PH","PL","PT","SG","SK","ES","SE","CH","TW","TR","UY","US","GB","AD","LI","MC","ID","JP","TH","VN","RO","IL","ZA","SA","AE","BH","QA","OM","KW","EG","MA","DZ","TN","LB","JO","PS","IN","BY","KZ","MD","UA","AL","BA","HR","ME","MK","RS","SI","KR","BD","PK","LK","GH","KE","NG","TZ","UG","AG","AM","BS","BB","BZ","BT","BW","BF","CV","CW","DM","FJ","GM","GE","GD","GW","GY","HT","JM","KI","LS","LR","MW","MV","ML","MH","FM","NA","NR","NE","PW","PG","PR","WS","SM","ST","SN","SC","SL","SB","KN","LC","VC","SR","TL","TO","TT","TV","VU","AZ","BN","BI","KH","CM","TD","KM","GQ","SZ","GA","GN","KG","LA","MO","MR","MN","NP","RW","TG","UZ","ZW","BJ","MG","MU","MZ","AO","CI","DJ","ZM","CD","CG","IQ","LY","TJ","VE","ET","XK"],"disc_number":1,"duration_ms":160409,"explicit":true,"external_urls":{"spotify":"https://open.spotify.com/track/3poolWXvWPEdkgYzyh8HC9"},"href":"https://api.spotify.com/v1/tracks/3poolWXvWPEdkgYzyh8HC9","id":"3poolWXvWPEdkgYzyh8HC9","name":"WHEN WE WERE YOUNG","preview_url":null,"track_number":8,"type":"track","uri":"spotify:track:3poolWXvWPEdkgYzyh8HC9","is_local":false},{"artists":[{"external_urls":{"spotify":"https://open.spotify.com/artist/6FBDaR13swtiWwGhX1WQsP"},"href":"https://api.spotify.com/v1/artists/6FBDaR13swtiWwGhX1WQsP","id":"6FBDaR13swtiWwGhX1WQsP","name":"blink-182","type":"artist","uri":"spotify:artist:6FBDaR13swtiWwGhX1WQsP"}],"available_markets":["AR","AU","AT","BE","BO","BR","BG","CA","CL","CO","CR","CY","CZ","DK","DO","DE","EC","EE","SV","FI","FR","GR","GT","HN","HK","HU","IS","IE","IT","LV","LT","LU","MY","MT","MX","NL","NZ","NI","NO","PA","PY","PE","PH","PL","PT","SG","SK","ES","SE","CH","TW","TR","UY","US","GB","AD","LI","MC","ID","JP","TH","VN","RO","IL","ZA","SA","AE","BH","QA","OM","KW","EG","MA","DZ","TN","LB","JO","PS","IN","BY","KZ","MD","UA","AL","BA","HR","ME","MK","RS","SI","KR","BD","PK","LK","GH","KE","NG","TZ","UG","AG","AM","BS","BB","BZ","BT","BW","BF","CV","CW","DM","FJ","GM","GE","GD","GW","GY","HT","JM","KI","LS","LR","MW","MV","ML","MH","FM","NA","NR","NE","PW","PG","PR","WS","SM","ST","SN","SC","SL","SB","KN","LC","VC","SR","TL","TO","TT","TV","VU","AZ","BN","BI","KH","CM","TD","KM","GQ","SZ","GA","GN","KG","LA","MO","MR","MN","NP","RW","TG","UZ","ZW","BJ","MG","MU","MZ","AO","CI","DJ","ZM","CD","CG","IQ","LY","TJ","VE","ET","XK"],"disc_number":1,"duration_ms":149473,"explicit":true,"external_urls":{"spotify":"https://open.spotify.com/track/52sHEOyOEKhxzMMXB2e6gN"},"href":"https://api.spotify.com/v1/tracks/52sHEOyOEKhxzMMXB2e6gN","id":"52sHEOyOEKhxzMMXB2e6gN","name":"EDGING","preview_url":null,"track_number":9,"type":"track","uri":"spotify:track:52sHEOyOEKhxzMMXB2e6gN","is_local":false},{"artists":[{"external_urls":{"spotify":"https://open.spotify.com/artist/6FBDaR13swtiWwGhX1WQsP"},"href":"https://api.spotify.com/v1/artists/6FBDaR13swtiWwGhX1WQsP","id":"6FBDaR13swtiWwGhX1WQsP","name":"blink-182","type":"artist","uri":"spotify:artist:6FBDaR13swtiWwGhX1WQsP"}],"available_markets":["AR","AU","AT","BE","BO","BR","BG","CA","CL","CO","CR","CY","CZ","DK","DO","DE","EC","EE","SV","FI","FR","GR","GT","HN","HK","HU","IS","IE","IT","LV","LT","LU","MY","MT","MX","NL","NZ","NI","NO","PA","PY","PE","PH","PL","PT","SG","SK","ES","SE","CH","TW","TR","UY","US","GB","AD","LI","MC","ID","JP","TH","VN","RO","IL","ZA","SA","AE","BH","QA","OM","KW","EG","MA","DZ","TN","LB","JO","PS","IN","BY","KZ","MD","UA","AL","BA","HR","ME","MK","RS","SI","KR","BD","PK","LK","GH","KE","NG","TZ","UG","AG","AM","BS","BB","BZ","BT","BW","BF","CV","CW","DM","FJ","GM","GE","GD","GW","GY","HT","JM","KI","LS","LR","MW","MV","ML","MH","FM","NA","NR","NE","PW","PG","PR","WS","SM","ST","SN","SC","SL","SB","KN","LC","VC","SR","TL","TO","TT","TV","VU","AZ","BN","BI","KH","CM","TD","KM","GQ","SZ","GA","GN","KG","LA","MO","MR","MN","NP","RW","TG","UZ","ZW","BJ","MG","MU","MZ","AO","CI","DJ","ZM","CD","CG","IQ","LY","TJ","VE","ET","XK"],"disc_number":1,"duration_ms":198685,"explicit":false,"external_urls":{"spotify":"https://open.spotify.com/track/7MnVqgO5hVsbOAPGCr7oHo"},"href":"https://api.spotify.com/v1/tracks/7MnVqgO5hVsbOAPGCr7oHo","id":"7MnVqgO5hVsbOAPGCr7oHo","name":"YOU DON'T KNOW WHAT YOU'VE GOT","preview_url":null,"track_number":10,"type":"track","uri":"spotify:track:7MnVqgO5hVsbOAPGCr7oHo","is_local":false},{"artists":[{"external_urls":{"spotify":"https://open.spotify.com/artist/6FBDaR13swtiWwGhX1WQsP"},"href":"https://api.spotify.com/v1/artists/6FBDaR13swtiWwGhX1WQsP","id":"6FBDaR13swtiWwGhX1WQsP","name":"blink-182","type":"artist","uri":"spotify:artist:6FBDaR13swtiWwGhX1WQsP"}],"available_markets":["AR","AU","AT","BE","BO","BR","BG","CA","CL","CO","CR","CY","CZ","DK","DO","DE","EC","EE","SV","FI","FR","GR","GT","HN","HK","HU","IS","IE","IT","LV","LT","LU","MY","MT","MX","NL","NZ","NI","NO","PA","PY","PE","PH","PL","PT","SG","SK","ES","SE","CH","TW","TR","UY","US","GB","AD","LI","MC","ID","JP","TH","VN","RO","IL","ZA","SA","AE","BH","QA","OM","KW","EG","MA","DZ","TN","LB","JO","PS","IN","BY","KZ","MD","UA","AL","BA","HR","ME","MK","RS","SI","KR","BD","PK","LK","GH","KE","NG","TZ","UG","AG","AM","BS","BB","BZ","BT","BW","BF","CV","CW","DM","FJ","GM","GE","GD","GW","GY","HT","JM","KI","LS","LR","MW","MV","ML","MH","FM","NA","NR","NE","PW","PG","PR","WS","SM","ST","SN","SC","SL","SB","KN","LC","VC","SR","TL","TO","TT","TV","VU","AZ","BN","BI","KH","CM","TD","KM","GQ","SZ","GA","GN","KG","LA","MO","MR","MN","NP","RW","TG","UZ","ZW","BJ","MG","MU","MZ","AO","CI","DJ","ZM","CD","CG","IQ","LY","TJ","VE","ET","XK"],"disc_number":1,"duration_ms":188222,"explicit":false,"external_urls":{"spotify":"https://open.spotify.com/track/0po1vw4Fd7r4GWGNlU52XX"},"href":"https://api.spotify.com/v1/tracks/0po1vw4Fd7r4GWGNlU52XX","id":"0po1vw4Fd7r4GWGNlU52XX","name":"BLINK WAVE","preview_url":null,"track_number":11,"type":"track","uri":"spotify:track:0po1vw4Fd7r4GWGNlU52XX","is_local":false},{"artists":[{"external_urls":{"spotify":"https://open.spotify.com/artist/6FBDaR13swtiWwGhX1WQsP"},"href":"https://api.spotify.com/v1/artists/6FBDaR13swtiWwGhX1WQsP","id":"6FBDaR13swtiWwGhX1WQsP","name":"blink-182","type":"artist","uri":"spotify:artist:6FBDaR13swtiWwGhX1WQsP"}],"available_markets":["AR","AU","AT","BE","BO","BR","BG","CA","CL","CO","CR","CY","CZ","DK","DO","DE","EC","EE","SV","FI","FR","GR","GT","HN","HK","HU","IS","IE","IT","LV","LT","LU","MY","MT","MX","NL","NZ","NI","NO","PA","PY","PE","PH","PL","PT","SG","SK","ES","SE","CH","TW","TR","UY","US","GB","AD","LI","MC","ID","JP","TH","VN","RO","IL","ZA","SA","AE","BH","QA","OM","KW","EG","MA","DZ","TN","LB","JO","PS","IN","BY","KZ","MD","UA","AL","BA","HR","ME","MK","RS","SI","KR","BD","PK","LK","GH","KE","NG","TZ","UG","AG","AM","BS","BB","BZ","BT","BW","BF","CV","CW","DM","FJ","GM","GE","GD","GW","GY","HT","JM","KI","LS","LR","MW","MV","ML","MH","FM","NA","NR","NE","PW","PG","PR","WS","SM","ST","SN","SC","SL","SB","KN","LC","VC","SR","TL","TO","TT","TV","VU","AZ","BN","BI","KH","CM","TD","KM","GQ","SZ","GA","GN","KG","LA","MO","MR","MN","NP","RW","TG","UZ","ZW","BJ","MG","MU","MZ","AO","CI","DJ","ZM","CD","CG","IQ","LY","TJ","VE","ET","XK"],"disc_number":1,"duration_ms":139682,"explicit":false,"external_urls":{"spotify":"https://open.spotify.com/track/7j4QcwSX0MuYo5rTqnBS7X"},"href":"https://api.spotify.com/v1/tracks/7j4QcwSX0MuYo5rTqnBS7X","id":"7j4QcwSX0MuYo5rTqnBS7X","name":"BAD NEWS","preview_url":null,"track_number":12,"type":"track","uri":"spotify:track:7j4QcwSX0MuYo5rTqnBS7X","is_local":false},{"artists":[{"external_urls":{"spotify":"https://open.spotify.com/artist/6FBDaR13swtiWwGhX1WQsP"},"href":"https://api.spotify.com/v1/artists/6FBDaR13swtiWwGhX1WQsP","id":"6FBDaR13swtiWwGhX1WQsP","name":"blink-182","type":"artist","uri":"spotify:artist:6FBDaR13swtiWwGhX1WQsP"}],"available_markets":["AR","AU","AT","BE","BO","BR","BG","CA","CL","CO","CR","CY","CZ","DK","DO","DE","EC","EE","SV","FI","FR","GR","GT","HN","HK","HU","IS","IE","IT","LV","LT","LU","MY","MT","MX","NL","NZ","NI","NO","PA","PY","PE","PH","PL","PT","SG","SK","ES","SE","CH","TW","TR","UY","US","GB","AD","LI","MC","ID","JP","TH","VN","RO","IL","ZA","SA","AE","BH","QA","OM","KW","EG","MA","DZ","TN","LB","JO","PS","IN","BY","KZ","MD","UA","AL","BA","HR","ME","MK","RS","SI","KR","BD","PK","LK","GH","KE","NG","TZ","UG","AG","AM","BS","BB","BZ","BT","BW","BF","CV","CW","DM","FJ","GM","GE","GD","GW","GY","HT","JM","KI","LS","LR","MW","MV","ML","MH","FM","NA","NR","NE","PW","PG","PR","WS","SM","ST","SN","SC","SL","SB","KN","LC","VC","SR","TL","TO","TT","TV","VU","AZ","BN","BI","KH","CM","TD","KM","GQ","SZ","GA","GN","KG","LA","MO","MR","MN","NP","RW","TG","UZ","ZW","BJ","MG","MU","MZ","AO","CI","DJ","ZM","CD","CG","IQ","LY","TJ","VE","ET","XK"],"disc_number":1,"duration_ms":81616,"explicit":false,"external_urls":{"spotify":"https://open.spotify.com/track/1rTHBkEXcx298v8FtpqfpB"},"href":"https://api.spotify.com/v1/tracks/1rTHBkEXcx298v8FtpqfpB","id":"1rTHBkEXcx298v8FtpqfpB","name":"HURT (INTERLUDE)","preview_url":null,"track_number":13,"type":"track","uri":"spotify:track:1rTHBkEXcx298v8FtpqfpB","is_local":false},{"artists":[{"external_urls":{"spotify":"https://open.spotify.com/artist/6FBDaR13swtiWwGhX1WQsP"},"href":"https://api.spotify.com/v1/artists/6FBDaR13swtiWwGhX1WQsP","id":"6FBDaR13swtiWwGhX1WQsP","name":"blink-182","type":"artist","uri":"spotify:artist:6FBDaR13swtiWwGhX1WQsP"}],"available_markets":["AR","AU","AT","BE","BO","BR","BG","CA","CL","CO","CR","CY","CZ","DK","DO","DE","EC","EE","SV","FI","FR","GR","GT","HN","HK","HU","IS","IE","IT","LV","LT","LU","MY","MT","MX","NL","NZ","NI","NO","PA","PY","PE","PH","PL","PT","SG","SK","ES","SE","CH","TW","TR","UY","US","GB","AD","LI","MC","ID","JP","TH","VN","RO","IL","ZA","SA","AE","BH","QA","OM","KW","EG","MA","DZ","TN","LB","JO","PS","IN","BY","KZ","MD","UA","AL","BA","HR","ME","MK","RS","SI","KR","BD","PK","LK","GH","KE","NG","TZ","UG","AG","AM","BS","BB","BZ","BT","BW","BF","CV","CW","DM","FJ","GM","GE","GD","GW","GY","HT","JM","KI","LS","LR","MW","MV","ML","MH","FM","NA","NR","NE","PW","PG","PR","WS","SM","ST","SN","SC","SL","SB","KN","LC","VC","SR","TL","TO","TT","TV","VU","AZ","BN","BI","KH","CM","TD","KM","GQ","SZ","GA","GN","KG","LA","MO","MR","MN","NP","RW","TG","UZ","ZW","BJ","MG","MU","MZ","AO","CI","DJ","ZM","CD","CG","IQ","LY","TJ","VE","ET","XK"],"disc_number":1,"duration_ms":185428,"explicit":true,"external_urls":{"spotify":"https://open.spotify.com/track/7zQl4ThtTcufjsMnCrKx2o"},"href":"https://api.spotify.com/v1/tracks/7zQl4ThtTcufjsMnCrKx2o","id":"7zQl4ThtTcufjsMnCrKx2o","name":"TURPENTINE","preview_url":null,"track_number":14,"type":"track","uri":"spotify:track:7zQl4ThtTcufjsMnCrKx2o","is_local":false},{"artists":[{"external_urls":{"spotify":"https://open.spotify.com/artist/6FBDaR13swtiWwGhX1WQsP"},"href":"https://api.spotify.com/v1/artists/6FBDaR13swtiWwGhX1WQsP","id":"6FBDaR13swtiWwGhX1WQsP","name":"blink-182","type":"artist","uri":"spotify:artist:6FBDaR13swtiWwGhX1WQsP"}],"available_markets":["AR","AU","AT","BE","BO","BR","BG","CA","CL","CO","CR","CY","CZ","DK","DO","DE","EC","EE","SV","FI","FR","GR","GT","HN","HK","HU","IS","IE","IT","LV","LT","LU","MY","MT","MX","NL","NZ","NI","NO","PA","PY","PE","PH","PL","PT","SG","SK","ES","SE","CH","TW","TR","UY","US","GB","AD","LI","MC","ID","JP","TH","VN","RO","IL","ZA","SA","AE","BH","QA","OM","KW","EG","MA","DZ","TN","LB","JO","PS","IN","BY","KZ","MD","UA","AL","BA","HR","ME","MK","RS","SI","KR","BD","PK","LK","GH","KE","NG","TZ","UG","AG","AM","BS","BB","BZ","BT","BW","BF","CV","CW","DM","FJ","GM","GE","GD","GW","GY","HT","JM","KI","LS","LR","MW","MV","ML","MH","FM","NA","NR","NE","PW","PG","PR","WS","SM","ST","SN","SC","SL","SB","KN","LC","VC","SR","TL","TO","TT","TV","VU","AZ","BN","BI","KH","CM","TD","KM","GQ","SZ","GA","GN","KG","LA","MO","MR","MN","NP","RW","TG","UZ","ZW","BJ","MG","MU","MZ","AO","CI","DJ","ZM","CD","CG","IQ","LY","TJ","VE","ET","XK"],"disc_number":1,"duration_ms":27478,"explicit":true,"external_urls":{"spotify":"https://open.spotify.com/track/6frvbUJxV7IeWi0VnMXiLD"},"href":"https://api.spotify.com/v1/tracks/6frvbUJxV7IeWi0VnMXiLD","id":"6frvbUJxV7IeWi0VnMXiLD","name":"FUCK FACE","preview_url":null,"track_number":15,"type":"track","uri":"spotify:track:6frvbUJxV7IeWi0VnMXiLD","is_local":false},{"artists":[{"external_urls":{"spotify":"https://open.spotify.com/artist/6FBDaR13swtiWwGhX1WQsP"},"href":"https://api.spotify.com/v1/artists/6FBDaR13swtiWwGhX1WQsP","id":"6FBDaR13swtiWwGhX1WQsP","name":"blink-182","type":"artist","uri":"spotify:artist:6FBDaR13swtiWwGhX1WQsP"}],"available_markets":["AR","AU","AT","BE","BO","BR","BG","CA","CL","CO","CR","CY","CZ","DK","DO","DE","EC","EE","SV","FI","FR","GR","GT","HN","HK","HU","IS","IE","IT","LV","LT","LU","MY","MT","MX","NL","NZ","NI","NO","PA","PY","PE","PH","PL","PT","SG","SK","ES","SE","CH","TW","TR","UY","US","GB","AD","LI","MC","ID","JP","TH","VN","RO","IL","ZA","SA","AE","BH","QA","OM","KW","EG","MA","DZ","TN","LB","JO","PS","IN","BY","KZ","MD","UA","AL","BA","HR","ME","MK","RS","SI","KR","BD","PK","LK","GH","KE","NG","TZ","UG","AG","AM","BS","BB","BZ","BT","BW","BF","CV","CW","DM","FJ","GM","GE","GD","GW","GY","HT","JM","KI","LS","LR","MW","MV","ML","MH","FM","NA","NR","NE","PW","PG","PR","WS","SM","ST","SN","SC","SL","SB","KN","LC","VC","SR","TL","TO","TT","TV","VU","AZ","BN","BI","KH","CM","TD","KM","GQ","SZ","GA","GN","KG","LA","MO","MR","MN","NP","RW","TG","UZ","ZW","BJ","MG","MU","MZ","AO","CI","DJ","ZM","CD","CG","IQ","LY","TJ","VE","ET","XK"],"disc_number":1,"duration_ms":130356,"explicit":false,"external_urls":{"spotify":"https://open.spotify.com/track/5B9ZkINH0bM7S2cQXUFOmP"},"href":"https://api.spotify.com/v1/tracks/5B9ZkINH0bM7S2cQXUFOmP","id":"5B9ZkINH0bM7S2cQXUFOmP","name":"OTHER SIDE","preview_url":null,"track_number":16,"type":"track","uri":"spotify:track:5B9ZkINH0bM7S2cQXUFOmP","is_local":false},{"artists":[{"external_urls":{"spotify":"https://open.spotify.com/artist/6FBDaR13swtiWwGhX1WQsP"},"href":"https://api.spotify.com/v1/artists/6FBDaR13swtiWwGhX1WQsP","id":"6FBDaR13swtiWwGhX1WQsP","name":"blink-182","type":"artist","uri":"spotify:artist:6FBDaR13swtiWwGhX1WQsP"}],"available_markets":["AR","AU","AT","BE","BO","BR","BG","CA","CL","CO","CR","CY","CZ","DK","DO","DE","EC","EE","SV","FI","FR","GR","GT","HN","HK","HU","IS","IE","IT","LV","LT","LU","MY","MT","MX","NL","NZ","NI","NO","PA","PY","PE","PH","PL","PT","SG","SK","ES","SE","CH","TW","TR","UY","US","GB","AD","LI","MC","ID","JP","TH","VN","RO","IL","ZA","SA","AE","BH","QA","OM","KW","EG","MA","DZ","TN","LB","JO","PS","IN","BY","KZ","MD","UA","AL","BA","HR","ME","MK","RS","SI","KR","BD","PK","LK","GH","KE","NG","TZ","UG","AG","AM","BS","BB","BZ","BT","BW","BF","CV","CW","DM","FJ","GM","GE","GD","GW","GY","HT","JM","KI","LS","LR","MW","MV","ML","MH","FM","NA","NR","NE","PW","PG","PR","WS","SM","ST","SN","SC","SL","SB","KN","LC","VC","SR","TL","TO","TT","TV","VU","AZ","BN","BI","KH","CM","TD","KM","GQ","SZ","GA","GN","KG","LA","MO","MR","MN","NP","RW","TG","UZ","ZW","BJ","MG","MU","MZ","AO","CI","DJ","ZM","CD","CG","IQ","LY","TJ","VE","ET","XK"],"disc_number":1,"duration_ms":126820,"explicit":false,"external_urls":{"spotify":"https://open.spotify.com/track/7fnY3yYrx3xlRSqwFem3p1"},"href":"https://api.spotify.com/v1/tracks/7fnY3yYrx3xlRSqwFem3p1","id":"7fnY3yYrx3xlRSqwFem3p1","name":"CUT ME OFF","preview_url":null,"track_number":17,"type":"track","uri":"spotify:track:7fnY3yYrx3xlRSqwFem3p1","is_local":false},{"artists":[{"external_urls":{"spotify":"https://open.spotify.com/artist/6FBDaR13swtiWwGhX1WQsP"},"href":"https://api.spotify.com/v1/artists/6FBDaR13swtiWwGhX1WQsP","id":"6FBDaR13swtiWwGhX1WQsP","name":"blink-182","type":"artist","uri":"spotify:artist:6FBDaR13swtiWwGhX1WQsP"}],"available_markets":["AR","AU","AT","BE","BO","BR","BG","CA","CL","CO","CR","CY","CZ","DK","DO","DE","EC","EE","SV","FI","FR","GR","GT","HN","HK","HU","IS","IE","IT","LV","LT","LU","MY","MT","MX","NL","NZ","NI","NO","PA","PY","PE","PH","PL","PT","SG","SK","ES","SE","CH","TW","TR","UY","US","GB","AD","LI","MC","ID","JP","TH","VN","RO","IL","ZA","SA","AE","BH","QA","OM","KW","EG","MA","DZ","TN","LB","JO","PS","IN","BY","KZ","MD","UA","AL","BA","HR","ME","MK","RS","SI","KR","BD","PK","LK","GH","KE","NG","TZ","UG","AG","AM","BS","BB","BZ","BT","BW","BF","CV","CW","DM","FJ","GM","GE","GD","GW","GY","HT","JM","KI","LS","LR","MW","MV","ML","MH","FM","NA","NR","NE","PW","PG","PR","WS","SM","ST","SN","SC","SL","SB","KN","LC","VC","SR","TL","TO","TT","TV","VU","AZ","BN","BI","KH","CM","TD","KM","GQ","SZ","GA","GN","KG","LA","MO","MR","MN","NP","RW","TG","UZ","ZW","BJ","MG","MU","MZ","AO","CI","DJ","ZM","CD","CG","IQ","LY","TJ","VE","ET","XK"],"disc_number":1,"duration_ms":200554,"explicit":true,"external_urls":{"spotify":"https://open.spotify.com/track/0vp6PQN9JZzVek2R26RnG4"},"href":"https://api.spotify.com/v1/tracks/0vp6PQN9JZzVek2R26RnG4","id":"0vp6PQN9JZzVek2R26RnG4","name":"SEE YOU","preview_url":null,"track_number":18,"type":"track","uri":"spotify:track:0vp6PQN9JZzVek2R26RnG4","is_local":false},{"artists":[{"external_urls":{"spotify":"https://open.spotify.com/artist/6FBDaR13swtiWwGhX1WQsP"},"href":"https://api.spotify.com/v1/artists/6FBDaR13swtiWwGhX1WQsP","id":"6FBDaR13swtiWwGhX1WQsP","name":"blink-182","type":"artist","uri":"spotify:artist:6FBDaR13swtiWwGhX1WQsP"}],"available_markets":["AR","AU","AT","BE","BO","BR","BG","CA","CL","CO","CR","CY","CZ","DK","DO","DE","EC","EE","SV","FI","FR","GR","GT","HN","HK","HU","IS","IE","IT","LV","LT","LU","MY","MT","MX","NL","NZ","NI","NO","PA","PY","PE","PH","PL","PT","SG","SK","ES","SE","CH","TW","TR","UY","US","GB","AD","LI","MC","ID","JP","TH","VN","RO","IL","ZA","SA","AE","BH","QA","OM","KW","EG","MA","DZ","TN","LB","JO","PS","IN","BY","KZ","MD","UA","AL","BA","HR","ME","MK","RS","SI","KR","BD","PK","LK","GH","KE","NG","TZ","UG","AG","AM","BS","BB","BZ","BT","BW","BF","CV","CW","DM","FJ","GM","GE","GD","GW","GY","HT","JM","KI","LS","LR","MW","MV","ML","MH","FM","NA","NR","NE","PW","PG","PR","WS","SM","ST","SN","SC","SL","SB","KN","LC","VC","SR","TL","TO","TT","TV","VU","AZ","BN","BI","KH","CM","TD","KM","GQ","SZ","GA","GN","KG","LA","MO","MR","MN","NP","RW","TG","UZ","ZW","BJ","MG","MU","MZ","AO","CI","DJ","ZM","CD","CG","IQ","LY","TJ","VE","ET","XK"],"disc_number":1,"duration_ms":257795,"explicit":true,"external_urls":{"spotify":"https://open.spotify.com/track/4JbAy2b3URE9cvmCixsXJZ"},"href":"https://api.spotify.com/v1/tracks/4JbAy2b3URE9cvmCixsXJZ","id":"4JbAy2b3URE9cvmCixsXJZ","name":"CHILDHOOD","preview_url":null,"track_number":19,"type":"track","uri":"spotify:track:4JbAy2b3URE9cvmCixsXJZ","is_local":false},{"artists":[{"external_urls":{"spotify":"https://open.spotify.com/artist/6FBDaR13swtiWwGhX1WQsP"},"href":"https://api.spotify.com/v1/artists/6FBDaR13swtiWwGhX1WQsP","id":"6FBDaR13swtiWwGhX1WQsP","name":"blink-182","type":"artist","uri":"spotify:artist:6FBDaR13swtiWwGhX1WQsP"}],"available_markets":["AR","AU","AT","BE","BO","BR","BG","CA","CL","CO","CR","CY","CZ","DK","DO","DE","EC","EE","SV","FI","FR","GR","GT","HN","HK","HU","IS","IE","IT","LV","LT","LU","MY","MT","MX","NL","NZ","NI","NO","PA","PY","PE","PH","PL","PT","SG","SK","ES","SE","CH","TW","TR","UY","US","GB","AD","LI","MC","ID","JP","TH","VN","RO","IL","ZA","SA","AE","BH","QA","OM","KW","EG","MA","DZ","TN","LB","JO","PS","IN","BY","KZ","MD","UA","AL","BA","HR","ME","MK","RS","SI","KR","BD","PK","LK","GH","KE","NG","TZ","UG","AG","AM","BS","BB","BZ","BT","BW","BF","CV","CW","DM","FJ","GM","GE","GD","GW","GY","HT","JM","KI","LS","LR","MW","MV","ML","MH","FM","NA","NR","NE","PW","PG","PR","WS","SM","ST","SN","SC","SL","SB","KN","LC","VC","SR","TL","TO","TT","TV","VU","AZ","BN","BI","KH","CM","TD","KM","GQ","SZ","GA","GN","KG","LA","MO","MR","MN","NP","RW","TG","UZ","ZW","BJ","MG","MU","MZ","AO","CI","DJ","ZM","CD","CG","IQ","LY","TJ","VE","ET","XK"],"disc_number":1,"duration_ms":182676,"explicit":true,"external_urls":{"spotify":"https://open.spotify.com/track/67kPRgz01FoxhrHPU9HXrY"},"href":"https://api.spotify.com/v1/tracks/67kPRgz01FoxhrHPU9HXrY","id":"67kPRgz01FoxhrHPU9HXrY","name":"NO FUN","preview_url":null,"track_number":20,"type":"track","uri":"spotify:track:67kPRgz01FoxhrHPU9HXrY","is_local":false},{"artists":[{"external_urls":{"spotify":"https://open.spotify.com/artist/6FBDaR13swtiWwGhX1WQsP"},"href":"https://api.spotify.com/v1/artists/6FBDaR13swtiWwGhX1WQsP","id":"6FBDaR13swtiWwGhX1WQsP","name":"blink-182","type":"artist","uri":"spotify:artist:6FBDaR13swtiWwGhX1WQsP"}],"available_markets":["AR","AU","AT","BE","BO","BR","BG","CA","CL","CO","CR","CY","CZ","DK","DO","DE","EC","EE","SV","FI","FR","GR","GT","HN","HK","HU","IS","IE","IT","LV","LT","LU","MY","MT","MX","NL","NZ","NI","NO","PA","PY","PE","PH","PL","PT","SG","SK","ES","SE","CH","TW","TR","UY","US","GB","AD","LI","MC","ID","JP","TH","VN","RO","IL","ZA","SA","AE","BH","QA","OM","KW","EG","MA","DZ","TN","LB","JO","PS","IN","BY","KZ","MD","UA","AL","BA","HR","ME","MK","RS","SI","KR","BD","PK","LK","GH","KE","NG","TZ","UG","AG","AM","BS","BB","BZ","BT","BW","BF","CV","CW","DM","FJ","GM","GE","GD","GW","GY","HT","JM","KI","LS","LR","MW","MV","ML","MH","FM","NA","NR","NE","PW","PG","PR","WS","SM","ST","SN","SC","SL","SB","KN","LC","VC","SR","TL","TO","TT","TV","VU","AZ","BN","BI","KH","CM","TD","KM","GQ","SZ","GA","GN","KG","LA","MO","MR","MN","NP","RW","TG","UZ","ZW","BJ","MG","MU","MZ","AO","CI","DJ","ZM","CD","CG","IQ","LY","TJ","VE","ET","XK"],"disc_number":1,"duration_ms":162805,"explicit":true,"external_urls":{"spotify":"https://open.spotify.com/track/5tf8vizOp6F8KO5ruUz3ee"},"href":"https://api.spotify.com/v1/tracks/5tf8vizOp6F8KO5ruUz3ee","id":"5tf8vizOp6F8KO5ruUz3ee","name":"ALL IN MY HEAD","preview_url":null,"track_number":21,"type":"track","uri":"spotify:track:5tf8vizOp6F8KO5ruUz3ee","is_local":false},{"artists":[{"external_urls":{"spotify":"https://open.spotify.com/artist/6FBDaR13swtiWwGhX1WQsP"},"href":"https://api.spotify.com/v1/artists/6FBDaR13swtiWwGhX1WQsP","id":"6FBDaR13swtiWwGhX1WQsP","name":"blink-182","type":"artist","uri":"spotify:artist:6FBDaR13swtiWwGhX1WQsP"}],"available_markets":["AR","AU","AT","BE","BO","BR","BG","CA","CL","CO","CR","CY","CZ","DK","DO","DE","EC","EE","SV","FI","FR","GR","GT","HN","HK","HU","IS","IE","IT","LV","LT","LU","MY","MT","MX","NL","NZ","NI","NO","PA","PY","PE","PH","PL","PT","SG","SK","ES","SE","CH","TW","TR","UY","US","GB","AD","LI","MC","ID","JP","TH","VN","RO","IL","ZA","SA","AE","BH","QA","OM","KW","EG","MA","DZ","TN","LB","JO","PS","IN","BY","KZ","MD","UA","AL","BA","HR","ME","MK","RS","SI","KR","BD","PK","LK","GH","KE","NG","TZ","UG","AG","AM","BS","BB","BZ","BT","BW","BF","CV","CW","DM","FJ","GM","GE","GD","GW","GY","HT","JM","KI","LS","LR","MW","MV","ML","MH","FM","NA","NR","NE","PW","PG","PR","WS","SM","ST","SN","SC","SL","SB","KN","LC","VC","SR","TL","TO","TT","TV","VU","AZ","BN","BI","KH","CM","TD","KM","GQ","SZ","GA","GN","KG","LA","MO","MR","MN","NP","RW","TG","UZ","ZW","BJ","MG","MU","MZ","AO","CI","DJ","ZM","CD","CG","IQ","LY","TJ","VE","ET","XK"],"disc_number":1,"duration_ms":164500,"explicit":false,"external_urls":{"spotify":"https://open.spotify.com/track/4NryqIxFrAPL41ju1V5b7w"},"href":"https://api.spotify.com/v1/tracks/4NryqIxFrAPL41ju1V5b7w","id":"4NryqIxFrAPL41ju1V5b7w","name":"CAN'T GO BACK","preview_url":null,"track_number":22,"type":"track","uri":"spotify:track:4NryqIxFrAPL41ju1V5b7w","is_local":false},{"artists":[{"external_urls":{"spotify":"https://open.spotify.com/artist/6FBDaR13swtiWwGhX1WQsP"},"href":"https://api.spotify.com/v1/artists/6FBDaR13swtiWwGhX1WQsP","id":"6FBDaR13swtiWwGhX1WQsP","name":"blink-182","type":"artist","uri":"spotify:artist:6FBDaR13swtiWwGhX1WQsP"}],"available_markets":["AR","AU","AT","BE","BO","BR","BG","CA","CL","CO","CR","CY","CZ","DK","DO","DE","EC","EE","SV","FI","FR","GR","GT","HN","HK","HU","IS","IE","IT","LV","LT","LU","MY","MT","MX","NL","NZ","NI","NO","PA","PY","PE","PH","PL","PT","SG","SK","ES","SE","CH","TW","TR","UY","US","GB","AD","LI","MC","ID","JP","TH","VN","RO","IL","ZA","SA","AE","BH","QA","OM","KW","EG","MA","DZ","TN","LB","JO","PS","IN","BY","KZ","MD","UA","AL","BA","HR","ME","MK","RS","SI","KR","BD","PK","LK","GH","KE","NG","TZ","UG","AG","AM","BS","BB","BZ","BT","BW","BF","CV","CW","DM","FJ","GM","GE","GD","GW","GY","HT","JM","KI","LS","LR","MW","MV","ML","MH","FM","NA","NR","NE","PW","PG","PR","WS","SM","ST","SN","SC","SL","SB","KN","LC","VC","SR","TL","TO","TT","TV","VU","AZ","BN","BI","KH","CM","TD","KM","GQ","SZ","GA","GN","KG","LA","MO","MR","MN","NP","RW","TG","UZ","ZW","BJ","MG","MU","MZ","AO","CI","DJ","ZM","CD","CG","IQ","LY","TJ","VE","ET","XK"],"disc_number":1,"duration_ms":164794,"explicit":false,"external_urls":{"spotify":"https://open.spotify.com/track/2m1ehaOMy2h8Gfi8bnC2D4"},"href":"https://api.spotify.com/v1/tracks/2m1ehaOMy2h8Gfi8bnC2D4","id":"2m1ehaOMy2h8Gfi8bnC2D4","name":"EVERY OTHER WEEKEND","preview_url":null,"track_number":23,"type":"track","uri":"spotify:track:2m1ehaOMy2h8Gfi8bnC2D4","is_local":false},{"artists":[{"external_urls":{"spotify":"https://open.spotify.com/artist/6FBDaR13swtiWwGhX1WQsP"},"href":"https://api.spotify.com/v1/artists/6FBDaR13swtiWwGhX1WQsP","id":"6FBDaR13swtiWwGhX1WQsP","name":"blink-182","type":"artist","uri":"spotify:artist:6FBDaR13swtiWwGhX1WQsP"}],"available_markets":["AR","AU","AT","BE","BO","BR","BG","CA","CL","CO","CR","CY","CZ","DK","DO","DE","EC","EE","SV","FI","FR","GR","GT","HN","HK","HU","IS","IE","IT","LV","LT","LU","MY","MT","MX","NL","NZ","NI","NO","PA","PY","PE","PH","PL","PT","SG","SK","ES","SE","CH","TW","TR","UY","US","GB","AD","LI","MC","ID","JP","TH","VN","RO","IL","ZA","SA","AE","BH","QA","OM","KW","EG","MA","DZ","TN","LB","JO","PS","IN","BY","KZ","MD","UA","AL","BA","HR","ME","MK","RS","SI","KR","BD","PK","LK","GH","KE","NG","TZ","UG","AG","AM","BS","BB","BZ","BT","BW","BF","CV","CW","DM","FJ","GM","GE","GD","GW","GY","HT","JM","KI","LS","LR","MW","MV","ML","MH","FM","NA","NR","NE","PW","PG","PR","WS","SM","ST","SN","SC","SL","SB","KN","LC","VC","SR","TL","TO","TT","TV","VU","AZ","BN","BI","KH","CM","TD","KM","GQ","SZ","GA","GN","KG","LA","MO","MR","MN","NP","RW","TG","UZ","ZW","BJ","MG","MU","MZ","AO","CI","DJ","ZM","CD","CG","IQ","LY","TJ","VE","ET","XK"],"disc_number":1,"duration_ms":183282,"explicit":true,"external_urls":{"spotify":"https://open.spotify.com/track/4BbnpMp2j5GJzIjiDEFA6z"},"href":"https://api.spotify.com/v1/tracks/4BbnpMp2j5GJzIjiDEFA6z","id":"4BbnpMp2j5GJzIjiDEFA6z","name":"EVERYONE EVERYWHERE","preview_url":null,"track_number":24,"type":"track","uri":"spotify:track:4BbnpMp2j5GJzIjiDEFA6z","is_local":false},{"artists":[{"external_urls":{"spotify":"https://open.spotify.com/artist/6FBDaR13swtiWwGhX1WQsP"},"href":"https://api.spotify.com/v1/artists/6FBDaR13swtiWwGhX1WQsP","id":"6FBDaR13swtiWwGhX1WQsP","name":"blink-182","type":"artist","uri":"spotify:artist:6FBDaR13swtiWwGhX1WQsP"}],"available_markets":["AR","AU","AT","BE","BO","BR","BG","CA","CL","CO","CR","CY","CZ","DK","DO","DE","EC","EE","SV","FI","FR","GR","GT","HN","HK","HU","IS","IE","IT","LV","LT","LU","MY","MT","MX","NL","NZ","NI","NO","PA","PY","PE","PH","PL","PT","SG","SK","ES","SE","CH","TW","TR","UY","US","GB","AD","LI","MC","ID","JP","TH","VN","RO","IL","ZA","SA","AE","BH","QA","OM","KW","EG","MA","DZ","TN","LB","JO","PS","IN","BY","KZ","MD","UA","AL","BA","HR","ME","MK","RS","SI","KR","BD","PK","LK","GH","KE","NG","TZ","UG","AG","AM","BS","BB","BZ","BT","BW","BF","CV","CW","DM","FJ","GM","GE","GD","GW","GY","HT","JM","KI","LS","LR","MW","MV","ML","MH","FM","NA","NR","NE","PW","PG","PR","WS","SM","ST","SN","SC","SL","SB","KN","LC","VC","SR","TL","TO","TT","TV","VU","AZ","BN","BI","KH","CM","TD","KM","GQ","SZ","GA","GN","KG","LA","MO","MR","MN","NP","RW","TG","UZ","ZW","BJ","MG","MU","MZ","AO","CI","DJ","ZM","CD","CG","IQ","LY","TJ","VE","ET","XK"],"disc_number":1,"duration_ms":178785,"explicit":false,"external_urls":{"spotify":"https://open.spotify.com/track/6QJE092f2CYzFskOrBgSrN"},"href":"https://api.spotify.com/v1/tracks/6QJE092f2CYzFskOrBgSrN","id":"6QJE092f2CYzFskOrBgSrN","name":"IF YOU NEVER LEFT","preview_url":null,"track_number":25,"type":"track","uri":"spotify:track:6QJE092f2CYzFskOrBgSrN","is_local":false},{"artists":[{"external_urls":{"spotify":"https://open.spotify.com/artist/6FBDaR13swtiWwGhX1WQsP"},"href":"https://api.spotify.com/v1/artists/6FBDaR13swtiWwGhX1WQsP","id":"6FBDaR13swtiWwGhX1WQsP","name":"blink-182","type":"artist","uri":"spotify:artist:6FBDaR13swtiWwGhX1WQsP"}],"available_markets":["AR","AU","AT","BE","BO","BR","BG","CA","CL","CO","CR","CY","CZ","DK","DO","DE","EC","EE","SV","FI","FR","GR","GT","HN","HK","HU","IS","IE","IT","LV","LT","LU","MY","MT","MX","NL","NZ","NI","NO","PA","PY","PE","PH","PL","PT","SG","SK","ES","SE","CH","TW","TR","UY","US","GB","AD","LI","MC","ID","JP","TH","VN","RO","IL","ZA","SA","AE","BH","QA","OM","KW","EG","MA","DZ","TN","LB","JO","PS","IN","BY","KZ","MD","UA","AL","BA","HR","ME","MK","RS","SI","KR","BD","PK","LK","GH","KE","NG","TZ","UG","AG","AM","BS","BB","BZ","BT","BW","BF","CV","CW","DM","FJ","GM","GE","GD","GW","GY","HT","JM","KI","LS","LR","MW","MV","ML","MH","FM","NA","NR","NE","PW","PG","PR","WS","SM","ST","SN","SC","SL","SB","KN","LC","VC","SR","TL","TO","TT","TV","VU","AZ","BN","BI","KH","CM","TD","KM","GQ","SZ","GA","GN","KG","LA","MO","MR","MN","NP","RW","TG","UZ","ZW","BJ","MG","MU","MZ","AO","CI","DJ","ZM","CD","CG","IQ","LY","TJ","VE","ET","XK"],"disc_number":1,"duration_ms":215235,"explicit":false,"external_urls":{"spotify":"https://open.spotify.com/track/1p7NQo7181BgyaqDD5Pq20"},"href":"https://api.spotify.com/v1/tracks/1p7NQo7181BgyaqDD5Pq20","id":"1p7NQo7181BgyaqDD5Pq20","name":"ONE NIGHT STAND","preview_url":null,"track_number":26,"type":"track","uri":"spotify:track:1p7NQo7181BgyaqDD5Pq20","is_local":false},{"artists":[{"external_urls":{"spotify":"https://open.spotify.com/artist/6FBDaR13swtiWwGhX1WQsP"},"href":"https://api.spotify.com/v1/artists/6FBDaR13swtiWwGhX1WQsP","id":"6FBDaR13swtiWwGhX1WQsP","name":"blink-182","type":"artist","uri":"spotify:artist:6FBDaR13swtiWwGhX1WQsP"}],"available_markets":["AR","AU","AT","BE","BO","BR","BG","CA","CL","CO","CR","CY","CZ","DK","DO","DE","EC","EE","SV","FI","FR","GR","GT","HN","HK","HU","IS","IE","IT","LV","LT","LU","MY","MT","MX","NL","NZ","NI","NO","PA","PY","PE","PH","PL","PT","SG","SK","ES","SE","CH","TW","TR","UY","US","GB","AD","LI","MC","ID","JP","TH","VN","RO","IL","ZA","SA","AE","BH","QA","OM","KW","EG","MA","DZ","TN","LB","JO","PS","IN","BY","KZ","MD","UA","AL","BA","HR","ME","MK","RS","SI","KR","BD","PK","LK","GH","KE","NG","TZ","UG","AG","AM","BS","BB","BZ","BT","BW","BF","CV","CW","DM","FJ","GM","GE","GD","GW","GY","HT","JM","KI","LS","LR","MW","MV","ML","MH","FM","NA","NR","NE","PW","PG","PR","WS","SM","ST","SN","SC","SL","SB","KN","LC","VC","SR","TL","TO","TT","TV","VU","AZ","BN","BI","KH","CM","TD","KM","GQ","SZ","GA","GN","KG","LA","MO","MR","MN","NP","RW","TG","UZ","ZW","BJ","MG","MU","MZ","AO","CI","DJ","ZM","CD","CG","IQ","LY","TJ","VE","ET","XK"],"disc_number":1,"duration_ms":219389,"explicit":true,"external_urls":{"spotify":"https://open.spotify.com/track/2EKpybTASGXP5DdTA3r6aP"},"href":"https://api.spotify.com/v1/tracks/2EKpybTASGXP5DdTA3r6aP","id":"2EKpybTASGXP5DdTA3r6aP","name":"TAKE ME IN","preview_url":null,"track_number":27,"type":"track","uri":"spotify:track:2EKpybTASGXP5DdTA3r6aP","is_local":false}]},"copyrights":[{"text":"(P) 2024 Viking Wizard Eyes, LLC, under exclusive license to Columbia Records, a Division of Sony Music Entertainment","type":"P"}],"external_ids":{"upc":"196872400687"},"genres":[],"label":"Columbia","popularity":60},{"album_type":"album","total_tracks":12,"available_markets":["AR","AU","AT","BE","BO","BR","BG","CA","CL","CO","CR","CY","CZ","DK","DO","DE","EC","EE","SV","FI","FR","GR","GT","HN","HK","HU","IS","IE","IT","LV","LT","LU","MY","MT","MX","NL","NZ","NI","NO","PA","PY","PE","PH","PL","PT","SG","SK","ES","SE","CH","TW","TR","UY","US","GB","AD","LI","MC","ID","JP","TH","VN","RO","IL","ZA","SA","AE","BH","QA","OM","KW","EG","MA","DZ","TN","LB","JO","PS","IN","BY","KZ","MD","UA","AL","BA","HR","ME","MK","RS","SI","KR","BD","PK","LK","GH","KE","NG","TZ","UG","AG","AM","BS","BB","BZ","BT","BW","BF","CV","CW","DM","FJ","GM","GE","GD","GW","GY","HT","JM","KI","LS","LR","MW","MV","ML","MH","FM","NA","NR","NE","PW","PG","PR","WS","SM","ST","SN","SC","SL","SB","KN","LC","VC","SR","TL","TO","TT","TV","VU","AZ","BN","BI","KH","CM","TD","KM","GQ","SZ","GA","GN","KG","LA","MO","MR","MN","NP","RW","TG","UZ","ZW","BJ","MG","MU","MZ","AO","CI","DJ","ZM","CD","CG","IQ","LY","TJ","VE","ET","XK"],"external_urls":{"spotify":"https://open.spotify.com/album/7nQEMEmUDb0KRNlbTUi4mE"},"href":"https://api.spotify.com/v1/albums/7nQEMEmUDb0KRNlbTUi4mE","id":"7nQEMEmUDb0KRNlbTUi4mE","images":[{"url":"https://i.scdn.co/image/ab67616d0000b2731f6e14c4812b08eb53f7300f","height":640,"width":640},{"url":"https://i.scdn.co/image/ab67616d00001e021f6e14c4812b08eb53f7300f","height":300,"width":300},{"url":"https://i.scdn.co/image/ab67616d000048511f6e14c4812b08eb53f7300f","height":64,"width":64}],"name":"PALACIO","release_date":"2024-08-29","release_date_precision":"day","type":"album","uri":"spotify:album:7nQEMEmUDb0KRNlbTUi4mE","artists":[{"external_urls":{"spotify":"https://open.spotify.com/artist/5nKGeITSNCVP76muyOlszy"},"href":"https://api.spotify.com/v1/artists/5nKGeITSNCVP76muyOlszy","id":"5nKGeITSNCVP76muyOlszy","name":"Elsa y Elmar","type":"artist","uri":"spotify:artist:5nKGeITSNCVP76muyOlszy"}],"tracks":{"href":"https://api.spotify.com/v1/albums/7nQEMEmUDb0KRNlbTUi4mE/tracks?offset=0&limit=50","limit":50,"next":null,"offset":0,"previous":null,"total":12,"items":[{"artists":[{"external_urls":{"spotify":"https://open.spotify.com/artist/5nKGeITSNCVP76muyOlszy"},"href":"https://api.spotify.com/v1/artists/5nKGeITSNCVP76muyOlszy","id":"5nKGeITSNCVP76muyOlszy","name":"Elsa y Elmar","type":"artist","uri":"spotify:artist:5nKGeITSNCVP76muyOlszy"}],"available_markets":["AR","AU","AT","BE","BO","BR","BG","CA","CL","CO","CR","CY","CZ","DK","DO","DE","EC","EE","SV","FI","FR","GR","GT","HN","HK","HU","IS","IE","IT","LV","LT","LU","MY","MT","MX","NL","NZ","NI","NO","PA","PY","PE","PH","PL","PT","SG","SK","ES","SE","CH","TW","TR","UY","US","GB","AD","LI","MC","ID","JP","TH","VN","RO","IL","ZA","SA","AE","BH","QA","OM","KW","EG","MA","DZ","TN","LB","JO","PS","IN","BY","KZ","MD","UA","AL","BA","HR","ME","MK","RS","SI","KR","BD","PK","LK","GH","KE","NG","TZ","UG","AG","AM","BS","BB","BZ","BT","BW","BF","CV","CW","DM","FJ","GM","GE","GD","GW","GY","HT","JM","KI","LS","LR","MW","MV","ML","MH","FM","NA","NR","NE","PW","PG","PR","WS","SM","ST","SN","SC","SL","SB","KN","LC","VC","SR","TL","TO","TT","TV","VU","AZ","BN","BI","KH","CM","TD","KM","GQ","SZ","GA","GN","KG","LA","MO","MR","MN","NP","RW","TG","UZ","ZW","BJ","MG","MU","MZ","AO","CI","DJ","ZM","CD","CG","IQ","LY","TJ","VE","ET","XK"],"disc_number":1,"duration_ms":156000,"explicit":false,"external_urls":{"spotify":"https://open.spotify.com/track/2wjiSHFtEkWC8GDwubcSIx"},"href":"https://api.spotify.com/v1/tracks/2wjiSHFtEkWC8GDwubcSIx","id":"2wjiSHFtEkWC8GDwubcSIx","name":"palacio <3","preview_url":null,"track_number":1,"type":"track","uri":"spotify:track:2wjiSHFtEkWC8GDwubcSIx","is_local":false},{"artists":[{"external_urls":{"spotify":"https://open.spotify.com/artist/5nKGeITSNCVP76muyOlszy"},"href":"https://api.spotify.com/v1/artists/5nKGeITSNCVP76muyOlszy","id":"5nKGeITSNCVP76muyOlszy","name":"Elsa y Elmar","type":"artist","uri":"spotify:artist:5nKGeITSNCVP76muyOlszy"}],"available_markets":["AR","AU","AT","BE","BO","BR","BG","CA","CL","CO","CR","CY","CZ","DK","DO","DE","EC","EE","SV","FI","FR","GR","GT","HN","HK","HU","IS","IE","IT","LV","LT","LU","MY","MT","MX","NL","NZ","NI","NO","PA","PY","PE","PH","PL","PT","SG","SK","ES","SE","CH","TW","TR","UY","US","GB","AD","LI","MC","ID","JP","TH","VN","RO","IL","ZA","SA","AE","BH","QA","OM","KW","EG","MA","DZ","TN","LB","JO","PS","IN","BY","KZ","MD","UA","AL","BA","HR","ME","MK","RS","SI","KR","BD","PK","LK","GH","KE","NG","TZ","UG","AG","AM","BS","BB","BZ","BT","BW","BF","CV","CW","DM","FJ","GM","GE","GD","GW","GY","HT","JM","KI","LS","LR","MW","MV","ML","MH","FM","NA","NR","NE","PW","PG","PR","WS","SM","ST","SN","SC","SL","SB","KN","LC","VC","SR","TL","TO","TT","TV","VU","AZ","BN","BI","KH","CM","TD","KM","GQ","SZ","GA","GN","KG","LA","MO","MR","MN","NP","RW","TG","UZ","ZW","BJ","MG","MU","MZ","AO","CI","DJ","ZM","CD","CG","IQ","LY","TJ","VE","ET","XK"],"disc_number":1,"duration_ms":160312,"explicit":false,"external_urls":{"spotify":"https://open.spotify.com/track/7nUWS3PiYx9LmrLKInsLzM"},"href":"https://api.spotify.com/v1/tracks/7nUWS3PiYx9LmrLKInsLzM","id":"7nUWS3PiYx9LmrLKInsLzM","name":"Drogada de Emociones","preview_url":null,"track_number":2,"type":"track","uri":"spotify:track:7nUWS3PiYx9LmrLKInsLzM","is_local":false},{"artists":[{"external_urls":{"spotify":"https://open.spotify.com/artist/5nKGeITSNCVP76muyOlszy"},"href":"https://api.spotify.com/v1/artists/5nKGeITSNCVP76muyOlszy","id":"5nKGeITSNCVP76muyOlszy","name":"Elsa y Elmar","type":"artist","uri":"spotify:artist:5nKGeITSNCVP76muyOlszy"},{"external_urls":{"spotify":"https://open.spotify.com/artist/5N3YDBGT2gUzXgLDTwPRi5"},"href":"https://api.spotify.com/v1/artists/5N3YDBGT2gUzXgLDTwPRi5","id":"5N3YDBGT2gUzXgLDTwPRi5","name":"Álvaro De Luna","type":"artist","uri":"spotify:artist:5N3YDBGT2gUzXgLDTwPRi5"}],"available_markets":["AR","AU","AT","BE","BO","BR","BG","CA","CL","CO","CR","CY","CZ","DK","DO","DE","EC","EE","SV","FI","FR","GR","GT","HN","HK","HU","IS","IE","IT","LV","LT","LU","MY","MT","MX","NL","NZ","NI","NO","PA","PY","PE","PH","PL","PT","SG","SK","ES","SE","CH","TW","TR","UY","US","GB","AD","LI","MC","ID","JP","TH","VN","RO","IL","ZA","SA","AE","BH","QA","OM","KW","EG","MA","DZ","TN","LB","JO","PS","IN","BY","KZ","MD","UA","AL","BA","HR","ME","MK","RS","SI","KR","BD","PK","LK","GH","KE","NG","TZ","UG","AG","AM","BS","BB","BZ","BT","BW","BF","CV","CW","DM","FJ","GM","GE","GD","GW","GY","HT","JM","KI","LS","LR","MW","MV","ML","MH","FM","NA","NR","NE","PW","PG","PR","WS","SM","ST","SN","SC","SL","SB","KN","LC","VC","SR","TL","TO","TT","TV","VU","AZ","BN","BI","KH","CM","TD","KM","GQ","SZ","GA","GN","KG","LA","MO","MR","MN","NP","RW","TG","UZ","ZW","BJ","MG","MU","MZ","AO","CI","DJ","ZM","CD","CG","IQ","LY","TJ","VE","ET","XK"],"disc_number":1,"duration_ms":163026,"explicit":false,"external_urls":{"spotify":"https://open.spotify.com/track/73hMGsb4LCQJ92EVtP7xud"},"href":"https://api.spotify.com/v1/tracks/73hMGsb4LCQJ92EVtP7xud","id":"73hMGsb4LCQJ92EVtP7xud","name":"VISTO","preview_url":null,"track_number":3,"type":"track","uri":"spotify:track:73hMGsb4LCQJ92EVtP7xud","is_local":false},{"artists":[{"external_urls":{"spotify":"https://open.spotify.com/artist/5nKGeITSNCVP76muyOlszy"},"href":"https://api.spotify.com/v1/artists/5nKGeITSNCVP76muyOlszy","id":"5nKGeITSNCVP76muyOlszy","name":"Elsa y Elmar","type":"artist","uri":"spotify:artist:5nKGeITSNCVP76muyOlszy"}],"available_markets":["AR","AU","AT","BE","BO","BR","BG","CA","CL","CO","CR","CY","CZ","DK","DO","DE","EC","EE","SV","FI","FR","GR","GT","HN","HK","HU","IS","IE","IT","LV","LT","LU","MY","MT","MX","NL","NZ","NI","NO","PA","PY","PE","PH","PL","PT","SG","SK","ES","SE","CH","TW","TR","UY","US","GB","AD","LI","MC","ID","JP","TH","VN","RO","IL","ZA","SA","AE","BH","QA","OM","KW","EG","MA","DZ","TN","LB","JO","PS","IN","BY","KZ","MD","UA","AL","BA","HR","ME","MK","RS","SI","KR","BD","PK","LK","GH","KE","NG","TZ","UG","AG","AM","BS","BB","BZ","BT","BW","BF","CV","CW","DM","FJ","GM","GE","GD","GW","GY","HT","JM","KI","LS","LR","MW","MV","ML","MH","FM","NA","NR","NE","PW","PG","PR","WS","SM","ST","SN","SC","SL","SB","KN","LC","VC","SR","TL","TO","TT","TV","VU","AZ","BN","BI","KH","CM","TD","KM","GQ","SZ","GA","GN","KG","LA","MO","MR","MN","NP","RW","TG","UZ","ZW","BJ","MG","MU","MZ","AO","CI","DJ","ZM","CD","CG","IQ","LY","TJ","VE","ET","XK"],"disc_number":1,"duration_ms":188035,"explicit":false,"external_urls":{"spotify":"https://open.spotify.com/track/4WLaRK6z2eTEm8grtGckZl"},"href":"https://api.spotify.com/v1/tracks/4WLaRK6z2eTEm8grtGckZl","id":"4WLaRK6z2eTEm8grtGckZl","name":"Ké MaL","preview_url":null,"track_number":4,"type":"track","uri":"spotify:track:4WLaRK6z2eTEm8grtGckZl","is_local":false},{"artists":[{"external_urls":{"spotify":"https://open.spotify.com/artist/5nKGeITSNCVP76muyOlszy"},"href":"https://api.spotify.com/v1/artists/5nKGeITSNCVP76muyOlszy","id":"5nKGeITSNCVP76muyOlszy","name":"Elsa y Elmar","type":"artist","uri":"spotify:artist:5nKGeITSNCVP76muyOlszy"}],"available_markets":["AR","AU","AT","BE","BO","BR","BG","CA","CL","CO","CR","CY","CZ","DK","DO","DE","EC","EE","SV","FI","FR","GR","GT","HN","HK","HU","IS","IE","IT","LV","LT","LU","MY","MT","MX","NL","NZ","NI","NO","PA","PY","PE","PH","PL","PT","SG","SK","ES","SE","CH","TW","TR","UY","US","GB","AD","LI","MC","ID","JP","TH","VN","RO","IL","ZA","SA","AE","BH","QA","OM","KW","EG","MA","DZ","TN","LB","JO","PS","IN","BY","KZ","MD","UA","AL","BA","HR","ME","MK","RS","SI","KR","BD","PK","LK","GH","KE","NG","TZ","UG","AG","AM","BS","BB","BZ","BT","BW","BF","CV","CW","DM","FJ","GM","GE","GD","GW","GY","HT","JM","KI","LS","LR","MW","MV","ML","MH","FM","NA","NR","NE","PW","PG","PR","WS","SM","ST","SN","SC","SL","SB","KN","LC","VC","SR","TL","TO","TT","TV","VU","AZ","BN","BI","KH","CM","TD","KM","GQ","SZ","GA","GN","KG","LA","MO","MR","MN","NP","RW","TG","UZ","ZW","BJ","MG","MU","MZ","AO","CI","DJ","ZM","CD","CG","IQ","LY","TJ","VE","ET","XK"],"disc_number":1,"duration_ms":184290,"explicit":false,"external_urls":{"spotify":"https://open.spotify.com/track/4gPsO2cS4fcpkWfCTuAdhm"},"href":"https://api.spotify.com/v1/tracks/4gPsO2cS4fcpkWfCTuAdhm","id":"4gPsO2cS4fcpkWfCTuAdhm","name":"sé xq sé","preview_url":null,"track_number":5,"type":"track","uri":"spotify:track:4gPsO2cS4fcpkWfCTuAdhm","is_local":false},{"artists":[{"external_urls":{"spotify":"https://open.spotify.com/artist/5nKGeITSNCVP76muyOlszy"},"href":"https://api.spotify.com/v1/artists/5nKGeITSNCVP76muyOlszy","id":"5nKGeITSNCVP76muyOlszy","name":"Elsa y Elmar","type":"artist","uri":"spotify:artist:5nKGeITSNCVP76muyOlszy"}],"available_markets":["AR","AU","AT","BE","BO","BR","BG","CA","CL","CO","CR","CY","CZ","DK","DO","DE","EC","EE","SV","FI","FR","GR","GT","HN","HK","HU","IS","IE","IT","LV","LT","LU","MY","MT","MX","NL","NZ","NI","NO","PA","PY","PE","PH","PL","PT","SG","SK","ES","SE","CH","TW","TR","UY","US","GB","AD","LI","MC","ID","JP","TH","VN","RO","IL","ZA","SA","AE","BH","QA","OM","KW","EG","MA","DZ","TN","LB","JO","PS","IN","BY","KZ","MD","UA","AL","BA","HR","ME","MK","RS","SI","KR","BD","PK","LK","GH","KE","NG","TZ","UG","AG","AM","BS","BB","BZ","BT","BW","BF","CV","CW","DM","FJ","GM","GE","GD","GW","GY","HT","JM","KI","LS","LR","MW","MV","ML","MH","FM","NA","NR","NE","PW","PG","PR","WS","SM","ST","SN","SC","SL","SB","KN","LC","VC","SR","TL","TO","TT","TV","VU","AZ","BN","BI","KH","CM","TD","KM","GQ","SZ","GA","GN","KG","LA","MO","MR","MN","NP","RW","TG","UZ","ZW","BJ","MG","MU","MZ","AO","CI","DJ","ZM","CD","CG","IQ","LY","TJ","VE","ET","XK"],"disc_number":1,"duration_ms":181560,"explicit":false,"external_urls":{"spotify":"https://open.spotify.com/track/0br6ZhTO0EXrTo3hFJ4mSX"},"href":"https://api.spotify.com/v1/tracks/0br6ZhTO0EXrTo3hFJ4mSX","id":"0br6ZhTO0EXrTo3hFJ4mSX","name":"Querer Así","preview_url":null,"track_number":6,"type":"track","uri":"spotify:track:0br6ZhTO0EXrTo3hFJ4mSX","is_local":false},{"artists":[{"external_urls":{"spotify":"https://open.spotify.com/artist/5nKGeITSNCVP76muyOlszy"},"href":"https://api.spotify.com/v1/artists/5nKGeITSNCVP76muyOlszy","id":"5nKGeITSNCVP76muyOlszy","name":"Elsa y Elmar","type":"artist","uri":"spotify:artist:5nKGeITSNCVP76muyOlszy"}],"available_markets":["AR","AU","AT","BE","BO","BR","BG","CA","CL","CO","CR","CY","CZ","DK","DO","DE","EC","EE","SV","FI","FR","GR","GT","HN","HK","HU","IS","IE","IT","LV","LT","LU","MY","MT","MX","NL","NZ","NI","NO","PA","PY","PE","PH","PL","PT","SG","SK","ES","SE","CH","TW","TR","UY","US","GB","AD","LI","MC","ID","JP","TH","VN","RO","IL","ZA","SA","AE","BH","QA","OM","KW","EG","MA","DZ","TN","LB","JO","PS","IN","BY","KZ","MD","UA","AL","BA","HR","ME","MK","RS","SI","KR","BD","PK","LK","GH","KE","NG","TZ","UG","AG","AM","BS","BB","BZ","BT","BW","BF","CV","CW","DM","FJ","GM","GE","GD","GW","GY","HT","JM","KI","LS","LR","MW","MV","ML","MH","FM","NA","NR","NE","PW","PG","PR","WS","SM","ST","SN","SC","SL","SB","KN","LC","VC","SR","TL","TO","TT","TV","VU","AZ","BN","BI","KH","CM","TD","KM","GQ","SZ","GA","GN","KG","LA","MO","MR","MN","NP","RW","TG","UZ","ZW","BJ","MG","MU","MZ","AO","CI","DJ","ZM","CD","CG","IQ","LY","TJ","VE","ET","XK"],"disc_number":1,"duration_ms":56396,"explicit":true,"external_urls":{"spotify":"https://open.spotify.com/track/1Cd9U32QpsqtSWrKs6cGkJ"},"href":"https://api.spotify.com/v1/tracks/1Cd9U32QpsqtSWrKs6cGkJ","id":"1Cd9U32QpsqtSWrKs6cGkJ","name":"gracias smyav lqm !!!","preview_url":null,"track_number":7,"type":"track","uri":"spotify:track:1Cd9U32QpsqtSWrKs6cGkJ","is_local":false},{"artists":[{"external_urls":{"spotify":"https://open.spotify.com/artist/5nKGeITSNCVP76muyOlszy"},"href":"https://api.spotify.com/v1/artists/5nKGeITSNCVP76muyOlszy","id":"5nKGeITSNCVP76muyOlszy","name":"Elsa y Elmar","type":"artist","uri":"spotify:artist:5nKGeITSNCVP76muyOlszy"}],"available_markets":["AR","AU","AT","BE","BO","BR","BG","CA","CL","CO","CR","CY","CZ","DK","DO","DE","EC","EE","SV","FI","FR","GR","GT","HN","HK","HU","IS","IE","IT","LV","LT","LU","MY","MT","MX","NL","NZ","NI","NO","PA","PY","PE","PH","PL","PT","SG","SK","ES","SE","CH","TW","TR","UY","US","GB","AD","LI","MC","ID","JP","TH","VN","RO","IL","ZA","SA","AE","BH","QA","OM","KW","EG","MA","DZ","TN","LB","JO","PS","IN","BY","KZ","MD","UA","AL","BA","HR","ME","MK","RS","SI","KR","BD","PK","LK","GH","KE","NG","TZ","UG","AG","AM","BS","BB","BZ","BT","BW","BF","CV","CW","DM","FJ","GM","GE","GD","GW","GY","HT","JM","KI","LS","LR","MW","MV","ML","MH","FM","NA","NR","NE","PW","PG","PR","WS","SM","ST","SN","SC","SL","SB","KN","LC","VC","SR","TL","TO","TT","TV","VU","AZ","BN","BI","KH","CM","TD","KM","GQ","SZ","GA","GN","KG","LA","MO","MR","MN","NP","RW","TG","UZ","ZW","BJ","MG","MU","MZ","AO","CI","DJ","ZM","CD","CG","IQ","LY","TJ","VE","ET","XK"],"disc_number":1,"duration_ms":211454,"explicit":true,"external_urls":{"spotify":"https://open.spotify.com/track/3A3cmRnCQXUrCo6CHWdMHx"},"href":"https://api.spotify.com/v1/tracks/3A3cmRnCQXUrCo6CHWdMHx","id":"3A3cmRnCQXUrCo6CHWdMHx","name":"entre las piernas","preview_url":null,"track_number":8,"type":"track","uri":"spotify:track:3A3cmRnCQXUrCo6CHWdMHx","is_local":false},{"artists":[{"external_urls":{"spotify":"https://open.spotify.com/artist/5nKGeITSNCVP76muyOlszy"},"href":"https://api.spotify.com/v1/artists/5nKGeITSNCVP76muyOlszy","id":"5nKGeITSNCVP76muyOlszy","name":"Elsa y Elmar","type":"artist","uri":"spotify:artist:5nKGeITSNCVP76muyOlszy"}],"available_markets":["AR","AU","AT","BE","BO","BR","BG","CA","CL","CO","CR","CY","CZ","DK","DO","DE","EC","EE","SV","FI","FR","GR","GT","HN","HK","HU","IS","IE","IT","LV","LT","LU","MY","MT","MX","NL","NZ","NI","NO","PA","PY","PE","PH","PL","PT","SG","SK","ES","SE","CH","TW","TR","UY","US","GB","AD","LI","MC","ID","JP","TH","VN","RO","IL","ZA","SA","AE","BH","QA","OM","KW","EG","MA","DZ","TN","LB","JO","PS","IN","BY","KZ","MD","UA","AL","BA","HR","ME","MK","RS","SI","KR","BD","PK","LK","GH","KE","NG","TZ","UG","AG","AM","BS","BB","BZ","BT","BW","BF","CV","CW","DM","FJ","GM","GE","GD","GW","GY","HT","JM","KI","LS","LR","MW","MV","ML","MH","FM","NA","NR","NE","PW","PG","PR","WS","SM","ST","SN","SC","SL","SB","KN","LC","VC","SR","TL","TO","TT","TV","VU","AZ","BN","BI","KH","CM","TD","KM","GQ","SZ","GA","GN","KG","LA","MO","MR","MN","NP","RW","TG","UZ","ZW","BJ","MG","MU","MZ","AO","CI","DJ","ZM","CD","CG","IQ","LY","TJ","VE","ET","XK"],"disc_number":1,"duration_ms":147038,"explicit":false,"external_urls":{"spotify":"https://open.spotify.com/track/4RsNcuxXtY6o7GxkQjkJMe"},"href":"https://api.spotify.com/v1/tracks/4RsNcuxXtY6o7GxkQjkJMe","id":"4RsNcuxXtY6o7GxkQjkJMe","name":"A Ella","preview_url":null,"track_number":9,"type":"track","uri":"spotify:track:4RsNcuxXtY6o7GxkQjkJMe","is_local":false},{"artists":[{"external_urls":{"spotify":"https://open.spotify.com/artist/5nKGeITSNCVP76muyOlszy"},"href":"https://api.spotify.com/v1/artists/5nKGeITSNCVP76muyOlszy","id":"5nKGeITSNCVP76muyOlszy","name":"Elsa y Elmar","type":"artist","uri":"spotify:artist:5nKGeITSNCVP76muyOlszy"}],"available_markets":["AR","AU","AT","BE","BO","BR","BG","CA","CL","CO","CR","CY","CZ","DK","DO","DE","EC","EE","SV","FI","FR","GR","GT","HN","HK","HU","IS","IE","IT","LV","LT","LU","MY","MT","MX","NL","NZ","NI","NO","PA","PY","PE","PH","PL","PT","SG","SK","ES","SE","CH","TW","TR","UY","US","GB","AD","LI","MC","ID","JP","TH","VN","RO","IL","ZA","SA","AE","BH","QA","OM","KW","EG","MA","DZ","TN","LB","JO","PS","IN","BY","KZ","MD","UA","AL","BA","HR","ME","MK","RS","SI","KR","BD","PK","LK","GH","KE","NG","TZ","UG","AG","AM","BS","BB","BZ","BT","BW","BF","CV","CW","DM","FJ","GM","GE","GD","GW","GY","HT","JM","KI","LS","LR","MW","MV","ML","MH","FM","NA","NR","NE","PW","PG","PR","WS","SM","ST","SN","SC","SL","SB","KN","LC","VC","SR","TL","TO","TT","TV","VU","AZ","BN","BI","KH","CM","TD","KM","GQ","SZ","GA","GN","KG","LA","MO","MR","MN","NP","RW","TG","UZ","ZW","BJ","MG","MU","MZ","AO","CI","DJ","ZM","CD","CG","IQ","LY","TJ","VE","ET","XK"],"disc_number":1,"duration_ms":163869,"explicit":false,"external_urls":{"spotify":"https://open.spotify.com/track/3jdaVjnqYovCMByhVanbNR"},"href":"https://api.spotify.com/v1/tracks/3jdaVjnqYovCMByhVanbNR","id":"3jdaVjnqYovCMByhVanbNR","name":"Policarpa","preview_url":null,"track_number":10,"type":"track","uri":"spotify:track:3jdaVjnqYovCMByhVanbNR","is_local":false},{"artists":[{"external_urls":{"spotify":"https://open.spotify.com/artist/5nKGeITSNCVP76muyOlszy"},"href":"https://api.spotify.com/v1/artists/5nKGeITSNCVP76muyOlszy","id":"5nKGeITSNCVP76muyOlszy","name":"Elsa y Elmar","type":"artist","uri":"spotify:artist:5nKGeITSNCVP76muyOlszy"}],"available_markets":["AR","AU","AT","BE","BO","BR","BG","CA","CL","CO","CR","CY","CZ","DK","DO","DE","EC","EE","SV","FI","FR","GR","GT","HN","HK","HU","IS","IE","IT","LV","LT","LU","MY","MT","MX","NL","NZ","NI","NO","PA","PY","PE","PH","PL","PT","SG","SK","ES","SE","CH","TW","TR","UY","US","GB","AD","LI","MC","ID","JP","TH","VN","RO","IL","ZA","SA","AE","BH","QA","OM","KW","EG","MA","DZ","TN","LB","JO","PS","IN","BY","KZ","MD","UA","AL","BA","HR","ME","MK","RS","SI","KR","BD","PK","LK","GH","KE","NG","TZ","UG","AG","AM","BS","BB","BZ","BT","BW","BF","CV","CW","DM","FJ","GM","GE","GD","GW","GY","HT","JM","KI","LS","LR","MW","MV","ML","MH","FM","NA","NR","NE","PW","PG","PR","WS","SM","ST","SN","SC","SL","SB","KN","LC","VC","SR","TL","TO","TT","TV","VU","AZ","BN","BI","KH","CM","TD","KM","GQ","SZ","GA","GN","KG","LA","MO","MR","MN","NP","RW","TG","UZ","ZW","BJ","MG","MU","MZ","AO","CI","DJ","ZM","CD","CG","IQ","LY","TJ","VE","ET","XK"],"disc_number":1,"duration_ms":151406,"explicit":false,"external_urls":{"spotify":"https://open.spotify.com/track/4ge2EV4EvXfDrDnmb2fnit"},"href":"https://api.spotify.com/v1/tracks/4ge2EV4EvXfDrDnmb2fnit","id":"4ge2EV4EvXfDrDnmb2fnit","name":"GIGANTE","preview_url":null,"track_number":11,"type":"track","uri":"spotify:track:4ge2EV4EvXfDrDnmb2fnit","is_local":false},{"artists":[{"external_urls":{"spotify":"https://open.spotify.com/artist/5nKGeITSNCVP76muyOlszy"},"href":"https://api.spotify.com/v1/artists/5nKGeITSNCVP76muyOlszy","id":"5nKGeITSNCVP76muyOlszy","name":"Elsa y Elmar","type":"artist","uri":"spotify:artist:5nKGeITSNCVP76muyOlszy"}],"available_markets":["AR","AU","AT","BE","BO","BR","BG","CA","CL","CO","CR","CY","CZ","DK","DO","DE","EC","EE","SV","FI","FR","GR","GT","HN","HK","HU","IS","IE","IT","LV","LT","LU","MY","MT","MX","NL","NZ","NI","NO","PA","PY","PE","PH","PL","PT","SG","SK","ES","SE","CH","TW","TR","UY","US","GB","AD","LI","MC","ID","JP","TH","VN","RO","IL","ZA","SA","AE","BH","QA","OM","KW","EG","MA","DZ","TN","LB","JO","PS","IN","BY","KZ","MD","UA","AL","BA","HR","ME","MK","RS","SI","KR","BD","PK","LK","GH","KE","NG","TZ","UG","AG","AM","BS","BB","BZ","BT","BW","BF","CV","CW","DM","FJ","GM","GE","GD","GW","GY","HT","JM","KI","LS","LR","MW","MV","ML","MH","FM","NA","NR","NE","PW","PG","PR","WS","SM","ST","SN","SC","SL","SB","KN","LC","VC","SR","TL","TO","TT","TV","VU","AZ","BN","BI","KH","CM","TD","KM","GQ","SZ","GA","GN","KG","LA","MO","MR","MN","NP","RW","TG","UZ","ZW","BJ","MG","MU","MZ","AO","CI","DJ","ZM","CD","CG","IQ","LY","TJ","VE","ET","XK"],"disc_number":1,"duration_ms":222935,"explicit":false,"external_urls":{"spotify":"https://open.spotify.com/track/1R90Ttua1uz9502hBVM1Tg"},"href":"https://api.spotify.com/v1/tracks/1R90Ttua1uz9502hBVM1Tg","id":"1R90Ttua1uz9502hBVM1Tg","name":"Lento Violento","preview_url":null,"track_number":12,"type":"track","uri":"spotify:track:1R90Ttua1uz9502hBVM1Tg","is_local":false}]},"copyrights":[{"text":"(P) 2024 Sony Music Entertainment México, S.A. de C.V. Bajo Distribución en Exclusiva de Elmar Presenta S.A. de C.V.","type":"P"}],"external_ids":{"upc":"196872168211"},"genres":[],"label":"ELMAR PRESENTA, S.A. DE C.V.","popularity":45},{"album_type":"album","total_tracks":10,"available_markets":["AR","AU","AT","BE","BO","BR","BG","CA","CL","CO","CR","CY","CZ","DK","DO","DE","EC","EE","SV","FI","FR","GR","GT","HN","HK","HU","IS","IE","IT","LV","LT","LU","MY","MT","MX","NL","NZ","NI","NO","PA","PY","PE","PH","PL","PT","SG","SK","ES","SE","CH","TW","TR","UY","US","GB","AD","LI","MC","ID","JP","TH","VN","RO","IL","ZA","SA","AE","BH","QA","OM","KW","EG","MA","DZ","TN","LB","JO","PS","IN","BY","KZ","MD","UA","AL","BA","HR","ME","MK","RS","SI","KR","BD","PK","LK","GH","KE","NG","TZ","UG","AG","AM","BS","BB","BZ","BT","BW","BF","CV","CW","DM","FJ","GM","GE","GD","GW","GY","HT","JM","KI","LS","LR","MW","MV","ML","MH","FM","NA","NR","NE","PW","PG","PR","WS","SM","ST","SN","SC","SL","SB","KN","LC","VC","SR","TL","TO","TT","TV","VU","AZ","BN","BI","KH","CM","TD","KM","GQ","SZ","GA","GN","KG","LA","MO","MR","MN","NP","RW","TG","UZ","ZW","BJ","MG","MU","MZ","AO","CI","DJ","ZM","CD","CG","IQ","LY","TJ","VE","ET","XK"],"external_urls":{"spotify":"https://open.spotify.com/album/19DbwnDUWS0CuJF92sc4Wn"},"href":"https://api.spotify.com/v1/albums/19DbwnDUWS0CuJF92sc4Wn","id":"19DbwnDUWS0CuJF92sc4Wn","images":[{"url":"https://i.scdn.co/image/ab67616d0000b273b625d4ffed7f36d5475ccd2e","height":640,"width":640},{"url":"https://i.scdn.co/image/ab67616d00001e02b625d4ffed7f36d5475ccd2e","height":300,"width":300},{"url":"https://i.scdn.co/image/ab67616d00004851b625d4ffed7f36d5475ccd2e","height":64,"width":64}],"name":"TODO PUEDE SUCEDER","release_date":"2024-08-30","release_date_precision":"day","type":"album","uri":"spotify:album:19DbwnDUWS0CuJF92sc4Wn","artists":[{"external_urls":{"spotify":"https://open.spotify.com/artist/3r7eiuLSmaw4jXeUG6NatF"},"href":"https://api.spotify.com/v1/artists/3r7eiuLSmaw4jXeUG6NatF","id":"3r7eiuLSmaw4jXeUG6NatF","name":"MAGNA","type":"artist","uri":"spotify:artist:3r7eiuLSmaw4jXeUG6NatF"}],"tracks":{"href":"https://api.spotify.com/v1/albums/19DbwnDUWS0CuJF92sc4Wn/tracks?offset=0&limit=50","limit":50,"next":null,"offset":0,"previous":null,"total":10,"items":[{"artists":[{"external_urls":{"spotify":"https://open.spotify.com/artist/3r7eiuLSmaw4jXeUG6NatF"},"href":"https://api.spotify.com/v1/artists/3r7eiuLSmaw4jXeUG6NatF","id":"3r7eiuLSmaw4jXeUG6NatF","name":"MAGNA","type":"artist","uri":"spotify:artist:3r7eiuLSmaw4jXeUG6NatF"}],"available_markets":["AR","AU","AT","BE","BO","BR","BG","CA","CL","CO","CR","CY","CZ","DK","DO","DE","EC","EE","SV","FI","FR","GR","GT","HN","HK","HU","IS","IE","IT","LV","LT","LU","MY","MT","MX","NL","NZ","NI","NO","PA","PY","PE","PH","PL","PT","SG","SK","ES","SE","CH","TW","TR","UY","US","GB","AD","LI","MC","ID","JP","TH","VN","RO","IL","ZA","SA","AE","BH","QA","OM","KW","EG","MA","DZ","TN","LB","JO","PS","IN","BY","KZ","MD","UA","AL","BA","HR","ME","MK","RS","SI","KR","BD","PK","LK","GH","KE","NG","TZ","UG","AG","AM","BS","BB","BZ","BT","BW","BF","CV","CW","DM","FJ","GM","GE","GD","GW","GY","HT","JM","KI","LS","LR","MW","MV","ML","MH","FM","NA","NR","NE","PW","PG","PR","WS","SM","ST","SN","SC","SL","SB","KN","LC","VC","SR","TL","TO","TT","TV","VU","AZ","BN","BI","KH","CM","TD","KM","GQ","SZ","GA","GN","KG","LA","MO","MR","MN","NP","RW","TG","UZ","ZW","BJ","MG","MU","MZ","AO","CI","DJ","ZM","CD","CG","IQ","LY","TJ","VE","ET","XK"],"disc_number":1,"duration_ms":162666,"explicit":false,"external_urls":{"spotify":"https://open.spotify.com/track/0ZfHpd5jSHwPgHvvAcQYne"},"href":"https://api.spotify.com/v1/tracks/0ZfHpd5jSHwPgHvvAcQYne","id":"0ZfHpd5jSHwPgHvvAcQYne","name":"SLI","preview_url":null,"track_number":1,"type":"track","uri":"spotify:track:0ZfHpd5jSHwPgHvvAcQYne","is_local":false},{"artists":[{"external_urls":{"spotify":"https://open.spotify.com/artist/3r7eiuLSmaw4jXeUG6NatF"},"href":"https://api.spotify.com/v1/artists/3r7eiuLSmaw4jXeUG6NatF","id":"3r7eiuLSmaw4jXeUG6NatF","name":"MAGNA","type":"artist","uri":"spotify:artist:3r7eiuLSmaw4jXeUG6NatF"}],"available_markets":["AR","AU","AT","BE","BO","BR","BG","CA","CL","CO","CR","CY","CZ","DK","DO","DE","EC","EE","SV","FI","FR","GR","GT","HN","HK","HU","IS","IE","IT","LV","LT","LU","MY","MT","MX","NL","NZ","NI","NO","PA","PY","PE","PH","PL","PT","SG","SK","ES","SE","CH","TW","TR","UY","US","GB","AD","LI","MC","ID","JP","TH","VN","RO","IL","ZA","SA","AE","BH","QA","OM","KW","EG","MA","DZ","TN","LB","JO","PS","IN","BY","KZ","MD","UA","AL","BA","HR","ME","MK","RS","SI","KR","BD","PK","LK","GH","KE","NG","TZ","UG","AG","AM","BS","BB","BZ","BT","BW","BF","CV","CW","DM","FJ","GM","GE","GD","GW","GY","HT","JM","KI","LS","LR","MW","MV","ML","MH","FM","NA","NR","NE","PW","PG","PR","WS","SM","ST","SN","SC","SL","SB","KN","LC","VC","SR","TL","TO","TT","TV","VU","AZ","BN","BI","KH","CM","TD","KM","GQ","SZ","GA","GN","KG","LA","MO","MR","MN","NP","RW","TG","UZ","ZW","BJ","MG","MU","MZ","AO","CI","DJ","ZM","CD","CG","IQ","LY","TJ","VE","ET","XK"],"disc_number":1,"duration_ms":145882,"explicit":false,"external_urls":{"spotify":"https://open.spotify.com/track/2mBnRI8E9o4uUFtUzJSNYb"},"href":"https://api.spotify.com/v1/tracks/2mBnRI8E9o4uUFtUzJSNYb","id":"2mBnRI8E9o4uUFtUzJSNYb","name":"¿CÓMO VAS?","preview_url":null,"track_number":2,"type":"track","uri":"spotify:track:2mBnRI8E9o4uUFtUzJSNYb","is_local":false},{"artists":[{"external_urls":{"spotify":"https://open.spotify.com/artist/3r7eiuLSmaw4jXeUG6NatF"},"href":"https://api.spotify.com/v1/artists/3r7eiuLSmaw4jXeUG6NatF","id":"3r7eiuLSmaw4jXeUG6NatF","name":"MAGNA","type":"artist","uri":"spotify:artist:3r7eiuLSmaw4jXeUG6NatF"}],"available_markets":["AR","AU","AT","BE","BO","BR","BG","CA","CL","CO","CR","CY","CZ","DK","DO","DE","EC","EE","SV","FI","FR","GR","GT","HN","HK","HU","IS","IE","IT","LV","LT","LU","MY","MT","MX","NL","NZ","NI","NO","PA","PY","PE","PH","PL","PT","SG","SK","ES","SE","CH","TW","TR","UY","US","GB","AD","LI","MC","ID","JP","TH","VN","RO","IL","ZA","SA","AE","BH","QA","OM","KW","EG","MA","DZ","TN","LB","JO","PS","IN","BY","KZ","MD","UA","AL","BA","HR","ME","MK","RS","SI","KR","BD","PK","LK","GH","KE","NG","TZ","UG","AG","AM","BS","BB","BZ","BT","BW","BF","CV","CW","DM","FJ","GM","GE","GD","GW","GY","HT","JM","KI","LS","LR","MW","MV","ML","MH","FM","NA","NR","NE","PW","PG","PR","WS","SM","ST","SN","SC","SL","SB","KN","LC","VC","SR","TL","TO","TT","TV","VU","AZ","BN","BI","KH","CM","TD","KM","GQ","SZ","GA","GN","KG","LA","MO","MR","MN","NP","RW","TG","UZ","ZW","BJ","MG","MU","MZ","AO","CI","DJ","ZM","CD","CG","IQ","LY","TJ","VE","ET","XK"],"disc_number":1,"duration_ms":141714,"explicit":false,"external_urls":{"spotify":"https://open.spotify.com/track/5pRzQKVItYPAbuf6zb23VQ"},"href":"https://api.spotify.com/v1/tracks/5pRzQKVItYPAbuf6zb23VQ","id":"5pRzQKVItYPAbuf6zb23VQ","name":"PALOMINO","preview_url":null,"track_number":3,"type":"track","uri":"spotify:track:5pRzQKVItYPAbuf6zb23VQ","is_local":false},{"artists":[{"external_urls":{"spotify":"https://open.spotify.com/artist/3r7eiuLSmaw4jXeUG6NatF"},"href":"https://api.spotify.com/v1/artists/3r7eiuLSmaw4jXeUG6NatF","id":"3r7eiuLSmaw4jXeUG6NatF","name":"MAGNA","type":"artist","uri":"spotify:artist:3r7eiuLSmaw4jXeUG6NatF"}],"available_markets":["AR","AU","AT","BE","BO","BR","BG","CA","CL","CO","CR","CY","CZ","DK","DO","DE","EC","EE","SV","FI","FR","GR","GT","HN","HK","HU","IS","IE","IT","LV","LT","LU","MY","MT","MX","NL","NZ","NI","NO","PA","PY","PE","PH","PL","PT","SG","SK","ES","SE","CH","TW","TR","UY","US","GB","AD","LI","MC","ID","JP","TH","VN","RO","IL","ZA","SA","AE","BH","QA","OM","KW","EG","MA","DZ","TN","LB","JO","PS","IN","BY","KZ","MD","UA","AL","BA","HR","ME","MK","RS","SI","KR","BD","PK","LK","GH","KE","NG","TZ","UG","AG","AM","BS","BB","BZ","BT","BW","BF","CV","CW","DM","FJ","GM","GE","GD","GW","GY","HT","JM","KI","LS","LR","MW","MV","ML","MH","FM","NA","NR","NE","PW","PG","PR","WS","SM","ST","SN","SC","SL","SB","KN","LC","VC","SR","TL","TO","TT","TV","VU","AZ","BN","BI","KH","CM","TD","KM","GQ","SZ","GA","GN","KG","LA","MO","MR","MN","NP","RW","TG","UZ","ZW","BJ","MG","MU","MZ","AO","CI","DJ","ZM","CD","CG","IQ","LY","TJ","VE","ET","XK"],"disc_number":1,"duration_ms":170097,"explicit":false,"external_urls":{"spotify":"https://open.spotify.com/track/5k27Am4vp1OHXACi8tx3F0"},"href":"https://api.spotify.com/v1/tracks/5k27Am4vp1OHXACi8tx3F0","id":"5k27Am4vp1OHXACi8tx3F0","name":"OJOS MOROCCO","preview_url":null,"track_number":4,"type":"track","uri":"spotify:track:5k27Am4vp1OHXACi8tx3F0","is_local":false},{"artists":[{"external_urls":{"spotify":"https://open.spotify.com/artist/3r7eiuLSmaw4jXeUG6NatF"},"href":"https://api.spotify.com/v1/artists/3r7eiuLSmaw4jXeUG6NatF","id":"3r7eiuLSmaw4jXeUG6NatF","name":"MAGNA","type":"artist","uri":"spotify:artist:3r7eiuLSmaw4jXeUG6NatF"}],"available_markets":["AR","AU","AT","BE","BO","BR","BG","CA","CL","CO","CR","CY","CZ","DK","DO","DE","EC","EE","SV","FI","FR","GR","GT","HN","HK","HU","IS","IE","IT","LV","LT","LU","MY","MT","MX","NL","NZ","NI","NO","PA","PY","PE","PH","PL","PT","SG","SK","ES","SE","CH","TW","TR","UY","US","GB","AD","LI","MC","ID","JP","TH","VN","RO","IL","ZA","SA","AE","BH","QA","OM","KW","EG","MA","DZ","TN","LB","JO","PS","IN","BY","KZ","MD","UA","AL","BA","HR","ME","MK","RS","SI","KR","BD","PK","LK","GH","KE","NG","TZ","UG","AG","AM","BS","BB","BZ","BT","BW","BF","CV","CW","DM","FJ","GM","GE","GD","GW","GY","HT","JM","KI","LS","LR","MW","MV","ML","MH","FM","NA","NR","NE","PW","PG","PR","WS","SM","ST","SN","SC","SL","SB","KN","LC","VC","SR","TL","TO","TT","TV","VU","AZ","BN","BI","KH","CM","TD","KM","GQ","SZ","GA","GN","KG","LA","MO","MR","MN","NP","RW","TG","UZ","ZW","BJ","MG","MU","MZ","AO","CI","DJ","ZM","CD","CG","IQ","LY","TJ","VE","ET","XK"],"disc_number":1,"duration_ms":194400,"explicit":false,"external_urls":{"spotify":"https://open.spotify.com/track/0rdosyFAigBykI6jZFXWpn"},"href":"https://api.spotify.com/v1/tracks/0rdosyFAigBykI6jZFXWpn","id":"0rdosyFAigBykI6jZFXWpn","name":"NO IMPORTA EL DÍA","preview_url":null,"track_number":5,"type":"track","uri":"spotify:track:0rdosyFAigBykI6jZFXWpn","is_local":false},{"artists":[{"external_urls":{"spotify":"https://open.spotify.com/artist/3r7eiuLSmaw4jXeUG6NatF"},"href":"https://api.spotify.com/v1/artists/3r7eiuLSmaw4jXeUG6NatF","id":"3r7eiuLSmaw4jXeUG6NatF","name":"MAGNA","type":"artist","uri":"spotify:artist:3r7eiuLSmaw4jXeUG6NatF"},{"external_urls":{"spotify":"https://open.spotify.com/artist/4VMnjerpap9qiBhkTXDdtC"},"href":"https://api.spotify.com/v1/artists/4VMnjerpap9qiBhkTXDdtC","id":"4VMnjerpap9qiBhkTXDdtC","name":"Enzo","type":"artist","uri":"spotify:artist:4VMnjerpap9qiBhkTXDdtC"}],"available_markets":["AR","AU","AT","BE","BO","BR","BG","CA","CL","CO","CR","CY","CZ","DK","DO","DE","EC","EE","SV","FI","FR","GR","GT","HN","HK","HU","IS","IE","IT","LV","LT","LU","MY","MT","MX","NL","NZ","NI","NO","PA","PY","PE","PH","PL","PT","SG","SK","ES","SE","CH","TW","TR","UY","US","GB","AD","LI","MC","ID","JP","TH","VN","RO","IL","ZA","SA","AE","BH","QA","OM","KW","EG","MA","DZ","TN","LB","JO","PS","IN","BY","KZ","MD","UA","AL","BA","HR","ME","MK","RS","SI","KR","BD","PK","LK","GH","KE","NG","TZ","UG","AG","AM","BS","BB","BZ","BT","BW","BF","CV","CW","DM","FJ","GM","GE","GD","GW","GY","HT","JM","KI","LS","LR","MW","MV","ML","MH","FM","NA","NR","NE","PW","PG","PR","WS","SM","ST","SN","SC","SL","SB","KN","LC","VC","SR","TL","TO","TT","TV","VU","AZ","BN","BI","KH","CM","TD","KM","GQ","SZ","GA","GN","KG","LA","MO","MR","MN","NP","RW","TG","UZ","ZW","BJ","MG","MU","MZ","AO","CI","DJ","ZM","CD","CG","IQ","LY","TJ","VE","ET","XK"],"disc_number":1,"duration_ms":143571,"explicit":false,"external_urls":{"spotify":"https://open.spotify.com/track/6R0O8aOXxQwUhWH1l6ThCw"},"href":"https://api.spotify.com/v1/tracks/6R0O8aOXxQwUhWH1l6ThCw","id":"6R0O8aOXxQwUhWH1l6ThCw","name":"ME ACUERDA A TI","preview_url":null,"track_number":6,"type":"track","uri":"spotify:track:6R0O8aOXxQwUhWH1l6ThCw","is_local":false},{"artists":[{"external_urls":{"spotify":"https://open.spotify.com/artist/3r7eiuLSmaw4jXeUG6NatF"},"href":"https://api.spotify.com/v1/artists/3r7eiuLSmaw4jXeUG6NatF","id":"3r7eiuLSmaw4jXeUG6NatF","name":"MAGNA","type":"artist","uri":"spotify:artist:3r7eiuLSmaw4jXeUG6NatF"}],"available_markets":["AR","AU","AT","BE","BO","BR","BG","CA","CL","CO","CR","CY","CZ","DK","DO","DE","EC","EE","SV","FI","FR","GR","GT","HN","HK","HU","IS","IE","IT","LV","LT","LU","MY","MT","MX","NL","NZ","NI","NO","PA","PY","PE","PH","PL","PT","SG","SK","ES","SE","CH","TW","TR","UY","US","GB","AD","LI","MC","ID","JP","TH","VN","RO","IL","ZA","SA","AE","BH","QA","OM","KW","EG","MA","DZ","TN","LB","JO","PS","IN","BY","KZ","MD","UA","AL","BA","HR","ME","MK","RS","SI","KR","BD","PK","LK","GH","KE","NG","TZ","UG","AG","AM","BS","BB","BZ","BT","BW","BF","CV","CW","DM","FJ","GM","GE","GD","GW","GY","HT","JM","KI","LS","LR","MW","MV","ML","MH","FM","NA","NR","NE","PW","PG","PR","WS","SM","ST","SN","SC","SL","SB","KN","LC","VC","SR","TL","TO","TT","TV","VU","AZ","BN","BI","KH","CM","TD","KM","GQ","SZ","GA","GN","KG","LA","MO","MR","MN","NP","RW","TG","UZ","ZW","BJ","MG","MU","MZ","AO","CI","DJ","ZM","CD","CG","IQ","LY","TJ","VE","ET","XK"],"disc_number":1,"duration_ms":191666,"explicit":false,"external_urls":{"spotify":"https://open.spotify.com/track/4Xzp9jo2ZY11G2wY8h3FF0"},"href":"https://api.spotify.com/v1/tracks/4Xzp9jo2ZY11G2wY8h3FF0","id":"4Xzp9jo2ZY11G2wY8h3FF0","name":"PLAYA DE BARCELONA","preview_url":null,"track_number":7,"type":"track","uri":"spotify:track:4Xzp9jo2ZY11G2wY8h3FF0","is_local":false},{"artists":[{"external_urls":{"spotify":"https://open.spotify.com/artist/3r7eiuLSmaw4jXeUG6NatF"},"href":"https://api.spotify.com/v1/artists/3r7eiuLSmaw4jXeUG6NatF","id":"3r7eiuLSmaw4jXeUG6NatF","name":"MAGNA","type":"artist","uri":"spotify:artist:3r7eiuLSmaw4jXeUG6NatF"},{"external_urls":{"spotify":"https://open.spotify.com/artist/5RLbaO6vu3wyo06gAMxAQh"},"href":"https://api.spotify.com/v1/artists/5RLbaO6vu3wyo06gAMxAQh","id":"5RLbaO6vu3wyo06gAMxAQh","name":"Francely Abreuu","type":"artist","uri":"spotify:artist:5RLbaO6vu3wyo06gAMxAQh"}],"available_markets":["AR","AU","AT","BE","BO","BR","BG","CA","CL","CO","CR","CY","CZ","DK","DO","DE","EC","EE","SV","FI","FR","GR","GT","HN","HK","HU","IS","IE","IT","LV","LT","LU","MY","MT","MX","NL","NZ","NI","NO","PA","PY","PE","PH","PL","PT","SG","SK","ES","SE","CH","TW","TR","UY","US","GB","AD","LI","MC","ID","JP","TH","VN","RO","IL","ZA","SA","AE","BH","QA","OM","KW","EG","MA","DZ","TN","LB","JO","PS","IN","BY","KZ","MD","UA","AL","BA","HR","ME","MK","RS","SI","KR","BD","PK","LK","GH","KE","NG","TZ","UG","AG","AM","BS","BB","BZ","BT","BW","BF","CV","CW","DM","FJ","GM","GE","GD","GW","GY","HT","JM","KI","LS","LR","MW","MV","ML","MH","FM","NA","NR","NE","PW","PG","PR","WS","SM","ST","SN","SC","SL","SB","KN","LC","VC","SR","TL","TO","TT","TV","VU","AZ","BN","BI","KH","CM","TD","KM","GQ","SZ","GA","GN","KG","LA","MO","MR","MN","NP","RW","TG","UZ","ZW","BJ","MG","MU","MZ","AO","CI","DJ","ZM","CD","CG","IQ","LY","TJ","VE","ET","XK"],"disc_number":1,"duration_ms":201355,"explicit":false,"external_urls":{"spotify":"https://open.spotify.com/track/0J5qgtRzftokBjWUHR8syS"},"href":"https://api.spotify.com/v1/tracks/0J5qgtRzftokBjWUHR8syS","id":"0J5qgtRzftokBjWUHR8syS","name":"SAL","preview_url":null,"track_number":8,"type":"track","uri":"spotify:track:0J5qgtRzftokBjWUHR8syS","is_local":false},{"artists":[{"external_urls":{"spotify":"https://open.spotify.com/artist/3r7eiuLSmaw4jXeUG6NatF"},"href":"https://api.spotify.com/v1/artists/3r7eiuLSmaw4jXeUG6NatF","id":"3r7eiuLSmaw4jXeUG6NatF","name":"MAGNA","type":"artist","uri":"spotify:artist:3r7eiuLSmaw4jXeUG6NatF"},{"external_urls":{"spotify":"https://open.spotify.com/artist/3e9aKKEgSOjIQS9gv2Nr1X"},"href":"https://api.spotify.com/v1/artists/3e9aKKEgSOjIQS9gv2Nr1X","id":"3e9aKKEgSOjIQS9gv2Nr1X","name":"ARIA VEGA","type":"artist","uri":"spotify:artist:3e9aKKEgSOjIQS9gv2Nr1X"}],"available_markets":["AR","AU","AT","BE","BO","BR","BG","CA","CL","CO","CR","CY","CZ","DK","DO","DE","EC","EE","SV","FI","FR","GR","GT","HN","HK","HU","IS","IE","IT","LV","LT","LU","MY","MT","MX","NL","NZ","NI","NO","PA","PY","PE","PH","PL","PT","SG","SK","ES","SE","CH","TW","TR","UY","US","GB","AD","LI","MC","ID","JP","TH","VN","RO","IL","ZA","SA","AE","BH","QA","OM","KW","EG","MA","DZ","TN","LB","JO","PS","IN","BY","KZ","MD","UA","AL","BA","HR","ME","MK","RS","SI","KR","BD","PK","LK","GH","KE","NG","TZ","UG","AG","AM","BS","BB","BZ","BT","BW","BF","CV","CW","DM","FJ","GM","GE","GD","GW","GY","HT","JM","KI","LS","LR","MW","MV","ML","MH","FM","NA","NR","NE","PW","PG","PR","WS","SM","ST","SN","SC","SL","SB","KN","LC","VC","SR","TL","TO","TT","TV","VU","AZ","BN","BI","KH","CM","TD","KM","GQ","SZ","GA","GN","KG","LA","MO","MR","MN","NP","RW","TG","UZ","ZW","BJ","MG","MU","MZ","AO","CI","DJ","ZM","CD","CG","IQ","LY","TJ","VE","ET","XK"],"disc_number":1,"duration_ms":167213,"explicit":false,"external_urls":{"spotify":"https://open.spotify.com/track/2WYjLEYwE1vIWC6XNMN94z"},"href":"https://api.spotify.com/v1/tracks/2WYjLEYwE1vIWC6XNMN94z","id":"2WYjLEYwE1vIWC6XNMN94z","name":"UN CUARTICO","preview_url":null,"track_number":9,"type":"track","uri":"spotify:track:2WYjLEYwE1vIWC6XNMN94z","is_local":false},{"artists":[{"external_urls":{"spotify":"https://open.spotify.com/artist/3r7eiuLSmaw4jXeUG6NatF"},"href":"https://api.spotify.com/v1/artists/3r7eiuLSmaw4jXeUG6NatF","id":"3r7eiuLSmaw4jXeUG6NatF","name":"MAGNA","type":"artist","uri":"spotify:artist:3r7eiuLSmaw4jXeUG6NatF"}],"available_markets":["AR","AU","AT","BE","BO","BR","BG","CA","CL","CO","CR","CY","CZ","DK","DO","DE","EC","EE","SV","FI","FR","GR","GT","HN","HK","HU","IS","IE","IT","LV","LT","LU","MY","MT","MX","NL","NZ","NI","NO","PA","PY","PE","PH","PL","PT","SG","SK","ES","SE","CH","TW","TR","UY","US","GB","AD","LI","MC","ID","JP","TH","VN","RO","IL","ZA","SA","AE","BH","QA","OM","KW","EG","MA","DZ","TN","LB","JO","PS","IN","BY","KZ","MD","UA","AL","BA","HR","ME","MK","RS","SI","KR","BD","PK","LK","GH","KE","NG","TZ","UG","AG","AM","BS","BB","BZ","BT","BW","BF","CV","CW","DM","FJ","GM","GE","GD","GW","GY","HT","JM","KI","LS","LR","MW","MV","ML","MH","FM","NA","NR","NE","PW","PG","PR","WS","SM","ST","SN","SC","SL","SB","KN","LC","VC","SR","TL","TO","TT","TV","VU","AZ","BN","BI","KH","CM","TD","KM","GQ","SZ","GA","GN","KG","LA","MO","MR","MN","NP","RW","TG","UZ","ZW","BJ","MG","MU","MZ","AO","CI","DJ","ZM","CD","CG","IQ","LY","TJ","VE","ET","XK"],"disc_number":1,"duration_ms":175945,"explicit":false,"external_urls":{"spotify":"https://open.spotify.com/track/6W17wo0BGzSuyZ6EqE7i07"},"href":"https://api.spotify.com/v1/tracks/6W17wo0BGzSuyZ6EqE7i07","id":"6W17wo0BGzSuyZ6EqE7i07","name":"OTRA DIRECCIÓN","preview_url":null,"track_number":10,"type":"track","uri":"spotify:track:6W17wo0BGzSuyZ6EqE7i07","is_local":false}]},"copyrights":[{"text":"© 2024 Zarpazo Entertainment / HYBE Latin America","type":"C"},{"text":"℗ 2024 Zarpazo Entertainment / HYBE Latin America","type":"P"}],"external_ids":{"upc":"198704095139"},"genres":[],"label":"MiDuende","popularity":37}]}

12:06:00.073 [pool-2-thread-2] INFO  com.intuit.karate - [print] access_token BQBmW4SlmmU8LTgxgLJdEEhIKDX7SkQLHwPbBnGxOlNN7-C1fryW2C_ABQh8gdKrbZqTrqGJObW4WnU1GY57gbTh7T9IxtJabSkRmgTln69zG6LmC92UPo6bclTVaCApJ3Uk_y_ZcKU 
12:06:00.092 [pool-2-thread-5] DEBUG com.intuit.karate - response time in milliseconds: 562
1 < 200
1 < content-type: application/json; charset=utf-8
1 < cache-control: public, max-age=0
1 < etag: "MC-ImM5ZWRmMDg3ZmIxZGRhNDEyZGU0ZTc0MjgzYzI0OGI5Ig=="
1 < x-robots-tag: noindex, nofollow
1 < access-control-allow-origin: *
1 < access-control-allow-headers: Accept, App-Platform, Authorization, Content-Type, Origin, Retry-After, Spotify-App-Version, X-Cloud-Trace-Context, client-token, content-access-token
1 < access-control-allow-methods: GET, POST, OPTIONS, PUT, DELETE, PATCH
1 < access-control-allow-credentials: true
1 < access-control-max-age: 604800
1 < strict-transport-security: max-age=31536000
1 < x-content-type-options: nosniff
1 < date: Mon, 17 Mar 2025 17:06:00 GMT
1 < server: envoy
1 < Via: HTTP/2 edgeproxy, 1.1 google
1 < Alt-Svc: h3=":443"; ma=2592000,h3-29=":443"; ma=2592000
1 < Transfer-Encoding: chunked
{"albums":[{"album_type":"album","total_tracks":10,"available_markets":["AR","AU","AT","BE","BO","BR","BG","CA","CL","CO","CR","CY","CZ","DK","DO","DE","EC","EE","SV","FI","FR","GR","GT","HN","HK","HU","IS","IE","IT","LV","LT","LU","MY","MT","MX","NL","NZ","NI","NO","PA","PY","PE","PH","PL","PT","SG","SK","ES","SE","CH","TW","TR","UY","US","GB","AD","LI","MC","ID","JP","TH","VN","RO","IL","ZA","SA","AE","BH","QA","OM","KW","EG","MA","DZ","TN","LB","JO","PS","IN","KZ","MD","UA","AL","BA","HR","ME","MK","RS","SI","KR","BD","PK","LK","GH","KE","NG","TZ","UG","AG","AM","BS","BB","BZ","BT","BW","BF","CV","CW","DM","FJ","GM","GE","GD","GW","GY","HT","JM","KI","LS","LR","MW","MV","ML","MH","FM","NA","NR","NE","PW","PG","PR","WS","SM","ST","SN","SC","SL","SB","KN","LC","VC","SR","TL","TO","TT","TV","VU","AZ","BN","BI","KH","CM","TD","KM","GQ","SZ","GA","GN","KG","LA","MO","MR","MN","NP","RW","TG","UZ","ZW","BJ","MG","MU","MZ","AO","CI","DJ","ZM","CD","CG","IQ","LY","TJ","VE","ET","XK"],"external_urls":{"spotify":"https://open.spotify.com/album/2YeKV1ibuIz9JhF9Yg89w4"},"href":"https://api.spotify.com/v1/albums/2YeKV1ibuIz9JhF9Yg89w4","id":"2YeKV1ibuIz9JhF9Yg89w4","images":[{"url":"https://i.scdn.co/image/ab67616d0000b273b9f027d058291e71c7f3c578","height":640,"width":640},{"url":"https://i.scdn.co/image/ab67616d00001e02b9f027d058291e71c7f3c578","height":300,"width":300},{"url":"https://i.scdn.co/image/ab67616d00004851b9f027d058291e71c7f3c578","height":64,"width":64}],"name":"AZAROSOG","release_date":"2024-12-05","release_date_precision":"day","type":"album","uri":"spotify:album:2YeKV1ibuIz9JhF9Yg89w4","artists":[{"external_urls":{"spotify":"https://open.spotify.com/artist/18dspUI6gqabm5XCC2RcUD"},"href":"https://api.spotify.com/v1/artists/18dspUI6gqabm5XCC2RcUD","id":"18dspUI6gqabm5XCC2RcUD","name":"SOG","type":"artist","uri":"spotify:artist:18dspUI6gqabm5XCC2RcUD"}],"tracks":{"href":"https://api.spotify.com/v1/albums/2YeKV1ibuIz9JhF9Yg89w4/tracks?offset=0&limit=50","limit":50,"next":null,"offset":0,"previous":null,"total":10,"items":[{"artists":[{"external_urls":{"spotify":"https://open.spotify.com/artist/18dspUI6gqabm5XCC2RcUD"},"href":"https://api.spotify.com/v1/artists/18dspUI6gqabm5XCC2RcUD","id":"18dspUI6gqabm5XCC2RcUD","name":"SOG","type":"artist","uri":"spotify:artist:18dspUI6gqabm5XCC2RcUD"},{"external_urls":{"spotify":"https://open.spotify.com/artist/4bw2Am3p9ji3mYsXNXtQcd"},"href":"https://api.spotify.com/v1/artists/4bw2Am3p9ji3mYsXNXtQcd","id":"4bw2Am3p9ji3mYsXNXtQcd","name":"Piso 21","type":"artist","uri":"spotify:artist:4bw2Am3p9ji3mYsXNXtQcd"}],"available_markets":["AR","AU","AT","BE","BO","BR","BG","CA","CL","CO","CR","CY","CZ","DK","DO","DE","EC","EE","SV","FI","FR","GR","GT","HN","HK","HU","IS","IE","IT","LV","LT","LU","MY","MT","MX","NL","NZ","NI","NO","PA","PY","PE","PH","PL","PT","SG","SK","ES","SE","CH","TW","TR","UY","US","GB","AD","LI","MC","ID","JP","TH","VN","RO","IL","ZA","SA","AE","BH","QA","OM","KW","EG","MA","DZ","TN","LB","JO","PS","IN","KZ","MD","UA","AL","BA","HR","ME","MK","RS","SI","KR","BD","PK","LK","GH","KE","NG","TZ","UG","AG","AM","BS","BB","BZ","BT","BW","BF","CV","CW","DM","FJ","GM","GE","GD","GW","GY","HT","JM","KI","LS","LR","MW","MV","ML","MH","FM","NA","NR","NE","PW","PG","PR","WS","SM","ST","SN","SC","SL","SB","KN","LC","VC","SR","TL","TO","TT","TV","VU","AZ","BN","BI","KH","CM","TD","KM","GQ","SZ","GA","GN","KG","LA","MO","MR","MN","NP","RW","TG","UZ","ZW","BJ","MG","MU","MZ","AO","CI","DJ","ZM","CD","CG","IQ","LY","TJ","VE","ET","XK"],"disc_number":1,"duration_ms":199354,"explicit":false,"external_urls":{"spotify":"https://open.spotify.com/track/5HJ3pxkmRSnDvqPgT8ZgG3"},"href":"https://api.spotify.com/v1/tracks/5HJ3pxkmRSnDvqPgT8ZgG3","id":"5HJ3pxkmRSnDvqPgT8ZgG3","name":"Gané Cuando Te Perdí","preview_url":null,"track_number":1,"type":"track","uri":"spotify:track:5HJ3pxkmRSnDvqPgT8ZgG3","is_local":false},{"artists":[{"external_urls":{"spotify":"https://open.spotify.com/artist/18dspUI6gqabm5XCC2RcUD"},"href":"https://api.spotify.com/v1/artists/18dspUI6gqabm5XCC2RcUD","id":"18dspUI6gqabm5XCC2RcUD","name":"SOG","type":"artist","uri":"spotify:artist:18dspUI6gqabm5XCC2RcUD"},{"external_urls":{"spotify":"https://open.spotify.com/artist/5IYRfypwG9BDDh5ZRPI80z"},"href":"https://api.spotify.com/v1/artists/5IYRfypwG9BDDh5ZRPI80z","id":"5IYRfypwG9BDDh5ZRPI80z","name":"Totoy El Frio","type":"artist","uri":"spotify:artist:5IYRfypwG9BDDh5ZRPI80z"},{"external_urls":{"spotify":"https://open.spotify.com/artist/7DXregrznS25AM30UY9sUU"},"href":"https://api.spotify.com/v1/artists/7DXregrznS25AM30UY9sUU","id":"7DXregrznS25AM30UY9sUU","name":"King Savagge","type":"artist","uri":"spotify:artist:7DXregrznS25AM30UY9sUU"}],"available_markets":["AR","AU","AT","BE","BO","BR","BG","CA","CL","CO","CR","CY","CZ","DK","DO","DE","EC","EE","SV","FI","FR","GR","GT","HN","HK","HU","IS","IE","IT","LV","LT","LU","MY","MT","MX","NL","NZ","NI","NO","PA","PY","PE","PH","PL","PT","SG","SK","ES","SE","CH","TW","TR","UY","US","GB","AD","LI","MC","ID","JP","TH","VN","RO","IL","ZA","SA","AE","BH","QA","OM","KW","EG","MA","DZ","TN","LB","JO","PS","IN","KZ","MD","UA","AL","BA","HR","ME","MK","RS","SI","KR","BD","PK","LK","GH","KE","NG","TZ","UG","AG","AM","BS","BB","BZ","BT","BW","BF","CV","CW","DM","FJ","GM","GE","GD","GW","GY","HT","JM","KI","LS","LR","MW","MV","ML","MH","FM","NA","NR","NE","PW","PG","PR","WS","SM","ST","SN","SC","SL","SB","KN","LC","VC","SR","TL","TO","TT","TV","VU","AZ","BN","BI","KH","CM","TD","KM","GQ","SZ","GA","GN","KG","LA","MO","MR","MN","NP","RW","TG","UZ","ZW","BJ","MG","MU","MZ","AO","CI","DJ","ZM","CD","CG","IQ","LY","TJ","VE","ET","XK"],"disc_number":1,"duration_ms":202500,"explicit":true,"external_urls":{"spotify":"https://open.spotify.com/track/6DbrJIfX7SW0orI2htf0eB"},"href":"https://api.spotify.com/v1/tracks/6DbrJIfX7SW0orI2htf0eB","id":"6DbrJIfX7SW0orI2htf0eB","name":"En Hebreo","preview_url":null,"track_number":2,"type":"track","uri":"spotify:track:6DbrJIfX7SW0orI2htf0eB","is_local":false},{"artists":[{"external_urls":{"spotify":"https://open.spotify.com/artist/18dspUI6gqabm5XCC2RcUD"},"href":"https://api.spotify.com/v1/artists/18dspUI6gqabm5XCC2RcUD","id":"18dspUI6gqabm5XCC2RcUD","name":"SOG","type":"artist","uri":"spotify:artist:18dspUI6gqabm5XCC2RcUD"},{"external_urls":{"spotify":"https://open.spotify.com/artist/4NGOJedxkGWwkbB5QiSJd1"},"href":"https://api.spotify.com/v1/artists/4NGOJedxkGWwkbB5QiSJd1","id":"4NGOJedxkGWwkbB5QiSJd1","name":"Jhay P","type":"artist","uri":"spotify:artist:4NGOJedxkGWwkbB5QiSJd1"},{"external_urls":{"spotify":"https://open.spotify.com/artist/72JO7MqhlJuMCwkx4w8Afr"},"href":"https://api.spotify.com/v1/artists/72JO7MqhlJuMCwkx4w8Afr","id":"72JO7MqhlJuMCwkx4w8Afr","name":"Jey F","type":"artist","uri":"spotify:artist:72JO7MqhlJuMCwkx4w8Afr"}],"available_markets":["AR","AU","AT","BE","BO","BR","BG","CA","CL","CO","CR","CY","CZ","DK","DO","DE","EC","EE","SV","FI","FR","GR","GT","HN","HK","HU","IS","IE","IT","LV","LT","LU","MY","MT","MX","NL","NZ","NI","NO","PA","PY","PE","PH","PL","PT","SG","SK","ES","SE","CH","TW","TR","UY","US","GB","AD","LI","MC","ID","JP","TH","VN","RO","IL","ZA","SA","AE","BH","QA","OM","KW","EG","MA","DZ","TN","LB","JO","PS","IN","KZ","MD","UA","AL","BA","HR","ME","MK","RS","SI","KR","BD","PK","LK","GH","KE","NG","TZ","UG","AG","AM","BS","BB","BZ","BT","BW","BF","CV","CW","DM","FJ","GM","GE","GD","GW","GY","HT","JM","KI","LS","LR","MW","MV","ML","MH","FM","NA","NR","NE","PW","PG","PR","WS","SM","ST","SN","SC","SL","SB","KN","LC","VC","SR","TL","TO","TT","TV","VU","AZ","BN","BI","KH","CM","TD","KM","GQ","SZ","GA","GN","KG","LA","MO","MR","MN","NP","RW","TG","UZ","ZW","BJ","MG","MU","MZ","AO","CI","DJ","ZM","CD","CG","IQ","LY","TJ","VE","ET","XK"],"disc_number":1,"duration_ms":159183,"explicit":true,"external_urls":{"spotify":"https://open.spotify.com/track/7q9Z9sIQJjJzqwuBQIwbTL"},"href":"https://api.spotify.com/v1/tracks/7q9Z9sIQJjJzqwuBQIwbTL","id":"7q9Z9sIQJjJzqwuBQIwbTL","name":"Blones En La Boca","preview_url":null,"track_number":3,"type":"track","uri":"spotify:track:7q9Z9sIQJjJzqwuBQIwbTL","is_local":false},{"artists":[{"external_urls":{"spotify":"https://open.spotify.com/artist/18dspUI6gqabm5XCC2RcUD"},"href":"https://api.spotify.com/v1/artists/18dspUI6gqabm5XCC2RcUD","id":"18dspUI6gqabm5XCC2RcUD","name":"SOG","type":"artist","uri":"spotify:artist:18dspUI6gqabm5XCC2RcUD"},{"external_urls":{"spotify":"https://open.spotify.com/artist/1TtXnWcUs0FCkaZDPGYHdf"},"href":"https://api.spotify.com/v1/artists/1TtXnWcUs0FCkaZDPGYHdf","id":"1TtXnWcUs0FCkaZDPGYHdf","name":"Darell","type":"artist","uri":"spotify:artist:1TtXnWcUs0FCkaZDPGYHdf"}],"available_markets":["AR","AU","AT","BE","BO","BR","BG","CA","CL","CO","CR","CY","CZ","DK","DO","DE","EC","EE","SV","FI","FR","GR","GT","HN","HK","HU","IS","IE","IT","LV","LT","LU","MY","MT","MX","NL","NZ","NI","NO","PA","PY","PE","PH","PL","PT","SG","SK","ES","SE","CH","TW","TR","UY","US","GB","AD","LI","MC","ID","JP","TH","VN","RO","IL","ZA","SA","AE","BH","QA","OM","KW","EG","MA","DZ","TN","LB","JO","PS","IN","KZ","MD","UA","AL","BA","HR","ME","MK","RS","SI","KR","BD","PK","LK","GH","KE","NG","TZ","UG","AG","AM","BS","BB","BZ","BT","BW","BF","CV","CW","DM","FJ","GM","GE","GD","GW","GY","HT","JM","KI","LS","LR","MW","MV","ML","MH","FM","NA","NR","NE","PW","PG","PR","WS","SM","ST","SN","SC","SL","SB","KN","LC","VC","SR","TL","TO","TT","TV","VU","AZ","BN","BI","KH","CM","TD","KM","GQ","SZ","GA","GN","KG","LA","MO","MR","MN","NP","RW","TG","UZ","ZW","BJ","MG","MU","MZ","AO","CI","DJ","ZM","CD","CG","IQ","LY","TJ","VE","ET","XK"],"disc_number":1,"duration_ms":218877,"explicit":true,"external_urls":{"spotify":"https://open.spotify.com/track/3yaxSH1bwc8N9ITC4RReyp"},"href":"https://api.spotify.com/v1/tracks/3yaxSH1bwc8N9ITC4RReyp","id":"3yaxSH1bwc8N9ITC4RReyp","name":"Cazador","preview_url":null,"track_number":4,"type":"track","uri":"spotify:track:3yaxSH1bwc8N9ITC4RReyp","is_local":false},{"artists":[{"external_urls":{"spotify":"https://open.spotify.com/artist/18dspUI6gqabm5XCC2RcUD"},"href":"https://api.spotify.com/v1/artists/18dspUI6gqabm5XCC2RcUD","id":"18dspUI6gqabm5XCC2RcUD","name":"SOG","type":"artist","uri":"spotify:artist:18dspUI6gqabm5XCC2RcUD"},{"external_urls":{"spotify":"https://open.spotify.com/artist/0dUyjgCyjfj5eMx6bX2TWf"},"href":"https://api.spotify.com/v1/artists/0dUyjgCyjfj5eMx6bX2TWf","id":"0dUyjgCyjfj5eMx6bX2TWf","name":"FMK","type":"artist","uri":"spotify:artist:0dUyjgCyjfj5eMx6bX2TWf"},{"external_urls":{"spotify":"https://open.spotify.com/artist/6ndLrsgT3MV5CNxIrW71fw"},"href":"https://api.spotify.com/v1/artists/6ndLrsgT3MV5CNxIrW71fw","id":"6ndLrsgT3MV5CNxIrW71fw","name":"DFZM","type":"artist","uri":"spotify:artist:6ndLrsgT3MV5CNxIrW71fw"}],"available_markets":["AR","AU","AT","BE","BO","BR","BG","CA","CL","CO","CR","CY","CZ","DK","DO","DE","EC","EE","SV","FI","FR","GR","GT","HN","HK","HU","IS","IE","IT","LV","LT","LU","MY","MT","MX","NL","NZ","NI","NO","PA","PY","PE","PH","PL","PT","SG","SK","ES","SE","CH","TW","TR","UY","US","GB","AD","LI","MC","ID","JP","TH","VN","RO","IL","ZA","SA","AE","BH","QA","OM","KW","EG","MA","DZ","TN","LB","JO","PS","IN","KZ","MD","UA","AL","BA","HR","ME","MK","RS","SI","KR","BD","PK","LK","GH","KE","NG","TZ","UG","AG","AM","BS","BB","BZ","BT","BW","BF","CV","CW","DM","FJ","GM","GE","GD","GW","GY","HT","JM","KI","LS","LR","MW","MV","ML","MH","FM","NA","NR","NE","PW","PG","PR","WS","SM","ST","SN","SC","SL","SB","KN","LC","VC","SR","TL","TO","TT","TV","VU","AZ","BN","BI","KH","CM","TD","KM","GQ","SZ","GA","GN","KG","LA","MO","MR","MN","NP","RW","TG","UZ","ZW","BJ","MG","MU","MZ","AO","CI","DJ","ZM","CD","CG","IQ","LY","TJ","VE","ET","XK"],"disc_number":1,"duration_ms":190515,"explicit":true,"external_urls":{"spotify":"https://open.spotify.com/track/0vRbONKymtBHMyKplGjNRn"},"href":"https://api.spotify.com/v1/tracks/0vRbONKymtBHMyKplGjNRn","id":"0vRbONKymtBHMyKplGjNRn","name":"IG","preview_url":null,"track_number":5,"type":"track","uri":"spotify:track:0vRbONKymtBHMyKplGjNRn","is_local":false},{"artists":[{"external_urls":{"spotify":"https://open.spotify.com/artist/18dspUI6gqabm5XCC2RcUD"},"href":"https://api.spotify.com/v1/artists/18dspUI6gqabm5XCC2RcUD","id":"18dspUI6gqabm5XCC2RcUD","name":"SOG","type":"artist","uri":"spotify:artist:18dspUI6gqabm5XCC2RcUD"},{"external_urls":{"spotify":"https://open.spotify.com/artist/2xmhyxkjpGNBeWXVMeVWHb"},"href":"https://api.spotify.com/v1/artists/2xmhyxkjpGNBeWXVMeVWHb","id":"2xmhyxkjpGNBeWXVMeVWHb","name":"Rayo & Toby","type":"artist","uri":"spotify:artist:2xmhyxkjpGNBeWXVMeVWHb"},{"external_urls":{"spotify":"https://open.spotify.com/artist/4MvQy0WYny2XpZdGzpxZzN"},"href":"https://api.spotify.com/v1/artists/4MvQy0WYny2XpZdGzpxZzN","id":"4MvQy0WYny2XpZdGzpxZzN","name":"Lion Fiah","type":"artist","uri":"spotify:artist:4MvQy0WYny2XpZdGzpxZzN"}],"available_markets":["AR","AU","AT","BE","BO","BR","BG","CA","CL","CO","CR","CY","CZ","DK","DO","DE","EC","EE","SV","FI","FR","GR","GT","HN","HK","HU","IS","IE","IT","LV","LT","LU","MY","MT","MX","NL","NZ","NI","NO","PA","PY","PE","PH","PL","PT","SG","SK","ES","SE","CH","TW","TR","UY","US","GB","AD","LI","MC","ID","JP","TH","VN","RO","IL","ZA","SA","AE","BH","QA","OM","KW","EG","MA","DZ","TN","LB","JO","PS","IN","KZ","MD","UA","AL","BA","HR","ME","MK","RS","SI","KR","BD","PK","LK","GH","KE","NG","TZ","UG","AG","AM","BS","BB","BZ","BT","BW","BF","CV","CW","DM","FJ","GM","GE","GD","GW","GY","HT","JM","KI","LS","LR","MW","MV","ML","MH","FM","NA","NR","NE","PW","PG","PR","WS","SM","ST","SN","SC","SL","SB","KN","LC","VC","SR","TL","TO","TT","TV","VU","AZ","BN","BI","KH","CM","TD","KM","GQ","SZ","GA","GN","KG","LA","MO","MR","MN","NP","RW","TG","UZ","ZW","BJ","MG","MU","MZ","AO","CI","DJ","ZM","CD","CG","IQ","LY","TJ","VE","ET","XK"],"disc_number":1,"duration_ms":157241,"explicit":true,"external_urls":{"spotify":"https://open.spotify.com/track/6pwDugz0rQdOakUf8KxOYj"},"href":"https://api.spotify.com/v1/tracks/6pwDugz0rQdOakUf8KxOYj","id":"6pwDugz0rQdOakUf8KxOYj","name":"Los Juguetes","preview_url":null,"track_number":6,"type":"track","uri":"spotify:track:6pwDugz0rQdOakUf8KxOYj","is_local":false},{"artists":[{"external_urls":{"spotify":"https://open.spotify.com/artist/18dspUI6gqabm5XCC2RcUD"},"href":"https://api.spotify.com/v1/artists/18dspUI6gqabm5XCC2RcUD","id":"18dspUI6gqabm5XCC2RcUD","name":"SOG","type":"artist","uri":"spotify:artist:18dspUI6gqabm5XCC2RcUD"},{"external_urls":{"spotify":"https://open.spotify.com/artist/5hdhHgpxyniooUiQVaPxQ0"},"href":"https://api.spotify.com/v1/artists/5hdhHgpxyniooUiQVaPxQ0","id":"5hdhHgpxyniooUiQVaPxQ0","name":"Nio Garcia","type":"artist","uri":"spotify:artist:5hdhHgpxyniooUiQVaPxQ0"}],"available_markets":["AR","AU","AT","BE","BO","BR","BG","CA","CL","CO","CR","CY","CZ","DK","DO","DE","EC","EE","SV","FI","FR","GR","GT","HN","HK","HU","IS","IE","IT","LV","LT","LU","MY","MT","MX","NL","NZ","NI","NO","PA","PY","PE","PH","PL","PT","SG","SK","ES","SE","CH","TW","TR","UY","US","GB","AD","LI","MC","ID","JP","TH","VN","RO","IL","ZA","SA","AE","BH","QA","OM","KW","EG","MA","DZ","TN","LB","JO","PS","IN","KZ","MD","UA","AL","BA","HR","ME","MK","RS","SI","KR","BD","PK","LK","GH","KE","NG","TZ","UG","AG","AM","BS","BB","BZ","BT","BW","BF","CV","CW","DM","FJ","GM","GE","GD","GW","GY","HT","JM","KI","LS","LR","MW","MV","ML","MH","FM","NA","NR","NE","PW","PG","PR","WS","SM","ST","SN","SC","SL","SB","KN","LC","VC","SR","TL","TO","TT","TV","VU","AZ","BN","BI","KH","CM","TD","KM","GQ","SZ","GA","GN","KG","LA","MO","MR","MN","NP","RW","TG","UZ","ZW","BJ","MG","MU","MZ","AO","CI","DJ","ZM","CD","CG","IQ","LY","TJ","VE","ET","XK"],"disc_number":1,"duration_ms":180618,"explicit":true,"external_urls":{"spotify":"https://open.spotify.com/track/4E49ghc58Yplm2jG1IlE3O"},"href":"https://api.spotify.com/v1/tracks/4E49ghc58Yplm2jG1IlE3O","id":"4E49ghc58Yplm2jG1IlE3O","name":"Te Conviene","preview_url":null,"track_number":7,"type":"track","uri":"spotify:track:4E49ghc58Yplm2jG1IlE3O","is_local":false},{"artists":[{"external_urls":{"spotify":"https://open.spotify.com/artist/18dspUI6gqabm5XCC2RcUD"},"href":"https://api.spotify.com/v1/artists/18dspUI6gqabm5XCC2RcUD","id":"18dspUI6gqabm5XCC2RcUD","name":"SOG","type":"artist","uri":"spotify:artist:18dspUI6gqabm5XCC2RcUD"},{"external_urls":{"spotify":"https://open.spotify.com/artist/4i2al9gevm5K5OlbjqzcJs"},"href":"https://api.spotify.com/v1/artists/4i2al9gevm5K5OlbjqzcJs","id":"4i2al9gevm5K5OlbjqzcJs","name":"Peipper","type":"artist","uri":"spotify:artist:4i2al9gevm5K5OlbjqzcJs"},{"external_urls":{"spotify":"https://open.spotify.com/artist/2IhhVEifV7ntdvp2YmMIzg"},"href":"https://api.spotify.com/v1/artists/2IhhVEifV7ntdvp2YmMIzg","id":"2IhhVEifV7ntdvp2YmMIzg","name":"Reboll333","type":"artist","uri":"spotify:artist:2IhhVEifV7ntdvp2YmMIzg"}],"available_markets":["AR","AU","AT","BE","BO","BR","BG","CA","CL","CO","CR","CY","CZ","DK","DO","DE","EC","EE","SV","FI","FR","GR","GT","HN","HK","HU","IS","IE","IT","LV","LT","LU","MY","MT","MX","NL","NZ","NI","NO","PA","PY","PE","PH","PL","PT","SG","SK","ES","SE","CH","TW","TR","UY","US","GB","AD","LI","MC","ID","JP","TH","VN","RO","IL","ZA","SA","AE","BH","QA","OM","KW","EG","MA","DZ","TN","LB","JO","PS","IN","KZ","MD","UA","AL","BA","HR","ME","MK","RS","SI","KR","BD","PK","LK","GH","KE","NG","TZ","UG","AG","AM","BS","BB","BZ","BT","BW","BF","CV","CW","DM","FJ","GM","GE","GD","GW","GY","HT","JM","KI","LS","LR","MW","MV","ML","MH","FM","NA","NR","NE","PW","PG","PR","WS","SM","ST","SN","SC","SL","SB","KN","LC","VC","SR","TL","TO","TT","TV","VU","AZ","BN","BI","KH","CM","TD","KM","GQ","SZ","GA","GN","KG","LA","MO","MR","MN","NP","RW","TG","UZ","ZW","BJ","MG","MU","MZ","AO","CI","DJ","ZM","CD","CG","IQ","LY","TJ","VE","ET","XK"],"disc_number":1,"duration_ms":214800,"explicit":true,"external_urls":{"spotify":"https://open.spotify.com/track/2feK2pdoTwA7a7Ojh2o5wM"},"href":"https://api.spotify.com/v1/tracks/2feK2pdoTwA7a7Ojh2o5wM","id":"2feK2pdoTwA7a7Ojh2o5wM","name":"Te Quise Tanto","preview_url":null,"track_number":8,"type":"track","uri":"spotify:track:2feK2pdoTwA7a7Ojh2o5wM","is_local":false},{"artists":[{"external_urls":{"spotify":"https://open.spotify.com/artist/18dspUI6gqabm5XCC2RcUD"},"href":"https://api.spotify.com/v1/artists/18dspUI6gqabm5XCC2RcUD","id":"18dspUI6gqabm5XCC2RcUD","name":"SOG","type":"artist","uri":"spotify:artist:18dspUI6gqabm5XCC2RcUD"},{"external_urls":{"spotify":"https://open.spotify.com/artist/1zo2ucFhzu58hKcniMpSQs"},"href":"https://api.spotify.com/v1/artists/1zo2ucFhzu58hKcniMpSQs","id":"1zo2ucFhzu58hKcniMpSQs","name":"Soley","type":"artist","uri":"spotify:artist:1zo2ucFhzu58hKcniMpSQs"},{"external_urls":{"spotify":"https://open.spotify.com/artist/680tleL97NcpJiib89V6UU"},"href":"https://api.spotify.com/v1/artists/680tleL97NcpJiib89V6UU","id":"680tleL97NcpJiib89V6UU","name":"Esteban Rojas","type":"artist","uri":"spotify:artist:680tleL97NcpJiib89V6UU"}],"available_markets":["AR","AU","AT","BE","BO","BR","BG","CA","CL","CO","CR","CY","CZ","DK","DO","DE","EC","EE","SV","FI","FR","GR","GT","HN","HK","HU","IS","IE","IT","LV","LT","LU","MY","MT","MX","NL","NZ","NI","NO","PA","PY","PE","PH","PL","PT","SG","SK","ES","SE","CH","TW","TR","UY","US","GB","AD","LI","MC","ID","JP","TH","VN","RO","IL","ZA","SA","AE","BH","QA","OM","KW","EG","MA","DZ","TN","LB","JO","PS","IN","KZ","MD","UA","AL","BA","HR","ME","MK","RS","SI","KR","BD","PK","LK","GH","KE","NG","TZ","UG","AG","AM","BS","BB","BZ","BT","BW","BF","CV","CW","DM","FJ","GM","GE","GD","GW","GY","HT","JM","KI","LS","LR","MW","MV","ML","MH","FM","NA","NR","NE","PW","PG","PR","WS","SM","ST","SN","SC","SL","SB","KN","LC","VC","SR","TL","TO","TT","TV","VU","AZ","BN","BI","KH","CM","TD","KM","GQ","SZ","GA","GN","KG","LA","MO","MR","MN","NP","RW","TG","UZ","ZW","BJ","MG","MU","MZ","AO","CI","DJ","ZM","CD","CG","IQ","LY","TJ","VE","ET","XK"],"disc_number":1,"duration_ms":194526,"explicit":true,"external_urls":{"spotify":"https://open.spotify.com/track/2BDCNX7uoYwdkVeWGX3F1A"},"href":"https://api.spotify.com/v1/tracks/2BDCNX7uoYwdkVeWGX3F1A","id":"2BDCNX7uoYwdkVeWGX3F1A","name":"Pa Que Te Duela","preview_url":null,"track_number":9,"type":"track","uri":"spotify:track:2BDCNX7uoYwdkVeWGX3F1A","is_local":false},{"artists":[{"external_urls":{"spotify":"https://open.spotify.com/artist/18dspUI6gqabm5XCC2RcUD"},"href":"https://api.spotify.com/v1/artists/18dspUI6gqabm5XCC2RcUD","id":"18dspUI6gqabm5XCC2RcUD","name":"SOG","type":"artist","uri":"spotify:artist:18dspUI6gqabm5XCC2RcUD"},{"external_urls":{"spotify":"https://open.spotify.com/artist/3Br3yFwx1NRBArrlOxbf87"},"href":"https://api.spotify.com/v1/artists/3Br3yFwx1NRBArrlOxbf87","id":"3Br3yFwx1NRBArrlOxbf87","name":"Yessie","type":"artist","uri":"spotify:artist:3Br3yFwx1NRBArrlOxbf87"},{"external_urls":{"spotify":"https://open.spotify.com/artist/7xVUa8mqwCgdu4mQn3geCY"},"href":"https://api.spotify.com/v1/artists/7xVUa8mqwCgdu4mQn3geCY","id":"7xVUa8mqwCgdu4mQn3geCY","name":"DIA","type":"artist","uri":"spotify:artist:7xVUa8mqwCgdu4mQn3geCY"}],"available_markets":["AR","AU","AT","BE","BO","BR","BG","CA","CL","CO","CR","CY","CZ","DK","DO","DE","EC","EE","SV","FI","FR","GR","GT","HN","HK","HU","IS","IE","IT","LV","LT","LU","MY","MT","MX","NL","NZ","NI","NO","PA","PY","PE","PH","PL","PT","SG","SK","ES","SE","CH","TW","TR","UY","US","GB","AD","LI","MC","ID","JP","TH","VN","RO","IL","ZA","SA","AE","BH","QA","OM","KW","EG","MA","DZ","TN","LB","JO","PS","IN","KZ","MD","UA","AL","BA","HR","ME","MK","RS","SI","KR","BD","PK","LK","GH","KE","NG","TZ","UG","AG","AM","BS","BB","BZ","BT","BW","BF","CV","CW","DM","FJ","GM","GE","GD","GW","GY","HT","JM","KI","LS","LR","MW","MV","ML","MH","FM","NA","NR","NE","PW","PG","PR","WS","SM","ST","SN","SC","SL","SB","KN","LC","VC","SR","TL","TO","TT","TV","VU","AZ","BN","BI","KH","CM","TD","KM","GQ","SZ","GA","GN","KG","LA","MO","MR","MN","NP","RW","TG","UZ","ZW","BJ","MG","MU","MZ","AO","CI","DJ","ZM","CD","CG","IQ","LY","TJ","VE","ET","XK"],"disc_number":1,"duration_ms":185816,"explicit":true,"external_urls":{"spotify":"https://open.spotify.com/track/50lahWbGXpraoaaq7l3kGN"},"href":"https://api.spotify.com/v1/tracks/50lahWbGXpraoaaq7l3kGN","id":"50lahWbGXpraoaaq7l3kGN","name":"Una Como Yo (feat. DIA)","preview_url":null,"track_number":10,"type":"track","uri":"spotify:track:50lahWbGXpraoaaq7l3kGN","is_local":false}]},"copyrights":[{"text":"© 2024 Warner Music México, S.A. de C.V.","type":"C"},{"text":"℗ 2024 Warner Music México, S.A. de C.V.","type":"P"}],"external_ids":{"upc":"5021732582034"},"genres":[],"label":"WM Mexico","popularity":31},{"album_type":"album","total_tracks":12,"available_markets":["AR","AU","AT","BE","BO","BR","BG","CA","CL","CO","CR","CY","CZ","DK","DO","DE","EC","EE","SV","FI","FR","GR","GT","HN","HK","HU","IS","IE","IT","LV","LT","LU","MY","MT","MX","NL","NZ","NI","NO","PA","PY","PE","PH","PL","PT","SG","SK","ES","SE","CH","TW","TR","UY","US","GB","AD","LI","MC","ID","JP","TH","VN","RO","IL","ZA","SA","AE","BH","QA","OM","KW","EG","MA","DZ","TN","LB","JO","PS","IN","KZ","MD","UA","AL","BA","HR","ME","MK","RS","SI","BD","PK","LK","GH","KE","NG","TZ","UG","AG","AM","BS","BB","BZ","BT","BW","BF","CV","CW","DM","FJ","GM","GE","GD","GW","GY","HT","JM","KI","LS","LR","MW","MV","ML","MH","FM","NA","NR","NE","PW","PG","PR","WS","SM","ST","SN","SC","SL","SB","KN","LC","VC","SR","TL","TO","TT","TV","VU","AZ","BN","BI","KH","CM","TD","KM","GQ","SZ","GA","GN","KG","LA","MO","MR","MN","NP","RW","TG","UZ","ZW","BJ","MG","MU","MZ","AO","CI","DJ","ZM","CD","CG","IQ","LY","TJ","VE","ET","XK"],"external_urls":{"spotify":"https://open.spotify.com/album/7kFyd5oyJdVX2pIi6P4iHE"},"href":"https://api.spotify.com/v1/albums/7kFyd5oyJdVX2pIi6P4iHE","id":"7kFyd5oyJdVX2pIi6P4iHE","images":[{"url":"https://i.scdn.co/image/ab67616d0000b2735074bd0894cb1340b8d8a678","height":640,"width":640},{"url":"https://i.scdn.co/image/ab67616d00001e025074bd0894cb1340b8d8a678","height":300,"width":300},{"url":"https://i.scdn.co/image/ab67616d000048515074bd0894cb1340b8d8a678","height":64,"width":64}],"name":"rosie","release_date":"2024-12-06","release_date_precision":"day","type":"album","uri":"spotify:album:7kFyd5oyJdVX2pIi6P4iHE","artists":[{"external_urls":{"spotify":"https://open.spotify.com/artist/3eVa5w3URK5duf6eyVDbu9"},"href":"https://api.spotify.com/v1/artists/3eVa5w3URK5duf6eyVDbu9","id":"3eVa5w3URK5duf6eyVDbu9","name":"ROSÉ","type":"artist","uri":"spotify:artist:3eVa5w3URK5duf6eyVDbu9"}],"tracks":{"href":"https://api.spotify.com/v1/albums/7kFyd5oyJdVX2pIi6P4iHE/tracks?offset=0&limit=50","limit":50,"next":null,"offset":0,"previous":null,"total":12,"items":[{"artists":[{"external_urls":{"spotify":"https://open.spotify.com/artist/3eVa5w3URK5duf6eyVDbu9"},"href":"https://api.spotify.com/v1/artists/3eVa5w3URK5duf6eyVDbu9","id":"3eVa5w3URK5duf6eyVDbu9","name":"ROSÉ","type":"artist","uri":"spotify:artist:3eVa5w3URK5duf6eyVDbu9"}],"available_markets":["AR","AU","AT","BE","BO","BR","BG","CA","CL","CO","CR","CY","CZ","DK","DO","DE","EC","EE","SV","FI","FR","GR","GT","HN","HK","HU","IS","IE","IT","LV","LT","LU","MY","MT","MX","NL","NZ","NI","NO","PA","PY","PE","PH","PL","PT","SG","SK","ES","SE","CH","TW","TR","UY","US","GB","AD","LI","MC","ID","JP","TH","VN","RO","IL","ZA","SA","AE","BH","QA","OM","KW","EG","MA","DZ","TN","LB","JO","PS","IN","KZ","MD","UA","AL","BA","HR","ME","MK","RS","SI","BD","PK","LK","GH","KE","NG","TZ","UG","AG","AM","BS","BB","BZ","BT","BW","BF","CV","CW","DM","FJ","GM","GE","GD","GW","GY","HT","JM","KI","LS","LR","MW","MV","ML","MH","FM","NA","NR","NE","PW","PG","PR","WS","SM","ST","SN","SC","SL","SB","KN","LC","VC","SR","TL","TO","TT","TV","VU","AZ","BN","BI","KH","CM","TD","KM","GQ","SZ","GA","GN","KG","LA","MO","MR","MN","NP","RW","TG","UZ","ZW","BJ","MG","MU","MZ","AO","CI","DJ","ZM","CD","CG","IQ","LY","TJ","VE","ET","XK"],"disc_number":1,"duration_ms":216442,"explicit":false,"external_urls":{"spotify":"https://open.spotify.com/track/1lcBt7LoEikqYmhUoa2cez"},"href":"https://api.spotify.com/v1/tracks/1lcBt7LoEikqYmhUoa2cez","id":"1lcBt7LoEikqYmhUoa2cez","name":"number one girl","preview_url":null,"track_number":1,"type":"track","uri":"spotify:track:1lcBt7LoEikqYmhUoa2cez","is_local":false},{"artists":[{"external_urls":{"spotify":"https://open.spotify.com/artist/3eVa5w3URK5duf6eyVDbu9"},"href":"https://api.spotify.com/v1/artists/3eVa5w3URK5duf6eyVDbu9","id":"3eVa5w3URK5duf6eyVDbu9","name":"ROSÉ","type":"artist","uri":"spotify:artist:3eVa5w3URK5duf6eyVDbu9"}],"available_markets":["AR","AU","AT","BE","BO","BR","BG","CA","CL","CO","CR","CY","CZ","DK","DO","DE","EC","EE","SV","FI","FR","GR","GT","HN","HK","HU","IS","IE","IT","LV","LT","LU","MY","MT","MX","NL","NZ","NI","NO","PA","PY","PE","PH","PL","PT","SG","SK","ES","SE","CH","TW","TR","UY","US","GB","AD","LI","MC","ID","JP","TH","VN","RO","IL","ZA","SA","AE","BH","QA","OM","KW","EG","MA","DZ","TN","LB","JO","PS","IN","KZ","MD","UA","AL","BA","HR","ME","MK","RS","SI","BD","PK","LK","GH","KE","NG","TZ","UG","AG","AM","BS","BB","BZ","BT","BW","BF","CV","CW","DM","FJ","GM","GE","GD","GW","GY","HT","JM","KI","LS","LR","MW","MV","ML","MH","FM","NA","NR","NE","PW","PG","PR","WS","SM","ST","SN","SC","SL","SB","KN","LC","VC","SR","TL","TO","TT","TV","VU","AZ","BN","BI","KH","CM","TD","KM","GQ","SZ","GA","GN","KG","LA","MO","MR","MN","NP","RW","TG","UZ","ZW","BJ","MG","MU","MZ","AO","CI","DJ","ZM","CD","CG","IQ","LY","TJ","VE","ET","XK"],"disc_number":1,"duration_ms":154050,"explicit":false,"external_urls":{"spotify":"https://open.spotify.com/track/3y4q6bBdbXsTIaPiwiiUfy"},"href":"https://api.spotify.com/v1/tracks/3y4q6bBdbXsTIaPiwiiUfy","id":"3y4q6bBdbXsTIaPiwiiUfy","name":"3am","preview_url":null,"track_number":2,"type":"track","uri":"spotify:track:3y4q6bBdbXsTIaPiwiiUfy","is_local":false},{"artists":[{"external_urls":{"spotify":"https://open.spotify.com/artist/3eVa5w3URK5duf6eyVDbu9"},"href":"https://api.spotify.com/v1/artists/3eVa5w3URK5duf6eyVDbu9","id":"3eVa5w3URK5duf6eyVDbu9","name":"ROSÉ","type":"artist","uri":"spotify:artist:3eVa5w3URK5duf6eyVDbu9"}],"available_markets":["AR","AU","AT","BE","BO","BR","BG","CA","CL","CO","CR","CY","CZ","DK","DO","DE","EC","EE","SV","FI","FR","GR","GT","HN","HK","HU","IS","IE","IT","LV","LT","LU","MY","MT","MX","NL","NZ","NI","NO","PA","PY","PE","PH","PL","PT","SG","SK","ES","SE","CH","TW","TR","UY","US","GB","AD","LI","MC","ID","JP","TH","VN","RO","IL","ZA","SA","AE","BH","QA","OM","KW","EG","MA","DZ","TN","LB","JO","PS","IN","KZ","MD","UA","AL","BA","HR","ME","MK","RS","SI","BD","PK","LK","GH","KE","NG","TZ","UG","AG","AM","BS","BB","BZ","BT","BW","BF","CV","CW","DM","FJ","GM","GE","GD","GW","GY","HT","JM","KI","LS","LR","MW","MV","ML","MH","FM","NA","NR","NE","PW","PG","PR","WS","SM","ST","SN","SC","SL","SB","KN","LC","VC","SR","TL","TO","TT","TV","VU","AZ","BN","BI","KH","CM","TD","KM","GQ","SZ","GA","GN","KG","LA","MO","MR","MN","NP","RW","TG","UZ","ZW","BJ","MG","MU","MZ","AO","CI","DJ","ZM","CD","CG","IQ","LY","TJ","VE","ET","XK"],"disc_number":1,"duration_ms":167748,"explicit":false,"external_urls":{"spotify":"https://open.spotify.com/track/4HxGH28DitgAuuKpEVrLzN"},"href":"https://api.spotify.com/v1/tracks/4HxGH28DitgAuuKpEVrLzN","id":"4HxGH28DitgAuuKpEVrLzN","name":"two years","preview_url":null,"track_number":3,"type":"track","uri":"spotify:track:4HxGH28DitgAuuKpEVrLzN","is_local":false},{"artists":[{"external_urls":{"spotify":"https://open.spotify.com/artist/3eVa5w3URK5duf6eyVDbu9"},"href":"https://api.spotify.com/v1/artists/3eVa5w3URK5duf6eyVDbu9","id":"3eVa5w3URK5duf6eyVDbu9","name":"ROSÉ","type":"artist","uri":"spotify:artist:3eVa5w3URK5duf6eyVDbu9"}],"available_markets":["AR","AU","AT","BE","BO","BR","BG","CA","CL","CO","CR","CY","CZ","DK","DO","DE","EC","EE","SV","FI","FR","GR","GT","HN","HK","HU","IS","IE","IT","LV","LT","LU","MY","MT","MX","NL","NZ","NI","NO","PA","PY","PE","PH","PL","PT","SG","SK","ES","SE","CH","TW","TR","UY","US","GB","AD","LI","MC","ID","JP","TH","VN","RO","IL","ZA","SA","AE","BH","QA","OM","KW","EG","MA","DZ","TN","LB","JO","PS","IN","KZ","MD","UA","AL","BA","HR","ME","MK","RS","SI","BD","PK","LK","GH","KE","NG","TZ","UG","AG","AM","BS","BB","BZ","BT","BW","BF","CV","CW","DM","FJ","GM","GE","GD","GW","GY","HT","JM","KI","LS","LR","MW","MV","ML","MH","FM","NA","NR","NE","PW","PG","PR","WS","SM","ST","SN","SC","SL","SB","KN","LC","VC","SR","TL","TO","TT","TV","VU","AZ","BN","BI","KH","CM","TD","KM","GQ","SZ","GA","GN","KG","LA","MO","MR","MN","NP","RW","TG","UZ","ZW","BJ","MG","MU","MZ","AO","CI","DJ","ZM","CD","CG","IQ","LY","TJ","VE","ET","XK"],"disc_number":1,"duration_ms":156685,"explicit":false,"external_urls":{"spotify":"https://open.spotify.com/track/1z5ebC9238uGoBgzYyvGpQ"},"href":"https://api.spotify.com/v1/tracks/1z5ebC9238uGoBgzYyvGpQ","id":"1z5ebC9238uGoBgzYyvGpQ","name":"toxic till the end","preview_url":null,"track_number":4,"type":"track","uri":"spotify:track:1z5ebC9238uGoBgzYyvGpQ","is_local":false},{"artists":[{"external_urls":{"spotify":"https://open.spotify.com/artist/3eVa5w3URK5duf6eyVDbu9"},"href":"https://api.spotify.com/v1/artists/3eVa5w3URK5duf6eyVDbu9","id":"3eVa5w3URK5duf6eyVDbu9","name":"ROSÉ","type":"artist","uri":"spotify:artist:3eVa5w3URK5duf6eyVDbu9"}],"available_markets":["AR","AU","AT","BE","BO","BR","BG","CA","CL","CO","CR","CY","CZ","DK","DO","DE","EC","EE","SV","FI","FR","GR","GT","HN","HK","HU","IS","IE","IT","LV","LT","LU","MY","MT","MX","NL","NZ","NI","NO","PA","PY","PE","PH","PL","PT","SG","SK","ES","SE","CH","TW","TR","UY","US","GB","AD","LI","MC","ID","JP","TH","VN","RO","IL","ZA","SA","AE","BH","QA","OM","KW","EG","MA","DZ","TN","LB","JO","PS","IN","KZ","MD","UA","AL","BA","HR","ME","MK","RS","SI","BD","PK","LK","GH","KE","NG","TZ","UG","AG","AM","BS","BB","BZ","BT","BW","BF","CV","CW","DM","FJ","GM","GE","GD","GW","GY","HT","JM","KI","LS","LR","MW","MV","ML","MH","FM","NA","NR","NE","PW","PG","PR","WS","SM","ST","SN","SC","SL","SB","KN","LC","VC","SR","TL","TO","TT","TV","VU","AZ","BN","BI","KH","CM","TD","KM","GQ","SZ","GA","GN","KG","LA","MO","MR","MN","NP","RW","TG","UZ","ZW","BJ","MG","MU","MZ","AO","CI","DJ","ZM","CD","CG","IQ","LY","TJ","VE","ET","XK"],"disc_number":1,"duration_ms":133113,"explicit":false,"external_urls":{"spotify":"https://open.spotify.com/track/3fpWkbEZMP1BgOOfymwoaS"},"href":"https://api.spotify.com/v1/tracks/3fpWkbEZMP1BgOOfymwoaS","id":"3fpWkbEZMP1BgOOfymwoaS","name":"drinks or coffee","preview_url":null,"track_number":5,"type":"track","uri":"spotify:track:3fpWkbEZMP1BgOOfymwoaS","is_local":false},{"artists":[{"external_urls":{"spotify":"https://open.spotify.com/artist/3eVa5w3URK5duf6eyVDbu9"},"href":"https://api.spotify.com/v1/artists/3eVa5w3URK5duf6eyVDbu9","id":"3eVa5w3URK5duf6eyVDbu9","name":"ROSÉ","type":"artist","uri":"spotify:artist:3eVa5w3URK5duf6eyVDbu9"},{"external_urls":{"spotify":"https://open.spotify.com/artist/0du5cEVh5yTK9QJze8zA0C"},"href":"https://api.spotify.com/v1/artists/0du5cEVh5yTK9QJze8zA0C","id":"0du5cEVh5yTK9QJze8zA0C","name":"Bruno Mars","type":"artist","uri":"spotify:artist:0du5cEVh5yTK9QJze8zA0C"}],"available_markets":["AR","AU","AT","BE","BO","BR","BG","CA","CL","CO","CR","CY","CZ","DK","DO","DE","EC","EE","SV","FI","FR","GR","GT","HN","HK","HU","IS","IE","IT","LV","LT","LU","MY","MT","MX","NL","NZ","NI","NO","PA","PY","PE","PH","PL","PT","SG","SK","ES","SE","CH","TW","TR","UY","US","GB","AD","LI","MC","ID","JP","TH","VN","RO","IL","ZA","SA","AE","BH","QA","OM","KW","EG","MA","DZ","TN","LB","JO","PS","IN","KZ","MD","UA","AL","BA","HR","ME","MK","RS","SI","BD","PK","LK","GH","KE","NG","TZ","UG","AG","AM","BS","BB","BZ","BT","BW","BF","CV","CW","DM","FJ","GM","GE","GD","GW","GY","HT","JM","KI","LS","LR","MW","MV","ML","MH","FM","NA","NR","NE","PW","PG","PR","WS","SM","ST","SN","SC","SL","SB","KN","LC","VC","SR","TL","TO","TT","TV","VU","AZ","BN","BI","KH","CM","TD","KM","GQ","SZ","GA","GN","KG","LA","MO","MR","MN","NP","RW","TG","UZ","ZW","BJ","MG","MU","MZ","AO","CI","DJ","ZM","CD","CG","IQ","LY","TJ","VE","ET","XK"],"disc_number":1,"duration_ms":169917,"explicit":false,"external_urls":{"spotify":"https://open.spotify.com/track/4wJ5Qq0jBN4ajy7ouZIV1c"},"href":"https://api.spotify.com/v1/tracks/4wJ5Qq0jBN4ajy7ouZIV1c","id":"4wJ5Qq0jBN4ajy7ouZIV1c","name":"APT.","preview_url":null,"track_number":6,"type":"track","uri":"spotify:track:4wJ5Qq0jBN4ajy7ouZIV1c","is_local":false},{"artists":[{"external_urls":{"spotify":"https://open.spotify.com/artist/3eVa5w3URK5duf6eyVDbu9"},"href":"https://api.spotify.com/v1/artists/3eVa5w3URK5duf6eyVDbu9","id":"3eVa5w3URK5duf6eyVDbu9","name":"ROSÉ","type":"artist","uri":"spotify:artist:3eVa5w3URK5duf6eyVDbu9"}],"available_markets":["AR","AU","AT","BE","BO","BR","BG","CA","CL","CO","CR","CY","CZ","DK","DO","DE","EC","EE","SV","FI","FR","GR","GT","HN","HK","HU","IS","IE","IT","LV","LT","LU","MY","MT","MX","NL","NZ","NI","NO","PA","PY","PE","PH","PL","PT","SG","SK","ES","SE","CH","TW","TR","UY","US","GB","AD","LI","MC","ID","JP","TH","VN","RO","IL","ZA","SA","AE","BH","QA","OM","KW","EG","MA","DZ","TN","LB","JO","PS","IN","KZ","MD","UA","AL","BA","HR","ME","MK","RS","SI","BD","PK","LK","GH","KE","NG","TZ","UG","AG","AM","BS","BB","BZ","BT","BW","BF","CV","CW","DM","FJ","GM","GE","GD","GW","GY","HT","JM","KI","LS","LR","MW","MV","ML","MH","FM","NA","NR","NE","PW","PG","PR","WS","SM","ST","SN","SC","SL","SB","KN","LC","VC","SR","TL","TO","TT","TV","VU","AZ","BN","BI","KH","CM","TD","KM","GQ","SZ","GA","GN","KG","LA","MO","MR","MN","NP","RW","TG","UZ","ZW","BJ","MG","MU","MZ","AO","CI","DJ","ZM","CD","CG","IQ","LY","TJ","VE","ET","XK"],"disc_number":1,"duration_ms":166742,"explicit":false,"external_urls":{"spotify":"https://open.spotify.com/track/77n3jFGqPPxYrEGwrWylNv"},"href":"https://api.spotify.com/v1/tracks/77n3jFGqPPxYrEGwrWylNv","id":"77n3jFGqPPxYrEGwrWylNv","name":"gameboy","preview_url":null,"track_number":7,"type":"track","uri":"spotify:track:77n3jFGqPPxYrEGwrWylNv","is_local":false},{"artists":[{"external_urls":{"spotify":"https://open.spotify.com/artist/3eVa5w3URK5duf6eyVDbu9"},"href":"https://api.spotify.com/v1/artists/3eVa5w3URK5duf6eyVDbu9","id":"3eVa5w3URK5duf6eyVDbu9","name":"ROSÉ","type":"artist","uri":"spotify:artist:3eVa5w3URK5duf6eyVDbu9"}],"available_markets":["AR","AU","AT","BE","BO","BR","BG","CA","CL","CO","CR","CY","CZ","DK","DO","DE","EC","EE","SV","FI","FR","GR","GT","HN","HK","HU","IS","IE","IT","LV","LT","LU","MY","MT","MX","NL","NZ","NI","NO","PA","PY","PE","PH","PL","PT","SG","SK","ES","SE","CH","TW","TR","UY","US","GB","AD","LI","MC","ID","JP","TH","VN","RO","IL","ZA","SA","AE","BH","QA","OM","KW","EG","MA","DZ","TN","LB","JO","PS","IN","KZ","MD","UA","AL","BA","HR","ME","MK","RS","SI","BD","PK","LK","GH","KE","NG","TZ","UG","AG","AM","BS","BB","BZ","BT","BW","BF","CV","CW","DM","FJ","GM","GE","GD","GW","GY","HT","JM","KI","LS","LR","MW","MV","ML","MH","FM","NA","NR","NE","PW","PG","PR","WS","SM","ST","SN","SC","SL","SB","KN","LC","VC","SR","TL","TO","TT","TV","VU","AZ","BN","BI","KH","CM","TD","KM","GQ","SZ","GA","GN","KG","LA","MO","MR","MN","NP","RW","TG","UZ","ZW","BJ","MG","MU","MZ","AO","CI","DJ","ZM","CD","CG","IQ","LY","TJ","VE","ET","XK"],"disc_number":1,"duration_ms":246606,"explicit":false,"external_urls":{"spotify":"https://open.spotify.com/track/5OdI6v2L7Aez4cclpbojiZ"},"href":"https://api.spotify.com/v1/tracks/5OdI6v2L7Aez4cclpbojiZ","id":"5OdI6v2L7Aez4cclpbojiZ","name":"stay a little longer","preview_url":null,"track_number":8,"type":"track","uri":"spotify:track:5OdI6v2L7Aez4cclpbojiZ","is_local":false},{"artists":[{"external_urls":{"spotify":"https://open.spotify.com/artist/3eVa5w3URK5duf6eyVDbu9"},"href":"https://api.spotify.com/v1/artists/3eVa5w3URK5duf6eyVDbu9","id":"3eVa5w3URK5duf6eyVDbu9","name":"ROSÉ","type":"artist","uri":"spotify:artist:3eVa5w3URK5duf6eyVDbu9"}],"available_markets":["AR","AU","AT","BE","BO","BR","BG","CA","CL","CO","CR","CY","CZ","DK","DO","DE","EC","EE","SV","FI","FR","GR","GT","HN","HK","HU","IS","IE","IT","LV","LT","LU","MY","MT","MX","NL","NZ","NI","NO","PA","PY","PE","PH","PL","PT","SG","SK","ES","SE","CH","TW","TR","UY","US","GB","AD","LI","MC","ID","JP","TH","VN","RO","IL","ZA","SA","AE","BH","QA","OM","KW","EG","MA","DZ","TN","LB","JO","PS","IN","KZ","MD","UA","AL","BA","HR","ME","MK","RS","SI","BD","PK","LK","GH","KE","NG","TZ","UG","AG","AM","BS","BB","BZ","BT","BW","BF","CV","CW","DM","FJ","GM","GE","GD","GW","GY","HT","JM","KI","LS","LR","MW","MV","ML","MH","FM","NA","NR","NE","PW","PG","PR","WS","SM","ST","SN","SC","SL","SB","KN","LC","VC","SR","TL","TO","TT","TV","VU","AZ","BN","BI","KH","CM","TD","KM","GQ","SZ","GA","GN","KG","LA","MO","MR","MN","NP","RW","TG","UZ","ZW","BJ","MG","MU","MZ","AO","CI","DJ","ZM","CD","CG","IQ","LY","TJ","VE","ET","XK"],"disc_number":1,"duration_ms":184006,"explicit":false,"external_urls":{"spotify":"https://open.spotify.com/track/67siqMtQTGPpJZI4Dz8OpM"},"href":"https://api.spotify.com/v1/tracks/67siqMtQTGPpJZI4Dz8OpM","id":"67siqMtQTGPpJZI4Dz8OpM","name":"not the same","preview_url":null,"track_number":9,"type":"track","uri":"spotify:track:67siqMtQTGPpJZI4Dz8OpM","is_local":false},{"artists":[{"external_urls":{"spotify":"https://open.spotify.com/artist/3eVa5w3URK5duf6eyVDbu9"},"href":"https://api.spotify.com/v1/artists/3eVa5w3URK5duf6eyVDbu9","id":"3eVa5w3URK5duf6eyVDbu9","name":"ROSÉ","type":"artist","uri":"spotify:artist:3eVa5w3URK5duf6eyVDbu9"}],"available_markets":["AR","AU","AT","BE","BO","BR","BG","CA","CL","CO","CR","CY","CZ","DK","DO","DE","EC","EE","SV","FI","FR","GR","GT","HN","HK","HU","IS","IE","IT","LV","LT","LU","MY","MT","MX","NL","NZ","NI","NO","PA","PY","PE","PH","PL","PT","SG","SK","ES","SE","CH","TW","TR","UY","US","GB","AD","LI","MC","ID","JP","TH","VN","RO","IL","ZA","SA","AE","BH","QA","OM","KW","EG","MA","DZ","TN","LB","JO","PS","IN","KZ","MD","UA","AL","BA","HR","ME","MK","RS","SI","BD","PK","LK","GH","KE","NG","TZ","UG","AG","AM","BS","BB","BZ","BT","BW","BF","CV","CW","DM","FJ","GM","GE","GD","GW","GY","HT","JM","KI","LS","LR","MW","MV","ML","MH","FM","NA","NR","NE","PW","PG","PR","WS","SM","ST","SN","SC","SL","SB","KN","LC","VC","SR","TL","TO","TT","TV","VU","AZ","BN","BI","KH","CM","TD","KM","GQ","SZ","GA","GN","KG","LA","MO","MR","MN","NP","RW","TG","UZ","ZW","BJ","MG","MU","MZ","AO","CI","DJ","ZM","CD","CG","IQ","LY","TJ","VE","ET","XK"],"disc_number":1,"duration_ms":141141,"explicit":false,"external_urls":{"spotify":"https://open.spotify.com/track/5a3tLTGA0HIDtrvnszXXBN"},"href":"https://api.spotify.com/v1/tracks/5a3tLTGA0HIDtrvnszXXBN","id":"5a3tLTGA0HIDtrvnszXXBN","name":"call it the end","preview_url":null,"track_number":10,"type":"track","uri":"spotify:track:5a3tLTGA0HIDtrvnszXXBN","is_local":false},{"artists":[{"external_urls":{"spotify":"https://open.spotify.com/artist/3eVa5w3URK5duf6eyVDbu9"},"href":"https://api.spotify.com/v1/artists/3eVa5w3URK5duf6eyVDbu9","id":"3eVa5w3URK5duf6eyVDbu9","name":"ROSÉ","type":"artist","uri":"spotify:artist:3eVa5w3URK5duf6eyVDbu9"}],"available_markets":["AR","AU","AT","BE","BO","BR","BG","CA","CL","CO","CR","CY","CZ","DK","DO","DE","EC","EE","SV","FI","FR","GR","GT","HN","HK","HU","IS","IE","IT","LV","LT","LU","MY","MT","MX","NL","NZ","NI","NO","PA","PY","PE","PH","PL","PT","SG","SK","ES","SE","CH","TW","TR","UY","US","GB","AD","LI","MC","ID","JP","TH","VN","RO","IL","ZA","SA","AE","BH","QA","OM","KW","EG","MA","DZ","TN","LB","JO","PS","IN","KZ","MD","UA","AL","BA","HR","ME","MK","RS","SI","BD","PK","LK","GH","KE","NG","TZ","UG","AG","AM","BS","BB","BZ","BT","BW","BF","CV","CW","DM","FJ","GM","GE","GD","GW","GY","HT","JM","KI","LS","LR","MW","MV","ML","MH","FM","NA","NR","NE","PW","PG","PR","WS","SM","ST","SN","SC","SL","SB","KN","LC","VC","SR","TL","TO","TT","TV","VU","AZ","BN","BI","KH","CM","TD","KM","GQ","SZ","GA","GN","KG","LA","MO","MR","MN","NP","RW","TG","UZ","ZW","BJ","MG","MU","MZ","AO","CI","DJ","ZM","CD","CG","IQ","LY","TJ","VE","ET","XK"],"disc_number":1,"duration_ms":236248,"explicit":false,"external_urls":{"spotify":"https://open.spotify.com/track/3tDF6qjNrabjnb23RB2rpa"},"href":"https://api.spotify.com/v1/tracks/3tDF6qjNrabjnb23RB2rpa","id":"3tDF6qjNrabjnb23RB2rpa","name":"too bad for us","preview_url":null,"track_number":11,"type":"track","uri":"spotify:track:3tDF6qjNrabjnb23RB2rpa","is_local":false},{"artists":[{"external_urls":{"spotify":"https://open.spotify.com/artist/3eVa5w3URK5duf6eyVDbu9"},"href":"https://api.spotify.com/v1/artists/3eVa5w3URK5duf6eyVDbu9","id":"3eVa5w3URK5duf6eyVDbu9","name":"ROSÉ","type":"artist","uri":"spotify:artist:3eVa5w3URK5duf6eyVDbu9"}],"available_markets":["AR","AU","AT","BE","BO","BR","BG","CA","CL","CO","CR","CY","CZ","DK","DO","DE","EC","EE","SV","FI","FR","GR","GT","HN","HK","HU","IS","IE","IT","LV","LT","LU","MY","MT","MX","NL","NZ","NI","NO","PA","PY","PE","PH","PL","PT","SG","SK","ES","SE","CH","TW","TR","UY","US","GB","AD","LI","MC","ID","JP","TH","VN","RO","IL","ZA","SA","AE","BH","QA","OM","KW","EG","MA","DZ","TN","LB","JO","PS","IN","KZ","MD","UA","AL","BA","HR","ME","MK","RS","SI","BD","PK","LK","GH","KE","NG","TZ","UG","AG","AM","BS","BB","BZ","BT","BW","BF","CV","CW","DM","FJ","GM","GE","GD","GW","GY","HT","JM","KI","LS","LR","MW","MV","ML","MH","FM","NA","NR","NE","PW","PG","PR","WS","SM","ST","SN","SC","SL","SB","KN","LC","VC","SR","TL","TO","TT","TV","VU","AZ","BN","BI","KH","CM","TD","KM","GQ","SZ","GA","GN","KG","LA","MO","MR","MN","NP","RW","TG","UZ","ZW","BJ","MG","MU","MZ","AO","CI","DJ","ZM","CD","CG","IQ","LY","TJ","VE","ET","XK"],"disc_number":1,"duration_ms":214950,"explicit":false,"external_urls":{"spotify":"https://open.spotify.com/track/50aQbgfdydBXABx2gATQHn"},"href":"https://api.spotify.com/v1/tracks/50aQbgfdydBXABx2gATQHn","id":"50aQbgfdydBXABx2gATQHn","name":"dance all night","preview_url":null,"track_number":12,"type":"track","uri":"spotify:track:50aQbgfdydBXABx2gATQHn","is_local":false}]},"copyrights":[{"text":"© 2024 ROSÉ under exclusive license to Atlantic Recording Corporation for the World excluding Korea","type":"C"},{"text":"℗ 2024 ROSÉ under exclusive license to Atlantic Recording Corporation for the World excluding Korea","type":"P"}],"external_ids":{"upc":"075679629197"},"genres":[],"label":"Atlantic Records","popularity":87},{"album_type":"album","total_tracks":9,"available_markets":["AR","AU","AT","BE","BO","BR","BG","CA","CL","CO","CR","CY","CZ","DK","DO","DE","EC","EE","SV","FI","FR","GR","GT","HN","HK","HU","IS","IE","IT","LV","LT","LU","MY","MT","MX","NL","NZ","NI","NO","PA","PY","PE","PH","PL","PT","SG","SK","ES","SE","CH","TW","TR","UY","US","GB","AD","LI","MC","ID","TH","VN","RO","IL","ZA","SA","AE","BH","QA","OM","KW","EG","MA","DZ","TN","LB","JO","PS","IN","KZ","MD","UA","AL","BA","HR","ME","MK","RS","SI","KR","BD","PK","LK","GH","KE","NG","TZ","UG","AG","AM","BS","BB","BZ","BT","BW","BF","CV","CW","DM","FJ","GM","GE","GD","GW","GY","HT","JM","KI","LS","LR","MW","MV","ML","MH","FM","NA","NR","NE","PW","PG","WS","SM","ST","SN","SC","SL","SB","KN","LC","VC","SR","TL","TO","TT","TV","VU","AZ","BN","BI","KH","CM","TD","KM","GQ","SZ","GA","GN","KG","LA","MO","MR","MN","NP","RW","TG","UZ","ZW","BJ","MG","MU","MZ","AO","CI","DJ","ZM","CD","CG","IQ","LY","TJ","VE","ET","XK"],"external_urls":{"spotify":"https://open.spotify.com/album/5L3PAo50R75rOZLlEvokZZ"},"href":"https://api.spotify.com/v1/albums/5L3PAo50R75rOZLlEvokZZ","id":"5L3PAo50R75rOZLlEvokZZ","images":[{"url":"https://i.scdn.co/image/ab67616d0000b273c099e4b6e57fe7a2304b0213","height":640,"width":640},{"url":"https://i.scdn.co/image/ab67616d00001e02c099e4b6e57fe7a2304b0213","height":300,"width":300},{"url":"https://i.scdn.co/image/ab67616d00004851c099e4b6e57fe7a2304b0213","height":64,"width":64}],"name":"LOS 9 DE FERXXO Y SKY ROMPIENDO","release_date":"2024-11-29","release_date_precision":"day","type":"album","uri":"spotify:album:5L3PAo50R75rOZLlEvokZZ","artists":[{"external_urls":{"spotify":"https://open.spotify.com/artist/2LRoIwlKmHjgvigdNGBHNo"},"href":"https://api.spotify.com/v1/artists/2LRoIwlKmHjgvigdNGBHNo","id":"2LRoIwlKmHjgvigdNGBHNo","name":"Feid","type":"artist","uri":"spotify:artist:2LRoIwlKmHjgvigdNGBHNo"},{"external_urls":{"spotify":"https://open.spotify.com/artist/51XrH5fQP2oIQynuKxSWcW"},"href":"https://api.spotify.com/v1/artists/51XrH5fQP2oIQynuKxSWcW","id":"51XrH5fQP2oIQynuKxSWcW","name":"Sky Rompiendo","type":"artist","uri":"spotify:artist:51XrH5fQP2oIQynuKxSWcW"}],"tracks":{"href":"https://api.spotify.com/v1/albums/5L3PAo50R75rOZLlEvokZZ/tracks?offset=0&limit=50","limit":50,"next":null,"offset":0,"previous":null,"total":9,"items":[{"artists":[{"external_urls":{"spotify":"https://open.spotify.com/artist/2LRoIwlKmHjgvigdNGBHNo"},"href":"https://api.spotify.com/v1/artists/2LRoIwlKmHjgvigdNGBHNo","id":"2LRoIwlKmHjgvigdNGBHNo","name":"Feid","type":"artist","uri":"spotify:artist:2LRoIwlKmHjgvigdNGBHNo"},{"external_urls":{"spotify":"https://open.spotify.com/artist/51XrH5fQP2oIQynuKxSWcW"},"href":"https://api.spotify.com/v1/artists/51XrH5fQP2oIQynuKxSWcW","id":"51XrH5fQP2oIQynuKxSWcW","name":"Sky Rompiendo","type":"artist","uri":"spotify:artist:51XrH5fQP2oIQynuKxSWcW"},{"external_urls":{"spotify":"https://open.spotify.com/artist/2YRyPiW98bpkARAS4B3OQP"},"href":"https://api.spotify.com/v1/artists/2YRyPiW98bpkARAS4B3OQP","id":"2YRyPiW98bpkARAS4B3OQP","name":"Dei V","type":"artist","uri":"spotify:artist:2YRyPiW98bpkARAS4B3OQP"}],"available_markets":["AR","AU","AT","BE","BO","BR","BG","CA","CL","CO","CR","CY","CZ","DK","DO","DE","EC","EE","SV","FI","FR","GR","GT","HN","HK","HU","IS","IE","IT","LV","LT","LU","MY","MT","MX","NL","NZ","NI","NO","PA","PY","PE","PH","PL","PT","SG","SK","ES","SE","CH","TW","TR","UY","US","GB","AD","LI","MC","ID","TH","VN","RO","IL","ZA","SA","AE","BH","QA","OM","KW","EG","MA","DZ","TN","LB","JO","PS","IN","KZ","MD","UA","AL","BA","HR","ME","MK","RS","SI","KR","BD","PK","LK","GH","KE","NG","TZ","UG","AG","AM","BS","BB","BZ","BT","BW","BF","CV","CW","DM","FJ","GM","GE","GD","GW","GY","HT","JM","KI","LS","LR","MW","MV","ML","MH","FM","NA","NR","NE","PW","PG","WS","SM","ST","SN","SC","SL","SB","KN","LC","VC","SR","TL","TO","TT","TV","VU","AZ","BN","BI","KH","CM","TD","KM","GQ","SZ","GA","GN","KG","LA","MO","MR","MN","NP","RW","TG","UZ","ZW","BJ","MG","MU","MZ","AO","CI","DJ","ZM","CD","CG","IQ","LY","TJ","VE","ET","XK"],"disc_number":1,"duration_ms":223039,"explicit":true,"external_urls":{"spotify":"https://open.spotify.com/track/0lhcaiGyAkmZg5RaC99ZbH"},"href":"https://api.spotify.com/v1/tracks/0lhcaiGyAkmZg5RaC99ZbH","id":"0lhcaiGyAkmZg5RaC99ZbH","name":"ESTOY PUTIAO","preview_url":null,"track_number":1,"type":"track","uri":"spotify:track:0lhcaiGyAkmZg5RaC99ZbH","is_local":false},{"artists":[{"external_urls":{"spotify":"https://open.spotify.com/artist/2LRoIwlKmHjgvigdNGBHNo"},"href":"https://api.spotify.com/v1/artists/2LRoIwlKmHjgvigdNGBHNo","id":"2LRoIwlKmHjgvigdNGBHNo","name":"Feid","type":"artist","uri":"spotify:artist:2LRoIwlKmHjgvigdNGBHNo"},{"external_urls":{"spotify":"https://open.spotify.com/artist/51XrH5fQP2oIQynuKxSWcW"},"href":"https://api.spotify.com/v1/artists/51XrH5fQP2oIQynuKxSWcW","id":"51XrH5fQP2oIQynuKxSWcW","name":"Sky Rompiendo","type":"artist","uri":"spotify:artist:51XrH5fQP2oIQynuKxSWcW"}],"available_markets":["AR","AU","AT","BE","BO","BR","BG","CA","CL","CO","CR","CY","CZ","DK","DO","DE","EC","EE","SV","FI","FR","GR","GT","HN","HK","HU","IS","IE","IT","LV","LT","LU","MY","MT","MX","NL","NZ","NI","NO","PA","PY","PE","PH","PL","PT","SG","SK","ES","SE","CH","TW","TR","UY","US","GB","AD","LI","MC","ID","TH","VN","RO","IL","ZA","SA","AE","BH","QA","OM","KW","EG","MA","DZ","TN","LB","JO","PS","IN","KZ","MD","UA","AL","BA","HR","ME","MK","RS","SI","KR","BD","PK","LK","GH","KE","NG","TZ","UG","AG","AM","BS","BB","BZ","BT","BW","BF","CV","CW","DM","FJ","GM","GE","GD","GW","GY","HT","JM","KI","LS","LR","MW","MV","ML","MH","FM","NA","NR","NE","PW","PG","WS","SM","ST","SN","SC","SL","SB","KN","LC","VC","SR","TL","TO","TT","TV","VU","AZ","BN","BI","KH","CM","TD","KM","GQ","SZ","GA","GN","KG","LA","MO","MR","MN","NP","RW","TG","UZ","ZW","BJ","MG","MU","MZ","AO","CI","DJ","ZM","CD","CG","IQ","LY","TJ","VE","ET","XK"],"disc_number":1,"duration_ms":146285,"explicit":true,"external_urls":{"spotify":"https://open.spotify.com/track/2HxZAed6QC9yJZuyaJJSz0"},"href":"https://api.spotify.com/v1/tracks/2HxZAed6QC9yJZuyaJJSz0","id":"2HxZAed6QC9yJZuyaJJSz0","name":"PPCP","preview_url":null,"track_number":2,"type":"track","uri":"spotify:track:2HxZAed6QC9yJZuyaJJSz0","is_local":false},{"artists":[{"external_urls":{"spotify":"https://open.spotify.com/artist/2LRoIwlKmHjgvigdNGBHNo"},"href":"https://api.spotify.com/v1/artists/2LRoIwlKmHjgvigdNGBHNo","id":"2LRoIwlKmHjgvigdNGBHNo","name":"Feid","type":"artist","uri":"spotify:artist:2LRoIwlKmHjgvigdNGBHNo"},{"external_urls":{"spotify":"https://open.spotify.com/artist/51XrH5fQP2oIQynuKxSWcW"},"href":"https://api.spotify.com/v1/artists/51XrH5fQP2oIQynuKxSWcW","id":"51XrH5fQP2oIQynuKxSWcW","name":"Sky Rompiendo","type":"artist","uri":"spotify:artist:51XrH5fQP2oIQynuKxSWcW"}],"available_markets":["AR","AU","AT","BE","BO","BR","BG","CA","CL","CO","CR","CY","CZ","DK","DO","DE","EC","EE","SV","FI","FR","GR","GT","HN","HK","HU","IS","IE","IT","LV","LT","LU","MY","MT","MX","NL","NZ","NI","NO","PA","PY","PE","PH","PL","PT","SG","SK","ES","SE","CH","TW","TR","UY","US","GB","AD","LI","MC","ID","TH","VN","RO","IL","ZA","SA","AE","BH","QA","OM","KW","EG","MA","DZ","TN","LB","JO","PS","IN","KZ","MD","UA","AL","BA","HR","ME","MK","RS","SI","KR","BD","PK","LK","GH","KE","NG","TZ","UG","AG","AM","BS","BB","BZ","BT","BW","BF","CV","CW","DM","FJ","GM","GE","GD","GW","GY","HT","JM","KI","LS","LR","MW","MV","ML","MH","FM","NA","NR","NE","PW","PG","WS","SM","ST","SN","SC","SL","SB","KN","LC","VC","SR","TL","TO","TT","TV","VU","AZ","BN","BI","KH","CM","TD","KM","GQ","SZ","GA","GN","KG","LA","MO","MR","MN","NP","RW","TG","UZ","ZW","BJ","MG","MU","MZ","AO","CI","DJ","ZM","CD","CG","IQ","LY","TJ","VE","ET","XK"],"disc_number":1,"duration_ms":198058,"explicit":false,"external_urls":{"spotify":"https://open.spotify.com/track/3Z5ano0s9pNggRPmAtqKWL"},"href":"https://api.spotify.com/v1/tracks/3Z5ano0s9pNggRPmAtqKWL","id":"3Z5ano0s9pNggRPmAtqKWL","name":"1XXX RAXONES","preview_url":null,"track_number":3,"type":"track","uri":"spotify:track:3Z5ano0s9pNggRPmAtqKWL","is_local":false},{"artists":[{"external_urls":{"spotify":"https://open.spotify.com/artist/2LRoIwlKmHjgvigdNGBHNo"},"href":"https://api.spotify.com/v1/artists/2LRoIwlKmHjgvigdNGBHNo","id":"2LRoIwlKmHjgvigdNGBHNo","name":"Feid","type":"artist","uri":"spotify:artist:2LRoIwlKmHjgvigdNGBHNo"},{"external_urls":{"spotify":"https://open.spotify.com/artist/51XrH5fQP2oIQynuKxSWcW"},"href":"https://api.spotify.com/v1/artists/51XrH5fQP2oIQynuKxSWcW","id":"51XrH5fQP2oIQynuKxSWcW","name":"Sky Rompiendo","type":"artist","uri":"spotify:artist:51XrH5fQP2oIQynuKxSWcW"}],"available_markets":["AR","AU","AT","BE","BO","BR","BG","CA","CL","CO","CR","CY","CZ","DK","DO","DE","EC","EE","SV","FI","FR","GR","GT","HN","HK","HU","IS","IE","IT","LV","LT","LU","MY","MT","MX","NL","NZ","NI","NO","PA","PY","PE","PH","PL","PT","SG","SK","ES","SE","CH","TW","TR","UY","US","GB","AD","LI","MC","ID","TH","VN","RO","IL","ZA","SA","AE","BH","QA","OM","KW","EG","MA","DZ","TN","LB","JO","PS","IN","KZ","MD","UA","AL","BA","HR","ME","MK","RS","SI","KR","BD","PK","LK","GH","KE","NG","TZ","UG","AG","AM","BS","BB","BZ","BT","BW","BF","CV","CW","DM","FJ","GM","GE","GD","GW","GY","HT","JM","KI","LS","LR","MW","MV","ML","MH","FM","NA","NR","NE","PW","PG","WS","SM","ST","SN","SC","SL","SB","KN","LC","VC","SR","TL","TO","TT","TV","VU","AZ","BN","BI","KH","CM","TD","KM","GQ","SZ","GA","GN","KG","LA","MO","MR","MN","NP","RW","TG","UZ","ZW","BJ","MG","MU","MZ","AO","CI","DJ","ZM","CD","CG","IQ","LY","TJ","VE","ET","XK"],"disc_number":1,"duration_ms":147906,"explicit":true,"external_urls":{"spotify":"https://open.spotify.com/track/2kQovjtNZF1oSARczvmhaV"},"href":"https://api.spotify.com/v1/tracks/2kQovjtNZF1oSARczvmhaV","id":"2kQovjtNZF1oSARczvmhaV","name":"MONI","preview_url":null,"track_number":4,"type":"track","uri":"spotify:track:2kQovjtNZF1oSARczvmhaV","is_local":false},{"artists":[{"external_urls":{"spotify":"https://open.spotify.com/artist/2LRoIwlKmHjgvigdNGBHNo"},"href":"https://api.spotify.com/v1/artists/2LRoIwlKmHjgvigdNGBHNo","id":"2LRoIwlKmHjgvigdNGBHNo","name":"Feid","type":"artist","uri":"spotify:artist:2LRoIwlKmHjgvigdNGBHNo"},{"external_urls":{"spotify":"https://open.spotify.com/artist/51XrH5fQP2oIQynuKxSWcW"},"href":"https://api.spotify.com/v1/artists/51XrH5fQP2oIQynuKxSWcW","id":"51XrH5fQP2oIQynuKxSWcW","name":"Sky Rompiendo","type":"artist","uri":"spotify:artist:51XrH5fQP2oIQynuKxSWcW"}],"available_markets":["AR","AU","AT","BE","BO","BR","BG","CA","CL","CO","CR","CY","CZ","DK","DO","DE","EC","EE","SV","FI","FR","GR","GT","HN","HK","HU","IS","IE","IT","LV","LT","LU","MY","MT","MX","NL","NZ","NI","NO","PA","PY","PE","PH","PL","PT","SG","SK","ES","SE","CH","TW","TR","UY","US","GB","AD","LI","MC","ID","TH","VN","RO","IL","ZA","SA","AE","BH","QA","OM","KW","EG","MA","DZ","TN","LB","JO","PS","IN","KZ","MD","UA","AL","BA","HR","ME","MK","RS","SI","KR","BD","PK","LK","GH","KE","NG","TZ","UG","AG","AM","BS","BB","BZ","BT","BW","BF","CV","CW","DM","FJ","GM","GE","GD","GW","GY","HT","JM","KI","LS","LR","MW","MV","ML","MH","FM","NA","NR","NE","PW","PG","WS","SM","ST","SN","SC","SL","SB","KN","LC","VC","SR","TL","TO","TT","TV","VU","AZ","BN","BI","KH","CM","TD","KM","GQ","SZ","GA","GN","KG","LA","MO","MR","MN","NP","RW","TG","UZ","ZW","BJ","MG","MU","MZ","AO","CI","DJ","ZM","CD","CG","IQ","LY","TJ","VE","ET","XK"],"disc_number":1,"duration_ms":193548,"explicit":false,"external_urls":{"spotify":"https://open.spotify.com/track/40ytTNTwNp3KuYQ0DW2Ixy"},"href":"https://api.spotify.com/v1/tracks/40ytTNTwNp3KuYQ0DW2Ixy","id":"40ytTNTwNp3KuYQ0DW2Ixy","name":"DE REPENTE","preview_url":null,"track_number":5,"type":"track","uri":"spotify:track:40ytTNTwNp3KuYQ0DW2Ixy","is_local":false},{"artists":[{"external_urls":{"spotify":"https://open.spotify.com/artist/2LRoIwlKmHjgvigdNGBHNo"},"href":"https://api.spotify.com/v1/artists/2LRoIwlKmHjgvigdNGBHNo","id":"2LRoIwlKmHjgvigdNGBHNo","name":"Feid","type":"artist","uri":"spotify:artist:2LRoIwlKmHjgvigdNGBHNo"},{"external_urls":{"spotify":"https://open.spotify.com/artist/51XrH5fQP2oIQynuKxSWcW"},"href":"https://api.spotify.com/v1/artists/51XrH5fQP2oIQynuKxSWcW","id":"51XrH5fQP2oIQynuKxSWcW","name":"Sky Rompiendo","type":"artist","uri":"spotify:artist:51XrH5fQP2oIQynuKxSWcW"},{"external_urls":{"spotify":"https://open.spotify.com/artist/4HzKw8XcD0piJmDrrPRCYk"},"href":"https://api.spotify.com/v1/artists/4HzKw8XcD0piJmDrrPRCYk","id":"4HzKw8XcD0piJmDrrPRCYk","name":"Majid Jordan","type":"artist","uri":"spotify:artist:4HzKw8XcD0piJmDrrPRCYk"}],"available_markets":["AR","AU","AT","BE","BO","BR","BG","CA","CL","CO","CR","CY","CZ","DK","DO","DE","EC","EE","SV","FI","FR","GR","GT","HN","HK","HU","IS","IE","IT","LV","LT","LU","MY","MT","MX","NL","NZ","NI","NO","PA","PY","PE","PH","PL","PT","SG","SK","ES","SE","CH","TW","TR","UY","US","GB","AD","LI","MC","ID","TH","VN","RO","IL","ZA","SA","AE","BH","QA","OM","KW","EG","MA","DZ","TN","LB","JO","PS","IN","KZ","MD","UA","AL","BA","HR","ME","MK","RS","SI","KR","BD","PK","LK","GH","KE","NG","TZ","UG","AG","AM","BS","BB","BZ","BT","BW","BF","CV","CW","DM","FJ","GM","GE","GD","GW","GY","HT","JM","KI","LS","LR","MW","MV","ML","MH","FM","NA","NR","NE","PW","PG","WS","SM","ST","SN","SC","SL","SB","KN","LC","VC","SR","TL","TO","TT","TV","VU","AZ","BN","BI","KH","CM","TD","KM","GQ","SZ","GA","GN","KG","LA","MO","MR","MN","NP","RW","TG","UZ","ZW","BJ","MG","MU","MZ","AO","CI","DJ","ZM","CD","CG","IQ","LY","TJ","VE","ET","XK"],"disc_number":1,"duration_ms":155314,"explicit":true,"external_urls":{"spotify":"https://open.spotify.com/track/7iyawgjHLk3q9jksG3mWtD"},"href":"https://api.spotify.com/v1/tracks/7iyawgjHLk3q9jksG3mWtD","id":"7iyawgjHLk3q9jksG3mWtD","name":"AGAIN","preview_url":null,"track_number":6,"type":"track","uri":"spotify:track:7iyawgjHLk3q9jksG3mWtD","is_local":false},{"artists":[{"external_urls":{"spotify":"https://open.spotify.com/artist/2LRoIwlKmHjgvigdNGBHNo"},"href":"https://api.spotify.com/v1/artists/2LRoIwlKmHjgvigdNGBHNo","id":"2LRoIwlKmHjgvigdNGBHNo","name":"Feid","type":"artist","uri":"spotify:artist:2LRoIwlKmHjgvigdNGBHNo"},{"external_urls":{"spotify":"https://open.spotify.com/artist/51XrH5fQP2oIQynuKxSWcW"},"href":"https://api.spotify.com/v1/artists/51XrH5fQP2oIQynuKxSWcW","id":"51XrH5fQP2oIQynuKxSWcW","name":"Sky Rompiendo","type":"artist","uri":"spotify:artist:51XrH5fQP2oIQynuKxSWcW"}],"available_markets":["AR","AU","AT","BE","BO","BR","BG","CA","CL","CO","CR","CY","CZ","DK","DO","DE","EC","EE","SV","FI","FR","GR","GT","HN","HK","HU","IS","IE","IT","LV","LT","LU","MY","MT","MX","NL","NZ","NI","NO","PA","PY","PE","PH","PL","PT","SG","SK","ES","SE","CH","TW","TR","UY","US","GB","AD","LI","MC","ID","TH","VN","RO","IL","ZA","SA","AE","BH","QA","OM","KW","EG","MA","DZ","TN","LB","JO","PS","IN","KZ","MD","UA","AL","BA","HR","ME","MK","RS","SI","KR","BD","PK","LK","GH","KE","NG","TZ","UG","AG","AM","BS","BB","BZ","BT","BW","BF","CV","CW","DM","FJ","GM","GE","GD","GW","GY","HT","JM","KI","LS","LR","MW","MV","ML","MH","FM","NA","NR","NE","PW","PG","WS","SM","ST","SN","SC","SL","SB","KN","LC","VC","SR","TL","TO","TT","TV","VU","AZ","BN","BI","KH","CM","TD","KM","GQ","SZ","GA","GN","KG","LA","MO","MR","MN","NP","RW","TG","UZ","ZW","BJ","MG","MU","MZ","AO","CI","DJ","ZM","CD","CG","IQ","LY","TJ","VE","ET","XK"],"disc_number":1,"duration_ms":138461,"explicit":true,"external_urls":{"spotify":"https://open.spotify.com/track/3XTyejUCaqoKy0bItVFLm5"},"href":"https://api.spotify.com/v1/tracks/3XTyejUCaqoKy0bItVFLm5","id":"3XTyejUCaqoKy0bItVFLm5","name":"KLKHAY","preview_url":null,"track_number":7,"type":"track","uri":"spotify:track:3XTyejUCaqoKy0bItVFLm5","is_local":false},{"artists":[{"external_urls":{"spotify":"https://open.spotify.com/artist/2LRoIwlKmHjgvigdNGBHNo"},"href":"https://api.spotify.com/v1/artists/2LRoIwlKmHjgvigdNGBHNo","id":"2LRoIwlKmHjgvigdNGBHNo","name":"Feid","type":"artist","uri":"spotify:artist:2LRoIwlKmHjgvigdNGBHNo"},{"external_urls":{"spotify":"https://open.spotify.com/artist/51XrH5fQP2oIQynuKxSWcW"},"href":"https://api.spotify.com/v1/artists/51XrH5fQP2oIQynuKxSWcW","id":"51XrH5fQP2oIQynuKxSWcW","name":"Sky Rompiendo","type":"artist","uri":"spotify:artist:51XrH5fQP2oIQynuKxSWcW"}],"available_markets":["AR","AU","AT","BE","BO","BR","BG","CA","CL","CO","CR","CY","CZ","DK","DO","DE","EC","EE","SV","FI","FR","GR","GT","HN","HK","HU","IS","IE","IT","LV","LT","LU","MY","MT","MX","NL","NZ","NI","NO","PA","PY","PE","PH","PL","PT","SG","SK","ES","SE","CH","TW","TR","UY","US","GB","AD","LI","MC","ID","TH","VN","RO","IL","ZA","SA","AE","BH","QA","OM","KW","EG","MA","DZ","TN","LB","JO","PS","IN","KZ","MD","UA","AL","BA","HR","ME","MK","RS","SI","KR","BD","PK","LK","GH","KE","NG","TZ","UG","AG","AM","BS","BB","BZ","BT","BW","BF","CV","CW","DM","FJ","GM","GE","GD","GW","GY","HT","JM","KI","LS","LR","MW","MV","ML","MH","FM","NA","NR","NE","PW","PG","WS","SM","ST","SN","SC","SL","SB","KN","LC","VC","SR","TL","TO","TT","TV","VU","AZ","BN","BI","KH","CM","TD","KM","GQ","SZ","GA","GN","KG","LA","MO","MR","MN","NP","RW","TG","UZ","ZW","BJ","MG","MU","MZ","AO","CI","DJ","ZM","CD","CG","IQ","LY","TJ","VE","ET","XK"],"disc_number":1,"duration_ms":170000,"explicit":true,"external_urls":{"spotify":"https://open.spotify.com/track/5zHAC2VURQnaehvbcTC7AE"},"href":"https://api.spotify.com/v1/tracks/5zHAC2VURQnaehvbcTC7AE","id":"5zHAC2VURQnaehvbcTC7AE","name":"OLD NAVY","preview_url":null,"track_number":8,"type":"track","uri":"spotify:track:5zHAC2VURQnaehvbcTC7AE","is_local":false},{"artists":[{"external_urls":{"spotify":"https://open.spotify.com/artist/2LRoIwlKmHjgvigdNGBHNo"},"href":"https://api.spotify.com/v1/artists/2LRoIwlKmHjgvigdNGBHNo","id":"2LRoIwlKmHjgvigdNGBHNo","name":"Feid","type":"artist","uri":"spotify:artist:2LRoIwlKmHjgvigdNGBHNo"},{"external_urls":{"spotify":"https://open.spotify.com/artist/51XrH5fQP2oIQynuKxSWcW"},"href":"https://api.spotify.com/v1/artists/51XrH5fQP2oIQynuKxSWcW","id":"51XrH5fQP2oIQynuKxSWcW","name":"Sky Rompiendo","type":"artist","uri":"spotify:artist:51XrH5fQP2oIQynuKxSWcW"}],"available_markets":["AR","AU","AT","BE","BO","BR","BG","CA","CL","CO","CR","CY","CZ","DK","DO","DE","EC","EE","SV","FI","FR","GR","GT","HN","HK","HU","IS","IE","IT","LV","LT","LU","MY","MT","MX","NL","NZ","NI","NO","PA","PY","PE","PH","PL","PT","SG","SK","ES","SE","CH","TW","TR","UY","US","GB","AD","LI","MC","ID","TH","VN","RO","IL","ZA","SA","AE","BH","QA","OM","KW","EG","MA","DZ","TN","LB","JO","PS","IN","KZ","MD","UA","AL","BA","HR","ME","MK","RS","SI","KR","BD","PK","LK","GH","KE","NG","TZ","UG","AG","AM","BS","BB","BZ","BT","BW","BF","CV","CW","DM","FJ","GM","GE","GD","GW","GY","HT","JM","KI","LS","LR","MW","MV","ML","MH","FM","NA","NR","NE","PW","PG","WS","SM","ST","SN","SC","SL","SB","KN","LC","VC","SR","TL","TO","TT","TV","VU","AZ","BN","BI","KH","CM","TD","KM","GQ","SZ","GA","GN","KG","LA","MO","MR","MN","NP","RW","TG","UZ","ZW","BJ","MG","MU","MZ","AO","CI","DJ","ZM","CD","CG","IQ","LY","TJ","VE","ET","XK"],"disc_number":1,"duration_ms":179277,"explicit":true,"external_urls":{"spotify":"https://open.spotify.com/track/3qwgwtLyivLLQ0XOw90ZUh"},"href":"https://api.spotify.com/v1/tracks/3qwgwtLyivLLQ0XOw90ZUh","id":"3qwgwtLyivLLQ0XOw90ZUh","name":"11PM EN ST. REGIS","preview_url":null,"track_number":9,"type":"track","uri":"spotify:track:3qwgwtLyivLLQ0XOw90ZUh","is_local":false}]},"copyrights":[{"text":"© 2024 GOOD KIDZ & Black Koi Entertainment, Distributed by Universal Music Latino","type":"C"},{"text":"℗ 2024 GOOD KIDZ & Black Koi Entertainment, Distributed by Universal Music Latino","type":"P"}],"external_ids":{"upc":"00602475700944"},"genres":[],"label":"Universal Music Latino","popularity":69},{"album_type":"album","total_tracks":13,"available_markets":["AR","AU","AT","BE","BO","BR","BG","CA","CL","CO","CR","CY","CZ","DK","DO","DE","EC","EE","SV","FI","FR","GR","GT","HN","HK","HU","IS","IE","IT","LV","LT","LU","MY","MT","MX","NL","NZ","NI","NO","PA","PY","PE","PH","PL","PT","SG","SK","ES","SE","CH","TW","TR","UY","US","GB","AD","LI","MC","ID","JP","TH","VN","RO","IL","ZA","SA","AE","BH","QA","OM","KW","EG","MA","DZ","TN","LB","JO","PS","IN","KZ","MD","UA","AL","BA","HR","ME","MK","RS","SI","KR","BD","PK","LK","GH","KE","NG","TZ","UG","AG","AM","BS","BB","BZ","BT","BW","BF","CV","CW","DM","FJ","GM","GE","GD","GW","GY","HT","JM","KI","LS","LR","MW","MV","ML","MH","FM","NA","NR","NE","PW","PG","PR","WS","SM","ST","SN","SC","SL","SB","KN","LC","VC","SR","TL","TO","TT","TV","VU","AZ","BN","BI","KH","CM","TD","KM","GQ","SZ","GA","GN","KG","LA","MO","MR","MN","NP","RW","TG","UZ","ZW","BJ","MG","MU","MZ","AO","CI","DJ","ZM","CD","CG","IQ","LY","TJ","VE","ET","XK"],"external_urls":{"spotify":"https://open.spotify.com/album/25Gsw8B8ZpFFhOlx9fF1LR"},"href":"https://api.spotify.com/v1/albums/25Gsw8B8ZpFFhOlx9fF1LR","id":"25Gsw8B8ZpFFhOlx9fF1LR","images":[{"url":"https://i.scdn.co/image/ab67616d0000b2732b3d21b2b6edfccecc3a48df","height":640,"width":640},{"url":"https://i.scdn.co/image/ab67616d00001e022b3d21b2b6edfccecc3a48df","height":300,"width":300},{"url":"https://i.scdn.co/image/ab67616d000048512b3d21b2b6edfccecc3a48df","height":64,"width":64}],"name":"Mis Traumas, Mis Chistes","release_date":"2024-11-28","release_date_precision":"day","type":"album","uri":"spotify:album:25Gsw8B8ZpFFhOlx9fF1LR","artists":[{"external_urls":{"spotify":"https://open.spotify.com/artist/49ggXUsjVHl7BwwaiPUCn6"},"href":"https://api.spotify.com/v1/artists/49ggXUsjVHl7BwwaiPUCn6","id":"49ggXUsjVHl7BwwaiPUCn6","name":"Juan Duque","type":"artist","uri":"spotify:artist:49ggXUsjVHl7BwwaiPUCn6"}],"tracks":{"href":"https://api.spotify.com/v1/albums/25Gsw8B8ZpFFhOlx9fF1LR/tracks?offset=0&limit=50","limit":50,"next":null,"offset":0,"previous":null,"total":13,"items":[{"artists":[{"external_urls":{"spotify":"https://open.spotify.com/artist/49ggXUsjVHl7BwwaiPUCn6"},"href":"https://api.spotify.com/v1/artists/49ggXUsjVHl7BwwaiPUCn6","id":"49ggXUsjVHl7BwwaiPUCn6","name":"Juan Duque","type":"artist","uri":"spotify:artist:49ggXUsjVHl7BwwaiPUCn6"}],"available_markets":["AR","AU","AT","BE","BO","BR","BG","CA","CL","CO","CR","CY","CZ","DK","DO","DE","EC","EE","SV","FI","FR","GR","GT","HN","HK","HU","IS","IE","IT","LV","LT","LU","MY","MT","MX","NL","NZ","NI","NO","PA","PY","PE","PH","PL","PT","SG","SK","ES","SE","CH","TW","TR","UY","US","GB","AD","LI","MC","ID","JP","TH","VN","RO","IL","ZA","SA","AE","BH","QA","OM","KW","EG","MA","DZ","TN","LB","JO","PS","IN","KZ","MD","UA","AL","BA","HR","ME","MK","RS","SI","KR","BD","PK","LK","GH","KE","NG","TZ","UG","AG","AM","BS","BB","BZ","BT","BW","BF","CV","CW","DM","FJ","GM","GE","GD","GW","GY","HT","JM","KI","LS","LR","MW","MV","ML","MH","FM","NA","NR","NE","PW","PG","PR","WS","SM","ST","SN","SC","SL","SB","KN","LC","VC","SR","TL","TO","TT","TV","VU","AZ","BN","BI","KH","CM","TD","KM","GQ","SZ","GA","GN","KG","LA","MO","MR","MN","NP","RW","TG","UZ","ZW","BJ","MG","MU","MZ","AO","CI","DJ","ZM","CD","CG","IQ","LY","TJ","VE","ET","XK"],"disc_number":1,"duration_ms":80333,"explicit":false,"external_urls":{"spotify":"https://open.spotify.com/track/7eh0xG46APveIAhV2obdqo"},"href":"https://api.spotify.com/v1/tracks/7eh0xG46APveIAhV2obdqo","id":"7eh0xG46APveIAhV2obdqo","name":"Intro MTMC","preview_url":null,"track_number":1,"type":"track","uri":"spotify:track:7eh0xG46APveIAhV2obdqo","is_local":false},{"artists":[{"external_urls":{"spotify":"https://open.spotify.com/artist/49ggXUsjVHl7BwwaiPUCn6"},"href":"https://api.spotify.com/v1/artists/49ggXUsjVHl7BwwaiPUCn6","id":"49ggXUsjVHl7BwwaiPUCn6","name":"Juan Duque","type":"artist","uri":"spotify:artist:49ggXUsjVHl7BwwaiPUCn6"}],"available_markets":["AR","AU","AT","BE","BO","BR","BG","CA","CL","CO","CR","CY","CZ","DK","DO","DE","EC","EE","SV","FI","FR","GR","GT","HN","HK","HU","IS","IE","IT","LV","LT","LU","MY","MT","MX","NL","NZ","NI","NO","PA","PY","PE","PH","PL","PT","SG","SK","ES","SE","CH","TW","TR","UY","US","GB","AD","LI","MC","ID","JP","TH","VN","RO","IL","ZA","SA","AE","BH","QA","OM","KW","EG","MA","DZ","TN","LB","JO","PS","IN","KZ","MD","UA","AL","BA","HR","ME","MK","RS","SI","KR","BD","PK","LK","GH","KE","NG","TZ","UG","AG","AM","BS","BB","BZ","BT","BW","BF","CV","CW","DM","FJ","GM","GE","GD","GW","GY","HT","JM","KI","LS","LR","MW","MV","ML","MH","FM","NA","NR","NE","PW","PG","PR","WS","SM","ST","SN","SC","SL","SB","KN","LC","VC","SR","TL","TO","TT","TV","VU","AZ","BN","BI","KH","CM","TD","KM","GQ","SZ","GA","GN","KG","LA","MO","MR","MN","NP","RW","TG","UZ","ZW","BJ","MG","MU","MZ","AO","CI","DJ","ZM","CD","CG","IQ","LY","TJ","VE","ET","XK"],"disc_number":1,"duration_ms":194000,"explicit":false,"external_urls":{"spotify":"https://open.spotify.com/track/33D8RI7wFKjzh8zvbSE1mN"},"href":"https://api.spotify.com/v1/tracks/33D8RI7wFKjzh8zvbSE1mN","id":"33D8RI7wFKjzh8zvbSE1mN","name":"Verano 23","preview_url":null,"track_number":2,"type":"track","uri":"spotify:track:33D8RI7wFKjzh8zvbSE1mN","is_local":false},{"artists":[{"external_urls":{"spotify":"https://open.spotify.com/artist/49ggXUsjVHl7BwwaiPUCn6"},"href":"https://api.spotify.com/v1/artists/49ggXUsjVHl7BwwaiPUCn6","id":"49ggXUsjVHl7BwwaiPUCn6","name":"Juan Duque","type":"artist","uri":"spotify:artist:49ggXUsjVHl7BwwaiPUCn6"}],"available_markets":["AR","AU","AT","BE","BO","BR","BG","CA","CL","CO","CR","CY","CZ","DK","DO","DE","EC","EE","SV","FI","FR","GR","GT","HN","HK","HU","IS","IE","IT","LV","LT","LU","MY","MT","MX","NL","NZ","NI","NO","PA","PY","PE","PH","PL","PT","SG","SK","ES","SE","CH","TW","TR","UY","US","GB","AD","LI","MC","ID","JP","TH","VN","RO","IL","ZA","SA","AE","BH","QA","OM","KW","EG","MA","DZ","TN","LB","JO","PS","IN","KZ","MD","UA","AL","BA","HR","ME","MK","RS","SI","KR","BD","PK","LK","GH","KE","NG","TZ","UG","AG","AM","BS","BB","BZ","BT","BW","BF","CV","CW","DM","FJ","GM","GE","GD","GW","GY","HT","JM","KI","LS","LR","MW","MV","ML","MH","FM","NA","NR","NE","PW","PG","PR","WS","SM","ST","SN","SC","SL","SB","KN","LC","VC","SR","TL","TO","TT","TV","VU","AZ","BN","BI","KH","CM","TD","KM","GQ","SZ","GA","GN","KG","LA","MO","MR","MN","NP","RW","TG","UZ","ZW","BJ","MG","MU","MZ","AO","CI","DJ","ZM","CD","CG","IQ","LY","TJ","VE","ET","XK"],"disc_number":1,"duration_ms":191020,"explicit":false,"external_urls":{"spotify":"https://open.spotify.com/track/0sBzO6iNdbFjOBEgffELUQ"},"href":"https://api.spotify.com/v1/tracks/0sBzO6iNdbFjOBEgffELUQ","id":"0sBzO6iNdbFjOBEgffELUQ","name":"Aquí","preview_url":null,"track_number":3,"type":"track","uri":"spotify:track:0sBzO6iNdbFjOBEgffELUQ","is_local":false},{"artists":[{"external_urls":{"spotify":"https://open.spotify.com/artist/49ggXUsjVHl7BwwaiPUCn6"},"href":"https://api.spotify.com/v1/artists/49ggXUsjVHl7BwwaiPUCn6","id":"49ggXUsjVHl7BwwaiPUCn6","name":"Juan Duque","type":"artist","uri":"spotify:artist:49ggXUsjVHl7BwwaiPUCn6"}],"available_markets":["AR","AU","AT","BE","BO","BR","BG","CA","CL","CO","CR","CY","CZ","DK","DO","DE","EC","EE","SV","FI","FR","GR","GT","HN","HK","HU","IS","IE","IT","LV","LT","LU","MY","MT","MX","NL","NZ","NI","NO","PA","PY","PE","PH","PL","PT","SG","SK","ES","SE","CH","TW","TR","UY","US","GB","AD","LI","MC","ID","JP","TH","VN","RO","IL","ZA","SA","AE","BH","QA","OM","KW","EG","MA","DZ","TN","LB","JO","PS","IN","KZ","MD","UA","AL","BA","HR","ME","MK","RS","SI","KR","BD","PK","LK","GH","KE","NG","TZ","UG","AG","AM","BS","BB","BZ","BT","BW","BF","CV","CW","DM","FJ","GM","GE","GD","GW","GY","HT","JM","KI","LS","LR","MW","MV","ML","MH","FM","NA","NR","NE","PW","PG","PR","WS","SM","ST","SN","SC","SL","SB","KN","LC","VC","SR","TL","TO","TT","TV","VU","AZ","BN","BI","KH","CM","TD","KM","GQ","SZ","GA","GN","KG","LA","MO","MR","MN","NP","RW","TG","UZ","ZW","BJ","MG","MU","MZ","AO","CI","DJ","ZM","CD","CG","IQ","LY","TJ","VE","ET","XK"],"disc_number":1,"duration_ms":157558,"explicit":false,"external_urls":{"spotify":"https://open.spotify.com/track/2xs4ahPFyQpKVsLTOm3YC4"},"href":"https://api.spotify.com/v1/tracks/2xs4ahPFyQpKVsLTOm3YC4","id":"2xs4ahPFyQpKVsLTOm3YC4","name":"Avión De Papél","preview_url":null,"track_number":4,"type":"track","uri":"spotify:track:2xs4ahPFyQpKVsLTOm3YC4","is_local":false},{"artists":[{"external_urls":{"spotify":"https://open.spotify.com/artist/49ggXUsjVHl7BwwaiPUCn6"},"href":"https://api.spotify.com/v1/artists/49ggXUsjVHl7BwwaiPUCn6","id":"49ggXUsjVHl7BwwaiPUCn6","name":"Juan Duque","type":"artist","uri":"spotify:artist:49ggXUsjVHl7BwwaiPUCn6"}],"available_markets":["AR","AU","AT","BE","BO","BR","BG","CA","CL","CO","CR","CY","CZ","DK","DO","DE","EC","EE","SV","FI","FR","GR","GT","HN","HK","HU","IS","IE","IT","LV","LT","LU","MY","MT","MX","NL","NZ","NI","NO","PA","PY","PE","PH","PL","PT","SG","SK","ES","SE","CH","TW","TR","UY","US","GB","AD","LI","MC","ID","JP","TH","VN","RO","IL","ZA","SA","AE","BH","QA","OM","KW","EG","MA","DZ","TN","LB","JO","PS","IN","KZ","MD","UA","AL","BA","HR","ME","MK","RS","SI","KR","BD","PK","LK","GH","KE","NG","TZ","UG","AG","AM","BS","BB","BZ","BT","BW","BF","CV","CW","DM","FJ","GM","GE","GD","GW","GY","HT","JM","KI","LS","LR","MW","MV","ML","MH","FM","NA","NR","NE","PW","PG","PR","WS","SM","ST","SN","SC","SL","SB","KN","LC","VC","SR","TL","TO","TT","TV","VU","AZ","BN","BI","KH","CM","TD","KM","GQ","SZ","GA","GN","KG","LA","MO","MR","MN","NP","RW","TG","UZ","ZW","BJ","MG","MU","MZ","AO","CI","DJ","ZM","CD","CG","IQ","LY","TJ","VE","ET","XK"],"disc_number":1,"duration_ms":177723,"explicit":false,"external_urls":{"spotify":"https://open.spotify.com/track/7tvnWnQp9thUYjLwzp8yY6"},"href":"https://api.spotify.com/v1/tracks/7tvnWnQp9thUYjLwzp8yY6","id":"7tvnWnQp9thUYjLwzp8yY6","name":"No Se Azaren","preview_url":null,"track_number":5,"type":"track","uri":"spotify:track:7tvnWnQp9thUYjLwzp8yY6","is_local":false},{"artists":[{"external_urls":{"spotify":"https://open.spotify.com/artist/49ggXUsjVHl7BwwaiPUCn6"},"href":"https://api.spotify.com/v1/artists/49ggXUsjVHl7BwwaiPUCn6","id":"49ggXUsjVHl7BwwaiPUCn6","name":"Juan Duque","type":"artist","uri":"spotify:artist:49ggXUsjVHl7BwwaiPUCn6"},{"external_urls":{"spotify":"https://open.spotify.com/artist/1wDCXygbv8uRG0GfN787dp"},"href":"https://api.spotify.com/v1/artists/1wDCXygbv8uRG0GfN787dp","id":"1wDCXygbv8uRG0GfN787dp","name":"Tory Teler","type":"artist","uri":"spotify:artist:1wDCXygbv8uRG0GfN787dp"}],"available_markets":["AR","AU","AT","BE","BO","BR","BG","CA","CL","CO","CR","CY","CZ","DK","DO","DE","EC","EE","SV","FI","FR","GR","GT","HN","HK","HU","IS","IE","IT","LV","LT","LU","MY","MT","MX","NL","NZ","NI","NO","PA","PY","PE","PH","PL","PT","SG","SK","ES","SE","CH","TW","TR","UY","US","GB","AD","LI","MC","ID","JP","TH","VN","RO","IL","ZA","SA","AE","BH","QA","OM","KW","EG","MA","DZ","TN","LB","JO","PS","IN","KZ","MD","UA","AL","BA","HR","ME","MK","RS","SI","KR","BD","PK","LK","GH","KE","NG","TZ","UG","AG","AM","BS","BB","BZ","BT","BW","BF","CV","CW","DM","FJ","GM","GE","GD","GW","GY","HT","JM","KI","LS","LR","MW","MV","ML","MH","FM","NA","NR","NE","PW","PG","PR","WS","SM","ST","SN","SC","SL","SB","KN","LC","VC","SR","TL","TO","TT","TV","VU","AZ","BN","BI","KH","CM","TD","KM","GQ","SZ","GA","GN","KG","LA","MO","MR","MN","NP","RW","TG","UZ","ZW","BJ","MG","MU","MZ","AO","CI","DJ","ZM","CD","CG","IQ","LY","TJ","VE","ET","XK"],"disc_number":1,"duration_ms":196421,"explicit":false,"external_urls":{"spotify":"https://open.spotify.com/track/0yFVWXGR7XOxxmqMPIHA47"},"href":"https://api.spotify.com/v1/tracks/0yFVWXGR7XOxxmqMPIHA47","id":"0yFVWXGR7XOxxmqMPIHA47","name":"Perdidos en Milán","preview_url":null,"track_number":6,"type":"track","uri":"spotify:track:0yFVWXGR7XOxxmqMPIHA47","is_local":false},{"artists":[{"external_urls":{"spotify":"https://open.spotify.com/artist/49ggXUsjVHl7BwwaiPUCn6"},"href":"https://api.spotify.com/v1/artists/49ggXUsjVHl7BwwaiPUCn6","id":"49ggXUsjVHl7BwwaiPUCn6","name":"Juan Duque","type":"artist","uri":"spotify:artist:49ggXUsjVHl7BwwaiPUCn6"},{"external_urls":{"spotify":"https://open.spotify.com/artist/7hIqJfRYGBWWT1Qxu6Cpd2"},"href":"https://api.spotify.com/v1/artists/7hIqJfRYGBWWT1Qxu6Cpd2","id":"7hIqJfRYGBWWT1Qxu6Cpd2","name":"Andy Rivera","type":"artist","uri":"spotify:artist:7hIqJfRYGBWWT1Qxu6Cpd2"}],"available_markets":["AR","AU","AT","BE","BO","BR","BG","CA","CL","CO","CR","CY","CZ","DK","DO","DE","EC","EE","SV","FI","FR","GR","GT","HN","HK","HU","IS","IE","IT","LV","LT","LU","MY","MT","MX","NL","NZ","NI","NO","PA","PY","PE","PH","PL","PT","SG","SK","ES","SE","CH","TW","TR","UY","US","GB","AD","LI","MC","ID","JP","TH","VN","RO","IL","ZA","SA","AE","BH","QA","OM","KW","EG","MA","DZ","TN","LB","JO","PS","IN","KZ","MD","UA","AL","BA","HR","ME","MK","RS","SI","KR","BD","PK","LK","GH","KE","NG","TZ","UG","AG","AM","BS","BB","BZ","BT","BW","BF","CV","CW","DM","FJ","GM","GE","GD","GW","GY","HT","JM","KI","LS","LR","MW","MV","ML","MH","FM","NA","NR","NE","PW","PG","PR","WS","SM","ST","SN","SC","SL","SB","KN","LC","VC","SR","TL","TO","TT","TV","VU","AZ","BN","BI","KH","CM","TD","KM","GQ","SZ","GA","GN","KG","LA","MO","MR","MN","NP","RW","TG","UZ","ZW","BJ","MG","MU","MZ","AO","CI","DJ","ZM","CD","CG","IQ","LY","TJ","VE","ET","XK"],"disc_number":1,"duration_ms":227134,"explicit":false,"external_urls":{"spotify":"https://open.spotify.com/track/0EilECsPdoe4BT4CqXHnMx"},"href":"https://api.spotify.com/v1/tracks/0EilECsPdoe4BT4CqXHnMx","id":"0EilECsPdoe4BT4CqXHnMx","name":"Ni Con Él, Ni Conmigo","preview_url":null,"track_number":7,"type":"track","uri":"spotify:track:0EilECsPdoe4BT4CqXHnMx","is_local":false},{"artists":[{"external_urls":{"spotify":"https://open.spotify.com/artist/49ggXUsjVHl7BwwaiPUCn6"},"href":"https://api.spotify.com/v1/artists/49ggXUsjVHl7BwwaiPUCn6","id":"49ggXUsjVHl7BwwaiPUCn6","name":"Juan Duque","type":"artist","uri":"spotify:artist:49ggXUsjVHl7BwwaiPUCn6"}],"available_markets":["AR","AU","AT","BE","BO","BR","BG","CA","CL","CO","CR","CY","CZ","DK","DO","DE","EC","EE","SV","FI","FR","GR","GT","HN","HK","HU","IS","IE","IT","LV","LT","LU","MY","MT","MX","NL","NZ","NI","NO","PA","PY","PE","PH","PL","PT","SG","SK","ES","SE","CH","TW","TR","UY","US","GB","AD","LI","MC","ID","JP","TH","VN","RO","IL","ZA","SA","AE","BH","QA","OM","KW","EG","MA","DZ","TN","LB","JO","PS","IN","KZ","MD","UA","AL","BA","HR","ME","MK","RS","SI","KR","BD","PK","LK","GH","KE","NG","TZ","UG","AG","AM","BS","BB","BZ","BT","BW","BF","CV","CW","DM","FJ","GM","GE","GD","GW","GY","HT","JM","KI","LS","LR","MW","MV","ML","MH","FM","NA","NR","NE","PW","PG","PR","WS","SM","ST","SN","SC","SL","SB","KN","LC","VC","SR","TL","TO","TT","TV","VU","AZ","BN","BI","KH","CM","TD","KM","GQ","SZ","GA","GN","KG","LA","MO","MR","MN","NP","RW","TG","UZ","ZW","BJ","MG","MU","MZ","AO","CI","DJ","ZM","CD","CG","IQ","LY","TJ","VE","ET","XK"],"disc_number":1,"duration_ms":123479,"explicit":false,"external_urls":{"spotify":"https://open.spotify.com/track/1nF0HQdfFofD3QQb5AOhoQ"},"href":"https://api.spotify.com/v1/tracks/1nF0HQdfFofD3QQb5AOhoQ","id":"1nF0HQdfFofD3QQb5AOhoQ","name":"Tutto Passa","preview_url":null,"track_number":8,"type":"track","uri":"spotify:track:1nF0HQdfFofD3QQb5AOhoQ","is_local":false},{"artists":[{"external_urls":{"spotify":"https://open.spotify.com/artist/49ggXUsjVHl7BwwaiPUCn6"},"href":"https://api.spotify.com/v1/artists/49ggXUsjVHl7BwwaiPUCn6","id":"49ggXUsjVHl7BwwaiPUCn6","name":"Juan Duque","type":"artist","uri":"spotify:artist:49ggXUsjVHl7BwwaiPUCn6"},{"external_urls":{"spotify":"https://open.spotify.com/artist/7suviBkoWX9uJG6ZWJLnPX"},"href":"https://api.spotify.com/v1/artists/7suviBkoWX9uJG6ZWJLnPX","id":"7suviBkoWX9uJG6ZWJLnPX","name":"GENERY","type":"artist","uri":"spotify:artist:7suviBkoWX9uJG6ZWJLnPX"}],"available_markets":["AR","AU","AT","BE","BO","BR","BG","CA","CL","CO","CR","CY","CZ","DK","DO","DE","EC","EE","SV","FI","FR","GR","GT","HN","HK","HU","IS","IE","IT","LV","LT","LU","MY","MT","MX","NL","NZ","NI","NO","PA","PY","PE","PH","PL","PT","SG","SK","ES","SE","CH","TW","TR","UY","US","GB","AD","LI","MC","ID","JP","TH","VN","RO","IL","ZA","SA","AE","BH","QA","OM","KW","EG","MA","DZ","TN","LB","JO","PS","IN","KZ","MD","UA","AL","BA","HR","ME","MK","RS","SI","KR","BD","PK","LK","GH","KE","NG","TZ","UG","AG","AM","BS","BB","BZ","BT","BW","BF","CV","CW","DM","FJ","GM","GE","GD","GW","GY","HT","JM","KI","LS","LR","MW","MV","ML","MH","FM","NA","NR","NE","PW","PG","PR","WS","SM","ST","SN","SC","SL","SB","KN","LC","VC","SR","TL","TO","TT","TV","VU","AZ","BN","BI","KH","CM","TD","KM","GQ","SZ","GA","GN","KG","LA","MO","MR","MN","NP","RW","TG","UZ","ZW","BJ","MG","MU","MZ","AO","CI","DJ","ZM","CD","CG","IQ","LY","TJ","VE","ET","XK"],"disc_number":1,"duration_ms":192289,"explicit":false,"external_urls":{"spotify":"https://open.spotify.com/track/0wcuuGPLcbdWOkiiVTROY7"},"href":"https://api.spotify.com/v1/tracks/0wcuuGPLcbdWOkiiVTROY7","id":"0wcuuGPLcbdWOkiiVTROY7","name":"La Cumbia","preview_url":null,"track_number":9,"type":"track","uri":"spotify:track:0wcuuGPLcbdWOkiiVTROY7","is_local":false},{"artists":[{"external_urls":{"spotify":"https://open.spotify.com/artist/49ggXUsjVHl7BwwaiPUCn6"},"href":"https://api.spotify.com/v1/artists/49ggXUsjVHl7BwwaiPUCn6","id":"49ggXUsjVHl7BwwaiPUCn6","name":"Juan Duque","type":"artist","uri":"spotify:artist:49ggXUsjVHl7BwwaiPUCn6"}],"available_markets":["AR","AU","AT","BE","BO","BR","BG","CA","CL","CO","CR","CY","CZ","DK","DO","DE","EC","EE","SV","FI","FR","GR","GT","HN","HK","HU","IS","IE","IT","LV","LT","LU","MY","MT","MX","NL","NZ","NI","NO","PA","PY","PE","PH","PL","PT","SG","SK","ES","SE","CH","TW","TR","UY","US","GB","AD","LI","MC","ID","JP","TH","VN","RO","IL","ZA","SA","AE","BH","QA","OM","KW","EG","MA","DZ","TN","LB","JO","PS","IN","KZ","MD","UA","AL","BA","HR","ME","MK","RS","SI","KR","BD","PK","LK","GH","KE","NG","TZ","UG","AG","AM","BS","BB","BZ","BT","BW","BF","CV","CW","DM","FJ","GM","GE","GD","GW","GY","HT","JM","KI","LS","LR","MW","MV","ML","MH","FM","NA","NR","NE","PW","PG","PR","WS","SM","ST","SN","SC","SL","SB","KN","LC","VC","SR","TL","TO","TT","TV","VU","AZ","BN","BI","KH","CM","TD","KM","GQ","SZ","GA","GN","KG","LA","MO","MR","MN","NP","RW","TG","UZ","ZW","BJ","MG","MU","MZ","AO","CI","DJ","ZM","CD","CG","IQ","LY","TJ","VE","ET","XK"],"disc_number":1,"duration_ms":169874,"explicit":false,"external_urls":{"spotify":"https://open.spotify.com/track/4ikQyjkaIXv4UJIZqGNxyy"},"href":"https://api.spotify.com/v1/tracks/4ikQyjkaIXv4UJIZqGNxyy","id":"4ikQyjkaIXv4UJIZqGNxyy","name":"Gracias Por Los Lunes","preview_url":null,"track_number":10,"type":"track","uri":"spotify:track:4ikQyjkaIXv4UJIZqGNxyy","is_local":false},{"artists":[{"external_urls":{"spotify":"https://open.spotify.com/artist/49ggXUsjVHl7BwwaiPUCn6"},"href":"https://api.spotify.com/v1/artists/49ggXUsjVHl7BwwaiPUCn6","id":"49ggXUsjVHl7BwwaiPUCn6","name":"Juan Duque","type":"artist","uri":"spotify:artist:49ggXUsjVHl7BwwaiPUCn6"}],"available_markets":["AR","AU","AT","BE","BO","BR","BG","CA","CL","CO","CR","CY","CZ","DK","DO","DE","EC","EE","SV","FI","FR","GR","GT","HN","HK","HU","IS","IE","IT","LV","LT","LU","MY","MT","MX","NL","NZ","NI","NO","PA","PY","PE","PH","PL","PT","SG","SK","ES","SE","CH","TW","TR","UY","US","GB","AD","LI","MC","ID","JP","TH","VN","RO","IL","ZA","SA","AE","BH","QA","OM","KW","EG","MA","DZ","TN","LB","JO","PS","IN","KZ","MD","UA","AL","BA","HR","ME","MK","RS","SI","KR","BD","PK","LK","GH","KE","NG","TZ","UG","AG","AM","BS","BB","BZ","BT","BW","BF","CV","CW","DM","FJ","GM","GE","GD","GW","GY","HT","JM","KI","LS","LR","MW","MV","ML","MH","FM","NA","NR","NE","PW","PG","PR","WS","SM","ST","SN","SC","SL","SB","KN","LC","VC","SR","TL","TO","TT","TV","VU","AZ","BN","BI","KH","CM","TD","KM","GQ","SZ","GA","GN","KG","LA","MO","MR","MN","NP","RW","TG","UZ","ZW","BJ","MG","MU","MZ","AO","CI","DJ","ZM","CD","CG","IQ","LY","TJ","VE","ET","XK"],"disc_number":1,"duration_ms":173928,"explicit":false,"external_urls":{"spotify":"https://open.spotify.com/track/4FkkeeYhT95EtnPCmSPuU4"},"href":"https://api.spotify.com/v1/tracks/4FkkeeYhT95EtnPCmSPuU4","id":"4FkkeeYhT95EtnPCmSPuU4","name":"Malo Hablar","preview_url":null,"track_number":11,"type":"track","uri":"spotify:track:4FkkeeYhT95EtnPCmSPuU4","is_local":false},{"artists":[{"external_urls":{"spotify":"https://open.spotify.com/artist/49ggXUsjVHl7BwwaiPUCn6"},"href":"https://api.spotify.com/v1/artists/49ggXUsjVHl7BwwaiPUCn6","id":"49ggXUsjVHl7BwwaiPUCn6","name":"Juan Duque","type":"artist","uri":"spotify:artist:49ggXUsjVHl7BwwaiPUCn6"}],"available_markets":["AR","AU","AT","BE","BO","BR","BG","CA","CL","CO","CR","CY","CZ","DK","DO","DE","EC","EE","SV","FI","FR","GR","GT","HN","HK","HU","IS","IE","IT","LV","LT","LU","MY","MT","MX","NL","NZ","NI","NO","PA","PY","PE","PH","PL","PT","SG","SK","ES","SE","CH","TW","TR","UY","US","GB","AD","LI","MC","ID","JP","TH","VN","RO","IL","ZA","SA","AE","BH","QA","OM","KW","EG","MA","DZ","TN","LB","JO","PS","IN","KZ","MD","UA","AL","BA","HR","ME","MK","RS","SI","KR","BD","PK","LK","GH","KE","NG","TZ","UG","AG","AM","BS","BB","BZ","BT","BW","BF","CV","CW","DM","FJ","GM","GE","GD","GW","GY","HT","JM","KI","LS","LR","MW","MV","ML","MH","FM","NA","NR","NE","PW","PG","PR","WS","SM","ST","SN","SC","SL","SB","KN","LC","VC","SR","TL","TO","TT","TV","VU","AZ","BN","BI","KH","CM","TD","KM","GQ","SZ","GA","GN","KG","LA","MO","MR","MN","NP","RW","TG","UZ","ZW","BJ","MG","MU","MZ","AO","CI","DJ","ZM","CD","CG","IQ","LY","TJ","VE","ET","XK"],"disc_number":1,"duration_ms":167066,"explicit":false,"external_urls":{"spotify":"https://open.spotify.com/track/6HVy24A630Bjg7vlKdPLbs"},"href":"https://api.spotify.com/v1/tracks/6HVy24A630Bjg7vlKdPLbs","id":"6HVy24A630Bjg7vlKdPLbs","name":"El Voldemor","preview_url":null,"track_number":12,"type":"track","uri":"spotify:track:6HVy24A630Bjg7vlKdPLbs","is_local":false},{"artists":[{"external_urls":{"spotify":"https://open.spotify.com/artist/49ggXUsjVHl7BwwaiPUCn6"},"href":"https://api.spotify.com/v1/artists/49ggXUsjVHl7BwwaiPUCn6","id":"49ggXUsjVHl7BwwaiPUCn6","name":"Juan Duque","type":"artist","uri":"spotify:artist:49ggXUsjVHl7BwwaiPUCn6"}],"available_markets":["AR","AU","AT","BE","BO","BR","BG","CA","CL","CO","CR","CY","CZ","DK","DO","DE","EC","EE","SV","FI","FR","GR","GT","HN","HK","HU","IS","IE","IT","LV","LT","LU","MY","MT","MX","NL","NZ","NI","NO","PA","PY","PE","PH","PL","PT","SG","SK","ES","SE","CH","TW","TR","UY","US","GB","AD","LI","MC","ID","JP","TH","VN","RO","IL","ZA","SA","AE","BH","QA","OM","KW","EG","MA","DZ","TN","LB","JO","PS","IN","KZ","MD","UA","AL","BA","HR","ME","MK","RS","SI","KR","BD","PK","LK","GH","KE","NG","TZ","UG","AG","AM","BS","BB","BZ","BT","BW","BF","CV","CW","DM","FJ","GM","GE","GD","GW","GY","HT","JM","KI","LS","LR","MW","MV","ML","MH","FM","NA","NR","NE","PW","PG","PR","WS","SM","ST","SN","SC","SL","SB","KN","LC","VC","SR","TL","TO","TT","TV","VU","AZ","BN","BI","KH","CM","TD","KM","GQ","SZ","GA","GN","KG","LA","MO","MR","MN","NP","RW","TG","UZ","ZW","BJ","MG","MU","MZ","AO","CI","DJ","ZM","CD","CG","IQ","LY","TJ","VE","ET","XK"],"disc_number":1,"duration_ms":176360,"explicit":false,"external_urls":{"spotify":"https://open.spotify.com/track/13oP6CyWpG7Q6492H8v561"},"href":"https://api.spotify.com/v1/tracks/13oP6CyWpG7Q6492H8v561","id":"13oP6CyWpG7Q6492H8v561","name":"Lejos De Mis Ojos","preview_url":null,"track_number":13,"type":"track","uri":"spotify:track:13oP6CyWpG7Q6492H8v561","is_local":false}]},"copyrights":[{"text":"© 2024 Wawatown, LLC, under exclusive license to Warner Music Latina Inc.","type":"C"},{"text":"℗ 2024 Wawatown, LLC, under exclusive license to Warner Music Latina Inc.","type":"P"}],"external_ids":{"upc":"5021732553867"},"genres":[],"label":"WEA Latina","popularity":55},{"album_type":"album","total_tracks":14,"available_markets":["AR","AU","AT","BE","BO","BR","BG","CA","CL","CO","CR","CY","CZ","DK","DO","DE","EC","EE","SV","FI","FR","GR","GT","HN","HK","HU","IS","IE","IT","LV","LT","LU","MY","MT","MX","NL","NZ","NI","NO","PA","PY","PE","PH","PL","PT","SG","SK","ES","SE","CH","TW","TR","UY","US","GB","AD","LI","MC","ID","JP","TH","VN","RO","IL","ZA","SA","AE","BH","QA","OM","KW","EG","MA","DZ","TN","LB","JO","PS","IN","BY","KZ","MD","UA","AL","BA","HR","ME","MK","RS","SI","KR","BD","PK","LK","GH","KE","NG","TZ","UG","AG","AM","BS","BB","BZ","BT","BW","BF","CV","CW","DM","FJ","GM","GE","GD","GW","GY","HT","JM","KI","LS","LR","MW","MV","ML","MH","FM","NA","NR","NE","PW","PG","PR","WS","SM","ST","SN","SC","SL","SB","KN","LC","VC","SR","TL","TO","TT","TV","VU","AZ","BN","BI","KH","CM","TD","KM","GQ","SZ","GA","GN","KG","LA","MO","MR","MN","NP","RW","TG","UZ","ZW","BJ","MG","MU","MZ","AO","CI","DJ","ZM","CD","CG","IQ","LY","TJ","VE","ET","XK"],"external_urls":{"spotify":"https://open.spotify.com/album/2c4kX5vwi2QnarQQyfXsA1"},"href":"https://api.spotify.com/v1/albums/2c4kX5vwi2QnarQQyfXsA1","id":"2c4kX5vwi2QnarQQyfXsA1","images":[{"url":"https://i.scdn.co/image/ab67616d0000b2738c6d5ab63909ce0b3709fd8a","height":640,"width":640},{"url":"https://i.scdn.co/image/ab67616d00001e028c6d5ab63909ce0b3709fd8a","height":300,"width":300},{"url":"https://i.scdn.co/image/ab67616d000048518c6d5ab63909ce0b3709fd8a","height":64,"width":64}],"name":"Tranki, Todo Pasa","release_date":"2024-11-29","release_date_precision":"day","type":"album","uri":"spotify:album:2c4kX5vwi2QnarQQyfXsA1","artists":[{"external_urls":{"spotify":"https://open.spotify.com/artist/77ziqFxp5gaInVrF2lj4ht"},"href":"https://api.spotify.com/v1/artists/77ziqFxp5gaInVrF2lj4ht","id":"77ziqFxp5gaInVrF2lj4ht","name":"Sech","type":"artist","uri":"spotify:artist:77ziqFxp5gaInVrF2lj4ht"}],"tracks":{"href":"https://api.spotify.com/v1/albums/2c4kX5vwi2QnarQQyfXsA1/tracks?offset=0&limit=50","limit":50,"next":null,"offset":0,"previous":null,"total":14,"items":[{"artists":[{"external_urls":{"spotify":"https://open.spotify.com/artist/77ziqFxp5gaInVrF2lj4ht"},"href":"https://api.spotify.com/v1/artists/77ziqFxp5gaInVrF2lj4ht","id":"77ziqFxp5gaInVrF2lj4ht","name":"Sech","type":"artist","uri":"spotify:artist:77ziqFxp5gaInVrF2lj4ht"}],"available_markets":["AR","AU","AT","BE","BO","BR","BG","CA","CL","CO","CR","CY","CZ","DK","DO","DE","EC","EE","SV","FI","FR","GR","GT","HN","HK","HU","IS","IE","IT","LV","LT","LU","MY","MT","MX","NL","NZ","NI","NO","PA","PY","PE","PH","PL","PT","SG","SK","ES","SE","CH","TW","TR","UY","US","GB","AD","LI","MC","ID","JP","TH","VN","RO","IL","ZA","SA","AE","BH","QA","OM","KW","EG","MA","DZ","TN","LB","JO","PS","IN","BY","KZ","MD","UA","AL","BA","HR","ME","MK","RS","SI","KR","BD","PK","LK","GH","KE","NG","TZ","UG","AG","AM","BS","BB","BZ","BT","BW","BF","CV","CW","DM","FJ","GM","GE","GD","GW","GY","HT","JM","KI","LS","LR","MW","MV","ML","MH","FM","NA","NR","NE","PW","PG","PR","WS","SM","ST","SN","SC","SL","SB","KN","LC","VC","SR","TL","TO","TT","TV","VU","AZ","BN","BI","KH","CM","TD","KM","GQ","SZ","GA","GN","KG","LA","MO","MR","MN","NP","RW","TG","UZ","ZW","BJ","MG","MU","MZ","AO","CI","DJ","ZM","CD","CG","IQ","LY","TJ","VE","ET","XK"],"disc_number":1,"duration_ms":175102,"explicit":true,"external_urls":{"spotify":"https://open.spotify.com/track/2CxgzjYpCAQqeB2J2OPd5H"},"href":"https://api.spotify.com/v1/tracks/2CxgzjYpCAQqeB2J2OPd5H","id":"2CxgzjYpCAQqeB2J2OPd5H","name":"TOY PERDIO","preview_url":null,"track_number":1,"type":"track","uri":"spotify:track:2CxgzjYpCAQqeB2J2OPd5H","is_local":false},{"artists":[{"external_urls":{"spotify":"https://open.spotify.com/artist/77ziqFxp5gaInVrF2lj4ht"},"href":"https://api.spotify.com/v1/artists/77ziqFxp5gaInVrF2lj4ht","id":"77ziqFxp5gaInVrF2lj4ht","name":"Sech","type":"artist","uri":"spotify:artist:77ziqFxp5gaInVrF2lj4ht"}],"available_markets":["AR","AU","AT","BE","BO","BR","BG","CA","CL","CO","CR","CY","CZ","DK","DO","DE","EC","EE","SV","FI","FR","GR","GT","HN","HK","HU","IS","IE","IT","LV","LT","LU","MY","MT","MX","NL","NZ","NI","NO","PA","PY","PE","PH","PL","PT","SG","SK","ES","SE","CH","TW","TR","UY","US","GB","AD","LI","MC","ID","JP","TH","VN","RO","IL","ZA","SA","AE","BH","QA","OM","KW","EG","MA","DZ","TN","LB","JO","PS","IN","BY","KZ","MD","UA","AL","BA","HR","ME","MK","RS","SI","KR","BD","PK","LK","GH","KE","NG","TZ","UG","AG","AM","BS","BB","BZ","BT","BW","BF","CV","CW","DM","FJ","GM","GE","GD","GW","GY","HT","JM","KI","LS","LR","MW","MV","ML","MH","FM","NA","NR","NE","PW","PG","PR","WS","SM","ST","SN","SC","SL","SB","KN","LC","VC","SR","TL","TO","TT","TV","VU","AZ","BN","BI","KH","CM","TD","KM","GQ","SZ","GA","GN","KG","LA","MO","MR","MN","NP","RW","TG","UZ","ZW","BJ","MG","MU","MZ","AO","CI","DJ","ZM","CD","CG","IQ","LY","TJ","VE","ET","XK"],"disc_number":1,"duration_ms":120326,"explicit":true,"external_urls":{"spotify":"https://open.spotify.com/track/3dVna6PoDxtd7QHtXpq2wX"},"href":"https://api.spotify.com/v1/tracks/3dVna6PoDxtd7QHtXpq2wX","id":"3dVna6PoDxtd7QHtXpq2wX","name":"Tarde","preview_url":null,"track_number":2,"type":"track","uri":"spotify:track:3dVna6PoDxtd7QHtXpq2wX","is_local":false},{"artists":[{"external_urls":{"spotify":"https://open.spotify.com/artist/77ziqFxp5gaInVrF2lj4ht"},"href":"https://api.spotify.com/v1/artists/77ziqFxp5gaInVrF2lj4ht","id":"77ziqFxp5gaInVrF2lj4ht","name":"Sech","type":"artist","uri":"spotify:artist:77ziqFxp5gaInVrF2lj4ht"},{"external_urls":{"spotify":"https://open.spotify.com/artist/54seKvtsZauR1iauN0ptpo"},"href":"https://api.spotify.com/v1/artists/54seKvtsZauR1iauN0ptpo","id":"54seKvtsZauR1iauN0ptpo","name":"De La Rose","type":"artist","uri":"spotify:artist:54seKvtsZauR1iauN0ptpo"}],"available_markets":["AR","AU","AT","BE","BO","BR","BG","CA","CL","CO","CR","CY","CZ","DK","DO","DE","EC","EE","SV","FI","FR","GR","GT","HN","HK","HU","IS","IE","IT","LV","LT","LU","MY","MT","MX","NL","NZ","NI","NO","PA","PY","PE","PH","PL","PT","SG","SK","ES","SE","CH","TW","TR","UY","US","GB","AD","LI","MC","ID","JP","TH","VN","RO","IL","ZA","SA","AE","BH","QA","OM","KW","EG","MA","DZ","TN","LB","JO","PS","IN","BY","KZ","MD","UA","AL","BA","HR","ME","MK","RS","SI","KR","BD","PK","LK","GH","KE","NG","TZ","UG","AG","AM","BS","BB","BZ","BT","BW","BF","CV","CW","DM","FJ","GM","GE","GD","GW","GY","HT","JM","KI","LS","LR","MW","MV","ML","MH","FM","NA","NR","NE","PW","PG","PR","WS","SM","ST","SN","SC","SL","SB","KN","LC","VC","SR","TL","TO","TT","TV","VU","AZ","BN","BI","KH","CM","TD","KM","GQ","SZ","GA","GN","KG","LA","MO","MR","MN","NP","RW","TG","UZ","ZW","BJ","MG","MU","MZ","AO","CI","DJ","ZM","CD","CG","IQ","LY","TJ","VE","ET","XK"],"disc_number":1,"duration_ms":222941,"explicit":false,"external_urls":{"spotify":"https://open.spotify.com/track/6Kg5oP7ERvrElz7zuHITAb"},"href":"https://api.spotify.com/v1/tracks/6Kg5oP7ERvrElz7zuHITAb","id":"6Kg5oP7ERvrElz7zuHITAb","name":"Gym Girl","preview_url":null,"track_number":3,"type":"track","uri":"spotify:track:6Kg5oP7ERvrElz7zuHITAb","is_local":false},{"artists":[{"external_urls":{"spotify":"https://open.spotify.com/artist/77ziqFxp5gaInVrF2lj4ht"},"href":"https://api.spotify.com/v1/artists/77ziqFxp5gaInVrF2lj4ht","id":"77ziqFxp5gaInVrF2lj4ht","name":"Sech","type":"artist","uri":"spotify:artist:77ziqFxp5gaInVrF2lj4ht"}],"available_markets":["AR","AU","AT","BE","BO","BR","BG","CA","CL","CO","CR","CY","CZ","DK","DO","DE","EC","EE","SV","FI","FR","GR","GT","HN","HK","HU","IS","IE","IT","LV","LT","LU","MY","MT","MX","NL","NZ","NI","NO","PA","PY","PE","PH","PL","PT","SG","SK","ES","SE","CH","TW","TR","UY","US","GB","AD","LI","MC","ID","JP","TH","VN","RO","IL","ZA","SA","AE","BH","QA","OM","KW","EG","MA","DZ","TN","LB","JO","PS","IN","BY","KZ","MD","UA","AL","BA","HR","ME","MK","RS","SI","KR","BD","PK","LK","GH","KE","NG","TZ","UG","AG","AM","BS","BB","BZ","BT","BW","BF","CV","CW","DM","FJ","GM","GE","GD","GW","GY","HT","JM","KI","LS","LR","MW","MV","ML","MH","FM","NA","NR","NE","PW","PG","PR","WS","SM","ST","SN","SC","SL","SB","KN","LC","VC","SR","TL","TO","TT","TV","VU","AZ","BN","BI","KH","CM","TD","KM","GQ","SZ","GA","GN","KG","LA","MO","MR","MN","NP","RW","TG","UZ","ZW","BJ","MG","MU","MZ","AO","CI","DJ","ZM","CD","CG","IQ","LY","TJ","VE","ET","XK"],"disc_number":1,"duration_ms":187741,"explicit":true,"external_urls":{"spotify":"https://open.spotify.com/track/72vArzlpP73tNgZlQfzxOl"},"href":"https://api.spotify.com/v1/tracks/72vArzlpP73tNgZlQfzxOl","id":"72vArzlpP73tNgZlQfzxOl","name":"Chiste JAJA","preview_url":null,"track_number":4,"type":"track","uri":"spotify:track:72vArzlpP73tNgZlQfzxOl","is_local":false},{"artists":[{"external_urls":{"spotify":"https://open.spotify.com/artist/77ziqFxp5gaInVrF2lj4ht"},"href":"https://api.spotify.com/v1/artists/77ziqFxp5gaInVrF2lj4ht","id":"77ziqFxp5gaInVrF2lj4ht","name":"Sech","type":"artist","uri":"spotify:artist:77ziqFxp5gaInVrF2lj4ht"}],"available_markets":["AR","AU","AT","BE","BO","BR","BG","CA","CL","CO","CR","CY","CZ","DK","DO","DE","EC","EE","SV","FI","FR","GR","GT","HN","HK","HU","IS","IE","IT","LV","LT","LU","MY","MT","MX","NL","NZ","NI","NO","PA","PY","PE","PH","PL","PT","SG","SK","ES","SE","CH","TW","TR","UY","US","GB","AD","LI","MC","ID","JP","TH","VN","RO","IL","ZA","SA","AE","BH","QA","OM","KW","EG","MA","DZ","TN","LB","JO","PS","IN","BY","KZ","MD","UA","AL","BA","HR","ME","MK","RS","SI","KR","BD","PK","LK","GH","KE","NG","TZ","UG","AG","AM","BS","BB","BZ","BT","BW","BF","CV","CW","DM","FJ","GM","GE","GD","GW","GY","HT","JM","KI","LS","LR","MW","MV","ML","MH","FM","NA","NR","NE","PW","PG","PR","WS","SM","ST","SN","SC","SL","SB","KN","LC","VC","SR","TL","TO","TT","TV","VU","AZ","BN","BI","KH","CM","TD","KM","GQ","SZ","GA","GN","KG","LA","MO","MR","MN","NP","RW","TG","UZ","ZW","BJ","MG","MU","MZ","AO","CI","DJ","ZM","CD","CG","IQ","LY","TJ","VE","ET","XK"],"disc_number":1,"duration_ms":185700,"explicit":false,"external_urls":{"spotify":"https://open.spotify.com/track/7LylJimmD7ChDg0TnNybAx"},"href":"https://api.spotify.com/v1/tracks/7LylJimmD7ChDg0TnNybAx","id":"7LylJimmD7ChDg0TnNybAx","name":"Picasso","preview_url":null,"track_number":5,"type":"track","uri":"spotify:track:7LylJimmD7ChDg0TnNybAx","is_local":false},{"artists":[{"external_urls":{"spotify":"https://open.spotify.com/artist/77ziqFxp5gaInVrF2lj4ht"},"href":"https://api.spotify.com/v1/artists/77ziqFxp5gaInVrF2lj4ht","id":"77ziqFxp5gaInVrF2lj4ht","name":"Sech","type":"artist","uri":"spotify:artist:77ziqFxp5gaInVrF2lj4ht"},{"external_urls":{"spotify":"https://open.spotify.com/artist/0zO8yNnw5GQgutcIyXfGBY"},"href":"https://api.spotify.com/v1/artists/0zO8yNnw5GQgutcIyXfGBY","id":"0zO8yNnw5GQgutcIyXfGBY","name":"ELENA ROSE","type":"artist","uri":"spotify:artist:0zO8yNnw5GQgutcIyXfGBY"}],"available_markets":["AR","AU","AT","BE","BO","BR","BG","CA","CL","CO","CR","CY","CZ","DK","DO","DE","EC","EE","SV","FI","FR","GR","GT","HN","HK","HU","IS","IE","IT","LV","LT","LU","MY","MT","MX","NL","NZ","NI","NO","PA","PY","PE","PH","PL","PT","SG","SK","ES","SE","CH","TW","TR","UY","US","GB","AD","LI","MC","ID","JP","TH","VN","RO","IL","ZA","SA","AE","BH","QA","OM","KW","EG","MA","DZ","TN","LB","JO","PS","IN","BY","KZ","MD","UA","AL","BA","HR","ME","MK","RS","SI","KR","BD","PK","LK","GH","KE","NG","TZ","UG","AG","AM","BS","BB","BZ","BT","BW","BF","CV","CW","DM","FJ","GM","GE","GD","GW","GY","HT","JM","KI","LS","LR","MW","MV","ML","MH","FM","NA","NR","NE","PW","PG","PR","WS","SM","ST","SN","SC","SL","SB","KN","LC","VC","SR","TL","TO","TT","TV","VU","AZ","BN","BI","KH","CM","TD","KM","GQ","SZ","GA","GN","KG","LA","MO","MR","MN","NP","RW","TG","UZ","ZW","BJ","MG","MU","MZ","AO","CI","DJ","ZM","CD","CG","IQ","LY","TJ","VE","ET","XK"],"disc_number":1,"duration_ms":202977,"explicit":false,"external_urls":{"spotify":"https://open.spotify.com/track/2Zf8S5NZLaSdg45naNO1sP"},"href":"https://api.spotify.com/v1/tracks/2Zf8S5NZLaSdg45naNO1sP","id":"2Zf8S5NZLaSdg45naNO1sP","name":"1-0","preview_url":null,"track_number":6,"type":"track","uri":"spotify:track:2Zf8S5NZLaSdg45naNO1sP","is_local":false},{"artists":[{"external_urls":{"spotify":"https://open.spotify.com/artist/77ziqFxp5gaInVrF2lj4ht"},"href":"https://api.spotify.com/v1/artists/77ziqFxp5gaInVrF2lj4ht","id":"77ziqFxp5gaInVrF2lj4ht","name":"Sech","type":"artist","uri":"spotify:artist:77ziqFxp5gaInVrF2lj4ht"}],"available_markets":["AR","AU","AT","BE","BO","BR","BG","CA","CL","CO","CR","CY","CZ","DK","DO","DE","EC","EE","SV","FI","FR","GR","GT","HN","HK","HU","IS","IE","IT","LV","LT","LU","MY","MT","MX","NL","NZ","NI","NO","PA","PY","PE","PH","PL","PT","SG","SK","ES","SE","CH","TW","TR","UY","US","GB","AD","LI","MC","ID","JP","TH","VN","RO","IL","ZA","SA","AE","BH","QA","OM","KW","EG","MA","DZ","TN","LB","JO","PS","IN","BY","KZ","MD","UA","AL","BA","HR","ME","MK","RS","SI","KR","BD","PK","LK","GH","KE","NG","TZ","UG","AG","AM","BS","BB","BZ","BT","BW","BF","CV","CW","DM","FJ","GM","GE","GD","GW","GY","HT","JM","KI","LS","LR","MW","MV","ML","MH","FM","NA","NR","NE","PW","PG","PR","WS","SM","ST","SN","SC","SL","SB","KN","LC","VC","SR","TL","TO","TT","TV","VU","AZ","BN","BI","KH","CM","TD","KM","GQ","SZ","GA","GN","KG","LA","MO","MR","MN","NP","RW","TG","UZ","ZW","BJ","MG","MU","MZ","AO","CI","DJ","ZM","CD","CG","IQ","LY","TJ","VE","ET","XK"],"disc_number":1,"duration_ms":202199,"explicit":false,"external_urls":{"spotify":"https://open.spotify.com/track/3NsWqQ3AKc4wTlhd1KG67C"},"href":"https://api.spotify.com/v1/tracks/3NsWqQ3AKc4wTlhd1KG67C","id":"3NsWqQ3AKc4wTlhd1KG67C","name":"Me Quedé Off","preview_url":null,"track_number":7,"type":"track","uri":"spotify:track:3NsWqQ3AKc4wTlhd1KG67C","is_local":false},{"artists":[{"external_urls":{"spotify":"https://open.spotify.com/artist/77ziqFxp5gaInVrF2lj4ht"},"href":"https://api.spotify.com/v1/artists/77ziqFxp5gaInVrF2lj4ht","id":"77ziqFxp5gaInVrF2lj4ht","name":"Sech","type":"artist","uri":"spotify:artist:77ziqFxp5gaInVrF2lj4ht"}],"available_markets":["AR","AU","AT","BE","BO","BR","BG","CA","CL","CO","CR","CY","CZ","DK","DO","DE","EC","EE","SV","FI","FR","GR","GT","HN","HK","HU","IS","IE","IT","LV","LT","LU","MY","MT","MX","NL","NZ","NI","NO","PA","PY","PE","PH","PL","PT","SG","SK","ES","SE","CH","TW","TR","UY","US","GB","AD","LI","MC","ID","JP","TH","VN","RO","IL","ZA","SA","AE","BH","QA","OM","KW","EG","MA","DZ","TN","LB","JO","PS","IN","BY","KZ","MD","UA","AL","BA","HR","ME","MK","RS","SI","KR","BD","PK","LK","GH","KE","NG","TZ","UG","AG","AM","BS","BB","BZ","BT","BW","BF","CV","CW","DM","FJ","GM","GE","GD","GW","GY","HT","JM","KI","LS","LR","MW","MV","ML","MH","FM","NA","NR","NE","PW","PG","PR","WS","SM","ST","SN","SC","SL","SB","KN","LC","VC","SR","TL","TO","TT","TV","VU","AZ","BN","BI","KH","CM","TD","KM","GQ","SZ","GA","GN","KG","LA","MO","MR","MN","NP","RW","TG","UZ","ZW","BJ","MG","MU","MZ","AO","CI","DJ","ZM","CD","CG","IQ","LY","TJ","VE","ET","XK"],"disc_number":1,"duration_ms":76000,"explicit":false,"external_urls":{"spotify":"https://open.spotify.com/track/4b4prCN3W9eLtsYio6qQLY"},"href":"https://api.spotify.com/v1/tracks/4b4prCN3W9eLtsYio6qQLY","id":"4b4prCN3W9eLtsYio6qQLY","name":"Tranki, Todo Pasa Interlude","preview_url":null,"track_number":8,"type":"track","uri":"spotify:track:4b4prCN3W9eLtsYio6qQLY","is_local":false},{"artists":[{"external_urls":{"spotify":"https://open.spotify.com/artist/77ziqFxp5gaInVrF2lj4ht"},"href":"https://api.spotify.com/v1/artists/77ziqFxp5gaInVrF2lj4ht","id":"77ziqFxp5gaInVrF2lj4ht","name":"Sech","type":"artist","uri":"spotify:artist:77ziqFxp5gaInVrF2lj4ht"},{"external_urls":{"spotify":"https://open.spotify.com/artist/7a0XAaPaK2aDSqa8p3QnC7"},"href":"https://api.spotify.com/v1/artists/7a0XAaPaK2aDSqa8p3QnC7","id":"7a0XAaPaK2aDSqa8p3QnC7","name":"Beéle","type":"artist","uri":"spotify:artist:7a0XAaPaK2aDSqa8p3QnC7"}],"available_markets":["AR","AU","AT","BE","BO","BR","BG","CA","CL","CO","CR","CY","CZ","DK","DO","DE","EC","EE","SV","FI","FR","GR","GT","HN","HK","HU","IS","IE","IT","LV","LT","LU","MY","MT","MX","NL","NZ","NI","NO","PA","PY","PE","PH","PL","PT","SG","SK","ES","SE","CH","TW","TR","UY","US","GB","AD","LI","MC","ID","JP","TH","VN","RO","IL","ZA","SA","AE","BH","QA","OM","KW","EG","MA","DZ","TN","LB","JO","PS","IN","BY","KZ","MD","UA","AL","BA","HR","ME","MK","RS","SI","KR","BD","PK","LK","GH","KE","NG","TZ","UG","AG","AM","BS","BB","BZ","BT","BW","BF","CV","CW","DM","FJ","GM","GE","GD","GW","GY","HT","JM","KI","LS","LR","MW","MV","ML","MH","FM","NA","NR","NE","PW","PG","PR","WS","SM","ST","SN","SC","SL","SB","KN","LC","VC","SR","TL","TO","TT","TV","VU","AZ","BN","BI","KH","CM","TD","KM","GQ","SZ","GA","GN","KG","LA","MO","MR","MN","NP","RW","TG","UZ","ZW","BJ","MG","MU","MZ","AO","CI","DJ","ZM","CD","CG","IQ","LY","TJ","VE","ET","XK"],"disc_number":1,"duration_ms":195903,"explicit":false,"external_urls":{"spotify":"https://open.spotify.com/track/6beUeiXO8rabGQ6Qv9vWsD"},"href":"https://api.spotify.com/v1/tracks/6beUeiXO8rabGQ6Qv9vWsD","id":"6beUeiXO8rabGQ6Qv9vWsD","name":"Tus Labios - Remix","preview_url":null,"track_number":9,"type":"track","uri":"spotify:track:6beUeiXO8rabGQ6Qv9vWsD","is_local":false},{"artists":[{"external_urls":{"spotify":"https://open.spotify.com/artist/77ziqFxp5gaInVrF2lj4ht"},"href":"https://api.spotify.com/v1/artists/77ziqFxp5gaInVrF2lj4ht","id":"77ziqFxp5gaInVrF2lj4ht","name":"Sech","type":"artist","uri":"spotify:artist:77ziqFxp5gaInVrF2lj4ht"}],"available_markets":["AR","AU","AT","BE","BO","BR","BG","CA","CL","CO","CR","CY","CZ","DK","DO","DE","EC","EE","SV","FI","FR","GR","GT","HN","HK","HU","IS","IE","IT","LV","LT","LU","MY","MT","MX","NL","NZ","NI","NO","PA","PY","PE","PH","PL","PT","SG","SK","ES","SE","CH","TW","TR","UY","US","GB","AD","LI","MC","ID","JP","TH","VN","RO","IL","ZA","SA","AE","BH","QA","OM","KW","EG","MA","DZ","TN","LB","JO","PS","IN","BY","KZ","MD","UA","AL","BA","HR","ME","MK","RS","SI","KR","BD","PK","LK","GH","KE","NG","TZ","UG","AG","AM","BS","BB","BZ","BT","BW","BF","CV","CW","DM","FJ","GM","GE","GD","GW","GY","HT","JM","KI","LS","LR","MW","MV","ML","MH","FM","NA","NR","NE","PW","PG","PR","WS","SM","ST","SN","SC","SL","SB","KN","LC","VC","SR","TL","TO","TT","TV","VU","AZ","BN","BI","KH","CM","TD","KM","GQ","SZ","GA","GN","KG","LA","MO","MR","MN","NP","RW","TG","UZ","ZW","BJ","MG","MU","MZ","AO","CI","DJ","ZM","CD","CG","IQ","LY","TJ","VE","ET","XK"],"disc_number":1,"duration_ms":154421,"explicit":false,"external_urls":{"spotify":"https://open.spotify.com/track/2hKZlaSnEmIt5ZRDVMBm9X"},"href":"https://api.spotify.com/v1/tracks/2hKZlaSnEmIt5ZRDVMBm9X","id":"2hKZlaSnEmIt5ZRDVMBm9X","name":"Aquí Pensando","preview_url":null,"track_number":10,"type":"track","uri":"spotify:track:2hKZlaSnEmIt5ZRDVMBm9X","is_local":false},{"artists":[{"external_urls":{"spotify":"https://open.spotify.com/artist/77ziqFxp5gaInVrF2lj4ht"},"href":"https://api.spotify.com/v1/artists/77ziqFxp5gaInVrF2lj4ht","id":"77ziqFxp5gaInVrF2lj4ht","name":"Sech","type":"artist","uri":"spotify:artist:77ziqFxp5gaInVrF2lj4ht"}],"available_markets":["AR","AU","AT","BE","BO","BR","BG","CA","CL","CO","CR","CY","CZ","DK","DO","DE","EC","EE","SV","FI","FR","GR","GT","HN","HK","HU","IS","IE","IT","LV","LT","LU","MY","MT","MX","NL","NZ","NI","NO","PA","PY","PE","PH","PL","PT","SG","SK","ES","SE","CH","TW","TR","UY","US","GB","AD","LI","MC","ID","JP","TH","VN","RO","IL","ZA","SA","AE","BH","QA","OM","KW","EG","MA","DZ","TN","LB","JO","PS","IN","BY","KZ","MD","UA","AL","BA","HR","ME","MK","RS","SI","KR","BD","PK","LK","GH","KE","NG","TZ","UG","AG","AM","BS","BB","BZ","BT","BW","BF","CV","CW","DM","FJ","GM","GE","GD","GW","GY","HT","JM","KI","LS","LR","MW","MV","ML","MH","FM","NA","NR","NE","PW","PG","PR","WS","SM","ST","SN","SC","SL","SB","KN","LC","VC","SR","TL","TO","TT","TV","VU","AZ","BN","BI","KH","CM","TD","KM","GQ","SZ","GA","GN","KG","LA","MO","MR","MN","NP","RW","TG","UZ","ZW","BJ","MG","MU","MZ","AO","CI","DJ","ZM","CD","CG","IQ","LY","TJ","VE","ET","XK"],"disc_number":1,"duration_ms":176470,"explicit":false,"external_urls":{"spotify":"https://open.spotify.com/track/5UuecYyCOdXr53It6Qsn3W"},"href":"https://api.spotify.com/v1/tracks/5UuecYyCOdXr53It6Qsn3W","id":"5UuecYyCOdXr53It6Qsn3W","name":"Deli Gourmet","preview_url":null,"track_number":11,"type":"track","uri":"spotify:track:5UuecYyCOdXr53It6Qsn3W","is_local":false},{"artists":[{"external_urls":{"spotify":"https://open.spotify.com/artist/77ziqFxp5gaInVrF2lj4ht"},"href":"https://api.spotify.com/v1/artists/77ziqFxp5gaInVrF2lj4ht","id":"77ziqFxp5gaInVrF2lj4ht","name":"Sech","type":"artist","uri":"spotify:artist:77ziqFxp5gaInVrF2lj4ht"}],"available_markets":["AR","AU","AT","BE","BO","BR","BG","CA","CL","CO","CR","CY","CZ","DK","DO","DE","EC","EE","SV","FI","FR","GR","GT","HN","HK","HU","IS","IE","IT","LV","LT","LU","MY","MT","MX","NL","NZ","NI","NO","PA","PY","PE","PH","PL","PT","SG","SK","ES","SE","CH","TW","TR","UY","US","GB","AD","LI","MC","ID","JP","TH","VN","RO","IL","ZA","SA","AE","BH","QA","OM","KW","EG","MA","DZ","TN","LB","JO","PS","IN","BY","KZ","MD","UA","AL","BA","HR","ME","MK","RS","SI","KR","BD","PK","LK","GH","KE","NG","TZ","UG","AG","AM","BS","BB","BZ","BT","BW","BF","CV","CW","DM","FJ","GM","GE","GD","GW","GY","HT","JM","KI","LS","LR","MW","MV","ML","MH","FM","NA","NR","NE","PW","PG","PR","WS","SM","ST","SN","SC","SL","SB","KN","LC","VC","SR","TL","TO","TT","TV","VU","AZ","BN","BI","KH","CM","TD","KM","GQ","SZ","GA","GN","KG","LA","MO","MR","MN","NP","RW","TG","UZ","ZW","BJ","MG","MU","MZ","AO","CI","DJ","ZM","CD","CG","IQ","LY","TJ","VE","ET","XK"],"disc_number":1,"duration_ms":139175,"explicit":true,"external_urls":{"spotify":"https://open.spotify.com/track/51rXeNq2IkyYTGqDJZDJZD"},"href":"https://api.spotify.com/v1/tracks/51rXeNq2IkyYTGqDJZDJZD","id":"51rXeNq2IkyYTGqDJZDJZD","name":"Te Lo Hundo","preview_url":null,"track_number":12,"type":"track","uri":"spotify:track:51rXeNq2IkyYTGqDJZDJZD","is_local":false},{"artists":[{"external_urls":{"spotify":"https://open.spotify.com/artist/77ziqFxp5gaInVrF2lj4ht"},"href":"https://api.spotify.com/v1/artists/77ziqFxp5gaInVrF2lj4ht","id":"77ziqFxp5gaInVrF2lj4ht","name":"Sech","type":"artist","uri":"spotify:artist:77ziqFxp5gaInVrF2lj4ht"}],"available_markets":["AR","AU","AT","BE","BO","BR","BG","CA","CL","CO","CR","CY","CZ","DK","DO","DE","EC","EE","SV","FI","FR","GR","GT","HN","HK","HU","IS","IE","IT","LV","LT","LU","MY","MT","MX","NL","NZ","NI","NO","PA","PY","PE","PH","PL","PT","SG","SK","ES","SE","CH","TW","TR","UY","US","GB","AD","LI","MC","ID","JP","TH","VN","RO","IL","ZA","SA","AE","BH","QA","OM","KW","EG","MA","DZ","TN","LB","JO","PS","IN","BY","KZ","MD","UA","AL","BA","HR","ME","MK","RS","SI","KR","BD","PK","LK","GH","KE","NG","TZ","UG","AG","AM","BS","BB","BZ","BT","BW","BF","CV","CW","DM","FJ","GM","GE","GD","GW","GY","HT","JM","KI","LS","LR","MW","MV","ML","MH","FM","NA","NR","NE","PW","PG","PR","WS","SM","ST","SN","SC","SL","SB","KN","LC","VC","SR","TL","TO","TT","TV","VU","AZ","BN","BI","KH","CM","TD","KM","GQ","SZ","GA","GN","KG","LA","MO","MR","MN","NP","RW","TG","UZ","ZW","BJ","MG","MU","MZ","AO","CI","DJ","ZM","CD","CG","IQ","LY","TJ","VE","ET","XK"],"disc_number":1,"duration_ms":163977,"explicit":true,"external_urls":{"spotify":"https://open.spotify.com/track/1eHFVRrev2LJ75Q8hCvwNE"},"href":"https://api.spotify.com/v1/tracks/1eHFVRrev2LJ75Q8hCvwNE","id":"1eHFVRrev2LJ75Q8hCvwNE","name":"X Tu Culpa","preview_url":null,"track_number":13,"type":"track","uri":"spotify:track:1eHFVRrev2LJ75Q8hCvwNE","is_local":false},{"artists":[{"external_urls":{"spotify":"https://open.spotify.com/artist/77ziqFxp5gaInVrF2lj4ht"},"href":"https://api.spotify.com/v1/artists/77ziqFxp5gaInVrF2lj4ht","id":"77ziqFxp5gaInVrF2lj4ht","name":"Sech","type":"artist","uri":"spotify:artist:77ziqFxp5gaInVrF2lj4ht"},{"external_urls":{"spotify":"https://open.spotify.com/artist/3hJDFvn5at14nstUHxTvaV"},"href":"https://api.spotify.com/v1/artists/3hJDFvn5at14nstUHxTvaV","id":"3hJDFvn5at14nstUHxTvaV","name":"T.Y.S","type":"artist","uri":"spotify:artist:3hJDFvn5at14nstUHxTvaV"}],"available_markets":["AR","AU","AT","BE","BO","BR","BG","CA","CL","CO","CR","CY","CZ","DK","DO","DE","EC","EE","SV","FI","FR","GR","GT","HN","HK","HU","IS","IE","IT","LV","LT","LU","MY","MT","MX","NL","NZ","NI","NO","PA","PY","PE","PH","PL","PT","SG","SK","ES","SE","CH","TW","TR","UY","US","GB","AD","LI","MC","ID","JP","TH","VN","RO","IL","ZA","SA","AE","BH","QA","OM","KW","EG","MA","DZ","TN","LB","JO","PS","IN","BY","KZ","MD","UA","AL","BA","HR","ME","MK","RS","SI","KR","BD","PK","LK","GH","KE","NG","TZ","UG","AG","AM","BS","BB","BZ","BT","BW","BF","CV","CW","DM","FJ","GM","GE","GD","GW","GY","HT","JM","KI","LS","LR","MW","MV","ML","MH","FM","NA","NR","NE","PW","PG","PR","WS","SM","ST","SN","SC","SL","SB","KN","LC","VC","SR","TL","TO","TT","TV","VU","AZ","BN","BI","KH","CM","TD","KM","GQ","SZ","GA","GN","KG","LA","MO","MR","MN","NP","RW","TG","UZ","ZW","BJ","MG","MU","MZ","AO","CI","DJ","ZM","CD","CG","IQ","LY","TJ","VE","ET","XK"],"disc_number":1,"duration_ms":226027,"explicit":false,"external_urls":{"spotify":"https://open.spotify.com/track/7AmMDKEnpyewp8Q6c0vw3R"},"href":"https://api.spotify.com/v1/tracks/7AmMDKEnpyewp8Q6c0vw3R","id":"7AmMDKEnpyewp8Q6c0vw3R","name":"Casa De Mami","preview_url":null,"track_number":14,"type":"track","uri":"spotify:track:7AmMDKEnpyewp8Q6c0vw3R","is_local":false}]},"copyrights":[{"text":"(C) 2024 Rimas Entertainment LLC.","type":"C"},{"text":"(P) 2024 Rimas Entertainment LLC.","type":"P"}],"external_ids":{"upc":"198846716572"},"genres":[],"label":"Rimas Entertainment LLC.","popularity":64},{"album_type":"album","total_tracks":12,"available_markets":["AR","AU","AT","BE","BO","BR","BG","CA","CL","CO","CR","CY","CZ","DK","DO","DE","EC","EE","SV","FI","FR","GR","GT","HN","HK","HU","IS","IE","IT","LV","LT","LU","MY","MT","MX","NL","NZ","NI","NO","PA","PY","PE","PH","PL","PT","SG","SK","ES","SE","CH","TW","TR","UY","US","GB","AD","LI","MC","ID","JP","TH","VN","RO","IL","ZA","SA","AE","BH","QA","OM","KW","EG","MA","DZ","TN","LB","JO","PS","IN","BY","KZ","MD","UA","AL","BA","HR","ME","MK","RS","SI","KR","BD","PK","LK","GH","KE","NG","TZ","UG","AG","AM","BS","BB","BZ","BT","BW","BF","CV","CW","DM","FJ","GM","GE","GD","GW","GY","HT","JM","KI","LS","LR","MW","MV","ML","MH","FM","NA","NR","NE","PW","PG","PR","WS","SM","ST","SN","SC","SL","SB","KN","LC","VC","SR","TL","TO","TT","TV","VU","AZ","BN","BI","KH","CM","TD","KM","GQ","SZ","GA","GN","KG","LA","MO","MR","MN","NP","RW","TG","UZ","ZW","BJ","MG","MU","MZ","AO","CI","DJ","ZM","CD","CG","IQ","LY","TJ","VE","ET","XK"],"external_urls":{"spotify":"https://open.spotify.com/album/3w4tn0BuFHNjiqGMevGaz9"},"href":"https://api.spotify.com/v1/albums/3w4tn0BuFHNjiqGMevGaz9","id":"3w4tn0BuFHNjiqGMevGaz9","images":[{"url":"https://i.scdn.co/image/ab67616d0000b273559e7ec9717cdc94a218e08d","height":640,"width":640},{"url":"https://i.scdn.co/image/ab67616d00001e02559e7ec9717cdc94a218e08d","height":300,"width":300},{"url":"https://i.scdn.co/image/ab67616d00004851559e7ec9717cdc94a218e08d","height":64,"width":64}],"name":"201","release_date":"2024-11-22","release_date_precision":"day","type":"album","uri":"spotify:album:3w4tn0BuFHNjiqGMevGaz9","artists":[{"external_urls":{"spotify":"https://open.spotify.com/artist/0tmwSHipWxN12fsoLcFU3B"},"href":"https://api.spotify.com/v1/artists/0tmwSHipWxN12fsoLcFU3B","id":"0tmwSHipWxN12fsoLcFU3B","name":"Manuel Turizo","type":"artist","uri":"spotify:artist:0tmwSHipWxN12fsoLcFU3B"}],"tracks":{"href":"https://api.spotify.com/v1/albums/3w4tn0BuFHNjiqGMevGaz9/tracks?offset=0&limit=50","limit":50,"next":null,"offset":0,"previous":null,"total":12,"items":[{"artists":[{"external_urls":{"spotify":"https://open.spotify.com/artist/0tmwSHipWxN12fsoLcFU3B"},"href":"https://api.spotify.com/v1/artists/0tmwSHipWxN12fsoLcFU3B","id":"0tmwSHipWxN12fsoLcFU3B","name":"Manuel Turizo","type":"artist","uri":"spotify:artist:0tmwSHipWxN12fsoLcFU3B"},{"external_urls":{"spotify":"https://open.spotify.com/artist/3UTF2no3muGdiFXVujl94i"},"href":"https://api.spotify.com/v1/artists/3UTF2no3muGdiFXVujl94i","id":"3UTF2no3muGdiFXVujl94i","name":"Kapo","type":"artist","uri":"spotify:artist:3UTF2no3muGdiFXVujl94i"}],"available_markets":["AR","AU","AT","BE","BO","BR","BG","CA","CL","CO","CR","CY","CZ","DK","DO","DE","EC","EE","SV","FI","FR","GR","GT","HN","HK","HU","IS","IE","IT","LV","LT","LU","MY","MT","MX","NL","NZ","NI","NO","PA","PY","PE","PH","PL","PT","SG","SK","ES","SE","CH","TW","TR","UY","US","GB","AD","LI","MC","ID","JP","TH","VN","RO","IL","ZA","SA","AE","BH","QA","OM","KW","EG","MA","DZ","TN","LB","JO","PS","IN","BY","KZ","MD","UA","AL","BA","HR","ME","MK","RS","SI","KR","BD","PK","LK","GH","KE","NG","TZ","UG","AG","AM","BS","BB","BZ","BT","BW","BF","CV","CW","DM","FJ","GM","GE","GD","GW","GY","HT","JM","KI","LS","LR","MW","MV","ML","MH","FM","NA","NR","NE","PW","PG","PR","WS","SM","ST","SN","SC","SL","SB","KN","LC","VC","SR","TL","TO","TT","TV","VU","AZ","BN","BI","KH","CM","TD","KM","GQ","SZ","GA","GN","KG","LA","MO","MR","MN","NP","RW","TG","UZ","ZW","BJ","MG","MU","MZ","AO","CI","DJ","ZM","CD","CG","IQ","LY","TJ","VE","ET","XK"],"disc_number":1,"duration_ms":230080,"explicit":false,"external_urls":{"spotify":"https://open.spotify.com/track/25CfEf59PmRAhV18oZRMNr"},"href":"https://api.spotify.com/v1/tracks/25CfEf59PmRAhV18oZRMNr","id":"25CfEf59PmRAhV18oZRMNr","name":"Qué Pecao","preview_url":null,"track_number":1,"type":"track","uri":"spotify:track:25CfEf59PmRAhV18oZRMNr","is_local":false},{"artists":[{"external_urls":{"spotify":"https://open.spotify.com/artist/0tmwSHipWxN12fsoLcFU3B"},"href":"https://api.spotify.com/v1/artists/0tmwSHipWxN12fsoLcFU3B","id":"0tmwSHipWxN12fsoLcFU3B","name":"Manuel Turizo","type":"artist","uri":"spotify:artist:0tmwSHipWxN12fsoLcFU3B"}],"available_markets":["AR","AU","AT","BE","BO","BR","BG","CA","CL","CO","CR","CY","CZ","DK","DO","DE","EC","EE","SV","FI","FR","GR","GT","HN","HK","HU","IS","IE","IT","LV","LT","LU","MY","MT","MX","NL","NZ","NI","NO","PA","PY","PE","PH","PL","PT","SG","SK","ES","SE","CH","TW","TR","UY","US","GB","AD","LI","MC","ID","JP","TH","VN","RO","IL","ZA","SA","AE","BH","QA","OM","KW","EG","MA","DZ","TN","LB","JO","PS","IN","BY","KZ","MD","UA","AL","BA","HR","ME","MK","RS","SI","KR","BD","PK","LK","GH","KE","NG","TZ","UG","AG","AM","BS","BB","BZ","BT","BW","BF","CV","CW","DM","FJ","GM","GE","GD","GW","GY","HT","JM","KI","LS","LR","MW","MV","ML","MH","FM","NA","NR","NE","PW","PG","PR","WS","SM","ST","SN","SC","SL","SB","KN","LC","VC","SR","TL","TO","TT","TV","VU","AZ","BN","BI","KH","CM","TD","KM","GQ","SZ","GA","GN","KG","LA","MO","MR","MN","NP","RW","TG","UZ","ZW","BJ","MG","MU","MZ","AO","CI","DJ","ZM","CD","CG","IQ","LY","TJ","VE","ET","XK"],"disc_number":1,"duration_ms":185440,"explicit":false,"external_urls":{"spotify":"https://open.spotify.com/track/6e0EEqNDhwPcP8yl2BZ8tA"},"href":"https://api.spotify.com/v1/tracks/6e0EEqNDhwPcP8yl2BZ8tA","id":"6e0EEqNDhwPcP8yl2BZ8tA","name":"Sigueme Besando Asi","preview_url":null,"track_number":2,"type":"track","uri":"spotify:track:6e0EEqNDhwPcP8yl2BZ8tA","is_local":false},{"artists":[{"external_urls":{"spotify":"https://open.spotify.com/artist/0tmwSHipWxN12fsoLcFU3B"},"href":"https://api.spotify.com/v1/artists/0tmwSHipWxN12fsoLcFU3B","id":"0tmwSHipWxN12fsoLcFU3B","name":"Manuel Turizo","type":"artist","uri":"spotify:artist:0tmwSHipWxN12fsoLcFU3B"}],"available_markets":["AR","AU","AT","BE","BO","BR","BG","CA","CL","CO","CR","CY","CZ","DK","DO","DE","EC","EE","SV","FI","FR","GR","GT","HN","HK","HU","IS","IE","IT","LV","LT","LU","MY","MT","MX","NL","NZ","NI","NO","PA","PY","PE","PH","PL","PT","SG","SK","ES","SE","CH","TW","TR","UY","US","GB","AD","LI","MC","ID","JP","TH","VN","RO","IL","ZA","SA","AE","BH","QA","OM","KW","EG","MA","DZ","TN","LB","JO","PS","IN","BY","KZ","MD","UA","AL","BA","HR","ME","MK","RS","SI","KR","BD","PK","LK","GH","KE","NG","TZ","UG","AG","AM","BS","BB","BZ","BT","BW","BF","CV","CW","DM","FJ","GM","GE","GD","GW","GY","HT","JM","KI","LS","LR","MW","MV","ML","MH","FM","NA","NR","NE","PW","PG","PR","WS","SM","ST","SN","SC","SL","SB","KN","LC","VC","SR","TL","TO","TT","TV","VU","AZ","BN","BI","KH","CM","TD","KM","GQ","SZ","GA","GN","KG","LA","MO","MR","MN","NP","RW","TG","UZ","ZW","BJ","MG","MU","MZ","AO","CI","DJ","ZM","CD","CG","IQ","LY","TJ","VE","ET","XK"],"disc_number":1,"duration_ms":149106,"explicit":false,"external_urls":{"spotify":"https://open.spotify.com/track/3fHOgRvHga05gjeFOzFjSR"},"href":"https://api.spotify.com/v1/tracks/3fHOgRvHga05gjeFOzFjSR","id":"3fHOgRvHga05gjeFOzFjSR","name":"A Nombre Tuyo","preview_url":null,"track_number":3,"type":"track","uri":"spotify:track:3fHOgRvHga05gjeFOzFjSR","is_local":false},{"artists":[{"external_urls":{"spotify":"https://open.spotify.com/artist/0tmwSHipWxN12fsoLcFU3B"},"href":"https://api.spotify.com/v1/artists/0tmwSHipWxN12fsoLcFU3B","id":"0tmwSHipWxN12fsoLcFU3B","name":"Manuel Turizo","type":"artist","uri":"spotify:artist:0tmwSHipWxN12fsoLcFU3B"},{"external_urls":{"spotify":"https://open.spotify.com/artist/0w8jfjckFjwtKLRkX9NT2K"},"href":"https://api.spotify.com/v1/artists/0w8jfjckFjwtKLRkX9NT2K","id":"0w8jfjckFjwtKLRkX9NT2K","name":"Elder Dayán Díaz","type":"artist","uri":"spotify:artist:0w8jfjckFjwtKLRkX9NT2K"}],"available_markets":["AR","AU","AT","BE","BO","BR","BG","CA","CL","CO","CR","CY","CZ","DK","DO","DE","EC","EE","SV","FI","FR","GR","GT","HN","HK","HU","IS","IE","IT","LV","LT","LU","MY","MT","MX","NL","NZ","NI","NO","PA","PY","PE","PH","PL","PT","SG","SK","ES","SE","CH","TW","TR","UY","US","GB","AD","LI","MC","ID","JP","TH","VN","RO","IL","ZA","SA","AE","BH","QA","OM","KW","EG","MA","DZ","TN","LB","JO","PS","IN","BY","KZ","MD","UA","AL","BA","HR","ME","MK","RS","SI","KR","BD","PK","LK","GH","KE","NG","TZ","UG","AG","AM","BS","BB","BZ","BT","BW","BF","CV","CW","DM","FJ","GM","GE","GD","GW","GY","HT","JM","KI","LS","LR","MW","MV","ML","MH","FM","NA","NR","NE","PW","PG","PR","WS","SM","ST","SN","SC","SL","SB","KN","LC","VC","SR","TL","TO","TT","TV","VU","AZ","BN","BI","KH","CM","TD","KM","GQ","SZ","GA","GN","KG","LA","MO","MR","MN","NP","RW","TG","UZ","ZW","BJ","MG","MU","MZ","AO","CI","DJ","ZM","CD","CG","IQ","LY","TJ","VE","ET","XK"],"disc_number":1,"duration_ms":212133,"explicit":false,"external_urls":{"spotify":"https://open.spotify.com/track/4a9w0rH1JIA60WerRwLNUo"},"href":"https://api.spotify.com/v1/tracks/4a9w0rH1JIA60WerRwLNUo","id":"4a9w0rH1JIA60WerRwLNUo","name":"La Ex de mi Amigo","preview_url":null,"track_number":4,"type":"track","uri":"spotify:track:4a9w0rH1JIA60WerRwLNUo","is_local":false},{"artists":[{"external_urls":{"spotify":"https://open.spotify.com/artist/0tmwSHipWxN12fsoLcFU3B"},"href":"https://api.spotify.com/v1/artists/0tmwSHipWxN12fsoLcFU3B","id":"0tmwSHipWxN12fsoLcFU3B","name":"Manuel Turizo","type":"artist","uri":"spotify:artist:0tmwSHipWxN12fsoLcFU3B"}],"available_markets":["AR","AU","AT","BE","BO","BR","BG","CA","CL","CO","CR","CY","CZ","DK","DO","DE","EC","EE","SV","FI","FR","GR","GT","HN","HK","HU","IS","IE","IT","LV","LT","LU","MY","MT","MX","NL","NZ","NI","NO","PA","PY","PE","PH","PL","PT","SG","SK","ES","SE","CH","TW","TR","UY","US","GB","AD","LI","MC","ID","JP","TH","VN","RO","IL","ZA","SA","AE","BH","QA","OM","KW","EG","MA","DZ","TN","LB","JO","PS","IN","BY","KZ","MD","UA","AL","BA","HR","ME","MK","RS","SI","KR","BD","PK","LK","GH","KE","NG","TZ","UG","AG","AM","BS","BB","BZ","BT","BW","BF","CV","CW","DM","FJ","GM","GE","GD","GW","GY","HT","JM","KI","LS","LR","MW","MV","ML","MH","FM","NA","NR","NE","PW","PG","PR","WS","SM","ST","SN","SC","SL","SB","KN","LC","VC","SR","TL","TO","TT","TV","VU","AZ","BN","BI","KH","CM","TD","KM","GQ","SZ","GA","GN","KG","LA","MO","MR","MN","NP","RW","TG","UZ","ZW","BJ","MG","MU","MZ","AO","CI","DJ","ZM","CD","CG","IQ","LY","TJ","VE","ET","XK"],"disc_number":1,"duration_ms":132706,"explicit":false,"external_urls":{"spotify":"https://open.spotify.com/track/69W5sODsjVUsUh2ZrilYML"},"href":"https://api.spotify.com/v1/tracks/69W5sODsjVUsUh2ZrilYML","id":"69W5sODsjVUsUh2ZrilYML","name":"Plata Pa Gastar","preview_url":null,"track_number":5,"type":"track","uri":"spotify:track:69W5sODsjVUsUh2ZrilYML","is_local":false},{"artists":[{"external_urls":{"spotify":"https://open.spotify.com/artist/0tmwSHipWxN12fsoLcFU3B"},"href":"https://api.spotify.com/v1/artists/0tmwSHipWxN12fsoLcFU3B","id":"0tmwSHipWxN12fsoLcFU3B","name":"Manuel Turizo","type":"artist","uri":"spotify:artist:0tmwSHipWxN12fsoLcFU3B"}],"available_markets":["AR","AU","AT","BE","BO","BR","BG","CA","CL","CO","CR","CY","CZ","DK","DO","DE","EC","EE","SV","FI","FR","GR","GT","HN","HK","HU","IS","IE","IT","LV","LT","LU","MY","MT","MX","NL","NZ","NI","NO","PA","PY","PE","PH","PL","PT","SG","SK","ES","SE","CH","TW","TR","UY","US","GB","AD","LI","MC","ID","JP","TH","VN","RO","IL","ZA","SA","AE","BH","QA","OM","KW","EG","MA","DZ","TN","LB","JO","PS","IN","BY","KZ","MD","UA","AL","BA","HR","ME","MK","RS","SI","KR","BD","PK","LK","GH","KE","NG","TZ","UG","AG","AM","BS","BB","BZ","BT","BW","BF","CV","CW","DM","FJ","GM","GE","GD","GW","GY","HT","JM","KI","LS","LR","MW","MV","ML","MH","FM","NA","NR","NE","PW","PG","PR","WS","SM","ST","SN","SC","SL","SB","KN","LC","VC","SR","TL","TO","TT","TV","VU","AZ","BN","BI","KH","CM","TD","KM","GQ","SZ","GA","GN","KG","LA","MO","MR","MN","NP","RW","TG","UZ","ZW","BJ","MG","MU","MZ","AO","CI","DJ","ZM","CD","CG","IQ","LY","TJ","VE","ET","XK"],"disc_number":1,"duration_ms":168466,"explicit":false,"external_urls":{"spotify":"https://open.spotify.com/track/3Jwlbr7aq7cVnsdAbb2WxL"},"href":"https://api.spotify.com/v1/tracks/3Jwlbr7aq7cVnsdAbb2WxL","id":"3Jwlbr7aq7cVnsdAbb2WxL","name":"Enhorabuena","preview_url":null,"track_number":6,"type":"track","uri":"spotify:track:3Jwlbr7aq7cVnsdAbb2WxL","is_local":false},{"artists":[{"external_urls":{"spotify":"https://open.spotify.com/artist/0tmwSHipWxN12fsoLcFU3B"},"href":"https://api.spotify.com/v1/artists/0tmwSHipWxN12fsoLcFU3B","id":"0tmwSHipWxN12fsoLcFU3B","name":"Manuel Turizo","type":"artist","uri":"spotify:artist:0tmwSHipWxN12fsoLcFU3B"},{"external_urls":{"spotify":"https://open.spotify.com/artist/6XkjpgcEsYab502Vr1bBeW"},"href":"https://api.spotify.com/v1/artists/6XkjpgcEsYab502Vr1bBeW","id":"6XkjpgcEsYab502Vr1bBeW","name":"Grupo Frontera","type":"artist","uri":"spotify:artist:6XkjpgcEsYab502Vr1bBeW"}],"available_markets":["AR","AU","AT","BE","BO","BR","BG","CA","CL","CO","CR","CY","CZ","DK","DO","DE","EC","EE","SV","FI","FR","GR","GT","HN","HK","HU","IS","IE","IT","LV","LT","LU","MY","MT","MX","NL","NZ","NI","NO","PA","PY","PE","PH","PL","PT","SG","SK","ES","SE","CH","TW","TR","UY","US","GB","AD","LI","MC","ID","JP","TH","VN","RO","IL","ZA","SA","AE","BH","QA","OM","KW","EG","MA","DZ","TN","LB","JO","PS","IN","BY","KZ","MD","UA","AL","BA","HR","ME","MK","RS","SI","KR","BD","PK","LK","GH","KE","NG","TZ","UG","AG","AM","BS","BB","BZ","BT","BW","BF","CV","CW","DM","FJ","GM","GE","GD","GW","GY","HT","JM","KI","LS","LR","MW","MV","ML","MH","FM","NA","NR","NE","PW","PG","PR","WS","SM","ST","SN","SC","SL","SB","KN","LC","VC","SR","TL","TO","TT","TV","VU","AZ","BN","BI","KH","CM","TD","KM","GQ","SZ","GA","GN","KG","LA","MO","MR","MN","NP","RW","TG","UZ","ZW","BJ","MG","MU","MZ","AO","CI","DJ","ZM","CD","CG","IQ","LY","TJ","VE","ET","XK"],"disc_number":1,"duration_ms":188413,"explicit":false,"external_urls":{"spotify":"https://open.spotify.com/track/4IIdIBVQEXwpE6MlLkHeBm"},"href":"https://api.spotify.com/v1/tracks/4IIdIBVQEXwpE6MlLkHeBm","id":"4IIdIBVQEXwpE6MlLkHeBm","name":"DE LUNES A LUNES","preview_url":null,"track_number":7,"type":"track","uri":"spotify:track:4IIdIBVQEXwpE6MlLkHeBm","is_local":false},{"artists":[{"external_urls":{"spotify":"https://open.spotify.com/artist/0tmwSHipWxN12fsoLcFU3B"},"href":"https://api.spotify.com/v1/artists/0tmwSHipWxN12fsoLcFU3B","id":"0tmwSHipWxN12fsoLcFU3B","name":"Manuel Turizo","type":"artist","uri":"spotify:artist:0tmwSHipWxN12fsoLcFU3B"},{"external_urls":{"spotify":"https://open.spotify.com/artist/0NGAZxHanS9e0iNHpR8f2W"},"href":"https://api.spotify.com/v1/artists/0NGAZxHanS9e0iNHpR8f2W","id":"0NGAZxHanS9e0iNHpR8f2W","name":"Alok","type":"artist","uri":"spotify:artist:0NGAZxHanS9e0iNHpR8f2W"}],"available_markets":["AR","AU","AT","BE","BO","BR","BG","CA","CL","CO","CR","CY","CZ","DK","DO","DE","EC","EE","SV","FI","FR","GR","GT","HN","HK","HU","IS","IE","IT","LV","LT","LU","MY","MT","MX","NL","NZ","NI","NO","PA","PY","PE","PH","PL","PT","SG","SK","ES","SE","CH","TW","TR","UY","US","GB","AD","LI","MC","ID","JP","TH","VN","RO","IL","ZA","SA","AE","BH","QA","OM","KW","EG","MA","DZ","TN","LB","JO","PS","IN","BY","KZ","MD","UA","AL","BA","HR","ME","MK","RS","SI","KR","BD","PK","LK","GH","KE","NG","TZ","UG","AG","AM","BS","BB","BZ","BT","BW","BF","CV","CW","DM","FJ","GM","GE","GD","GW","GY","HT","JM","KI","LS","LR","MW","MV","ML","MH","FM","NA","NR","NE","PW","PG","PR","WS","SM","ST","SN","SC","SL","SB","KN","LC","VC","SR","TL","TO","TT","TV","VU","AZ","BN","BI","KH","CM","TD","KM","GQ","SZ","GA","GN","KG","LA","MO","MR","MN","NP","RW","TG","UZ","ZW","BJ","MG","MU","MZ","AO","CI","DJ","ZM","CD","CG","IQ","LY","TJ","VE","ET","XK"],"disc_number":1,"duration_ms":211986,"explicit":false,"external_urls":{"spotify":"https://open.spotify.com/track/1rXysuGx7o2Oj6cDSK47SO"},"href":"https://api.spotify.com/v1/tracks/1rXysuGx7o2Oj6cDSK47SO","id":"1rXysuGx7o2Oj6cDSK47SO","name":"Yo No Me Vuelvo a Enamorar","preview_url":null,"track_number":8,"type":"track","uri":"spotify:track:1rXysuGx7o2Oj6cDSK47SO","is_local":false},{"artists":[{"external_urls":{"spotify":"https://open.spotify.com/artist/0tmwSHipWxN12fsoLcFU3B"},"href":"https://api.spotify.com/v1/artists/0tmwSHipWxN12fsoLcFU3B","id":"0tmwSHipWxN12fsoLcFU3B","name":"Manuel Turizo","type":"artist","uri":"spotify:artist:0tmwSHipWxN12fsoLcFU3B"}],"available_markets":["AR","AU","AT","BE","BO","BR","BG","CA","CL","CO","CR","CY","CZ","DK","DO","DE","EC","EE","SV","FI","FR","GR","GT","HN","HK","HU","IS","IE","IT","LV","LT","LU","MY","MT","MX","NL","NZ","NI","NO","PA","PY","PE","PH","PL","PT","SG","SK","ES","SE","CH","TW","TR","UY","US","GB","AD","LI","MC","ID","JP","TH","VN","RO","IL","ZA","SA","AE","BH","QA","OM","KW","EG","MA","DZ","TN","LB","JO","PS","IN","BY","KZ","MD","UA","AL","BA","HR","ME","MK","RS","SI","KR","BD","PK","LK","GH","KE","NG","TZ","UG","AG","AM","BS","BB","BZ","BT","BW","BF","CV","CW","DM","FJ","GM","GE","GD","GW","GY","HT","JM","KI","LS","LR","MW","MV","ML","MH","FM","NA","NR","NE","PW","PG","PR","WS","SM","ST","SN","SC","SL","SB","KN","LC","VC","SR","TL","TO","TT","TV","VU","AZ","BN","BI","KH","CM","TD","KM","GQ","SZ","GA","GN","KG","LA","MO","MR","MN","NP","RW","TG","UZ","ZW","BJ","MG","MU","MZ","AO","CI","DJ","ZM","CD","CG","IQ","LY","TJ","VE","ET","XK"],"disc_number":1,"duration_ms":126053,"explicit":false,"external_urls":{"spotify":"https://open.spotify.com/track/3F9bSwe5SllPUeEwHal7b3"},"href":"https://api.spotify.com/v1/tracks/3F9bSwe5SllPUeEwHal7b3","id":"3F9bSwe5SllPUeEwHal7b3","name":"Mirando al Techo","preview_url":null,"track_number":9,"type":"track","uri":"spotify:track:3F9bSwe5SllPUeEwHal7b3","is_local":false},{"artists":[{"external_urls":{"spotify":"https://open.spotify.com/artist/0tmwSHipWxN12fsoLcFU3B"},"href":"https://api.spotify.com/v1/artists/0tmwSHipWxN12fsoLcFU3B","id":"0tmwSHipWxN12fsoLcFU3B","name":"Manuel Turizo","type":"artist","uri":"spotify:artist:0tmwSHipWxN12fsoLcFU3B"},{"external_urls":{"spotify":"https://open.spotify.com/artist/0eHQ9o50hj6ZDNBt6Ys1sD"},"href":"https://api.spotify.com/v1/artists/0eHQ9o50hj6ZDNBt6Ys1sD","id":"0eHQ9o50hj6ZDNBt6Ys1sD","name":"Yandel","type":"artist","uri":"spotify:artist:0eHQ9o50hj6ZDNBt6Ys1sD"}],"available_markets":["AR","AU","AT","BE","BO","BR","BG","CA","CL","CO","CR","CY","CZ","DK","DO","DE","EC","EE","SV","FI","FR","GR","GT","HN","HK","HU","IS","IE","IT","LV","LT","LU","MY","MT","MX","NL","NZ","NI","NO","PA","PY","PE","PH","PL","PT","SG","SK","ES","SE","CH","TW","TR","UY","US","GB","AD","LI","MC","ID","JP","TH","VN","RO","IL","ZA","SA","AE","BH","QA","OM","KW","EG","MA","DZ","TN","LB","JO","PS","IN","BY","KZ","MD","UA","AL","BA","HR","ME","MK","RS","SI","KR","BD","PK","LK","GH","KE","NG","TZ","UG","AG","AM","BS","BB","BZ","BT","BW","BF","CV","CW","DM","FJ","GM","GE","GD","GW","GY","HT","JM","KI","LS","LR","MW","MV","ML","MH","FM","NA","NR","NE","PW","PG","PR","WS","SM","ST","SN","SC","SL","SB","KN","LC","VC","SR","TL","TO","TT","TV","VU","AZ","BN","BI","KH","CM","TD","KM","GQ","SZ","GA","GN","KG","LA","MO","MR","MN","NP","RW","TG","UZ","ZW","BJ","MG","MU","MZ","AO","CI","DJ","ZM","CD","CG","IQ","LY","TJ","VE","ET","XK"],"disc_number":1,"duration_ms":216426,"explicit":false,"external_urls":{"spotify":"https://open.spotify.com/track/3flzoYuNDBxbrnmv6qV0x4"},"href":"https://api.spotify.com/v1/tracks/3flzoYuNDBxbrnmv6qV0x4","id":"3flzoYuNDBxbrnmv6qV0x4","name":"Mamasota","preview_url":null,"track_number":10,"type":"track","uri":"spotify:track:3flzoYuNDBxbrnmv6qV0x4","is_local":false},{"artists":[{"external_urls":{"spotify":"https://open.spotify.com/artist/0tmwSHipWxN12fsoLcFU3B"},"href":"https://api.spotify.com/v1/artists/0tmwSHipWxN12fsoLcFU3B","id":"0tmwSHipWxN12fsoLcFU3B","name":"Manuel Turizo","type":"artist","uri":"spotify:artist:0tmwSHipWxN12fsoLcFU3B"},{"external_urls":{"spotify":"https://open.spotify.com/artist/2O8vbr4RYPpk6MRA4fio7u"},"href":"https://api.spotify.com/v1/artists/2O8vbr4RYPpk6MRA4fio7u","id":"2O8vbr4RYPpk6MRA4fio7u","name":"SAIKO","type":"artist","uri":"spotify:artist:2O8vbr4RYPpk6MRA4fio7u"}],"available_markets":["AR","AU","AT","BE","BO","BR","BG","CA","CL","CO","CR","CY","CZ","DK","DO","DE","EC","EE","SV","FI","FR","GR","GT","HN","HK","HU","IS","IE","IT","LV","LT","LU","MY","MT","MX","NL","NZ","NI","NO","PA","PY","PE","PH","PL","PT","SG","SK","ES","SE","CH","TW","TR","UY","US","GB","AD","LI","MC","ID","JP","TH","VN","RO","IL","ZA","SA","AE","BH","QA","OM","KW","EG","MA","DZ","TN","LB","JO","PS","IN","BY","KZ","MD","UA","AL","BA","HR","ME","MK","RS","SI","KR","BD","PK","LK","GH","KE","NG","TZ","UG","AG","AM","BS","BB","BZ","BT","BW","BF","CV","CW","DM","FJ","GM","GE","GD","GW","GY","HT","JM","KI","LS","LR","MW","MV","ML","MH","FM","NA","NR","NE","PW","PG","PR","WS","SM","ST","SN","SC","SL","SB","KN","LC","VC","SR","TL","TO","TT","TV","VU","AZ","BN","BI","KH","CM","TD","KM","GQ","SZ","GA","GN","KG","LA","MO","MR","MN","NP","RW","TG","UZ","ZW","BJ","MG","MU","MZ","AO","CI","DJ","ZM","CD","CG","IQ","LY","TJ","VE","ET","XK"],"disc_number":1,"duration_ms":223733,"explicit":false,"external_urls":{"spotify":"https://open.spotify.com/track/5Sx01pxIIAjNwfhw7Rm0Ed"},"href":"https://api.spotify.com/v1/tracks/5Sx01pxIIAjNwfhw7Rm0Ed","id":"5Sx01pxIIAjNwfhw7Rm0Ed","name":"Bahamas","preview_url":null,"track_number":11,"type":"track","uri":"spotify:track:5Sx01pxIIAjNwfhw7Rm0Ed","is_local":false},{"artists":[{"external_urls":{"spotify":"https://open.spotify.com/artist/0tmwSHipWxN12fsoLcFU3B"},"href":"https://api.spotify.com/v1/artists/0tmwSHipWxN12fsoLcFU3B","id":"0tmwSHipWxN12fsoLcFU3B","name":"Manuel Turizo","type":"artist","uri":"spotify:artist:0tmwSHipWxN12fsoLcFU3B"}],"available_markets":["AR","AU","AT","BE","BO","BR","BG","CA","CL","CO","CR","CY","CZ","DK","DO","DE","EC","EE","SV","FI","FR","GR","GT","HN","HK","HU","IS","IE","IT","LV","LT","LU","MY","MT","MX","NL","NZ","NI","NO","PA","PY","PE","PH","PL","PT","SG","SK","ES","SE","CH","TW","TR","UY","US","GB","AD","LI","MC","ID","JP","TH","VN","RO","IL","ZA","SA","AE","BH","QA","OM","KW","EG","MA","DZ","TN","LB","JO","PS","IN","BY","KZ","MD","UA","AL","BA","HR","ME","MK","RS","SI","KR","BD","PK","LK","GH","KE","NG","TZ","UG","AG","AM","BS","BB","BZ","BT","BW","BF","CV","CW","DM","FJ","GM","GE","GD","GW","GY","HT","JM","KI","LS","LR","MW","MV","ML","MH","FM","NA","NR","NE","PW","PG","PR","WS","SM","ST","SN","SC","SL","SB","KN","LC","VC","SR","TL","TO","TT","TV","VU","AZ","BN","BI","KH","CM","TD","KM","GQ","SZ","GA","GN","KG","LA","MO","MR","MN","NP","RW","TG","UZ","ZW","BJ","MG","MU","MZ","AO","CI","DJ","ZM","CD","CG","IQ","LY","TJ","VE","ET","XK"],"disc_number":1,"duration_ms":198946,"explicit":false,"external_urls":{"spotify":"https://open.spotify.com/track/5oM0lC4dPwnAeoFtJXRuFV"},"href":"https://api.spotify.com/v1/tracks/5oM0lC4dPwnAeoFtJXRuFV","id":"5oM0lC4dPwnAeoFtJXRuFV","name":"Dios Te Cuide","preview_url":null,"track_number":12,"type":"track","uri":"spotify:track:5oM0lC4dPwnAeoFtJXRuFV","is_local":false}]},"copyrights":[{"text":"(P) 2024 La Industria Inc., exclusive distribution by Sony Music Entertainment US Latin LLC","type":"P"}],"external_ids":{"upc":"196872622034"},"genres":[],"label":"La Industria/Sony Music Latin","popularity":65},{"album_type":"album","total_tracks":18,"available_markets":["AR","AU","AT","BE","BO","BR","BG","CA","CL","CO","CR","CY","CZ","DK","DO","DE","EC","EE","SV","FI","FR","GR","GT","HN","HK","HU","IS","IE","IT","LV","LT","LU","MY","MT","MX","NL","NZ","NI","NO","PA","PY","PE","PH","PL","PT","SG","SK","ES","SE","CH","TW","TR","UY","US","GB","AD","LI","MC","ID","JP","TH","VN","RO","IL","ZA","SA","AE","BH","QA","OM","KW","EG","MA","DZ","TN","LB","JO","PS","IN","BY","KZ","MD","UA","AL","BA","HR","ME","MK","RS","SI","KR","BD","PK","LK","GH","KE","NG","TZ","UG","AG","AM","BS","BB","BZ","BT","BW","BF","CV","CW","DM","FJ","GM","GE","GD","GW","GY","HT","JM","KI","LS","LR","MW","MV","ML","MH","FM","NA","NR","NE","PW","PG","PR","WS","SM","ST","SN","SC","SL","SB","KN","LC","VC","SR","TL","TO","TT","TV","VU","AZ","BN","BI","KH","CM","TD","KM","GQ","SZ","GA","GN","KG","LA","MO","MR","MN","NP","RW","TG","UZ","ZW","BJ","MG","MU","MZ","AO","CI","DJ","ZM","CD","CG","IQ","LY","TJ","VE","ET","XK"],"external_urls":{"spotify":"https://open.spotify.com/album/3V2ApPxUSquOkjLQU3wmjh"},"href":"https://api.spotify.com/v1/albums/3V2ApPxUSquOkjLQU3wmjh","id":"3V2ApPxUSquOkjLQU3wmjh","images":[{"url":"https://i.scdn.co/image/ab67616d0000b2734b690afba75a356fcdad526e","height":640,"width":640},{"url":"https://i.scdn.co/image/ab67616d00001e024b690afba75a356fcdad526e","height":300,"width":300},{"url":"https://i.scdn.co/image/ab67616d000048514b690afba75a356fcdad526e","height":64,"width":64}],"name":"BUENAS NOCHES","release_date":"2024-11-22","release_date_precision":"day","type":"album","uri":"spotify:album:3V2ApPxUSquOkjLQU3wmjh","artists":[{"external_urls":{"spotify":"https://open.spotify.com/artist/52iwsT98xCoGgiGntTiR7K"},"href":"https://api.spotify.com/v1/artists/52iwsT98xCoGgiGntTiR7K","id":"52iwsT98xCoGgiGntTiR7K","name":"Quevedo","type":"artist","uri":"spotify:artist:52iwsT98xCoGgiGntTiR7K"}],"tracks":{"href":"https://api.spotify.com/v1/albums/3V2ApPxUSquOkjLQU3wmjh/tracks?offset=0&limit=50","limit":50,"next":null,"offset":0,"previous":null,"total":18,"items":[{"artists":[{"external_urls":{"spotify":"https://open.spotify.com/artist/52iwsT98xCoGgiGntTiR7K"},"href":"https://api.spotify.com/v1/artists/52iwsT98xCoGgiGntTiR7K","id":"52iwsT98xCoGgiGntTiR7K","name":"Quevedo","type":"artist","uri":"spotify:artist:52iwsT98xCoGgiGntTiR7K"}],"available_markets":["AR","AU","AT","BE","BO","BR","BG","CA","CL","CO","CR","CY","CZ","DK","DO","DE","EC","EE","SV","FI","FR","GR","GT","HN","HK","HU","IS","IE","IT","LV","LT","LU","MY","MT","MX","NL","NZ","NI","NO","PA","PY","PE","PH","PL","PT","SG","SK","ES","SE","CH","TW","TR","UY","US","GB","AD","LI","MC","ID","JP","TH","VN","RO","IL","ZA","SA","AE","BH","QA","OM","KW","EG","MA","DZ","TN","LB","JO","PS","IN","BY","KZ","MD","UA","AL","BA","HR","ME","MK","RS","SI","KR","BD","PK","LK","GH","KE","NG","TZ","UG","AG","AM","BS","BB","BZ","BT","BW","BF","CV","CW","DM","FJ","GM","GE","GD","GW","GY","HT","JM","KI","LS","LR","MW","MV","ML","MH","FM","NA","NR","NE","PW","PG","PR","WS","SM","ST","SN","SC","SL","SB","KN","LC","VC","SR","TL","TO","TT","TV","VU","AZ","BN","BI","KH","CM","TD","KM","GQ","SZ","GA","GN","KG","LA","MO","MR","MN","NP","RW","TG","UZ","ZW","BJ","MG","MU","MZ","AO","CI","DJ","ZM","CD","CG","IQ","LY","TJ","VE","ET","XK"],"disc_number":1,"duration_ms":183172,"explicit":false,"external_urls":{"spotify":"https://open.spotify.com/track/6mP16Mr2X3ZU2bNmWBUqzK"},"href":"https://api.spotify.com/v1/tracks/6mP16Mr2X3ZU2bNmWBUqzK","id":"6mP16Mr2X3ZU2bNmWBUqzK","name":"KASSANDRA","preview_url":null,"track_number":1,"type":"track","uri":"spotify:track:6mP16Mr2X3ZU2bNmWBUqzK","is_local":false},{"artists":[{"external_urls":{"spotify":"https://open.spotify.com/artist/52iwsT98xCoGgiGntTiR7K"},"href":"https://api.spotify.com/v1/artists/52iwsT98xCoGgiGntTiR7K","id":"52iwsT98xCoGgiGntTiR7K","name":"Quevedo","type":"artist","uri":"spotify:artist:52iwsT98xCoGgiGntTiR7K"}],"available_markets":["AR","AU","AT","BE","BO","BR","BG","CA","CL","CO","CR","CY","CZ","DK","DO","DE","EC","EE","SV","FI","FR","GR","GT","HN","HK","HU","IS","IE","IT","LV","LT","LU","MY","MT","MX","NL","NZ","NI","NO","PA","PY","PE","PH","PL","PT","SG","SK","ES","SE","CH","TW","TR","UY","US","GB","AD","LI","MC","ID","JP","TH","VN","RO","IL","ZA","SA","AE","BH","QA","OM","KW","EG","MA","DZ","TN","LB","JO","PS","IN","BY","KZ","MD","UA","AL","BA","HR","ME","MK","RS","SI","KR","BD","PK","LK","GH","KE","NG","TZ","UG","AG","AM","BS","BB","BZ","BT","BW","BF","CV","CW","DM","FJ","GM","GE","GD","GW","GY","HT","JM","KI","LS","LR","MW","MV","ML","MH","FM","NA","NR","NE","PW","PG","PR","WS","SM","ST","SN","SC","SL","SB","KN","LC","VC","SR","TL","TO","TT","TV","VU","AZ","BN","BI","KH","CM","TD","KM","GQ","SZ","GA","GN","KG","LA","MO","MR","MN","NP","RW","TG","UZ","ZW","BJ","MG","MU","MZ","AO","CI","DJ","ZM","CD","CG","IQ","LY","TJ","VE","ET","XK"],"disc_number":1,"duration_ms":162204,"explicit":false,"external_urls":{"spotify":"https://open.spotify.com/track/18ngz35nTD4rzldysVtN4o"},"href":"https://api.spotify.com/v1/tracks/18ngz35nTD4rzldysVtN4o","id":"18ngz35nTD4rzldysVtN4o","name":"DURO","preview_url":null,"track_number":2,"type":"track","uri":"spotify:track:18ngz35nTD4rzldysVtN4o","is_local":false},{"artists":[{"external_urls":{"spotify":"https://open.spotify.com/artist/52iwsT98xCoGgiGntTiR7K"},"href":"https://api.spotify.com/v1/artists/52iwsT98xCoGgiGntTiR7K","id":"52iwsT98xCoGgiGntTiR7K","name":"Quevedo","type":"artist","uri":"spotify:artist:52iwsT98xCoGgiGntTiR7K"}],"available_markets":["AR","AU","AT","BE","BO","BR","BG","CA","CL","CO","CR","CY","CZ","DK","DO","DE","EC","EE","SV","FI","FR","GR","GT","HN","HK","HU","IS","IE","IT","LV","LT","LU","MY","MT","MX","NL","NZ","NI","NO","PA","PY","PE","PH","PL","PT","SG","SK","ES","SE","CH","TW","TR","UY","US","GB","AD","LI","MC","ID","JP","TH","VN","RO","IL","ZA","SA","AE","BH","QA","OM","KW","EG","MA","DZ","TN","LB","JO","PS","IN","BY","KZ","MD","UA","AL","BA","HR","ME","MK","RS","SI","KR","BD","PK","LK","GH","KE","NG","TZ","UG","AG","AM","BS","BB","BZ","BT","BW","BF","CV","CW","DM","FJ","GM","GE","GD","GW","GY","HT","JM","KI","LS","LR","MW","MV","ML","MH","FM","NA","NR","NE","PW","PG","PR","WS","SM","ST","SN","SC","SL","SB","KN","LC","VC","SR","TL","TO","TT","TV","VU","AZ","BN","BI","KH","CM","TD","KM","GQ","SZ","GA","GN","KG","LA","MO","MR","MN","NP","RW","TG","UZ","ZW","BJ","MG","MU","MZ","AO","CI","DJ","ZM","CD","CG","IQ","LY","TJ","VE","ET","XK"],"disc_number":1,"duration_ms":183316,"explicit":false,"external_urls":{"spotify":"https://open.spotify.com/track/1gKnoWS17Nf8ZxEev7d3vd"},"href":"https://api.spotify.com/v1/tracks/1gKnoWS17Nf8ZxEev7d3vd","id":"1gKnoWS17Nf8ZxEev7d3vd","name":"IGUALES","preview_url":null,"track_number":3,"type":"track","uri":"spotify:track:1gKnoWS17Nf8ZxEev7d3vd","is_local":false},{"artists":[{"external_urls":{"spotify":"https://open.spotify.com/artist/52iwsT98xCoGgiGntTiR7K"},"href":"https://api.spotify.com/v1/artists/52iwsT98xCoGgiGntTiR7K","id":"52iwsT98xCoGgiGntTiR7K","name":"Quevedo","type":"artist","uri":"spotify:artist:52iwsT98xCoGgiGntTiR7K"},{"external_urls":{"spotify":"https://open.spotify.com/artist/7eLcDZDYHXZCebtQmVFL25"},"href":"https://api.spotify.com/v1/artists/7eLcDZDYHXZCebtQmVFL25","id":"7eLcDZDYHXZCebtQmVFL25","name":"Aitana","type":"artist","uri":"spotify:artist:7eLcDZDYHXZCebtQmVFL25"}],"available_markets":["AR","AU","AT","BE","BO","BR","BG","CA","CL","CO","CR","CY","CZ","DK","DO","DE","EC","EE","SV","FI","FR","GR","GT","HN","HK","HU","IS","IE","IT","LV","LT","LU","MY","MT","MX","NL","NZ","NI","NO","PA","PY","PE","PH","PL","PT","SG","SK","ES","SE","CH","TW","TR","UY","US","GB","AD","LI","MC","ID","JP","TH","VN","RO","IL","ZA","SA","AE","BH","QA","OM","KW","EG","MA","DZ","TN","LB","JO","PS","IN","BY","KZ","MD","UA","AL","BA","HR","ME","MK","RS","SI","KR","BD","PK","LK","GH","KE","NG","TZ","UG","AG","AM","BS","BB","BZ","BT","BW","BF","CV","CW","DM","FJ","GM","GE","GD","GW","GY","HT","JM","KI","LS","LR","MW","MV","ML","MH","FM","NA","NR","NE","PW","PG","PR","WS","SM","ST","SN","SC","SL","SB","KN","LC","VC","SR","TL","TO","TT","TV","VU","AZ","BN","BI","KH","CM","TD","KM","GQ","SZ","GA","GN","KG","LA","MO","MR","MN","NP","RW","TG","UZ","ZW","BJ","MG","MU","MZ","AO","CI","DJ","ZM","CD","CG","IQ","LY","TJ","VE","ET","XK"],"disc_number":1,"duration_ms":213528,"explicit":false,"external_urls":{"spotify":"https://open.spotify.com/track/2kQ1OvmMzs1xdlH020aJJh"},"href":"https://api.spotify.com/v1/tracks/2kQ1OvmMzs1xdlH020aJJh","id":"2kQ1OvmMzs1xdlH020aJJh","name":"GRAN VÍA","preview_url":null,"track_number":4,"type":"track","uri":"spotify:track:2kQ1OvmMzs1xdlH020aJJh","is_local":false},{"artists":[{"external_urls":{"spotify":"https://open.spotify.com/artist/52iwsT98xCoGgiGntTiR7K"},"href":"https://api.spotify.com/v1/artists/52iwsT98xCoGgiGntTiR7K","id":"52iwsT98xCoGgiGntTiR7K","name":"Quevedo","type":"artist","uri":"spotify:artist:52iwsT98xCoGgiGntTiR7K"}],"available_markets":["AR","AU","AT","BE","BO","BR","BG","CA","CL","CO","CR","CY","CZ","DK","DO","DE","EC","EE","SV","FI","FR","GR","GT","HN","HK","HU","IS","IE","IT","LV","LT","LU","MY","MT","MX","NL","NZ","NI","NO","PA","PY","PE","PH","PL","PT","SG","SK","ES","SE","CH","TW","TR","UY","US","GB","AD","LI","MC","ID","JP","TH","VN","RO","IL","ZA","SA","AE","BH","QA","OM","KW","EG","MA","DZ","TN","LB","JO","PS","IN","BY","KZ","MD","UA","AL","BA","HR","ME","MK","RS","SI","KR","BD","PK","LK","GH","KE","NG","TZ","UG","AG","AM","BS","BB","BZ","BT","BW","BF","CV","CW","DM","FJ","GM","GE","GD","GW","GY","HT","JM","KI","LS","LR","MW","MV","ML","MH","FM","NA","NR","NE","PW","PG","PR","WS","SM","ST","SN","SC","SL","SB","KN","LC","VC","SR","TL","TO","TT","TV","VU","AZ","BN","BI","KH","CM","TD","KM","GQ","SZ","GA","GN","KG","LA","MO","MR","MN","NP","RW","TG","UZ","ZW","BJ","MG","MU","MZ","AO","CI","DJ","ZM","CD","CG","IQ","LY","TJ","VE","ET","XK"],"disc_number":1,"duration_ms":197418,"explicit":false,"external_urls":{"spotify":"https://open.spotify.com/track/1iP7aZUNvyt2EtmpjSbtRz"},"href":"https://api.spotify.com/v1/tracks/1iP7aZUNvyt2EtmpjSbtRz","id":"1iP7aZUNvyt2EtmpjSbtRz","name":"CHAPIADORA.COM","preview_url":null,"track_number":5,"type":"track","uri":"spotify:track:1iP7aZUNvyt2EtmpjSbtRz","is_local":false},{"artists":[{"external_urls":{"spotify":"https://open.spotify.com/artist/52iwsT98xCoGgiGntTiR7K"},"href":"https://api.spotify.com/v1/artists/52iwsT98xCoGgiGntTiR7K","id":"52iwsT98xCoGgiGntTiR7K","name":"Quevedo","type":"artist","uri":"spotify:artist:52iwsT98xCoGgiGntTiR7K"}],"available_markets":["AR","AU","AT","BE","BO","BR","BG","CA","CL","CO","CR","CY","CZ","DK","DO","DE","EC","EE","SV","FI","FR","GR","GT","HN","HK","HU","IS","IE","IT","LV","LT","LU","MY","MT","MX","NL","NZ","NI","NO","PA","PY","PE","PH","PL","PT","SG","SK","ES","SE","CH","TW","TR","UY","US","GB","AD","LI","MC","ID","JP","TH","VN","RO","IL","ZA","SA","AE","BH","QA","OM","KW","EG","MA","DZ","TN","LB","JO","PS","IN","BY","KZ","MD","UA","AL","BA","HR","ME","MK","RS","SI","KR","BD","PK","LK","GH","KE","NG","TZ","UG","AG","AM","BS","BB","BZ","BT","BW","BF","CV","CW","DM","FJ","GM","GE","GD","GW","GY","HT","JM","KI","LS","LR","MW","MV","ML","MH","FM","NA","NR","NE","PW","PG","PR","WS","SM","ST","SN","SC","SL","SB","KN","LC","VC","SR","TL","TO","TT","TV","VU","AZ","BN","BI","KH","CM","TD","KM","GQ","SZ","GA","GN","KG","LA","MO","MR","MN","NP","RW","TG","UZ","ZW","BJ","MG","MU","MZ","AO","CI","DJ","ZM","CD","CG","IQ","LY","TJ","VE","ET","XK"],"disc_number":1,"duration_ms":171685,"explicit":false,"external_urls":{"spotify":"https://open.spotify.com/track/7s8qhehMgdXKpixiqyFFrV"},"href":"https://api.spotify.com/v1/tracks/7s8qhehMgdXKpixiqyFFrV","id":"7s8qhehMgdXKpixiqyFFrV","name":"POR ATRÁS","preview_url":null,"track_number":6,"type":"track","uri":"spotify:track:7s8qhehMgdXKpixiqyFFrV","is_local":false},{"artists":[{"external_urls":{"spotify":"https://open.spotify.com/artist/52iwsT98xCoGgiGntTiR7K"},"href":"https://api.spotify.com/v1/artists/52iwsT98xCoGgiGntTiR7K","id":"52iwsT98xCoGgiGntTiR7K","name":"Quevedo","type":"artist","uri":"spotify:artist:52iwsT98xCoGgiGntTiR7K"},{"external_urls":{"spotify":"https://open.spotify.com/artist/0b4EVanoJb8wkWF7QUA3uY"},"href":"https://api.spotify.com/v1/artists/0b4EVanoJb8wkWF7QUA3uY","id":"0b4EVanoJb8wkWF7QUA3uY","name":"Sin Nombre","type":"artist","uri":"spotify:artist:0b4EVanoJb8wkWF7QUA3uY"}],"available_markets":["AR","AU","AT","BE","BO","BR","BG","CA","CL","CO","CR","CY","CZ","DK","DO","DE","EC","EE","SV","FI","FR","GR","GT","HN","HK","HU","IS","IE","IT","LV","LT","LU","MY","MT","MX","NL","NZ","NI","NO","PA","PY","PE","PH","PL","PT","SG","SK","ES","SE","CH","TW","TR","UY","US","GB","AD","LI","MC","ID","JP","TH","VN","RO","IL","ZA","SA","AE","BH","QA","OM","KW","EG","MA","DZ","TN","LB","JO","PS","IN","BY","KZ","MD","UA","AL","BA","HR","ME","MK","RS","SI","KR","BD","PK","LK","GH","KE","NG","TZ","UG","AG","AM","BS","BB","BZ","BT","BW","BF","CV","CW","DM","FJ","GM","GE","GD","GW","GY","HT","JM","KI","LS","LR","MW","MV","ML","MH","FM","NA","NR","NE","PW","PG","PR","WS","SM","ST","SN","SC","SL","SB","KN","LC","VC","SR","TL","TO","TT","TV","VU","AZ","BN","BI","KH","CM","TD","KM","GQ","SZ","GA","GN","KG","LA","MO","MR","MN","NP","RW","TG","UZ","ZW","BJ","MG","MU","MZ","AO","CI","DJ","ZM","CD","CG","IQ","LY","TJ","VE","ET","XK"],"disc_number":1,"duration_ms":172422,"explicit":true,"external_urls":{"spotify":"https://open.spotify.com/track/1qIUiG9nhThK6es9pFMlwO"},"href":"https://api.spotify.com/v1/tracks/1qIUiG9nhThK6es9pFMlwO","id":"1qIUiG9nhThK6es9pFMlwO","name":"14 FEBREROS","preview_url":null,"track_number":7,"type":"track","uri":"spotify:track:1qIUiG9nhThK6es9pFMlwO","is_local":false},{"artists":[{"external_urls":{"spotify":"https://open.spotify.com/artist/52iwsT98xCoGgiGntTiR7K"},"href":"https://api.spotify.com/v1/artists/52iwsT98xCoGgiGntTiR7K","id":"52iwsT98xCoGgiGntTiR7K","name":"Quevedo","type":"artist","uri":"spotify:artist:52iwsT98xCoGgiGntTiR7K"},{"external_urls":{"spotify":"https://open.spotify.com/artist/1rTUwYS38LkQTlT2fhikch"},"href":"https://api.spotify.com/v1/artists/1rTUwYS38LkQTlT2fhikch","id":"1rTUwYS38LkQTlT2fhikch","name":"Yung Beef","type":"artist","uri":"spotify:artist:1rTUwYS38LkQTlT2fhikch"}],"available_markets":["AR","AU","AT","BE","BO","BR","BG","CA","CL","CO","CR","CY","CZ","DK","DO","DE","EC","EE","SV","FI","FR","GR","GT","HN","HK","HU","IS","IE","IT","LV","LT","LU","MY","MT","MX","NL","NZ","NI","NO","PA","PY","PE","PH","PL","PT","SG","SK","ES","SE","CH","TW","TR","UY","US","GB","AD","LI","MC","ID","JP","TH","VN","RO","IL","ZA","SA","AE","BH","QA","OM","KW","EG","MA","DZ","TN","LB","JO","PS","IN","BY","KZ","MD","UA","AL","BA","HR","ME","MK","RS","SI","KR","BD","PK","LK","GH","KE","NG","TZ","UG","AG","AM","BS","BB","BZ","BT","BW","BF","CV","CW","DM","FJ","GM","GE","GD","GW","GY","HT","JM","KI","LS","LR","MW","MV","ML","MH","FM","NA","NR","NE","PW","PG","PR","WS","SM","ST","SN","SC","SL","SB","KN","LC","VC","SR","TL","TO","TT","TV","VU","AZ","BN","BI","KH","CM","TD","KM","GQ","SZ","GA","GN","KG","LA","MO","MR","MN","NP","RW","TG","UZ","ZW","BJ","MG","MU","MZ","AO","CI","DJ","ZM","CD","CG","IQ","LY","TJ","VE","ET","XK"],"disc_number":1,"duration_ms":194286,"explicit":false,"external_urls":{"spotify":"https://open.spotify.com/track/4YX0HMD665kmWsetqE0fBg"},"href":"https://api.spotify.com/v1/tracks/4YX0HMD665kmWsetqE0fBg","id":"4YX0HMD665kmWsetqE0fBg","name":"LA 125","preview_url":null,"track_number":8,"type":"track","uri":"spotify:track:4YX0HMD665kmWsetqE0fBg","is_local":false},{"artists":[{"external_urls":{"spotify":"https://open.spotify.com/artist/52iwsT98xCoGgiGntTiR7K"},"href":"https://api.spotify.com/v1/artists/52iwsT98xCoGgiGntTiR7K","id":"52iwsT98xCoGgiGntTiR7K","name":"Quevedo","type":"artist","uri":"spotify:artist:52iwsT98xCoGgiGntTiR7K"},{"external_urls":{"spotify":"https://open.spotify.com/artist/0IEzMvarfVycBJAXjjEZOL"},"href":"https://api.spotify.com/v1/artists/0IEzMvarfVycBJAXjjEZOL","id":"0IEzMvarfVycBJAXjjEZOL","name":"La Pantera","type":"artist","uri":"spotify:artist:0IEzMvarfVycBJAXjjEZOL"}],"available_markets":["AR","AU","AT","BE","BO","BR","BG","CA","CL","CO","CR","CY","CZ","DK","DO","DE","EC","EE","SV","FI","FR","GR","GT","HN","HK","HU","IS","IE","IT","LV","LT","LU","MY","MT","MX","NL","NZ","NI","NO","PA","PY","PE","PH","PL","PT","SG","SK","ES","SE","CH","TW","TR","UY","US","GB","AD","LI","MC","ID","JP","TH","VN","RO","IL","ZA","SA","AE","BH","QA","OM","KW","EG","MA","DZ","TN","LB","JO","PS","IN","BY","KZ","MD","UA","AL","BA","HR","ME","MK","RS","SI","KR","BD","PK","LK","GH","KE","NG","TZ","UG","AG","AM","BS","BB","BZ","BT","BW","BF","CV","CW","DM","FJ","GM","GE","GD","GW","GY","HT","JM","KI","LS","LR","MW","MV","ML","MH","FM","NA","NR","NE","PW","PG","PR","WS","SM","ST","SN","SC","SL","SB","KN","LC","VC","SR","TL","TO","TT","TV","VU","AZ","BN","BI","KH","CM","TD","KM","GQ","SZ","GA","GN","KG","LA","MO","MR","MN","NP","RW","TG","UZ","ZW","BJ","MG","MU","MZ","AO","CI","DJ","ZM","CD","CG","IQ","LY","TJ","VE","ET","XK"],"disc_number":1,"duration_ms":181261,"explicit":false,"external_urls":{"spotify":"https://open.spotify.com/track/58ldPuiCULxm08TCZ8qX4D"},"href":"https://api.spotify.com/v1/tracks/58ldPuiCULxm08TCZ8qX4D","id":"58ldPuiCULxm08TCZ8qX4D","name":"HALO","preview_url":null,"track_number":9,"type":"track","uri":"spotify:track:58ldPuiCULxm08TCZ8qX4D","is_local":false},{"artists":[{"external_urls":{"spotify":"https://open.spotify.com/artist/52iwsT98xCoGgiGntTiR7K"},"href":"https://api.spotify.com/v1/artists/52iwsT98xCoGgiGntTiR7K","id":"52iwsT98xCoGgiGntTiR7K","name":"Quevedo","type":"artist","uri":"spotify:artist:52iwsT98xCoGgiGntTiR7K"},{"external_urls":{"spotify":"https://open.spotify.com/artist/0TnOYISbd1XYRBk9myaseg"},"href":"https://api.spotify.com/v1/artists/0TnOYISbd1XYRBk9myaseg","id":"0TnOYISbd1XYRBk9myaseg","name":"Pitbull","type":"artist","uri":"spotify:artist:0TnOYISbd1XYRBk9myaseg"}],"available_markets":["AR","AU","AT","BE","BO","BR","BG","CA","CL","CO","CR","CY","CZ","DK","DO","DE","EC","EE","SV","FI","FR","GR","GT","HN","HK","HU","IS","IE","IT","LV","LT","LU","MY","MT","MX","NL","NZ","NI","NO","PA","PY","PE","PH","PL","PT","SG","SK","ES","SE","CH","TW","TR","UY","US","GB","AD","LI","MC","ID","JP","TH","VN","RO","IL","ZA","SA","AE","BH","QA","OM","KW","EG","MA","DZ","TN","LB","JO","PS","IN","BY","KZ","MD","UA","AL","BA","HR","ME","MK","RS","SI","KR","BD","PK","LK","GH","KE","NG","TZ","UG","AG","AM","BS","BB","BZ","BT","BW","BF","CV","CW","DM","FJ","GM","GE","GD","GW","GY","HT","JM","KI","LS","LR","MW","MV","ML","MH","FM","NA","NR","NE","PW","PG","PR","WS","SM","ST","SN","SC","SL","SB","KN","LC","VC","SR","TL","TO","TT","TV","VU","AZ","BN","BI","KH","CM","TD","KM","GQ","SZ","GA","GN","KG","LA","MO","MR","MN","NP","RW","TG","UZ","ZW","BJ","MG","MU","MZ","AO","CI","DJ","ZM","CD","CG","IQ","LY","TJ","VE","ET","XK"],"disc_number":1,"duration_ms":165762,"explicit":false,"external_urls":{"spotify":"https://open.spotify.com/track/67LKV40NfSSGIJnm0xz6fi"},"href":"https://api.spotify.com/v1/tracks/67LKV40NfSSGIJnm0xz6fi","id":"67LKV40NfSSGIJnm0xz6fi","name":"MR. MOONDIAL","preview_url":null,"track_number":10,"type":"track","uri":"spotify:track:67LKV40NfSSGIJnm0xz6fi","is_local":false},{"artists":[{"external_urls":{"spotify":"https://open.spotify.com/artist/52iwsT98xCoGgiGntTiR7K"},"href":"https://api.spotify.com/v1/artists/52iwsT98xCoGgiGntTiR7K","id":"52iwsT98xCoGgiGntTiR7K","name":"Quevedo","type":"artist","uri":"spotify:artist:52iwsT98xCoGgiGntTiR7K"}],"available_markets":["AR","AU","AT","BE","BO","BR","BG","CA","CL","CO","CR","CY","CZ","DK","DO","DE","EC","EE","SV","FI","FR","GR","GT","HN","HK","HU","IS","IE","IT","LV","LT","LU","MY","MT","MX","NL","NZ","NI","NO","PA","PY","PE","PH","PL","PT","SG","SK","ES","SE","CH","TW","TR","UY","US","GB","AD","LI","MC","ID","JP","TH","VN","RO","IL","ZA","SA","AE","BH","QA","OM","KW","EG","MA","DZ","TN","LB","JO","PS","IN","BY","KZ","MD","UA","AL","BA","HR","ME","MK","RS","SI","KR","BD","PK","LK","GH","KE","NG","TZ","UG","AG","AM","BS","BB","BZ","BT","BW","BF","CV","CW","DM","FJ","GM","GE","GD","GW","GY","HT","JM","KI","LS","LR","MW","MV","ML","MH","FM","NA","NR","NE","PW","PG","PR","WS","SM","ST","SN","SC","SL","SB","KN","LC","VC","SR","TL","TO","TT","TV","VU","AZ","BN","BI","KH","CM","TD","KM","GQ","SZ","GA","GN","KG","LA","MO","MR","MN","NP","RW","TG","UZ","ZW","BJ","MG","MU","MZ","AO","CI","DJ","ZM","CD","CG","IQ","LY","TJ","VE","ET","XK"],"disc_number":1,"duration_ms":190304,"explicit":false,"external_urls":{"spotify":"https://open.spotify.com/track/7vqMCnrAbZgii8eJZbjYjF"},"href":"https://api.spotify.com/v1/tracks/7vqMCnrAbZgii8eJZbjYjF","id":"7vqMCnrAbZgii8eJZbjYjF","name":"QUE ASCO DE TODO","preview_url":null,"track_number":11,"type":"track","uri":"spotify:track:7vqMCnrAbZgii8eJZbjYjF","is_local":false},{"artists":[{"external_urls":{"spotify":"https://open.spotify.com/artist/52iwsT98xCoGgiGntTiR7K"},"href":"https://api.spotify.com/v1/artists/52iwsT98xCoGgiGntTiR7K","id":"52iwsT98xCoGgiGntTiR7K","name":"Quevedo","type":"artist","uri":"spotify:artist:52iwsT98xCoGgiGntTiR7K"}],"available_markets":["AR","AU","AT","BE","BO","BR","BG","CA","CL","CO","CR","CY","CZ","DK","DO","DE","EC","EE","SV","FI","FR","GR","GT","HN","HK","HU","IS","IE","IT","LV","LT","LU","MY","MT","MX","NL","NZ","NI","NO","PA","PY","PE","PH","PL","PT","SG","SK","ES","SE","CH","TW","TR","UY","US","GB","AD","LI","MC","ID","JP","TH","VN","RO","IL","ZA","SA","AE","BH","QA","OM","KW","EG","MA","DZ","TN","LB","JO","PS","IN","BY","KZ","MD","UA","AL","BA","HR","ME","MK","RS","SI","KR","BD","PK","LK","GH","KE","NG","TZ","UG","AG","AM","BS","BB","BZ","BT","BW","BF","CV","CW","DM","FJ","GM","GE","GD","GW","GY","HT","JM","KI","LS","LR","MW","MV","ML","MH","FM","NA","NR","NE","PW","PG","PR","WS","SM","ST","SN","SC","SL","SB","KN","LC","VC","SR","TL","TO","TT","TV","VU","AZ","BN","BI","KH","CM","TD","KM","GQ","SZ","GA","GN","KG","LA","MO","MR","MN","NP","RW","TG","UZ","ZW","BJ","MG","MU","MZ","AO","CI","DJ","ZM","CD","CG","IQ","LY","TJ","VE","ET","XK"],"disc_number":1,"duration_ms":206910,"explicit":false,"external_urls":{"spotify":"https://open.spotify.com/track/5Oo9D3xJJ2sF6HWiJweV0V"},"href":"https://api.spotify.com/v1/tracks/5Oo9D3xJJ2sF6HWiJweV0V","id":"5Oo9D3xJJ2sF6HWiJweV0V","name":"NOEMÚ","preview_url":null,"track_number":12,"type":"track","uri":"spotify:track:5Oo9D3xJJ2sF6HWiJweV0V","is_local":false},{"artists":[{"external_urls":{"spotify":"https://open.spotify.com/artist/52iwsT98xCoGgiGntTiR7K"},"href":"https://api.spotify.com/v1/artists/52iwsT98xCoGgiGntTiR7K","id":"52iwsT98xCoGgiGntTiR7K","name":"Quevedo","type":"artist","uri":"spotify:artist:52iwsT98xCoGgiGntTiR7K"}],"available_markets":["AR","AU","AT","BE","BO","BR","BG","CA","CL","CO","CR","CY","CZ","DK","DO","DE","EC","EE","SV","FI","FR","GR","GT","HN","HK","HU","IS","IE","IT","LV","LT","LU","MY","MT","MX","NL","NZ","NI","NO","PA","PY","PE","PH","PL","PT","SG","SK","ES","SE","CH","TW","TR","UY","US","GB","AD","LI","MC","ID","JP","TH","VN","RO","IL","ZA","SA","AE","BH","QA","OM","KW","EG","MA","DZ","TN","LB","JO","PS","IN","BY","KZ","MD","UA","AL","BA","HR","ME","MK","RS","SI","KR","BD","PK","LK","GH","KE","NG","TZ","UG","AG","AM","BS","BB","BZ","BT","BW","BF","CV","CW","DM","FJ","GM","GE","GD","GW","GY","HT","JM","KI","LS","LR","MW","MV","ML","MH","FM","NA","NR","NE","PW","PG","PR","WS","SM","ST","SN","SC","SL","SB","KN","LC","VC","SR","TL","TO","TT","TV","VU","AZ","BN","BI","KH","CM","TD","KM","GQ","SZ","GA","GN","KG","LA","MO","MR","MN","NP","RW","TG","UZ","ZW","BJ","MG","MU","MZ","AO","CI","DJ","ZM","CD","CG","IQ","LY","TJ","VE","ET","XK"],"disc_number":1,"duration_ms":138226,"explicit":false,"external_urls":{"spotify":"https://open.spotify.com/track/41VnmHAkCUsCStYdDUibpp"},"href":"https://api.spotify.com/v1/tracks/41VnmHAkCUsCStYdDUibpp","id":"41VnmHAkCUsCStYdDUibpp","name":"SHIBATTO","preview_url":null,"track_number":13,"type":"track","uri":"spotify:track:41VnmHAkCUsCStYdDUibpp","is_local":false},{"artists":[{"external_urls":{"spotify":"https://open.spotify.com/artist/52iwsT98xCoGgiGntTiR7K"},"href":"https://api.spotify.com/v1/artists/52iwsT98xCoGgiGntTiR7K","id":"52iwsT98xCoGgiGntTiR7K","name":"Quevedo","type":"artist","uri":"spotify:artist:52iwsT98xCoGgiGntTiR7K"},{"external_urls":{"spotify":"https://open.spotify.com/artist/2IMZYfNi21MGqxopj9fWx8"},"href":"https://api.spotify.com/v1/artists/2IMZYfNi21MGqxopj9fWx8","id":"2IMZYfNi21MGqxopj9fWx8","name":"Rels B","type":"artist","uri":"spotify:artist:2IMZYfNi21MGqxopj9fWx8"}],"available_markets":["AR","AU","AT","BE","BO","BR","BG","CA","CL","CO","CR","CY","CZ","DK","DO","DE","EC","EE","SV","FI","FR","GR","GT","HN","HK","HU","IS","IE","IT","LV","LT","LU","MY","MT","MX","NL","NZ","NI","NO","PA","PY","PE","PH","PL","PT","SG","SK","ES","SE","CH","TW","TR","UY","US","GB","AD","LI","MC","ID","JP","TH","VN","RO","IL","ZA","SA","AE","BH","QA","OM","KW","EG","MA","DZ","TN","LB","JO","PS","IN","BY","KZ","MD","UA","AL","BA","HR","ME","MK","RS","SI","KR","BD","PK","LK","GH","KE","NG","TZ","UG","AG","AM","BS","BB","BZ","BT","BW","BF","CV","CW","DM","FJ","GM","GE","GD","GW","GY","HT","JM","KI","LS","LR","MW","MV","ML","MH","FM","NA","NR","NE","PW","PG","PR","WS","SM","ST","SN","SC","SL","SB","KN","LC","VC","SR","TL","TO","TT","TV","VU","AZ","BN","BI","KH","CM","TD","KM","GQ","SZ","GA","GN","KG","LA","MO","MR","MN","NP","RW","TG","UZ","ZW","BJ","MG","MU","MZ","AO","CI","DJ","ZM","CD","CG","IQ","LY","TJ","VE","ET","XK"],"disc_number":1,"duration_ms":161943,"explicit":false,"external_urls":{"spotify":"https://open.spotify.com/track/0ffPRT5WW86ecgGWGf5CyY"},"href":"https://api.spotify.com/v1/tracks/0ffPRT5WW86ecgGWGf5CyY","id":"0ffPRT5WW86ecgGWGf5CyY","name":"LOS DÍAS CONTADOS","preview_url":null,"track_number":14,"type":"track","uri":"spotify:track:0ffPRT5WW86ecgGWGf5CyY","is_local":false},{"artists":[{"external_urls":{"spotify":"https://open.spotify.com/artist/52iwsT98xCoGgiGntTiR7K"},"href":"https://api.spotify.com/v1/artists/52iwsT98xCoGgiGntTiR7K","id":"52iwsT98xCoGgiGntTiR7K","name":"Quevedo","type":"artist","uri":"spotify:artist:52iwsT98xCoGgiGntTiR7K"}],"available_markets":["AR","AU","AT","BE","BO","BR","BG","CA","CL","CO","CR","CY","CZ","DK","DO","DE","EC","EE","SV","FI","FR","GR","GT","HN","HK","HU","IS","IE","IT","LV","LT","LU","MY","MT","MX","NL","NZ","NI","NO","PA","PY","PE","PH","PL","PT","SG","SK","ES","SE","CH","TW","TR","UY","US","GB","AD","LI","MC","ID","JP","TH","VN","RO","IL","ZA","SA","AE","BH","QA","OM","KW","EG","MA","DZ","TN","LB","JO","PS","IN","BY","KZ","MD","UA","AL","BA","HR","ME","MK","RS","SI","KR","BD","PK","LK","GH","KE","NG","TZ","UG","AG","AM","BS","BB","BZ","BT","BW","BF","CV","CW","DM","FJ","GM","GE","GD","GW","GY","HT","JM","KI","LS","LR","MW","MV","ML","MH","FM","NA","NR","NE","PW","PG","PR","WS","SM","ST","SN","SC","SL","SB","KN","LC","VC","SR","TL","TO","TT","TV","VU","AZ","BN","BI","KH","CM","TD","KM","GQ","SZ","GA","GN","KG","LA","MO","MR","MN","NP","RW","TG","UZ","ZW","BJ","MG","MU","MZ","AO","CI","DJ","ZM","CD","CG","IQ","LY","TJ","VE","ET","XK"],"disc_number":1,"duration_ms":161444,"explicit":false,"external_urls":{"spotify":"https://open.spotify.com/track/23iK2aTjEEG30dx1uuSXc9"},"href":"https://api.spotify.com/v1/tracks/23iK2aTjEEG30dx1uuSXc9","id":"23iK2aTjEEG30dx1uuSXc9","name":"EL ESTRIBILLO","preview_url":null,"track_number":15,"type":"track","uri":"spotify:track:23iK2aTjEEG30dx1uuSXc9","is_local":false},{"artists":[{"external_urls":{"spotify":"https://open.spotify.com/artist/52iwsT98xCoGgiGntTiR7K"},"href":"https://api.spotify.com/v1/artists/52iwsT98xCoGgiGntTiR7K","id":"52iwsT98xCoGgiGntTiR7K","name":"Quevedo","type":"artist","uri":"spotify:artist:52iwsT98xCoGgiGntTiR7K"},{"external_urls":{"spotify":"https://open.spotify.com/artist/54seKvtsZauR1iauN0ptpo"},"href":"https://api.spotify.com/v1/artists/54seKvtsZauR1iauN0ptpo","id":"54seKvtsZauR1iauN0ptpo","name":"De La Rose","type":"artist","uri":"spotify:artist:54seKvtsZauR1iauN0ptpo"},{"external_urls":{"spotify":"https://open.spotify.com/artist/3EiLUeyEcA6fbRPSHkG5kb"},"href":"https://api.spotify.com/v1/artists/3EiLUeyEcA6fbRPSHkG5kb","id":"3EiLUeyEcA6fbRPSHkG5kb","name":"De La Ghetto","type":"artist","uri":"spotify:artist:3EiLUeyEcA6fbRPSHkG5kb"}],"available_markets":["AR","AU","AT","BE","BO","BR","BG","CA","CL","CO","CR","CY","CZ","DK","DO","DE","EC","EE","SV","FI","FR","GR","GT","HN","HK","HU","IS","IE","IT","LV","LT","LU","MY","MT","MX","NL","NZ","NI","NO","PA","PY","PE","PH","PL","PT","SG","SK","ES","SE","CH","TW","TR","UY","US","GB","AD","LI","MC","ID","JP","TH","VN","RO","IL","ZA","SA","AE","BH","QA","OM","KW","EG","MA","DZ","TN","LB","JO","PS","IN","BY","KZ","MD","UA","AL","BA","HR","ME","MK","RS","SI","KR","BD","PK","LK","GH","KE","NG","TZ","UG","AG","AM","BS","BB","BZ","BT","BW","BF","CV","CW","DM","FJ","GM","GE","GD","GW","GY","HT","JM","KI","LS","LR","MW","MV","ML","MH","FM","NA","NR","NE","PW","PG","PR","WS","SM","ST","SN","SC","SL","SB","KN","LC","VC","SR","TL","TO","TT","TV","VU","AZ","BN","BI","KH","CM","TD","KM","GQ","SZ","GA","GN","KG","LA","MO","MR","MN","NP","RW","TG","UZ","ZW","BJ","MG","MU","MZ","AO","CI","DJ","ZM","CD","CG","IQ","LY","TJ","VE","ET","XK"],"disc_number":1,"duration_ms":255333,"explicit":false,"external_urls":{"spotify":"https://open.spotify.com/track/4DxbTPS1DUzTKzpNfCbYjy"},"href":"https://api.spotify.com/v1/tracks/4DxbTPS1DUzTKzpNfCbYjy","id":"4DxbTPS1DUzTKzpNfCbYjy","name":"AMANECIÓ","preview_url":null,"track_number":16,"type":"track","uri":"spotify:track:4DxbTPS1DUzTKzpNfCbYjy","is_local":false},{"artists":[{"external_urls":{"spotify":"https://open.spotify.com/artist/52iwsT98xCoGgiGntTiR7K"},"href":"https://api.spotify.com/v1/artists/52iwsT98xCoGgiGntTiR7K","id":"52iwsT98xCoGgiGntTiR7K","name":"Quevedo","type":"artist","uri":"spotify:artist:52iwsT98xCoGgiGntTiR7K"},{"external_urls":{"spotify":"https://open.spotify.com/artist/77ziqFxp5gaInVrF2lj4ht"},"href":"https://api.spotify.com/v1/artists/77ziqFxp5gaInVrF2lj4ht","id":"77ziqFxp5gaInVrF2lj4ht","name":"Sech","type":"artist","uri":"spotify:artist:77ziqFxp5gaInVrF2lj4ht"}],"available_markets":["AR","AU","AT","BE","BO","BR","BG","CA","CL","CO","CR","CY","CZ","DK","DO","DE","EC","EE","SV","FI","FR","GR","GT","HN","HK","HU","IS","IE","IT","LV","LT","LU","MY","MT","MX","NL","NZ","NI","NO","PA","PY","PE","PH","PL","PT","SG","SK","ES","SE","CH","TW","TR","UY","US","GB","AD","LI","MC","ID","JP","TH","VN","RO","IL","ZA","SA","AE","BH","QA","OM","KW","EG","MA","DZ","TN","LB","JO","PS","IN","BY","KZ","MD","UA","AL","BA","HR","ME","MK","RS","SI","KR","BD","PK","LK","GH","KE","NG","TZ","UG","AG","AM","BS","BB","BZ","BT","BW","BF","CV","CW","DM","FJ","GM","GE","GD","GW","GY","HT","JM","KI","LS","LR","MW","MV","ML","MH","FM","NA","NR","NE","PW","PG","PR","WS","SM","ST","SN","SC","SL","SB","KN","LC","VC","SR","TL","TO","TT","TV","VU","AZ","BN","BI","KH","CM","TD","KM","GQ","SZ","GA","GN","KG","LA","MO","MR","MN","NP","RW","TG","UZ","ZW","BJ","MG","MU","MZ","AO","CI","DJ","ZM","CD","CG","IQ","LY","TJ","VE","ET","XK"],"disc_number":1,"duration_ms":219460,"explicit":false,"external_urls":{"spotify":"https://open.spotify.com/track/2stYCm7UAyZ4srGFrI4MNX"},"href":"https://api.spotify.com/v1/tracks/2stYCm7UAyZ4srGFrI4MNX","id":"2stYCm7UAyZ4srGFrI4MNX","name":"TE FALLÉ","preview_url":null,"track_number":17,"type":"track","uri":"spotify:track:2stYCm7UAyZ4srGFrI4MNX","is_local":false},{"artists":[{"external_urls":{"spotify":"https://open.spotify.com/artist/52iwsT98xCoGgiGntTiR7K"},"href":"https://api.spotify.com/v1/artists/52iwsT98xCoGgiGntTiR7K","id":"52iwsT98xCoGgiGntTiR7K","name":"Quevedo","type":"artist","uri":"spotify:artist:52iwsT98xCoGgiGntTiR7K"}],"available_markets":["AR","AU","AT","BE","BO","BR","BG","CA","CL","CO","CR","CY","CZ","DK","DO","DE","EC","EE","SV","FI","FR","GR","GT","HN","HK","HU","IS","IE","IT","LV","LT","LU","MY","MT","MX","NL","NZ","NI","NO","PA","PY","PE","PH","PL","PT","SG","SK","ES","SE","CH","TW","TR","UY","US","GB","AD","LI","MC","ID","JP","TH","VN","RO","IL","ZA","SA","AE","BH","QA","OM","KW","EG","MA","DZ","TN","LB","JO","PS","IN","BY","KZ","MD","UA","AL","BA","HR","ME","MK","RS","SI","KR","BD","PK","LK","GH","KE","NG","TZ","UG","AG","AM","BS","BB","BZ","BT","BW","BF","CV","CW","DM","FJ","GM","GE","GD","GW","GY","HT","JM","KI","LS","LR","MW","MV","ML","MH","FM","NA","NR","NE","PW","PG","PR","WS","SM","ST","SN","SC","SL","SB","KN","LC","VC","SR","TL","TO","TT","TV","VU","AZ","BN","BI","KH","CM","TD","KM","GQ","SZ","GA","GN","KG","LA","MO","MR","MN","NP","RW","TG","UZ","ZW","BJ","MG","MU","MZ","AO","CI","DJ","ZM","CD","CG","IQ","LY","TJ","VE","ET","XK"],"disc_number":1,"duration_ms":238883,"explicit":false,"external_urls":{"spotify":"https://open.spotify.com/track/1JkI7KcMNuIBZZoWQkcveV"},"href":"https://api.spotify.com/v1/tracks/1JkI7KcMNuIBZZoWQkcveV","id":"1JkI7KcMNuIBZZoWQkcveV","name":"BUENAS NOCHES","preview_url":null,"track_number":18,"type":"track","uri":"spotify:track:1JkI7KcMNuIBZZoWQkcveV","is_local":false}]},"copyrights":[{"text":"(C) 2024 DQE Productions Distribuido por RIMAS Entertainment","type":"C"},{"text":"(P) 2024 DQE Productions Distribuido por RIMAS Entertainment","type":"P"}],"external_ids":{"upc":"198846802275"},"genres":[],"label":"2024 DQE Productions Distribuido por RIMAS Entertainment","popularity":80},{"album_type":"single","total_tracks":5,"available_markets":["AR","AU","AT","BE","BO","BR","BG","CA","CL","CO","CR","CY","CZ","DK","DO","DE","EC","EE","SV","FI","FR","GR","GT","HN","HK","HU","IS","IE","IT","LV","LT","LU","MY","MT","MX","NL","NZ","NI","NO","PA","PY","PE","PH","PL","PT","SG","SK","ES","SE","CH","TW","TR","UY","US","GB","AD","LI","MC","ID","JP","TH","VN","RO","IL","ZA","SA","AE","BH","QA","OM","KW","EG","MA","DZ","TN","LB","JO","PS","IN","KZ","MD","UA","AL","BA","HR","ME","MK","RS","SI","KR","BD","PK","LK","GH","KE","NG","TZ","UG","AG","AM","BS","BB","BZ","BT","BW","BF","CV","CW","DM","FJ","GM","GE","GD","GW","GY","HT","JM","KI","LS","LR","MW","MV","ML","MH","FM","NA","NR","NE","PW","PG","PR","WS","SM","ST","SN","SC","SL","SB","KN","LC","VC","SR","TL","TO","TT","TV","VU","AZ","BN","BI","KH","CM","TD","KM","GQ","SZ","GA","GN","KG","LA","MO","MR","MN","NP","RW","TG","UZ","ZW","BJ","MG","MU","MZ","AO","CI","DJ","ZM","CD","CG","IQ","LY","TJ","VE","ET","XK"],"external_urls":{"spotify":"https://open.spotify.com/album/2cOBkSXvFSkt37e9DHKqT0"},"href":"https://api.spotify.com/v1/albums/2cOBkSXvFSkt37e9DHKqT0","id":"2cOBkSXvFSkt37e9DHKqT0","images":[{"url":"https://i.scdn.co/image/ab67616d0000b27357527b7ba0198373503b7256","height":640,"width":640},{"url":"https://i.scdn.co/image/ab67616d00001e0257527b7ba0198373503b7256","height":300,"width":300},{"url":"https://i.scdn.co/image/ab67616d0000485157527b7ba0198373503b7256","height":64,"width":64}],"name":"ECOS","release_date":"2024-11-22","release_date_precision":"day","type":"album","uri":"spotify:album:2cOBkSXvFSkt37e9DHKqT0","artists":[{"external_urls":{"spotify":"https://open.spotify.com/artist/7ciBW1p3KBsYIkFk4UmwS8"},"href":"https://api.spotify.com/v1/artists/7ciBW1p3KBsYIkFk4UmwS8","id":"7ciBW1p3KBsYIkFk4UmwS8","name":"The Rudeboyz","type":"artist","uri":"spotify:artist:7ciBW1p3KBsYIkFk4UmwS8"}],"tracks":{"href":"https://api.spotify.com/v1/albums/2cOBkSXvFSkt37e9DHKqT0/tracks?offset=0&limit=50","limit":50,"next":null,"offset":0,"previous":null,"total":5,"items":[{"artists":[{"external_urls":{"spotify":"https://open.spotify.com/artist/7ciBW1p3KBsYIkFk4UmwS8"},"href":"https://api.spotify.com/v1/artists/7ciBW1p3KBsYIkFk4UmwS8","id":"7ciBW1p3KBsYIkFk4UmwS8","name":"The Rudeboyz","type":"artist","uri":"spotify:artist:7ciBW1p3KBsYIkFk4UmwS8"},{"external_urls":{"spotify":"https://open.spotify.com/artist/6B1hSmaLdOvChinK2Z7gfi"},"href":"https://api.spotify.com/v1/artists/6B1hSmaLdOvChinK2Z7gfi","id":"6B1hSmaLdOvChinK2Z7gfi","name":"Maisak","type":"artist","uri":"spotify:artist:6B1hSmaLdOvChinK2Z7gfi"},{"external_urls":{"spotify":"https://open.spotify.com/artist/6ndLrsgT3MV5CNxIrW71fw"},"href":"https://api.spotify.com/v1/artists/6ndLrsgT3MV5CNxIrW71fw","id":"6ndLrsgT3MV5CNxIrW71fw","name":"DFZM","type":"artist","uri":"spotify:artist:6ndLrsgT3MV5CNxIrW71fw"}],"available_markets":["AR","AU","AT","BE","BO","BR","BG","CA","CL","CO","CR","CY","CZ","DK","DO","DE","EC","EE","SV","FI","FR","GR","GT","HN","HK","HU","IS","IE","IT","LV","LT","LU","MY","MT","MX","NL","NZ","NI","NO","PA","PY","PE","PH","PL","PT","SG","SK","ES","SE","CH","TW","TR","UY","US","GB","AD","LI","MC","ID","JP","TH","VN","RO","IL","ZA","SA","AE","BH","QA","OM","KW","EG","MA","DZ","TN","LB","JO","PS","IN","KZ","MD","UA","AL","BA","HR","ME","MK","RS","SI","KR","BD","PK","LK","GH","KE","NG","TZ","UG","AG","AM","BS","BB","BZ","BT","BW","BF","CV","CW","DM","FJ","GM","GE","GD","GW","GY","HT","JM","KI","LS","LR","MW","MV","ML","MH","FM","NA","NR","NE","PW","PG","PR","WS","SM","ST","SN","SC","SL","SB","KN","LC","VC","SR","TL","TO","TT","TV","VU","AZ","BN","BI","KH","CM","TD","KM","GQ","SZ","GA","GN","KG","LA","MO","MR","MN","NP","RW","TG","UZ","ZW","BJ","MG","MU","MZ","AO","CI","DJ","ZM","CD","CG","IQ","LY","TJ","VE","ET","XK"],"disc_number":1,"duration_ms":197333,"explicit":true,"external_urls":{"spotify":"https://open.spotify.com/track/3pLfvhdGPLumkkK3I1pLnZ"},"href":"https://api.spotify.com/v1/tracks/3pLfvhdGPLumkkK3I1pLnZ","id":"3pLfvhdGPLumkkK3I1pLnZ","name":"OH MAMÁ","preview_url":null,"track_number":1,"type":"track","uri":"spotify:track:3pLfvhdGPLumkkK3I1pLnZ","is_local":false},{"artists":[{"external_urls":{"spotify":"https://open.spotify.com/artist/7ciBW1p3KBsYIkFk4UmwS8"},"href":"https://api.spotify.com/v1/artists/7ciBW1p3KBsYIkFk4UmwS8","id":"7ciBW1p3KBsYIkFk4UmwS8","name":"The Rudeboyz","type":"artist","uri":"spotify:artist:7ciBW1p3KBsYIkFk4UmwS8"},{"external_urls":{"spotify":"https://open.spotify.com/artist/4NGOJedxkGWwkbB5QiSJd1"},"href":"https://api.spotify.com/v1/artists/4NGOJedxkGWwkbB5QiSJd1","id":"4NGOJedxkGWwkbB5QiSJd1","name":"Jhay P","type":"artist","uri":"spotify:artist:4NGOJedxkGWwkbB5QiSJd1"},{"external_urls":{"spotify":"https://open.spotify.com/artist/4BLAEJCcjU85VGBdwWK4ta"},"href":"https://api.spotify.com/v1/artists/4BLAEJCcjU85VGBdwWK4ta","id":"4BLAEJCcjU85VGBdwWK4ta","name":"El H","type":"artist","uri":"spotify:artist:4BLAEJCcjU85VGBdwWK4ta"}],"available_markets":["AR","AU","AT","BE","BO","BR","BG","CA","CL","CO","CR","CY","CZ","DK","DO","DE","EC","EE","SV","FI","FR","GR","GT","HN","HK","HU","IS","IE","IT","LV","LT","LU","MY","MT","MX","NL","NZ","NI","NO","PA","PY","PE","PH","PL","PT","SG","SK","ES","SE","CH","TW","TR","UY","US","GB","AD","LI","MC","ID","JP","TH","VN","RO","IL","ZA","SA","AE","BH","QA","OM","KW","EG","MA","DZ","TN","LB","JO","PS","IN","KZ","MD","UA","AL","BA","HR","ME","MK","RS","SI","KR","BD","PK","LK","GH","KE","NG","TZ","UG","AG","AM","BS","BB","BZ","BT","BW","BF","CV","CW","DM","FJ","GM","GE","GD","GW","GY","HT","JM","KI","LS","LR","MW","MV","ML","MH","FM","NA","NR","NE","PW","PG","PR","WS","SM","ST","SN","SC","SL","SB","KN","LC","VC","SR","TL","TO","TT","TV","VU","AZ","BN","BI","KH","CM","TD","KM","GQ","SZ","GA","GN","KG","LA","MO","MR","MN","NP","RW","TG","UZ","ZW","BJ","MG","MU","MZ","AO","CI","DJ","ZM","CD","CG","IQ","LY","TJ","VE","ET","XK"],"disc_number":1,"duration_ms":197628,"explicit":true,"external_urls":{"spotify":"https://open.spotify.com/track/7IzcWqIq11B7p3jjHUyNfH"},"href":"https://api.spotify.com/v1/tracks/7IzcWqIq11B7p3jjHUyNfH","id":"7IzcWqIq11B7p3jjHUyNfH","name":"NMAX","preview_url":null,"track_number":2,"type":"track","uri":"spotify:track:7IzcWqIq11B7p3jjHUyNfH","is_local":false},{"artists":[{"external_urls":{"spotify":"https://open.spotify.com/artist/7ciBW1p3KBsYIkFk4UmwS8"},"href":"https://api.spotify.com/v1/artists/7ciBW1p3KBsYIkFk4UmwS8","id":"7ciBW1p3KBsYIkFk4UmwS8","name":"The Rudeboyz","type":"artist","uri":"spotify:artist:7ciBW1p3KBsYIkFk4UmwS8"},{"external_urls":{"spotify":"https://open.spotify.com/artist/5t4bsXVxbRW0nxuCPuNuxz"},"href":"https://api.spotify.com/v1/artists/5t4bsXVxbRW0nxuCPuNuxz","id":"5t4bsXVxbRW0nxuCPuNuxz","name":"LA GURU","type":"artist","uri":"spotify:artist:5t4bsXVxbRW0nxuCPuNuxz"}],"available_markets":["AR","AU","AT","BE","BO","BR","BG","CA","CL","CO","CR","CY","CZ","DK","DO","DE","EC","EE","SV","FI","FR","GR","GT","HN","HK","HU","IS","IE","IT","LV","LT","LU","MY","MT","MX","NL","NZ","NI","NO","PA","PY","PE","PH","PL","PT","SG","SK","ES","SE","CH","TW","TR","UY","US","GB","AD","LI","MC","ID","JP","TH","VN","RO","IL","ZA","SA","AE","BH","QA","OM","KW","EG","MA","DZ","TN","LB","JO","PS","IN","KZ","MD","UA","AL","BA","HR","ME","MK","RS","SI","KR","BD","PK","LK","GH","KE","NG","TZ","UG","AG","AM","BS","BB","BZ","BT","BW","BF","CV","CW","DM","FJ","GM","GE","GD","GW","GY","HT","JM","KI","LS","LR","MW","MV","ML","MH","FM","NA","NR","NE","PW","PG","PR","WS","SM","ST","SN","SC","SL","SB","KN","LC","VC","SR","TL","TO","TT","TV","VU","AZ","BN","BI","KH","CM","TD","KM","GQ","SZ","GA","GN","KG","LA","MO","MR","MN","NP","RW","TG","UZ","ZW","BJ","MG","MU","MZ","AO","CI","DJ","ZM","CD","CG","IQ","LY","TJ","VE","ET","XK"],"disc_number":1,"duration_ms":204179,"explicit":true,"external_urls":{"spotify":"https://open.spotify.com/track/0wdSGS3S3rQ9WDwZ9neSyT"},"href":"https://api.spotify.com/v1/tracks/0wdSGS3S3rQ9WDwZ9neSyT","id":"0wdSGS3S3rQ9WDwZ9neSyT","name":"MI FLETE","preview_url":null,"track_number":3,"type":"track","uri":"spotify:track:0wdSGS3S3rQ9WDwZ9neSyT","is_local":false},{"artists":[{"external_urls":{"spotify":"https://open.spotify.com/artist/7ciBW1p3KBsYIkFk4UmwS8"},"href":"https://api.spotify.com/v1/artists/7ciBW1p3KBsYIkFk4UmwS8","id":"7ciBW1p3KBsYIkFk4UmwS8","name":"The Rudeboyz","type":"artist","uri":"spotify:artist:7ciBW1p3KBsYIkFk4UmwS8"},{"external_urls":{"spotify":"https://open.spotify.com/artist/3i6lAgVHplDXb6zrjIeBeK"},"href":"https://api.spotify.com/v1/artists/3i6lAgVHplDXb6zrjIeBeK","id":"3i6lAgVHplDXb6zrjIeBeK","name":"Kris R.","type":"artist","uri":"spotify:artist:3i6lAgVHplDXb6zrjIeBeK"},{"external_urls":{"spotify":"https://open.spotify.com/artist/49ggXUsjVHl7BwwaiPUCn6"},"href":"https://api.spotify.com/v1/artists/49ggXUsjVHl7BwwaiPUCn6","id":"49ggXUsjVHl7BwwaiPUCn6","name":"Juan Duque","type":"artist","uri":"spotify:artist:49ggXUsjVHl7BwwaiPUCn6"}],"available_markets":["AR","AU","AT","BE","BO","BR","BG","CA","CL","CO","CR","CY","CZ","DK","DO","DE","EC","EE","SV","FI","FR","GR","GT","HN","HK","HU","IS","IE","IT","LV","LT","LU","MY","MT","MX","NL","NZ","NI","NO","PA","PY","PE","PH","PL","PT","SG","SK","ES","SE","CH","TW","TR","UY","US","GB","AD","LI","MC","ID","JP","TH","VN","RO","IL","ZA","SA","AE","BH","QA","OM","KW","EG","MA","DZ","TN","LB","JO","PS","IN","KZ","MD","UA","AL","BA","HR","ME","MK","RS","SI","KR","BD","PK","LK","GH","KE","NG","TZ","UG","AG","AM","BS","BB","BZ","BT","BW","BF","CV","CW","DM","FJ","GM","GE","GD","GW","GY","HT","JM","KI","LS","LR","MW","MV","ML","MH","FM","NA","NR","NE","PW","PG","PR","WS","SM","ST","SN","SC","SL","SB","KN","LC","VC","SR","TL","TO","TT","TV","VU","AZ","BN","BI","KH","CM","TD","KM","GQ","SZ","GA","GN","KG","LA","MO","MR","MN","NP","RW","TG","UZ","ZW","BJ","MG","MU","MZ","AO","CI","DJ","ZM","CD","CG","IQ","LY","TJ","VE","ET","XK"],"disc_number":1,"duration_ms":175829,"explicit":true,"external_urls":{"spotify":"https://open.spotify.com/track/4bRAg3pIfqt5Nh7IDoVZYx"},"href":"https://api.spotify.com/v1/tracks/4bRAg3pIfqt5Nh7IDoVZYx","id":"4bRAg3pIfqt5Nh7IDoVZYx","name":"POR LO QUE VEO","preview_url":null,"track_number":4,"type":"track","uri":"spotify:track:4bRAg3pIfqt5Nh7IDoVZYx","is_local":false},{"artists":[{"external_urls":{"spotify":"https://open.spotify.com/artist/7ciBW1p3KBsYIkFk4UmwS8"},"href":"https://api.spotify.com/v1/artists/7ciBW1p3KBsYIkFk4UmwS8","id":"7ciBW1p3KBsYIkFk4UmwS8","name":"The Rudeboyz","type":"artist","uri":"spotify:artist:7ciBW1p3KBsYIkFk4UmwS8"},{"external_urls":{"spotify":"https://open.spotify.com/artist/2iBSDwlk9bvp1aKT4ubGoC"},"href":"https://api.spotify.com/v1/artists/2iBSDwlk9bvp1aKT4ubGoC","id":"2iBSDwlk9bvp1aKT4ubGoC","name":"El Clooy","type":"artist","uri":"spotify:artist:2iBSDwlk9bvp1aKT4ubGoC"},{"external_urls":{"spotify":"https://open.spotify.com/artist/5IYRfypwG9BDDh5ZRPI80z"},"href":"https://api.spotify.com/v1/artists/5IYRfypwG9BDDh5ZRPI80z","id":"5IYRfypwG9BDDh5ZRPI80z","name":"Totoy El Frio","type":"artist","uri":"spotify:artist:5IYRfypwG9BDDh5ZRPI80z"},{"external_urls":{"spotify":"https://open.spotify.com/artist/4JXX3NYMoXT5RqEGH1PAcc"},"href":"https://api.spotify.com/v1/artists/4JXX3NYMoXT5RqEGH1PAcc","id":"4JXX3NYMoXT5RqEGH1PAcc","name":"Miky la Sensa","type":"artist","uri":"spotify:artist:4JXX3NYMoXT5RqEGH1PAcc"}],"available_markets":["AR","AU","AT","BE","BO","BR","BG","CA","CL","CO","CR","CY","CZ","DK","DO","DE","EC","EE","SV","FI","FR","GR","GT","HN","HK","HU","IS","IE","IT","LV","LT","LU","MY","MT","MX","NL","NZ","NI","NO","PA","PY","PE","PH","PL","PT","SG","SK","ES","SE","CH","TW","TR","UY","US","GB","AD","LI","MC","ID","JP","TH","VN","RO","IL","ZA","SA","AE","BH","QA","OM","KW","EG","MA","DZ","TN","LB","JO","PS","IN","KZ","MD","UA","AL","BA","HR","ME","MK","RS","SI","KR","BD","PK","LK","GH","KE","NG","TZ","UG","AG","AM","BS","BB","BZ","BT","BW","BF","CV","CW","DM","FJ","GM","GE","GD","GW","GY","HT","JM","KI","LS","LR","MW","MV","ML","MH","FM","NA","NR","NE","PW","PG","PR","WS","SM","ST","SN","SC","SL","SB","KN","LC","VC","SR","TL","TO","TT","TV","VU","AZ","BN","BI","KH","CM","TD","KM","GQ","SZ","GA","GN","KG","LA","MO","MR","MN","NP","RW","TG","UZ","ZW","BJ","MG","MU","MZ","AO","CI","DJ","ZM","CD","CG","IQ","LY","TJ","VE","ET","XK"],"disc_number":1,"duration_ms":175609,"explicit":true,"external_urls":{"spotify":"https://open.spotify.com/track/6DVuLWG06QY5SdA9YuPMGt"},"href":"https://api.spotify.com/v1/tracks/6DVuLWG06QY5SdA9YuPMGt","id":"6DVuLWG06QY5SdA9YuPMGt","name":"SIN VISAJE (feat. Miky la Sensa)","preview_url":null,"track_number":5,"type":"track","uri":"spotify:track:6DVuLWG06QY5SdA9YuPMGt","is_local":false}]},"copyrights":[{"text":"© 2024 The Rudeboyz LLC, in partnership with Cigol Music Group/ReLo-Co. Music/Globalatino Music Partners","type":"C"},{"text":"℗ 2024 The Rudeboyz LLC, in partnership with Cigol Music Group/ReLo-Co. Music/Globalatino Music Partners","type":"P"}],"external_ids":{"upc":"5021732552846"},"genres":[],"label":"WEA Latina","popularity":26},{"album_type":"album","total_tracks":18,"available_markets":["AR","AU","AT","BE","BO","BR","BG","CA","CL","CO","CR","CY","CZ","DK","DO","DE","EC","EE","SV","FI","FR","GR","GT","HN","HK","HU","IS","IE","IT","LV","LT","LU","MY","MT","MX","NL","NZ","NI","NO","PA","PY","PE","PH","PL","PT","SG","SK","ES","SE","CH","TW","TR","UY","US","GB","AD","LI","MC","ID","JP","TH","VN","RO","IL","ZA","SA","AE","BH","QA","OM","KW","EG","MA","DZ","TN","LB","JO","PS","IN","BY","KZ","MD","UA","AL","BA","HR","ME","MK","RS","SI","KR","BD","PK","LK","GH","KE","NG","TZ","UG","AG","AM","BS","BB","BZ","BT","BW","BF","CV","CW","DM","FJ","GM","GE","GD","GW","GY","HT","JM","KI","LS","LR","MW","MV","ML","MH","FM","NA","NR","NE","PW","PG","PR","WS","SM","ST","SN","SC","SL","SB","KN","LC","VC","SR","TL","TO","TT","TV","VU","AZ","BN","BI","KH","CM","TD","KM","GQ","SZ","GA","GN","KG","LA","MO","MR","MN","NP","RW","TG","UZ","ZW","BJ","MG","MU","MZ","AO","CI","DJ","ZM","CD","CG","IQ","LY","TJ","VE","ET","XK"],"external_urls":{"spotify":"https://open.spotify.com/album/0aX0UXrHG2ceYIxTQcqJdA"},"href":"https://api.spotify.com/v1/albums/0aX0UXrHG2ceYIxTQcqJdA","id":"0aX0UXrHG2ceYIxTQcqJdA","images":[{"url":"https://i.scdn.co/image/ab67616d0000b273ed432d7df981360768dd5856","height":640,"width":640},{"url":"https://i.scdn.co/image/ab67616d00001e02ed432d7df981360768dd5856","height":300,"width":300},{"url":"https://i.scdn.co/image/ab67616d00004851ed432d7df981360768dd5856","height":64,"width":64}],"name":"Cosa Nuestra","release_date":"2024-11-15","release_date_precision":"day","type":"album","uri":"spotify:album:0aX0UXrHG2ceYIxTQcqJdA","artists":[{"external_urls":{"spotify":"https://open.spotify.com/artist/1mcTU81TzQhprhouKaTkpq"},"href":"https://api.spotify.com/v1/artists/1mcTU81TzQhprhouKaTkpq","id":"1mcTU81TzQhprhouKaTkpq","name":"Rauw Alejandro","type":"artist","uri":"spotify:artist:1mcTU81TzQhprhouKaTkpq"}],"tracks":{"href":"https://api.spotify.com/v1/albums/0aX0UXrHG2ceYIxTQcqJdA/tracks?offset=0&limit=50","limit":50,"next":null,"offset":0,"previous":null,"total":18,"items":[{"artists":[{"external_urls":{"spotify":"https://open.spotify.com/artist/1mcTU81TzQhprhouKaTkpq"},"href":"https://api.spotify.com/v1/artists/1mcTU81TzQhprhouKaTkpq","id":"1mcTU81TzQhprhouKaTkpq","name":"Rauw Alejandro","type":"artist","uri":"spotify:artist:1mcTU81TzQhprhouKaTkpq"}],"available_markets":["AR","AU","AT","BE","BO","BR","BG","CA","CL","CO","CR","CY","CZ","DK","DO","DE","EC","EE","SV","FI","FR","GR","GT","HN","HK","HU","IS","IE","IT","LV","LT","LU","MY","MT","MX","NL","NZ","NI","NO","PA","PY","PE","PH","PL","PT","SG","SK","ES","SE","CH","TW","TR","UY","US","GB","AD","LI","MC","ID","JP","TH","VN","RO","IL","ZA","SA","AE","BH","QA","OM","KW","EG","MA","DZ","TN","LB","JO","PS","IN","BY","KZ","MD","UA","AL","BA","HR","ME","MK","RS","SI","KR","BD","PK","LK","GH","KE","NG","TZ","UG","AG","AM","BS","BB","BZ","BT","BW","BF","CV","CW","DM","FJ","GM","GE","GD","GW","GY","HT","JM","KI","LS","LR","MW","MV","ML","MH","FM","NA","NR","NE","PW","PG","PR","WS","SM","ST","SN","SC","SL","SB","KN","LC","VC","SR","TL","TO","TT","TV","VU","AZ","BN","BI","KH","CM","TD","KM","GQ","SZ","GA","GN","KG","LA","MO","MR","MN","NP","RW","TG","UZ","ZW","BJ","MG","MU","MZ","AO","CI","DJ","ZM","CD","CG","IQ","LY","TJ","VE","ET","XK"],"disc_number":1,"duration_ms":260454,"explicit":true,"external_urls":{"spotify":"https://open.spotify.com/track/5UxEKpzvvLnjoC10XoogN3"},"href":"https://api.spotify.com/v1/tracks/5UxEKpzvvLnjoC10XoogN3","id":"5UxEKpzvvLnjoC10XoogN3","name":"Cosa Nuestra","preview_url":null,"track_number":1,"type":"track","uri":"spotify:track:5UxEKpzvvLnjoC10XoogN3","is_local":false},{"artists":[{"external_urls":{"spotify":"https://open.spotify.com/artist/1mcTU81TzQhprhouKaTkpq"},"href":"https://api.spotify.com/v1/artists/1mcTU81TzQhprhouKaTkpq","id":"1mcTU81TzQhprhouKaTkpq","name":"Rauw Alejandro","type":"artist","uri":"spotify:artist:1mcTU81TzQhprhouKaTkpq"}],"available_markets":["AR","AU","AT","BE","BO","BR","BG","CA","CL","CO","CR","CY","CZ","DK","DO","DE","EC","EE","SV","FI","FR","GR","GT","HN","HK","HU","IS","IE","IT","LV","LT","LU","MY","MT","MX","NL","NZ","NI","NO","PA","PY","PE","PH","PL","PT","SG","SK","ES","SE","CH","TW","TR","UY","US","GB","AD","LI","MC","ID","JP","TH","VN","RO","IL","ZA","SA","AE","BH","QA","OM","KW","EG","MA","DZ","TN","LB","JO","PS","IN","BY","KZ","MD","UA","AL","BA","HR","ME","MK","RS","SI","KR","BD","PK","LK","GH","KE","NG","TZ","UG","AG","AM","BS","BB","BZ","BT","BW","BF","CV","CW","DM","FJ","GM","GE","GD","GW","GY","HT","JM","KI","LS","LR","MW","MV","ML","MH","FM","NA","NR","NE","PW","PG","PR","WS","SM","ST","SN","SC","SL","SB","KN","LC","VC","SR","TL","TO","TT","TV","VU","AZ","BN","BI","KH","CM","TD","KM","GQ","SZ","GA","GN","KG","LA","MO","MR","MN","NP","RW","TG","UZ","ZW","BJ","MG","MU","MZ","AO","CI","DJ","ZM","CD","CG","IQ","LY","TJ","VE","ET","XK"],"disc_number":1,"duration_ms":254705,"explicit":true,"external_urls":{"spotify":"https://open.spotify.com/track/5tZgkV8FTe3rtl8OcSeQAb"},"href":"https://api.spotify.com/v1/tracks/5tZgkV8FTe3rtl8OcSeQAb","id":"5tZgkV8FTe3rtl8OcSeQAb","name":"Déjame Entrar","preview_url":null,"track_number":2,"type":"track","uri":"spotify:track:5tZgkV8FTe3rtl8OcSeQAb","is_local":false},{"artists":[{"external_urls":{"spotify":"https://open.spotify.com/artist/1mcTU81TzQhprhouKaTkpq"},"href":"https://api.spotify.com/v1/artists/1mcTU81TzQhprhouKaTkpq","id":"1mcTU81TzQhprhouKaTkpq","name":"Rauw Alejandro","type":"artist","uri":"spotify:artist:1mcTU81TzQhprhouKaTkpq"},{"external_urls":{"spotify":"https://open.spotify.com/artist/4q3ewBCX7sLwd24euuV69X"},"href":"https://api.spotify.com/v1/artists/4q3ewBCX7sLwd24euuV69X","id":"4q3ewBCX7sLwd24euuV69X","name":"Bad Bunny","type":"artist","uri":"spotify:artist:4q3ewBCX7sLwd24euuV69X"}],"available_markets":["AR","AU","AT","BE","BO","BR","BG","CA","CL","CO","CR","CY","CZ","DK","DO","DE","EC","EE","SV","FI","FR","GR","GT","HN","HK","HU","IS","IE","IT","LV","LT","LU","MY","MT","MX","NL","NZ","NI","NO","PA","PY","PE","PH","PL","PT","SG","SK","ES","SE","CH","TW","TR","UY","US","GB","AD","LI","MC","ID","JP","TH","VN","RO","IL","ZA","SA","AE","BH","QA","OM","KW","EG","MA","DZ","TN","LB","JO","PS","IN","BY","KZ","MD","UA","AL","BA","HR","ME","MK","RS","SI","KR","BD","PK","LK","GH","KE","NG","TZ","UG","AG","AM","BS","BB","BZ","BT","BW","BF","CV","CW","DM","FJ","GM","GE","GD","GW","GY","HT","JM","KI","LS","LR","MW","MV","ML","MH","FM","NA","NR","NE","PW","PG","PR","WS","SM","ST","SN","SC","SL","SB","KN","LC","VC","SR","TL","TO","TT","TV","VU","AZ","BN","BI","KH","CM","TD","KM","GQ","SZ","GA","GN","KG","LA","MO","MR","MN","NP","RW","TG","UZ","ZW","BJ","MG","MU","MZ","AO","CI","DJ","ZM","CD","CG","IQ","LY","TJ","VE","ET","XK"],"disc_number":1,"duration_ms":191018,"explicit":true,"external_urls":{"spotify":"https://open.spotify.com/track/0l0vcZMU7AOeQmUIREoI2U"},"href":"https://api.spotify.com/v1/tracks/0l0vcZMU7AOeQmUIREoI2U","id":"0l0vcZMU7AOeQmUIREoI2U","name":"Qué Pasaría...","preview_url":null,"track_number":3,"type":"track","uri":"spotify:track:0l0vcZMU7AOeQmUIREoI2U","is_local":false},{"artists":[{"external_urls":{"spotify":"https://open.spotify.com/artist/1mcTU81TzQhprhouKaTkpq"},"href":"https://api.spotify.com/v1/artists/1mcTU81TzQhprhouKaTkpq","id":"1mcTU81TzQhprhouKaTkpq","name":"Rauw Alejandro","type":"artist","uri":"spotify:artist:1mcTU81TzQhprhouKaTkpq"}],"available_markets":["AR","AU","AT","BE","BO","BR","BG","CA","CL","CO","CR","CY","CZ","DK","DO","DE","EC","EE","SV","FI","FR","GR","GT","HN","HK","HU","IS","IE","IT","LV","LT","LU","MY","MT","MX","NL","NZ","NI","NO","PA","PY","PE","PH","PL","PT","SG","SK","ES","SE","CH","TW","TR","UY","US","GB","AD","LI","MC","ID","JP","TH","VN","RO","IL","ZA","SA","AE","BH","QA","OM","KW","EG","MA","DZ","TN","LB","JO","PS","IN","BY","KZ","MD","UA","AL","BA","HR","ME","MK","RS","SI","KR","BD","PK","LK","GH","KE","NG","TZ","UG","AG","AM","BS","BB","BZ","BT","BW","BF","CV","CW","DM","FJ","GM","GE","GD","GW","GY","HT","JM","KI","LS","LR","MW","MV","ML","MH","FM","NA","NR","NE","PW","PG","PR","WS","SM","ST","SN","SC","SL","SB","KN","LC","VC","SR","TL","TO","TT","TV","VU","AZ","BN","BI","KH","CM","TD","KM","GQ","SZ","GA","GN","KG","LA","MO","MR","MN","NP","RW","TG","UZ","ZW","BJ","MG","MU","MZ","AO","CI","DJ","ZM","CD","CG","IQ","LY","TJ","VE","ET","XK"],"disc_number":1,"duration_ms":289131,"explicit":false,"external_urls":{"spotify":"https://open.spotify.com/track/2eQFYGegTZaObk2kuBz83Z"},"href":"https://api.spotify.com/v1/tracks/2eQFYGegTZaObk2kuBz83Z","id":"2eQFYGegTZaObk2kuBz83Z","name":"Tú Con Él","preview_url":null,"track_number":4,"type":"track","uri":"spotify:track:2eQFYGegTZaObk2kuBz83Z","is_local":false},{"artists":[{"external_urls":{"spotify":"https://open.spotify.com/artist/1mcTU81TzQhprhouKaTkpq"},"href":"https://api.spotify.com/v1/artists/1mcTU81TzQhprhouKaTkpq","id":"1mcTU81TzQhprhouKaTkpq","name":"Rauw Alejandro","type":"artist","uri":"spotify:artist:1mcTU81TzQhprhouKaTkpq"},{"external_urls":{"spotify":"https://open.spotify.com/artist/2RdwBSPQiwcmiDo9kixcl8"},"href":"https://api.spotify.com/v1/artists/2RdwBSPQiwcmiDo9kixcl8","id":"2RdwBSPQiwcmiDo9kixcl8","name":"Pharrell Williams","type":"artist","uri":"spotify:artist:2RdwBSPQiwcmiDo9kixcl8"}],"available_markets":["AR","AU","AT","BE","BO","BR","BG","CA","CL","CO","CR","CY","CZ","DK","DO","DE","EC","EE","SV","FI","FR","GR","GT","HN","HK","HU","IS","IE","IT","LV","LT","LU","MY","MT","MX","NL","NZ","NI","NO","PA","PY","PE","PH","PL","PT","SG","SK","ES","SE","CH","TW","TR","UY","US","GB","AD","LI","MC","ID","JP","TH","VN","RO","IL","ZA","SA","AE","BH","QA","OM","KW","EG","MA","DZ","TN","LB","JO","PS","IN","BY","KZ","MD","UA","AL","BA","HR","ME","MK","RS","SI","KR","BD","PK","LK","GH","KE","NG","TZ","UG","AG","AM","BS","BB","BZ","BT","BW","BF","CV","CW","DM","FJ","GM","GE","GD","GW","GY","HT","JM","KI","LS","LR","MW","MV","ML","MH","FM","NA","NR","NE","PW","PG","PR","WS","SM","ST","SN","SC","SL","SB","KN","LC","VC","SR","TL","TO","TT","TV","VU","AZ","BN","BI","KH","CM","TD","KM","GQ","SZ","GA","GN","KG","LA","MO","MR","MN","NP","RW","TG","UZ","ZW","BJ","MG","MU","MZ","AO","CI","DJ","ZM","CD","CG","IQ","LY","TJ","VE","ET","XK"],"disc_number":1,"duration_ms":159344,"explicit":true,"external_urls":{"spotify":"https://open.spotify.com/track/7xdRj1wA4XzYnXynPmtmnq"},"href":"https://api.spotify.com/v1/tracks/7xdRj1wA4XzYnXynPmtmnq","id":"7xdRj1wA4XzYnXynPmtmnq","name":"Committed","preview_url":null,"track_number":5,"type":"track","uri":"spotify:track:7xdRj1wA4XzYnXynPmtmnq","is_local":false},{"artists":[{"external_urls":{"spotify":"https://open.spotify.com/artist/1mcTU81TzQhprhouKaTkpq"},"href":"https://api.spotify.com/v1/artists/1mcTU81TzQhprhouKaTkpq","id":"1mcTU81TzQhprhouKaTkpq","name":"Rauw Alejandro","type":"artist","uri":"spotify:artist:1mcTU81TzQhprhouKaTkpq"},{"external_urls":{"spotify":"https://open.spotify.com/artist/3AP96neoRZgep3w7wvhubP"},"href":"https://api.spotify.com/v1/artists/3AP96neoRZgep3w7wvhubP","id":"3AP96neoRZgep3w7wvhubP","name":"Marconi Impara","type":"artist","uri":"spotify:artist:3AP96neoRZgep3w7wvhubP"},{"external_urls":{"spotify":"https://open.spotify.com/artist/6TKygPpVT29oGUogu4J9Ec"},"href":"https://api.spotify.com/v1/artists/6TKygPpVT29oGUogu4J9Ec","id":"6TKygPpVT29oGUogu4J9Ec","name":"Yan Block","type":"artist","uri":"spotify:artist:6TKygPpVT29oGUogu4J9Ec"}],"available_markets":["AR","AU","AT","BE","BO","BR","BG","CA","CL","CO","CR","CY","CZ","DK","DO","DE","EC","EE","SV","FI","FR","GR","GT","HN","HK","HU","IS","IE","IT","LV","LT","LU","MY","MT","MX","NL","NZ","NI","NO","PA","PY","PE","PH","PL","PT","SG","SK","ES","SE","CH","TW","TR","UY","US","GB","AD","LI","MC","ID","JP","TH","VN","RO","IL","ZA","SA","AE","BH","QA","OM","KW","EG","MA","DZ","TN","LB","JO","PS","IN","BY","KZ","MD","UA","AL","BA","HR","ME","MK","RS","SI","KR","BD","PK","LK","GH","KE","NG","TZ","UG","AG","AM","BS","BB","BZ","BT","BW","BF","CV","CW","DM","FJ","GM","GE","GD","GW","GY","HT","JM","KI","LS","LR","MW","MV","ML","MH","FM","NA","NR","NE","PW","PG","PR","WS","SM","ST","SN","SC","SL","SB","KN","LC","VC","SR","TL","TO","TT","TV","VU","AZ","BN","BI","KH","CM","TD","KM","GQ","SZ","GA","GN","KG","LA","MO","MR","MN","NP","RW","TG","UZ","ZW","BJ","MG","MU","MZ","AO","CI","DJ","ZM","CD","CG","IQ","LY","TJ","VE","ET","XK"],"disc_number":1,"duration_ms":191219,"explicit":true,"external_urls":{"spotify":"https://open.spotify.com/track/3PJgmyLaybZtALX4mrgbiD"},"href":"https://api.spotify.com/v1/tracks/3PJgmyLaybZtALX4mrgbiD","id":"3PJgmyLaybZtALX4mrgbiD","name":"Espresso Martini","preview_url":null,"track_number":6,"type":"track","uri":"spotify:track:3PJgmyLaybZtALX4mrgbiD","is_local":false},{"artists":[{"external_urls":{"spotify":"https://open.spotify.com/artist/1mcTU81TzQhprhouKaTkpq"},"href":"https://api.spotify.com/v1/artists/1mcTU81TzQhprhouKaTkpq","id":"1mcTU81TzQhprhouKaTkpq","name":"Rauw Alejandro","type":"artist","uri":"spotify:artist:1mcTU81TzQhprhouKaTkpq"},{"external_urls":{"spotify":"https://open.spotify.com/artist/7tU1VKOuxiNZwBZC6RHidA"},"href":"https://api.spotify.com/v1/artists/7tU1VKOuxiNZwBZC6RHidA","id":"7tU1VKOuxiNZwBZC6RHidA","name":"Alexis y Fido","type":"artist","uri":"spotify:artist:7tU1VKOuxiNZwBZC6RHidA"}],"available_markets":["AR","AU","AT","BE","BO","BR","BG","CA","CL","CO","CR","CY","CZ","DK","DO","DE","EC","EE","SV","FI","FR","GR","GT","HN","HK","HU","IS","IE","IT","LV","LT","LU","MY","MT","MX","NL","NZ","NI","NO","PA","PY","PE","PH","PL","PT","SG","SK","ES","SE","CH","TW","TR","UY","US","GB","AD","LI","MC","ID","JP","TH","VN","RO","IL","ZA","SA","AE","BH","QA","OM","KW","EG","MA","DZ","TN","LB","JO","PS","IN","BY","KZ","MD","UA","AL","BA","HR","ME","MK","RS","SI","KR","BD","PK","LK","GH","KE","NG","TZ","UG","AG","AM","BS","BB","BZ","BT","BW","BF","CV","CW","DM","FJ","GM","GE","GD","GW","GY","HT","JM","KI","LS","LR","MW","MV","ML","MH","FM","NA","NR","NE","PW","PG","PR","WS","SM","ST","SN","SC","SL","SB","KN","LC","VC","SR","TL","TO","TT","TV","VU","AZ","BN","BI","KH","CM","TD","KM","GQ","SZ","GA","GN","KG","LA","MO","MR","MN","NP","RW","TG","UZ","ZW","BJ","MG","MU","MZ","AO","CI","DJ","ZM","CD","CG","IQ","LY","TJ","VE","ET","XK"],"disc_number":1,"duration_ms":200000,"explicit":true,"external_urls":{"spotify":"https://open.spotify.com/track/3HCcfBsa4TdiC0so0fPnRi"},"href":"https://api.spotify.com/v1/tracks/3HCcfBsa4TdiC0so0fPnRi","id":"3HCcfBsa4TdiC0so0fPnRi","name":"Baja Pa' Acá","preview_url":null,"track_number":7,"type":"track","uri":"spotify:track:3HCcfBsa4TdiC0so0fPnRi","is_local":false},{"artists":[{"external_urls":{"spotify":"https://open.spotify.com/artist/1mcTU81TzQhprhouKaTkpq"},"href":"https://api.spotify.com/v1/artists/1mcTU81TzQhprhouKaTkpq","id":"1mcTU81TzQhprhouKaTkpq","name":"Rauw Alejandro","type":"artist","uri":"spotify:artist:1mcTU81TzQhprhouKaTkpq"}],"available_markets":["AR","AU","AT","BE","BO","BR","BG","CA","CL","CO","CR","CY","CZ","DK","DO","DE","EC","EE","SV","FI","FR","GR","GT","HN","HK","HU","IS","IE","IT","LV","LT","LU","MY","MT","MX","NL","NZ","NI","NO","PA","PY","PE","PH","PL","PT","SG","SK","ES","SE","CH","TW","TR","UY","US","GB","AD","LI","MC","ID","JP","TH","VN","RO","IL","ZA","SA","AE","BH","QA","OM","KW","EG","MA","DZ","TN","LB","JO","PS","IN","BY","KZ","MD","UA","AL","BA","HR","ME","MK","RS","SI","KR","BD","PK","LK","GH","KE","NG","TZ","UG","AG","AM","BS","BB","BZ","BT","BW","BF","CV","CW","DM","FJ","GM","GE","GD","GW","GY","HT","JM","KI","LS","LR","MW","MV","ML","MH","FM","NA","NR","NE","PW","PG","PR","WS","SM","ST","SN","SC","SL","SB","KN","LC","VC","SR","TL","TO","TT","TV","VU","AZ","BN","BI","KH","CM","TD","KM","GQ","SZ","GA","GN","KG","LA","MO","MR","MN","NP","RW","TG","UZ","ZW","BJ","MG","MU","MZ","AO","CI","DJ","ZM","CD","CG","IQ","LY","TJ","VE","ET","XK"],"disc_number":1,"duration_ms":229787,"explicit":true,"external_urls":{"spotify":"https://open.spotify.com/track/0xyWkRMb09qdCDhloehCsi"},"href":"https://api.spotify.com/v1/tracks/0xyWkRMb09qdCDhloehCsi","id":"0xyWkRMb09qdCDhloehCsi","name":"Ni Me Conozco","preview_url":null,"track_number":8,"type":"track","uri":"spotify:track:0xyWkRMb09qdCDhloehCsi","is_local":false},{"artists":[{"external_urls":{"spotify":"https://open.spotify.com/artist/1mcTU81TzQhprhouKaTkpq"},"href":"https://api.spotify.com/v1/artists/1mcTU81TzQhprhouKaTkpq","id":"1mcTU81TzQhprhouKaTkpq","name":"Rauw Alejandro","type":"artist","uri":"spotify:artist:1mcTU81TzQhprhouKaTkpq"}],"available_markets":["AR","AU","AT","BE","BO","BR","BG","CA","CL","CO","CR","CY","CZ","DK","DO","DE","EC","EE","SV","FI","FR","GR","GT","HN","HK","HU","IS","IE","IT","LV","LT","LU","MY","MT","MX","NL","NZ","NI","NO","PA","PY","PE","PH","PL","PT","SG","SK","ES","SE","CH","TW","TR","UY","US","GB","AD","LI","MC","ID","JP","TH","VN","RO","IL","ZA","SA","AE","BH","QA","OM","KW","EG","MA","DZ","TN","LB","JO","PS","IN","BY","KZ","MD","UA","AL","BA","HR","ME","MK","RS","SI","KR","BD","PK","LK","GH","KE","NG","TZ","UG","AG","AM","BS","BB","BZ","BT","BW","BF","CV","CW","DM","FJ","GM","GE","GD","GW","GY","HT","JM","KI","LS","LR","MW","MV","ML","MH","FM","NA","NR","NE","PW","PG","PR","WS","SM","ST","SN","SC","SL","SB","KN","LC","VC","SR","TL","TO","TT","TV","VU","AZ","BN","BI","KH","CM","TD","KM","GQ","SZ","GA","GN","KG","LA","MO","MR","MN","NP","RW","TG","UZ","ZW","BJ","MG","MU","MZ","AO","CI","DJ","ZM","CD","CG","IQ","LY","TJ","VE","ET","XK"],"disc_number":1,"duration_ms":249599,"explicit":true,"external_urls":{"spotify":"https://open.spotify.com/track/7v12ia1PFVN9jSgU43rJnS"},"href":"https://api.spotify.com/v1/tracks/7v12ia1PFVN9jSgU43rJnS","id":"7v12ia1PFVN9jSgU43rJnS","name":"IL Capo","preview_url":null,"track_number":9,"type":"track","uri":"spotify:track:7v12ia1PFVN9jSgU43rJnS","is_local":false},{"artists":[{"external_urls":{"spotify":"https://open.spotify.com/artist/1mcTU81TzQhprhouKaTkpq"},"href":"https://api.spotify.com/v1/artists/1mcTU81TzQhprhouKaTkpq","id":"1mcTU81TzQhprhouKaTkpq","name":"Rauw Alejandro","type":"artist","uri":"spotify:artist:1mcTU81TzQhprhouKaTkpq"},{"external_urls":{"spotify":"https://open.spotify.com/artist/2LRoIwlKmHjgvigdNGBHNo"},"href":"https://api.spotify.com/v1/artists/2LRoIwlKmHjgvigdNGBHNo","id":"2LRoIwlKmHjgvigdNGBHNo","name":"Feid","type":"artist","uri":"spotify:artist:2LRoIwlKmHjgvigdNGBHNo"}],"available_markets":["AR","AU","AT","BE","BO","BR","BG","CA","CL","CO","CR","CY","CZ","DK","DO","DE","EC","EE","SV","FI","FR","GR","GT","HN","HK","HU","IS","IE","IT","LV","LT","LU","MY","MT","MX","NL","NZ","NI","NO","PA","PY","PE","PH","PL","PT","SG","SK","ES","SE","CH","TW","TR","UY","US","GB","AD","LI","MC","ID","JP","TH","VN","RO","IL","ZA","SA","AE","BH","QA","OM","KW","EG","MA","DZ","TN","LB","JO","PS","IN","BY","KZ","MD","UA","AL","BA","HR","ME","MK","RS","SI","KR","BD","PK","LK","GH","KE","NG","TZ","UG","AG","AM","BS","BB","BZ","BT","BW","BF","CV","CW","DM","FJ","GM","GE","GD","GW","GY","HT","JM","KI","LS","LR","MW","MV","ML","MH","FM","NA","NR","NE","PW","PG","PR","WS","SM","ST","SN","SC","SL","SB","KN","LC","VC","SR","TL","TO","TT","TV","VU","AZ","BN","BI","KH","CM","TD","KM","GQ","SZ","GA","GN","KG","LA","MO","MR","MN","NP","RW","TG","UZ","ZW","BJ","MG","MU","MZ","AO","CI","DJ","ZM","CD","CG","IQ","LY","TJ","VE","ET","XK"],"disc_number":1,"duration_ms":215511,"explicit":true,"external_urls":{"spotify":"https://open.spotify.com/track/4lqJsJd7kqWVvamQ4aFHA8"},"href":"https://api.spotify.com/v1/tracks/4lqJsJd7kqWVvamQ4aFHA8","id":"4lqJsJd7kqWVvamQ4aFHA8","name":"Revolú","preview_url":null,"track_number":10,"type":"track","uri":"spotify:track:4lqJsJd7kqWVvamQ4aFHA8","is_local":false},{"artists":[{"external_urls":{"spotify":"https://open.spotify.com/artist/1mcTU81TzQhprhouKaTkpq"},"href":"https://api.spotify.com/v1/artists/1mcTU81TzQhprhouKaTkpq","id":"1mcTU81TzQhprhouKaTkpq","name":"Rauw Alejandro","type":"artist","uri":"spotify:artist:1mcTU81TzQhprhouKaTkpq"}],"available_markets":["AR","AU","AT","BE","BO","BR","BG","CA","CL","CO","CR","CY","CZ","DK","DO","DE","EC","EE","SV","FI","FR","GR","GT","HN","HK","HU","IS","IE","IT","LV","LT","LU","MY","MT","MX","NL","NZ","NI","NO","PA","PY","PE","PH","PL","PT","SG","SK","ES","SE","CH","TW","TR","UY","US","GB","AD","LI","MC","ID","JP","TH","VN","RO","IL","ZA","SA","AE","BH","QA","OM","KW","EG","MA","DZ","TN","LB","JO","PS","IN","BY","KZ","MD","UA","AL","BA","HR","ME","MK","RS","SI","KR","BD","PK","LK","GH","KE","NG","TZ","UG","AG","AM","BS","BB","BZ","BT","BW","BF","CV","CW","DM","FJ","GM","GE","GD","GW","GY","HT","JM","KI","LS","LR","MW","MV","ML","MH","FM","NA","NR","NE","PW","PG","PR","WS","SM","ST","SN","SC","SL","SB","KN","LC","VC","SR","TL","TO","TT","TV","VU","AZ","BN","BI","KH","CM","TD","KM","GQ","SZ","GA","GN","KG","LA","MO","MR","MN","NP","RW","TG","UZ","ZW","BJ","MG","MU","MZ","AO","CI","DJ","ZM","CD","CG","IQ","LY","TJ","VE","ET","XK"],"disc_number":1,"duration_ms":168922,"explicit":true,"external_urls":{"spotify":"https://open.spotify.com/track/2J0TjDpiUlwgFRvVxtaLud"},"href":"https://api.spotify.com/v1/tracks/2J0TjDpiUlwgFRvVxtaLud","id":"2J0TjDpiUlwgFRvVxtaLud","name":"Mil Mujeres","preview_url":null,"track_number":11,"type":"track","uri":"spotify:track:2J0TjDpiUlwgFRvVxtaLud","is_local":false},{"artists":[{"external_urls":{"spotify":"https://open.spotify.com/artist/1mcTU81TzQhprhouKaTkpq"},"href":"https://api.spotify.com/v1/artists/1mcTU81TzQhprhouKaTkpq","id":"1mcTU81TzQhprhouKaTkpq","name":"Rauw Alejandro","type":"artist","uri":"spotify:artist:1mcTU81TzQhprhouKaTkpq"},{"external_urls":{"spotify":"https://open.spotify.com/artist/5lwmRuXgjX8xIwlnauTZIP"},"href":"https://api.spotify.com/v1/artists/5lwmRuXgjX8xIwlnauTZIP","id":"5lwmRuXgjX8xIwlnauTZIP","name":"Romeo Santos","type":"artist","uri":"spotify:artist:5lwmRuXgjX8xIwlnauTZIP"}],"available_markets":["AR","AU","AT","BE","BO","BR","BG","CA","CL","CO","CR","CY","CZ","DK","DO","DE","EC","EE","SV","FI","FR","GR","GT","HN","HK","HU","IS","IE","IT","LV","LT","LU","MY","MT","MX","NL","NZ","NI","NO","PA","PY","PE","PH","PL","PT","SG","SK","ES","SE","CH","TW","TR","UY","US","GB","AD","LI","MC","ID","JP","TH","VN","RO","IL","ZA","SA","AE","BH","QA","OM","KW","EG","MA","DZ","TN","LB","JO","PS","IN","BY","KZ","MD","UA","AL","BA","HR","ME","MK","RS","SI","KR","BD","PK","LK","GH","KE","NG","TZ","UG","AG","AM","BS","BB","BZ","BT","BW","BF","CV","CW","DM","FJ","GM","GE","GD","GW","GY","HT","JM","KI","LS","LR","MW","MV","ML","MH","FM","NA","NR","NE","PW","PG","PR","WS","SM","ST","SN","SC","SL","SB","KN","LC","VC","SR","TL","TO","TT","TV","VU","AZ","BN","BI","KH","CM","TD","KM","GQ","SZ","GA","GN","KG","LA","MO","MR","MN","NP","RW","TG","UZ","ZW","BJ","MG","MU","MZ","AO","CI","DJ","ZM","CD","CG","IQ","LY","TJ","VE","ET","XK"],"disc_number":1,"duration_ms":206066,"explicit":false,"external_urls":{"spotify":"https://open.spotify.com/track/1YYfyJ2yCvGFCxwjsIqEK9"},"href":"https://api.spotify.com/v1/tracks/1YYfyJ2yCvGFCxwjsIqEK9","id":"1YYfyJ2yCvGFCxwjsIqEK9","name":"Khé?","preview_url":null,"track_number":12,"type":"track","uri":"spotify:track:1YYfyJ2yCvGFCxwjsIqEK9","is_local":false},{"artists":[{"external_urls":{"spotify":"https://open.spotify.com/artist/1mcTU81TzQhprhouKaTkpq"},"href":"https://api.spotify.com/v1/artists/1mcTU81TzQhprhouKaTkpq","id":"1mcTU81TzQhprhouKaTkpq","name":"Rauw Alejandro","type":"artist","uri":"spotify:artist:1mcTU81TzQhprhouKaTkpq"},{"external_urls":{"spotify":"https://open.spotify.com/artist/2e4nwiX8ZCU09LGLOpeqTH"},"href":"https://api.spotify.com/v1/artists/2e4nwiX8ZCU09LGLOpeqTH","id":"2e4nwiX8ZCU09LGLOpeqTH","name":"Laura Pausini","type":"artist","uri":"spotify:artist:2e4nwiX8ZCU09LGLOpeqTH"}],"available_markets":["AR","AU","AT","BE","BO","BR","BG","CA","CL","CO","CR","CY","CZ","DK","DO","DE","EC","EE","SV","FI","FR","GR","GT","HN","HK","HU","IS","IE","IT","LV","LT","LU","MY","MT","MX","NL","NZ","NI","NO","PA","PY","PE","PH","PL","PT","SG","SK","ES","SE","CH","TW","TR","UY","US","GB","AD","LI","MC","ID","JP","TH","VN","RO","IL","ZA","SA","AE","BH","QA","OM","KW","EG","MA","DZ","TN","LB","JO","PS","IN","BY","KZ","MD","UA","AL","BA","HR","ME","MK","RS","SI","KR","BD","PK","LK","GH","KE","NG","TZ","UG","AG","AM","BS","BB","BZ","BT","BW","BF","CV","CW","DM","FJ","GM","GE","GD","GW","GY","HT","JM","KI","LS","LR","MW","MV","ML","MH","FM","NA","NR","NE","PW","PG","PR","WS","SM","ST","SN","SC","SL","SB","KN","LC","VC","SR","TL","TO","TT","TV","VU","AZ","BN","BI","KH","CM","TD","KM","GQ","SZ","GA","GN","KG","LA","MO","MR","MN","NP","RW","TG","UZ","ZW","BJ","MG","MU","MZ","AO","CI","DJ","ZM","CD","CG","IQ","LY","TJ","VE","ET","XK"],"disc_number":1,"duration_ms":240179,"explicit":false,"external_urls":{"spotify":"https://open.spotify.com/track/1uFW6czrHk5PsK3s6gOI7C"},"href":"https://api.spotify.com/v1/tracks/1uFW6czrHk5PsK3s6gOI7C","id":"1uFW6czrHk5PsK3s6gOI7C","name":"Se Fue","preview_url":null,"track_number":13,"type":"track","uri":"spotify:track:1uFW6czrHk5PsK3s6gOI7C","is_local":false},{"artists":[{"external_urls":{"spotify":"https://open.spotify.com/artist/1mcTU81TzQhprhouKaTkpq"},"href":"https://api.spotify.com/v1/artists/1mcTU81TzQhprhouKaTkpq","id":"1mcTU81TzQhprhouKaTkpq","name":"Rauw Alejandro","type":"artist","uri":"spotify:artist:1mcTU81TzQhprhouKaTkpq"},{"external_urls":{"spotify":"https://open.spotify.com/artist/37BIBvfliXJpSgn10yQUJM"},"href":"https://api.spotify.com/v1/artists/37BIBvfliXJpSgn10yQUJM","id":"37BIBvfliXJpSgn10yQUJM","name":"Mr. Naisgai","type":"artist","uri":"spotify:artist:37BIBvfliXJpSgn10yQUJM"}],"available_markets":["AR","AU","AT","BE","BO","BR","BG","CA","CL","CO","CR","CY","CZ","DK","DO","DE","EC","EE","SV","FI","FR","GR","GT","HN","HK","HU","IS","IE","IT","LV","LT","LU","MY","MT","MX","NL","NZ","NI","NO","PA","PY","PE","PH","PL","PT","SG","SK","ES","SE","CH","TW","TR","UY","US","GB","AD","LI","MC","ID","JP","TH","VN","RO","IL","ZA","SA","AE","BH","QA","OM","KW","EG","MA","DZ","TN","LB","JO","PS","IN","BY","KZ","MD","UA","AL","BA","HR","ME","MK","RS","SI","KR","BD","PK","LK","GH","KE","NG","TZ","UG","AG","AM","BS","BB","BZ","BT","BW","BF","CV","CW","DM","FJ","GM","GE","GD","GW","GY","HT","JM","KI","LS","LR","MW","MV","ML","MH","FM","NA","NR","NE","PW","PG","PR","WS","SM","ST","SN","SC","SL","SB","KN","LC","VC","SR","TL","TO","TT","TV","VU","AZ","BN","BI","KH","CM","TD","KM","GQ","SZ","GA","GN","KG","LA","MO","MR","MN","NP","RW","TG","UZ","ZW","BJ","MG","MU","MZ","AO","CI","DJ","ZM","CD","CG","IQ","LY","TJ","VE","ET","XK"],"disc_number":1,"duration_ms":263451,"explicit":false,"external_urls":{"spotify":"https://open.spotify.com/track/0dDr2LgiACQVkZYJeStWh6"},"href":"https://api.spotify.com/v1/tracks/0dDr2LgiACQVkZYJeStWh6","id":"0dDr2LgiACQVkZYJeStWh6","name":"Pasaporte","preview_url":null,"track_number":14,"type":"track","uri":"spotify:track:0dDr2LgiACQVkZYJeStWh6","is_local":false},{"artists":[{"external_urls":{"spotify":"https://open.spotify.com/artist/1mcTU81TzQhprhouKaTkpq"},"href":"https://api.spotify.com/v1/artists/1mcTU81TzQhprhouKaTkpq","id":"1mcTU81TzQhprhouKaTkpq","name":"Rauw Alejandro","type":"artist","uri":"spotify:artist:1mcTU81TzQhprhouKaTkpq"}],"available_markets":["AR","AU","AT","BE","BO","BR","BG","CA","CL","CO","CR","CY","CZ","DK","DO","DE","EC","EE","SV","FI","FR","GR","GT","HN","HK","HU","IS","IE","IT","LV","LT","LU","MY","MT","MX","NL","NZ","NI","NO","PA","PY","PE","PH","PL","PT","SG","SK","ES","SE","CH","TW","TR","UY","US","GB","AD","LI","MC","ID","JP","TH","VN","RO","IL","ZA","SA","AE","BH","QA","OM","KW","EG","MA","DZ","TN","LB","JO","PS","IN","BY","KZ","MD","UA","AL","BA","HR","ME","MK","RS","SI","KR","BD","PK","LK","GH","KE","NG","TZ","UG","AG","AM","BS","BB","BZ","BT","BW","BF","CV","CW","DM","FJ","GM","GE","GD","GW","GY","HT","JM","KI","LS","LR","MW","MV","ML","MH","FM","NA","NR","NE","PW","PG","PR","WS","SM","ST","SN","SC","SL","SB","KN","LC","VC","SR","TL","TO","TT","TV","VU","AZ","BN","BI","KH","CM","TD","KM","GQ","SZ","GA","GN","KG","LA","MO","MR","MN","NP","RW","TG","UZ","ZW","BJ","MG","MU","MZ","AO","CI","DJ","ZM","CD","CG","IQ","LY","TJ","VE","ET","XK"],"disc_number":1,"duration_ms":185613,"explicit":false,"external_urls":{"spotify":"https://open.spotify.com/track/4O3EdWEn3apRHpiZxYabtl"},"href":"https://api.spotify.com/v1/tracks/4O3EdWEn3apRHpiZxYabtl","id":"4O3EdWEn3apRHpiZxYabtl","name":"Touching The Sky","preview_url":null,"track_number":15,"type":"track","uri":"spotify:track:4O3EdWEn3apRHpiZxYabtl","is_local":false},{"artists":[{"external_urls":{"spotify":"https://open.spotify.com/artist/1mcTU81TzQhprhouKaTkpq"},"href":"https://api.spotify.com/v1/artists/1mcTU81TzQhprhouKaTkpq","id":"1mcTU81TzQhprhouKaTkpq","name":"Rauw Alejandro","type":"artist","uri":"spotify:artist:1mcTU81TzQhprhouKaTkpq"}],"available_markets":["AR","AU","AT","BE","BO","BR","BG","CA","CL","CO","CR","CY","CZ","DK","DO","DE","EC","EE","SV","FI","FR","GR","GT","HN","HK","HU","IS","IE","IT","LV","LT","LU","MY","MT","MX","NL","NZ","NI","NO","PA","PY","PE","PH","PL","PT","SG","SK","ES","SE","CH","TW","TR","UY","US","GB","AD","LI","MC","ID","JP","TH","VN","RO","IL","ZA","SA","AE","BH","QA","OM","KW","EG","MA","DZ","TN","LB","JO","PS","IN","BY","KZ","MD","UA","AL","BA","HR","ME","MK","RS","SI","KR","BD","PK","LK","GH","KE","NG","TZ","UG","AG","AM","BS","BB","BZ","BT","BW","BF","CV","CW","DM","FJ","GM","GE","GD","GW","GY","HT","JM","KI","LS","LR","MW","MV","ML","MH","FM","NA","NR","NE","PW","PG","PR","WS","SM","ST","SN","SC","SL","SB","KN","LC","VC","SR","TL","TO","TT","TV","VU","AZ","BN","BI","KH","CM","TD","KM","GQ","SZ","GA","GN","KG","LA","MO","MR","MN","NP","RW","TG","UZ","ZW","BJ","MG","MU","MZ","AO","CI","DJ","ZM","CD","CG","IQ","LY","TJ","VE","ET","XK"],"disc_number":1,"duration_ms":268042,"explicit":true,"external_urls":{"spotify":"https://open.spotify.com/track/4jjFjbqCTkaN1mGb0BMYl2"},"href":"https://api.spotify.com/v1/tracks/4jjFjbqCTkaN1mGb0BMYl2","id":"4jjFjbqCTkaN1mGb0BMYl2","name":"Amar De Nuevo","preview_url":null,"track_number":16,"type":"track","uri":"spotify:track:4jjFjbqCTkaN1mGb0BMYl2","is_local":false},{"artists":[{"external_urls":{"spotify":"https://open.spotify.com/artist/1mcTU81TzQhprhouKaTkpq"},"href":"https://api.spotify.com/v1/artists/1mcTU81TzQhprhouKaTkpq","id":"1mcTU81TzQhprhouKaTkpq","name":"Rauw Alejandro","type":"artist","uri":"spotify:artist:1mcTU81TzQhprhouKaTkpq"},{"external_urls":{"spotify":"https://open.spotify.com/artist/6XTGKOV9jceQ6f67lnhpbF"},"href":"https://api.spotify.com/v1/artists/6XTGKOV9jceQ6f67lnhpbF","id":"6XTGKOV9jceQ6f67lnhpbF","name":"LATIN MAFIA","type":"artist","uri":"spotify:artist:6XTGKOV9jceQ6f67lnhpbF"}],"available_markets":["AR","AU","AT","BE","BO","BR","BG","CA","CL","CO","CR","CY","CZ","DK","DO","DE","EC","EE","SV","FI","FR","GR","GT","HN","HK","HU","IS","IE","IT","LV","LT","LU","MY","MT","MX","NL","NZ","NI","NO","PA","PY","PE","PH","PL","PT","SG","SK","ES","SE","CH","TW","TR","UY","US","GB","AD","LI","MC","ID","JP","TH","VN","RO","IL","ZA","SA","AE","BH","QA","OM","KW","EG","MA","DZ","TN","LB","JO","PS","IN","BY","KZ","MD","UA","AL","BA","HR","ME","MK","RS","SI","KR","BD","PK","LK","GH","KE","NG","TZ","UG","AG","AM","BS","BB","BZ","BT","BW","BF","CV","CW","DM","FJ","GM","GE","GD","GW","GY","HT","JM","KI","LS","LR","MW","MV","ML","MH","FM","NA","NR","NE","PW","PG","PR","WS","SM","ST","SN","SC","SL","SB","KN","LC","VC","SR","TL","TO","TT","TV","VU","AZ","BN","BI","KH","CM","TD","KM","GQ","SZ","GA","GN","KG","LA","MO","MR","MN","NP","RW","TG","UZ","ZW","BJ","MG","MU","MZ","AO","CI","DJ","ZM","CD","CG","IQ","LY","TJ","VE","ET","XK"],"disc_number":1,"duration_ms":211918,"explicit":true,"external_urls":{"spotify":"https://open.spotify.com/track/1UTLq40xh63wMrHELGnKWW"},"href":"https://api.spotify.com/v1/tracks/1UTLq40xh63wMrHELGnKWW","id":"1UTLq40xh63wMrHELGnKWW","name":"2:12 AM","preview_url":null,"track_number":17,"type":"track","uri":"spotify:track:1UTLq40xh63wMrHELGnKWW","is_local":false},{"artists":[{"external_urls":{"spotify":"https://open.spotify.com/artist/1mcTU81TzQhprhouKaTkpq"},"href":"https://api.spotify.com/v1/artists/1mcTU81TzQhprhouKaTkpq","id":"1mcTU81TzQhprhouKaTkpq","name":"Rauw Alejandro","type":"artist","uri":"spotify:artist:1mcTU81TzQhprhouKaTkpq"}],"available_markets":["AR","AU","AT","BE","BO","BR","BG","CA","CL","CO","CR","CY","CZ","DK","DO","DE","EC","EE","SV","FI","FR","GR","GT","HN","HK","HU","IS","IE","IT","LV","LT","LU","MY","MT","MX","NL","NZ","NI","NO","PA","PY","PE","PH","PL","PT","SG","SK","ES","SE","CH","TW","TR","UY","US","GB","AD","LI","MC","ID","JP","TH","VN","RO","IL","ZA","SA","AE","BH","QA","OM","KW","EG","MA","DZ","TN","LB","JO","PS","IN","BY","KZ","MD","UA","AL","BA","HR","ME","MK","RS","SI","KR","BD","PK","LK","GH","KE","NG","TZ","UG","AG","AM","BS","BB","BZ","BT","BW","BF","CV","CW","DM","FJ","GM","GE","GD","GW","GY","HT","JM","KI","LS","LR","MW","MV","ML","MH","FM","NA","NR","NE","PW","PG","PR","WS","SM","ST","SN","SC","SL","SB","KN","LC","VC","SR","TL","TO","TT","TV","VU","AZ","BN","BI","KH","CM","TD","KM","GQ","SZ","GA","GN","KG","LA","MO","MR","MN","NP","RW","TG","UZ","ZW","BJ","MG","MU","MZ","AO","CI","DJ","ZM","CD","CG","IQ","LY","TJ","VE","ET","XK"],"disc_number":1,"duration_ms":236352,"explicit":true,"external_urls":{"spotify":"https://open.spotify.com/track/63jUTfcbudnrqoPCC5Qp4i"},"href":"https://api.spotify.com/v1/tracks/63jUTfcbudnrqoPCC5Qp4i","id":"63jUTfcbudnrqoPCC5Qp4i","name":"SEXXXMACHINE","preview_url":null,"track_number":18,"type":"track","uri":"spotify:track:63jUTfcbudnrqoPCC5Qp4i","is_local":false}]},"copyrights":[{"text":"(P) 2024 Sony Music Entertainment US Latin LLC under exclusive license from Duars Entertainment Corp.","type":"P"}],"external_ids":{"upc":"196872401516"},"genres":[],"label":"Sony Music Latin/Duars Entertainment","popularity":87},{"album_type":"album","total_tracks":12,"available_markets":["AR","AU","AT","BE","BO","BR","BG","CA","CL","CO","CR","CY","CZ","DK","DO","DE","EC","EE","SV","FI","FR","GR","GT","HN","HK","HU","IS","IE","IT","LV","LT","LU","MY","MT","MX","NL","NZ","NI","NO","PA","PY","PE","PH","PL","PT","SG","SK","ES","SE","CH","TW","TR","UY","US","GB","AD","LI","MC","ID","JP","TH","VN","RO","IL","ZA","SA","AE","BH","QA","OM","KW","EG","MA","DZ","TN","LB","JO","PS","IN","KZ","MD","UA","AL","BA","HR","ME","MK","RS","SI","KR","BD","PK","LK","GH","KE","NG","TZ","UG","AG","AM","BS","BB","BZ","BT","BW","BF","CV","CW","DM","FJ","GM","GE","GD","GW","GY","HT","JM","KI","LS","LR","MW","MV","ML","MH","FM","NA","NR","NE","PW","PG","WS","SM","ST","SN","SC","SL","SB","KN","LC","VC","SR","TL","TO","TT","TV","VU","AZ","BN","BI","KH","CM","TD","KM","GQ","SZ","GA","GN","KG","LA","MO","MR","MN","NP","RW","TG","UZ","ZW","BJ","MG","MU","MZ","AO","CI","DJ","ZM","CD","CG","IQ","LY","TJ","VE","ET","XK"],"external_urls":{"spotify":"https://open.spotify.com/album/5FYFgRnlsl9Qrm1xD8cqo7"},"href":"https://api.spotify.com/v1/albums/5FYFgRnlsl9Qrm1xD8cqo7","id":"5FYFgRnlsl9Qrm1xD8cqo7","images":[{"url":"https://i.scdn.co/image/ab67616d0000b27304d6b1cca796816d03f4d698","height":640,"width":640},{"url":"https://i.scdn.co/image/ab67616d00001e0204d6b1cca796816d03f4d698","height":300,"width":300},{"url":"https://i.scdn.co/image/ab67616d0000485104d6b1cca796816d03f4d698","height":64,"width":64}],"name":"Shawn","release_date":"2024-11-15","release_date_precision":"day","type":"album","uri":"spotify:album:5FYFgRnlsl9Qrm1xD8cqo7","artists":[{"external_urls":{"spotify":"https://open.spotify.com/artist/7n2wHs1TKAczGzO7Dd2rGr"},"href":"https://api.spotify.com/v1/artists/7n2wHs1TKAczGzO7Dd2rGr","id":"7n2wHs1TKAczGzO7Dd2rGr","name":"Shawn Mendes","type":"artist","uri":"spotify:artist:7n2wHs1TKAczGzO7Dd2rGr"}],"tracks":{"href":"https://api.spotify.com/v1/albums/5FYFgRnlsl9Qrm1xD8cqo7/tracks?offset=0&limit=50","limit":50,"next":null,"offset":0,"previous":null,"total":12,"items":[{"artists":[{"external_urls":{"spotify":"https://open.spotify.com/artist/7n2wHs1TKAczGzO7Dd2rGr"},"href":"https://api.spotify.com/v1/artists/7n2wHs1TKAczGzO7Dd2rGr","id":"7n2wHs1TKAczGzO7Dd2rGr","name":"Shawn Mendes","type":"artist","uri":"spotify:artist:7n2wHs1TKAczGzO7Dd2rGr"}],"available_markets":["AR","AU","AT","BE","BO","BR","BG","CA","CL","CO","CR","CY","CZ","DK","DO","DE","EC","EE","SV","FI","FR","GR","GT","HN","HK","HU","IS","IE","IT","LV","LT","LU","MY","MT","MX","NL","NZ","NI","NO","PA","PY","PE","PH","PL","PT","SG","SK","ES","SE","CH","TW","TR","UY","US","GB","AD","LI","MC","ID","JP","TH","VN","RO","IL","ZA","SA","AE","BH","QA","OM","KW","EG","MA","DZ","TN","LB","JO","PS","IN","KZ","MD","UA","AL","BA","HR","ME","MK","RS","SI","KR","BD","PK","LK","GH","KE","NG","TZ","UG","AG","AM","BS","BB","BZ","BT","BW","BF","CV","CW","DM","FJ","GM","GE","GD","GW","GY","HT","JM","KI","LS","LR","MW","MV","ML","MH","FM","NA","NR","NE","PW","PG","WS","SM","ST","SN","SC","SL","SB","KN","LC","VC","SR","TL","TO","TT","TV","VU","AZ","BN","BI","KH","CM","TD","KM","GQ","SZ","GA","GN","KG","LA","MO","MR","MN","NP","RW","TG","UZ","ZW","BJ","MG","MU","MZ","AO","CI","DJ","ZM","CD","CG","IQ","LY","TJ","VE","ET","XK"],"disc_number":1,"duration_ms":100480,"explicit":false,"external_urls":{"spotify":"https://open.spotify.com/track/51Mmmd7P1ETIqTTt2WtUrS"},"href":"https://api.spotify.com/v1/tracks/51Mmmd7P1ETIqTTt2WtUrS","id":"51Mmmd7P1ETIqTTt2WtUrS","name":"Who I Am","preview_url":null,"track_number":1,"type":"track","uri":"spotify:track:51Mmmd7P1ETIqTTt2WtUrS","is_local":false},{"artists":[{"external_urls":{"spotify":"https://open.spotify.com/artist/7n2wHs1TKAczGzO7Dd2rGr"},"href":"https://api.spotify.com/v1/artists/7n2wHs1TKAczGzO7Dd2rGr","id":"7n2wHs1TKAczGzO7Dd2rGr","name":"Shawn Mendes","type":"artist","uri":"spotify:artist:7n2wHs1TKAczGzO7Dd2rGr"}],"available_markets":["AR","AU","AT","BE","BO","BR","BG","CA","CL","CO","CR","CY","CZ","DK","DO","DE","EC","EE","SV","FI","FR","GR","GT","HN","HK","HU","IS","IE","IT","LV","LT","LU","MY","MT","MX","NL","NZ","NI","NO","PA","PY","PE","PH","PL","PT","SG","SK","ES","SE","CH","TW","TR","UY","US","GB","AD","LI","MC","ID","JP","TH","VN","RO","IL","ZA","SA","AE","BH","QA","OM","KW","EG","MA","DZ","TN","LB","JO","PS","IN","KZ","MD","UA","AL","BA","HR","ME","MK","RS","SI","KR","BD","PK","LK","GH","KE","NG","TZ","UG","AG","AM","BS","BB","BZ","BT","BW","BF","CV","CW","DM","FJ","GM","GE","GD","GW","GY","HT","JM","KI","LS","LR","MW","MV","ML","MH","FM","NA","NR","NE","PW","PG","WS","SM","ST","SN","SC","SL","SB","KN","LC","VC","SR","TL","TO","TT","TV","VU","AZ","BN","BI","KH","CM","TD","KM","GQ","SZ","GA","GN","KG","LA","MO","MR","MN","NP","RW","TG","UZ","ZW","BJ","MG","MU","MZ","AO","CI","DJ","ZM","CD","CG","IQ","LY","TJ","VE","ET","XK"],"disc_number":1,"duration_ms":169041,"explicit":true,"external_urls":{"spotify":"https://open.spotify.com/track/0kPIcJ1Mp6m9AR9Y7UnMLR"},"href":"https://api.spotify.com/v1/tracks/0kPIcJ1Mp6m9AR9Y7UnMLR","id":"0kPIcJ1Mp6m9AR9Y7UnMLR","name":"Why Why Why","preview_url":null,"track_number":2,"type":"track","uri":"spotify:track:0kPIcJ1Mp6m9AR9Y7UnMLR","is_local":false},{"artists":[{"external_urls":{"spotify":"https://open.spotify.com/artist/7n2wHs1TKAczGzO7Dd2rGr"},"href":"https://api.spotify.com/v1/artists/7n2wHs1TKAczGzO7Dd2rGr","id":"7n2wHs1TKAczGzO7Dd2rGr","name":"Shawn Mendes","type":"artist","uri":"spotify:artist:7n2wHs1TKAczGzO7Dd2rGr"}],"available_markets":["AR","AU","AT","BE","BO","BR","BG","CA","CL","CO","CR","CY","CZ","DK","DO","DE","EC","EE","SV","FI","FR","GR","GT","HN","HK","HU","IS","IE","IT","LV","LT","LU","MY","MT","MX","NL","NZ","NI","NO","PA","PY","PE","PH","PL","PT","SG","SK","ES","SE","CH","TW","TR","UY","US","GB","AD","LI","MC","ID","JP","TH","VN","RO","IL","ZA","SA","AE","BH","QA","OM","KW","EG","MA","DZ","TN","LB","JO","PS","IN","KZ","MD","UA","AL","BA","HR","ME","MK","RS","SI","KR","BD","PK","LK","GH","KE","NG","TZ","UG","AG","AM","BS","BB","BZ","BT","BW","BF","CV","CW","DM","FJ","GM","GE","GD","GW","GY","HT","JM","KI","LS","LR","MW","MV","ML","MH","FM","NA","NR","NE","PW","PG","WS","SM","ST","SN","SC","SL","SB","KN","LC","VC","SR","TL","TO","TT","TV","VU","AZ","BN","BI","KH","CM","TD","KM","GQ","SZ","GA","GN","KG","LA","MO","MR","MN","NP","RW","TG","UZ","ZW","BJ","MG","MU","MZ","AO","CI","DJ","ZM","CD","CG","IQ","LY","TJ","VE","ET","XK"],"disc_number":1,"duration_ms":134228,"explicit":false,"external_urls":{"spotify":"https://open.spotify.com/track/6z3QR98RmvNAf2xwPDMVBV"},"href":"https://api.spotify.com/v1/tracks/6z3QR98RmvNAf2xwPDMVBV","id":"6z3QR98RmvNAf2xwPDMVBV","name":"That’s The Dream","preview_url":null,"track_number":3,"type":"track","uri":"spotify:track:6z3QR98RmvNAf2xwPDMVBV","is_local":false},{"artists":[{"external_urls":{"spotify":"https://open.spotify.com/artist/7n2wHs1TKAczGzO7Dd2rGr"},"href":"https://api.spotify.com/v1/artists/7n2wHs1TKAczGzO7Dd2rGr","id":"7n2wHs1TKAczGzO7Dd2rGr","name":"Shawn Mendes","type":"artist","uri":"spotify:artist:7n2wHs1TKAczGzO7Dd2rGr"}],"available_markets":["AR","AU","AT","BE","BO","BR","BG","CA","CL","CO","CR","CY","CZ","DK","DO","DE","EC","EE","SV","FI","FR","GR","GT","HN","HK","HU","IS","IE","IT","LV","LT","LU","MY","MT","MX","NL","NZ","NI","NO","PA","PY","PE","PH","PL","PT","SG","SK","ES","SE","CH","TW","TR","UY","US","GB","AD","LI","MC","ID","JP","TH","VN","RO","IL","ZA","SA","AE","BH","QA","OM","KW","EG","MA","DZ","TN","LB","JO","PS","IN","KZ","MD","UA","AL","BA","HR","ME","MK","RS","SI","KR","BD","PK","LK","GH","KE","NG","TZ","UG","AG","AM","BS","BB","BZ","BT","BW","BF","CV","CW","DM","FJ","GM","GE","GD","GW","GY","HT","JM","KI","LS","LR","MW","MV","ML","MH","FM","NA","NR","NE","PW","PG","WS","SM","ST","SN","SC","SL","SB","KN","LC","VC","SR","TL","TO","TT","TV","VU","AZ","BN","BI","KH","CM","TD","KM","GQ","SZ","GA","GN","KG","LA","MO","MR","MN","NP","RW","TG","UZ","ZW","BJ","MG","MU","MZ","AO","CI","DJ","ZM","CD","CG","IQ","LY","TJ","VE","ET","XK"],"disc_number":1,"duration_ms":152239,"explicit":true,"external_urls":{"spotify":"https://open.spotify.com/track/1tp5wevVu8psITUxEuBGtk"},"href":"https://api.spotify.com/v1/tracks/1tp5wevVu8psITUxEuBGtk","id":"1tp5wevVu8psITUxEuBGtk","name":"Nobody Knows","preview_url":null,"track_number":4,"type":"track","uri":"spotify:track:1tp5wevVu8psITUxEuBGtk","is_local":false},{"artists":[{"external_urls":{"spotify":"https://open.spotify.com/artist/7n2wHs1TKAczGzO7Dd2rGr"},"href":"https://api.spotify.com/v1/artists/7n2wHs1TKAczGzO7Dd2rGr","id":"7n2wHs1TKAczGzO7Dd2rGr","name":"Shawn Mendes","type":"artist","uri":"spotify:artist:7n2wHs1TKAczGzO7Dd2rGr"}],"available_markets":["AR","AU","AT","BE","BO","BR","BG","CA","CL","CO","CR","CY","CZ","DK","DO","DE","EC","EE","SV","FI","FR","GR","GT","HN","HK","HU","IS","IE","IT","LV","LT","LU","MY","MT","MX","NL","NZ","NI","NO","PA","PY","PE","PH","PL","PT","SG","SK","ES","SE","CH","TW","TR","UY","US","GB","AD","LI","MC","ID","JP","TH","VN","RO","IL","ZA","SA","AE","BH","QA","OM","KW","EG","MA","DZ","TN","LB","JO","PS","IN","KZ","MD","UA","AL","BA","HR","ME","MK","RS","SI","KR","BD","PK","LK","GH","KE","NG","TZ","UG","AG","AM","BS","BB","BZ","BT","BW","BF","CV","CW","DM","FJ","GM","GE","GD","GW","GY","HT","JM","KI","LS","LR","MW","MV","ML","MH","FM","NA","NR","NE","PW","PG","WS","SM","ST","SN","SC","SL","SB","KN","LC","VC","SR","TL","TO","TT","TV","VU","AZ","BN","BI","KH","CM","TD","KM","GQ","SZ","GA","GN","KG","LA","MO","MR","MN","NP","RW","TG","UZ","ZW","BJ","MG","MU","MZ","AO","CI","DJ","ZM","CD","CG","IQ","LY","TJ","VE","ET","XK"],"disc_number":1,"duration_ms":164700,"explicit":false,"external_urls":{"spotify":"https://open.spotify.com/track/0P85Dz3wK49uv2Nkfq8FlA"},"href":"https://api.spotify.com/v1/tracks/0P85Dz3wK49uv2Nkfq8FlA","id":"0P85Dz3wK49uv2Nkfq8FlA","name":"Isn’t That Enough","preview_url":null,"track_number":5,"type":"track","uri":"spotify:track:0P85Dz3wK49uv2Nkfq8FlA","is_local":false},{"artists":[{"external_urls":{"spotify":"https://open.spotify.com/artist/7n2wHs1TKAczGzO7Dd2rGr"},"href":"https://api.spotify.com/v1/artists/7n2wHs1TKAczGzO7Dd2rGr","id":"7n2wHs1TKAczGzO7Dd2rGr","name":"Shawn Mendes","type":"artist","uri":"spotify:artist:7n2wHs1TKAczGzO7Dd2rGr"}],"available_markets":["AR","AU","AT","BE","BO","BR","BG","CA","CL","CO","CR","CY","CZ","DK","DO","DE","EC","EE","SV","FI","FR","GR","GT","HN","HK","HU","IS","IE","IT","LV","LT","LU","MY","MT","MX","NL","NZ","NI","NO","PA","PY","PE","PH","PL","PT","SG","SK","ES","SE","CH","TW","TR","UY","US","GB","AD","LI","MC","ID","JP","TH","VN","RO","IL","ZA","SA","AE","BH","QA","OM","KW","EG","MA","DZ","TN","LB","JO","PS","IN","KZ","MD","UA","AL","BA","HR","ME","MK","RS","SI","KR","BD","PK","LK","GH","KE","NG","TZ","UG","AG","AM","BS","BB","BZ","BT","BW","BF","CV","CW","DM","FJ","GM","GE","GD","GW","GY","HT","JM","KI","LS","LR","MW","MV","ML","MH","FM","NA","NR","NE","PW","PG","WS","SM","ST","SN","SC","SL","SB","KN","LC","VC","SR","TL","TO","TT","TV","VU","AZ","BN","BI","KH","CM","TD","KM","GQ","SZ","GA","GN","KG","LA","MO","MR","MN","NP","RW","TG","UZ","ZW","BJ","MG","MU","MZ","AO","CI","DJ","ZM","CD","CG","IQ","LY","TJ","VE","ET","XK"],"disc_number":1,"duration_ms":171607,"explicit":false,"external_urls":{"spotify":"https://open.spotify.com/track/69YhwaZE5OTsijIt3Gp6P2"},"href":"https://api.spotify.com/v1/tracks/69YhwaZE5OTsijIt3Gp6P2","id":"69YhwaZE5OTsijIt3Gp6P2","name":"Heart of Gold","preview_url":null,"track_number":6,"type":"track","uri":"spotify:track:69YhwaZE5OTsijIt3Gp6P2","is_local":false},{"artists":[{"external_urls":{"spotify":"https://open.spotify.com/artist/7n2wHs1TKAczGzO7Dd2rGr"},"href":"https://api.spotify.com/v1/artists/7n2wHs1TKAczGzO7Dd2rGr","id":"7n2wHs1TKAczGzO7Dd2rGr","name":"Shawn Mendes","type":"artist","uri":"spotify:artist:7n2wHs1TKAczGzO7Dd2rGr"}],"available_markets":["AR","AU","AT","BE","BO","BR","BG","CA","CL","CO","CR","CY","CZ","DK","DO","DE","EC","EE","SV","FI","FR","GR","GT","HN","HK","HU","IS","IE","IT","LV","LT","LU","MY","MT","MX","NL","NZ","NI","NO","PA","PY","PE","PH","PL","PT","SG","SK","ES","SE","CH","TW","TR","UY","US","GB","AD","LI","MC","ID","JP","TH","VN","RO","IL","ZA","SA","AE","BH","QA","OM","KW","EG","MA","DZ","TN","LB","JO","PS","IN","KZ","MD","UA","AL","BA","HR","ME","MK","RS","SI","KR","BD","PK","LK","GH","KE","NG","TZ","UG","AG","AM","BS","BB","BZ","BT","BW","BF","CV","CW","DM","FJ","GM","GE","GD","GW","GY","HT","JM","KI","LS","LR","MW","MV","ML","MH","FM","NA","NR","NE","PW","PG","WS","SM","ST","SN","SC","SL","SB","KN","LC","VC","SR","TL","TO","TT","TV","VU","AZ","BN","BI","KH","CM","TD","KM","GQ","SZ","GA","GN","KG","LA","MO","MR","MN","NP","RW","TG","UZ","ZW","BJ","MG","MU","MZ","AO","CI","DJ","ZM","CD","CG","IQ","LY","TJ","VE","ET","XK"],"disc_number":1,"duration_ms":153985,"explicit":false,"external_urls":{"spotify":"https://open.spotify.com/track/61wNkiRpA2oLyJQYz92kZH"},"href":"https://api.spotify.com/v1/tracks/61wNkiRpA2oLyJQYz92kZH","id":"61wNkiRpA2oLyJQYz92kZH","name":"Heavy","preview_url":null,"track_number":7,"type":"track","uri":"spotify:track:61wNkiRpA2oLyJQYz92kZH","is_local":false},{"artists":[{"external_urls":{"spotify":"https://open.spotify.com/artist/7n2wHs1TKAczGzO7Dd2rGr"},"href":"https://api.spotify.com/v1/artists/7n2wHs1TKAczGzO7Dd2rGr","id":"7n2wHs1TKAczGzO7Dd2rGr","name":"Shawn Mendes","type":"artist","uri":"spotify:artist:7n2wHs1TKAczGzO7Dd2rGr"}],"available_markets":["AR","AU","AT","BE","BO","BR","BG","CA","CL","CO","CR","CY","CZ","DK","DO","DE","EC","EE","SV","FI","FR","GR","GT","HN","HK","HU","IS","IE","IT","LV","LT","LU","MY","MT","MX","NL","NZ","NI","NO","PA","PY","PE","PH","PL","PT","SG","SK","ES","SE","CH","TW","TR","UY","US","GB","AD","LI","MC","ID","JP","TH","VN","RO","IL","ZA","SA","AE","BH","QA","OM","KW","EG","MA","DZ","TN","LB","JO","PS","IN","KZ","MD","UA","AL","BA","HR","ME","MK","RS","SI","KR","BD","PK","LK","GH","KE","NG","TZ","UG","AG","AM","BS","BB","BZ","BT","BW","BF","CV","CW","DM","FJ","GM","GE","GD","GW","GY","HT","JM","KI","LS","LR","MW","MV","ML","MH","FM","NA","NR","NE","PW","PG","WS","SM","ST","SN","SC","SL","SB","KN","LC","VC","SR","TL","TO","TT","TV","VU","AZ","BN","BI","KH","CM","TD","KM","GQ","SZ","GA","GN","KG","LA","MO","MR","MN","NP","RW","TG","UZ","ZW","BJ","MG","MU","MZ","AO","CI","DJ","ZM","CD","CG","IQ","LY","TJ","VE","ET","XK"],"disc_number":1,"duration_ms":112006,"explicit":false,"external_urls":{"spotify":"https://open.spotify.com/track/0HPABADFC4UBeWP0cFUsHI"},"href":"https://api.spotify.com/v1/tracks/0HPABADFC4UBeWP0cFUsHI","id":"0HPABADFC4UBeWP0cFUsHI","name":"That’ll Be The Day","preview_url":null,"track_number":8,"type":"track","uri":"spotify:track:0HPABADFC4UBeWP0cFUsHI","is_local":false},{"artists":[{"external_urls":{"spotify":"https://open.spotify.com/artist/7n2wHs1TKAczGzO7Dd2rGr"},"href":"https://api.spotify.com/v1/artists/7n2wHs1TKAczGzO7Dd2rGr","id":"7n2wHs1TKAczGzO7Dd2rGr","name":"Shawn Mendes","type":"artist","uri":"spotify:artist:7n2wHs1TKAczGzO7Dd2rGr"}],"available_markets":["AR","AU","AT","BE","BO","BR","BG","CA","CL","CO","CR","CY","CZ","DK","DO","DE","EC","EE","SV","FI","FR","GR","GT","HN","HK","HU","IS","IE","IT","LV","LT","LU","MY","MT","MX","NL","NZ","NI","NO","PA","PY","PE","PH","PL","PT","SG","SK","ES","SE","CH","TW","TR","UY","US","GB","AD","LI","MC","ID","JP","TH","VN","RO","IL","ZA","SA","AE","BH","QA","OM","KW","EG","MA","DZ","TN","LB","JO","PS","IN","KZ","MD","UA","AL","BA","HR","ME","MK","RS","SI","KR","BD","PK","LK","GH","KE","NG","TZ","UG","AG","AM","BS","BB","BZ","BT","BW","BF","CV","CW","DM","FJ","GM","GE","GD","GW","GY","HT","JM","KI","LS","LR","MW","MV","ML","MH","FM","NA","NR","NE","PW","PG","WS","SM","ST","SN","SC","SL","SB","KN","LC","VC","SR","TL","TO","TT","TV","VU","AZ","BN","BI","KH","CM","TD","KM","GQ","SZ","GA","GN","KG","LA","MO","MR","MN","NP","RW","TG","UZ","ZW","BJ","MG","MU","MZ","AO","CI","DJ","ZM","CD","CG","IQ","LY","TJ","VE","ET","XK"],"disc_number":1,"duration_ms":117366,"explicit":false,"external_urls":{"spotify":"https://open.spotify.com/track/34DIs8VG5CBKkOVSppTV6a"},"href":"https://api.spotify.com/v1/tracks/34DIs8VG5CBKkOVSppTV6a","id":"34DIs8VG5CBKkOVSppTV6a","name":"In Between","preview_url":null,"track_number":9,"type":"track","uri":"spotify:track:34DIs8VG5CBKkOVSppTV6a","is_local":false},{"artists":[{"external_urls":{"spotify":"https://open.spotify.com/artist/7n2wHs1TKAczGzO7Dd2rGr"},"href":"https://api.spotify.com/v1/artists/7n2wHs1TKAczGzO7Dd2rGr","id":"7n2wHs1TKAczGzO7Dd2rGr","name":"Shawn Mendes","type":"artist","uri":"spotify:artist:7n2wHs1TKAczGzO7Dd2rGr"}],"available_markets":["AR","AU","AT","BE","BO","BR","BG","CA","CL","CO","CR","CY","CZ","DK","DO","DE","EC","EE","SV","FI","FR","GR","GT","HN","HK","HU","IS","IE","IT","LV","LT","LU","MY","MT","MX","NL","NZ","NI","NO","PA","PY","PE","PH","PL","PT","SG","SK","ES","SE","CH","TW","TR","UY","US","GB","AD","LI","MC","ID","JP","TH","VN","RO","IL","ZA","SA","AE","BH","QA","OM","KW","EG","MA","DZ","TN","LB","JO","PS","IN","KZ","MD","UA","AL","BA","HR","ME","MK","RS","SI","KR","BD","PK","LK","GH","KE","NG","TZ","UG","AG","AM","BS","BB","BZ","BT","BW","BF","CV","CW","DM","FJ","GM","GE","GD","GW","GY","HT","JM","KI","LS","LR","MW","MV","ML","MH","FM","NA","NR","NE","PW","PG","WS","SM","ST","SN","SC","SL","SB","KN","LC","VC","SR","TL","TO","TT","TV","VU","AZ","BN","BI","KH","CM","TD","KM","GQ","SZ","GA","GN","KG","LA","MO","MR","MN","NP","RW","TG","UZ","ZW","BJ","MG","MU","MZ","AO","CI","DJ","ZM","CD","CG","IQ","LY","TJ","VE","ET","XK"],"disc_number":1,"duration_ms":175750,"explicit":false,"external_urls":{"spotify":"https://open.spotify.com/track/1ATWVZj4ukcMcQHRZ6KxvU"},"href":"https://api.spotify.com/v1/tracks/1ATWVZj4ukcMcQHRZ6KxvU","id":"1ATWVZj4ukcMcQHRZ6KxvU","name":"The Mountain","preview_url":null,"track_number":10,"type":"track","uri":"spotify:track:1ATWVZj4ukcMcQHRZ6KxvU","is_local":false},{"artists":[{"external_urls":{"spotify":"https://open.spotify.com/artist/7n2wHs1TKAczGzO7Dd2rGr"},"href":"https://api.spotify.com/v1/artists/7n2wHs1TKAczGzO7Dd2rGr","id":"7n2wHs1TKAczGzO7Dd2rGr","name":"Shawn Mendes","type":"artist","uri":"spotify:artist:7n2wHs1TKAczGzO7Dd2rGr"}],"available_markets":["AR","AU","AT","BE","BO","BR","BG","CA","CL","CO","CR","CY","CZ","DK","DO","DE","EC","EE","SV","FI","FR","GR","GT","HN","HK","HU","IS","IE","IT","LV","LT","LU","MY","MT","MX","NL","NZ","NI","NO","PA","PY","PE","PH","PL","PT","SG","SK","ES","SE","CH","TW","TR","UY","US","GB","AD","LI","MC","ID","JP","TH","VN","RO","IL","ZA","SA","AE","BH","QA","OM","KW","EG","MA","DZ","TN","LB","JO","PS","IN","KZ","MD","UA","AL","BA","HR","ME","MK","RS","SI","KR","BD","PK","LK","GH","KE","NG","TZ","UG","AG","AM","BS","BB","BZ","BT","BW","BF","CV","CW","DM","FJ","GM","GE","GD","GW","GY","HT","JM","KI","LS","LR","MW","MV","ML","MH","FM","NA","NR","NE","PW","PG","WS","SM","ST","SN","SC","SL","SB","KN","LC","VC","SR","TL","TO","TT","TV","VU","AZ","BN","BI","KH","CM","TD","KM","GQ","SZ","GA","GN","KG","LA","MO","MR","MN","NP","RW","TG","UZ","ZW","BJ","MG","MU","MZ","AO","CI","DJ","ZM","CD","CG","IQ","LY","TJ","VE","ET","XK"],"disc_number":1,"duration_ms":159449,"explicit":false,"external_urls":{"spotify":"https://open.spotify.com/track/0gDIsF458XtmsL67aYqSj7"},"href":"https://api.spotify.com/v1/tracks/0gDIsF458XtmsL67aYqSj7","id":"0gDIsF458XtmsL67aYqSj7","name":"Rollin’ Right Along","preview_url":null,"track_number":11,"type":"track","uri":"spotify:track:0gDIsF458XtmsL67aYqSj7","is_local":false},{"artists":[{"external_urls":{"spotify":"https://open.spotify.com/artist/7n2wHs1TKAczGzO7Dd2rGr"},"href":"https://api.spotify.com/v1/artists/7n2wHs1TKAczGzO7Dd2rGr","id":"7n2wHs1TKAczGzO7Dd2rGr","name":"Shawn Mendes","type":"artist","uri":"spotify:artist:7n2wHs1TKAczGzO7Dd2rGr"}],"available_markets":["AR","AU","AT","BE","BO","BR","BG","CA","CL","CO","CR","CY","CZ","DK","DO","DE","EC","EE","SV","FI","FR","GR","GT","HN","HK","HU","IS","IE","IT","LV","LT","LU","MY","MT","MX","NL","NZ","NI","NO","PA","PY","PE","PH","PL","PT","SG","SK","ES","SE","CH","TW","TR","UY","US","GB","AD","LI","MC","ID","JP","TH","VN","RO","IL","ZA","SA","AE","BH","QA","OM","KW","EG","MA","DZ","TN","LB","JO","PS","IN","KZ","MD","UA","AL","BA","HR","ME","MK","RS","SI","KR","BD","PK","LK","GH","KE","NG","TZ","UG","AG","AM","BS","BB","BZ","BT","BW","BF","CV","CW","DM","FJ","GM","GE","GD","GW","GY","HT","JM","KI","LS","LR","MW","MV","ML","MH","FM","NA","NR","NE","PW","PG","WS","SM","ST","SN","SC","SL","SB","KN","LC","VC","SR","TL","TO","TT","TV","VU","AZ","BN","BI","KH","CM","TD","KM","GQ","SZ","GA","GN","KG","LA","MO","MR","MN","NP","RW","TG","UZ","ZW","BJ","MG","MU","MZ","AO","CI","DJ","ZM","CD","CG","IQ","LY","TJ","VE","ET","XK"],"disc_number":1,"duration_ms":225647,"explicit":false,"external_urls":{"spotify":"https://open.spotify.com/track/5Q6csOncSmExJREyIssHqe"},"href":"https://api.spotify.com/v1/tracks/5Q6csOncSmExJREyIssHqe","id":"5Q6csOncSmExJREyIssHqe","name":"Hallelujah","preview_url":null,"track_number":12,"type":"track","uri":"spotify:track:5Q6csOncSmExJREyIssHqe","is_local":false}]},"copyrights":[{"text":"© 2024 Island Records, a division of UMG Recordings, Inc.","type":"C"},{"text":"℗ 2024 Island Records, a division of UMG Recordings, Inc.","type":"P"}],"external_ids":{"upc":"00602475081319"},"genres":[],"label":"Island Records","popularity":68},{"album_type":"album","total_tracks":14,"available_markets":["AR","AU","AT","BE","BO","BR","BG","CA","CL","CR","CY","CZ","DK","DO","DE","EC","EE","SV","FI","FR","GR","GT","HN","HK","HU","IS","IE","IT","LV","LT","LU","MY","MT","MX","NL","NZ","NI","NO","PA","PY","PE","PH","PL","PT","SG","SK","ES","SE","CH","TW","TR","UY","US","GB","AD","LI","MC","ID","JP","TH","VN","RO","IL","ZA","SA","AE","BH","QA","OM","KW","EG","MA","DZ","TN","LB","JO","PS","IN","BY","KZ","MD","UA","AL","BA","HR","ME","MK","RS","SI","KR","BD","PK","LK","GH","KE","NG","TZ","UG","AG","AM","BS","BB","BZ","BT","BW","BF","CV","CW","DM","FJ","GM","GE","GD","GW","GY","HT","JM","KI","LS","LR","MW","MV","ML","MH","FM","NA","NR","NE","PW","PG","PR","WS","SM","ST","SN","SC","SL","SB","KN","LC","VC","SR","TL","TO","TT","TV","VU","AZ","BN","BI","KH","CM","TD","KM","GQ","SZ","GA","GN","KG","LA","MO","MR","MN","NP","RW","TG","UZ","ZW","BJ","MG","MU","MZ","AO","CI","DJ","ZM","CD","CG","IQ","LY","TJ","VE","ET","XK"],"external_urls":{"spotify":"https://open.spotify.com/album/0leCm7DasgqP70lhOVeXyU"},"href":"https://api.spotify.com/v1/albums/0leCm7DasgqP70lhOVeXyU","id":"0leCm7DasgqP70lhOVeXyU","images":[{"url":"https://i.scdn.co/image/ab67616d0000b273e748e914c867ea0a80849efa","height":640,"width":640},{"url":"https://i.scdn.co/image/ab67616d00001e02e748e914c867ea0a80849efa","height":300,"width":300},{"url":"https://i.scdn.co/image/ab67616d00004851e748e914c867ea0a80849efa","height":64,"width":64}],"name":"INSOMNIO","release_date":"2024-09-06","release_date_precision":"day","type":"album","uri":"spotify:album:0leCm7DasgqP70lhOVeXyU","artists":[{"external_urls":{"spotify":"https://open.spotify.com/artist/1SupJlEpv7RS2tPNRaHViT"},"href":"https://api.spotify.com/v1/artists/1SupJlEpv7RS2tPNRaHViT","id":"1SupJlEpv7RS2tPNRaHViT","name":"Nicky Jam","type":"artist","uri":"spotify:artist:1SupJlEpv7RS2tPNRaHViT"}],"tracks":{"href":"https://api.spotify.com/v1/albums/0leCm7DasgqP70lhOVeXyU/tracks?offset=0&limit=50","limit":50,"next":null,"offset":0,"previous":null,"total":14,"items":[{"artists":[{"external_urls":{"spotify":"https://open.spotify.com/artist/1SupJlEpv7RS2tPNRaHViT"},"href":"https://api.spotify.com/v1/artists/1SupJlEpv7RS2tPNRaHViT","id":"1SupJlEpv7RS2tPNRaHViT","name":"Nicky Jam","type":"artist","uri":"spotify:artist:1SupJlEpv7RS2tPNRaHViT"},{"external_urls":{"spotify":"https://open.spotify.com/artist/5XJDexmWFLWOkjOEjOVX3e"},"href":"https://api.spotify.com/v1/artists/5XJDexmWFLWOkjOEjOVX3e","id":"5XJDexmWFLWOkjOEjOVX3e","name":"Eladio Carrion","type":"artist","uri":"spotify:artist:5XJDexmWFLWOkjOEjOVX3e"}],"available_markets":["AR","AU","AT","BE","BO","BR","BG","CA","CL","CR","CY","CZ","DK","DO","DE","EC","EE","SV","FI","FR","GR","GT","HN","HK","HU","IS","IE","IT","LV","LT","LU","MY","MT","MX","NL","NZ","NI","NO","PA","PY","PE","PH","PL","PT","SG","SK","ES","SE","CH","TW","TR","UY","US","GB","AD","LI","MC","ID","JP","TH","VN","RO","IL","ZA","SA","AE","BH","QA","OM","KW","EG","MA","DZ","TN","LB","JO","PS","IN","BY","KZ","MD","UA","AL","BA","HR","ME","MK","RS","SI","KR","BD","PK","LK","GH","KE","NG","TZ","UG","AG","AM","BS","BB","BZ","BT","BW","BF","CV","CW","DM","FJ","GM","GE","GD","GW","GY","HT","JM","KI","LS","LR","MW","MV","ML","MH","FM","NA","NR","NE","PW","PG","PR","WS","SM","ST","SN","SC","SL","SB","KN","LC","VC","SR","TL","TO","TT","TV","VU","AZ","BN","BI","KH","CM","TD","KM","GQ","SZ","GA","GN","KG","LA","MO","MR","MN","NP","RW","TG","UZ","ZW","BJ","MG","MU","MZ","AO","CI","DJ","ZM","CD","CG","IQ","LY","TJ","VE","ET","XK"],"disc_number":1,"duration_ms":225000,"explicit":false,"external_urls":{"spotify":"https://open.spotify.com/track/0VB76TEvea9xPrOGSDQIgk"},"href":"https://api.spotify.com/v1/tracks/57y57yVtsGSVrtcWPOktjY","id":"57y57yVtsGSVrtcWPOktjY","linked_from":{"external_urls":{"spotify":"https://open.spotify.com/track/0VB76TEvea9xPrOGSDQIgk"},"href":"https://api.spotify.com/v1/tracks/0VB76TEvea9xPrOGSDQIgk","id":"0VB76TEvea9xPrOGSDQIgk","type":"track","uri":"spotify:track:0VB76TEvea9xPrOGSDQIgk"},"name":"EMPLEADO","preview_url":null,"track_number":1,"type":"track","uri":"spotify:track:57y57yVtsGSVrtcWPOktjY","is_local":false},{"artists":[{"external_urls":{"spotify":"https://open.spotify.com/artist/1SupJlEpv7RS2tPNRaHViT"},"href":"https://api.spotify.com/v1/artists/1SupJlEpv7RS2tPNRaHViT","id":"1SupJlEpv7RS2tPNRaHViT","name":"Nicky Jam","type":"artist","uri":"spotify:artist:1SupJlEpv7RS2tPNRaHViT"},{"external_urls":{"spotify":"https://open.spotify.com/artist/4axKuDPr6WKcDCyh8vueTY"},"href":"https://api.spotify.com/v1/artists/4axKuDPr6WKcDCyh8vueTY","id":"4axKuDPr6WKcDCyh8vueTY","name":"Luar La L","type":"artist","uri":"spotify:artist:4axKuDPr6WKcDCyh8vueTY"}],"available_markets":["AR","AU","AT","BE","BO","BR","BG","CA","CL","CR","CY","CZ","DK","DO","DE","EC","EE","SV","FI","FR","GR","GT","HN","HK","HU","IS","IE","IT","LV","LT","LU","MY","MT","MX","NL","NZ","NI","NO","PA","PY","PE","PH","PL","PT","SG","SK","ES","SE","CH","TW","TR","UY","US","GB","AD","LI","MC","ID","JP","TH","VN","RO","IL","ZA","SA","AE","BH","QA","OM","KW","EG","MA","DZ","TN","LB","JO","PS","IN","BY","KZ","MD","UA","AL","BA","HR","ME","MK","RS","SI","KR","BD","PK","LK","GH","KE","NG","TZ","UG","AG","AM","BS","BB","BZ","BT","BW","BF","CV","CW","DM","FJ","GM","GE","GD","GW","GY","HT","JM","KI","LS","LR","MW","MV","ML","MH","FM","NA","NR","NE","PW","PG","PR","WS","SM","ST","SN","SC","SL","SB","KN","LC","VC","SR","TL","TO","TT","TV","VU","AZ","BN","BI","KH","CM","TD","KM","GQ","SZ","GA","GN","KG","LA","MO","MR","MN","NP","RW","TG","UZ","ZW","BJ","MG","MU","MZ","AO","CI","DJ","ZM","CD","CG","IQ","LY","TJ","VE","ET","XK"],"disc_number":1,"duration_ms":210223,"explicit":false,"external_urls":{"spotify":"https://open.spotify.com/track/7EaQ16Nq8bdc2A1CBOCwQU"},"href":"https://api.spotify.com/v1/tracks/78OLLHICfTVD6Vx4Z2iDLv","id":"78OLLHICfTVD6Vx4Z2iDLv","linked_from":{"external_urls":{"spotify":"https://open.spotify.com/track/7EaQ16Nq8bdc2A1CBOCwQU"},"href":"https://api.spotify.com/v1/tracks/7EaQ16Nq8bdc2A1CBOCwQU","id":"7EaQ16Nq8bdc2A1CBOCwQU","type":"track","uri":"spotify:track:7EaQ16Nq8bdc2A1CBOCwQU"},"name":"LA CYBER","preview_url":null,"track_number":2,"type":"track","uri":"spotify:track:78OLLHICfTVD6Vx4Z2iDLv","is_local":false},{"artists":[{"external_urls":{"spotify":"https://open.spotify.com/artist/1SupJlEpv7RS2tPNRaHViT"},"href":"https://api.spotify.com/v1/artists/1SupJlEpv7RS2tPNRaHViT","id":"1SupJlEpv7RS2tPNRaHViT","name":"Nicky Jam","type":"artist","uri":"spotify:artist:1SupJlEpv7RS2tPNRaHViT"},{"external_urls":{"spotify":"https://open.spotify.com/artist/3Isy6kedDrgPYoTS1dazA9"},"href":"https://api.spotify.com/v1/artists/3Isy6kedDrgPYoTS1dazA9","id":"3Isy6kedDrgPYoTS1dazA9","name":"Sean Paul","type":"artist","uri":"spotify:artist:3Isy6kedDrgPYoTS1dazA9"}],"available_markets":["AR","AU","AT","BE","BO","BR","BG","CA","CL","CR","CY","CZ","DK","DO","DE","EC","EE","SV","FI","FR","GR","GT","HN","HK","HU","IS","IE","IT","LV","LT","LU","MY","MT","MX","NL","NZ","NI","NO","PA","PY","PE","PH","PL","PT","SG","SK","ES","SE","CH","TW","TR","UY","US","GB","AD","LI","MC","ID","JP","TH","VN","RO","IL","ZA","SA","AE","BH","QA","OM","KW","EG","MA","DZ","TN","LB","JO","PS","IN","BY","KZ","MD","UA","AL","BA","HR","ME","MK","RS","SI","KR","BD","PK","LK","GH","KE","NG","TZ","UG","AG","AM","BS","BB","BZ","BT","BW","BF","CV","CW","DM","FJ","GM","GE","GD","GW","GY","HT","JM","KI","LS","LR","MW","MV","ML","MH","FM","NA","NR","NE","PW","PG","PR","WS","SM","ST","SN","SC","SL","SB","KN","LC","VC","SR","TL","TO","TT","TV","VU","AZ","BN","BI","KH","CM","TD","KM","GQ","SZ","GA","GN","KG","LA","MO","MR","MN","NP","RW","TG","UZ","ZW","BJ","MG","MU","MZ","AO","CI","DJ","ZM","CD","CG","IQ","LY","TJ","VE","ET","XK"],"disc_number":1,"duration_ms":185567,"explicit":false,"external_urls":{"spotify":"https://open.spotify.com/track/44k60cNCgfT9hCeT4NGEjy"},"href":"https://api.spotify.com/v1/tracks/0pTKVLK0GFRO0stkO3uYFN","id":"0pTKVLK0GFRO0stkO3uYFN","linked_from":{"external_urls":{"spotify":"https://open.spotify.com/track/44k60cNCgfT9hCeT4NGEjy"},"href":"https://api.spotify.com/v1/tracks/44k60cNCgfT9hCeT4NGEjy","id":"44k60cNCgfT9hCeT4NGEjy","type":"track","uri":"spotify:track:44k60cNCgfT9hCeT4NGEjy"},"name":"CASÁNDOTE","preview_url":null,"track_number":3,"type":"track","uri":"spotify:track:0pTKVLK0GFRO0stkO3uYFN","is_local":false},{"artists":[{"external_urls":{"spotify":"https://open.spotify.com/artist/1SupJlEpv7RS2tPNRaHViT"},"href":"https://api.spotify.com/v1/artists/1SupJlEpv7RS2tPNRaHViT","id":"1SupJlEpv7RS2tPNRaHViT","name":"Nicky Jam","type":"artist","uri":"spotify:artist:1SupJlEpv7RS2tPNRaHViT"}],"available_markets":["AR","AU","AT","BE","BO","BR","BG","CA","CL","CR","CY","CZ","DK","DO","DE","EC","EE","SV","FI","FR","GR","GT","HN","HK","HU","IS","IE","IT","LV","LT","LU","MY","MT","MX","NL","NZ","NI","NO","PA","PY","PE","PH","PL","PT","SG","SK","ES","SE","CH","TW","TR","UY","US","GB","AD","LI","MC","ID","JP","TH","VN","RO","IL","ZA","SA","AE","BH","QA","OM","KW","EG","MA","DZ","TN","LB","JO","PS","IN","BY","KZ","MD","UA","AL","BA","HR","ME","MK","RS","SI","KR","BD","PK","LK","GH","KE","NG","TZ","UG","AG","AM","BS","BB","BZ","BT","BW","BF","CV","CW","DM","FJ","GM","GE","GD","GW","GY","HT","JM","KI","LS","LR","MW","MV","ML","MH","FM","NA","NR","NE","PW","PG","PR","WS","SM","ST","SN","SC","SL","SB","KN","LC","VC","SR","TL","TO","TT","TV","VU","AZ","BN","BI","KH","CM","TD","KM","GQ","SZ","GA","GN","KG","LA","MO","MR","MN","NP","RW","TG","UZ","ZW","BJ","MG","MU","MZ","AO","CI","DJ","ZM","CD","CG","IQ","LY","TJ","VE","ET","XK"],"disc_number":1,"duration_ms":218710,"explicit":false,"external_urls":{"spotify":"https://open.spotify.com/track/2qDMB89FqbUVHghmfU5ol9"},"href":"https://api.spotify.com/v1/tracks/1ZTnjehJmqS7xuVSTbqesa","id":"1ZTnjehJmqS7xuVSTbqesa","linked_from":{"external_urls":{"spotify":"https://open.spotify.com/track/2qDMB89FqbUVHghmfU5ol9"},"href":"https://api.spotify.com/v1/tracks/2qDMB89FqbUVHghmfU5ol9","id":"2qDMB89FqbUVHghmfU5ol9","type":"track","uri":"spotify:track:2qDMB89FqbUVHghmfU5ol9"},"name":"INSOMNIO","preview_url":null,"track_number":4,"type":"track","uri":"spotify:track:1ZTnjehJmqS7xuVSTbqesa","is_local":false},{"artists":[{"external_urls":{"spotify":"https://open.spotify.com/artist/1SupJlEpv7RS2tPNRaHViT"},"href":"https://api.spotify.com/v1/artists/1SupJlEpv7RS2tPNRaHViT","id":"1SupJlEpv7RS2tPNRaHViT","name":"Nicky Jam","type":"artist","uri":"spotify:artist:1SupJlEpv7RS2tPNRaHViT"},{"external_urls":{"spotify":"https://open.spotify.com/artist/7a0XAaPaK2aDSqa8p3QnC7"},"href":"https://api.spotify.com/v1/artists/7a0XAaPaK2aDSqa8p3QnC7","id":"7a0XAaPaK2aDSqa8p3QnC7","name":"Beéle","type":"artist","uri":"spotify:artist:7a0XAaPaK2aDSqa8p3QnC7"}],"available_markets":["AR","AU","AT","BE","BO","BR","BG","CA","CL","CR","CY","CZ","DK","DO","DE","EC","EE","SV","FI","FR","GR","GT","HN","HK","HU","IS","IE","IT","LV","LT","LU","MY","MT","MX","NL","NZ","NI","NO","PA","PY","PE","PH","PL","PT","SG","SK","ES","SE","CH","TW","TR","UY","US","GB","AD","LI","MC","ID","JP","TH","VN","RO","IL","ZA","SA","AE","BH","QA","OM","KW","EG","MA","DZ","TN","LB","JO","PS","IN","BY","KZ","MD","UA","AL","BA","HR","ME","MK","RS","SI","KR","BD","PK","LK","GH","KE","NG","TZ","UG","AG","AM","BS","BB","BZ","BT","BW","BF","CV","CW","DM","FJ","GM","GE","GD","GW","GY","HT","JM","KI","LS","LR","MW","MV","ML","MH","FM","NA","NR","NE","PW","PG","PR","WS","SM","ST","SN","SC","SL","SB","KN","LC","VC","SR","TL","TO","TT","TV","VU","AZ","BN","BI","KH","CM","TD","KM","GQ","SZ","GA","GN","KG","LA","MO","MR","MN","NP","RW","TG","UZ","ZW","BJ","MG","MU","MZ","AO","CI","DJ","ZM","CD","CG","IQ","LY","TJ","VE","ET","XK"],"disc_number":1,"duration_ms":200769,"explicit":false,"external_urls":{"spotify":"https://open.spotify.com/track/5g54T6doN39ejttzpz0uq1"},"href":"https://api.spotify.com/v1/tracks/24pBmVh9RhHewoZxFiHYz4","id":"24pBmVh9RhHewoZxFiHYz4","linked_from":{"external_urls":{"spotify":"https://open.spotify.com/track/5g54T6doN39ejttzpz0uq1"},"href":"https://api.spotify.com/v1/tracks/5g54T6doN39ejttzpz0uq1","id":"5g54T6doN39ejttzpz0uq1","type":"track","uri":"spotify:track:5g54T6doN39ejttzpz0uq1"},"name":"CALOR","preview_url":null,"track_number":5,"type":"track","uri":"spotify:track:24pBmVh9RhHewoZxFiHYz4","is_local":false},{"artists":[{"external_urls":{"spotify":"https://open.spotify.com/artist/1SupJlEpv7RS2tPNRaHViT"},"href":"https://api.spotify.com/v1/artists/1SupJlEpv7RS2tPNRaHViT","id":"1SupJlEpv7RS2tPNRaHViT","name":"Nicky Jam","type":"artist","uri":"spotify:artist:1SupJlEpv7RS2tPNRaHViT"}],"available_markets":["AR","AU","AT","BE","BO","BR","BG","CA","CL","CR","CY","CZ","DK","DO","DE","EC","EE","SV","FI","FR","GR","GT","HN","HK","HU","IS","IE","IT","LV","LT","LU","MY","MT","MX","NL","NZ","NI","NO","PA","PY","PE","PH","PL","PT","SG","SK","ES","SE","CH","TW","TR","UY","US","GB","AD","LI","MC","ID","JP","TH","VN","RO","IL","ZA","SA","AE","BH","QA","OM","KW","EG","MA","DZ","TN","LB","JO","PS","IN","BY","KZ","MD","UA","AL","BA","HR","ME","MK","RS","SI","KR","BD","PK","LK","GH","KE","NG","TZ","UG","AG","AM","BS","BB","BZ","BT","BW","BF","CV","CW","DM","FJ","GM","GE","GD","GW","GY","HT","JM","KI","LS","LR","MW","MV","ML","MH","FM","NA","NR","NE","PW","PG","PR","WS","SM","ST","SN","SC","SL","SB","KN","LC","VC","SR","TL","TO","TT","TV","VU","AZ","BN","BI","KH","CM","TD","KM","GQ","SZ","GA","GN","KG","LA","MO","MR","MN","NP","RW","TG","UZ","ZW","BJ","MG","MU","MZ","AO","CI","DJ","ZM","CD","CG","IQ","LY","TJ","VE","ET","XK"],"disc_number":1,"duration_ms":188387,"explicit":false,"external_urls":{"spotify":"https://open.spotify.com/track/732MZ9Z2bY8WeBzzAIjsi2"},"href":"https://api.spotify.com/v1/tracks/08l8Sjb21RTdtfXtUYniVM","id":"08l8Sjb21RTdtfXtUYniVM","linked_from":{"external_urls":{"spotify":"https://open.spotify.com/track/732MZ9Z2bY8WeBzzAIjsi2"},"href":"https://api.spotify.com/v1/tracks/732MZ9Z2bY8WeBzzAIjsi2","id":"732MZ9Z2bY8WeBzzAIjsi2","type":"track","uri":"spotify:track:732MZ9Z2bY8WeBzzAIjsi2"},"name":"EL BAR","preview_url":null,"track_number":6,"type":"track","uri":"spotify:track:08l8Sjb21RTdtfXtUYniVM","is_local":false},{"artists":[{"external_urls":{"spotify":"https://open.spotify.com/artist/1SupJlEpv7RS2tPNRaHViT"},"href":"https://api.spotify.com/v1/artists/1SupJlEpv7RS2tPNRaHViT","id":"1SupJlEpv7RS2tPNRaHViT","name":"Nicky Jam","type":"artist","uri":"spotify:artist:1SupJlEpv7RS2tPNRaHViT"},{"external_urls":{"spotify":"https://open.spotify.com/artist/7j6DKwmjbxvpQO8h914uEz"},"href":"https://api.spotify.com/v1/artists/7j6DKwmjbxvpQO8h914uEz","id":"7j6DKwmjbxvpQO8h914uEz","name":"Ryan Castro","type":"artist","uri":"spotify:artist:7j6DKwmjbxvpQO8h914uEz"}],"available_markets":["AR","AU","AT","BE","BO","BR","BG","CA","CL","CR","CY","CZ","DK","DO","DE","EC","EE","SV","FI","FR","GR","GT","HN","HK","HU","IS","IE","IT","LV","LT","LU","MY","MT","MX","NL","NZ","NI","NO","PA","PY","PE","PH","PL","PT","SG","SK","ES","SE","CH","TW","TR","UY","US","GB","AD","LI","MC","ID","JP","TH","VN","RO","IL","ZA","SA","AE","BH","QA","OM","KW","EG","MA","DZ","TN","LB","JO","PS","IN","BY","KZ","MD","UA","AL","BA","HR","ME","MK","RS","SI","KR","BD","PK","LK","GH","KE","NG","TZ","UG","AG","AM","BS","BB","BZ","BT","BW","BF","CV","CW","DM","FJ","GM","GE","GD","GW","GY","HT","JM","KI","LS","LR","MW","MV","ML","MH","FM","NA","NR","NE","PW","PG","PR","WS","SM","ST","SN","SC","SL","SB","KN","LC","VC","SR","TL","TO","TT","TV","VU","AZ","BN","BI","KH","CM","TD","KM","GQ","SZ","GA","GN","KG","LA","MO","MR","MN","NP","RW","TG","UZ","ZW","BJ","MG","MU","MZ","AO","CI","DJ","ZM","CD","CG","IQ","LY","TJ","VE","ET","XK"],"disc_number":1,"duration_ms":185806,"explicit":true,"external_urls":{"spotify":"https://open.spotify.com/track/6LzlBbZYcpTeRVHVqLGR1o"},"href":"https://api.spotify.com/v1/tracks/6TUOYo2LQGHxoiytGkwoGw","id":"6TUOYo2LQGHxoiytGkwoGw","linked_from":{"external_urls":{"spotify":"https://open.spotify.com/track/6LzlBbZYcpTeRVHVqLGR1o"},"href":"https://api.spotify.com/v1/tracks/6LzlBbZYcpTeRVHVqLGR1o","id":"6LzlBbZYcpTeRVHVqLGR1o","type":"track","uri":"spotify:track:6LzlBbZYcpTeRVHVqLGR1o"},"name":"CHICOKIS","preview_url":null,"track_number":7,"type":"track","uri":"spotify:track:6TUOYo2LQGHxoiytGkwoGw","is_local":false},{"artists":[{"external_urls":{"spotify":"https://open.spotify.com/artist/1SupJlEpv7RS2tPNRaHViT"},"href":"https://api.spotify.com/v1/artists/1SupJlEpv7RS2tPNRaHViT","id":"1SupJlEpv7RS2tPNRaHViT","name":"Nicky Jam","type":"artist","uri":"spotify:artist:1SupJlEpv7RS2tPNRaHViT"}],"available_markets":["AR","AU","AT","BE","BO","BR","BG","CA","CL","CR","CY","CZ","DK","DO","DE","EC","EE","SV","FI","FR","GR","GT","HN","HK","HU","IS","IE","IT","LV","LT","LU","MY","MT","MX","NL","NZ","NI","NO","PA","PY","PE","PH","PL","PT","SG","SK","ES","SE","CH","TW","TR","UY","US","GB","AD","LI","MC","ID","JP","TH","VN","RO","IL","ZA","SA","AE","BH","QA","OM","KW","EG","MA","DZ","TN","LB","JO","PS","IN","BY","KZ","MD","UA","AL","BA","HR","ME","MK","RS","SI","KR","BD","PK","LK","GH","KE","NG","TZ","UG","AG","AM","BS","BB","BZ","BT","BW","BF","CV","CW","DM","FJ","GM","GE","GD","GW","GY","HT","JM","KI","LS","LR","MW","MV","ML","MH","FM","NA","NR","NE","PW","PG","PR","WS","SM","ST","SN","SC","SL","SB","KN","LC","VC","SR","TL","TO","TT","TV","VU","AZ","BN","BI","KH","CM","TD","KM","GQ","SZ","GA","GN","KG","LA","MO","MR","MN","NP","RW","TG","UZ","ZW","BJ","MG","MU","MZ","AO","CI","DJ","ZM","CD","CG","IQ","LY","TJ","VE","ET","XK"],"disc_number":1,"duration_ms":195398,"explicit":false,"external_urls":{"spotify":"https://open.spotify.com/track/779RWYUUGau6rrt2EVQLbC"},"href":"https://api.spotify.com/v1/tracks/5EWSSnN0RdbscTWax0QecQ","id":"5EWSSnN0RdbscTWax0QecQ","linked_from":{"external_urls":{"spotify":"https://open.spotify.com/track/779RWYUUGau6rrt2EVQLbC"},"href":"https://api.spotify.com/v1/tracks/779RWYUUGau6rrt2EVQLbC","id":"779RWYUUGau6rrt2EVQLbC","type":"track","uri":"spotify:track:779RWYUUGau6rrt2EVQLbC"},"name":"EXÓTICA","preview_url":null,"track_number":8,"type":"track","uri":"spotify:track:5EWSSnN0RdbscTWax0QecQ","is_local":false},{"artists":[{"external_urls":{"spotify":"https://open.spotify.com/artist/1SupJlEpv7RS2tPNRaHViT"},"href":"https://api.spotify.com/v1/artists/1SupJlEpv7RS2tPNRaHViT","id":"1SupJlEpv7RS2tPNRaHViT","name":"Nicky Jam","type":"artist","uri":"spotify:artist:1SupJlEpv7RS2tPNRaHViT"},{"external_urls":{"spotify":"https://open.spotify.com/artist/2O8vbr4RYPpk6MRA4fio7u"},"href":"https://api.spotify.com/v1/artists/2O8vbr4RYPpk6MRA4fio7u","id":"2O8vbr4RYPpk6MRA4fio7u","name":"SAIKO","type":"artist","uri":"spotify:artist:2O8vbr4RYPpk6MRA4fio7u"}],"available_markets":["AR","AU","AT","BE","BO","BR","BG","CA","CL","CR","CY","CZ","DK","DO","DE","EC","EE","SV","FI","FR","GR","GT","HN","HK","HU","IS","IE","IT","LV","LT","LU","MY","MT","MX","NL","NZ","NI","NO","PA","PY","PE","PH","PL","PT","SG","SK","ES","SE","CH","TW","TR","UY","US","GB","AD","LI","MC","ID","JP","TH","VN","RO","IL","ZA","SA","AE","BH","QA","OM","KW","EG","MA","DZ","TN","LB","JO","PS","IN","BY","KZ","MD","UA","AL","BA","HR","ME","MK","RS","SI","KR","BD","PK","LK","GH","KE","NG","TZ","UG","AG","AM","BS","BB","BZ","BT","BW","BF","CV","CW","DM","FJ","GM","GE","GD","GW","GY","HT","JM","KI","LS","LR","MW","MV","ML","MH","FM","NA","NR","NE","PW","PG","PR","WS","SM","ST","SN","SC","SL","SB","KN","LC","VC","SR","TL","TO","TT","TV","VU","AZ","BN","BI","KH","CM","TD","KM","GQ","SZ","GA","GN","KG","LA","MO","MR","MN","NP","RW","TG","UZ","ZW","BJ","MG","MU","MZ","AO","CI","DJ","ZM","CD","CG","IQ","LY","TJ","VE","ET","XK"],"disc_number":1,"duration_ms":178775,"explicit":false,"external_urls":{"spotify":"https://open.spotify.com/track/273PsBfvMreiD2TXyKOR06"},"href":"https://api.spotify.com/v1/tracks/4FnsLeh3vcYBVx5W1A6nya","id":"4FnsLeh3vcYBVx5W1A6nya","linked_from":{"external_urls":{"spotify":"https://open.spotify.com/track/273PsBfvMreiD2TXyKOR06"},"href":"https://api.spotify.com/v1/tracks/273PsBfvMreiD2TXyKOR06","id":"273PsBfvMreiD2TXyKOR06","type":"track","uri":"spotify:track:273PsBfvMreiD2TXyKOR06"},"name":"CÓDIGOS","preview_url":null,"track_number":9,"type":"track","uri":"spotify:track:4FnsLeh3vcYBVx5W1A6nya","is_local":false},{"artists":[{"external_urls":{"spotify":"https://open.spotify.com/artist/1SupJlEpv7RS2tPNRaHViT"},"href":"https://api.spotify.com/v1/artists/1SupJlEpv7RS2tPNRaHViT","id":"1SupJlEpv7RS2tPNRaHViT","name":"Nicky Jam","type":"artist","uri":"spotify:artist:1SupJlEpv7RS2tPNRaHViT"},{"external_urls":{"spotify":"https://open.spotify.com/artist/2LRoIwlKmHjgvigdNGBHNo"},"href":"https://api.spotify.com/v1/artists/2LRoIwlKmHjgvigdNGBHNo","id":"2LRoIwlKmHjgvigdNGBHNo","name":"Feid","type":"artist","uri":"spotify:artist:2LRoIwlKmHjgvigdNGBHNo"}],"available_markets":["AR","AU","AT","BE","BO","BR","BG","CA","CL","CR","CY","CZ","DK","DO","DE","EC","EE","SV","FI","FR","GR","GT","HN","HK","HU","IS","IE","IT","LV","LT","LU","MY","MT","MX","NL","NZ","NI","NO","PA","PY","PE","PH","PL","PT","SG","SK","ES","SE","CH","TW","TR","UY","US","GB","AD","LI","MC","ID","JP","TH","VN","RO","IL","ZA","SA","AE","BH","QA","OM","KW","EG","MA","DZ","TN","LB","JO","PS","IN","BY","KZ","MD","UA","AL","BA","HR","ME","MK","RS","SI","KR","BD","PK","LK","GH","KE","NG","TZ","UG","AG","AM","BS","BB","BZ","BT","BW","BF","CV","CW","DM","FJ","GM","GE","GD","GW","GY","HT","JM","KI","LS","LR","MW","MV","ML","MH","FM","NA","NR","NE","PW","PG","PR","WS","SM","ST","SN","SC","SL","SB","KN","LC","VC","SR","TL","TO","TT","TV","VU","AZ","BN","BI","KH","CM","TD","KM","GQ","SZ","GA","GN","KG","LA","MO","MR","MN","NP","RW","TG","UZ","ZW","BJ","MG","MU","MZ","AO","CI","DJ","ZM","CD","CG","IQ","LY","TJ","VE","ET","XK"],"disc_number":1,"duration_ms":221935,"explicit":true,"external_urls":{"spotify":"https://open.spotify.com/track/722s6HA9byq7s6eEybrl6i"},"href":"https://api.spotify.com/v1/tracks/7tqoy8w8mtdApSX3nncVBU","id":"7tqoy8w8mtdApSX3nncVBU","linked_from":{"external_urls":{"spotify":"https://open.spotify.com/track/722s6HA9byq7s6eEybrl6i"},"href":"https://api.spotify.com/v1/tracks/722s6HA9byq7s6eEybrl6i","id":"722s6HA9byq7s6eEybrl6i","type":"track","uri":"spotify:track:722s6HA9byq7s6eEybrl6i"},"name":"69","preview_url":null,"track_number":10,"type":"track","uri":"spotify:track:7tqoy8w8mtdApSX3nncVBU","is_local":false},{"artists":[{"external_urls":{"spotify":"https://open.spotify.com/artist/1SupJlEpv7RS2tPNRaHViT"},"href":"https://api.spotify.com/v1/artists/1SupJlEpv7RS2tPNRaHViT","id":"1SupJlEpv7RS2tPNRaHViT","name":"Nicky Jam","type":"artist","uri":"spotify:artist:1SupJlEpv7RS2tPNRaHViT"},{"external_urls":{"spotify":"https://open.spotify.com/artist/4Ws2otunReOa6BbwxxpCt6"},"href":"https://api.spotify.com/v1/artists/4Ws2otunReOa6BbwxxpCt6","id":"4Ws2otunReOa6BbwxxpCt6","name":"Benny Benassi","type":"artist","uri":"spotify:artist:4Ws2otunReOa6BbwxxpCt6"},{"external_urls":{"spotify":"https://open.spotify.com/artist/3l0fMxw3kEBVB79YEC1pEk"},"href":"https://api.spotify.com/v1/artists/3l0fMxw3kEBVB79YEC1pEk","id":"3l0fMxw3kEBVB79YEC1pEk","name":"Kaeme","type":"artist","uri":"spotify:artist:3l0fMxw3kEBVB79YEC1pEk"}],"available_markets":["AR","AU","AT","BE","BO","BR","BG","CA","CL","CR","CY","CZ","DK","DO","DE","EC","EE","SV","FI","FR","GR","GT","HN","HK","HU","IS","IE","IT","LV","LT","LU","MY","MT","MX","NL","NZ","NI","NO","PA","PY","PE","PH","PL","PT","SG","SK","ES","SE","CH","TW","TR","UY","US","GB","AD","LI","MC","ID","JP","TH","VN","RO","IL","ZA","SA","AE","BH","QA","OM","KW","EG","MA","DZ","TN","LB","JO","PS","IN","BY","KZ","MD","UA","AL","BA","HR","ME","MK","RS","SI","KR","BD","PK","LK","GH","KE","NG","TZ","UG","AG","AM","BS","BB","BZ","BT","BW","BF","CV","CW","DM","FJ","GM","GE","GD","GW","GY","HT","JM","KI","LS","LR","MW","MV","ML","MH","FM","NA","NR","NE","PW","PG","PR","WS","SM","ST","SN","SC","SL","SB","KN","LC","VC","SR","TL","TO","TT","TV","VU","AZ","BN","BI","KH","CM","TD","KM","GQ","SZ","GA","GN","KG","LA","MO","MR","MN","NP","RW","TG","UZ","ZW","BJ","MG","MU","MZ","AO","CI","DJ","ZM","CD","CG","IQ","LY","TJ","VE","ET","XK"],"disc_number":1,"duration_ms":151384,"explicit":false,"external_urls":{"spotify":"https://open.spotify.com/track/3hsXte1AgCtJssZEcspoYy"},"href":"https://api.spotify.com/v1/tracks/6iMSDICcK72SGqwy0maMhC","id":"6iMSDICcK72SGqwy0maMhC","linked_from":{"external_urls":{"spotify":"https://open.spotify.com/track/3hsXte1AgCtJssZEcspoYy"},"href":"https://api.spotify.com/v1/tracks/3hsXte1AgCtJssZEcspoYy","id":"3hsXte1AgCtJssZEcspoYy","type":"track","uri":"spotify:track:3hsXte1AgCtJssZEcspoYy"},"name":"BRAND NEW","preview_url":null,"track_number":11,"type":"track","uri":"spotify:track:6iMSDICcK72SGqwy0maMhC","is_local":false},{"artists":[{"external_urls":{"spotify":"https://open.spotify.com/artist/1SupJlEpv7RS2tPNRaHViT"},"href":"https://api.spotify.com/v1/artists/1SupJlEpv7RS2tPNRaHViT","id":"1SupJlEpv7RS2tPNRaHViT","name":"Nicky Jam","type":"artist","uri":"spotify:artist:1SupJlEpv7RS2tPNRaHViT"},{"external_urls":{"spotify":"https://open.spotify.com/artist/2x7PC78TmgqpEIjaGAZ0Oz"},"href":"https://api.spotify.com/v1/artists/2x7PC78TmgqpEIjaGAZ0Oz","id":"2x7PC78TmgqpEIjaGAZ0Oz","name":"Trueno","type":"artist","uri":"spotify:artist:2x7PC78TmgqpEIjaGAZ0Oz"}],"available_markets":["AR","AU","AT","BE","BO","BR","BG","CA","CL","CR","CY","CZ","DK","DO","DE","EC","EE","SV","FI","FR","GR","GT","HN","HK","HU","IS","IE","IT","LV","LT","LU","MY","MT","MX","NL","NZ","NI","NO","PA","PY","PE","PH","PL","PT","SG","SK","ES","SE","CH","TW","TR","UY","US","GB","AD","LI","MC","ID","JP","TH","VN","RO","IL","ZA","SA","AE","BH","QA","OM","KW","EG","MA","DZ","TN","LB","JO","PS","IN","BY","KZ","MD","UA","AL","BA","HR","ME","MK","RS","SI","KR","BD","PK","LK","GH","KE","NG","TZ","UG","AG","AM","BS","BB","BZ","BT","BW","BF","CV","CW","DM","FJ","GM","GE","GD","GW","GY","HT","JM","KI","LS","LR","MW","MV","ML","MH","FM","NA","NR","NE","PW","PG","PR","WS","SM","ST","SN","SC","SL","SB","KN","LC","VC","SR","TL","TO","TT","TV","VU","AZ","BN","BI","KH","CM","TD","KM","GQ","SZ","GA","GN","KG","LA","MO","MR","MN","NP","RW","TG","UZ","ZW","BJ","MG","MU","MZ","AO","CI","DJ","ZM","CD","CG","IQ","LY","TJ","VE","ET","XK"],"disc_number":1,"duration_ms":189278,"explicit":false,"external_urls":{"spotify":"https://open.spotify.com/track/1d6XWGYPPv7nPCi3sWkxWT"},"href":"https://api.spotify.com/v1/tracks/4OVG1JPpp4iC0b1KvG8GkG","id":"4OVG1JPpp4iC0b1KvG8GkG","linked_from":{"external_urls":{"spotify":"https://open.spotify.com/track/1d6XWGYPPv7nPCi3sWkxWT"},"href":"https://api.spotify.com/v1/tracks/1d6XWGYPPv7nPCi3sWkxWT","id":"1d6XWGYPPv7nPCi3sWkxWT","type":"track","uri":"spotify:track:1d6XWGYPPv7nPCi3sWkxWT"},"name":"CANGRINAJE","preview_url":null,"track_number":12,"type":"track","uri":"spotify:track:4OVG1JPpp4iC0b1KvG8GkG","is_local":false},{"artists":[{"external_urls":{"spotify":"https://open.spotify.com/artist/1SupJlEpv7RS2tPNRaHViT"},"href":"https://api.spotify.com/v1/artists/1SupJlEpv7RS2tPNRaHViT","id":"1SupJlEpv7RS2tPNRaHViT","name":"Nicky Jam","type":"artist","uri":"spotify:artist:1SupJlEpv7RS2tPNRaHViT"}],"available_markets":["AR","AU","AT","BE","BO","BR","BG","CA","CL","CR","CY","CZ","DK","DO","DE","EC","EE","SV","FI","FR","GR","GT","HN","HK","HU","IS","IE","IT","LV","LT","LU","MY","MT","MX","NL","NZ","NI","NO","PA","PY","PE","PH","PL","PT","SG","SK","ES","SE","CH","TW","TR","UY","US","GB","AD","LI","MC","ID","JP","TH","VN","RO","IL","ZA","SA","AE","BH","QA","OM","KW","EG","MA","DZ","TN","LB","JO","PS","IN","BY","KZ","MD","UA","AL","BA","HR","ME","MK","RS","SI","KR","BD","PK","LK","GH","KE","NG","TZ","UG","AG","AM","BS","BB","BZ","BT","BW","BF","CV","CW","DM","FJ","GM","GE","GD","GW","GY","HT","JM","KI","LS","LR","MW","MV","ML","MH","FM","NA","NR","NE","PW","PG","PR","WS","SM","ST","SN","SC","SL","SB","KN","LC","VC","SR","TL","TO","TT","TV","VU","AZ","BN","BI","KH","CM","TD","KM","GQ","SZ","GA","GN","KG","LA","MO","MR","MN","NP","RW","TG","UZ","ZW","BJ","MG","MU","MZ","AO","CI","DJ","ZM","CD","CG","IQ","LY","TJ","VE","ET","XK"],"disc_number":1,"duration_ms":166292,"explicit":false,"external_urls":{"spotify":"https://open.spotify.com/track/64y7606OQWxKysceRlkNxI"},"href":"https://api.spotify.com/v1/tracks/2gbCHA6tNDgOYnndkVy0DJ","id":"2gbCHA6tNDgOYnndkVy0DJ","linked_from":{"external_urls":{"spotify":"https://open.spotify.com/track/64y7606OQWxKysceRlkNxI"},"href":"https://api.spotify.com/v1/tracks/64y7606OQWxKysceRlkNxI","id":"64y7606OQWxKysceRlkNxI","type":"track","uri":"spotify:track:64y7606OQWxKysceRlkNxI"},"name":"QUE ME HICISTE","preview_url":null,"track_number":13,"type":"track","uri":"spotify:track:2gbCHA6tNDgOYnndkVy0DJ","is_local":false},{"artists":[{"external_urls":{"spotify":"https://open.spotify.com/artist/1SupJlEpv7RS2tPNRaHViT"},"href":"https://api.spotify.com/v1/artists/1SupJlEpv7RS2tPNRaHViT","id":"1SupJlEpv7RS2tPNRaHViT","name":"Nicky Jam","type":"artist","uri":"spotify:artist:1SupJlEpv7RS2tPNRaHViT"}],"available_markets":["AR","AU","AT","BE","BO","BR","BG","CA","CL","CR","CY","CZ","DK","DO","DE","EC","EE","SV","FI","FR","GR","GT","HN","HK","HU","IS","IE","IT","LV","LT","LU","MY","MT","MX","NL","NZ","NI","NO","PA","PY","PE","PH","PL","PT","SG","SK","ES","SE","CH","TW","TR","UY","US","GB","AD","LI","MC","ID","JP","TH","VN","RO","IL","ZA","SA","AE","BH","QA","OM","KW","EG","MA","DZ","TN","LB","JO","PS","IN","BY","KZ","MD","UA","AL","BA","HR","ME","MK","RS","SI","KR","BD","PK","LK","GH","KE","NG","TZ","UG","AG","AM","BS","BB","BZ","BT","BW","BF","CV","CW","DM","FJ","GM","GE","GD","GW","GY","HT","JM","KI","LS","LR","MW","MV","ML","MH","FM","NA","NR","NE","PW","PG","PR","WS","SM","ST","SN","SC","SL","SB","KN","LC","VC","SR","TL","TO","TT","TV","VU","AZ","BN","BI","KH","CM","TD","KM","GQ","SZ","GA","GN","KG","LA","MO","MR","MN","NP","RW","TG","UZ","ZW","BJ","MG","MU","MZ","AO","CI","DJ","ZM","CD","CG","IQ","LY","TJ","VE","ET","XK"],"disc_number":1,"duration_ms":175263,"explicit":false,"external_urls":{"spotify":"https://open.spotify.com/track/4jPh0MroN27UvINLG7Cs2D"},"href":"https://api.spotify.com/v1/tracks/6XuT9aJx7LcXv5nGww00EV","id":"6XuT9aJx7LcXv5nGww00EV","linked_from":{"external_urls":{"spotify":"https://open.spotify.com/track/4jPh0MroN27UvINLG7Cs2D"},"href":"https://api.spotify.com/v1/tracks/4jPh0MroN27UvINLG7Cs2D","id":"4jPh0MroN27UvINLG7Cs2D","type":"track","uri":"spotify:track:4jPh0MroN27UvINLG7Cs2D"},"name":"INSOMNIO - Soul version","preview_url":null,"track_number":14,"type":"track","uri":"spotify:track:6XuT9aJx7LcXv5nGww00EV","is_local":false}]},"copyrights":[{"text":"(P) 2024 Sony Music Entertainment US Latin LLC","type":"P"}],"external_ids":{"upc":"196872310269"},"genres":[],"label":"Sony Music Latin","popularity":61},{"album_type":"album","total_tracks":29,"available_markets":["AR","AU","AT","BE","BO","BR","BG","CA","CL","CO","CR","CY","CZ","DK","DO","DE","EC","EE","SV","FI","FR","GR","GT","HN","HK","HU","IS","IE","IT","LV","LT","LU","MY","MT","MX","NL","NZ","NI","NO","PA","PY","PE","PH","PL","PT","SG","SK","ES","SE","CH","TW","TR","UY","US","GB","AD","LI","MC","ID","JP","TH","VN","RO","IL","ZA","SA","AE","BH","QA","OM","KW","EG","MA","DZ","TN","LB","JO","PS","IN","KZ","MD","UA","AL","BA","HR","ME","MK","RS","SI","KR","BD","PK","LK","GH","KE","NG","TZ","UG","AG","AM","BS","BB","BZ","BT","BW","BF","CV","CW","DM","FJ","GM","GE","GD","GW","GY","HT","JM","KI","LS","LR","MW","MV","ML","MH","FM","NA","NR","NE","PW","PG","WS","SM","ST","SN","SC","SL","SB","KN","LC","VC","SR","TL","TO","TT","TV","VU","AZ","BN","BI","KH","CM","TD","KM","GQ","SZ","GA","GN","KG","LA","MO","MR","MN","NP","RW","TG","UZ","ZW","BJ","MG","MU","MZ","AO","CI","DJ","ZM","CD","CG","IQ","LY","TJ","VE","ET","XK"],"external_urls":{"spotify":"https://open.spotify.com/album/67JIMv9vCB2ukBdEbtUmUG"},"href":"https://api.spotify.com/v1/albums/67JIMv9vCB2ukBdEbtUmUG","id":"67JIMv9vCB2ukBdEbtUmUG","images":[{"url":"https://i.scdn.co/image/ab67616d0000b273ed133ea8f343f0f451346a44","height":640,"width":640},{"url":"https://i.scdn.co/image/ab67616d00001e02ed133ea8f343f0f451346a44","height":300,"width":300},{"url":"https://i.scdn.co/image/ab67616d00004851ed133ea8f343f0f451346a44","height":64,"width":64}],"name":"Le Clique: Vida Rockstar (X)","release_date":"2024-09-06","release_date_precision":"day","type":"album","uri":"spotify:album:67JIMv9vCB2ukBdEbtUmUG","artists":[{"external_urls":{"spotify":"https://open.spotify.com/artist/6nVcHLIgY5pE2YCl8ubca1"},"href":"https://api.spotify.com/v1/artists/6nVcHLIgY5pE2YCl8ubca1","id":"6nVcHLIgY5pE2YCl8ubca1","name":"JHAYCO","type":"artist","uri":"spotify:artist:6nVcHLIgY5pE2YCl8ubca1"}],"tracks":{"href":"https://api.spotify.com/v1/albums/67JIMv9vCB2ukBdEbtUmUG/tracks?offset=0&limit=50","limit":50,"next":null,"offset":0,"previous":null,"total":29,"items":[{"artists":[{"external_urls":{"spotify":"https://open.spotify.com/artist/6nVcHLIgY5pE2YCl8ubca1"},"href":"https://api.spotify.com/v1/artists/6nVcHLIgY5pE2YCl8ubca1","id":"6nVcHLIgY5pE2YCl8ubca1","name":"JHAYCO","type":"artist","uri":"spotify:artist:6nVcHLIgY5pE2YCl8ubca1"}],"available_markets":["AR","AU","AT","BE","BO","BR","BG","CA","CL","CO","CR","CY","CZ","DK","DO","DE","EC","EE","SV","FI","FR","GR","GT","HN","HK","HU","IS","IE","IT","LV","LT","LU","MY","MT","MX","NL","NZ","NI","NO","PA","PY","PE","PH","PL","PT","SG","SK","ES","SE","CH","TW","TR","UY","US","GB","AD","LI","MC","ID","JP","TH","VN","RO","IL","ZA","SA","AE","BH","QA","OM","KW","EG","MA","DZ","TN","LB","JO","PS","IN","KZ","MD","UA","AL","BA","HR","ME","MK","RS","SI","KR","BD","PK","LK","GH","KE","NG","TZ","UG","AG","AM","BS","BB","BZ","BT","BW","BF","CV","CW","DM","FJ","GM","GE","GD","GW","GY","HT","JM","KI","LS","LR","MW","MV","ML","MH","FM","NA","NR","NE","PW","PG","WS","SM","ST","SN","SC","SL","SB","KN","LC","VC","SR","TL","TO","TT","TV","VU","AZ","BN","BI","KH","CM","TD","KM","GQ","SZ","GA","GN","KG","LA","MO","MR","MN","NP","RW","TG","UZ","ZW","BJ","MG","MU","MZ","AO","CI","DJ","ZM","CD","CG","IQ","LY","TJ","VE","ET","XK"],"disc_number":1,"duration_ms":206373,"explicit":false,"external_urls":{"spotify":"https://open.spotify.com/track/3HJdVteZQwALBdlr0VFlBZ"},"href":"https://api.spotify.com/v1/tracks/3HJdVteZQwALBdlr0VFlBZ","id":"3HJdVteZQwALBdlr0VFlBZ","name":"Vida Rockstar","preview_url":null,"track_number":1,"type":"track","uri":"spotify:track:3HJdVteZQwALBdlr0VFlBZ","is_local":false},{"artists":[{"external_urls":{"spotify":"https://open.spotify.com/artist/6nVcHLIgY5pE2YCl8ubca1"},"href":"https://api.spotify.com/v1/artists/6nVcHLIgY5pE2YCl8ubca1","id":"6nVcHLIgY5pE2YCl8ubca1","name":"JHAYCO","type":"artist","uri":"spotify:artist:6nVcHLIgY5pE2YCl8ubca1"}],"available_markets":["AR","AU","AT","BE","BO","BR","BG","CA","CL","CO","CR","CY","CZ","DK","DO","DE","EC","EE","SV","FI","FR","GR","GT","HN","HK","HU","IS","IE","IT","LV","LT","LU","MY","MT","MX","NL","NZ","NI","NO","PA","PY","PE","PH","PL","PT","SG","SK","ES","SE","CH","TW","TR","UY","US","GB","AD","LI","MC","ID","JP","TH","VN","RO","IL","ZA","SA","AE","BH","QA","OM","KW","EG","MA","DZ","TN","LB","JO","PS","IN","KZ","MD","UA","AL","BA","HR","ME","MK","RS","SI","KR","BD","PK","LK","GH","KE","NG","TZ","UG","AG","AM","BS","BB","BZ","BT","BW","BF","CV","CW","DM","FJ","GM","GE","GD","GW","GY","HT","JM","KI","LS","LR","MW","MV","ML","MH","FM","NA","NR","NE","PW","PG","WS","SM","ST","SN","SC","SL","SB","KN","LC","VC","SR","TL","TO","TT","TV","VU","AZ","BN","BI","KH","CM","TD","KM","GQ","SZ","GA","GN","KG","LA","MO","MR","MN","NP","RW","TG","UZ","ZW","BJ","MG","MU","MZ","AO","CI","DJ","ZM","CD","CG","IQ","LY","TJ","VE","ET","XK"],"disc_number":1,"duration_ms":223280,"explicit":false,"external_urls":{"spotify":"https://open.spotify.com/track/15RIC19jTLR5SYYsdDhXmV"},"href":"https://api.spotify.com/v1/tracks/15RIC19jTLR5SYYsdDhXmV","id":"15RIC19jTLR5SYYsdDhXmV","name":"Grecia","preview_url":null,"track_number":2,"type":"track","uri":"spotify:track:15RIC19jTLR5SYYsdDhXmV","is_local":false},{"artists":[{"external_urls":{"spotify":"https://open.spotify.com/artist/6nVcHLIgY5pE2YCl8ubca1"},"href":"https://api.spotify.com/v1/artists/6nVcHLIgY5pE2YCl8ubca1","id":"6nVcHLIgY5pE2YCl8ubca1","name":"JHAYCO","type":"artist","uri":"spotify:artist:6nVcHLIgY5pE2YCl8ubca1"},{"external_urls":{"spotify":"https://open.spotify.com/artist/0eHQ9o50hj6ZDNBt6Ys1sD"},"href":"https://api.spotify.com/v1/artists/0eHQ9o50hj6ZDNBt6Ys1sD","id":"0eHQ9o50hj6ZDNBt6Ys1sD","name":"Yandel","type":"artist","uri":"spotify:artist:0eHQ9o50hj6ZDNBt6Ys1sD"},{"external_urls":{"spotify":"https://open.spotify.com/artist/77iZVjeYoYSl5P0K9mIiUE"},"href":"https://api.spotify.com/v1/artists/77iZVjeYoYSl5P0K9mIiUE","id":"77iZVjeYoYSl5P0K9mIiUE","name":"Haze","type":"artist","uri":"spotify:artist:77iZVjeYoYSl5P0K9mIiUE"}],"available_markets":["AR","AU","AT","BE","BO","BR","BG","CA","CL","CO","CR","CY","CZ","DK","DO","DE","EC","EE","SV","FI","FR","GR","GT","HN","HK","HU","IS","IE","IT","LV","LT","LU","MY","MT","MX","NL","NZ","NI","NO","PA","PY","PE","PH","PL","PT","SG","SK","ES","SE","CH","TW","TR","UY","US","GB","AD","LI","MC","ID","JP","TH","VN","RO","IL","ZA","SA","AE","BH","QA","OM","KW","EG","MA","DZ","TN","LB","JO","PS","IN","KZ","MD","UA","AL","BA","HR","ME","MK","RS","SI","KR","BD","PK","LK","GH","KE","NG","TZ","UG","AG","AM","BS","BB","BZ","BT","BW","BF","CV","CW","DM","FJ","GM","GE","GD","GW","GY","HT","JM","KI","LS","LR","MW","MV","ML","MH","FM","NA","NR","NE","PW","PG","WS","SM","ST","SN","SC","SL","SB","KN","LC","VC","SR","TL","TO","TT","TV","VU","AZ","BN","BI","KH","CM","TD","KM","GQ","SZ","GA","GN","KG","LA","MO","MR","MN","NP","RW","TG","UZ","ZW","BJ","MG","MU","MZ","AO","CI","DJ","ZM","CD","CG","IQ","LY","TJ","VE","ET","XK"],"disc_number":1,"duration_ms":254493,"explicit":false,"external_urls":{"spotify":"https://open.spotify.com/track/1lPWHfrvpun8ZnxrWp3HH8"},"href":"https://api.spotify.com/v1/tracks/1lPWHfrvpun8ZnxrWp3HH8","id":"1lPWHfrvpun8ZnxrWp3HH8","name":"Porsche Carrera","preview_url":null,"track_number":3,"type":"track","uri":"spotify:track:1lPWHfrvpun8ZnxrWp3HH8","is_local":false},{"artists":[{"external_urls":{"spotify":"https://open.spotify.com/artist/6nVcHLIgY5pE2YCl8ubca1"},"href":"https://api.spotify.com/v1/artists/6nVcHLIgY5pE2YCl8ubca1","id":"6nVcHLIgY5pE2YCl8ubca1","name":"JHAYCO","type":"artist","uri":"spotify:artist:6nVcHLIgY5pE2YCl8ubca1"}],"available_markets":["AR","AU","AT","BE","BO","BR","BG","CA","CL","CO","CR","CY","CZ","DK","DO","DE","EC","EE","SV","FI","FR","GR","GT","HN","HK","HU","IS","IE","IT","LV","LT","LU","MY","MT","MX","NL","NZ","NI","NO","PA","PY","PE","PH","PL","PT","SG","SK","ES","SE","CH","TW","TR","UY","US","GB","AD","LI","MC","ID","JP","TH","VN","RO","IL","ZA","SA","AE","BH","QA","OM","KW","EG","MA","DZ","TN","LB","JO","PS","IN","KZ","MD","UA","AL","BA","HR","ME","MK","RS","SI","KR","BD","PK","LK","GH","KE","NG","TZ","UG","AG","AM","BS","BB","BZ","BT","BW","BF","CV","CW","DM","FJ","GM","GE","GD","GW","GY","HT","JM","KI","LS","LR","MW","MV","ML","MH","FM","NA","NR","NE","PW","PG","WS","SM","ST","SN","SC","SL","SB","KN","LC","VC","SR","TL","TO","TT","TV","VU","AZ","BN","BI","KH","CM","TD","KM","GQ","SZ","GA","GN","KG","LA","MO","MR","MN","NP","RW","TG","UZ","ZW","BJ","MG","MU","MZ","AO","CI","DJ","ZM","CD","CG","IQ","LY","TJ","VE","ET","XK"],"disc_number":1,"duration_ms":197293,"explicit":false,"external_urls":{"spotify":"https://open.spotify.com/track/5ybD01G3GUGNbEfMVedaMu"},"href":"https://api.spotify.com/v1/tracks/5ybD01G3GUGNbEfMVedaMu","id":"5ybD01G3GUGNbEfMVedaMu","name":"Natural","preview_url":null,"track_number":4,"type":"track","uri":"spotify:track:5ybD01G3GUGNbEfMVedaMu","is_local":false},{"artists":[{"external_urls":{"spotify":"https://open.spotify.com/artist/6nVcHLIgY5pE2YCl8ubca1"},"href":"https://api.spotify.com/v1/artists/6nVcHLIgY5pE2YCl8ubca1","id":"6nVcHLIgY5pE2YCl8ubca1","name":"JHAYCO","type":"artist","uri":"spotify:artist:6nVcHLIgY5pE2YCl8ubca1"}],"available_markets":["AR","AU","AT","BE","BO","BR","BG","CA","CL","CO","CR","CY","CZ","DK","DO","DE","EC","EE","SV","FI","FR","GR","GT","HN","HK","HU","IS","IE","IT","LV","LT","LU","MY","MT","MX","NL","NZ","NI","NO","PA","PY","PE","PH","PL","PT","SG","SK","ES","SE","CH","TW","TR","UY","US","GB","AD","LI","MC","ID","JP","TH","VN","RO","IL","ZA","SA","AE","BH","QA","OM","KW","EG","MA","DZ","TN","LB","JO","PS","IN","KZ","MD","UA","AL","BA","HR","ME","MK","RS","SI","KR","BD","PK","LK","GH","KE","NG","TZ","UG","AG","AM","BS","BB","BZ","BT","BW","BF","CV","CW","DM","FJ","GM","GE","GD","GW","GY","HT","JM","KI","LS","LR","MW","MV","ML","MH","FM","NA","NR","NE","PW","PG","WS","SM","ST","SN","SC","SL","SB","KN","LC","VC","SR","TL","TO","TT","TV","VU","AZ","BN","BI","KH","CM","TD","KM","GQ","SZ","GA","GN","KG","LA","MO","MR","MN","NP","RW","TG","UZ","ZW","BJ","MG","MU","MZ","AO","CI","DJ","ZM","CD","CG","IQ","LY","TJ","VE","ET","XK"],"disc_number":1,"duration_ms":350386,"explicit":false,"external_urls":{"spotify":"https://open.spotify.com/track/7IoQOKlPETKQBrw5FVTCDf"},"href":"https://api.spotify.com/v1/tracks/7IoQOKlPETKQBrw5FVTCDf","id":"7IoQOKlPETKQBrw5FVTCDf","name":"En La Bentley","preview_url":null,"track_number":5,"type":"track","uri":"spotify:track:7IoQOKlPETKQBrw5FVTCDf","is_local":false},{"artists":[{"external_urls":{"spotify":"https://open.spotify.com/artist/6nVcHLIgY5pE2YCl8ubca1"},"href":"https://api.spotify.com/v1/artists/6nVcHLIgY5pE2YCl8ubca1","id":"6nVcHLIgY5pE2YCl8ubca1","name":"JHAYCO","type":"artist","uri":"spotify:artist:6nVcHLIgY5pE2YCl8ubca1"},{"external_urls":{"spotify":"https://open.spotify.com/artist/3UTF2no3muGdiFXVujl94i"},"href":"https://api.spotify.com/v1/artists/3UTF2no3muGdiFXVujl94i","id":"3UTF2no3muGdiFXVujl94i","name":"Kapo","type":"artist","uri":"spotify:artist:3UTF2no3muGdiFXVujl94i"}],"available_markets":["AR","AU","AT","BE","BO","BR","BG","CA","CL","CO","CR","CY","CZ","DK","DO","DE","EC","EE","SV","FI","FR","GR","GT","HN","HK","HU","IS","IE","IT","LV","LT","LU","MY","MT","MX","NL","NZ","NI","NO","PA","PY","PE","PH","PL","PT","SG","SK","ES","SE","CH","TW","TR","UY","US","GB","AD","LI","MC","ID","JP","TH","VN","RO","IL","ZA","SA","AE","BH","QA","OM","KW","EG","MA","DZ","TN","LB","JO","PS","IN","KZ","MD","UA","AL","BA","HR","ME","MK","RS","SI","KR","BD","PK","LK","GH","KE","NG","TZ","UG","AG","AM","BS","BB","BZ","BT","BW","BF","CV","CW","DM","FJ","GM","GE","GD","GW","GY","HT","JM","KI","LS","LR","MW","MV","ML","MH","FM","NA","NR","NE","PW","PG","WS","SM","ST","SN","SC","SL","SB","KN","LC","VC","SR","TL","TO","TT","TV","VU","AZ","BN","BI","KH","CM","TD","KM","GQ","SZ","GA","GN","KG","LA","MO","MR","MN","NP","RW","TG","UZ","ZW","BJ","MG","MU","MZ","AO","CI","DJ","ZM","CD","CG","IQ","LY","TJ","VE","ET","XK"],"disc_number":1,"duration_ms":309280,"explicit":false,"external_urls":{"spotify":"https://open.spotify.com/track/0WdPVwDY2QU9941QsRJXhZ"},"href":"https://api.spotify.com/v1/tracks/0WdPVwDY2QU9941QsRJXhZ","id":"0WdPVwDY2QU9941QsRJXhZ","name":"Passoa","preview_url":null,"track_number":6,"type":"track","uri":"spotify:track:0WdPVwDY2QU9941QsRJXhZ","is_local":false},{"artists":[{"external_urls":{"spotify":"https://open.spotify.com/artist/6nVcHLIgY5pE2YCl8ubca1"},"href":"https://api.spotify.com/v1/artists/6nVcHLIgY5pE2YCl8ubca1","id":"6nVcHLIgY5pE2YCl8ubca1","name":"JHAYCO","type":"artist","uri":"spotify:artist:6nVcHLIgY5pE2YCl8ubca1"}],"available_markets":["AR","AU","AT","BE","BO","BR","BG","CA","CL","CO","CR","CY","CZ","DK","DO","DE","EC","EE","SV","FI","FR","GR","GT","HN","HK","HU","IS","IE","IT","LV","LT","LU","MY","MT","MX","NL","NZ","NI","NO","PA","PY","PE","PH","PL","PT","SG","SK","ES","SE","CH","TW","TR","UY","US","GB","AD","LI","MC","ID","JP","TH","VN","RO","IL","ZA","SA","AE","BH","QA","OM","KW","EG","MA","DZ","TN","LB","JO","PS","IN","KZ","MD","UA","AL","BA","HR","ME","MK","RS","SI","KR","BD","PK","LK","GH","KE","NG","TZ","UG","AG","AM","BS","BB","BZ","BT","BW","BF","CV","CW","DM","FJ","GM","GE","GD","GW","GY","HT","JM","KI","LS","LR","MW","MV","ML","MH","FM","NA","NR","NE","PW","PG","WS","SM","ST","SN","SC","SL","SB","KN","LC","VC","SR","TL","TO","TT","TV","VU","AZ","BN","BI","KH","CM","TD","KM","GQ","SZ","GA","GN","KG","LA","MO","MR","MN","NP","RW","TG","UZ","ZW","BJ","MG","MU","MZ","AO","CI","DJ","ZM","CD","CG","IQ","LY","TJ","VE","ET","XK"],"disc_number":1,"duration_ms":159840,"explicit":false,"external_urls":{"spotify":"https://open.spotify.com/track/2ie9YESdAeRNyoeiyefOqq"},"href":"https://api.spotify.com/v1/tracks/2ie9YESdAeRNyoeiyefOqq","id":"2ie9YESdAeRNyoeiyefOqq","name":"El Final","preview_url":null,"track_number":7,"type":"track","uri":"spotify:track:2ie9YESdAeRNyoeiyefOqq","is_local":false},{"artists":[{"external_urls":{"spotify":"https://open.spotify.com/artist/6nVcHLIgY5pE2YCl8ubca1"},"href":"https://api.spotify.com/v1/artists/6nVcHLIgY5pE2YCl8ubca1","id":"6nVcHLIgY5pE2YCl8ubca1","name":"JHAYCO","type":"artist","uri":"spotify:artist:6nVcHLIgY5pE2YCl8ubca1"},{"external_urls":{"spotify":"https://open.spotify.com/artist/2YRyPiW98bpkARAS4B3OQP"},"href":"https://api.spotify.com/v1/artists/2YRyPiW98bpkARAS4B3OQP","id":"2YRyPiW98bpkARAS4B3OQP","name":"Dei V","type":"artist","uri":"spotify:artist:2YRyPiW98bpkARAS4B3OQP"}],"available_markets":["AR","AU","AT","BE","BO","BR","BG","CA","CL","CO","CR","CY","CZ","DK","DO","DE","EC","EE","SV","FI","FR","GR","GT","HN","HK","HU","IS","IE","IT","LV","LT","LU","MY","MT","MX","NL","NZ","NI","NO","PA","PY","PE","PH","PL","PT","SG","SK","ES","SE","CH","TW","TR","UY","US","GB","AD","LI","MC","ID","JP","TH","VN","RO","IL","ZA","SA","AE","BH","QA","OM","KW","EG","MA","DZ","TN","LB","JO","PS","IN","KZ","MD","UA","AL","BA","HR","ME","MK","RS","SI","KR","BD","PK","LK","GH","KE","NG","TZ","UG","AG","AM","BS","BB","BZ","BT","BW","BF","CV","CW","DM","FJ","GM","GE","GD","GW","GY","HT","JM","KI","LS","LR","MW","MV","ML","MH","FM","NA","NR","NE","PW","PG","WS","SM","ST","SN","SC","SL","SB","KN","LC","VC","SR","TL","TO","TT","TV","VU","AZ","BN","BI","KH","CM","TD","KM","GQ","SZ","GA","GN","KG","LA","MO","MR","MN","NP","RW","TG","UZ","ZW","BJ","MG","MU","MZ","AO","CI","DJ","ZM","CD","CG","IQ","LY","TJ","VE","ET","XK"],"disc_number":1,"duration_ms":287586,"explicit":false,"external_urls":{"spotify":"https://open.spotify.com/track/47hrwb3PwrrZOp9UqaZgcZ"},"href":"https://api.spotify.com/v1/tracks/47hrwb3PwrrZOp9UqaZgcZ","id":"47hrwb3PwrrZOp9UqaZgcZ","name":"58","preview_url":null,"track_number":8,"type":"track","uri":"spotify:track:47hrwb3PwrrZOp9UqaZgcZ","is_local":false},{"artists":[{"external_urls":{"spotify":"https://open.spotify.com/artist/6nVcHLIgY5pE2YCl8ubca1"},"href":"https://api.spotify.com/v1/artists/6nVcHLIgY5pE2YCl8ubca1","id":"6nVcHLIgY5pE2YCl8ubca1","name":"JHAYCO","type":"artist","uri":"spotify:artist:6nVcHLIgY5pE2YCl8ubca1"}],"available_markets":["AR","AU","AT","BE","BO","BR","BG","CA","CL","CO","CR","CY","CZ","DK","DO","DE","EC","EE","SV","FI","FR","GR","GT","HN","HK","HU","IS","IE","IT","LV","LT","LU","MY","MT","MX","NL","NZ","NI","NO","PA","PY","PE","PH","PL","PT","SG","SK","ES","SE","CH","TW","TR","UY","US","GB","AD","LI","MC","ID","JP","TH","VN","RO","IL","ZA","SA","AE","BH","QA","OM","KW","EG","MA","DZ","TN","LB","JO","PS","IN","KZ","MD","UA","AL","BA","HR","ME","MK","RS","SI","KR","BD","PK","LK","GH","KE","NG","TZ","UG","AG","AM","BS","BB","BZ","BT","BW","BF","CV","CW","DM","FJ","GM","GE","GD","GW","GY","HT","JM","KI","LS","LR","MW","MV","ML","MH","FM","NA","NR","NE","PW","PG","WS","SM","ST","SN","SC","SL","SB","KN","LC","VC","SR","TL","TO","TT","TV","VU","AZ","BN","BI","KH","CM","TD","KM","GQ","SZ","GA","GN","KG","LA","MO","MR","MN","NP","RW","TG","UZ","ZW","BJ","MG","MU","MZ","AO","CI","DJ","ZM","CD","CG","IQ","LY","TJ","VE","ET","XK"],"disc_number":1,"duration_ms":219813,"explicit":false,"external_urls":{"spotify":"https://open.spotify.com/track/5Z1Abny9zUANVl2O2NOvzt"},"href":"https://api.spotify.com/v1/tracks/5Z1Abny9zUANVl2O2NOvzt","id":"5Z1Abny9zUANVl2O2NOvzt","name":"100 Gramos","preview_url":null,"track_number":9,"type":"track","uri":"spotify:track:5Z1Abny9zUANVl2O2NOvzt","is_local":false},{"artists":[{"external_urls":{"spotify":"https://open.spotify.com/artist/6nVcHLIgY5pE2YCl8ubca1"},"href":"https://api.spotify.com/v1/artists/6nVcHLIgY5pE2YCl8ubca1","id":"6nVcHLIgY5pE2YCl8ubca1","name":"JHAYCO","type":"artist","uri":"spotify:artist:6nVcHLIgY5pE2YCl8ubca1"}],"available_markets":["AR","AU","AT","BE","BO","BR","BG","CA","CL","CO","CR","CY","CZ","DK","DO","DE","EC","EE","SV","FI","FR","GR","GT","HN","HK","HU","IS","IE","IT","LV","LT","LU","MY","MT","MX","NL","NZ","NI","NO","PA","PY","PE","PH","PL","PT","SG","SK","ES","SE","CH","TW","TR","UY","US","GB","AD","LI","MC","ID","JP","TH","VN","RO","IL","ZA","SA","AE","BH","QA","OM","KW","EG","MA","DZ","TN","LB","JO","PS","IN","KZ","MD","UA","AL","BA","HR","ME","MK","RS","SI","KR","BD","PK","LK","GH","KE","NG","TZ","UG","AG","AM","BS","BB","BZ","BT","BW","BF","CV","CW","DM","FJ","GM","GE","GD","GW","GY","HT","JM","KI","LS","LR","MW","MV","ML","MH","FM","NA","NR","NE","PW","PG","WS","SM","ST","SN","SC","SL","SB","KN","LC","VC","SR","TL","TO","TT","TV","VU","AZ","BN","BI","KH","CM","TD","KM","GQ","SZ","GA","GN","KG","LA","MO","MR","MN","NP","RW","TG","UZ","ZW","BJ","MG","MU","MZ","AO","CI","DJ","ZM","CD","CG","IQ","LY","TJ","VE","ET","XK"],"disc_number":1,"duration_ms":166053,"explicit":false,"external_urls":{"spotify":"https://open.spotify.com/track/3vqxapus26imChRaRh51T9"},"href":"https://api.spotify.com/v1/tracks/3vqxapus26imChRaRh51T9","id":"3vqxapus26imChRaRh51T9","name":"Habibi","preview_url":null,"track_number":10,"type":"track","uri":"spotify:track:3vqxapus26imChRaRh51T9","is_local":false},{"artists":[{"external_urls":{"spotify":"https://open.spotify.com/artist/6nVcHLIgY5pE2YCl8ubca1"},"href":"https://api.spotify.com/v1/artists/6nVcHLIgY5pE2YCl8ubca1","id":"6nVcHLIgY5pE2YCl8ubca1","name":"JHAYCO","type":"artist","uri":"spotify:artist:6nVcHLIgY5pE2YCl8ubca1"}],"available_markets":["AR","AU","AT","BE","BO","BR","BG","CA","CL","CO","CR","CY","CZ","DK","DO","DE","EC","EE","SV","FI","FR","GR","GT","HN","HK","HU","IS","IE","IT","LV","LT","LU","MY","MT","MX","NL","NZ","NI","NO","PA","PY","PE","PH","PL","PT","SG","SK","ES","SE","CH","TW","TR","UY","US","GB","AD","LI","MC","ID","JP","TH","VN","RO","IL","ZA","SA","AE","BH","QA","OM","KW","EG","MA","DZ","TN","LB","JO","PS","IN","KZ","MD","UA","AL","BA","HR","ME","MK","RS","SI","KR","BD","PK","LK","GH","KE","NG","TZ","UG","AG","AM","BS","BB","BZ","BT","BW","BF","CV","CW","DM","FJ","GM","GE","GD","GW","GY","HT","JM","KI","LS","LR","MW","MV","ML","MH","FM","NA","NR","NE","PW","PG","WS","SM","ST","SN","SC","SL","SB","KN","LC","VC","SR","TL","TO","TT","TV","VU","AZ","BN","BI","KH","CM","TD","KM","GQ","SZ","GA","GN","KG","LA","MO","MR","MN","NP","RW","TG","UZ","ZW","BJ","MG","MU","MZ","AO","CI","DJ","ZM","CD","CG","IQ","LY","TJ","VE","ET","XK"],"disc_number":1,"duration_ms":265320,"explicit":false,"external_urls":{"spotify":"https://open.spotify.com/track/6CoFGVlVpsVpWaUqK5xKTr"},"href":"https://api.spotify.com/v1/tracks/6CoFGVlVpsVpWaUqK5xKTr","id":"6CoFGVlVpsVpWaUqK5xKTr","name":"XX","preview_url":null,"track_number":11,"type":"track","uri":"spotify:track:6CoFGVlVpsVpWaUqK5xKTr","is_local":false},{"artists":[{"external_urls":{"spotify":"https://open.spotify.com/artist/6nVcHLIgY5pE2YCl8ubca1"},"href":"https://api.spotify.com/v1/artists/6nVcHLIgY5pE2YCl8ubca1","id":"6nVcHLIgY5pE2YCl8ubca1","name":"JHAYCO","type":"artist","uri":"spotify:artist:6nVcHLIgY5pE2YCl8ubca1"}],"available_markets":["AR","AU","AT","BE","BO","BR","BG","CA","CL","CO","CR","CY","CZ","DK","DO","DE","EC","EE","SV","FI","FR","GR","GT","HN","HK","HU","IS","IE","IT","LV","LT","LU","MY","MT","MX","NL","NZ","NI","NO","PA","PY","PE","PH","PL","PT","SG","SK","ES","SE","CH","TW","TR","UY","US","GB","AD","LI","MC","ID","JP","TH","VN","RO","IL","ZA","SA","AE","BH","QA","OM","KW","EG","MA","DZ","TN","LB","JO","PS","IN","KZ","MD","UA","AL","BA","HR","ME","MK","RS","SI","KR","BD","PK","LK","GH","KE","NG","TZ","UG","AG","AM","BS","BB","BZ","BT","BW","BF","CV","CW","DM","FJ","GM","GE","GD","GW","GY","HT","JM","KI","LS","LR","MW","MV","ML","MH","FM","NA","NR","NE","PW","PG","WS","SM","ST","SN","SC","SL","SB","KN","LC","VC","SR","TL","TO","TT","TV","VU","AZ","BN","BI","KH","CM","TD","KM","GQ","SZ","GA","GN","KG","LA","MO","MR","MN","NP","RW","TG","UZ","ZW","BJ","MG","MU","MZ","AO","CI","DJ","ZM","CD","CG","IQ","LY","TJ","VE","ET","XK"],"disc_number":1,"duration_ms":232293,"explicit":true,"external_urls":{"spotify":"https://open.spotify.com/track/0oqAJPtN8jqnf5qf94NiNM"},"href":"https://api.spotify.com/v1/tracks/0oqAJPtN8jqnf5qf94NiNM","id":"0oqAJPtN8jqnf5qf94NiNM","name":"Holanda","preview_url":null,"track_number":12,"type":"track","uri":"spotify:track:0oqAJPtN8jqnf5qf94NiNM","is_local":false},{"artists":[{"external_urls":{"spotify":"https://open.spotify.com/artist/6nVcHLIgY5pE2YCl8ubca1"},"href":"https://api.spotify.com/v1/artists/6nVcHLIgY5pE2YCl8ubca1","id":"6nVcHLIgY5pE2YCl8ubca1","name":"JHAYCO","type":"artist","uri":"spotify:artist:6nVcHLIgY5pE2YCl8ubca1"},{"external_urls":{"spotify":"https://open.spotify.com/artist/3E12tRURRvPfHz0hAMCFYc"},"href":"https://api.spotify.com/v1/artists/3E12tRURRvPfHz0hAMCFYc","id":"3E12tRURRvPfHz0hAMCFYc","name":"Omar Courtz","type":"artist","uri":"spotify:artist:3E12tRURRvPfHz0hAMCFYc"}],"available_markets":["AR","AU","AT","BE","BO","BR","BG","CA","CL","CO","CR","CY","CZ","DK","DO","DE","EC","EE","SV","FI","FR","GR","GT","HN","HK","HU","IS","IE","IT","LV","LT","LU","MY","MT","MX","NL","NZ","NI","NO","PA","PY","PE","PH","PL","PT","SG","SK","ES","SE","CH","TW","TR","UY","US","GB","AD","LI","MC","ID","JP","TH","VN","RO","IL","ZA","SA","AE","BH","QA","OM","KW","EG","MA","DZ","TN","LB","JO","PS","IN","KZ","MD","UA","AL","BA","HR","ME","MK","RS","SI","KR","BD","PK","LK","GH","KE","NG","TZ","UG","AG","AM","BS","BB","BZ","BT","BW","BF","CV","CW","DM","FJ","GM","GE","GD","GW","GY","HT","JM","KI","LS","LR","MW","MV","ML","MH","FM","NA","NR","NE","PW","PG","WS","SM","ST","SN","SC","SL","SB","KN","LC","VC","SR","TL","TO","TT","TV","VU","AZ","BN","BI","KH","CM","TD","KM","GQ","SZ","GA","GN","KG","LA","MO","MR","MN","NP","RW","TG","UZ","ZW","BJ","MG","MU","MZ","AO","CI","DJ","ZM","CD","CG","IQ","LY","TJ","VE","ET","XK"],"disc_number":1,"duration_ms":219560,"explicit":false,"external_urls":{"spotify":"https://open.spotify.com/track/3BV2Z14N57hXOohIoD6ZH3"},"href":"https://api.spotify.com/v1/tracks/3BV2Z14N57hXOohIoD6ZH3","id":"3BV2Z14N57hXOohIoD6ZH3","name":"Quimik","preview_url":null,"track_number":13,"type":"track","uri":"spotify:track:3BV2Z14N57hXOohIoD6ZH3","is_local":false},{"artists":[{"external_urls":{"spotify":"https://open.spotify.com/artist/6nVcHLIgY5pE2YCl8ubca1"},"href":"https://api.spotify.com/v1/artists/6nVcHLIgY5pE2YCl8ubca1","id":"6nVcHLIgY5pE2YCl8ubca1","name":"JHAYCO","type":"artist","uri":"spotify:artist:6nVcHLIgY5pE2YCl8ubca1"}],"available_markets":["AR","AU","AT","BE","BO","BR","BG","CA","CL","CO","CR","CY","CZ","DK","DO","DE","EC","EE","SV","FI","FR","GR","GT","HN","HK","HU","IS","IE","IT","LV","LT","LU","MY","MT","MX","NL","NZ","NI","NO","PA","PY","PE","PH","PL","PT","SG","SK","ES","SE","CH","TW","TR","UY","US","GB","AD","LI","MC","ID","JP","TH","VN","RO","IL","ZA","SA","AE","BH","QA","OM","KW","EG","MA","DZ","TN","LB","JO","PS","IN","KZ","MD","UA","AL","BA","HR","ME","MK","RS","SI","KR","BD","PK","LK","GH","KE","NG","TZ","UG","AG","AM","BS","BB","BZ","BT","BW","BF","CV","CW","DM","FJ","GM","GE","GD","GW","GY","HT","JM","KI","LS","LR","MW","MV","ML","MH","FM","NA","NR","NE","PW","PG","WS","SM","ST","SN","SC","SL","SB","KN","LC","VC","SR","TL","TO","TT","TV","VU","AZ","BN","BI","KH","CM","TD","KM","GQ","SZ","GA","GN","KG","LA","MO","MR","MN","NP","RW","TG","UZ","ZW","BJ","MG","MU","MZ","AO","CI","DJ","ZM","CD","CG","IQ","LY","TJ","VE","ET","XK"],"disc_number":1,"duration_ms":152986,"explicit":false,"external_urls":{"spotify":"https://open.spotify.com/track/6fmTUemzE4UFPAsWCOernn"},"href":"https://api.spotify.com/v1/tracks/6fmTUemzE4UFPAsWCOernn","id":"6fmTUemzE4UFPAsWCOernn","name":"0 Millas","preview_url":null,"track_number":14,"type":"track","uri":"spotify:track:6fmTUemzE4UFPAsWCOernn","is_local":false},{"artists":[{"external_urls":{"spotify":"https://open.spotify.com/artist/6nVcHLIgY5pE2YCl8ubca1"},"href":"https://api.spotify.com/v1/artists/6nVcHLIgY5pE2YCl8ubca1","id":"6nVcHLIgY5pE2YCl8ubca1","name":"JHAYCO","type":"artist","uri":"spotify:artist:6nVcHLIgY5pE2YCl8ubca1"},{"external_urls":{"spotify":"https://open.spotify.com/artist/0QHgL1lAIqAw0HtD7YldmP"},"href":"https://api.spotify.com/v1/artists/0QHgL1lAIqAw0HtD7YldmP","id":"0QHgL1lAIqAw0HtD7YldmP","name":"DJ Khaled","type":"artist","uri":"spotify:artist:0QHgL1lAIqAw0HtD7YldmP"},{"external_urls":{"spotify":"https://open.spotify.com/artist/4aSlfXDn9R60UlbZEboBUy"},"href":"https://api.spotify.com/v1/artists/4aSlfXDn9R60UlbZEboBUy","id":"4aSlfXDn9R60UlbZEboBUy","name":"YOVNGCHIMI","type":"artist","uri":"spotify:artist:4aSlfXDn9R60UlbZEboBUy"}],"available_markets":["AR","AU","AT","BE","BO","BR","BG","CA","CL","CO","CR","CY","CZ","DK","DO","DE","EC","EE","SV","FI","FR","GR","GT","HN","HK","HU","IS","IE","IT","LV","LT","LU","MY","MT","MX","NL","NZ","NI","NO","PA","PY","PE","PH","PL","PT","SG","SK","ES","SE","CH","TW","TR","UY","US","GB","AD","LI","MC","ID","JP","TH","VN","RO","IL","ZA","SA","AE","BH","QA","OM","KW","EG","MA","DZ","TN","LB","JO","PS","IN","KZ","MD","UA","AL","BA","HR","ME","MK","RS","SI","KR","BD","PK","LK","GH","KE","NG","TZ","UG","AG","AM","BS","BB","BZ","BT","BW","BF","CV","CW","DM","FJ","GM","GE","GD","GW","GY","HT","JM","KI","LS","LR","MW","MV","ML","MH","FM","NA","NR","NE","PW","PG","WS","SM","ST","SN","SC","SL","SB","KN","LC","VC","SR","TL","TO","TT","TV","VU","AZ","BN","BI","KH","CM","TD","KM","GQ","SZ","GA","GN","KG","LA","MO","MR","MN","NP","RW","TG","UZ","ZW","BJ","MG","MU","MZ","AO","CI","DJ","ZM","CD","CG","IQ","LY","TJ","VE","ET","XK"],"disc_number":2,"duration_ms":283800,"explicit":true,"external_urls":{"spotify":"https://open.spotify.com/track/4SMYrlflAeUMgxbuwxb0o0"},"href":"https://api.spotify.com/v1/tracks/4SMYrlflAeUMgxbuwxb0o0","id":"4SMYrlflAeUMgxbuwxb0o0","name":"Le Clique","preview_url":null,"track_number":1,"type":"track","uri":"spotify:track:4SMYrlflAeUMgxbuwxb0o0","is_local":false},{"artists":[{"external_urls":{"spotify":"https://open.spotify.com/artist/6nVcHLIgY5pE2YCl8ubca1"},"href":"https://api.spotify.com/v1/artists/6nVcHLIgY5pE2YCl8ubca1","id":"6nVcHLIgY5pE2YCl8ubca1","name":"JHAYCO","type":"artist","uri":"spotify:artist:6nVcHLIgY5pE2YCl8ubca1"},{"external_urls":{"spotify":"https://open.spotify.com/artist/5XJDexmWFLWOkjOEjOVX3e"},"href":"https://api.spotify.com/v1/artists/5XJDexmWFLWOkjOEjOVX3e","id":"5XJDexmWFLWOkjOEjOVX3e","name":"Eladio Carrion","type":"artist","uri":"spotify:artist:5XJDexmWFLWOkjOEjOVX3e"},{"external_urls":{"spotify":"https://open.spotify.com/artist/3E12tRURRvPfHz0hAMCFYc"},"href":"https://api.spotify.com/v1/artists/3E12tRURRvPfHz0hAMCFYc","id":"3E12tRURRvPfHz0hAMCFYc","name":"Omar Courtz","type":"artist","uri":"spotify:artist:3E12tRURRvPfHz0hAMCFYc"}],"available_markets":["AR","AU","AT","BE","BO","BR","BG","CA","CL","CO","CR","CY","CZ","DK","DO","DE","EC","EE","SV","FI","FR","GR","GT","HN","HK","HU","IS","IE","IT","LV","LT","LU","MY","MT","MX","NL","NZ","NI","NO","PA","PY","PE","PH","PL","PT","SG","SK","ES","SE","CH","TW","TR","UY","US","GB","AD","LI","MC","ID","JP","TH","VN","RO","IL","ZA","SA","AE","BH","QA","OM","KW","EG","MA","DZ","TN","LB","JO","PS","IN","KZ","MD","UA","AL","BA","HR","ME","MK","RS","SI","KR","BD","PK","LK","GH","KE","NG","TZ","UG","AG","AM","BS","BB","BZ","BT","BW","BF","CV","CW","DM","FJ","GM","GE","GD","GW","GY","HT","JM","KI","LS","LR","MW","MV","ML","MH","FM","NA","NR","NE","PW","PG","WS","SM","ST","SN","SC","SL","SB","KN","LC","VC","SR","TL","TO","TT","TV","VU","AZ","BN","BI","KH","CM","TD","KM","GQ","SZ","GA","GN","KG","LA","MO","MR","MN","NP","RW","TG","UZ","ZW","BJ","MG","MU","MZ","AO","CI","DJ","ZM","CD","CG","IQ","LY","TJ","VE","ET","XK"],"disc_number":2,"duration_ms":244293,"explicit":true,"external_urls":{"spotify":"https://open.spotify.com/track/6VuCXhevMLsLMCrCPTVWWF"},"href":"https://api.spotify.com/v1/tracks/6VuCXhevMLsLMCrCPTVWWF","id":"6VuCXhevMLsLMCrCPTVWWF","name":"No Entiendo","preview_url":null,"track_number":2,"type":"track","uri":"spotify:track:6VuCXhevMLsLMCrCPTVWWF","is_local":false},{"artists":[{"external_urls":{"spotify":"https://open.spotify.com/artist/6nVcHLIgY5pE2YCl8ubca1"},"href":"https://api.spotify.com/v1/artists/6nVcHLIgY5pE2YCl8ubca1","id":"6nVcHLIgY5pE2YCl8ubca1","name":"JHAYCO","type":"artist","uri":"spotify:artist:6nVcHLIgY5pE2YCl8ubca1"}],"available_markets":["AR","AU","AT","BE","BO","BR","BG","CA","CL","CO","CR","CY","CZ","DK","DO","DE","EC","EE","SV","FI","FR","GR","GT","HN","HK","HU","IS","IE","IT","LV","LT","LU","MY","MT","MX","NL","NZ","NI","NO","PA","PY","PE","PH","PL","PT","SG","SK","ES","SE","CH","TW","TR","UY","US","GB","AD","LI","MC","ID","JP","TH","VN","RO","IL","ZA","SA","AE","BH","QA","OM","KW","EG","MA","DZ","TN","LB","JO","PS","IN","KZ","MD","UA","AL","BA","HR","ME","MK","RS","SI","KR","BD","PK","LK","GH","KE","NG","TZ","UG","AG","AM","BS","BB","BZ","BT","BW","BF","CV","CW","DM","FJ","GM","GE","GD","GW","GY","HT","JM","KI","LS","LR","MW","MV","ML","MH","FM","NA","NR","NE","PW","PG","WS","SM","ST","SN","SC","SL","SB","KN","LC","VC","SR","TL","TO","TT","TV","VU","AZ","BN","BI","KH","CM","TD","KM","GQ","SZ","GA","GN","KG","LA","MO","MR","MN","NP","RW","TG","UZ","ZW","BJ","MG","MU","MZ","AO","CI","DJ","ZM","CD","CG","IQ","LY","TJ","VE","ET","XK"],"disc_number":2,"duration_ms":230533,"explicit":true,"external_urls":{"spotify":"https://open.spotify.com/track/2SSaVi4qDCS4cegG26Fy6z"},"href":"https://api.spotify.com/v1/tracks/2SSaVi4qDCS4cegG26Fy6z","id":"2SSaVi4qDCS4cegG26Fy6z","name":"Viene BASQUIAT…","preview_url":null,"track_number":3,"type":"track","uri":"spotify:track:2SSaVi4qDCS4cegG26Fy6z","is_local":false},{"artists":[{"external_urls":{"spotify":"https://open.spotify.com/artist/6nVcHLIgY5pE2YCl8ubca1"},"href":"https://api.spotify.com/v1/artists/6nVcHLIgY5pE2YCl8ubca1","id":"6nVcHLIgY5pE2YCl8ubca1","name":"JHAYCO","type":"artist","uri":"spotify:artist:6nVcHLIgY5pE2YCl8ubca1"}],"available_markets":["AR","AU","AT","BE","BO","BR","BG","CA","CL","CO","CR","CY","CZ","DK","DO","DE","EC","EE","SV","FI","FR","GR","GT","HN","HK","HU","IS","IE","IT","LV","LT","LU","MY","MT","MX","NL","NZ","NI","NO","PA","PY","PE","PH","PL","PT","SG","SK","ES","SE","CH","TW","TR","UY","US","GB","AD","LI","MC","ID","JP","TH","VN","RO","IL","ZA","SA","AE","BH","QA","OM","KW","EG","MA","DZ","TN","LB","JO","PS","IN","KZ","MD","UA","AL","BA","HR","ME","MK","RS","SI","KR","BD","PK","LK","GH","KE","NG","TZ","UG","AG","AM","BS","BB","BZ","BT","BW","BF","CV","CW","DM","FJ","GM","GE","GD","GW","GY","HT","JM","KI","LS","LR","MW","MV","ML","MH","FM","NA","NR","NE","PW","PG","WS","SM","ST","SN","SC","SL","SB","KN","LC","VC","SR","TL","TO","TT","TV","VU","AZ","BN","BI","KH","CM","TD","KM","GQ","SZ","GA","GN","KG","LA","MO","MR","MN","NP","RW","TG","UZ","ZW","BJ","MG","MU","MZ","AO","CI","DJ","ZM","CD","CG","IQ","LY","TJ","VE","ET","XK"],"disc_number":2,"duration_ms":289560,"explicit":true,"external_urls":{"spotify":"https://open.spotify.com/track/48ovWHz0cu6u2dfPAw69y0"},"href":"https://api.spotify.com/v1/tracks/48ovWHz0cu6u2dfPAw69y0","id":"48ovWHz0cu6u2dfPAw69y0","name":"Murci","preview_url":null,"track_number":4,"type":"track","uri":"spotify:track:48ovWHz0cu6u2dfPAw69y0","is_local":false},{"artists":[{"external_urls":{"spotify":"https://open.spotify.com/artist/6nVcHLIgY5pE2YCl8ubca1"},"href":"https://api.spotify.com/v1/artists/6nVcHLIgY5pE2YCl8ubca1","id":"6nVcHLIgY5pE2YCl8ubca1","name":"JHAYCO","type":"artist","uri":"spotify:artist:6nVcHLIgY5pE2YCl8ubca1"}],"available_markets":["AR","AU","AT","BE","BO","BR","BG","CA","CL","CO","CR","CY","CZ","DK","DO","DE","EC","EE","SV","FI","FR","GR","GT","HN","HK","HU","IS","IE","IT","LV","LT","LU","MY","MT","MX","NL","NZ","NI","NO","PA","PY","PE","PH","PL","PT","SG","SK","ES","SE","CH","TW","TR","UY","US","GB","AD","LI","MC","ID","JP","TH","VN","RO","IL","ZA","SA","AE","BH","QA","OM","KW","EG","MA","DZ","TN","LB","JO","PS","IN","KZ","MD","UA","AL","BA","HR","ME","MK","RS","SI","KR","BD","PK","LK","GH","KE","NG","TZ","UG","AG","AM","BS","BB","BZ","BT","BW","BF","CV","CW","DM","FJ","GM","GE","GD","GW","GY","HT","JM","KI","LS","LR","MW","MV","ML","MH","FM","NA","NR","NE","PW","PG","WS","SM","ST","SN","SC","SL","SB","KN","LC","VC","SR","TL","TO","TT","TV","VU","AZ","BN","BI","KH","CM","TD","KM","GQ","SZ","GA","GN","KG","LA","MO","MR","MN","NP","RW","TG","UZ","ZW","BJ","MG","MU","MZ","AO","CI","DJ","ZM","CD","CG","IQ","LY","TJ","VE","ET","XK"],"disc_number":2,"duration_ms":163813,"explicit":true,"external_urls":{"spotify":"https://open.spotify.com/track/0Rlawc9ZR6YQvrBxmCDHCt"},"href":"https://api.spotify.com/v1/tracks/0Rlawc9ZR6YQvrBxmCDHCt","id":"0Rlawc9ZR6YQvrBxmCDHCt","name":"2C","preview_url":null,"track_number":5,"type":"track","uri":"spotify:track:0Rlawc9ZR6YQvrBxmCDHCt","is_local":false},{"artists":[{"external_urls":{"spotify":"https://open.spotify.com/artist/6nVcHLIgY5pE2YCl8ubca1"},"href":"https://api.spotify.com/v1/artists/6nVcHLIgY5pE2YCl8ubca1","id":"6nVcHLIgY5pE2YCl8ubca1","name":"JHAYCO","type":"artist","uri":"spotify:artist:6nVcHLIgY5pE2YCl8ubca1"}],"available_markets":["AR","AU","AT","BE","BO","BR","BG","CA","CL","CO","CR","CY","CZ","DK","DO","DE","EC","EE","SV","FI","FR","GR","GT","HN","HK","HU","IS","IE","IT","LV","LT","LU","MY","MT","MX","NL","NZ","NI","NO","PA","PY","PE","PH","PL","PT","SG","SK","ES","SE","CH","TW","TR","UY","US","GB","AD","LI","MC","ID","JP","TH","VN","RO","IL","ZA","SA","AE","BH","QA","OM","KW","EG","MA","DZ","TN","LB","JO","PS","IN","KZ","MD","UA","AL","BA","HR","ME","MK","RS","SI","KR","BD","PK","LK","GH","KE","NG","TZ","UG","AG","AM","BS","BB","BZ","BT","BW","BF","CV","CW","DM","FJ","GM","GE","GD","GW","GY","HT","JM","KI","LS","LR","MW","MV","ML","MH","FM","NA","NR","NE","PW","PG","WS","SM","ST","SN","SC","SL","SB","KN","LC","VC","SR","TL","TO","TT","TV","VU","AZ","BN","BI","KH","CM","TD","KM","GQ","SZ","GA","GN","KG","LA","MO","MR","MN","NP","RW","TG","UZ","ZW","BJ","MG","MU","MZ","AO","CI","DJ","ZM","CD","CG","IQ","LY","TJ","VE","ET","XK"],"disc_number":2,"duration_ms":152693,"explicit":false,"external_urls":{"spotify":"https://open.spotify.com/track/4r8iSTDxJNGhdtcPjkEyA2"},"href":"https://api.spotify.com/v1/tracks/4r8iSTDxJNGhdtcPjkEyA2","id":"4r8iSTDxJNGhdtcPjkEyA2","name":"Ferragamo","preview_url":null,"track_number":6,"type":"track","uri":"spotify:track:4r8iSTDxJNGhdtcPjkEyA2","is_local":false},{"artists":[{"external_urls":{"spotify":"https://open.spotify.com/artist/6nVcHLIgY5pE2YCl8ubca1"},"href":"https://api.spotify.com/v1/artists/6nVcHLIgY5pE2YCl8ubca1","id":"6nVcHLIgY5pE2YCl8ubca1","name":"JHAYCO","type":"artist","uri":"spotify:artist:6nVcHLIgY5pE2YCl8ubca1"}],"available_markets":["AR","AU","AT","BE","BO","BR","BG","CA","CL","CO","CR","CY","CZ","DK","DO","DE","EC","EE","SV","FI","FR","GR","GT","HN","HK","HU","IS","IE","IT","LV","LT","LU","MY","MT","MX","NL","NZ","NI","NO","PA","PY","PE","PH","PL","PT","SG","SK","ES","SE","CH","TW","TR","UY","US","GB","AD","LI","MC","ID","JP","TH","VN","RO","IL","ZA","SA","AE","BH","QA","OM","KW","EG","MA","DZ","TN","LB","JO","PS","IN","KZ","MD","UA","AL","BA","HR","ME","MK","RS","SI","KR","BD","PK","LK","GH","KE","NG","TZ","UG","AG","AM","BS","BB","BZ","BT","BW","BF","CV","CW","DM","FJ","GM","GE","GD","GW","GY","HT","JM","KI","LS","LR","MW","MV","ML","MH","FM","NA","NR","NE","PW","PG","WS","SM","ST","SN","SC","SL","SB","KN","LC","VC","SR","TL","TO","TT","TV","VU","AZ","BN","BI","KH","CM","TD","KM","GQ","SZ","GA","GN","KG","LA","MO","MR","MN","NP","RW","TG","UZ","ZW","BJ","MG","MU","MZ","AO","CI","DJ","ZM","CD","CG","IQ","LY","TJ","VE","ET","XK"],"disc_number":2,"duration_ms":145866,"explicit":false,"external_urls":{"spotify":"https://open.spotify.com/track/4kbMhMwfbVtqbqqFEw6y8C"},"href":"https://api.spotify.com/v1/tracks/4kbMhMwfbVtqbqqFEw6y8C","id":"4kbMhMwfbVtqbqqFEw6y8C","name":"Mokai","preview_url":null,"track_number":7,"type":"track","uri":"spotify:track:4kbMhMwfbVtqbqqFEw6y8C","is_local":false},{"artists":[{"external_urls":{"spotify":"https://open.spotify.com/artist/6nVcHLIgY5pE2YCl8ubca1"},"href":"https://api.spotify.com/v1/artists/6nVcHLIgY5pE2YCl8ubca1","id":"6nVcHLIgY5pE2YCl8ubca1","name":"JHAYCO","type":"artist","uri":"spotify:artist:6nVcHLIgY5pE2YCl8ubca1"}],"available_markets":["AR","AU","AT","BE","BO","BR","BG","CA","CL","CO","CR","CY","CZ","DK","DO","DE","EC","EE","SV","FI","FR","GR","GT","HN","HK","HU","IS","IE","IT","LV","LT","LU","MY","MT","MX","NL","NZ","NI","NO","PA","PY","PE","PH","PL","PT","SG","SK","ES","SE","CH","TW","TR","UY","US","GB","AD","LI","MC","ID","JP","TH","VN","RO","IL","ZA","SA","AE","BH","QA","OM","KW","EG","MA","DZ","TN","LB","JO","PS","IN","KZ","MD","UA","AL","BA","HR","ME","MK","RS","SI","KR","BD","PK","LK","GH","KE","NG","TZ","UG","AG","AM","BS","BB","BZ","BT","BW","BF","CV","CW","DM","FJ","GM","GE","GD","GW","GY","HT","JM","KI","LS","LR","MW","MV","ML","MH","FM","NA","NR","NE","PW","PG","WS","SM","ST","SN","SC","SL","SB","KN","LC","VC","SR","TL","TO","TT","TV","VU","AZ","BN","BI","KH","CM","TD","KM","GQ","SZ","GA","GN","KG","LA","MO","MR","MN","NP","RW","TG","UZ","ZW","BJ","MG","MU","MZ","AO","CI","DJ","ZM","CD","CG","IQ","LY","TJ","VE","ET","XK"],"disc_number":2,"duration_ms":168840,"explicit":false,"external_urls":{"spotify":"https://open.spotify.com/track/5SHwS0L6Q1MDZluxsDsx3r"},"href":"https://api.spotify.com/v1/tracks/5SHwS0L6Q1MDZluxsDsx3r","id":"5SHwS0L6Q1MDZluxsDsx3r","name":"Joe","preview_url":null,"track_number":8,"type":"track","uri":"spotify:track:5SHwS0L6Q1MDZluxsDsx3r","is_local":false},{"artists":[{"external_urls":{"spotify":"https://open.spotify.com/artist/6nVcHLIgY5pE2YCl8ubca1"},"href":"https://api.spotify.com/v1/artists/6nVcHLIgY5pE2YCl8ubca1","id":"6nVcHLIgY5pE2YCl8ubca1","name":"JHAYCO","type":"artist","uri":"spotify:artist:6nVcHLIgY5pE2YCl8ubca1"}],"available_markets":["AR","AU","AT","BE","BO","BR","BG","CA","CL","CO","CR","CY","CZ","DK","DO","DE","EC","EE","SV","FI","FR","GR","GT","HN","HK","HU","IS","IE","IT","LV","LT","LU","MY","MT","MX","NL","NZ","NI","NO","PA","PY","PE","PH","PL","PT","SG","SK","ES","SE","CH","TW","TR","UY","US","GB","AD","LI","MC","ID","JP","TH","VN","RO","IL","ZA","SA","AE","BH","QA","OM","KW","EG","MA","DZ","TN","LB","JO","PS","IN","KZ","MD","UA","AL","BA","HR","ME","MK","RS","SI","KR","BD","PK","LK","GH","KE","NG","TZ","UG","AG","AM","BS","BB","BZ","BT","BW","BF","CV","CW","DM","FJ","GM","GE","GD","GW","GY","HT","JM","KI","LS","LR","MW","MV","ML","MH","FM","NA","NR","NE","PW","PG","WS","SM","ST","SN","SC","SL","SB","KN","LC","VC","SR","TL","TO","TT","TV","VU","AZ","BN","BI","KH","CM","TD","KM","GQ","SZ","GA","GN","KG","LA","MO","MR","MN","NP","RW","TG","UZ","ZW","BJ","MG","MU","MZ","AO","CI","DJ","ZM","CD","CG","IQ","LY","TJ","VE","ET","XK"],"disc_number":2,"duration_ms":214733,"explicit":true,"external_urls":{"spotify":"https://open.spotify.com/track/1Ex3tcU32ZUvi3z4QjmMmE"},"href":"https://api.spotify.com/v1/tracks/1Ex3tcU32ZUvi3z4QjmMmE","id":"1Ex3tcU32ZUvi3z4QjmMmE","name":"Graxxx & QSJM","preview_url":null,"track_number":9,"type":"track","uri":"spotify:track:1Ex3tcU32ZUvi3z4QjmMmE","is_local":false},{"artists":[{"external_urls":{"spotify":"https://open.spotify.com/artist/6nVcHLIgY5pE2YCl8ubca1"},"href":"https://api.spotify.com/v1/artists/6nVcHLIgY5pE2YCl8ubca1","id":"6nVcHLIgY5pE2YCl8ubca1","name":"JHAYCO","type":"artist","uri":"spotify:artist:6nVcHLIgY5pE2YCl8ubca1"},{"external_urls":{"spotify":"https://open.spotify.com/artist/68KUcl8ndJO5nUcLkuwIjI"},"href":"https://api.spotify.com/v1/artists/68KUcl8ndJO5nUcLkuwIjI","id":"68KUcl8ndJO5nUcLkuwIjI","name":"Tivi Gunz","type":"artist","uri":"spotify:artist:68KUcl8ndJO5nUcLkuwIjI"},{"external_urls":{"spotify":"https://open.spotify.com/artist/54seKvtsZauR1iauN0ptpo"},"href":"https://api.spotify.com/v1/artists/54seKvtsZauR1iauN0ptpo","id":"54seKvtsZauR1iauN0ptpo","name":"De La Rose","type":"artist","uri":"spotify:artist:54seKvtsZauR1iauN0ptpo"}],"available_markets":["AR","AU","AT","BE","BO","BR","BG","CA","CL","CO","CR","CY","CZ","DK","DO","DE","EC","EE","SV","FI","FR","GR","GT","HN","HK","HU","IS","IE","IT","LV","LT","LU","MY","MT","MX","NL","NZ","NI","NO","PA","PY","PE","PH","PL","PT","SG","SK","ES","SE","CH","TW","TR","UY","US","GB","AD","LI","MC","ID","JP","TH","VN","RO","IL","ZA","SA","AE","BH","QA","OM","KW","EG","MA","DZ","TN","LB","JO","PS","IN","KZ","MD","UA","AL","BA","HR","ME","MK","RS","SI","KR","BD","PK","LK","GH","KE","NG","TZ","UG","AG","AM","BS","BB","BZ","BT","BW","BF","CV","CW","DM","FJ","GM","GE","GD","GW","GY","HT","JM","KI","LS","LR","MW","MV","ML","MH","FM","NA","NR","NE","PW","PG","WS","SM","ST","SN","SC","SL","SB","KN","LC","VC","SR","TL","TO","TT","TV","VU","AZ","BN","BI","KH","CM","TD","KM","GQ","SZ","GA","GN","KG","LA","MO","MR","MN","NP","RW","TG","UZ","ZW","BJ","MG","MU","MZ","AO","CI","DJ","ZM","CD","CG","IQ","LY","TJ","VE","ET","XK"],"disc_number":3,"duration_ms":177800,"explicit":false,"external_urls":{"spotify":"https://open.spotify.com/track/4WJmXWmPjRGUypELr87SYY"},"href":"https://api.spotify.com/v1/tracks/4WJmXWmPjRGUypELr87SYY","id":"4WJmXWmPjRGUypELr87SYY","name":"3D","preview_url":null,"track_number":1,"type":"track","uri":"spotify:track:4WJmXWmPjRGUypELr87SYY","is_local":false},{"artists":[{"external_urls":{"spotify":"https://open.spotify.com/artist/6nVcHLIgY5pE2YCl8ubca1"},"href":"https://api.spotify.com/v1/artists/6nVcHLIgY5pE2YCl8ubca1","id":"6nVcHLIgY5pE2YCl8ubca1","name":"JHAYCO","type":"artist","uri":"spotify:artist:6nVcHLIgY5pE2YCl8ubca1"},{"external_urls":{"spotify":"https://open.spotify.com/artist/52iwsT98xCoGgiGntTiR7K"},"href":"https://api.spotify.com/v1/artists/52iwsT98xCoGgiGntTiR7K","id":"52iwsT98xCoGgiGntTiR7K","name":"Quevedo","type":"artist","uri":"spotify:artist:52iwsT98xCoGgiGntTiR7K"}],"available_markets":["AR","AU","AT","BE","BO","BR","BG","CA","CL","CO","CR","CY","CZ","DK","DO","DE","EC","EE","SV","FI","FR","GR","GT","HN","HK","HU","IS","IE","IT","LV","LT","LU","MY","MT","MX","NL","NZ","NI","NO","PA","PY","PE","PH","PL","PT","SG","SK","ES","SE","CH","TW","TR","UY","US","GB","AD","LI","MC","ID","JP","TH","VN","RO","IL","ZA","SA","AE","BH","QA","OM","KW","EG","MA","DZ","TN","LB","JO","PS","IN","KZ","MD","UA","AL","BA","HR","ME","MK","RS","SI","KR","BD","PK","LK","GH","KE","NG","TZ","UG","AG","AM","BS","BB","BZ","BT","BW","BF","CV","CW","DM","FJ","GM","GE","GD","GW","GY","HT","JM","KI","LS","LR","MW","MV","ML","MH","FM","NA","NR","NE","PW","PG","WS","SM","ST","SN","SC","SL","SB","KN","LC","VC","SR","TL","TO","TT","TV","VU","AZ","BN","BI","KH","CM","TD","KM","GQ","SZ","GA","GN","KG","LA","MO","MR","MN","NP","RW","TG","UZ","ZW","BJ","MG","MU","MZ","AO","CI","DJ","ZM","CD","CG","IQ","LY","TJ","VE","ET","XK"],"disc_number":3,"duration_ms":216840,"explicit":false,"external_urls":{"spotify":"https://open.spotify.com/track/1bvR3XjqaUkXJwrWm2cIXe"},"href":"https://api.spotify.com/v1/tracks/1bvR3XjqaUkXJwrWm2cIXe","id":"1bvR3XjqaUkXJwrWm2cIXe","name":"Mami Chula","preview_url":null,"track_number":2,"type":"track","uri":"spotify:track:1bvR3XjqaUkXJwrWm2cIXe","is_local":false},{"artists":[{"external_urls":{"spotify":"https://open.spotify.com/artist/6nVcHLIgY5pE2YCl8ubca1"},"href":"https://api.spotify.com/v1/artists/6nVcHLIgY5pE2YCl8ubca1","id":"6nVcHLIgY5pE2YCl8ubca1","name":"JHAYCO","type":"artist","uri":"spotify:artist:6nVcHLIgY5pE2YCl8ubca1"},{"external_urls":{"spotify":"https://open.spotify.com/artist/12GqGscKJx3aE4t07u7eVZ"},"href":"https://api.spotify.com/v1/artists/12GqGscKJx3aE4t07u7eVZ","id":"12GqGscKJx3aE4t07u7eVZ","name":"Peso Pluma","type":"artist","uri":"spotify:artist:12GqGscKJx3aE4t07u7eVZ"}],"available_markets":["AR","AU","AT","BE","BO","BR","BG","CA","CL","CO","CR","CY","CZ","DK","DO","DE","EC","EE","SV","FI","FR","GR","GT","HN","HK","HU","IS","IE","IT","LV","LT","LU","MY","MT","MX","NL","NZ","NI","NO","PA","PY","PE","PH","PL","PT","SG","SK","ES","SE","CH","TW","TR","UY","US","GB","AD","LI","MC","ID","JP","TH","VN","RO","IL","ZA","SA","AE","BH","QA","OM","KW","EG","MA","DZ","TN","LB","JO","PS","IN","KZ","MD","UA","AL","BA","HR","ME","MK","RS","SI","KR","BD","PK","LK","GH","KE","NG","TZ","UG","AG","AM","BS","BB","BZ","BT","BW","BF","CV","CW","DM","FJ","GM","GE","GD","GW","GY","HT","JM","KI","LS","LR","MW","MV","ML","MH","FM","NA","NR","NE","PW","PG","WS","SM","ST","SN","SC","SL","SB","KN","LC","VC","SR","TL","TO","TT","TV","VU","AZ","BN","BI","KH","CM","TD","KM","GQ","SZ","GA","GN","KG","LA","MO","MR","MN","NP","RW","TG","UZ","ZW","BJ","MG","MU","MZ","AO","CI","DJ","ZM","CD","CG","IQ","LY","TJ","VE","ET","XK"],"disc_number":3,"duration_ms":229573,"explicit":true,"external_urls":{"spotify":"https://open.spotify.com/track/4PEGaRGHVTlwLPaizTfoFl"},"href":"https://api.spotify.com/v1/tracks/4PEGaRGHVTlwLPaizTfoFl","id":"4PEGaRGHVTlwLPaizTfoFl","name":"Ex-Special","preview_url":null,"track_number":3,"type":"track","uri":"spotify:track:4PEGaRGHVTlwLPaizTfoFl","is_local":false},{"artists":[{"external_urls":{"spotify":"https://open.spotify.com/artist/6nVcHLIgY5pE2YCl8ubca1"},"href":"https://api.spotify.com/v1/artists/6nVcHLIgY5pE2YCl8ubca1","id":"6nVcHLIgY5pE2YCl8ubca1","name":"JHAYCO","type":"artist","uri":"spotify:artist:6nVcHLIgY5pE2YCl8ubca1"}],"available_markets":["AR","AU","AT","BE","BO","BR","BG","CA","CL","CO","CR","CY","CZ","DK","DO","DE","EC","EE","SV","FI","FR","GR","GT","HN","HK","HU","IS","IE","IT","LV","LT","LU","MY","MT","MX","NL","NZ","NI","NO","PA","PY","PE","PH","PL","PT","SG","SK","ES","SE","CH","TW","TR","UY","US","GB","AD","LI","MC","ID","JP","TH","VN","RO","IL","ZA","SA","AE","BH","QA","OM","KW","EG","MA","DZ","TN","LB","JO","PS","IN","KZ","MD","UA","AL","BA","HR","ME","MK","RS","SI","KR","BD","PK","LK","GH","KE","NG","TZ","UG","AG","AM","BS","BB","BZ","BT","BW","BF","CV","CW","DM","FJ","GM","GE","GD","GW","GY","HT","JM","KI","LS","LR","MW","MV","ML","MH","FM","NA","NR","NE","PW","PG","WS","SM","ST","SN","SC","SL","SB","KN","LC","VC","SR","TL","TO","TT","TV","VU","AZ","BN","BI","KH","CM","TD","KM","GQ","SZ","GA","GN","KG","LA","MO","MR","MN","NP","RW","TG","UZ","ZW","BJ","MG","MU","MZ","AO","CI","DJ","ZM","CD","CG","IQ","LY","TJ","VE","ET","XK"],"disc_number":3,"duration_ms":216440,"explicit":false,"external_urls":{"spotify":"https://open.spotify.com/track/5ik4yXGeeuQdrXVFP6MpxS"},"href":"https://api.spotify.com/v1/tracks/5ik4yXGeeuQdrXVFP6MpxS","id":"5ik4yXGeeuQdrXVFP6MpxS","name":"Torii","preview_url":null,"track_number":4,"type":"track","uri":"spotify:track:5ik4yXGeeuQdrXVFP6MpxS","is_local":false},{"artists":[{"external_urls":{"spotify":"https://open.spotify.com/artist/6nVcHLIgY5pE2YCl8ubca1"},"href":"https://api.spotify.com/v1/artists/6nVcHLIgY5pE2YCl8ubca1","id":"6nVcHLIgY5pE2YCl8ubca1","name":"JHAYCO","type":"artist","uri":"spotify:artist:6nVcHLIgY5pE2YCl8ubca1"},{"external_urls":{"spotify":"https://open.spotify.com/artist/6w9ToX5slZ4uIdmD17hJ3c"},"href":"https://api.spotify.com/v1/artists/6w9ToX5slZ4uIdmD17hJ3c","id":"6w9ToX5slZ4uIdmD17hJ3c","name":"Bryant Myers","type":"artist","uri":"spotify:artist:6w9ToX5slZ4uIdmD17hJ3c"},{"external_urls":{"spotify":"https://open.spotify.com/artist/4axKuDPr6WKcDCyh8vueTY"},"href":"https://api.spotify.com/v1/artists/4axKuDPr6WKcDCyh8vueTY","id":"4axKuDPr6WKcDCyh8vueTY","name":"Luar La L","type":"artist","uri":"spotify:artist:4axKuDPr6WKcDCyh8vueTY"}],"available_markets":["AR","AU","AT","BE","BO","BR","BG","CA","CL","CO","CR","CY","CZ","DK","DO","DE","EC","EE","SV","FI","FR","GR","GT","HN","HK","HU","IS","IE","IT","LV","LT","LU","MY","MT","MX","NL","NZ","NI","NO","PA","PY","PE","PH","PL","PT","SG","SK","ES","SE","CH","TW","TR","UY","US","GB","AD","LI","MC","ID","JP","TH","VN","RO","IL","ZA","SA","AE","BH","QA","OM","KW","EG","MA","DZ","TN","LB","JO","PS","IN","KZ","MD","UA","AL","BA","HR","ME","MK","RS","SI","KR","BD","PK","LK","GH","KE","NG","TZ","UG","AG","AM","BS","BB","BZ","BT","BW","BF","CV","CW","DM","FJ","GM","GE","GD","GW","GY","HT","JM","KI","LS","LR","MW","MV","ML","MH","FM","NA","NR","NE","PW","PG","WS","SM","ST","SN","SC","SL","SB","KN","LC","VC","SR","TL","TO","TT","TV","VU","AZ","BN","BI","KH","CM","TD","KM","GQ","SZ","GA","GN","KG","LA","MO","MR","MN","NP","RW","TG","UZ","ZW","BJ","MG","MU","MZ","AO","CI","DJ","ZM","CD","CG","IQ","LY","TJ","VE","ET","XK"],"disc_number":3,"duration_ms":366760,"explicit":true,"external_urls":{"spotify":"https://open.spotify.com/track/4zswLXnbMP4UedphSeMY21"},"href":"https://api.spotify.com/v1/tracks/4zswLXnbMP4UedphSeMY21","id":"4zswLXnbMP4UedphSeMY21","name":"KTM","preview_url":null,"track_number":5,"type":"track","uri":"spotify:track:4zswLXnbMP4UedphSeMY21","is_local":false},{"artists":[{"external_urls":{"spotify":"https://open.spotify.com/artist/6nVcHLIgY5pE2YCl8ubca1"},"href":"https://api.spotify.com/v1/artists/6nVcHLIgY5pE2YCl8ubca1","id":"6nVcHLIgY5pE2YCl8ubca1","name":"JHAYCO","type":"artist","uri":"spotify:artist:6nVcHLIgY5pE2YCl8ubca1"}],"available_markets":["AR","AU","AT","BE","BO","BR","BG","CA","CL","CO","CR","CY","CZ","DK","DO","DE","EC","EE","SV","FI","FR","GR","GT","HN","HK","HU","IS","IE","IT","LV","LT","LU","MY","MT","MX","NL","NZ","NI","NO","PA","PY","PE","PH","PL","PT","SG","SK","ES","SE","CH","TW","TR","UY","US","GB","AD","LI","MC","ID","JP","TH","VN","RO","IL","ZA","SA","AE","BH","QA","OM","KW","EG","MA","DZ","TN","LB","JO","PS","IN","KZ","MD","UA","AL","BA","HR","ME","MK","RS","SI","KR","BD","PK","LK","GH","KE","NG","TZ","UG","AG","AM","BS","BB","BZ","BT","BW","BF","CV","CW","DM","FJ","GM","GE","GD","GW","GY","HT","JM","KI","LS","LR","MW","MV","ML","MH","FM","NA","NR","NE","PW","PG","WS","SM","ST","SN","SC","SL","SB","KN","LC","VC","SR","TL","TO","TT","TV","VU","AZ","BN","BI","KH","CM","TD","KM","GQ","SZ","GA","GN","KG","LA","MO","MR","MN","NP","RW","TG","UZ","ZW","BJ","MG","MU","MZ","AO","CI","DJ","ZM","CD","CG","IQ","LY","TJ","VE","ET","XK"],"disc_number":3,"duration_ms":195226,"explicit":false,"external_urls":{"spotify":"https://open.spotify.com/track/0is6uOl136Cp8l6UJyfES2"},"href":"https://api.spotify.com/v1/tracks/0is6uOl136Cp8l6UJyfES2","id":"0is6uOl136Cp8l6UJyfES2","name":"Cuerpecito","preview_url":null,"track_number":6,"type":"track","uri":"spotify:track:0is6uOl136Cp8l6UJyfES2","is_local":false}]},"copyrights":[{"text":"© 2024 UMG Recordings, Inc.","type":"C"},{"text":"℗ 2024 UMG Recordings, Inc.","type":"P"}],"external_ids":{"upc":"00602468091882"},"genres":[],"label":"N&E Entertainment LLC","popularity":71},{"album_type":"album","total_tracks":27,"available_markets":["AR","AU","AT","BE","BO","BR","BG","CA","CL","CO","CR","CY","CZ","DK","DO","DE","EC","EE","SV","FI","FR","GR","GT","HN","HK","HU","IS","IE","IT","LV","LT","LU","MY","MT","MX","NL","NZ","NI","NO","PA","PY","PE","PH","PL","PT","SG","SK","ES","SE","CH","TW","TR","UY","US","GB","AD","LI","MC","ID","JP","TH","VN","RO","IL","ZA","SA","AE","BH","QA","OM","KW","EG","MA","DZ","TN","LB","JO","PS","IN","BY","KZ","MD","UA","AL","BA","HR","ME","MK","RS","SI","KR","BD","PK","LK","GH","KE","NG","TZ","UG","AG","AM","BS","BB","BZ","BT","BW","BF","CV","CW","DM","FJ","GM","GE","GD","GW","GY","HT","JM","KI","LS","LR","MW","MV","ML","MH","FM","NA","NR","NE","PW","PG","PR","WS","SM","ST","SN","SC","SL","SB","KN","LC","VC","SR","TL","TO","TT","TV","VU","AZ","BN","BI","KH","CM","TD","KM","GQ","SZ","GA","GN","KG","LA","MO","MR","MN","NP","RW","TG","UZ","ZW","BJ","MG","MU","MZ","AO","CI","DJ","ZM","CD","CG","IQ","LY","TJ","VE","ET","XK"],"external_urls":{"spotify":"https://open.spotify.com/album/3wU2wXacpwqetSRloR0nMX"},"href":"https://api.spotify.com/v1/albums/3wU2wXacpwqetSRloR0nMX","id":"3wU2wXacpwqetSRloR0nMX","images":[{"url":"https://i.scdn.co/image/ab67616d0000b2739066894d9eb3346a780ac276","height":640,"width":640},{"url":"https://i.scdn.co/image/ab67616d00001e029066894d9eb3346a780ac276","height":300,"width":300},{"url":"https://i.scdn.co/image/ab67616d000048519066894d9eb3346a780ac276","height":64,"width":64}],"name":"ONE MORE TIME... PART-2","release_date":"2024-09-06","release_date_precision":"day","type":"album","uri":"spotify:album:3wU2wXacpwqetSRloR0nMX","artists":[{"external_urls":{"spotify":"https://open.spotify.com/artist/6FBDaR13swtiWwGhX1WQsP"},"href":"https://api.spotify.com/v1/artists/6FBDaR13swtiWwGhX1WQsP","id":"6FBDaR13swtiWwGhX1WQsP","name":"blink-182","type":"artist","uri":"spotify:artist:6FBDaR13swtiWwGhX1WQsP"}],"tracks":{"href":"https://api.spotify.com/v1/albums/3wU2wXacpwqetSRloR0nMX/tracks?offset=0&limit=50","limit":50,"next":null,"offset":0,"previous":null,"total":27,"items":[{"artists":[{"external_urls":{"spotify":"https://open.spotify.com/artist/6FBDaR13swtiWwGhX1WQsP"},"href":"https://api.spotify.com/v1/artists/6FBDaR13swtiWwGhX1WQsP","id":"6FBDaR13swtiWwGhX1WQsP","name":"blink-182","type":"artist","uri":"spotify:artist:6FBDaR13swtiWwGhX1WQsP"}],"available_markets":["AR","AU","AT","BE","BO","BR","BG","CA","CL","CO","CR","CY","CZ","DK","DO","DE","EC","EE","SV","FI","FR","GR","GT","HN","HK","HU","IS","IE","IT","LV","LT","LU","MY","MT","MX","NL","NZ","NI","NO","PA","PY","PE","PH","PL","PT","SG","SK","ES","SE","CH","TW","TR","UY","US","GB","AD","LI","MC","ID","JP","TH","VN","RO","IL","ZA","SA","AE","BH","QA","OM","KW","EG","MA","DZ","TN","LB","JO","PS","IN","BY","KZ","MD","UA","AL","BA","HR","ME","MK","RS","SI","KR","BD","PK","LK","GH","KE","NG","TZ","UG","AG","AM","BS","BB","BZ","BT","BW","BF","CV","CW","DM","FJ","GM","GE","GD","GW","GY","HT","JM","KI","LS","LR","MW","MV","ML","MH","FM","NA","NR","NE","PW","PG","PR","WS","SM","ST","SN","SC","SL","SB","KN","LC","VC","SR","TL","TO","TT","TV","VU","AZ","BN","BI","KH","CM","TD","KM","GQ","SZ","GA","GN","KG","LA","MO","MR","MN","NP","RW","TG","UZ","ZW","BJ","MG","MU","MZ","AO","CI","DJ","ZM","CD","CG","IQ","LY","TJ","VE","ET","XK"],"disc_number":1,"duration_ms":213191,"explicit":true,"external_urls":{"spotify":"https://open.spotify.com/track/0RC4083ahM1vNC14I2acx4"},"href":"https://api.spotify.com/v1/tracks/0RC4083ahM1vNC14I2acx4","id":"0RC4083ahM1vNC14I2acx4","name":"ANTHEM PART 3","preview_url":null,"track_number":1,"type":"track","uri":"spotify:track:0RC4083ahM1vNC14I2acx4","is_local":false},{"artists":[{"external_urls":{"spotify":"https://open.spotify.com/artist/6FBDaR13swtiWwGhX1WQsP"},"href":"https://api.spotify.com/v1/artists/6FBDaR13swtiWwGhX1WQsP","id":"6FBDaR13swtiWwGhX1WQsP","name":"blink-182","type":"artist","uri":"spotify:artist:6FBDaR13swtiWwGhX1WQsP"}],"available_markets":["AR","AU","AT","BE","BO","BR","BG","CA","CL","CO","CR","CY","CZ","DK","DO","DE","EC","EE","SV","FI","FR","GR","GT","HN","HK","HU","IS","IE","IT","LV","LT","LU","MY","MT","MX","NL","NZ","NI","NO","PA","PY","PE","PH","PL","PT","SG","SK","ES","SE","CH","TW","TR","UY","US","GB","AD","LI","MC","ID","JP","TH","VN","RO","IL","ZA","SA","AE","BH","QA","OM","KW","EG","MA","DZ","TN","LB","JO","PS","IN","BY","KZ","MD","UA","AL","BA","HR","ME","MK","RS","SI","KR","BD","PK","LK","GH","KE","NG","TZ","UG","AG","AM","BS","BB","BZ","BT","BW","BF","CV","CW","DM","FJ","GM","GE","GD","GW","GY","HT","JM","KI","LS","LR","MW","MV","ML","MH","FM","NA","NR","NE","PW","PG","PR","WS","SM","ST","SN","SC","SL","SB","KN","LC","VC","SR","TL","TO","TT","TV","VU","AZ","BN","BI","KH","CM","TD","KM","GQ","SZ","GA","GN","KG","LA","MO","MR","MN","NP","RW","TG","UZ","ZW","BJ","MG","MU","MZ","AO","CI","DJ","ZM","CD","CG","IQ","LY","TJ","VE","ET","XK"],"disc_number":1,"duration_ms":188155,"explicit":true,"external_urls":{"spotify":"https://open.spotify.com/track/6V8vsgKUttngtI7zTAzz0O"},"href":"https://api.spotify.com/v1/tracks/6V8vsgKUttngtI7zTAzz0O","id":"6V8vsgKUttngtI7zTAzz0O","name":"DANCE WITH ME","preview_url":null,"track_number":2,"type":"track","uri":"spotify:track:6V8vsgKUttngtI7zTAzz0O","is_local":false},{"artists":[{"external_urls":{"spotify":"https://open.spotify.com/artist/6FBDaR13swtiWwGhX1WQsP"},"href":"https://api.spotify.com/v1/artists/6FBDaR13swtiWwGhX1WQsP","id":"6FBDaR13swtiWwGhX1WQsP","name":"blink-182","type":"artist","uri":"spotify:artist:6FBDaR13swtiWwGhX1WQsP"}],"available_markets":["AR","AU","AT","BE","BO","BR","BG","CA","CL","CO","CR","CY","CZ","DK","DO","DE","EC","EE","SV","FI","FR","GR","GT","HN","HK","HU","IS","IE","IT","LV","LT","LU","MY","MT","MX","NL","NZ","NI","NO","PA","PY","PE","PH","PL","PT","SG","SK","ES","SE","CH","TW","TR","UY","US","GB","AD","LI","MC","ID","JP","TH","VN","RO","IL","ZA","SA","AE","BH","QA","OM","KW","EG","MA","DZ","TN","LB","JO","PS","IN","BY","KZ","MD","UA","AL","BA","HR","ME","MK","RS","SI","KR","BD","PK","LK","GH","KE","NG","TZ","UG","AG","AM","BS","BB","BZ","BT","BW","BF","CV","CW","DM","FJ","GM","GE","GD","GW","GY","HT","JM","KI","LS","LR","MW","MV","ML","MH","FM","NA","NR","NE","PW","PG","PR","WS","SM","ST","SN","SC","SL","SB","KN","LC","VC","SR","TL","TO","TT","TV","VU","AZ","BN","BI","KH","CM","TD","KM","GQ","SZ","GA","GN","KG","LA","MO","MR","MN","NP","RW","TG","UZ","ZW","BJ","MG","MU","MZ","AO","CI","DJ","ZM","CD","CG","IQ","LY","TJ","VE","ET","XK"],"disc_number":1,"duration_ms":138460,"explicit":true,"external_urls":{"spotify":"https://open.spotify.com/track/3zwRNJfoHAioyZJOkxJJ9Z"},"href":"https://api.spotify.com/v1/tracks/3zwRNJfoHAioyZJOkxJJ9Z","id":"3zwRNJfoHAioyZJOkxJJ9Z","name":"FELL IN LOVE","preview_url":null,"track_number":3,"type":"track","uri":"spotify:track:3zwRNJfoHAioyZJOkxJJ9Z","is_local":false},{"artists":[{"external_urls":{"spotify":"https://open.spotify.com/artist/6FBDaR13swtiWwGhX1WQsP"},"href":"https://api.spotify.com/v1/artists/6FBDaR13swtiWwGhX1WQsP","id":"6FBDaR13swtiWwGhX1WQsP","name":"blink-182","type":"artist","uri":"spotify:artist:6FBDaR13swtiWwGhX1WQsP"}],"available_markets":["AR","AU","AT","BE","BO","BR","BG","CA","CL","CO","CR","CY","CZ","DK","DO","DE","EC","EE","SV","FI","FR","GR","GT","HN","HK","HU","IS","IE","IT","LV","LT","LU","MY","MT","MX","NL","NZ","NI","NO","PA","PY","PE","PH","PL","PT","SG","SK","ES","SE","CH","TW","TR","UY","US","GB","AD","LI","MC","ID","JP","TH","VN","RO","IL","ZA","SA","AE","BH","QA","OM","KW","EG","MA","DZ","TN","LB","JO","PS","IN","BY","KZ","MD","UA","AL","BA","HR","ME","MK","RS","SI","KR","BD","PK","LK","GH","KE","NG","TZ","UG","AG","AM","BS","BB","BZ","BT","BW","BF","CV","CW","DM","FJ","GM","GE","GD","GW","GY","HT","JM","KI","LS","LR","MW","MV","ML","MH","FM","NA","NR","NE","PW","PG","PR","WS","SM","ST","SN","SC","SL","SB","KN","LC","VC","SR","TL","TO","TT","TV","VU","AZ","BN","BI","KH","CM","TD","KM","GQ","SZ","GA","GN","KG","LA","MO","MR","MN","NP","RW","TG","UZ","ZW","BJ","MG","MU","MZ","AO","CI","DJ","ZM","CD","CG","IQ","LY","TJ","VE","ET","XK"],"disc_number":1,"duration_ms":168130,"explicit":false,"external_urls":{"spotify":"https://open.spotify.com/track/5C4YT0aSMGzEzfnKQxio5a"},"href":"https://api.spotify.com/v1/tracks/5C4YT0aSMGzEzfnKQxio5a","id":"5C4YT0aSMGzEzfnKQxio5a","name":"TERRIFIED","preview_url":null,"track_number":4,"type":"track","uri":"spotify:track:5C4YT0aSMGzEzfnKQxio5a","is_local":false},{"artists":[{"external_urls":{"spotify":"https://open.spotify.com/artist/6FBDaR13swtiWwGhX1WQsP"},"href":"https://api.spotify.com/v1/artists/6FBDaR13swtiWwGhX1WQsP","id":"6FBDaR13swtiWwGhX1WQsP","name":"blink-182","type":"artist","uri":"spotify:artist:6FBDaR13swtiWwGhX1WQsP"}],"available_markets":["AR","AU","AT","BE","BO","BR","BG","CA","CL","CO","CR","CY","CZ","DK","DO","DE","EC","EE","SV","FI","FR","GR","GT","HN","HK","HU","IS","IE","IT","LV","LT","LU","MY","MT","MX","NL","NZ","NI","NO","PA","PY","PE","PH","PL","PT","SG","SK","ES","SE","CH","TW","TR","UY","US","GB","AD","LI","MC","ID","JP","TH","VN","RO","IL","ZA","SA","AE","BH","QA","OM","KW","EG","MA","DZ","TN","LB","JO","PS","IN","BY","KZ","MD","UA","AL","BA","HR","ME","MK","RS","SI","KR","BD","PK","LK","GH","KE","NG","TZ","UG","AG","AM","BS","BB","BZ","BT","BW","BF","CV","CW","DM","FJ","GM","GE","GD","GW","GY","HT","JM","KI","LS","LR","MW","MV","ML","MH","FM","NA","NR","NE","PW","PG","PR","WS","SM","ST","SN","SC","SL","SB","KN","LC","VC","SR","TL","TO","TT","TV","VU","AZ","BN","BI","KH","CM","TD","KM","GQ","SZ","GA","GN","KG","LA","MO","MR","MN","NP","RW","TG","UZ","ZW","BJ","MG","MU","MZ","AO","CI","DJ","ZM","CD","CG","IQ","LY","TJ","VE","ET","XK"],"disc_number":1,"duration_ms":208114,"explicit":false,"external_urls":{"spotify":"https://open.spotify.com/track/6sjtUtT0lWNTQ2Xy9GFVML"},"href":"https://api.spotify.com/v1/tracks/6sjtUtT0lWNTQ2Xy9GFVML","id":"6sjtUtT0lWNTQ2Xy9GFVML","name":"ONE MORE TIME","preview_url":null,"track_number":5,"type":"track","uri":"spotify:track:6sjtUtT0lWNTQ2Xy9GFVML","is_local":false},{"artists":[{"external_urls":{"spotify":"https://open.spotify.com/artist/6FBDaR13swtiWwGhX1WQsP"},"href":"https://api.spotify.com/v1/artists/6FBDaR13swtiWwGhX1WQsP","id":"6FBDaR13swtiWwGhX1WQsP","name":"blink-182","type":"artist","uri":"spotify:artist:6FBDaR13swtiWwGhX1WQsP"}],"available_markets":["AR","AU","AT","BE","BO","BR","BG","CA","CL","CO","CR","CY","CZ","DK","DO","DE","EC","EE","SV","FI","FR","GR","GT","HN","HK","HU","IS","IE","IT","LV","LT","LU","MY","MT","MX","NL","NZ","NI","NO","PA","PY","PE","PH","PL","PT","SG","SK","ES","SE","CH","TW","TR","UY","US","GB","AD","LI","MC","ID","JP","TH","VN","RO","IL","ZA","SA","AE","BH","QA","OM","KW","EG","MA","DZ","TN","LB","JO","PS","IN","BY","KZ","MD","UA","AL","BA","HR","ME","MK","RS","SI","KR","BD","PK","LK","GH","KE","NG","TZ","UG","AG","AM","BS","BB","BZ","BT","BW","BF","CV","CW","DM","FJ","GM","GE","GD","GW","GY","HT","JM","KI","LS","LR","MW","MV","ML","MH","FM","NA","NR","NE","PW","PG","PR","WS","SM","ST","SN","SC","SL","SB","KN","LC","VC","SR","TL","TO","TT","TV","VU","AZ","BN","BI","KH","CM","TD","KM","GQ","SZ","GA","GN","KG","LA","MO","MR","MN","NP","RW","TG","UZ","ZW","BJ","MG","MU","MZ","AO","CI","DJ","ZM","CD","CG","IQ","LY","TJ","VE","ET","XK"],"disc_number":1,"duration_ms":217187,"explicit":false,"external_urls":{"spotify":"https://open.spotify.com/track/3Vz43D7q9gd0qbC8PlNjP6"},"href":"https://api.spotify.com/v1/tracks/3Vz43D7q9gd0qbC8PlNjP6","id":"3Vz43D7q9gd0qbC8PlNjP6","name":"MORE THAN YOU KNOW","preview_url":null,"track_number":6,"type":"track","uri":"spotify:track:3Vz43D7q9gd0qbC8PlNjP6","is_local":false},{"artists":[{"external_urls":{"spotify":"https://open.spotify.com/artist/6FBDaR13swtiWwGhX1WQsP"},"href":"https://api.spotify.com/v1/artists/6FBDaR13swtiWwGhX1WQsP","id":"6FBDaR13swtiWwGhX1WQsP","name":"blink-182","type":"artist","uri":"spotify:artist:6FBDaR13swtiWwGhX1WQsP"}],"available_markets":["AR","AU","AT","BE","BO","BR","BG","CA","CL","CO","CR","CY","CZ","DK","DO","DE","EC","EE","SV","FI","FR","GR","GT","HN","HK","HU","IS","IE","IT","LV","LT","LU","MY","MT","MX","NL","NZ","NI","NO","PA","PY","PE","PH","PL","PT","SG","SK","ES","SE","CH","TW","TR","UY","US","GB","AD","LI","MC","ID","JP","TH","VN","RO","IL","ZA","SA","AE","BH","QA","OM","KW","EG","MA","DZ","TN","LB","JO","PS","IN","BY","KZ","MD","UA","AL","BA","HR","ME","MK","RS","SI","KR","BD","PK","LK","GH","KE","NG","TZ","UG","AG","AM","BS","BB","BZ","BT","BW","BF","CV","CW","DM","FJ","GM","GE","GD","GW","GY","HT","JM","KI","LS","LR","MW","MV","ML","MH","FM","NA","NR","NE","PW","PG","PR","WS","SM","ST","SN","SC","SL","SB","KN","LC","VC","SR","TL","TO","TT","TV","VU","AZ","BN","BI","KH","CM","TD","KM","GQ","SZ","GA","GN","KG","LA","MO","MR","MN","NP","RW","TG","UZ","ZW","BJ","MG","MU","MZ","AO","CI","DJ","ZM","CD","CG","IQ","LY","TJ","VE","ET","XK"],"disc_number":1,"duration_ms":23610,"explicit":true,"external_urls":{"spotify":"https://open.spotify.com/track/6xcgzpt5S8kCgL2CEORpAM"},"href":"https://api.spotify.com/v1/tracks/6xcgzpt5S8kCgL2CEORpAM","id":"6xcgzpt5S8kCgL2CEORpAM","name":"TURN THIS OFF!","preview_url":null,"track_number":7,"type":"track","uri":"spotify:track:6xcgzpt5S8kCgL2CEORpAM","is_local":false},{"artists":[{"external_urls":{"spotify":"https://open.spotify.com/artist/6FBDaR13swtiWwGhX1WQsP"},"href":"https://api.spotify.com/v1/artists/6FBDaR13swtiWwGhX1WQsP","id":"6FBDaR13swtiWwGhX1WQsP","name":"blink-182","type":"artist","uri":"spotify:artist:6FBDaR13swtiWwGhX1WQsP"}],"available_markets":["AR","AU","AT","BE","BO","BR","BG","CA","CL","CO","CR","CY","CZ","DK","DO","DE","EC","EE","SV","FI","FR","GR","GT","HN","HK","HU","IS","IE","IT","LV","LT","LU","MY","MT","MX","NL","NZ","NI","NO","PA","PY","PE","PH","PL","PT","SG","SK","ES","SE","CH","TW","TR","UY","US","GB","AD","LI","MC","ID","JP","TH","VN","RO","IL","ZA","SA","AE","BH","QA","OM","KW","EG","MA","DZ","TN","LB","JO","PS","IN","BY","KZ","MD","UA","AL","BA","HR","ME","MK","RS","SI","KR","BD","PK","LK","GH","KE","NG","TZ","UG","AG","AM","BS","BB","BZ","BT","BW","BF","CV","CW","DM","FJ","GM","GE","GD","GW","GY","HT","JM","KI","LS","LR","MW","MV","ML","MH","FM","NA","NR","NE","PW","PG","PR","WS","SM","ST","SN","SC","SL","SB","KN","LC","VC","SR","TL","TO","TT","TV","VU","AZ","BN","BI","KH","CM","TD","KM","GQ","SZ","GA","GN","KG","LA","MO","MR","MN","NP","RW","TG","UZ","ZW","BJ","MG","MU","MZ","AO","CI","DJ","ZM","CD","CG","IQ","LY","TJ","VE","ET","XK"],"disc_number":1,"duration_ms":160409,"explicit":true,"external_urls":{"spotify":"https://open.spotify.com/track/3poolWXvWPEdkgYzyh8HC9"},"href":"https://api.spotify.com/v1/tracks/3poolWXvWPEdkgYzyh8HC9","id":"3poolWXvWPEdkgYzyh8HC9","name":"WHEN WE WERE YOUNG","preview_url":null,"track_number":8,"type":"track","uri":"spotify:track:3poolWXvWPEdkgYzyh8HC9","is_local":false},{"artists":[{"external_urls":{"spotify":"https://open.spotify.com/artist/6FBDaR13swtiWwGhX1WQsP"},"href":"https://api.spotify.com/v1/artists/6FBDaR13swtiWwGhX1WQsP","id":"6FBDaR13swtiWwGhX1WQsP","name":"blink-182","type":"artist","uri":"spotify:artist:6FBDaR13swtiWwGhX1WQsP"}],"available_markets":["AR","AU","AT","BE","BO","BR","BG","CA","CL","CO","CR","CY","CZ","DK","DO","DE","EC","EE","SV","FI","FR","GR","GT","HN","HK","HU","IS","IE","IT","LV","LT","LU","MY","MT","MX","NL","NZ","NI","NO","PA","PY","PE","PH","PL","PT","SG","SK","ES","SE","CH","TW","TR","UY","US","GB","AD","LI","MC","ID","JP","TH","VN","RO","IL","ZA","SA","AE","BH","QA","OM","KW","EG","MA","DZ","TN","LB","JO","PS","IN","BY","KZ","MD","UA","AL","BA","HR","ME","MK","RS","SI","KR","BD","PK","LK","GH","KE","NG","TZ","UG","AG","AM","BS","BB","BZ","BT","BW","BF","CV","CW","DM","FJ","GM","GE","GD","GW","GY","HT","JM","KI","LS","LR","MW","MV","ML","MH","FM","NA","NR","NE","PW","PG","PR","WS","SM","ST","SN","SC","SL","SB","KN","LC","VC","SR","TL","TO","TT","TV","VU","AZ","BN","BI","KH","CM","TD","KM","GQ","SZ","GA","GN","KG","LA","MO","MR","MN","NP","RW","TG","UZ","ZW","BJ","MG","MU","MZ","AO","CI","DJ","ZM","CD","CG","IQ","LY","TJ","VE","ET","XK"],"disc_number":1,"duration_ms":149473,"explicit":true,"external_urls":{"spotify":"https://open.spotify.com/track/52sHEOyOEKhxzMMXB2e6gN"},"href":"https://api.spotify.com/v1/tracks/52sHEOyOEKhxzMMXB2e6gN","id":"52sHEOyOEKhxzMMXB2e6gN","name":"EDGING","preview_url":null,"track_number":9,"type":"track","uri":"spotify:track:52sHEOyOEKhxzMMXB2e6gN","is_local":false},{"artists":[{"external_urls":{"spotify":"https://open.spotify.com/artist/6FBDaR13swtiWwGhX1WQsP"},"href":"https://api.spotify.com/v1/artists/6FBDaR13swtiWwGhX1WQsP","id":"6FBDaR13swtiWwGhX1WQsP","name":"blink-182","type":"artist","uri":"spotify:artist:6FBDaR13swtiWwGhX1WQsP"}],"available_markets":["AR","AU","AT","BE","BO","BR","BG","CA","CL","CO","CR","CY","CZ","DK","DO","DE","EC","EE","SV","FI","FR","GR","GT","HN","HK","HU","IS","IE","IT","LV","LT","LU","MY","MT","MX","NL","NZ","NI","NO","PA","PY","PE","PH","PL","PT","SG","SK","ES","SE","CH","TW","TR","UY","US","GB","AD","LI","MC","ID","JP","TH","VN","RO","IL","ZA","SA","AE","BH","QA","OM","KW","EG","MA","DZ","TN","LB","JO","PS","IN","BY","KZ","MD","UA","AL","BA","HR","ME","MK","RS","SI","KR","BD","PK","LK","GH","KE","NG","TZ","UG","AG","AM","BS","BB","BZ","BT","BW","BF","CV","CW","DM","FJ","GM","GE","GD","GW","GY","HT","JM","KI","LS","LR","MW","MV","ML","MH","FM","NA","NR","NE","PW","PG","PR","WS","SM","ST","SN","SC","SL","SB","KN","LC","VC","SR","TL","TO","TT","TV","VU","AZ","BN","BI","KH","CM","TD","KM","GQ","SZ","GA","GN","KG","LA","MO","MR","MN","NP","RW","TG","UZ","ZW","BJ","MG","MU","MZ","AO","CI","DJ","ZM","CD","CG","IQ","LY","TJ","VE","ET","XK"],"disc_number":1,"duration_ms":198685,"explicit":false,"external_urls":{"spotify":"https://open.spotify.com/track/7MnVqgO5hVsbOAPGCr7oHo"},"href":"https://api.spotify.com/v1/tracks/7MnVqgO5hVsbOAPGCr7oHo","id":"7MnVqgO5hVsbOAPGCr7oHo","name":"YOU DON'T KNOW WHAT YOU'VE GOT","preview_url":null,"track_number":10,"type":"track","uri":"spotify:track:7MnVqgO5hVsbOAPGCr7oHo","is_local":false},{"artists":[{"external_urls":{"spotify":"https://open.spotify.com/artist/6FBDaR13swtiWwGhX1WQsP"},"href":"https://api.spotify.com/v1/artists/6FBDaR13swtiWwGhX1WQsP","id":"6FBDaR13swtiWwGhX1WQsP","name":"blink-182","type":"artist","uri":"spotify:artist:6FBDaR13swtiWwGhX1WQsP"}],"available_markets":["AR","AU","AT","BE","BO","BR","BG","CA","CL","CO","CR","CY","CZ","DK","DO","DE","EC","EE","SV","FI","FR","GR","GT","HN","HK","HU","IS","IE","IT","LV","LT","LU","MY","MT","MX","NL","NZ","NI","NO","PA","PY","PE","PH","PL","PT","SG","SK","ES","SE","CH","TW","TR","UY","US","GB","AD","LI","MC","ID","JP","TH","VN","RO","IL","ZA","SA","AE","BH","QA","OM","KW","EG","MA","DZ","TN","LB","JO","PS","IN","BY","KZ","MD","UA","AL","BA","HR","ME","MK","RS","SI","KR","BD","PK","LK","GH","KE","NG","TZ","UG","AG","AM","BS","BB","BZ","BT","BW","BF","CV","CW","DM","FJ","GM","GE","GD","GW","GY","HT","JM","KI","LS","LR","MW","MV","ML","MH","FM","NA","NR","NE","PW","PG","PR","WS","SM","ST","SN","SC","SL","SB","KN","LC","VC","SR","TL","TO","TT","TV","VU","AZ","BN","BI","KH","CM","TD","KM","GQ","SZ","GA","GN","KG","LA","MO","MR","MN","NP","RW","TG","UZ","ZW","BJ","MG","MU","MZ","AO","CI","DJ","ZM","CD","CG","IQ","LY","TJ","VE","ET","XK"],"disc_number":1,"duration_ms":188222,"explicit":false,"external_urls":{"spotify":"https://open.spotify.com/track/0po1vw4Fd7r4GWGNlU52XX"},"href":"https://api.spotify.com/v1/tracks/0po1vw4Fd7r4GWGNlU52XX","id":"0po1vw4Fd7r4GWGNlU52XX","name":"BLINK WAVE","preview_url":null,"track_number":11,"type":"track","uri":"spotify:track:0po1vw4Fd7r4GWGNlU52XX","is_local":false},{"artists":[{"external_urls":{"spotify":"https://open.spotify.com/artist/6FBDaR13swtiWwGhX1WQsP"},"href":"https://api.spotify.com/v1/artists/6FBDaR13swtiWwGhX1WQsP","id":"6FBDaR13swtiWwGhX1WQsP","name":"blink-182","type":"artist","uri":"spotify:artist:6FBDaR13swtiWwGhX1WQsP"}],"available_markets":["AR","AU","AT","BE","BO","BR","BG","CA","CL","CO","CR","CY","CZ","DK","DO","DE","EC","EE","SV","FI","FR","GR","GT","HN","HK","HU","IS","IE","IT","LV","LT","LU","MY","MT","MX","NL","NZ","NI","NO","PA","PY","PE","PH","PL","PT","SG","SK","ES","SE","CH","TW","TR","UY","US","GB","AD","LI","MC","ID","JP","TH","VN","RO","IL","ZA","SA","AE","BH","QA","OM","KW","EG","MA","DZ","TN","LB","JO","PS","IN","BY","KZ","MD","UA","AL","BA","HR","ME","MK","RS","SI","KR","BD","PK","LK","GH","KE","NG","TZ","UG","AG","AM","BS","BB","BZ","BT","BW","BF","CV","CW","DM","FJ","GM","GE","GD","GW","GY","HT","JM","KI","LS","LR","MW","MV","ML","MH","FM","NA","NR","NE","PW","PG","PR","WS","SM","ST","SN","SC","SL","SB","KN","LC","VC","SR","TL","TO","TT","TV","VU","AZ","BN","BI","KH","CM","TD","KM","GQ","SZ","GA","GN","KG","LA","MO","MR","MN","NP","RW","TG","UZ","ZW","BJ","MG","MU","MZ","AO","CI","DJ","ZM","CD","CG","IQ","LY","TJ","VE","ET","XK"],"disc_number":1,"duration_ms":139682,"explicit":false,"external_urls":{"spotify":"https://open.spotify.com/track/7j4QcwSX0MuYo5rTqnBS7X"},"href":"https://api.spotify.com/v1/tracks/7j4QcwSX0MuYo5rTqnBS7X","id":"7j4QcwSX0MuYo5rTqnBS7X","name":"BAD NEWS","preview_url":null,"track_number":12,"type":"track","uri":"spotify:track:7j4QcwSX0MuYo5rTqnBS7X","is_local":false},{"artists":[{"external_urls":{"spotify":"https://open.spotify.com/artist/6FBDaR13swtiWwGhX1WQsP"},"href":"https://api.spotify.com/v1/artists/6FBDaR13swtiWwGhX1WQsP","id":"6FBDaR13swtiWwGhX1WQsP","name":"blink-182","type":"artist","uri":"spotify:artist:6FBDaR13swtiWwGhX1WQsP"}],"available_markets":["AR","AU","AT","BE","BO","BR","BG","CA","CL","CO","CR","CY","CZ","DK","DO","DE","EC","EE","SV","FI","FR","GR","GT","HN","HK","HU","IS","IE","IT","LV","LT","LU","MY","MT","MX","NL","NZ","NI","NO","PA","PY","PE","PH","PL","PT","SG","SK","ES","SE","CH","TW","TR","UY","US","GB","AD","LI","MC","ID","JP","TH","VN","RO","IL","ZA","SA","AE","BH","QA","OM","KW","EG","MA","DZ","TN","LB","JO","PS","IN","BY","KZ","MD","UA","AL","BA","HR","ME","MK","RS","SI","KR","BD","PK","LK","GH","KE","NG","TZ","UG","AG","AM","BS","BB","BZ","BT","BW","BF","CV","CW","DM","FJ","GM","GE","GD","GW","GY","HT","JM","KI","LS","LR","MW","MV","ML","MH","FM","NA","NR","NE","PW","PG","PR","WS","SM","ST","SN","SC","SL","SB","KN","LC","VC","SR","TL","TO","TT","TV","VU","AZ","BN","BI","KH","CM","TD","KM","GQ","SZ","GA","GN","KG","LA","MO","MR","MN","NP","RW","TG","UZ","ZW","BJ","MG","MU","MZ","AO","CI","DJ","ZM","CD","CG","IQ","LY","TJ","VE","ET","XK"],"disc_number":1,"duration_ms":81616,"explicit":false,"external_urls":{"spotify":"https://open.spotify.com/track/1rTHBkEXcx298v8FtpqfpB"},"href":"https://api.spotify.com/v1/tracks/1rTHBkEXcx298v8FtpqfpB","id":"1rTHBkEXcx298v8FtpqfpB","name":"HURT (INTERLUDE)","preview_url":null,"track_number":13,"type":"track","uri":"spotify:track:1rTHBkEXcx298v8FtpqfpB","is_local":false},{"artists":[{"external_urls":{"spotify":"https://open.spotify.com/artist/6FBDaR13swtiWwGhX1WQsP"},"href":"https://api.spotify.com/v1/artists/6FBDaR13swtiWwGhX1WQsP","id":"6FBDaR13swtiWwGhX1WQsP","name":"blink-182","type":"artist","uri":"spotify:artist:6FBDaR13swtiWwGhX1WQsP"}],"available_markets":["AR","AU","AT","BE","BO","BR","BG","CA","CL","CO","CR","CY","CZ","DK","DO","DE","EC","EE","SV","FI","FR","GR","GT","HN","HK","HU","IS","IE","IT","LV","LT","LU","MY","MT","MX","NL","NZ","NI","NO","PA","PY","PE","PH","PL","PT","SG","SK","ES","SE","CH","TW","TR","UY","US","GB","AD","LI","MC","ID","JP","TH","VN","RO","IL","ZA","SA","AE","BH","QA","OM","KW","EG","MA","DZ","TN","LB","JO","PS","IN","BY","KZ","MD","UA","AL","BA","HR","ME","MK","RS","SI","KR","BD","PK","LK","GH","KE","NG","TZ","UG","AG","AM","BS","BB","BZ","BT","BW","BF","CV","CW","DM","FJ","GM","GE","GD","GW","GY","HT","JM","KI","LS","LR","MW","MV","ML","MH","FM","NA","NR","NE","PW","PG","PR","WS","SM","ST","SN","SC","SL","SB","KN","LC","VC","SR","TL","TO","TT","TV","VU","AZ","BN","BI","KH","CM","TD","KM","GQ","SZ","GA","GN","KG","LA","MO","MR","MN","NP","RW","TG","UZ","ZW","BJ","MG","MU","MZ","AO","CI","DJ","ZM","CD","CG","IQ","LY","TJ","VE","ET","XK"],"disc_number":1,"duration_ms":185428,"explicit":true,"external_urls":{"spotify":"https://open.spotify.com/track/7zQl4ThtTcufjsMnCrKx2o"},"href":"https://api.spotify.com/v1/tracks/7zQl4ThtTcufjsMnCrKx2o","id":"7zQl4ThtTcufjsMnCrKx2o","name":"TURPENTINE","preview_url":null,"track_number":14,"type":"track","uri":"spotify:track:7zQl4ThtTcufjsMnCrKx2o","is_local":false},{"artists":[{"external_urls":{"spotify":"https://open.spotify.com/artist/6FBDaR13swtiWwGhX1WQsP"},"href":"https://api.spotify.com/v1/artists/6FBDaR13swtiWwGhX1WQsP","id":"6FBDaR13swtiWwGhX1WQsP","name":"blink-182","type":"artist","uri":"spotify:artist:6FBDaR13swtiWwGhX1WQsP"}],"available_markets":["AR","AU","AT","BE","BO","BR","BG","CA","CL","CO","CR","CY","CZ","DK","DO","DE","EC","EE","SV","FI","FR","GR","GT","HN","HK","HU","IS","IE","IT","LV","LT","LU","MY","MT","MX","NL","NZ","NI","NO","PA","PY","PE","PH","PL","PT","SG","SK","ES","SE","CH","TW","TR","UY","US","GB","AD","LI","MC","ID","JP","TH","VN","RO","IL","ZA","SA","AE","BH","QA","OM","KW","EG","MA","DZ","TN","LB","JO","PS","IN","BY","KZ","MD","UA","AL","BA","HR","ME","MK","RS","SI","KR","BD","PK","LK","GH","KE","NG","TZ","UG","AG","AM","BS","BB","BZ","BT","BW","BF","CV","CW","DM","FJ","GM","GE","GD","GW","GY","HT","JM","KI","LS","LR","MW","MV","ML","MH","FM","NA","NR","NE","PW","PG","PR","WS","SM","ST","SN","SC","SL","SB","KN","LC","VC","SR","TL","TO","TT","TV","VU","AZ","BN","BI","KH","CM","TD","KM","GQ","SZ","GA","GN","KG","LA","MO","MR","MN","NP","RW","TG","UZ","ZW","BJ","MG","MU","MZ","AO","CI","DJ","ZM","CD","CG","IQ","LY","TJ","VE","ET","XK"],"disc_number":1,"duration_ms":27478,"explicit":true,"external_urls":{"spotify":"https://open.spotify.com/track/6frvbUJxV7IeWi0VnMXiLD"},"href":"https://api.spotify.com/v1/tracks/6frvbUJxV7IeWi0VnMXiLD","id":"6frvbUJxV7IeWi0VnMXiLD","name":"FUCK FACE","preview_url":null,"track_number":15,"type":"track","uri":"spotify:track:6frvbUJxV7IeWi0VnMXiLD","is_local":false},{"artists":[{"external_urls":{"spotify":"https://open.spotify.com/artist/6FBDaR13swtiWwGhX1WQsP"},"href":"https://api.spotify.com/v1/artists/6FBDaR13swtiWwGhX1WQsP","id":"6FBDaR13swtiWwGhX1WQsP","name":"blink-182","type":"artist","uri":"spotify:artist:6FBDaR13swtiWwGhX1WQsP"}],"available_markets":["AR","AU","AT","BE","BO","BR","BG","CA","CL","CO","CR","CY","CZ","DK","DO","DE","EC","EE","SV","FI","FR","GR","GT","HN","HK","HU","IS","IE","IT","LV","LT","LU","MY","MT","MX","NL","NZ","NI","NO","PA","PY","PE","PH","PL","PT","SG","SK","ES","SE","CH","TW","TR","UY","US","GB","AD","LI","MC","ID","JP","TH","VN","RO","IL","ZA","SA","AE","BH","QA","OM","KW","EG","MA","DZ","TN","LB","JO","PS","IN","BY","KZ","MD","UA","AL","BA","HR","ME","MK","RS","SI","KR","BD","PK","LK","GH","KE","NG","TZ","UG","AG","AM","BS","BB","BZ","BT","BW","BF","CV","CW","DM","FJ","GM","GE","GD","GW","GY","HT","JM","KI","LS","LR","MW","MV","ML","MH","FM","NA","NR","NE","PW","PG","PR","WS","SM","ST","SN","SC","SL","SB","KN","LC","VC","SR","TL","TO","TT","TV","VU","AZ","BN","BI","KH","CM","TD","KM","GQ","SZ","GA","GN","KG","LA","MO","MR","MN","NP","RW","TG","UZ","ZW","BJ","MG","MU","MZ","AO","CI","DJ","ZM","CD","CG","IQ","LY","TJ","VE","ET","XK"],"disc_number":1,"duration_ms":130356,"explicit":false,"external_urls":{"spotify":"https://open.spotify.com/track/5B9ZkINH0bM7S2cQXUFOmP"},"href":"https://api.spotify.com/v1/tracks/5B9ZkINH0bM7S2cQXUFOmP","id":"5B9ZkINH0bM7S2cQXUFOmP","name":"OTHER SIDE","preview_url":null,"track_number":16,"type":"track","uri":"spotify:track:5B9ZkINH0bM7S2cQXUFOmP","is_local":false},{"artists":[{"external_urls":{"spotify":"https://open.spotify.com/artist/6FBDaR13swtiWwGhX1WQsP"},"href":"https://api.spotify.com/v1/artists/6FBDaR13swtiWwGhX1WQsP","id":"6FBDaR13swtiWwGhX1WQsP","name":"blink-182","type":"artist","uri":"spotify:artist:6FBDaR13swtiWwGhX1WQsP"}],"available_markets":["AR","AU","AT","BE","BO","BR","BG","CA","CL","CO","CR","CY","CZ","DK","DO","DE","EC","EE","SV","FI","FR","GR","GT","HN","HK","HU","IS","IE","IT","LV","LT","LU","MY","MT","MX","NL","NZ","NI","NO","PA","PY","PE","PH","PL","PT","SG","SK","ES","SE","CH","TW","TR","UY","US","GB","AD","LI","MC","ID","JP","TH","VN","RO","IL","ZA","SA","AE","BH","QA","OM","KW","EG","MA","DZ","TN","LB","JO","PS","IN","BY","KZ","MD","UA","AL","BA","HR","ME","MK","RS","SI","KR","BD","PK","LK","GH","KE","NG","TZ","UG","AG","AM","BS","BB","BZ","BT","BW","BF","CV","CW","DM","FJ","GM","GE","GD","GW","GY","HT","JM","KI","LS","LR","MW","MV","ML","MH","FM","NA","NR","NE","PW","PG","PR","WS","SM","ST","SN","SC","SL","SB","KN","LC","VC","SR","TL","TO","TT","TV","VU","AZ","BN","BI","KH","CM","TD","KM","GQ","SZ","GA","GN","KG","LA","MO","MR","MN","NP","RW","TG","UZ","ZW","BJ","MG","MU","MZ","AO","CI","DJ","ZM","CD","CG","IQ","LY","TJ","VE","ET","XK"],"disc_number":1,"duration_ms":126820,"explicit":false,"external_urls":{"spotify":"https://open.spotify.com/track/7fnY3yYrx3xlRSqwFem3p1"},"href":"https://api.spotify.com/v1/tracks/7fnY3yYrx3xlRSqwFem3p1","id":"7fnY3yYrx3xlRSqwFem3p1","name":"CUT ME OFF","preview_url":null,"track_number":17,"type":"track","uri":"spotify:track:7fnY3yYrx3xlRSqwFem3p1","is_local":false},{"artists":[{"external_urls":{"spotify":"https://open.spotify.com/artist/6FBDaR13swtiWwGhX1WQsP"},"href":"https://api.spotify.com/v1/artists/6FBDaR13swtiWwGhX1WQsP","id":"6FBDaR13swtiWwGhX1WQsP","name":"blink-182","type":"artist","uri":"spotify:artist:6FBDaR13swtiWwGhX1WQsP"}],"available_markets":["AR","AU","AT","BE","BO","BR","BG","CA","CL","CO","CR","CY","CZ","DK","DO","DE","EC","EE","SV","FI","FR","GR","GT","HN","HK","HU","IS","IE","IT","LV","LT","LU","MY","MT","MX","NL","NZ","NI","NO","PA","PY","PE","PH","PL","PT","SG","SK","ES","SE","CH","TW","TR","UY","US","GB","AD","LI","MC","ID","JP","TH","VN","RO","IL","ZA","SA","AE","BH","QA","OM","KW","EG","MA","DZ","TN","LB","JO","PS","IN","BY","KZ","MD","UA","AL","BA","HR","ME","MK","RS","SI","KR","BD","PK","LK","GH","KE","NG","TZ","UG","AG","AM","BS","BB","BZ","BT","BW","BF","CV","CW","DM","FJ","GM","GE","GD","GW","GY","HT","JM","KI","LS","LR","MW","MV","ML","MH","FM","NA","NR","NE","PW","PG","PR","WS","SM","ST","SN","SC","SL","SB","KN","LC","VC","SR","TL","TO","TT","TV","VU","AZ","BN","BI","KH","CM","TD","KM","GQ","SZ","GA","GN","KG","LA","MO","MR","MN","NP","RW","TG","UZ","ZW","BJ","MG","MU","MZ","AO","CI","DJ","ZM","CD","CG","IQ","LY","TJ","VE","ET","XK"],"disc_number":1,"duration_ms":200554,"explicit":true,"external_urls":{"spotify":"https://open.spotify.com/track/0vp6PQN9JZzVek2R26RnG4"},"href":"https://api.spotify.com/v1/tracks/0vp6PQN9JZzVek2R26RnG4","id":"0vp6PQN9JZzVek2R26RnG4","name":"SEE YOU","preview_url":null,"track_number":18,"type":"track","uri":"spotify:track:0vp6PQN9JZzVek2R26RnG4","is_local":false},{"artists":[{"external_urls":{"spotify":"https://open.spotify.com/artist/6FBDaR13swtiWwGhX1WQsP"},"href":"https://api.spotify.com/v1/artists/6FBDaR13swtiWwGhX1WQsP","id":"6FBDaR13swtiWwGhX1WQsP","name":"blink-182","type":"artist","uri":"spotify:artist:6FBDaR13swtiWwGhX1WQsP"}],"available_markets":["AR","AU","AT","BE","BO","BR","BG","CA","CL","CO","CR","CY","CZ","DK","DO","DE","EC","EE","SV","FI","FR","GR","GT","HN","HK","HU","IS","IE","IT","LV","LT","LU","MY","MT","MX","NL","NZ","NI","NO","PA","PY","PE","PH","PL","PT","SG","SK","ES","SE","CH","TW","TR","UY","US","GB","AD","LI","MC","ID","JP","TH","VN","RO","IL","ZA","SA","AE","BH","QA","OM","KW","EG","MA","DZ","TN","LB","JO","PS","IN","BY","KZ","MD","UA","AL","BA","HR","ME","MK","RS","SI","KR","BD","PK","LK","GH","KE","NG","TZ","UG","AG","AM","BS","BB","BZ","BT","BW","BF","CV","CW","DM","FJ","GM","GE","GD","GW","GY","HT","JM","KI","LS","LR","MW","MV","ML","MH","FM","NA","NR","NE","PW","PG","PR","WS","SM","ST","SN","SC","SL","SB","KN","LC","VC","SR","TL","TO","TT","TV","VU","AZ","BN","BI","KH","CM","TD","KM","GQ","SZ","GA","GN","KG","LA","MO","MR","MN","NP","RW","TG","UZ","ZW","BJ","MG","MU","MZ","AO","CI","DJ","ZM","CD","CG","IQ","LY","TJ","VE","ET","XK"],"disc_number":1,"duration_ms":257795,"explicit":true,"external_urls":{"spotify":"https://open.spotify.com/track/4JbAy2b3URE9cvmCixsXJZ"},"href":"https://api.spotify.com/v1/tracks/4JbAy2b3URE9cvmCixsXJZ","id":"4JbAy2b3URE9cvmCixsXJZ","name":"CHILDHOOD","preview_url":null,"track_number":19,"type":"track","uri":"spotify:track:4JbAy2b3URE9cvmCixsXJZ","is_local":false},{"artists":[{"external_urls":{"spotify":"https://open.spotify.com/artist/6FBDaR13swtiWwGhX1WQsP"},"href":"https://api.spotify.com/v1/artists/6FBDaR13swtiWwGhX1WQsP","id":"6FBDaR13swtiWwGhX1WQsP","name":"blink-182","type":"artist","uri":"spotify:artist:6FBDaR13swtiWwGhX1WQsP"}],"available_markets":["AR","AU","AT","BE","BO","BR","BG","CA","CL","CO","CR","CY","CZ","DK","DO","DE","EC","EE","SV","FI","FR","GR","GT","HN","HK","HU","IS","IE","IT","LV","LT","LU","MY","MT","MX","NL","NZ","NI","NO","PA","PY","PE","PH","PL","PT","SG","SK","ES","SE","CH","TW","TR","UY","US","GB","AD","LI","MC","ID","JP","TH","VN","RO","IL","ZA","SA","AE","BH","QA","OM","KW","EG","MA","DZ","TN","LB","JO","PS","IN","BY","KZ","MD","UA","AL","BA","HR","ME","MK","RS","SI","KR","BD","PK","LK","GH","KE","NG","TZ","UG","AG","AM","BS","BB","BZ","BT","BW","BF","CV","CW","DM","FJ","GM","GE","GD","GW","GY","HT","JM","KI","LS","LR","MW","MV","ML","MH","FM","NA","NR","NE","PW","PG","PR","WS","SM","ST","SN","SC","SL","SB","KN","LC","VC","SR","TL","TO","TT","TV","VU","AZ","BN","BI","KH","CM","TD","KM","GQ","SZ","GA","GN","KG","LA","MO","MR","MN","NP","RW","TG","UZ","ZW","BJ","MG","MU","MZ","AO","CI","DJ","ZM","CD","CG","IQ","LY","TJ","VE","ET","XK"],"disc_number":1,"duration_ms":182676,"explicit":true,"external_urls":{"spotify":"https://open.spotify.com/track/67kPRgz01FoxhrHPU9HXrY"},"href":"https://api.spotify.com/v1/tracks/67kPRgz01FoxhrHPU9HXrY","id":"67kPRgz01FoxhrHPU9HXrY","name":"NO FUN","preview_url":null,"track_number":20,"type":"track","uri":"spotify:track:67kPRgz01FoxhrHPU9HXrY","is_local":false},{"artists":[{"external_urls":{"spotify":"https://open.spotify.com/artist/6FBDaR13swtiWwGhX1WQsP"},"href":"https://api.spotify.com/v1/artists/6FBDaR13swtiWwGhX1WQsP","id":"6FBDaR13swtiWwGhX1WQsP","name":"blink-182","type":"artist","uri":"spotify:artist:6FBDaR13swtiWwGhX1WQsP"}],"available_markets":["AR","AU","AT","BE","BO","BR","BG","CA","CL","CO","CR","CY","CZ","DK","DO","DE","EC","EE","SV","FI","FR","GR","GT","HN","HK","HU","IS","IE","IT","LV","LT","LU","MY","MT","MX","NL","NZ","NI","NO","PA","PY","PE","PH","PL","PT","SG","SK","ES","SE","CH","TW","TR","UY","US","GB","AD","LI","MC","ID","JP","TH","VN","RO","IL","ZA","SA","AE","BH","QA","OM","KW","EG","MA","DZ","TN","LB","JO","PS","IN","BY","KZ","MD","UA","AL","BA","HR","ME","MK","RS","SI","KR","BD","PK","LK","GH","KE","NG","TZ","UG","AG","AM","BS","BB","BZ","BT","BW","BF","CV","CW","DM","FJ","GM","GE","GD","GW","GY","HT","JM","KI","LS","LR","MW","MV","ML","MH","FM","NA","NR","NE","PW","PG","PR","WS","SM","ST","SN","SC","SL","SB","KN","LC","VC","SR","TL","TO","TT","TV","VU","AZ","BN","BI","KH","CM","TD","KM","GQ","SZ","GA","GN","KG","LA","MO","MR","MN","NP","RW","TG","UZ","ZW","BJ","MG","MU","MZ","AO","CI","DJ","ZM","CD","CG","IQ","LY","TJ","VE","ET","XK"],"disc_number":1,"duration_ms":162805,"explicit":true,"external_urls":{"spotify":"https://open.spotify.com/track/5tf8vizOp6F8KO5ruUz3ee"},"href":"https://api.spotify.com/v1/tracks/5tf8vizOp6F8KO5ruUz3ee","id":"5tf8vizOp6F8KO5ruUz3ee","name":"ALL IN MY HEAD","preview_url":null,"track_number":21,"type":"track","uri":"spotify:track:5tf8vizOp6F8KO5ruUz3ee","is_local":false},{"artists":[{"external_urls":{"spotify":"https://open.spotify.com/artist/6FBDaR13swtiWwGhX1WQsP"},"href":"https://api.spotify.com/v1/artists/6FBDaR13swtiWwGhX1WQsP","id":"6FBDaR13swtiWwGhX1WQsP","name":"blink-182","type":"artist","uri":"spotify:artist:6FBDaR13swtiWwGhX1WQsP"}],"available_markets":["AR","AU","AT","BE","BO","BR","BG","CA","CL","CO","CR","CY","CZ","DK","DO","DE","EC","EE","SV","FI","FR","GR","GT","HN","HK","HU","IS","IE","IT","LV","LT","LU","MY","MT","MX","NL","NZ","NI","NO","PA","PY","PE","PH","PL","PT","SG","SK","ES","SE","CH","TW","TR","UY","US","GB","AD","LI","MC","ID","JP","TH","VN","RO","IL","ZA","SA","AE","BH","QA","OM","KW","EG","MA","DZ","TN","LB","JO","PS","IN","BY","KZ","MD","UA","AL","BA","HR","ME","MK","RS","SI","KR","BD","PK","LK","GH","KE","NG","TZ","UG","AG","AM","BS","BB","BZ","BT","BW","BF","CV","CW","DM","FJ","GM","GE","GD","GW","GY","HT","JM","KI","LS","LR","MW","MV","ML","MH","FM","NA","NR","NE","PW","PG","PR","WS","SM","ST","SN","SC","SL","SB","KN","LC","VC","SR","TL","TO","TT","TV","VU","AZ","BN","BI","KH","CM","TD","KM","GQ","SZ","GA","GN","KG","LA","MO","MR","MN","NP","RW","TG","UZ","ZW","BJ","MG","MU","MZ","AO","CI","DJ","ZM","CD","CG","IQ","LY","TJ","VE","ET","XK"],"disc_number":1,"duration_ms":164500,"explicit":false,"external_urls":{"spotify":"https://open.spotify.com/track/4NryqIxFrAPL41ju1V5b7w"},"href":"https://api.spotify.com/v1/tracks/4NryqIxFrAPL41ju1V5b7w","id":"4NryqIxFrAPL41ju1V5b7w","name":"CAN'T GO BACK","preview_url":null,"track_number":22,"type":"track","uri":"spotify:track:4NryqIxFrAPL41ju1V5b7w","is_local":false},{"artists":[{"external_urls":{"spotify":"https://open.spotify.com/artist/6FBDaR13swtiWwGhX1WQsP"},"href":"https://api.spotify.com/v1/artists/6FBDaR13swtiWwGhX1WQsP","id":"6FBDaR13swtiWwGhX1WQsP","name":"blink-182","type":"artist","uri":"spotify:artist:6FBDaR13swtiWwGhX1WQsP"}],"available_markets":["AR","AU","AT","BE","BO","BR","BG","CA","CL","CO","CR","CY","CZ","DK","DO","DE","EC","EE","SV","FI","FR","GR","GT","HN","HK","HU","IS","IE","IT","LV","LT","LU","MY","MT","MX","NL","NZ","NI","NO","PA","PY","PE","PH","PL","PT","SG","SK","ES","SE","CH","TW","TR","UY","US","GB","AD","LI","MC","ID","JP","TH","VN","RO","IL","ZA","SA","AE","BH","QA","OM","KW","EG","MA","DZ","TN","LB","JO","PS","IN","BY","KZ","MD","UA","AL","BA","HR","ME","MK","RS","SI","KR","BD","PK","LK","GH","KE","NG","TZ","UG","AG","AM","BS","BB","BZ","BT","BW","BF","CV","CW","DM","FJ","GM","GE","GD","GW","GY","HT","JM","KI","LS","LR","MW","MV","ML","MH","FM","NA","NR","NE","PW","PG","PR","WS","SM","ST","SN","SC","SL","SB","KN","LC","VC","SR","TL","TO","TT","TV","VU","AZ","BN","BI","KH","CM","TD","KM","GQ","SZ","GA","GN","KG","LA","MO","MR","MN","NP","RW","TG","UZ","ZW","BJ","MG","MU","MZ","AO","CI","DJ","ZM","CD","CG","IQ","LY","TJ","VE","ET","XK"],"disc_number":1,"duration_ms":164794,"explicit":false,"external_urls":{"spotify":"https://open.spotify.com/track/2m1ehaOMy2h8Gfi8bnC2D4"},"href":"https://api.spotify.com/v1/tracks/2m1ehaOMy2h8Gfi8bnC2D4","id":"2m1ehaOMy2h8Gfi8bnC2D4","name":"EVERY OTHER WEEKEND","preview_url":null,"track_number":23,"type":"track","uri":"spotify:track:2m1ehaOMy2h8Gfi8bnC2D4","is_local":false},{"artists":[{"external_urls":{"spotify":"https://open.spotify.com/artist/6FBDaR13swtiWwGhX1WQsP"},"href":"https://api.spotify.com/v1/artists/6FBDaR13swtiWwGhX1WQsP","id":"6FBDaR13swtiWwGhX1WQsP","name":"blink-182","type":"artist","uri":"spotify:artist:6FBDaR13swtiWwGhX1WQsP"}],"available_markets":["AR","AU","AT","BE","BO","BR","BG","CA","CL","CO","CR","CY","CZ","DK","DO","DE","EC","EE","SV","FI","FR","GR","GT","HN","HK","HU","IS","IE","IT","LV","LT","LU","MY","MT","MX","NL","NZ","NI","NO","PA","PY","PE","PH","PL","PT","SG","SK","ES","SE","CH","TW","TR","UY","US","GB","AD","LI","MC","ID","JP","TH","VN","RO","IL","ZA","SA","AE","BH","QA","OM","KW","EG","MA","DZ","TN","LB","JO","PS","IN","BY","KZ","MD","UA","AL","BA","HR","ME","MK","RS","SI","KR","BD","PK","LK","GH","KE","NG","TZ","UG","AG","AM","BS","BB","BZ","BT","BW","BF","CV","CW","DM","FJ","GM","GE","GD","GW","GY","HT","JM","KI","LS","LR","MW","MV","ML","MH","FM","NA","NR","NE","PW","PG","PR","WS","SM","ST","SN","SC","SL","SB","KN","LC","VC","SR","TL","TO","TT","TV","VU","AZ","BN","BI","KH","CM","TD","KM","GQ","SZ","GA","GN","KG","LA","MO","MR","MN","NP","RW","TG","UZ","ZW","BJ","MG","MU","MZ","AO","CI","DJ","ZM","CD","CG","IQ","LY","TJ","VE","ET","XK"],"disc_number":1,"duration_ms":183282,"explicit":true,"external_urls":{"spotify":"https://open.spotify.com/track/4BbnpMp2j5GJzIjiDEFA6z"},"href":"https://api.spotify.com/v1/tracks/4BbnpMp2j5GJzIjiDEFA6z","id":"4BbnpMp2j5GJzIjiDEFA6z","name":"EVERYONE EVERYWHERE","preview_url":null,"track_number":24,"type":"track","uri":"spotify:track:4BbnpMp2j5GJzIjiDEFA6z","is_local":false},{"artists":[{"external_urls":{"spotify":"https://open.spotify.com/artist/6FBDaR13swtiWwGhX1WQsP"},"href":"https://api.spotify.com/v1/artists/6FBDaR13swtiWwGhX1WQsP","id":"6FBDaR13swtiWwGhX1WQsP","name":"blink-182","type":"artist","uri":"spotify:artist:6FBDaR13swtiWwGhX1WQsP"}],"available_markets":["AR","AU","AT","BE","BO","BR","BG","CA","CL","CO","CR","CY","CZ","DK","DO","DE","EC","EE","SV","FI","FR","GR","GT","HN","HK","HU","IS","IE","IT","LV","LT","LU","MY","MT","MX","NL","NZ","NI","NO","PA","PY","PE","PH","PL","PT","SG","SK","ES","SE","CH","TW","TR","UY","US","GB","AD","LI","MC","ID","JP","TH","VN","RO","IL","ZA","SA","AE","BH","QA","OM","KW","EG","MA","DZ","TN","LB","JO","PS","IN","BY","KZ","MD","UA","AL","BA","HR","ME","MK","RS","SI","KR","BD","PK","LK","GH","KE","NG","TZ","UG","AG","AM","BS","BB","BZ","BT","BW","BF","CV","CW","DM","FJ","GM","GE","GD","GW","GY","HT","JM","KI","LS","LR","MW","MV","ML","MH","FM","NA","NR","NE","PW","PG","PR","WS","SM","ST","SN","SC","SL","SB","KN","LC","VC","SR","TL","TO","TT","TV","VU","AZ","BN","BI","KH","CM","TD","KM","GQ","SZ","GA","GN","KG","LA","MO","MR","MN","NP","RW","TG","UZ","ZW","BJ","MG","MU","MZ","AO","CI","DJ","ZM","CD","CG","IQ","LY","TJ","VE","ET","XK"],"disc_number":1,"duration_ms":178785,"explicit":false,"external_urls":{"spotify":"https://open.spotify.com/track/6QJE092f2CYzFskOrBgSrN"},"href":"https://api.spotify.com/v1/tracks/6QJE092f2CYzFskOrBgSrN","id":"6QJE092f2CYzFskOrBgSrN","name":"IF YOU NEVER LEFT","preview_url":null,"track_number":25,"type":"track","uri":"spotify:track:6QJE092f2CYzFskOrBgSrN","is_local":false},{"artists":[{"external_urls":{"spotify":"https://open.spotify.com/artist/6FBDaR13swtiWwGhX1WQsP"},"href":"https://api.spotify.com/v1/artists/6FBDaR13swtiWwGhX1WQsP","id":"6FBDaR13swtiWwGhX1WQsP","name":"blink-182","type":"artist","uri":"spotify:artist:6FBDaR13swtiWwGhX1WQsP"}],"available_markets":["AR","AU","AT","BE","BO","BR","BG","CA","CL","CO","CR","CY","CZ","DK","DO","DE","EC","EE","SV","FI","FR","GR","GT","HN","HK","HU","IS","IE","IT","LV","LT","LU","MY","MT","MX","NL","NZ","NI","NO","PA","PY","PE","PH","PL","PT","SG","SK","ES","SE","CH","TW","TR","UY","US","GB","AD","LI","MC","ID","JP","TH","VN","RO","IL","ZA","SA","AE","BH","QA","OM","KW","EG","MA","DZ","TN","LB","JO","PS","IN","BY","KZ","MD","UA","AL","BA","HR","ME","MK","RS","SI","KR","BD","PK","LK","GH","KE","NG","TZ","UG","AG","AM","BS","BB","BZ","BT","BW","BF","CV","CW","DM","FJ","GM","GE","GD","GW","GY","HT","JM","KI","LS","LR","MW","MV","ML","MH","FM","NA","NR","NE","PW","PG","PR","WS","SM","ST","SN","SC","SL","SB","KN","LC","VC","SR","TL","TO","TT","TV","VU","AZ","BN","BI","KH","CM","TD","KM","GQ","SZ","GA","GN","KG","LA","MO","MR","MN","NP","RW","TG","UZ","ZW","BJ","MG","MU","MZ","AO","CI","DJ","ZM","CD","CG","IQ","LY","TJ","VE","ET","XK"],"disc_number":1,"duration_ms":215235,"explicit":false,"external_urls":{"spotify":"https://open.spotify.com/track/1p7NQo7181BgyaqDD5Pq20"},"href":"https://api.spotify.com/v1/tracks/1p7NQo7181BgyaqDD5Pq20","id":"1p7NQo7181BgyaqDD5Pq20","name":"ONE NIGHT STAND","preview_url":null,"track_number":26,"type":"track","uri":"spotify:track:1p7NQo7181BgyaqDD5Pq20","is_local":false},{"artists":[{"external_urls":{"spotify":"https://open.spotify.com/artist/6FBDaR13swtiWwGhX1WQsP"},"href":"https://api.spotify.com/v1/artists/6FBDaR13swtiWwGhX1WQsP","id":"6FBDaR13swtiWwGhX1WQsP","name":"blink-182","type":"artist","uri":"spotify:artist:6FBDaR13swtiWwGhX1WQsP"}],"available_markets":["AR","AU","AT","BE","BO","BR","BG","CA","CL","CO","CR","CY","CZ","DK","DO","DE","EC","EE","SV","FI","FR","GR","GT","HN","HK","HU","IS","IE","IT","LV","LT","LU","MY","MT","MX","NL","NZ","NI","NO","PA","PY","PE","PH","PL","PT","SG","SK","ES","SE","CH","TW","TR","UY","US","GB","AD","LI","MC","ID","JP","TH","VN","RO","IL","ZA","SA","AE","BH","QA","OM","KW","EG","MA","DZ","TN","LB","JO","PS","IN","BY","KZ","MD","UA","AL","BA","HR","ME","MK","RS","SI","KR","BD","PK","LK","GH","KE","NG","TZ","UG","AG","AM","BS","BB","BZ","BT","BW","BF","CV","CW","DM","FJ","GM","GE","GD","GW","GY","HT","JM","KI","LS","LR","MW","MV","ML","MH","FM","NA","NR","NE","PW","PG","PR","WS","SM","ST","SN","SC","SL","SB","KN","LC","VC","SR","TL","TO","TT","TV","VU","AZ","BN","BI","KH","CM","TD","KM","GQ","SZ","GA","GN","KG","LA","MO","MR","MN","NP","RW","TG","UZ","ZW","BJ","MG","MU","MZ","AO","CI","DJ","ZM","CD","CG","IQ","LY","TJ","VE","ET","XK"],"disc_number":1,"duration_ms":219389,"explicit":true,"external_urls":{"spotify":"https://open.spotify.com/track/2EKpybTASGXP5DdTA3r6aP"},"href":"https://api.spotify.com/v1/tracks/2EKpybTASGXP5DdTA3r6aP","id":"2EKpybTASGXP5DdTA3r6aP","name":"TAKE ME IN","preview_url":null,"track_number":27,"type":"track","uri":"spotify:track:2EKpybTASGXP5DdTA3r6aP","is_local":false}]},"copyrights":[{"text":"(P) 2024 Viking Wizard Eyes, LLC, under exclusive license to Columbia Records, a Division of Sony Music Entertainment","type":"P"}],"external_ids":{"upc":"196872400687"},"genres":[],"label":"Columbia","popularity":60},{"album_type":"album","total_tracks":12,"available_markets":["AR","AU","AT","BE","BO","BR","BG","CA","CL","CO","CR","CY","CZ","DK","DO","DE","EC","EE","SV","FI","FR","GR","GT","HN","HK","HU","IS","IE","IT","LV","LT","LU","MY","MT","MX","NL","NZ","NI","NO","PA","PY","PE","PH","PL","PT","SG","SK","ES","SE","CH","TW","TR","UY","US","GB","AD","LI","MC","ID","JP","TH","VN","RO","IL","ZA","SA","AE","BH","QA","OM","KW","EG","MA","DZ","TN","LB","JO","PS","IN","BY","KZ","MD","UA","AL","BA","HR","ME","MK","RS","SI","KR","BD","PK","LK","GH","KE","NG","TZ","UG","AG","AM","BS","BB","BZ","BT","BW","BF","CV","CW","DM","FJ","GM","GE","GD","GW","GY","HT","JM","KI","LS","LR","MW","MV","ML","MH","FM","NA","NR","NE","PW","PG","PR","WS","SM","ST","SN","SC","SL","SB","KN","LC","VC","SR","TL","TO","TT","TV","VU","AZ","BN","BI","KH","CM","TD","KM","GQ","SZ","GA","GN","KG","LA","MO","MR","MN","NP","RW","TG","UZ","ZW","BJ","MG","MU","MZ","AO","CI","DJ","ZM","CD","CG","IQ","LY","TJ","VE","ET","XK"],"external_urls":{"spotify":"https://open.spotify.com/album/7nQEMEmUDb0KRNlbTUi4mE"},"href":"https://api.spotify.com/v1/albums/7nQEMEmUDb0KRNlbTUi4mE","id":"7nQEMEmUDb0KRNlbTUi4mE","images":[{"url":"https://i.scdn.co/image/ab67616d0000b2731f6e14c4812b08eb53f7300f","height":640,"width":640},{"url":"https://i.scdn.co/image/ab67616d00001e021f6e14c4812b08eb53f7300f","height":300,"width":300},{"url":"https://i.scdn.co/image/ab67616d000048511f6e14c4812b08eb53f7300f","height":64,"width":64}],"name":"PALACIO","release_date":"2024-08-29","release_date_precision":"day","type":"album","uri":"spotify:album:7nQEMEmUDb0KRNlbTUi4mE","artists":[{"external_urls":{"spotify":"https://open.spotify.com/artist/5nKGeITSNCVP76muyOlszy"},"href":"https://api.spotify.com/v1/artists/5nKGeITSNCVP76muyOlszy","id":"5nKGeITSNCVP76muyOlszy","name":"Elsa y Elmar","type":"artist","uri":"spotify:artist:5nKGeITSNCVP76muyOlszy"}],"tracks":{"href":"https://api.spotify.com/v1/albums/7nQEMEmUDb0KRNlbTUi4mE/tracks?offset=0&limit=50","limit":50,"next":null,"offset":0,"previous":null,"total":12,"items":[{"artists":[{"external_urls":{"spotify":"https://open.spotify.com/artist/5nKGeITSNCVP76muyOlszy"},"href":"https://api.spotify.com/v1/artists/5nKGeITSNCVP76muyOlszy","id":"5nKGeITSNCVP76muyOlszy","name":"Elsa y Elmar","type":"artist","uri":"spotify:artist:5nKGeITSNCVP76muyOlszy"}],"available_markets":["AR","AU","AT","BE","BO","BR","BG","CA","CL","CO","CR","CY","CZ","DK","DO","DE","EC","EE","SV","FI","FR","GR","GT","HN","HK","HU","IS","IE","IT","LV","LT","LU","MY","MT","MX","NL","NZ","NI","NO","PA","PY","PE","PH","PL","PT","SG","SK","ES","SE","CH","TW","TR","UY","US","GB","AD","LI","MC","ID","JP","TH","VN","RO","IL","ZA","SA","AE","BH","QA","OM","KW","EG","MA","DZ","TN","LB","JO","PS","IN","BY","KZ","MD","UA","AL","BA","HR","ME","MK","RS","SI","KR","BD","PK","LK","GH","KE","NG","TZ","UG","AG","AM","BS","BB","BZ","BT","BW","BF","CV","CW","DM","FJ","GM","GE","GD","GW","GY","HT","JM","KI","LS","LR","MW","MV","ML","MH","FM","NA","NR","NE","PW","PG","PR","WS","SM","ST","SN","SC","SL","SB","KN","LC","VC","SR","TL","TO","TT","TV","VU","AZ","BN","BI","KH","CM","TD","KM","GQ","SZ","GA","GN","KG","LA","MO","MR","MN","NP","RW","TG","UZ","ZW","BJ","MG","MU","MZ","AO","CI","DJ","ZM","CD","CG","IQ","LY","TJ","VE","ET","XK"],"disc_number":1,"duration_ms":156000,"explicit":false,"external_urls":{"spotify":"https://open.spotify.com/track/2wjiSHFtEkWC8GDwubcSIx"},"href":"https://api.spotify.com/v1/tracks/2wjiSHFtEkWC8GDwubcSIx","id":"2wjiSHFtEkWC8GDwubcSIx","name":"palacio <3","preview_url":null,"track_number":1,"type":"track","uri":"spotify:track:2wjiSHFtEkWC8GDwubcSIx","is_local":false},{"artists":[{"external_urls":{"spotify":"https://open.spotify.com/artist/5nKGeITSNCVP76muyOlszy"},"href":"https://api.spotify.com/v1/artists/5nKGeITSNCVP76muyOlszy","id":"5nKGeITSNCVP76muyOlszy","name":"Elsa y Elmar","type":"artist","uri":"spotify:artist:5nKGeITSNCVP76muyOlszy"}],"available_markets":["AR","AU","AT","BE","BO","BR","BG","CA","CL","CO","CR","CY","CZ","DK","DO","DE","EC","EE","SV","FI","FR","GR","GT","HN","HK","HU","IS","IE","IT","LV","LT","LU","MY","MT","MX","NL","NZ","NI","NO","PA","PY","PE","PH","PL","PT","SG","SK","ES","SE","CH","TW","TR","UY","US","GB","AD","LI","MC","ID","JP","TH","VN","RO","IL","ZA","SA","AE","BH","QA","OM","KW","EG","MA","DZ","TN","LB","JO","PS","IN","BY","KZ","MD","UA","AL","BA","HR","ME","MK","RS","SI","KR","BD","PK","LK","GH","KE","NG","TZ","UG","AG","AM","BS","BB","BZ","BT","BW","BF","CV","CW","DM","FJ","GM","GE","GD","GW","GY","HT","JM","KI","LS","LR","MW","MV","ML","MH","FM","NA","NR","NE","PW","PG","PR","WS","SM","ST","SN","SC","SL","SB","KN","LC","VC","SR","TL","TO","TT","TV","VU","AZ","BN","BI","KH","CM","TD","KM","GQ","SZ","GA","GN","KG","LA","MO","MR","MN","NP","RW","TG","UZ","ZW","BJ","MG","MU","MZ","AO","CI","DJ","ZM","CD","CG","IQ","LY","TJ","VE","ET","XK"],"disc_number":1,"duration_ms":160312,"explicit":false,"external_urls":{"spotify":"https://open.spotify.com/track/7nUWS3PiYx9LmrLKInsLzM"},"href":"https://api.spotify.com/v1/tracks/7nUWS3PiYx9LmrLKInsLzM","id":"7nUWS3PiYx9LmrLKInsLzM","name":"Drogada de Emociones","preview_url":null,"track_number":2,"type":"track","uri":"spotify:track:7nUWS3PiYx9LmrLKInsLzM","is_local":false},{"artists":[{"external_urls":{"spotify":"https://open.spotify.com/artist/5nKGeITSNCVP76muyOlszy"},"href":"https://api.spotify.com/v1/artists/5nKGeITSNCVP76muyOlszy","id":"5nKGeITSNCVP76muyOlszy","name":"Elsa y Elmar","type":"artist","uri":"spotify:artist:5nKGeITSNCVP76muyOlszy"},{"external_urls":{"spotify":"https://open.spotify.com/artist/5N3YDBGT2gUzXgLDTwPRi5"},"href":"https://api.spotify.com/v1/artists/5N3YDBGT2gUzXgLDTwPRi5","id":"5N3YDBGT2gUzXgLDTwPRi5","name":"Álvaro De Luna","type":"artist","uri":"spotify:artist:5N3YDBGT2gUzXgLDTwPRi5"}],"available_markets":["AR","AU","AT","BE","BO","BR","BG","CA","CL","CO","CR","CY","CZ","DK","DO","DE","EC","EE","SV","FI","FR","GR","GT","HN","HK","HU","IS","IE","IT","LV","LT","LU","MY","MT","MX","NL","NZ","NI","NO","PA","PY","PE","PH","PL","PT","SG","SK","ES","SE","CH","TW","TR","UY","US","GB","AD","LI","MC","ID","JP","TH","VN","RO","IL","ZA","SA","AE","BH","QA","OM","KW","EG","MA","DZ","TN","LB","JO","PS","IN","BY","KZ","MD","UA","AL","BA","HR","ME","MK","RS","SI","KR","BD","PK","LK","GH","KE","NG","TZ","UG","AG","AM","BS","BB","BZ","BT","BW","BF","CV","CW","DM","FJ","GM","GE","GD","GW","GY","HT","JM","KI","LS","LR","MW","MV","ML","MH","FM","NA","NR","NE","PW","PG","PR","WS","SM","ST","SN","SC","SL","SB","KN","LC","VC","SR","TL","TO","TT","TV","VU","AZ","BN","BI","KH","CM","TD","KM","GQ","SZ","GA","GN","KG","LA","MO","MR","MN","NP","RW","TG","UZ","ZW","BJ","MG","MU","MZ","AO","CI","DJ","ZM","CD","CG","IQ","LY","TJ","VE","ET","XK"],"disc_number":1,"duration_ms":163026,"explicit":false,"external_urls":{"spotify":"https://open.spotify.com/track/73hMGsb4LCQJ92EVtP7xud"},"href":"https://api.spotify.com/v1/tracks/73hMGsb4LCQJ92EVtP7xud","id":"73hMGsb4LCQJ92EVtP7xud","name":"VISTO","preview_url":null,"track_number":3,"type":"track","uri":"spotify:track:73hMGsb4LCQJ92EVtP7xud","is_local":false},{"artists":[{"external_urls":{"spotify":"https://open.spotify.com/artist/5nKGeITSNCVP76muyOlszy"},"href":"https://api.spotify.com/v1/artists/5nKGeITSNCVP76muyOlszy","id":"5nKGeITSNCVP76muyOlszy","name":"Elsa y Elmar","type":"artist","uri":"spotify:artist:5nKGeITSNCVP76muyOlszy"}],"available_markets":["AR","AU","AT","BE","BO","BR","BG","CA","CL","CO","CR","CY","CZ","DK","DO","DE","EC","EE","SV","FI","FR","GR","GT","HN","HK","HU","IS","IE","IT","LV","LT","LU","MY","MT","MX","NL","NZ","NI","NO","PA","PY","PE","PH","PL","PT","SG","SK","ES","SE","CH","TW","TR","UY","US","GB","AD","LI","MC","ID","JP","TH","VN","RO","IL","ZA","SA","AE","BH","QA","OM","KW","EG","MA","DZ","TN","LB","JO","PS","IN","BY","KZ","MD","UA","AL","BA","HR","ME","MK","RS","SI","KR","BD","PK","LK","GH","KE","NG","TZ","UG","AG","AM","BS","BB","BZ","BT","BW","BF","CV","CW","DM","FJ","GM","GE","GD","GW","GY","HT","JM","KI","LS","LR","MW","MV","ML","MH","FM","NA","NR","NE","PW","PG","PR","WS","SM","ST","SN","SC","SL","SB","KN","LC","VC","SR","TL","TO","TT","TV","VU","AZ","BN","BI","KH","CM","TD","KM","GQ","SZ","GA","GN","KG","LA","MO","MR","MN","NP","RW","TG","UZ","ZW","BJ","MG","MU","MZ","AO","CI","DJ","ZM","CD","CG","IQ","LY","TJ","VE","ET","XK"],"disc_number":1,"duration_ms":188035,"explicit":false,"external_urls":{"spotify":"https://open.spotify.com/track/4WLaRK6z2eTEm8grtGckZl"},"href":"https://api.spotify.com/v1/tracks/4WLaRK6z2eTEm8grtGckZl","id":"4WLaRK6z2eTEm8grtGckZl","name":"Ké MaL","preview_url":null,"track_number":4,"type":"track","uri":"spotify:track:4WLaRK6z2eTEm8grtGckZl","is_local":false},{"artists":[{"external_urls":{"spotify":"https://open.spotify.com/artist/5nKGeITSNCVP76muyOlszy"},"href":"https://api.spotify.com/v1/artists/5nKGeITSNCVP76muyOlszy","id":"5nKGeITSNCVP76muyOlszy","name":"Elsa y Elmar","type":"artist","uri":"spotify:artist:5nKGeITSNCVP76muyOlszy"}],"available_markets":["AR","AU","AT","BE","BO","BR","BG","CA","CL","CO","CR","CY","CZ","DK","DO","DE","EC","EE","SV","FI","FR","GR","GT","HN","HK","HU","IS","IE","IT","LV","LT","LU","MY","MT","MX","NL","NZ","NI","NO","PA","PY","PE","PH","PL","PT","SG","SK","ES","SE","CH","TW","TR","UY","US","GB","AD","LI","MC","ID","JP","TH","VN","RO","IL","ZA","SA","AE","BH","QA","OM","KW","EG","MA","DZ","TN","LB","JO","PS","IN","BY","KZ","MD","UA","AL","BA","HR","ME","MK","RS","SI","KR","BD","PK","LK","GH","KE","NG","TZ","UG","AG","AM","BS","BB","BZ","BT","BW","BF","CV","CW","DM","FJ","GM","GE","GD","GW","GY","HT","JM","KI","LS","LR","MW","MV","ML","MH","FM","NA","NR","NE","PW","PG","PR","WS","SM","ST","SN","SC","SL","SB","KN","LC","VC","SR","TL","TO","TT","TV","VU","AZ","BN","BI","KH","CM","TD","KM","GQ","SZ","GA","GN","KG","LA","MO","MR","MN","NP","RW","TG","UZ","ZW","BJ","MG","MU","MZ","AO","CI","DJ","ZM","CD","CG","IQ","LY","TJ","VE","ET","XK"],"disc_number":1,"duration_ms":184290,"explicit":false,"external_urls":{"spotify":"https://open.spotify.com/track/4gPsO2cS4fcpkWfCTuAdhm"},"href":"https://api.spotify.com/v1/tracks/4gPsO2cS4fcpkWfCTuAdhm","id":"4gPsO2cS4fcpkWfCTuAdhm","name":"sé xq sé","preview_url":null,"track_number":5,"type":"track","uri":"spotify:track:4gPsO2cS4fcpkWfCTuAdhm","is_local":false},{"artists":[{"external_urls":{"spotify":"https://open.spotify.com/artist/5nKGeITSNCVP76muyOlszy"},"href":"https://api.spotify.com/v1/artists/5nKGeITSNCVP76muyOlszy","id":"5nKGeITSNCVP76muyOlszy","name":"Elsa y Elmar","type":"artist","uri":"spotify:artist:5nKGeITSNCVP76muyOlszy"}],"available_markets":["AR","AU","AT","BE","BO","BR","BG","CA","CL","CO","CR","CY","CZ","DK","DO","DE","EC","EE","SV","FI","FR","GR","GT","HN","HK","HU","IS","IE","IT","LV","LT","LU","MY","MT","MX","NL","NZ","NI","NO","PA","PY","PE","PH","PL","PT","SG","SK","ES","SE","CH","TW","TR","UY","US","GB","AD","LI","MC","ID","JP","TH","VN","RO","IL","ZA","SA","AE","BH","QA","OM","KW","EG","MA","DZ","TN","LB","JO","PS","IN","BY","KZ","MD","UA","AL","BA","HR","ME","MK","RS","SI","KR","BD","PK","LK","GH","KE","NG","TZ","UG","AG","AM","BS","BB","BZ","BT","BW","BF","CV","CW","DM","FJ","GM","GE","GD","GW","GY","HT","JM","KI","LS","LR","MW","MV","ML","MH","FM","NA","NR","NE","PW","PG","PR","WS","SM","ST","SN","SC","SL","SB","KN","LC","VC","SR","TL","TO","TT","TV","VU","AZ","BN","BI","KH","CM","TD","KM","GQ","SZ","GA","GN","KG","LA","MO","MR","MN","NP","RW","TG","UZ","ZW","BJ","MG","MU","MZ","AO","CI","DJ","ZM","CD","CG","IQ","LY","TJ","VE","ET","XK"],"disc_number":1,"duration_ms":181560,"explicit":false,"external_urls":{"spotify":"https://open.spotify.com/track/0br6ZhTO0EXrTo3hFJ4mSX"},"href":"https://api.spotify.com/v1/tracks/0br6ZhTO0EXrTo3hFJ4mSX","id":"0br6ZhTO0EXrTo3hFJ4mSX","name":"Querer Así","preview_url":null,"track_number":6,"type":"track","uri":"spotify:track:0br6ZhTO0EXrTo3hFJ4mSX","is_local":false},{"artists":[{"external_urls":{"spotify":"https://open.spotify.com/artist/5nKGeITSNCVP76muyOlszy"},"href":"https://api.spotify.com/v1/artists/5nKGeITSNCVP76muyOlszy","id":"5nKGeITSNCVP76muyOlszy","name":"Elsa y Elmar","type":"artist","uri":"spotify:artist:5nKGeITSNCVP76muyOlszy"}],"available_markets":["AR","AU","AT","BE","BO","BR","BG","CA","CL","CO","CR","CY","CZ","DK","DO","DE","EC","EE","SV","FI","FR","GR","GT","HN","HK","HU","IS","IE","IT","LV","LT","LU","MY","MT","MX","NL","NZ","NI","NO","PA","PY","PE","PH","PL","PT","SG","SK","ES","SE","CH","TW","TR","UY","US","GB","AD","LI","MC","ID","JP","TH","VN","RO","IL","ZA","SA","AE","BH","QA","OM","KW","EG","MA","DZ","TN","LB","JO","PS","IN","BY","KZ","MD","UA","AL","BA","HR","ME","MK","RS","SI","KR","BD","PK","LK","GH","KE","NG","TZ","UG","AG","AM","BS","BB","BZ","BT","BW","BF","CV","CW","DM","FJ","GM","GE","GD","GW","GY","HT","JM","KI","LS","LR","MW","MV","ML","MH","FM","NA","NR","NE","PW","PG","PR","WS","SM","ST","SN","SC","SL","SB","KN","LC","VC","SR","TL","TO","TT","TV","VU","AZ","BN","BI","KH","CM","TD","KM","GQ","SZ","GA","GN","KG","LA","MO","MR","MN","NP","RW","TG","UZ","ZW","BJ","MG","MU","MZ","AO","CI","DJ","ZM","CD","CG","IQ","LY","TJ","VE","ET","XK"],"disc_number":1,"duration_ms":56396,"explicit":true,"external_urls":{"spotify":"https://open.spotify.com/track/1Cd9U32QpsqtSWrKs6cGkJ"},"href":"https://api.spotify.com/v1/tracks/1Cd9U32QpsqtSWrKs6cGkJ","id":"1Cd9U32QpsqtSWrKs6cGkJ","name":"gracias smyav lqm !!!","preview_url":null,"track_number":7,"type":"track","uri":"spotify:track:1Cd9U32QpsqtSWrKs6cGkJ","is_local":false},{"artists":[{"external_urls":{"spotify":"https://open.spotify.com/artist/5nKGeITSNCVP76muyOlszy"},"href":"https://api.spotify.com/v1/artists/5nKGeITSNCVP76muyOlszy","id":"5nKGeITSNCVP76muyOlszy","name":"Elsa y Elmar","type":"artist","uri":"spotify:artist:5nKGeITSNCVP76muyOlszy"}],"available_markets":["AR","AU","AT","BE","BO","BR","BG","CA","CL","CO","CR","CY","CZ","DK","DO","DE","EC","EE","SV","FI","FR","GR","GT","HN","HK","HU","IS","IE","IT","LV","LT","LU","MY","MT","MX","NL","NZ","NI","NO","PA","PY","PE","PH","PL","PT","SG","SK","ES","SE","CH","TW","TR","UY","US","GB","AD","LI","MC","ID","JP","TH","VN","RO","IL","ZA","SA","AE","BH","QA","OM","KW","EG","MA","DZ","TN","LB","JO","PS","IN","BY","KZ","MD","UA","AL","BA","HR","ME","MK","RS","SI","KR","BD","PK","LK","GH","KE","NG","TZ","UG","AG","AM","BS","BB","BZ","BT","BW","BF","CV","CW","DM","FJ","GM","GE","GD","GW","GY","HT","JM","KI","LS","LR","MW","MV","ML","MH","FM","NA","NR","NE","PW","PG","PR","WS","SM","ST","SN","SC","SL","SB","KN","LC","VC","SR","TL","TO","TT","TV","VU","AZ","BN","BI","KH","CM","TD","KM","GQ","SZ","GA","GN","KG","LA","MO","MR","MN","NP","RW","TG","UZ","ZW","BJ","MG","MU","MZ","AO","CI","DJ","ZM","CD","CG","IQ","LY","TJ","VE","ET","XK"],"disc_number":1,"duration_ms":211454,"explicit":true,"external_urls":{"spotify":"https://open.spotify.com/track/3A3cmRnCQXUrCo6CHWdMHx"},"href":"https://api.spotify.com/v1/tracks/3A3cmRnCQXUrCo6CHWdMHx","id":"3A3cmRnCQXUrCo6CHWdMHx","name":"entre las piernas","preview_url":null,"track_number":8,"type":"track","uri":"spotify:track:3A3cmRnCQXUrCo6CHWdMHx","is_local":false},{"artists":[{"external_urls":{"spotify":"https://open.spotify.com/artist/5nKGeITSNCVP76muyOlszy"},"href":"https://api.spotify.com/v1/artists/5nKGeITSNCVP76muyOlszy","id":"5nKGeITSNCVP76muyOlszy","name":"Elsa y Elmar","type":"artist","uri":"spotify:artist:5nKGeITSNCVP76muyOlszy"}],"available_markets":["AR","AU","AT","BE","BO","BR","BG","CA","CL","CO","CR","CY","CZ","DK","DO","DE","EC","EE","SV","FI","FR","GR","GT","HN","HK","HU","IS","IE","IT","LV","LT","LU","MY","MT","MX","NL","NZ","NI","NO","PA","PY","PE","PH","PL","PT","SG","SK","ES","SE","CH","TW","TR","UY","US","GB","AD","LI","MC","ID","JP","TH","VN","RO","IL","ZA","SA","AE","BH","QA","OM","KW","EG","MA","DZ","TN","LB","JO","PS","IN","BY","KZ","MD","UA","AL","BA","HR","ME","MK","RS","SI","KR","BD","PK","LK","GH","KE","NG","TZ","UG","AG","AM","BS","BB","BZ","BT","BW","BF","CV","CW","DM","FJ","GM","GE","GD","GW","GY","HT","JM","KI","LS","LR","MW","MV","ML","MH","FM","NA","NR","NE","PW","PG","PR","WS","SM","ST","SN","SC","SL","SB","KN","LC","VC","SR","TL","TO","TT","TV","VU","AZ","BN","BI","KH","CM","TD","KM","GQ","SZ","GA","GN","KG","LA","MO","MR","MN","NP","RW","TG","UZ","ZW","BJ","MG","MU","MZ","AO","CI","DJ","ZM","CD","CG","IQ","LY","TJ","VE","ET","XK"],"disc_number":1,"duration_ms":147038,"explicit":false,"external_urls":{"spotify":"https://open.spotify.com/track/4RsNcuxXtY6o7GxkQjkJMe"},"href":"https://api.spotify.com/v1/tracks/4RsNcuxXtY6o7GxkQjkJMe","id":"4RsNcuxXtY6o7GxkQjkJMe","name":"A Ella","preview_url":null,"track_number":9,"type":"track","uri":"spotify:track:4RsNcuxXtY6o7GxkQjkJMe","is_local":false},{"artists":[{"external_urls":{"spotify":"https://open.spotify.com/artist/5nKGeITSNCVP76muyOlszy"},"href":"https://api.spotify.com/v1/artists/5nKGeITSNCVP76muyOlszy","id":"5nKGeITSNCVP76muyOlszy","name":"Elsa y Elmar","type":"artist","uri":"spotify:artist:5nKGeITSNCVP76muyOlszy"}],"available_markets":["AR","AU","AT","BE","BO","BR","BG","CA","CL","CO","CR","CY","CZ","DK","DO","DE","EC","EE","SV","FI","FR","GR","GT","HN","HK","HU","IS","IE","IT","LV","LT","LU","MY","MT","MX","NL","NZ","NI","NO","PA","PY","PE","PH","PL","PT","SG","SK","ES","SE","CH","TW","TR","UY","US","GB","AD","LI","MC","ID","JP","TH","VN","RO","IL","ZA","SA","AE","BH","QA","OM","KW","EG","MA","DZ","TN","LB","JO","PS","IN","BY","KZ","MD","UA","AL","BA","HR","ME","MK","RS","SI","KR","BD","PK","LK","GH","KE","NG","TZ","UG","AG","AM","BS","BB","BZ","BT","BW","BF","CV","CW","DM","FJ","GM","GE","GD","GW","GY","HT","JM","KI","LS","LR","MW","MV","ML","MH","FM","NA","NR","NE","PW","PG","PR","WS","SM","ST","SN","SC","SL","SB","KN","LC","VC","SR","TL","TO","TT","TV","VU","AZ","BN","BI","KH","CM","TD","KM","GQ","SZ","GA","GN","KG","LA","MO","MR","MN","NP","RW","TG","UZ","ZW","BJ","MG","MU","MZ","AO","CI","DJ","ZM","CD","CG","IQ","LY","TJ","VE","ET","XK"],"disc_number":1,"duration_ms":163869,"explicit":false,"external_urls":{"spotify":"https://open.spotify.com/track/3jdaVjnqYovCMByhVanbNR"},"href":"https://api.spotify.com/v1/tracks/3jdaVjnqYovCMByhVanbNR","id":"3jdaVjnqYovCMByhVanbNR","name":"Policarpa","preview_url":null,"track_number":10,"type":"track","uri":"spotify:track:3jdaVjnqYovCMByhVanbNR","is_local":false},{"artists":[{"external_urls":{"spotify":"https://open.spotify.com/artist/5nKGeITSNCVP76muyOlszy"},"href":"https://api.spotify.com/v1/artists/5nKGeITSNCVP76muyOlszy","id":"5nKGeITSNCVP76muyOlszy","name":"Elsa y Elmar","type":"artist","uri":"spotify:artist:5nKGeITSNCVP76muyOlszy"}],"available_markets":["AR","AU","AT","BE","BO","BR","BG","CA","CL","CO","CR","CY","CZ","DK","DO","DE","EC","EE","SV","FI","FR","GR","GT","HN","HK","HU","IS","IE","IT","LV","LT","LU","MY","MT","MX","NL","NZ","NI","NO","PA","PY","PE","PH","PL","PT","SG","SK","ES","SE","CH","TW","TR","UY","US","GB","AD","LI","MC","ID","JP","TH","VN","RO","IL","ZA","SA","AE","BH","QA","OM","KW","EG","MA","DZ","TN","LB","JO","PS","IN","BY","KZ","MD","UA","AL","BA","HR","ME","MK","RS","SI","KR","BD","PK","LK","GH","KE","NG","TZ","UG","AG","AM","BS","BB","BZ","BT","BW","BF","CV","CW","DM","FJ","GM","GE","GD","GW","GY","HT","JM","KI","LS","LR","MW","MV","ML","MH","FM","NA","NR","NE","PW","PG","PR","WS","SM","ST","SN","SC","SL","SB","KN","LC","VC","SR","TL","TO","TT","TV","VU","AZ","BN","BI","KH","CM","TD","KM","GQ","SZ","GA","GN","KG","LA","MO","MR","MN","NP","RW","TG","UZ","ZW","BJ","MG","MU","MZ","AO","CI","DJ","ZM","CD","CG","IQ","LY","TJ","VE","ET","XK"],"disc_number":1,"duration_ms":151406,"explicit":false,"external_urls":{"spotify":"https://open.spotify.com/track/4ge2EV4EvXfDrDnmb2fnit"},"href":"https://api.spotify.com/v1/tracks/4ge2EV4EvXfDrDnmb2fnit","id":"4ge2EV4EvXfDrDnmb2fnit","name":"GIGANTE","preview_url":null,"track_number":11,"type":"track","uri":"spotify:track:4ge2EV4EvXfDrDnmb2fnit","is_local":false},{"artists":[{"external_urls":{"spotify":"https://open.spotify.com/artist/5nKGeITSNCVP76muyOlszy"},"href":"https://api.spotify.com/v1/artists/5nKGeITSNCVP76muyOlszy","id":"5nKGeITSNCVP76muyOlszy","name":"Elsa y Elmar","type":"artist","uri":"spotify:artist:5nKGeITSNCVP76muyOlszy"}],"available_markets":["AR","AU","AT","BE","BO","BR","BG","CA","CL","CO","CR","CY","CZ","DK","DO","DE","EC","EE","SV","FI","FR","GR","GT","HN","HK","HU","IS","IE","IT","LV","LT","LU","MY","MT","MX","NL","NZ","NI","NO","PA","PY","PE","PH","PL","PT","SG","SK","ES","SE","CH","TW","TR","UY","US","GB","AD","LI","MC","ID","JP","TH","VN","RO","IL","ZA","SA","AE","BH","QA","OM","KW","EG","MA","DZ","TN","LB","JO","PS","IN","BY","KZ","MD","UA","AL","BA","HR","ME","MK","RS","SI","KR","BD","PK","LK","GH","KE","NG","TZ","UG","AG","AM","BS","BB","BZ","BT","BW","BF","CV","CW","DM","FJ","GM","GE","GD","GW","GY","HT","JM","KI","LS","LR","MW","MV","ML","MH","FM","NA","NR","NE","PW","PG","PR","WS","SM","ST","SN","SC","SL","SB","KN","LC","VC","SR","TL","TO","TT","TV","VU","AZ","BN","BI","KH","CM","TD","KM","GQ","SZ","GA","GN","KG","LA","MO","MR","MN","NP","RW","TG","UZ","ZW","BJ","MG","MU","MZ","AO","CI","DJ","ZM","CD","CG","IQ","LY","TJ","VE","ET","XK"],"disc_number":1,"duration_ms":222935,"explicit":false,"external_urls":{"spotify":"https://open.spotify.com/track/1R90Ttua1uz9502hBVM1Tg"},"href":"https://api.spotify.com/v1/tracks/1R90Ttua1uz9502hBVM1Tg","id":"1R90Ttua1uz9502hBVM1Tg","name":"Lento Violento","preview_url":null,"track_number":12,"type":"track","uri":"spotify:track:1R90Ttua1uz9502hBVM1Tg","is_local":false}]},"copyrights":[{"text":"(P) 2024 Sony Music Entertainment México, S.A. de C.V. Bajo Distribución en Exclusiva de Elmar Presenta S.A. de C.V.","type":"P"}],"external_ids":{"upc":"196872168211"},"genres":[],"label":"ELMAR PRESENTA, S.A. DE C.V.","popularity":45},{"album_type":"album","total_tracks":10,"available_markets":["AR","AU","AT","BE","BO","BR","BG","CA","CL","CO","CR","CY","CZ","DK","DO","DE","EC","EE","SV","FI","FR","GR","GT","HN","HK","HU","IS","IE","IT","LV","LT","LU","MY","MT","MX","NL","NZ","NI","NO","PA","PY","PE","PH","PL","PT","SG","SK","ES","SE","CH","TW","TR","UY","US","GB","AD","LI","MC","ID","JP","TH","VN","RO","IL","ZA","SA","AE","BH","QA","OM","KW","EG","MA","DZ","TN","LB","JO","PS","IN","BY","KZ","MD","UA","AL","BA","HR","ME","MK","RS","SI","KR","BD","PK","LK","GH","KE","NG","TZ","UG","AG","AM","BS","BB","BZ","BT","BW","BF","CV","CW","DM","FJ","GM","GE","GD","GW","GY","HT","JM","KI","LS","LR","MW","MV","ML","MH","FM","NA","NR","NE","PW","PG","PR","WS","SM","ST","SN","SC","SL","SB","KN","LC","VC","SR","TL","TO","TT","TV","VU","AZ","BN","BI","KH","CM","TD","KM","GQ","SZ","GA","GN","KG","LA","MO","MR","MN","NP","RW","TG","UZ","ZW","BJ","MG","MU","MZ","AO","CI","DJ","ZM","CD","CG","IQ","LY","TJ","VE","ET","XK"],"external_urls":{"spotify":"https://open.spotify.com/album/19DbwnDUWS0CuJF92sc4Wn"},"href":"https://api.spotify.com/v1/albums/19DbwnDUWS0CuJF92sc4Wn","id":"19DbwnDUWS0CuJF92sc4Wn","images":[{"url":"https://i.scdn.co/image/ab67616d0000b273b625d4ffed7f36d5475ccd2e","height":640,"width":640},{"url":"https://i.scdn.co/image/ab67616d00001e02b625d4ffed7f36d5475ccd2e","height":300,"width":300},{"url":"https://i.scdn.co/image/ab67616d00004851b625d4ffed7f36d5475ccd2e","height":64,"width":64}],"name":"TODO PUEDE SUCEDER","release_date":"2024-08-30","release_date_precision":"day","type":"album","uri":"spotify:album:19DbwnDUWS0CuJF92sc4Wn","artists":[{"external_urls":{"spotify":"https://open.spotify.com/artist/3r7eiuLSmaw4jXeUG6NatF"},"href":"https://api.spotify.com/v1/artists/3r7eiuLSmaw4jXeUG6NatF","id":"3r7eiuLSmaw4jXeUG6NatF","name":"MAGNA","type":"artist","uri":"spotify:artist:3r7eiuLSmaw4jXeUG6NatF"}],"tracks":{"href":"https://api.spotify.com/v1/albums/19DbwnDUWS0CuJF92sc4Wn/tracks?offset=0&limit=50","limit":50,"next":null,"offset":0,"previous":null,"total":10,"items":[{"artists":[{"external_urls":{"spotify":"https://open.spotify.com/artist/3r7eiuLSmaw4jXeUG6NatF"},"href":"https://api.spotify.com/v1/artists/3r7eiuLSmaw4jXeUG6NatF","id":"3r7eiuLSmaw4jXeUG6NatF","name":"MAGNA","type":"artist","uri":"spotify:artist:3r7eiuLSmaw4jXeUG6NatF"}],"available_markets":["AR","AU","AT","BE","BO","BR","BG","CA","CL","CO","CR","CY","CZ","DK","DO","DE","EC","EE","SV","FI","FR","GR","GT","HN","HK","HU","IS","IE","IT","LV","LT","LU","MY","MT","MX","NL","NZ","NI","NO","PA","PY","PE","PH","PL","PT","SG","SK","ES","SE","CH","TW","TR","UY","US","GB","AD","LI","MC","ID","JP","TH","VN","RO","IL","ZA","SA","AE","BH","QA","OM","KW","EG","MA","DZ","TN","LB","JO","PS","IN","BY","KZ","MD","UA","AL","BA","HR","ME","MK","RS","SI","KR","BD","PK","LK","GH","KE","NG","TZ","UG","AG","AM","BS","BB","BZ","BT","BW","BF","CV","CW","DM","FJ","GM","GE","GD","GW","GY","HT","JM","KI","LS","LR","MW","MV","ML","MH","FM","NA","NR","NE","PW","PG","PR","WS","SM","ST","SN","SC","SL","SB","KN","LC","VC","SR","TL","TO","TT","TV","VU","AZ","BN","BI","KH","CM","TD","KM","GQ","SZ","GA","GN","KG","LA","MO","MR","MN","NP","RW","TG","UZ","ZW","BJ","MG","MU","MZ","AO","CI","DJ","ZM","CD","CG","IQ","LY","TJ","VE","ET","XK"],"disc_number":1,"duration_ms":162666,"explicit":false,"external_urls":{"spotify":"https://open.spotify.com/track/0ZfHpd5jSHwPgHvvAcQYne"},"href":"https://api.spotify.com/v1/tracks/0ZfHpd5jSHwPgHvvAcQYne","id":"0ZfHpd5jSHwPgHvvAcQYne","name":"SLI","preview_url":null,"track_number":1,"type":"track","uri":"spotify:track:0ZfHpd5jSHwPgHvvAcQYne","is_local":false},{"artists":[{"external_urls":{"spotify":"https://open.spotify.com/artist/3r7eiuLSmaw4jXeUG6NatF"},"href":"https://api.spotify.com/v1/artists/3r7eiuLSmaw4jXeUG6NatF","id":"3r7eiuLSmaw4jXeUG6NatF","name":"MAGNA","type":"artist","uri":"spotify:artist:3r7eiuLSmaw4jXeUG6NatF"}],"available_markets":["AR","AU","AT","BE","BO","BR","BG","CA","CL","CO","CR","CY","CZ","DK","DO","DE","EC","EE","SV","FI","FR","GR","GT","HN","HK","HU","IS","IE","IT","LV","LT","LU","MY","MT","MX","NL","NZ","NI","NO","PA","PY","PE","PH","PL","PT","SG","SK","ES","SE","CH","TW","TR","UY","US","GB","AD","LI","MC","ID","JP","TH","VN","RO","IL","ZA","SA","AE","BH","QA","OM","KW","EG","MA","DZ","TN","LB","JO","PS","IN","BY","KZ","MD","UA","AL","BA","HR","ME","MK","RS","SI","KR","BD","PK","LK","GH","KE","NG","TZ","UG","AG","AM","BS","BB","BZ","BT","BW","BF","CV","CW","DM","FJ","GM","GE","GD","GW","GY","HT","JM","KI","LS","LR","MW","MV","ML","MH","FM","NA","NR","NE","PW","PG","PR","WS","SM","ST","SN","SC","SL","SB","KN","LC","VC","SR","TL","TO","TT","TV","VU","AZ","BN","BI","KH","CM","TD","KM","GQ","SZ","GA","GN","KG","LA","MO","MR","MN","NP","RW","TG","UZ","ZW","BJ","MG","MU","MZ","AO","CI","DJ","ZM","CD","CG","IQ","LY","TJ","VE","ET","XK"],"disc_number":1,"duration_ms":145882,"explicit":false,"external_urls":{"spotify":"https://open.spotify.com/track/2mBnRI8E9o4uUFtUzJSNYb"},"href":"https://api.spotify.com/v1/tracks/2mBnRI8E9o4uUFtUzJSNYb","id":"2mBnRI8E9o4uUFtUzJSNYb","name":"¿CÓMO VAS?","preview_url":null,"track_number":2,"type":"track","uri":"spotify:track:2mBnRI8E9o4uUFtUzJSNYb","is_local":false},{"artists":[{"external_urls":{"spotify":"https://open.spotify.com/artist/3r7eiuLSmaw4jXeUG6NatF"},"href":"https://api.spotify.com/v1/artists/3r7eiuLSmaw4jXeUG6NatF","id":"3r7eiuLSmaw4jXeUG6NatF","name":"MAGNA","type":"artist","uri":"spotify:artist:3r7eiuLSmaw4jXeUG6NatF"}],"available_markets":["AR","AU","AT","BE","BO","BR","BG","CA","CL","CO","CR","CY","CZ","DK","DO","DE","EC","EE","SV","FI","FR","GR","GT","HN","HK","HU","IS","IE","IT","LV","LT","LU","MY","MT","MX","NL","NZ","NI","NO","PA","PY","PE","PH","PL","PT","SG","SK","ES","SE","CH","TW","TR","UY","US","GB","AD","LI","MC","ID","JP","TH","VN","RO","IL","ZA","SA","AE","BH","QA","OM","KW","EG","MA","DZ","TN","LB","JO","PS","IN","BY","KZ","MD","UA","AL","BA","HR","ME","MK","RS","SI","KR","BD","PK","LK","GH","KE","NG","TZ","UG","AG","AM","BS","BB","BZ","BT","BW","BF","CV","CW","DM","FJ","GM","GE","GD","GW","GY","HT","JM","KI","LS","LR","MW","MV","ML","MH","FM","NA","NR","NE","PW","PG","PR","WS","SM","ST","SN","SC","SL","SB","KN","LC","VC","SR","TL","TO","TT","TV","VU","AZ","BN","BI","KH","CM","TD","KM","GQ","SZ","GA","GN","KG","LA","MO","MR","MN","NP","RW","TG","UZ","ZW","BJ","MG","MU","MZ","AO","CI","DJ","ZM","CD","CG","IQ","LY","TJ","VE","ET","XK"],"disc_number":1,"duration_ms":141714,"explicit":false,"external_urls":{"spotify":"https://open.spotify.com/track/5pRzQKVItYPAbuf6zb23VQ"},"href":"https://api.spotify.com/v1/tracks/5pRzQKVItYPAbuf6zb23VQ","id":"5pRzQKVItYPAbuf6zb23VQ","name":"PALOMINO","preview_url":null,"track_number":3,"type":"track","uri":"spotify:track:5pRzQKVItYPAbuf6zb23VQ","is_local":false},{"artists":[{"external_urls":{"spotify":"https://open.spotify.com/artist/3r7eiuLSmaw4jXeUG6NatF"},"href":"https://api.spotify.com/v1/artists/3r7eiuLSmaw4jXeUG6NatF","id":"3r7eiuLSmaw4jXeUG6NatF","name":"MAGNA","type":"artist","uri":"spotify:artist:3r7eiuLSmaw4jXeUG6NatF"}],"available_markets":["AR","AU","AT","BE","BO","BR","BG","CA","CL","CO","CR","CY","CZ","DK","DO","DE","EC","EE","SV","FI","FR","GR","GT","HN","HK","HU","IS","IE","IT","LV","LT","LU","MY","MT","MX","NL","NZ","NI","NO","PA","PY","PE","PH","PL","PT","SG","SK","ES","SE","CH","TW","TR","UY","US","GB","AD","LI","MC","ID","JP","TH","VN","RO","IL","ZA","SA","AE","BH","QA","OM","KW","EG","MA","DZ","TN","LB","JO","PS","IN","BY","KZ","MD","UA","AL","BA","HR","ME","MK","RS","SI","KR","BD","PK","LK","GH","KE","NG","TZ","UG","AG","AM","BS","BB","BZ","BT","BW","BF","CV","CW","DM","FJ","GM","GE","GD","GW","GY","HT","JM","KI","LS","LR","MW","MV","ML","MH","FM","NA","NR","NE","PW","PG","PR","WS","SM","ST","SN","SC","SL","SB","KN","LC","VC","SR","TL","TO","TT","TV","VU","AZ","BN","BI","KH","CM","TD","KM","GQ","SZ","GA","GN","KG","LA","MO","MR","MN","NP","RW","TG","UZ","ZW","BJ","MG","MU","MZ","AO","CI","DJ","ZM","CD","CG","IQ","LY","TJ","VE","ET","XK"],"disc_number":1,"duration_ms":170097,"explicit":false,"external_urls":{"spotify":"https://open.spotify.com/track/5k27Am4vp1OHXACi8tx3F0"},"href":"https://api.spotify.com/v1/tracks/5k27Am4vp1OHXACi8tx3F0","id":"5k27Am4vp1OHXACi8tx3F0","name":"OJOS MOROCCO","preview_url":null,"track_number":4,"type":"track","uri":"spotify:track:5k27Am4vp1OHXACi8tx3F0","is_local":false},{"artists":[{"external_urls":{"spotify":"https://open.spotify.com/artist/3r7eiuLSmaw4jXeUG6NatF"},"href":"https://api.spotify.com/v1/artists/3r7eiuLSmaw4jXeUG6NatF","id":"3r7eiuLSmaw4jXeUG6NatF","name":"MAGNA","type":"artist","uri":"spotify:artist:3r7eiuLSmaw4jXeUG6NatF"}],"available_markets":["AR","AU","AT","BE","BO","BR","BG","CA","CL","CO","CR","CY","CZ","DK","DO","DE","EC","EE","SV","FI","FR","GR","GT","HN","HK","HU","IS","IE","IT","LV","LT","LU","MY","MT","MX","NL","NZ","NI","NO","PA","PY","PE","PH","PL","PT","SG","SK","ES","SE","CH","TW","TR","UY","US","GB","AD","LI","MC","ID","JP","TH","VN","RO","IL","ZA","SA","AE","BH","QA","OM","KW","EG","MA","DZ","TN","LB","JO","PS","IN","BY","KZ","MD","UA","AL","BA","HR","ME","MK","RS","SI","KR","BD","PK","LK","GH","KE","NG","TZ","UG","AG","AM","BS","BB","BZ","BT","BW","BF","CV","CW","DM","FJ","GM","GE","GD","GW","GY","HT","JM","KI","LS","LR","MW","MV","ML","MH","FM","NA","NR","NE","PW","PG","PR","WS","SM","ST","SN","SC","SL","SB","KN","LC","VC","SR","TL","TO","TT","TV","VU","AZ","BN","BI","KH","CM","TD","KM","GQ","SZ","GA","GN","KG","LA","MO","MR","MN","NP","RW","TG","UZ","ZW","BJ","MG","MU","MZ","AO","CI","DJ","ZM","CD","CG","IQ","LY","TJ","VE","ET","XK"],"disc_number":1,"duration_ms":194400,"explicit":false,"external_urls":{"spotify":"https://open.spotify.com/track/0rdosyFAigBykI6jZFXWpn"},"href":"https://api.spotify.com/v1/tracks/0rdosyFAigBykI6jZFXWpn","id":"0rdosyFAigBykI6jZFXWpn","name":"NO IMPORTA EL DÍA","preview_url":null,"track_number":5,"type":"track","uri":"spotify:track:0rdosyFAigBykI6jZFXWpn","is_local":false},{"artists":[{"external_urls":{"spotify":"https://open.spotify.com/artist/3r7eiuLSmaw4jXeUG6NatF"},"href":"https://api.spotify.com/v1/artists/3r7eiuLSmaw4jXeUG6NatF","id":"3r7eiuLSmaw4jXeUG6NatF","name":"MAGNA","type":"artist","uri":"spotify:artist:3r7eiuLSmaw4jXeUG6NatF"},{"external_urls":{"spotify":"https://open.spotify.com/artist/4VMnjerpap9qiBhkTXDdtC"},"href":"https://api.spotify.com/v1/artists/4VMnjerpap9qiBhkTXDdtC","id":"4VMnjerpap9qiBhkTXDdtC","name":"Enzo","type":"artist","uri":"spotify:artist:4VMnjerpap9qiBhkTXDdtC"}],"available_markets":["AR","AU","AT","BE","BO","BR","BG","CA","CL","CO","CR","CY","CZ","DK","DO","DE","EC","EE","SV","FI","FR","GR","GT","HN","HK","HU","IS","IE","IT","LV","LT","LU","MY","MT","MX","NL","NZ","NI","NO","PA","PY","PE","PH","PL","PT","SG","SK","ES","SE","CH","TW","TR","UY","US","GB","AD","LI","MC","ID","JP","TH","VN","RO","IL","ZA","SA","AE","BH","QA","OM","KW","EG","MA","DZ","TN","LB","JO","PS","IN","BY","KZ","MD","UA","AL","BA","HR","ME","MK","RS","SI","KR","BD","PK","LK","GH","KE","NG","TZ","UG","AG","AM","BS","BB","BZ","BT","BW","BF","CV","CW","DM","FJ","GM","GE","GD","GW","GY","HT","JM","KI","LS","LR","MW","MV","ML","MH","FM","NA","NR","NE","PW","PG","PR","WS","SM","ST","SN","SC","SL","SB","KN","LC","VC","SR","TL","TO","TT","TV","VU","AZ","BN","BI","KH","CM","TD","KM","GQ","SZ","GA","GN","KG","LA","MO","MR","MN","NP","RW","TG","UZ","ZW","BJ","MG","MU","MZ","AO","CI","DJ","ZM","CD","CG","IQ","LY","TJ","VE","ET","XK"],"disc_number":1,"duration_ms":143571,"explicit":false,"external_urls":{"spotify":"https://open.spotify.com/track/6R0O8aOXxQwUhWH1l6ThCw"},"href":"https://api.spotify.com/v1/tracks/6R0O8aOXxQwUhWH1l6ThCw","id":"6R0O8aOXxQwUhWH1l6ThCw","name":"ME ACUERDA A TI","preview_url":null,"track_number":6,"type":"track","uri":"spotify:track:6R0O8aOXxQwUhWH1l6ThCw","is_local":false},{"artists":[{"external_urls":{"spotify":"https://open.spotify.com/artist/3r7eiuLSmaw4jXeUG6NatF"},"href":"https://api.spotify.com/v1/artists/3r7eiuLSmaw4jXeUG6NatF","id":"3r7eiuLSmaw4jXeUG6NatF","name":"MAGNA","type":"artist","uri":"spotify:artist:3r7eiuLSmaw4jXeUG6NatF"}],"available_markets":["AR","AU","AT","BE","BO","BR","BG","CA","CL","CO","CR","CY","CZ","DK","DO","DE","EC","EE","SV","FI","FR","GR","GT","HN","HK","HU","IS","IE","IT","LV","LT","LU","MY","MT","MX","NL","NZ","NI","NO","PA","PY","PE","PH","PL","PT","SG","SK","ES","SE","CH","TW","TR","UY","US","GB","AD","LI","MC","ID","JP","TH","VN","RO","IL","ZA","SA","AE","BH","QA","OM","KW","EG","MA","DZ","TN","LB","JO","PS","IN","BY","KZ","MD","UA","AL","BA","HR","ME","MK","RS","SI","KR","BD","PK","LK","GH","KE","NG","TZ","UG","AG","AM","BS","BB","BZ","BT","BW","BF","CV","CW","DM","FJ","GM","GE","GD","GW","GY","HT","JM","KI","LS","LR","MW","MV","ML","MH","FM","NA","NR","NE","PW","PG","PR","WS","SM","ST","SN","SC","SL","SB","KN","LC","VC","SR","TL","TO","TT","TV","VU","AZ","BN","BI","KH","CM","TD","KM","GQ","SZ","GA","GN","KG","LA","MO","MR","MN","NP","RW","TG","UZ","ZW","BJ","MG","MU","MZ","AO","CI","DJ","ZM","CD","CG","IQ","LY","TJ","VE","ET","XK"],"disc_number":1,"duration_ms":191666,"explicit":false,"external_urls":{"spotify":"https://open.spotify.com/track/4Xzp9jo2ZY11G2wY8h3FF0"},"href":"https://api.spotify.com/v1/tracks/4Xzp9jo2ZY11G2wY8h3FF0","id":"4Xzp9jo2ZY11G2wY8h3FF0","name":"PLAYA DE BARCELONA","preview_url":null,"track_number":7,"type":"track","uri":"spotify:track:4Xzp9jo2ZY11G2wY8h3FF0","is_local":false},{"artists":[{"external_urls":{"spotify":"https://open.spotify.com/artist/3r7eiuLSmaw4jXeUG6NatF"},"href":"https://api.spotify.com/v1/artists/3r7eiuLSmaw4jXeUG6NatF","id":"3r7eiuLSmaw4jXeUG6NatF","name":"MAGNA","type":"artist","uri":"spotify:artist:3r7eiuLSmaw4jXeUG6NatF"},{"external_urls":{"spotify":"https://open.spotify.com/artist/5RLbaO6vu3wyo06gAMxAQh"},"href":"https://api.spotify.com/v1/artists/5RLbaO6vu3wyo06gAMxAQh","id":"5RLbaO6vu3wyo06gAMxAQh","name":"Francely Abreuu","type":"artist","uri":"spotify:artist:5RLbaO6vu3wyo06gAMxAQh"}],"available_markets":["AR","AU","AT","BE","BO","BR","BG","CA","CL","CO","CR","CY","CZ","DK","DO","DE","EC","EE","SV","FI","FR","GR","GT","HN","HK","HU","IS","IE","IT","LV","LT","LU","MY","MT","MX","NL","NZ","NI","NO","PA","PY","PE","PH","PL","PT","SG","SK","ES","SE","CH","TW","TR","UY","US","GB","AD","LI","MC","ID","JP","TH","VN","RO","IL","ZA","SA","AE","BH","QA","OM","KW","EG","MA","DZ","TN","LB","JO","PS","IN","BY","KZ","MD","UA","AL","BA","HR","ME","MK","RS","SI","KR","BD","PK","LK","GH","KE","NG","TZ","UG","AG","AM","BS","BB","BZ","BT","BW","BF","CV","CW","DM","FJ","GM","GE","GD","GW","GY","HT","JM","KI","LS","LR","MW","MV","ML","MH","FM","NA","NR","NE","PW","PG","PR","WS","SM","ST","SN","SC","SL","SB","KN","LC","VC","SR","TL","TO","TT","TV","VU","AZ","BN","BI","KH","CM","TD","KM","GQ","SZ","GA","GN","KG","LA","MO","MR","MN","NP","RW","TG","UZ","ZW","BJ","MG","MU","MZ","AO","CI","DJ","ZM","CD","CG","IQ","LY","TJ","VE","ET","XK"],"disc_number":1,"duration_ms":201355,"explicit":false,"external_urls":{"spotify":"https://open.spotify.com/track/0J5qgtRzftokBjWUHR8syS"},"href":"https://api.spotify.com/v1/tracks/0J5qgtRzftokBjWUHR8syS","id":"0J5qgtRzftokBjWUHR8syS","name":"SAL","preview_url":null,"track_number":8,"type":"track","uri":"spotify:track:0J5qgtRzftokBjWUHR8syS","is_local":false},{"artists":[{"external_urls":{"spotify":"https://open.spotify.com/artist/3r7eiuLSmaw4jXeUG6NatF"},"href":"https://api.spotify.com/v1/artists/3r7eiuLSmaw4jXeUG6NatF","id":"3r7eiuLSmaw4jXeUG6NatF","name":"MAGNA","type":"artist","uri":"spotify:artist:3r7eiuLSmaw4jXeUG6NatF"},{"external_urls":{"spotify":"https://open.spotify.com/artist/3e9aKKEgSOjIQS9gv2Nr1X"},"href":"https://api.spotify.com/v1/artists/3e9aKKEgSOjIQS9gv2Nr1X","id":"3e9aKKEgSOjIQS9gv2Nr1X","name":"ARIA VEGA","type":"artist","uri":"spotify:artist:3e9aKKEgSOjIQS9gv2Nr1X"}],"available_markets":["AR","AU","AT","BE","BO","BR","BG","CA","CL","CO","CR","CY","CZ","DK","DO","DE","EC","EE","SV","FI","FR","GR","GT","HN","HK","HU","IS","IE","IT","LV","LT","LU","MY","MT","MX","NL","NZ","NI","NO","PA","PY","PE","PH","PL","PT","SG","SK","ES","SE","CH","TW","TR","UY","US","GB","AD","LI","MC","ID","JP","TH","VN","RO","IL","ZA","SA","AE","BH","QA","OM","KW","EG","MA","DZ","TN","LB","JO","PS","IN","BY","KZ","MD","UA","AL","BA","HR","ME","MK","RS","SI","KR","BD","PK","LK","GH","KE","NG","TZ","UG","AG","AM","BS","BB","BZ","BT","BW","BF","CV","CW","DM","FJ","GM","GE","GD","GW","GY","HT","JM","KI","LS","LR","MW","MV","ML","MH","FM","NA","NR","NE","PW","PG","PR","WS","SM","ST","SN","SC","SL","SB","KN","LC","VC","SR","TL","TO","TT","TV","VU","AZ","BN","BI","KH","CM","TD","KM","GQ","SZ","GA","GN","KG","LA","MO","MR","MN","NP","RW","TG","UZ","ZW","BJ","MG","MU","MZ","AO","CI","DJ","ZM","CD","CG","IQ","LY","TJ","VE","ET","XK"],"disc_number":1,"duration_ms":167213,"explicit":false,"external_urls":{"spotify":"https://open.spotify.com/track/2WYjLEYwE1vIWC6XNMN94z"},"href":"https://api.spotify.com/v1/tracks/2WYjLEYwE1vIWC6XNMN94z","id":"2WYjLEYwE1vIWC6XNMN94z","name":"UN CUARTICO","preview_url":null,"track_number":9,"type":"track","uri":"spotify:track:2WYjLEYwE1vIWC6XNMN94z","is_local":false},{"artists":[{"external_urls":{"spotify":"https://open.spotify.com/artist/3r7eiuLSmaw4jXeUG6NatF"},"href":"https://api.spotify.com/v1/artists/3r7eiuLSmaw4jXeUG6NatF","id":"3r7eiuLSmaw4jXeUG6NatF","name":"MAGNA","type":"artist","uri":"spotify:artist:3r7eiuLSmaw4jXeUG6NatF"}],"available_markets":["AR","AU","AT","BE","BO","BR","BG","CA","CL","CO","CR","CY","CZ","DK","DO","DE","EC","EE","SV","FI","FR","GR","GT","HN","HK","HU","IS","IE","IT","LV","LT","LU","MY","MT","MX","NL","NZ","NI","NO","PA","PY","PE","PH","PL","PT","SG","SK","ES","SE","CH","TW","TR","UY","US","GB","AD","LI","MC","ID","JP","TH","VN","RO","IL","ZA","SA","AE","BH","QA","OM","KW","EG","MA","DZ","TN","LB","JO","PS","IN","BY","KZ","MD","UA","AL","BA","HR","ME","MK","RS","SI","KR","BD","PK","LK","GH","KE","NG","TZ","UG","AG","AM","BS","BB","BZ","BT","BW","BF","CV","CW","DM","FJ","GM","GE","GD","GW","GY","HT","JM","KI","LS","LR","MW","MV","ML","MH","FM","NA","NR","NE","PW","PG","PR","WS","SM","ST","SN","SC","SL","SB","KN","LC","VC","SR","TL","TO","TT","TV","VU","AZ","BN","BI","KH","CM","TD","KM","GQ","SZ","GA","GN","KG","LA","MO","MR","MN","NP","RW","TG","UZ","ZW","BJ","MG","MU","MZ","AO","CI","DJ","ZM","CD","CG","IQ","LY","TJ","VE","ET","XK"],"disc_number":1,"duration_ms":175945,"explicit":false,"external_urls":{"spotify":"https://open.spotify.com/track/6W17wo0BGzSuyZ6EqE7i07"},"href":"https://api.spotify.com/v1/tracks/6W17wo0BGzSuyZ6EqE7i07","id":"6W17wo0BGzSuyZ6EqE7i07","name":"OTRA DIRECCIÓN","preview_url":null,"track_number":10,"type":"track","uri":"spotify:track:6W17wo0BGzSuyZ6EqE7i07","is_local":false}]},"copyrights":[{"text":"© 2024 Zarpazo Entertainment / HYBE Latin America","type":"C"},{"text":"℗ 2024 Zarpazo Entertainment / HYBE Latin America","type":"P"}],"external_ids":{"upc":"198704095139"},"genres":[],"label":"MiDuende","popularity":37},{"album_type":"album","total_tracks":12,"available_markets":["AR","AU","AT","BE","BO","BR","BG","CA","CL","CO","CR","CY","CZ","DK","DO","DE","EC","EE","SV","FI","FR","GR","GT","HN","HK","HU","IS","IE","IT","LV","LT","LU","MY","MT","MX","NL","NZ","NI","NO","PA","PY","PE","PH","PL","PT","SG","SK","ES","SE","CH","TW","TR","UY","US","GB","AD","LI","MC","ID","JP","TH","VN","RO","IL","ZA","SA","AE","BH","QA","OM","KW","EG","MA","DZ","TN","LB","JO","PS","IN","KZ","MD","UA","AL","BA","HR","ME","MK","RS","SI","KR","BD","PK","LK","GH","KE","NG","TZ","UG","AG","AM","BS","BB","BZ","BT","BW","BF","CV","CW","DM","FJ","GM","GE","GD","GW","GY","HT","JM","KI","LS","LR","MW","MV","ML","MH","FM","NA","NR","NE","PW","PG","WS","SM","ST","SN","SC","SL","SB","KN","LC","VC","SR","TL","TO","TT","TV","VU","AZ","BN","BI","KH","CM","TD","KM","GQ","SZ","GA","GN","KG","LA","MO","MR","MN","NP","RW","TG","UZ","ZW","BJ","MG","MU","MZ","AO","CI","DJ","ZM","CD","CG","IQ","LY","TJ","VE","ET","XK"],"external_urls":{"spotify":"https://open.spotify.com/album/4B4Elma4nNDUyl6D5PvQkj"},"href":"https://api.spotify.com/v1/albums/4B4Elma4nNDUyl6D5PvQkj","id":"4B4Elma4nNDUyl6D5PvQkj","images":[{"url":"https://i.scdn.co/image/ab67616d0000b2735e1ec3f6b114e4e4924f006f","height":640,"width":640},{"url":"https://i.scdn.co/image/ab67616d00001e025e1ec3f6b114e4e4924f006f","height":300,"width":300},{"url":"https://i.scdn.co/image/ab67616d000048515e1ec3f6b114e4e4924f006f","height":64,"width":64}],"name":"Short n' Sweet","release_date":"2024-08-23","release_date_precision":"day","type":"album","uri":"spotify:album:4B4Elma4nNDUyl6D5PvQkj","artists":[{"external_urls":{"spotify":"https://open.spotify.com/artist/74KM79TiuVKeVCqs8QtB0B"},"href":"https://api.spotify.com/v1/artists/74KM79TiuVKeVCqs8QtB0B","id":"74KM79TiuVKeVCqs8QtB0B","name":"Sabrina Carpenter","type":"artist","uri":"spotify:artist:74KM79TiuVKeVCqs8QtB0B"}],"tracks":{"href":"https://api.spotify.com/v1/albums/4B4Elma4nNDUyl6D5PvQkj/tracks?offset=0&limit=50","limit":50,"next":null,"offset":0,"previous":null,"total":12,"items":[{"artists":[{"external_urls":{"spotify":"https://open.spotify.com/artist/74KM79TiuVKeVCqs8QtB0B"},"href":"https://api.spotify.com/v1/artists/74KM79TiuVKeVCqs8QtB0B","id":"74KM79TiuVKeVCqs8QtB0B","name":"Sabrina Carpenter","type":"artist","uri":"spotify:artist:74KM79TiuVKeVCqs8QtB0B"}],"available_markets":["AR","AU","AT","BE","BO","BR","BG","CA","CL","CO","CR","CY","CZ","DK","DO","DE","EC","EE","SV","FI","FR","GR","GT","HN","HK","HU","IS","IE","IT","LV","LT","LU","MY","MT","MX","NL","NZ","NI","NO","PA","PY","PE","PH","PL","PT","SG","SK","ES","SE","CH","TW","TR","UY","US","GB","AD","LI","MC","ID","JP","TH","VN","RO","IL","ZA","SA","AE","BH","QA","OM","KW","EG","MA","DZ","TN","LB","JO","PS","IN","KZ","MD","UA","AL","BA","HR","ME","MK","RS","SI","KR","BD","PK","LK","GH","KE","NG","TZ","UG","AG","AM","BS","BB","BZ","BT","BW","BF","CV","CW","DM","FJ","GM","GE","GD","GW","GY","HT","JM","KI","LS","LR","MW","MV","ML","MH","FM","NA","NR","NE","PW","PG","WS","SM","ST","SN","SC","SL","SB","KN","LC","VC","SR","TL","TO","TT","TV","VU","AZ","BN","BI","KH","CM","TD","KM","GQ","SZ","GA","GN","KG","LA","MO","MR","MN","NP","RW","TG","UZ","ZW","BJ","MG","MU","MZ","AO","CI","DJ","ZM","CD","CG","IQ","LY","TJ","VE","ET","XK"],"disc_number":1,"duration_ms":157279,"explicit":false,"external_urls":{"spotify":"https://open.spotify.com/track/1d7Ptw3qYcfpdLNL5REhtJ"},"href":"https://api.spotify.com/v1/tracks/1d7Ptw3qYcfpdLNL5REhtJ","id":"1d7Ptw3qYcfpdLNL5REhtJ","name":"Taste","preview_url":null,"track_number":1,"type":"track","uri":"spotify:track:1d7Ptw3qYcfpdLNL5REhtJ","is_local":false},{"artists":[{"external_urls":{"spotify":"https://open.spotify.com/artist/74KM79TiuVKeVCqs8QtB0B"},"href":"https://api.spotify.com/v1/artists/74KM79TiuVKeVCqs8QtB0B","id":"74KM79TiuVKeVCqs8QtB0B","name":"Sabrina Carpenter","type":"artist","uri":"spotify:artist:74KM79TiuVKeVCqs8QtB0B"}],"available_markets":["AR","AU","AT","BE","BO","BR","BG","CA","CL","CO","CR","CY","CZ","DK","DO","DE","EC","EE","SV","FI","FR","GR","GT","HN","HK","HU","IS","IE","IT","LV","LT","LU","MY","MT","MX","NL","NZ","NI","NO","PA","PY","PE","PH","PL","PT","SG","SK","ES","SE","CH","TW","TR","UY","US","GB","AD","LI","MC","ID","JP","TH","VN","RO","IL","ZA","SA","AE","BH","QA","OM","KW","EG","MA","DZ","TN","LB","JO","PS","IN","KZ","MD","UA","AL","BA","HR","ME","MK","RS","SI","KR","BD","PK","LK","GH","KE","NG","TZ","UG","AG","AM","BS","BB","BZ","BT","BW","BF","CV","CW","DM","FJ","GM","GE","GD","GW","GY","HT","JM","KI","LS","LR","MW","MV","ML","MH","FM","NA","NR","NE","PW","PG","WS","SM","ST","SN","SC","SL","SB","KN","LC","VC","SR","TL","TO","TT","TV","VU","AZ","BN","BI","KH","CM","TD","KM","GQ","SZ","GA","GN","KG","LA","MO","MR","MN","NP","RW","TG","UZ","ZW","BJ","MG","MU","MZ","AO","CI","DJ","ZM","CD","CG","IQ","LY","TJ","VE","ET","XK"],"disc_number":1,"duration_ms":186170,"explicit":false,"external_urls":{"spotify":"https://open.spotify.com/track/1KE8CYkUEbVbCdEyO1nIfU"},"href":"https://api.spotify.com/v1/tracks/1KE8CYkUEbVbCdEyO1nIfU","id":"1KE8CYkUEbVbCdEyO1nIfU","name":"Please Please Please","preview_url":null,"track_number":2,"type":"track","uri":"spotify:track:1KE8CYkUEbVbCdEyO1nIfU","is_local":false},{"artists":[{"external_urls":{"spotify":"https://open.spotify.com/artist/74KM79TiuVKeVCqs8QtB0B"},"href":"https://api.spotify.com/v1/artists/74KM79TiuVKeVCqs8QtB0B","id":"74KM79TiuVKeVCqs8QtB0B","name":"Sabrina Carpenter","type":"artist","uri":"spotify:artist:74KM79TiuVKeVCqs8QtB0B"}],"available_markets":["AR","AU","AT","BE","BO","BR","BG","CA","CL","CO","CR","CY","CZ","DK","DO","DE","EC","EE","SV","FI","FR","GR","GT","HN","HK","HU","IS","IE","IT","LV","LT","LU","MY","MT","MX","NL","NZ","NI","NO","PA","PY","PE","PH","PL","PT","SG","SK","ES","SE","CH","TW","TR","UY","US","GB","AD","LI","MC","ID","JP","TH","VN","RO","IL","ZA","SA","AE","BH","QA","OM","KW","EG","MA","DZ","TN","LB","JO","PS","IN","KZ","MD","UA","AL","BA","HR","ME","MK","RS","SI","KR","BD","PK","LK","GH","KE","NG","TZ","UG","AG","AM","BS","BB","BZ","BT","BW","BF","CV","CW","DM","FJ","GM","GE","GD","GW","GY","HT","JM","KI","LS","LR","MW","MV","ML","MH","FM","NA","NR","NE","PW","PG","WS","SM","ST","SN","SC","SL","SB","KN","LC","VC","SR","TL","TO","TT","TV","VU","AZ","BN","BI","KH","CM","TD","KM","GQ","SZ","GA","GN","KG","LA","MO","MR","MN","NP","RW","TG","UZ","ZW","BJ","MG","MU","MZ","AO","CI","DJ","ZM","CD","CG","IQ","LY","TJ","VE","ET","XK"],"disc_number":1,"duration_ms":185265,"explicit":false,"external_urls":{"spotify":"https://open.spotify.com/track/40B0m5nazT7TmUb8ztyk73"},"href":"https://api.spotify.com/v1/tracks/40B0m5nazT7TmUb8ztyk73","id":"40B0m5nazT7TmUb8ztyk73","name":"Good Graces","preview_url":null,"track_number":3,"type":"track","uri":"spotify:track:40B0m5nazT7TmUb8ztyk73","is_local":false},{"artists":[{"external_urls":{"spotify":"https://open.spotify.com/artist/74KM79TiuVKeVCqs8QtB0B"},"href":"https://api.spotify.com/v1/artists/74KM79TiuVKeVCqs8QtB0B","id":"74KM79TiuVKeVCqs8QtB0B","name":"Sabrina Carpenter","type":"artist","uri":"spotify:artist:74KM79TiuVKeVCqs8QtB0B"}],"available_markets":["AR","AU","AT","BE","BO","BR","BG","CA","CL","CO","CR","CY","CZ","DK","DO","DE","EC","EE","SV","FI","FR","GR","GT","HN","HK","HU","IS","IE","IT","LV","LT","LU","MY","MT","MX","NL","NZ","NI","NO","PA","PY","PE","PH","PL","PT","SG","SK","ES","SE","CH","TW","TR","UY","US","GB","AD","LI","MC","ID","JP","TH","VN","RO","IL","ZA","SA","AE","BH","QA","OM","KW","EG","MA","DZ","TN","LB","JO","PS","IN","KZ","MD","UA","AL","BA","HR","ME","MK","RS","SI","KR","BD","PK","LK","GH","KE","NG","TZ","UG","AG","AM","BS","BB","BZ","BT","BW","BF","CV","CW","DM","FJ","GM","GE","GD","GW","GY","HT","JM","KI","LS","LR","MW","MV","ML","MH","FM","NA","NR","NE","PW","PG","WS","SM","ST","SN","SC","SL","SB","KN","LC","VC","SR","TL","TO","TT","TV","VU","AZ","BN","BI","KH","CM","TD","KM","GQ","SZ","GA","GN","KG","LA","MO","MR","MN","NP","RW","TG","UZ","ZW","BJ","MG","MU","MZ","AO","CI","DJ","ZM","CD","CG","IQ","LY","TJ","VE","ET","XK"],"disc_number":1,"duration_ms":218284,"explicit":false,"external_urls":{"spotify":"https://open.spotify.com/track/3f0tRUl1npgHhkuta4jdDI"},"href":"https://api.spotify.com/v1/tracks/3f0tRUl1npgHhkuta4jdDI","id":"3f0tRUl1npgHhkuta4jdDI","name":"Sharpest Tool","preview_url":null,"track_number":4,"type":"track","uri":"spotify:track:3f0tRUl1npgHhkuta4jdDI","is_local":false},{"artists":[{"external_urls":{"spotify":"https://open.spotify.com/artist/74KM79TiuVKeVCqs8QtB0B"},"href":"https://api.spotify.com/v1/artists/74KM79TiuVKeVCqs8QtB0B","id":"74KM79TiuVKeVCqs8QtB0B","name":"Sabrina Carpenter","type":"artist","uri":"spotify:artist:74KM79TiuVKeVCqs8QtB0B"}],"available_markets":["AR","AU","AT","BE","BO","BR","BG","CA","CL","CO","CR","CY","CZ","DK","DO","DE","EC","EE","SV","FI","FR","GR","GT","HN","HK","HU","IS","IE","IT","LV","LT","LU","MY","MT","MX","NL","NZ","NI","NO","PA","PY","PE","PH","PL","PT","SG","SK","ES","SE","CH","TW","TR","UY","US","GB","AD","LI","MC","ID","JP","TH","VN","RO","IL","ZA","SA","AE","BH","QA","OM","KW","EG","MA","DZ","TN","LB","JO","PS","IN","KZ","MD","UA","AL","BA","HR","ME","MK","RS","SI","KR","BD","PK","LK","GH","KE","NG","TZ","UG","AG","AM","BS","BB","BZ","BT","BW","BF","CV","CW","DM","FJ","GM","GE","GD","GW","GY","HT","JM","KI","LS","LR","MW","MV","ML","MH","FM","NA","NR","NE","PW","PG","WS","SM","ST","SN","SC","SL","SB","KN","LC","VC","SR","TL","TO","TT","TV","VU","AZ","BN","BI","KH","CM","TD","KM","GQ","SZ","GA","GN","KG","LA","MO","MR","MN","NP","RW","TG","UZ","ZW","BJ","MG","MU","MZ","AO","CI","DJ","ZM","CD","CG","IQ","LY","TJ","VE","ET","XK"],"disc_number":1,"duration_ms":164202,"explicit":false,"external_urls":{"spotify":"https://open.spotify.com/track/0x2c3kWgC2mSS4wItmPmx7"},"href":"https://api.spotify.com/v1/tracks/0x2c3kWgC2mSS4wItmPmx7","id":"0x2c3kWgC2mSS4wItmPmx7","name":"Coincidence","preview_url":null,"track_number":5,"type":"track","uri":"spotify:track:0x2c3kWgC2mSS4wItmPmx7","is_local":false},{"artists":[{"external_urls":{"spotify":"https://open.spotify.com/artist/74KM79TiuVKeVCqs8QtB0B"},"href":"https://api.spotify.com/v1/artists/74KM79TiuVKeVCqs8QtB0B","id":"74KM79TiuVKeVCqs8QtB0B","name":"Sabrina Carpenter","type":"artist","uri":"spotify:artist:74KM79TiuVKeVCqs8QtB0B"}],"available_markets":["AR","AU","AT","BE","BO","BR","BG","CA","CL","CO","CR","CY","CZ","DK","DO","DE","EC","EE","SV","FI","FR","GR","GT","HN","HK","HU","IS","IE","IT","LV","LT","LU","MY","MT","MX","NL","NZ","NI","NO","PA","PY","PE","PH","PL","PT","SG","SK","ES","SE","CH","TW","TR","UY","US","GB","AD","LI","MC","ID","JP","TH","VN","RO","IL","ZA","SA","AE","BH","QA","OM","KW","EG","MA","DZ","TN","LB","JO","PS","IN","KZ","MD","UA","AL","BA","HR","ME","MK","RS","SI","KR","BD","PK","LK","GH","KE","NG","TZ","UG","AG","AM","BS","BB","BZ","BT","BW","BF","CV","CW","DM","FJ","GM","GE","GD","GW","GY","HT","JM","KI","LS","LR","MW","MV","ML","MH","FM","NA","NR","NE","PW","PG","WS","SM","ST","SN","SC","SL","SB","KN","LC","VC","SR","TL","TO","TT","TV","VU","AZ","BN","BI","KH","CM","TD","KM","GQ","SZ","GA","GN","KG","LA","MO","MR","MN","NP","RW","TG","UZ","ZW","BJ","MG","MU","MZ","AO","CI","DJ","ZM","CD","CG","IQ","LY","TJ","VE","ET","XK"],"disc_number":1,"duration_ms":171869,"explicit":false,"external_urls":{"spotify":"https://open.spotify.com/track/3hppjCoD5ruwTaoyJ0J5Wh"},"href":"https://api.spotify.com/v1/tracks/3hppjCoD5ruwTaoyJ0J5Wh","id":"3hppjCoD5ruwTaoyJ0J5Wh","name":"Bed Chem","preview_url":null,"track_number":6,"type":"track","uri":"spotify:track:3hppjCoD5ruwTaoyJ0J5Wh","is_local":false},{"artists":[{"external_urls":{"spotify":"https://open.spotify.com/artist/74KM79TiuVKeVCqs8QtB0B"},"href":"https://api.spotify.com/v1/artists/74KM79TiuVKeVCqs8QtB0B","id":"74KM79TiuVKeVCqs8QtB0B","name":"Sabrina Carpenter","type":"artist","uri":"spotify:artist:74KM79TiuVKeVCqs8QtB0B"}],"available_markets":["AR","AU","AT","BE","BO","BR","BG","CA","CL","CO","CR","CY","CZ","DK","DO","DE","EC","EE","SV","FI","FR","GR","GT","HN","HK","HU","IS","IE","IT","LV","LT","LU","MY","MT","MX","NL","NZ","NI","NO","PA","PY","PE","PH","PL","PT","SG","SK","ES","SE","CH","TW","TR","UY","US","GB","AD","LI","MC","ID","JP","TH","VN","RO","IL","ZA","SA","AE","BH","QA","OM","KW","EG","MA","DZ","TN","LB","JO","PS","IN","KZ","MD","UA","AL","BA","HR","ME","MK","RS","SI","KR","BD","PK","LK","GH","KE","NG","TZ","UG","AG","AM","BS","BB","BZ","BT","BW","BF","CV","CW","DM","FJ","GM","GE","GD","GW","GY","HT","JM","KI","LS","LR","MW","MV","ML","MH","FM","NA","NR","NE","PW","PG","WS","SM","ST","SN","SC","SL","SB","KN","LC","VC","SR","TL","TO","TT","TV","VU","AZ","BN","BI","KH","CM","TD","KM","GQ","SZ","GA","GN","KG","LA","MO","MR","MN","NP","RW","TG","UZ","ZW","BJ","MG","MU","MZ","AO","CI","DJ","ZM","CD","CG","IQ","LY","TJ","VE","ET","XK"],"disc_number":1,"duration_ms":175459,"explicit":false,"external_urls":{"spotify":"https://open.spotify.com/track/1QUyotJH8XoTEan8aZdsiV"},"href":"https://api.spotify.com/v1/tracks/1QUyotJH8XoTEan8aZdsiV","id":"1QUyotJH8XoTEan8aZdsiV","name":"Espresso","preview_url":null,"track_number":7,"type":"track","uri":"spotify:track:1QUyotJH8XoTEan8aZdsiV","is_local":false},{"artists":[{"external_urls":{"spotify":"https://open.spotify.com/artist/74KM79TiuVKeVCqs8QtB0B"},"href":"https://api.spotify.com/v1/artists/74KM79TiuVKeVCqs8QtB0B","id":"74KM79TiuVKeVCqs8QtB0B","name":"Sabrina Carpenter","type":"artist","uri":"spotify:artist:74KM79TiuVKeVCqs8QtB0B"}],"available_markets":["AR","AU","AT","BE","BO","BR","BG","CA","CL","CO","CR","CY","CZ","DK","DO","DE","EC","EE","SV","FI","FR","GR","GT","HN","HK","HU","IS","IE","IT","LV","LT","LU","MY","MT","MX","NL","NZ","NI","NO","PA","PY","PE","PH","PL","PT","SG","SK","ES","SE","CH","TW","TR","UY","US","GB","AD","LI","MC","ID","JP","TH","VN","RO","IL","ZA","SA","AE","BH","QA","OM","KW","EG","MA","DZ","TN","LB","JO","PS","IN","KZ","MD","UA","AL","BA","HR","ME","MK","RS","SI","KR","BD","PK","LK","GH","KE","NG","TZ","UG","AG","AM","BS","BB","BZ","BT","BW","BF","CV","CW","DM","FJ","GM","GE","GD","GW","GY","HT","JM","KI","LS","LR","MW","MV","ML","MH","FM","NA","NR","NE","PW","PG","WS","SM","ST","SN","SC","SL","SB","KN","LC","VC","SR","TL","TO","TT","TV","VU","AZ","BN","BI","KH","CM","TD","KM","GQ","SZ","GA","GN","KG","LA","MO","MR","MN","NP","RW","TG","UZ","ZW","BJ","MG","MU","MZ","AO","CI","DJ","ZM","CD","CG","IQ","LY","TJ","VE","ET","XK"],"disc_number":1,"duration_ms":133478,"explicit":false,"external_urls":{"spotify":"https://open.spotify.com/track/1kM0rpegwnoijthmQbWRcG"},"href":"https://api.spotify.com/v1/tracks/1kM0rpegwnoijthmQbWRcG","id":"1kM0rpegwnoijthmQbWRcG","name":"Dumb & Poetic","preview_url":null,"track_number":8,"type":"track","uri":"spotify:track:1kM0rpegwnoijthmQbWRcG","is_local":false},{"artists":[{"external_urls":{"spotify":"https://open.spotify.com/artist/74KM79TiuVKeVCqs8QtB0B"},"href":"https://api.spotify.com/v1/artists/74KM79TiuVKeVCqs8QtB0B","id":"74KM79TiuVKeVCqs8QtB0B","name":"Sabrina Carpenter","type":"artist","uri":"spotify:artist:74KM79TiuVKeVCqs8QtB0B"}],"available_markets":["AR","AU","AT","BE","BO","BR","BG","CA","CL","CO","CR","CY","CZ","DK","DO","DE","EC","EE","SV","FI","FR","GR","GT","HN","HK","HU","IS","IE","IT","LV","LT","LU","MY","MT","MX","NL","NZ","NI","NO","PA","PY","PE","PH","PL","PT","SG","SK","ES","SE","CH","TW","TR","UY","US","GB","AD","LI","MC","ID","JP","TH","VN","RO","IL","ZA","SA","AE","BH","QA","OM","KW","EG","MA","DZ","TN","LB","JO","PS","IN","KZ","MD","UA","AL","BA","HR","ME","MK","RS","SI","KR","BD","PK","LK","GH","KE","NG","TZ","UG","AG","AM","BS","BB","BZ","BT","BW","BF","CV","CW","DM","FJ","GM","GE","GD","GW","GY","HT","JM","KI","LS","LR","MW","MV","ML","MH","FM","NA","NR","NE","PW","PG","WS","SM","ST","SN","SC","SL","SB","KN","LC","VC","SR","TL","TO","TT","TV","VU","AZ","BN","BI","KH","CM","TD","KM","GQ","SZ","GA","GN","KG","LA","MO","MR","MN","NP","RW","TG","UZ","ZW","BJ","MG","MU","MZ","AO","CI","DJ","ZM","CD","CG","IQ","LY","TJ","VE","ET","XK"],"disc_number":1,"duration_ms":152195,"explicit":false,"external_urls":{"spotify":"https://open.spotify.com/track/7lqSxbrUebhWskjM0WTK7Q"},"href":"https://api.spotify.com/v1/tracks/7lqSxbrUebhWskjM0WTK7Q","id":"7lqSxbrUebhWskjM0WTK7Q","name":"Slim Pickins","preview_url":null,"track_number":9,"type":"track","uri":"spotify:track:7lqSxbrUebhWskjM0WTK7Q","is_local":false},{"artists":[{"external_urls":{"spotify":"https://open.spotify.com/artist/74KM79TiuVKeVCqs8QtB0B"},"href":"https://api.spotify.com/v1/artists/74KM79TiuVKeVCqs8QtB0B","id":"74KM79TiuVKeVCqs8QtB0B","name":"Sabrina Carpenter","type":"artist","uri":"spotify:artist:74KM79TiuVKeVCqs8QtB0B"}],"available_markets":["AR","AU","AT","BE","BO","BR","BG","CA","CL","CO","CR","CY","CZ","DK","DO","DE","EC","EE","SV","FI","FR","GR","GT","HN","HK","HU","IS","IE","IT","LV","LT","LU","MY","MT","MX","NL","NZ","NI","NO","PA","PY","PE","PH","PL","PT","SG","SK","ES","SE","CH","TW","TR","UY","US","GB","AD","LI","MC","ID","JP","TH","VN","RO","IL","ZA","SA","AE","BH","QA","OM","KW","EG","MA","DZ","TN","LB","JO","PS","IN","KZ","MD","UA","AL","BA","HR","ME","MK","RS","SI","KR","BD","PK","LK","GH","KE","NG","TZ","UG","AG","AM","BS","BB","BZ","BT","BW","BF","CV","CW","DM","FJ","GM","GE","GD","GW","GY","HT","JM","KI","LS","LR","MW","MV","ML","MH","FM","NA","NR","NE","PW","PG","WS","SM","ST","SN","SC","SL","SB","KN","LC","VC","SR","TL","TO","TT","TV","VU","AZ","BN","BI","KH","CM","TD","KM","GQ","SZ","GA","GN","KG","LA","MO","MR","MN","NP","RW","TG","UZ","ZW","BJ","MG","MU","MZ","AO","CI","DJ","ZM","CD","CG","IQ","LY","TJ","VE","ET","XK"],"disc_number":1,"duration_ms":223192,"explicit":false,"external_urls":{"spotify":"https://open.spotify.com/track/53cOhgs9hPAyUf2TsbNPQR"},"href":"https://api.spotify.com/v1/tracks/53cOhgs9hPAyUf2TsbNPQR","id":"53cOhgs9hPAyUf2TsbNPQR","name":"Juno","preview_url":null,"track_number":10,"type":"track","uri":"spotify:track:53cOhgs9hPAyUf2TsbNPQR","is_local":false},{"artists":[{"external_urls":{"spotify":"https://open.spotify.com/artist/74KM79TiuVKeVCqs8QtB0B"},"href":"https://api.spotify.com/v1/artists/74KM79TiuVKeVCqs8QtB0B","id":"74KM79TiuVKeVCqs8QtB0B","name":"Sabrina Carpenter","type":"artist","uri":"spotify:artist:74KM79TiuVKeVCqs8QtB0B"}],"available_markets":["AR","AU","AT","BE","BO","BR","BG","CA","CL","CO","CR","CY","CZ","DK","DO","DE","EC","EE","SV","FI","FR","GR","GT","HN","HK","HU","IS","IE","IT","LV","LT","LU","MY","MT","MX","NL","NZ","NI","NO","PA","PY","PE","PH","PL","PT","SG","SK","ES","SE","CH","TW","TR","UY","US","GB","AD","LI","MC","ID","JP","TH","VN","RO","IL","ZA","SA","AE","BH","QA","OM","KW","EG","MA","DZ","TN","LB","JO","PS","IN","KZ","MD","UA","AL","BA","HR","ME","MK","RS","SI","KR","BD","PK","LK","GH","KE","NG","TZ","UG","AG","AM","BS","BB","BZ","BT","BW","BF","CV","CW","DM","FJ","GM","GE","GD","GW","GY","HT","JM","KI","LS","LR","MW","MV","ML","MH","FM","NA","NR","NE","PW","PG","WS","SM","ST","SN","SC","SL","SB","KN","LC","VC","SR","TL","TO","TT","TV","VU","AZ","BN","BI","KH","CM","TD","KM","GQ","SZ","GA","GN","KG","LA","MO","MR","MN","NP","RW","TG","UZ","ZW","BJ","MG","MU","MZ","AO","CI","DJ","ZM","CD","CG","IQ","LY","TJ","VE","ET","XK"],"disc_number":1,"duration_ms":202001,"explicit":false,"external_urls":{"spotify":"https://open.spotify.com/track/1OJpZTdVUZhT5i4ZFL4Aq8"},"href":"https://api.spotify.com/v1/tracks/1OJpZTdVUZhT5i4ZFL4Aq8","id":"1OJpZTdVUZhT5i4ZFL4Aq8","name":"Lie To Girls","preview_url":null,"track_number":11,"type":"track","uri":"spotify:track:1OJpZTdVUZhT5i4ZFL4Aq8","is_local":false},{"artists":[{"external_urls":{"spotify":"https://open.spotify.com/artist/74KM79TiuVKeVCqs8QtB0B"},"href":"https://api.spotify.com/v1/artists/74KM79TiuVKeVCqs8QtB0B","id":"74KM79TiuVKeVCqs8QtB0B","name":"Sabrina Carpenter","type":"artist","uri":"spotify:artist:74KM79TiuVKeVCqs8QtB0B"}],"available_markets":["AR","AU","AT","BE","BO","BR","BG","CA","CL","CO","CR","CY","CZ","DK","DO","DE","EC","EE","SV","FI","FR","GR","GT","HN","HK","HU","IS","IE","IT","LV","LT","LU","MY","MT","MX","NL","NZ","NI","NO","PA","PY","PE","PH","PL","PT","SG","SK","ES","SE","CH","TW","TR","UY","US","GB","AD","LI","MC","ID","JP","TH","VN","RO","IL","ZA","SA","AE","BH","QA","OM","KW","EG","MA","DZ","TN","LB","JO","PS","IN","KZ","MD","UA","AL","BA","HR","ME","MK","RS","SI","KR","BD","PK","LK","GH","KE","NG","TZ","UG","AG","AM","BS","BB","BZ","BT","BW","BF","CV","CW","DM","FJ","GM","GE","GD","GW","GY","HT","JM","KI","LS","LR","MW","MV","ML","MH","FM","NA","NR","NE","PW","PG","WS","SM","ST","SN","SC","SL","SB","KN","LC","VC","SR","TL","TO","TT","TV","VU","AZ","BN","BI","KH","CM","TD","KM","GQ","SZ","GA","GN","KG","LA","MO","MR","MN","NP","RW","TG","UZ","ZW","BJ","MG","MU","MZ","AO","CI","DJ","ZM","CD","CG","IQ","LY","TJ","VE","ET","XK"],"disc_number":1,"duration_ms":206295,"explicit":false,"external_urls":{"spotify":"https://open.spotify.com/track/0cSYz2Ut3YGmscZv7gxDlH"},"href":"https://api.spotify.com/v1/tracks/0cSYz2Ut3YGmscZv7gxDlH","id":"0cSYz2Ut3YGmscZv7gxDlH","name":"Don’t Smile","preview_url":null,"track_number":12,"type":"track","uri":"spotify:track:0cSYz2Ut3YGmscZv7gxDlH","is_local":false}]},"copyrights":[{"text":"© 2024 Island Records, a division of UMG Recordings, Inc.","type":"C"},{"text":"℗ 2024 Island Records, a division of UMG Recordings, Inc.","type":"P"}],"external_ids":{"upc":"00602465957419"},"genres":[],"label":"Island Records","popularity":70},{"album_type":"album","total_tracks":20,"available_markets":["AR","AU","AT","BE","BO","BR","BG","CA","CL","CO","CR","CY","CZ","DK","DO","DE","EC","EE","SV","FI","FR","GR","GT","HN","HK","HU","IS","IE","IT","LV","LT","LU","MY","MT","MX","NL","NZ","NI","NO","PA","PY","PE","PH","PL","PT","SG","SK","ES","SE","CH","TW","TR","UY","US","GB","AD","LI","MC","ID","JP","TH","VN","RO","IL","ZA","SA","AE","BH","QA","OM","KW","EG","MA","DZ","TN","LB","JO","PS","IN","KZ","MD","UA","AL","BA","HR","ME","MK","RS","SI","KR","BD","PK","LK","GH","KE","NG","TZ","UG","AG","AM","BS","BB","BZ","BT","BW","BF","CV","CW","DM","FJ","GM","GE","GD","GW","GY","HT","JM","KI","LS","LR","MW","MV","ML","MH","FM","NA","NR","NE","PW","PG","PR","WS","SM","ST","SN","SC","SL","SB","KN","LC","VC","SR","TL","TO","TT","TV","VU","AZ","BN","BI","KH","CM","TD","KM","GQ","SZ","GA","GN","KG","LA","MO","MR","MN","NP","RW","TG","UZ","ZW","BJ","MG","MU","MZ","AO","CI","DJ","ZM","CD","CG","IQ","LY","TJ","VE","ET","XK"],"external_urls":{"spotify":"https://open.spotify.com/album/6NmYJszy5BaEm1WF4tJL7Z"},"href":"https://api.spotify.com/v1/albums/6NmYJszy5BaEm1WF4tJL7Z","id":"6NmYJszy5BaEm1WF4tJL7Z","images":[{"url":"https://i.scdn.co/image/ab67616d0000b273f5efed2f29ab39ebab066e2a","height":640,"width":640},{"url":"https://i.scdn.co/image/ab67616d00001e02f5efed2f29ab39ebab066e2a","height":300,"width":300},{"url":"https://i.scdn.co/image/ab67616d00004851f5efed2f29ab39ebab066e2a","height":64,"width":64}],"name":"LA PANTERA NEGRA","release_date":"2024-08-22","release_date_precision":"day","type":"album","uri":"spotify:album:6NmYJszy5BaEm1WF4tJL7Z","artists":[{"external_urls":{"spotify":"https://open.spotify.com/artist/7iK8PXO48WeuP03g8YR51W"},"href":"https://api.spotify.com/v1/artists/7iK8PXO48WeuP03g8YR51W","id":"7iK8PXO48WeuP03g8YR51W","name":"Myke Towers","type":"artist","uri":"spotify:artist:7iK8PXO48WeuP03g8YR51W"}],"tracks":{"href":"https://api.spotify.com/v1/albums/6NmYJszy5BaEm1WF4tJL7Z/tracks?offset=0&limit=50","limit":50,"next":null,"offset":0,"previous":null,"total":20,"items":[{"artists":[{"external_urls":{"spotify":"https://open.spotify.com/artist/7iK8PXO48WeuP03g8YR51W"},"href":"https://api.spotify.com/v1/artists/7iK8PXO48WeuP03g8YR51W","id":"7iK8PXO48WeuP03g8YR51W","name":"Myke Towers","type":"artist","uri":"spotify:artist:7iK8PXO48WeuP03g8YR51W"}],"available_markets":["AR","AU","AT","BE","BO","BR","BG","CA","CL","CO","CR","CY","CZ","DK","DO","DE","EC","EE","SV","FI","FR","GR","GT","HN","HK","HU","IS","IE","IT","LV","LT","LU","MY","MT","MX","NL","NZ","NI","NO","PA","PY","PE","PH","PL","PT","SG","SK","ES","SE","CH","TW","TR","UY","US","GB","AD","LI","MC","ID","JP","TH","VN","RO","IL","ZA","SA","AE","BH","QA","OM","KW","EG","MA","DZ","TN","LB","JO","PS","IN","KZ","MD","UA","AL","BA","HR","ME","MK","RS","SI","KR","BD","PK","LK","GH","KE","NG","TZ","UG","AG","AM","BS","BB","BZ","BT","BW","BF","CV","CW","DM","FJ","GM","GE","GD","GW","GY","HT","JM","KI","LS","LR","MW","MV","ML","MH","FM","NA","NR","NE","PW","PG","PR","WS","SM","ST","SN","SC","SL","SB","KN","LC","VC","SR","TL","TO","TT","TV","VU","AZ","BN","BI","KH","CM","TD","KM","GQ","SZ","GA","GN","KG","LA","MO","MR","MN","NP","RW","TG","UZ","ZW","BJ","MG","MU","MZ","AO","CI","DJ","ZM","CD","CG","IQ","LY","TJ","VE","ET","XK"],"disc_number":1,"duration_ms":190826,"explicit":true,"external_urls":{"spotify":"https://open.spotify.com/track/1hrRcfsancQb92OcifmMV1"},"href":"https://api.spotify.com/v1/tracks/1hrRcfsancQb92OcifmMV1","id":"1hrRcfsancQb92OcifmMV1","name":"COMPETENCIA","preview_url":null,"track_number":1,"type":"track","uri":"spotify:track:1hrRcfsancQb92OcifmMV1","is_local":false},{"artists":[{"external_urls":{"spotify":"https://open.spotify.com/artist/7iK8PXO48WeuP03g8YR51W"},"href":"https://api.spotify.com/v1/artists/7iK8PXO48WeuP03g8YR51W","id":"7iK8PXO48WeuP03g8YR51W","name":"Myke Towers","type":"artist","uri":"spotify:artist:7iK8PXO48WeuP03g8YR51W"}],"available_markets":["AR","AU","AT","BE","BO","BR","BG","CA","CL","CO","CR","CY","CZ","DK","DO","DE","EC","EE","SV","FI","FR","GR","GT","HN","HK","HU","IS","IE","IT","LV","LT","LU","MY","MT","MX","NL","NZ","NI","NO","PA","PY","PE","PH","PL","PT","SG","SK","ES","SE","CH","TW","TR","UY","US","GB","AD","LI","MC","ID","JP","TH","VN","RO","IL","ZA","SA","AE","BH","QA","OM","KW","EG","MA","DZ","TN","LB","JO","PS","IN","KZ","MD","UA","AL","BA","HR","ME","MK","RS","SI","KR","BD","PK","LK","GH","KE","NG","TZ","UG","AG","AM","BS","BB","BZ","BT","BW","BF","CV","CW","DM","FJ","GM","GE","GD","GW","GY","HT","JM","KI","LS","LR","MW","MV","ML","MH","FM","NA","NR","NE","PW","PG","PR","WS","SM","ST","SN","SC","SL","SB","KN","LC","VC","SR","TL","TO","TT","TV","VU","AZ","BN","BI","KH","CM","TD","KM","GQ","SZ","GA","GN","KG","LA","MO","MR","MN","NP","RW","TG","UZ","ZW","BJ","MG","MU","MZ","AO","CI","DJ","ZM","CD","CG","IQ","LY","TJ","VE","ET","XK"],"disc_number":1,"duration_ms":169026,"explicit":true,"external_urls":{"spotify":"https://open.spotify.com/track/5EUCaO1SzuWNM3Fs0GOzt5"},"href":"https://api.spotify.com/v1/tracks/5EUCaO1SzuWNM3Fs0GOzt5","id":"5EUCaO1SzuWNM3Fs0GOzt5","name":"OTRA OPORTUNIDAD","preview_url":null,"track_number":2,"type":"track","uri":"spotify:track:5EUCaO1SzuWNM3Fs0GOzt5","is_local":false},{"artists":[{"external_urls":{"spotify":"https://open.spotify.com/artist/7iK8PXO48WeuP03g8YR51W"},"href":"https://api.spotify.com/v1/artists/7iK8PXO48WeuP03g8YR51W","id":"7iK8PXO48WeuP03g8YR51W","name":"Myke Towers","type":"artist","uri":"spotify:artist:7iK8PXO48WeuP03g8YR51W"},{"external_urls":{"spotify":"https://open.spotify.com/artist/2cPqdH7XMvwaBJEVjheH8g"},"href":"https://api.spotify.com/v1/artists/2cPqdH7XMvwaBJEVjheH8g","id":"2cPqdH7XMvwaBJEVjheH8g","name":"Jay Wheeler","type":"artist","uri":"spotify:artist:2cPqdH7XMvwaBJEVjheH8g"}],"available_markets":["AR","AU","AT","BE","BO","BR","BG","CA","CL","CO","CR","CY","CZ","DK","DO","DE","EC","EE","SV","FI","FR","GR","GT","HN","HK","HU","IS","IE","IT","LV","LT","LU","MY","MT","MX","NL","NZ","NI","NO","PA","PY","PE","PH","PL","PT","SG","SK","ES","SE","CH","TW","TR","UY","US","GB","AD","LI","MC","ID","JP","TH","VN","RO","IL","ZA","SA","AE","BH","QA","OM","KW","EG","MA","DZ","TN","LB","JO","PS","IN","KZ","MD","UA","AL","BA","HR","ME","MK","RS","SI","KR","BD","PK","LK","GH","KE","NG","TZ","UG","AG","AM","BS","BB","BZ","BT","BW","BF","CV","CW","DM","FJ","GM","GE","GD","GW","GY","HT","JM","KI","LS","LR","MW","MV","ML","MH","FM","NA","NR","NE","PW","PG","PR","WS","SM","ST","SN","SC","SL","SB","KN","LC","VC","SR","TL","TO","TT","TV","VU","AZ","BN","BI","KH","CM","TD","KM","GQ","SZ","GA","GN","KG","LA","MO","MR","MN","NP","RW","TG","UZ","ZW","BJ","MG","MU","MZ","AO","CI","DJ","ZM","CD","CG","IQ","LY","TJ","VE","ET","XK"],"disc_number":1,"duration_ms":197800,"explicit":true,"external_urls":{"spotify":"https://open.spotify.com/track/4KGfuJfd0pDwyJz2tOPkGg"},"href":"https://api.spotify.com/v1/tracks/4KGfuJfd0pDwyJz2tOPkGg","id":"4KGfuJfd0pDwyJz2tOPkGg","name":"AUNQUE LLEGUE OTRO (feat. Jay Wheeler)","preview_url":null,"track_number":3,"type":"track","uri":"spotify:track:4KGfuJfd0pDwyJz2tOPkGg","is_local":false},{"artists":[{"external_urls":{"spotify":"https://open.spotify.com/artist/7iK8PXO48WeuP03g8YR51W"},"href":"https://api.spotify.com/v1/artists/7iK8PXO48WeuP03g8YR51W","id":"7iK8PXO48WeuP03g8YR51W","name":"Myke Towers","type":"artist","uri":"spotify:artist:7iK8PXO48WeuP03g8YR51W"}],"available_markets":["AR","AU","AT","BE","BO","BR","BG","CA","CL","CO","CR","CY","CZ","DK","DO","DE","EC","EE","SV","FI","FR","GR","GT","HN","HK","HU","IS","IE","IT","LV","LT","LU","MY","MT","MX","NL","NZ","NI","NO","PA","PY","PE","PH","PL","PT","SG","SK","ES","SE","CH","TW","TR","UY","US","GB","AD","LI","MC","ID","JP","TH","VN","RO","IL","ZA","SA","AE","BH","QA","OM","KW","EG","MA","DZ","TN","LB","JO","PS","IN","KZ","MD","UA","AL","BA","HR","ME","MK","RS","SI","KR","BD","PK","LK","GH","KE","NG","TZ","UG","AG","AM","BS","BB","BZ","BT","BW","BF","CV","CW","DM","FJ","GM","GE","GD","GW","GY","HT","JM","KI","LS","LR","MW","MV","ML","MH","FM","NA","NR","NE","PW","PG","PR","WS","SM","ST","SN","SC","SL","SB","KN","LC","VC","SR","TL","TO","TT","TV","VU","AZ","BN","BI","KH","CM","TD","KM","GQ","SZ","GA","GN","KG","LA","MO","MR","MN","NP","RW","TG","UZ","ZW","BJ","MG","MU","MZ","AO","CI","DJ","ZM","CD","CG","IQ","LY","TJ","VE","ET","XK"],"disc_number":1,"duration_ms":219480,"explicit":true,"external_urls":{"spotify":"https://open.spotify.com/track/3XAHTceKLB1RnMxrRJ7lx1"},"href":"https://api.spotify.com/v1/tracks/3XAHTceKLB1RnMxrRJ7lx1","id":"3XAHTceKLB1RnMxrRJ7lx1","name":"MEJOR ASÍ","preview_url":null,"track_number":4,"type":"track","uri":"spotify:track:3XAHTceKLB1RnMxrRJ7lx1","is_local":false},{"artists":[{"external_urls":{"spotify":"https://open.spotify.com/artist/7iK8PXO48WeuP03g8YR51W"},"href":"https://api.spotify.com/v1/artists/7iK8PXO48WeuP03g8YR51W","id":"7iK8PXO48WeuP03g8YR51W","name":"Myke Towers","type":"artist","uri":"spotify:artist:7iK8PXO48WeuP03g8YR51W"}],"available_markets":["AR","AU","AT","BE","BO","BR","BG","CA","CL","CO","CR","CY","CZ","DK","DO","DE","EC","EE","SV","FI","FR","GR","GT","HN","HK","HU","IS","IE","IT","LV","LT","LU","MY","MT","MX","NL","NZ","NI","NO","PA","PY","PE","PH","PL","PT","SG","SK","ES","SE","CH","TW","TR","UY","US","GB","AD","LI","MC","ID","JP","TH","VN","RO","IL","ZA","SA","AE","BH","QA","OM","KW","EG","MA","DZ","TN","LB","JO","PS","IN","KZ","MD","UA","AL","BA","HR","ME","MK","RS","SI","KR","BD","PK","LK","GH","KE","NG","TZ","UG","AG","AM","BS","BB","BZ","BT","BW","BF","CV","CW","DM","FJ","GM","GE","GD","GW","GY","HT","JM","KI","LS","LR","MW","MV","ML","MH","FM","NA","NR","NE","PW","PG","PR","WS","SM","ST","SN","SC","SL","SB","KN","LC","VC","SR","TL","TO","TT","TV","VU","AZ","BN","BI","KH","CM","TD","KM","GQ","SZ","GA","GN","KG","LA","MO","MR","MN","NP","RW","TG","UZ","ZW","BJ","MG","MU","MZ","AO","CI","DJ","ZM","CD","CG","IQ","LY","TJ","VE","ET","XK"],"disc_number":1,"duration_ms":139546,"explicit":true,"external_urls":{"spotify":"https://open.spotify.com/track/39Pc4a04VgCtcc7m0XKi9M"},"href":"https://api.spotify.com/v1/tracks/39Pc4a04VgCtcc7m0XKi9M","id":"39Pc4a04VgCtcc7m0XKi9M","name":"TAMBIÉN","preview_url":null,"track_number":5,"type":"track","uri":"spotify:track:39Pc4a04VgCtcc7m0XKi9M","is_local":false},{"artists":[{"external_urls":{"spotify":"https://open.spotify.com/artist/7iK8PXO48WeuP03g8YR51W"},"href":"https://api.spotify.com/v1/artists/7iK8PXO48WeuP03g8YR51W","id":"7iK8PXO48WeuP03g8YR51W","name":"Myke Towers","type":"artist","uri":"spotify:artist:7iK8PXO48WeuP03g8YR51W"}],"available_markets":["AR","AU","AT","BE","BO","BR","BG","CA","CL","CO","CR","CY","CZ","DK","DO","DE","EC","EE","SV","FI","FR","GR","GT","HN","HK","HU","IS","IE","IT","LV","LT","LU","MY","MT","MX","NL","NZ","NI","NO","PA","PY","PE","PH","PL","PT","SG","SK","ES","SE","CH","TW","TR","UY","US","GB","AD","LI","MC","ID","JP","TH","VN","RO","IL","ZA","SA","AE","BH","QA","OM","KW","EG","MA","DZ","TN","LB","JO","PS","IN","KZ","MD","UA","AL","BA","HR","ME","MK","RS","SI","KR","BD","PK","LK","GH","KE","NG","TZ","UG","AG","AM","BS","BB","BZ","BT","BW","BF","CV","CW","DM","FJ","GM","GE","GD","GW","GY","HT","JM","KI","LS","LR","MW","MV","ML","MH","FM","NA","NR","NE","PW","PG","PR","WS","SM","ST","SN","SC","SL","SB","KN","LC","VC","SR","TL","TO","TT","TV","VU","AZ","BN","BI","KH","CM","TD","KM","GQ","SZ","GA","GN","KG","LA","MO","MR","MN","NP","RW","TG","UZ","ZW","BJ","MG","MU","MZ","AO","CI","DJ","ZM","CD","CG","IQ","LY","TJ","VE","ET","XK"],"disc_number":1,"duration_ms":160373,"explicit":true,"external_urls":{"spotify":"https://open.spotify.com/track/47IVaRZDAKsUC3x5Zhn2Gr"},"href":"https://api.spotify.com/v1/tracks/47IVaRZDAKsUC3x5Zhn2Gr","id":"47IVaRZDAKsUC3x5Zhn2Gr","name":"FRÍO","preview_url":null,"track_number":6,"type":"track","uri":"spotify:track:47IVaRZDAKsUC3x5Zhn2Gr","is_local":false},{"artists":[{"external_urls":{"spotify":"https://open.spotify.com/artist/7iK8PXO48WeuP03g8YR51W"},"href":"https://api.spotify.com/v1/artists/7iK8PXO48WeuP03g8YR51W","id":"7iK8PXO48WeuP03g8YR51W","name":"Myke Towers","type":"artist","uri":"spotify:artist:7iK8PXO48WeuP03g8YR51W"}],"available_markets":["AR","AU","AT","BE","BO","BR","BG","CA","CL","CO","CR","CY","CZ","DK","DO","DE","EC","EE","SV","FI","FR","GR","GT","HN","HK","HU","IS","IE","IT","LV","LT","LU","MY","MT","MX","NL","NZ","NI","NO","PA","PY","PE","PH","PL","PT","SG","SK","ES","SE","CH","TW","TR","UY","US","GB","AD","LI","MC","ID","JP","TH","VN","RO","IL","ZA","SA","AE","BH","QA","OM","KW","EG","MA","DZ","TN","LB","JO","PS","IN","KZ","MD","UA","AL","BA","HR","ME","MK","RS","SI","KR","BD","PK","LK","GH","KE","NG","TZ","UG","AG","AM","BS","BB","BZ","BT","BW","BF","CV","CW","DM","FJ","GM","GE","GD","GW","GY","HT","JM","KI","LS","LR","MW","MV","ML","MH","FM","NA","NR","NE","PW","PG","PR","WS","SM","ST","SN","SC","SL","SB","KN","LC","VC","SR","TL","TO","TT","TV","VU","AZ","BN","BI","KH","CM","TD","KM","GQ","SZ","GA","GN","KG","LA","MO","MR","MN","NP","RW","TG","UZ","ZW","BJ","MG","MU","MZ","AO","CI","DJ","ZM","CD","CG","IQ","LY","TJ","VE","ET","XK"],"disc_number":1,"duration_ms":196906,"explicit":true,"external_urls":{"spotify":"https://open.spotify.com/track/6Snhzg4NoTqNgRlkLhzzBW"},"href":"https://api.spotify.com/v1/tracks/6Snhzg4NoTqNgRlkLhzzBW","id":"6Snhzg4NoTqNgRlkLhzzBW","name":"CACHÉ","preview_url":null,"track_number":7,"type":"track","uri":"spotify:track:6Snhzg4NoTqNgRlkLhzzBW","is_local":false},{"artists":[{"external_urls":{"spotify":"https://open.spotify.com/artist/7iK8PXO48WeuP03g8YR51W"},"href":"https://api.spotify.com/v1/artists/7iK8PXO48WeuP03g8YR51W","id":"7iK8PXO48WeuP03g8YR51W","name":"Myke Towers","type":"artist","uri":"spotify:artist:7iK8PXO48WeuP03g8YR51W"}],"available_markets":["AR","AU","AT","BE","BO","BR","BG","CA","CL","CO","CR","CY","CZ","DK","DO","DE","EC","EE","SV","FI","FR","GR","GT","HN","HK","HU","IS","IE","IT","LV","LT","LU","MY","MT","MX","NL","NZ","NI","NO","PA","PY","PE","PH","PL","PT","SG","SK","ES","SE","CH","TW","TR","UY","US","GB","AD","LI","MC","ID","JP","TH","VN","RO","IL","ZA","SA","AE","BH","QA","OM","KW","EG","MA","DZ","TN","LB","JO","PS","IN","KZ","MD","UA","AL","BA","HR","ME","MK","RS","SI","KR","BD","PK","LK","GH","KE","NG","TZ","UG","AG","AM","BS","BB","BZ","BT","BW","BF","CV","CW","DM","FJ","GM","GE","GD","GW","GY","HT","JM","KI","LS","LR","MW","MV","ML","MH","FM","NA","NR","NE","PW","PG","PR","WS","SM","ST","SN","SC","SL","SB","KN","LC","VC","SR","TL","TO","TT","TV","VU","AZ","BN","BI","KH","CM","TD","KM","GQ","SZ","GA","GN","KG","LA","MO","MR","MN","NP","RW","TG","UZ","ZW","BJ","MG","MU","MZ","AO","CI","DJ","ZM","CD","CG","IQ","LY","TJ","VE","ET","XK"],"disc_number":1,"duration_ms":243360,"explicit":true,"external_urls":{"spotify":"https://open.spotify.com/track/5rJ3GsCYBnIaFdsNKggTiG"},"href":"https://api.spotify.com/v1/tracks/5rJ3GsCYBnIaFdsNKggTiG","id":"5rJ3GsCYBnIaFdsNKggTiG","name":"SEXO DESENFRENADO","preview_url":null,"track_number":8,"type":"track","uri":"spotify:track:5rJ3GsCYBnIaFdsNKggTiG","is_local":false},{"artists":[{"external_urls":{"spotify":"https://open.spotify.com/artist/7iK8PXO48WeuP03g8YR51W"},"href":"https://api.spotify.com/v1/artists/7iK8PXO48WeuP03g8YR51W","id":"7iK8PXO48WeuP03g8YR51W","name":"Myke Towers","type":"artist","uri":"spotify:artist:7iK8PXO48WeuP03g8YR51W"},{"external_urls":{"spotify":"https://open.spotify.com/artist/6GlX3FdCQrMftGfVaWcmPZ"},"href":"https://api.spotify.com/v1/artists/6GlX3FdCQrMftGfVaWcmPZ","id":"6GlX3FdCQrMftGfVaWcmPZ","name":"NTG","type":"artist","uri":"spotify:artist:6GlX3FdCQrMftGfVaWcmPZ"}],"available_markets":["AR","AU","AT","BE","BO","BR","BG","CA","CL","CO","CR","CY","CZ","DK","DO","DE","EC","EE","SV","FI","FR","GR","GT","HN","HK","HU","IS","IE","IT","LV","LT","LU","MY","MT","MX","NL","NZ","NI","NO","PA","PY","PE","PH","PL","PT","SG","SK","ES","SE","CH","TW","TR","UY","US","GB","AD","LI","MC","ID","JP","TH","VN","RO","IL","ZA","SA","AE","BH","QA","OM","KW","EG","MA","DZ","TN","LB","JO","PS","IN","KZ","MD","UA","AL","BA","HR","ME","MK","RS","SI","KR","BD","PK","LK","GH","KE","NG","TZ","UG","AG","AM","BS","BB","BZ","BT","BW","BF","CV","CW","DM","FJ","GM","GE","GD","GW","GY","HT","JM","KI","LS","LR","MW","MV","ML","MH","FM","NA","NR","NE","PW","PG","PR","WS","SM","ST","SN","SC","SL","SB","KN","LC","VC","SR","TL","TO","TT","TV","VU","AZ","BN","BI","KH","CM","TD","KM","GQ","SZ","GA","GN","KG","LA","MO","MR","MN","NP","RW","TG","UZ","ZW","BJ","MG","MU","MZ","AO","CI","DJ","ZM","CD","CG","IQ","LY","TJ","VE","ET","XK"],"disc_number":1,"duration_ms":171826,"explicit":true,"external_urls":{"spotify":"https://open.spotify.com/track/1nlE7HodTsB0IHA3HkR6gd"},"href":"https://api.spotify.com/v1/tracks/1nlE7HodTsB0IHA3HkR6gd","id":"1nlE7HodTsB0IHA3HkR6gd","name":"LA PRIMERA VEZ (feat. NTG)","preview_url":null,"track_number":9,"type":"track","uri":"spotify:track:1nlE7HodTsB0IHA3HkR6gd","is_local":false},{"artists":[{"external_urls":{"spotify":"https://open.spotify.com/artist/7iK8PXO48WeuP03g8YR51W"},"href":"https://api.spotify.com/v1/artists/7iK8PXO48WeuP03g8YR51W","id":"7iK8PXO48WeuP03g8YR51W","name":"Myke Towers","type":"artist","uri":"spotify:artist:7iK8PXO48WeuP03g8YR51W"}],"available_markets":["AR","AU","AT","BE","BO","BR","BG","CA","CL","CO","CR","CY","CZ","DK","DO","DE","EC","EE","SV","FI","FR","GR","GT","HN","HK","HU","IS","IE","IT","LV","LT","LU","MY","MT","MX","NL","NZ","NI","NO","PA","PY","PE","PH","PL","PT","SG","SK","ES","SE","CH","TW","TR","UY","US","GB","AD","LI","MC","ID","JP","TH","VN","RO","IL","ZA","SA","AE","BH","QA","OM","KW","EG","MA","DZ","TN","LB","JO","PS","IN","KZ","MD","UA","AL","BA","HR","ME","MK","RS","SI","KR","BD","PK","LK","GH","KE","NG","TZ","UG","AG","AM","BS","BB","BZ","BT","BW","BF","CV","CW","DM","FJ","GM","GE","GD","GW","GY","HT","JM","KI","LS","LR","MW","MV","ML","MH","FM","NA","NR","NE","PW","PG","PR","WS","SM","ST","SN","SC","SL","SB","KN","LC","VC","SR","TL","TO","TT","TV","VU","AZ","BN","BI","KH","CM","TD","KM","GQ","SZ","GA","GN","KG","LA","MO","MR","MN","NP","RW","TG","UZ","ZW","BJ","MG","MU","MZ","AO","CI","DJ","ZM","CD","CG","IQ","LY","TJ","VE","ET","XK"],"disc_number":1,"duration_ms":181800,"explicit":true,"external_urls":{"spotify":"https://open.spotify.com/track/2Z3ykgzmeRYB4oUJoW3SMw"},"href":"https://api.spotify.com/v1/tracks/2Z3ykgzmeRYB4oUJoW3SMw","id":"2Z3ykgzmeRYB4oUJoW3SMw","name":"PODER ADQUISITIVO","preview_url":null,"track_number":10,"type":"track","uri":"spotify:track:2Z3ykgzmeRYB4oUJoW3SMw","is_local":false},{"artists":[{"external_urls":{"spotify":"https://open.spotify.com/artist/7iK8PXO48WeuP03g8YR51W"},"href":"https://api.spotify.com/v1/artists/7iK8PXO48WeuP03g8YR51W","id":"7iK8PXO48WeuP03g8YR51W","name":"Myke Towers","type":"artist","uri":"spotify:artist:7iK8PXO48WeuP03g8YR51W"}],"available_markets":["AR","AU","AT","BE","BO","BR","BG","CA","CL","CO","CR","CY","CZ","DK","DO","DE","EC","EE","SV","FI","FR","GR","GT","HN","HK","HU","IS","IE","IT","LV","LT","LU","MY","MT","MX","NL","NZ","NI","NO","PA","PY","PE","PH","PL","PT","SG","SK","ES","SE","CH","TW","TR","UY","US","GB","AD","LI","MC","ID","JP","TH","VN","RO","IL","ZA","SA","AE","BH","QA","OM","KW","EG","MA","DZ","TN","LB","JO","PS","IN","KZ","MD","UA","AL","BA","HR","ME","MK","RS","SI","KR","BD","PK","LK","GH","KE","NG","TZ","UG","AG","AM","BS","BB","BZ","BT","BW","BF","CV","CW","DM","FJ","GM","GE","GD","GW","GY","HT","JM","KI","LS","LR","MW","MV","ML","MH","FM","NA","NR","NE","PW","PG","PR","WS","SM","ST","SN","SC","SL","SB","KN","LC","VC","SR","TL","TO","TT","TV","VU","AZ","BN","BI","KH","CM","TD","KM","GQ","SZ","GA","GN","KG","LA","MO","MR","MN","NP","RW","TG","UZ","ZW","BJ","MG","MU","MZ","AO","CI","DJ","ZM","CD","CG","IQ","LY","TJ","VE","ET","XK"],"disc_number":1,"duration_ms":172240,"explicit":true,"external_urls":{"spotify":"https://open.spotify.com/track/2OB5m65koEqJlXAIUBh5qq"},"href":"https://api.spotify.com/v1/tracks/2OB5m65koEqJlXAIUBh5qq","id":"2OB5m65koEqJlXAIUBh5qq","name":"VENENOSA","preview_url":null,"track_number":11,"type":"track","uri":"spotify:track:2OB5m65koEqJlXAIUBh5qq","is_local":false},{"artists":[{"external_urls":{"spotify":"https://open.spotify.com/artist/7iK8PXO48WeuP03g8YR51W"},"href":"https://api.spotify.com/v1/artists/7iK8PXO48WeuP03g8YR51W","id":"7iK8PXO48WeuP03g8YR51W","name":"Myke Towers","type":"artist","uri":"spotify:artist:7iK8PXO48WeuP03g8YR51W"},{"external_urls":{"spotify":"https://open.spotify.com/artist/1TtXnWcUs0FCkaZDPGYHdf"},"href":"https://api.spotify.com/v1/artists/1TtXnWcUs0FCkaZDPGYHdf","id":"1TtXnWcUs0FCkaZDPGYHdf","name":"Darell","type":"artist","uri":"spotify:artist:1TtXnWcUs0FCkaZDPGYHdf"}],"available_markets":["AR","AU","AT","BE","BO","BR","BG","CA","CL","CO","CR","CY","CZ","DK","DO","DE","EC","EE","SV","FI","FR","GR","GT","HN","HK","HU","IS","IE","IT","LV","LT","LU","MY","MT","MX","NL","NZ","NI","NO","PA","PY","PE","PH","PL","PT","SG","SK","ES","SE","CH","TW","TR","UY","US","GB","AD","LI","MC","ID","JP","TH","VN","RO","IL","ZA","SA","AE","BH","QA","OM","KW","EG","MA","DZ","TN","LB","JO","PS","IN","KZ","MD","UA","AL","BA","HR","ME","MK","RS","SI","KR","BD","PK","LK","GH","KE","NG","TZ","UG","AG","AM","BS","BB","BZ","BT","BW","BF","CV","CW","DM","FJ","GM","GE","GD","GW","GY","HT","JM","KI","LS","LR","MW","MV","ML","MH","FM","NA","NR","NE","PW","PG","PR","WS","SM","ST","SN","SC","SL","SB","KN","LC","VC","SR","TL","TO","TT","TV","VU","AZ","BN","BI","KH","CM","TD","KM","GQ","SZ","GA","GN","KG","LA","MO","MR","MN","NP","RW","TG","UZ","ZW","BJ","MG","MU","MZ","AO","CI","DJ","ZM","CD","CG","IQ","LY","TJ","VE","ET","XK"],"disc_number":1,"duration_ms":224120,"explicit":true,"external_urls":{"spotify":"https://open.spotify.com/track/0dLdTvslcZVsncSMyVvP7n"},"href":"https://api.spotify.com/v1/tracks/0dLdTvslcZVsncSMyVvP7n","id":"0dLdTvslcZVsncSMyVvP7n","name":"OTRA NOCHE (feat. Darell)","preview_url":null,"track_number":12,"type":"track","uri":"spotify:track:0dLdTvslcZVsncSMyVvP7n","is_local":false},{"artists":[{"external_urls":{"spotify":"https://open.spotify.com/artist/7iK8PXO48WeuP03g8YR51W"},"href":"https://api.spotify.com/v1/artists/7iK8PXO48WeuP03g8YR51W","id":"7iK8PXO48WeuP03g8YR51W","name":"Myke Towers","type":"artist","uri":"spotify:artist:7iK8PXO48WeuP03g8YR51W"},{"external_urls":{"spotify":"https://open.spotify.com/artist/12GqGscKJx3aE4t07u7eVZ"},"href":"https://api.spotify.com/v1/artists/12GqGscKJx3aE4t07u7eVZ","id":"12GqGscKJx3aE4t07u7eVZ","name":"Peso Pluma","type":"artist","uri":"spotify:artist:12GqGscKJx3aE4t07u7eVZ"}],"available_markets":["AR","AU","AT","BE","BO","BR","BG","CA","CL","CO","CR","CY","CZ","DK","DO","DE","EC","EE","SV","FI","FR","GR","GT","HN","HK","HU","IS","IE","IT","LV","LT","LU","MY","MT","MX","NL","NZ","NI","NO","PA","PY","PE","PH","PL","PT","SG","SK","ES","SE","CH","TW","TR","UY","US","GB","AD","LI","MC","ID","JP","TH","VN","RO","IL","ZA","SA","AE","BH","QA","OM","KW","EG","MA","DZ","TN","LB","JO","PS","IN","KZ","MD","UA","AL","BA","HR","ME","MK","RS","SI","KR","BD","PK","LK","GH","KE","NG","TZ","UG","AG","AM","BS","BB","BZ","BT","BW","BF","CV","CW","DM","FJ","GM","GE","GD","GW","GY","HT","JM","KI","LS","LR","MW","MV","ML","MH","FM","NA","NR","NE","PW","PG","PR","WS","SM","ST","SN","SC","SL","SB","KN","LC","VC","SR","TL","TO","TT","TV","VU","AZ","BN","BI","KH","CM","TD","KM","GQ","SZ","GA","GN","KG","LA","MO","MR","MN","NP","RW","TG","UZ","ZW","BJ","MG","MU","MZ","AO","CI","DJ","ZM","CD","CG","IQ","LY","TJ","VE","ET","XK"],"disc_number":1,"duration_ms":190106,"explicit":true,"external_urls":{"spotify":"https://open.spotify.com/track/1iIrqtbY2aogEHhQkmrV7w"},"href":"https://api.spotify.com/v1/tracks/1iIrqtbY2aogEHhQkmrV7w","id":"1iIrqtbY2aogEHhQkmrV7w","name":"SE TE NOTA (feat. Peso Pluma)","preview_url":null,"track_number":13,"type":"track","uri":"spotify:track:1iIrqtbY2aogEHhQkmrV7w","is_local":false},{"artists":[{"external_urls":{"spotify":"https://open.spotify.com/artist/7iK8PXO48WeuP03g8YR51W"},"href":"https://api.spotify.com/v1/artists/7iK8PXO48WeuP03g8YR51W","id":"7iK8PXO48WeuP03g8YR51W","name":"Myke Towers","type":"artist","uri":"spotify:artist:7iK8PXO48WeuP03g8YR51W"}],"available_markets":["AR","AU","AT","BE","BO","BR","BG","CA","CL","CO","CR","CY","CZ","DK","DO","DE","EC","EE","SV","FI","FR","GR","GT","HN","HK","HU","IS","IE","IT","LV","LT","LU","MY","MT","MX","NL","NZ","NI","NO","PA","PY","PE","PH","PL","PT","SG","SK","ES","SE","CH","TW","TR","UY","US","GB","AD","LI","MC","ID","JP","TH","VN","RO","IL","ZA","SA","AE","BH","QA","OM","KW","EG","MA","DZ","TN","LB","JO","PS","IN","KZ","MD","UA","AL","BA","HR","ME","MK","RS","SI","KR","BD","PK","LK","GH","KE","NG","TZ","UG","AG","AM","BS","BB","BZ","BT","BW","BF","CV","CW","DM","FJ","GM","GE","GD","GW","GY","HT","JM","KI","LS","LR","MW","MV","ML","MH","FM","NA","NR","NE","PW","PG","PR","WS","SM","ST","SN","SC","SL","SB","KN","LC","VC","SR","TL","TO","TT","TV","VU","AZ","BN","BI","KH","CM","TD","KM","GQ","SZ","GA","GN","KG","LA","MO","MR","MN","NP","RW","TG","UZ","ZW","BJ","MG","MU","MZ","AO","CI","DJ","ZM","CD","CG","IQ","LY","TJ","VE","ET","XK"],"disc_number":1,"duration_ms":174466,"explicit":true,"external_urls":{"spotify":"https://open.spotify.com/track/0cnZTEaxvKzCOPv056qbOR"},"href":"https://api.spotify.com/v1/tracks/0cnZTEaxvKzCOPv056qbOR","id":"0cnZTEaxvKzCOPv056qbOR","name":"HASTA LA VISTA","preview_url":null,"track_number":14,"type":"track","uri":"spotify:track:0cnZTEaxvKzCOPv056qbOR","is_local":false},{"artists":[{"external_urls":{"spotify":"https://open.spotify.com/artist/7iK8PXO48WeuP03g8YR51W"},"href":"https://api.spotify.com/v1/artists/7iK8PXO48WeuP03g8YR51W","id":"7iK8PXO48WeuP03g8YR51W","name":"Myke Towers","type":"artist","uri":"spotify:artist:7iK8PXO48WeuP03g8YR51W"},{"external_urls":{"spotify":"https://open.spotify.com/artist/3lY9Fxceu60W1rbon7PkuF"},"href":"https://api.spotify.com/v1/artists/3lY9Fxceu60W1rbon7PkuF","id":"3lY9Fxceu60W1rbon7PkuF","name":"Omar Montes","type":"artist","uri":"spotify:artist:3lY9Fxceu60W1rbon7PkuF"}],"available_markets":["AR","AU","AT","BE","BO","BR","BG","CA","CL","CO","CR","CY","CZ","DK","DO","DE","EC","EE","SV","FI","FR","GR","GT","HN","HK","HU","IS","IE","IT","LV","LT","LU","MY","MT","MX","NL","NZ","NI","NO","PA","PY","PE","PH","PL","PT","SG","SK","ES","SE","CH","TW","TR","UY","US","GB","AD","LI","MC","ID","JP","TH","VN","RO","IL","ZA","SA","AE","BH","QA","OM","KW","EG","MA","DZ","TN","LB","JO","PS","IN","KZ","MD","UA","AL","BA","HR","ME","MK","RS","SI","KR","BD","PK","LK","GH","KE","NG","TZ","UG","AG","AM","BS","BB","BZ","BT","BW","BF","CV","CW","DM","FJ","GM","GE","GD","GW","GY","HT","JM","KI","LS","LR","MW","MV","ML","MH","FM","NA","NR","NE","PW","PG","PR","WS","SM","ST","SN","SC","SL","SB","KN","LC","VC","SR","TL","TO","TT","TV","VU","AZ","BN","BI","KH","CM","TD","KM","GQ","SZ","GA","GN","KG","LA","MO","MR","MN","NP","RW","TG","UZ","ZW","BJ","MG","MU","MZ","AO","CI","DJ","ZM","CD","CG","IQ","LY","TJ","VE","ET","XK"],"disc_number":1,"duration_ms":215946,"explicit":true,"external_urls":{"spotify":"https://open.spotify.com/track/3VPRxZK8k2Al2VwEVaDnYC"},"href":"https://api.spotify.com/v1/tracks/3VPRxZK8k2Al2VwEVaDnYC","id":"3VPRxZK8k2Al2VwEVaDnYC","name":"DINERO y FAMA (feat. Omar Montes)","preview_url":null,"track_number":15,"type":"track","uri":"spotify:track:3VPRxZK8k2Al2VwEVaDnYC","is_local":false},{"artists":[{"external_urls":{"spotify":"https://open.spotify.com/artist/7iK8PXO48WeuP03g8YR51W"},"href":"https://api.spotify.com/v1/artists/7iK8PXO48WeuP03g8YR51W","id":"7iK8PXO48WeuP03g8YR51W","name":"Myke Towers","type":"artist","uri":"spotify:artist:7iK8PXO48WeuP03g8YR51W"}],"available_markets":["AR","AU","AT","BE","BO","BR","BG","CA","CL","CO","CR","CY","CZ","DK","DO","DE","EC","EE","SV","FI","FR","GR","GT","HN","HK","HU","IS","IE","IT","LV","LT","LU","MY","MT","MX","NL","NZ","NI","NO","PA","PY","PE","PH","PL","PT","SG","SK","ES","SE","CH","TW","TR","UY","US","GB","AD","LI","MC","ID","JP","TH","VN","RO","IL","ZA","SA","AE","BH","QA","OM","KW","EG","MA","DZ","TN","LB","JO","PS","IN","KZ","MD","UA","AL","BA","HR","ME","MK","RS","SI","KR","BD","PK","LK","GH","KE","NG","TZ","UG","AG","AM","BS","BB","BZ","BT","BW","BF","CV","CW","DM","FJ","GM","GE","GD","GW","GY","HT","JM","KI","LS","LR","MW","MV","ML","MH","FM","NA","NR","NE","PW","PG","PR","WS","SM","ST","SN","SC","SL","SB","KN","LC","VC","SR","TL","TO","TT","TV","VU","AZ","BN","BI","KH","CM","TD","KM","GQ","SZ","GA","GN","KG","LA","MO","MR","MN","NP","RW","TG","UZ","ZW","BJ","MG","MU","MZ","AO","CI","DJ","ZM","CD","CG","IQ","LY","TJ","VE","ET","XK"],"disc_number":1,"duration_ms":246240,"explicit":true,"external_urls":{"spotify":"https://open.spotify.com/track/1boJFDwp2BrlgLSnXsuLrb"},"href":"https://api.spotify.com/v1/tracks/1boJFDwp2BrlgLSnXsuLrb","id":"1boJFDwp2BrlgLSnXsuLrb","name":"EN EL MAR","preview_url":null,"track_number":16,"type":"track","uri":"spotify:track:1boJFDwp2BrlgLSnXsuLrb","is_local":false},{"artists":[{"external_urls":{"spotify":"https://open.spotify.com/artist/7iK8PXO48WeuP03g8YR51W"},"href":"https://api.spotify.com/v1/artists/7iK8PXO48WeuP03g8YR51W","id":"7iK8PXO48WeuP03g8YR51W","name":"Myke Towers","type":"artist","uri":"spotify:artist:7iK8PXO48WeuP03g8YR51W"},{"external_urls":{"spotify":"https://open.spotify.com/artist/00me4Ke1LsvMxt5kydlMyU"},"href":"https://api.spotify.com/v1/artists/00me4Ke1LsvMxt5kydlMyU","id":"00me4Ke1LsvMxt5kydlMyU","name":"Cosculluela","type":"artist","uri":"spotify:artist:00me4Ke1LsvMxt5kydlMyU"}],"available_markets":["AR","AU","AT","BE","BO","BR","BG","CA","CL","CO","CR","CY","CZ","DK","DO","DE","EC","EE","SV","FI","FR","GR","GT","HN","HK","HU","IS","IE","IT","LV","LT","LU","MY","MT","MX","NL","NZ","NI","NO","PA","PY","PE","PH","PL","PT","SG","SK","ES","SE","CH","TW","TR","UY","US","GB","AD","LI","MC","ID","JP","TH","VN","RO","IL","ZA","SA","AE","BH","QA","OM","KW","EG","MA","DZ","TN","LB","JO","PS","IN","KZ","MD","UA","AL","BA","HR","ME","MK","RS","SI","KR","BD","PK","LK","GH","KE","NG","TZ","UG","AG","AM","BS","BB","BZ","BT","BW","BF","CV","CW","DM","FJ","GM","GE","GD","GW","GY","HT","JM","KI","LS","LR","MW","MV","ML","MH","FM","NA","NR","NE","PW","PG","PR","WS","SM","ST","SN","SC","SL","SB","KN","LC","VC","SR","TL","TO","TT","TV","VU","AZ","BN","BI","KH","CM","TD","KM","GQ","SZ","GA","GN","KG","LA","MO","MR","MN","NP","RW","TG","UZ","ZW","BJ","MG","MU","MZ","AO","CI","DJ","ZM","CD","CG","IQ","LY","TJ","VE","ET","XK"],"disc_number":1,"duration_ms":176373,"explicit":true,"external_urls":{"spotify":"https://open.spotify.com/track/7M0UiiYYmCoh3QIlwT4pme"},"href":"https://api.spotify.com/v1/tracks/7M0UiiYYmCoh3QIlwT4pme","id":"7M0UiiYYmCoh3QIlwT4pme","name":"VAMO A DARLE (feat. Cosculluela)","preview_url":null,"track_number":17,"type":"track","uri":"spotify:track:7M0UiiYYmCoh3QIlwT4pme","is_local":false},{"artists":[{"external_urls":{"spotify":"https://open.spotify.com/artist/7iK8PXO48WeuP03g8YR51W"},"href":"https://api.spotify.com/v1/artists/7iK8PXO48WeuP03g8YR51W","id":"7iK8PXO48WeuP03g8YR51W","name":"Myke Towers","type":"artist","uri":"spotify:artist:7iK8PXO48WeuP03g8YR51W"},{"external_urls":{"spotify":"https://open.spotify.com/artist/4aSlfXDn9R60UlbZEboBUy"},"href":"https://api.spotify.com/v1/artists/4aSlfXDn9R60UlbZEboBUy","id":"4aSlfXDn9R60UlbZEboBUy","name":"YOVNGCHIMI","type":"artist","uri":"spotify:artist:4aSlfXDn9R60UlbZEboBUy"}],"available_markets":["AR","AU","AT","BE","BO","BR","BG","CA","CL","CO","CR","CY","CZ","DK","DO","DE","EC","EE","SV","FI","FR","GR","GT","HN","HK","HU","IS","IE","IT","LV","LT","LU","MY","MT","MX","NL","NZ","NI","NO","PA","PY","PE","PH","PL","PT","SG","SK","ES","SE","CH","TW","TR","UY","US","GB","AD","LI","MC","ID","JP","TH","VN","RO","IL","ZA","SA","AE","BH","QA","OM","KW","EG","MA","DZ","TN","LB","JO","PS","IN","KZ","MD","UA","AL","BA","HR","ME","MK","RS","SI","KR","BD","PK","LK","GH","KE","NG","TZ","UG","AG","AM","BS","BB","BZ","BT","BW","BF","CV","CW","DM","FJ","GM","GE","GD","GW","GY","HT","JM","KI","LS","LR","MW","MV","ML","MH","FM","NA","NR","NE","PW","PG","PR","WS","SM","ST","SN","SC","SL","SB","KN","LC","VC","SR","TL","TO","TT","TV","VU","AZ","BN","BI","KH","CM","TD","KM","GQ","SZ","GA","GN","KG","LA","MO","MR","MN","NP","RW","TG","UZ","ZW","BJ","MG","MU","MZ","AO","CI","DJ","ZM","CD","CG","IQ","LY","TJ","VE","ET","XK"],"disc_number":1,"duration_ms":185960,"explicit":true,"external_urls":{"spotify":"https://open.spotify.com/track/1cUQCjn7fGme2wZQrWKvhw"},"href":"https://api.spotify.com/v1/tracks/1cUQCjn7fGme2wZQrWKvhw","id":"1cUQCjn7fGme2wZQrWKvhw","name":"DIABLITA (feat. YOVNGCHIMI)","preview_url":null,"track_number":18,"type":"track","uri":"spotify:track:1cUQCjn7fGme2wZQrWKvhw","is_local":false},{"artists":[{"external_urls":{"spotify":"https://open.spotify.com/artist/7iK8PXO48WeuP03g8YR51W"},"href":"https://api.spotify.com/v1/artists/7iK8PXO48WeuP03g8YR51W","id":"7iK8PXO48WeuP03g8YR51W","name":"Myke Towers","type":"artist","uri":"spotify:artist:7iK8PXO48WeuP03g8YR51W"},{"external_urls":{"spotify":"https://open.spotify.com/artist/4q3ewBCX7sLwd24euuV69X"},"href":"https://api.spotify.com/v1/artists/4q3ewBCX7sLwd24euuV69X","id":"4q3ewBCX7sLwd24euuV69X","name":"Bad Bunny","type":"artist","uri":"spotify:artist:4q3ewBCX7sLwd24euuV69X"}],"available_markets":["AR","AU","AT","BE","BO","BR","BG","CA","CL","CO","CR","CY","CZ","DK","DO","DE","EC","EE","SV","FI","FR","GR","GT","HN","HK","HU","IS","IE","IT","LV","LT","LU","MY","MT","MX","NL","NZ","NI","NO","PA","PY","PE","PH","PL","PT","SG","SK","ES","SE","CH","TW","TR","UY","US","GB","AD","LI","MC","ID","JP","TH","VN","RO","IL","ZA","SA","AE","BH","QA","OM","KW","EG","MA","DZ","TN","LB","JO","PS","IN","KZ","MD","UA","AL","BA","HR","ME","MK","RS","SI","KR","BD","PK","LK","GH","KE","NG","TZ","UG","AG","AM","BS","BB","BZ","BT","BW","BF","CV","CW","DM","FJ","GM","GE","GD","GW","GY","HT","JM","KI","LS","LR","MW","MV","ML","MH","FM","NA","NR","NE","PW","PG","PR","WS","SM","ST","SN","SC","SL","SB","KN","LC","VC","SR","TL","TO","TT","TV","VU","AZ","BN","BI","KH","CM","TD","KM","GQ","SZ","GA","GN","KG","LA","MO","MR","MN","NP","RW","TG","UZ","ZW","BJ","MG","MU","MZ","AO","CI","DJ","ZM","CD","CG","IQ","LY","TJ","VE","ET","XK"],"disc_number":1,"duration_ms":278644,"explicit":true,"external_urls":{"spotify":"https://open.spotify.com/track/0eeX8L0DWvGth1F6xVkvv7"},"href":"https://api.spotify.com/v1/tracks/0eeX8L0DWvGth1F6xVkvv7","id":"0eeX8L0DWvGth1F6xVkvv7","name":"ADIVINO","preview_url":null,"track_number":19,"type":"track","uri":"spotify:track:0eeX8L0DWvGth1F6xVkvv7","is_local":false},{"artists":[{"external_urls":{"spotify":"https://open.spotify.com/artist/7iK8PXO48WeuP03g8YR51W"},"href":"https://api.spotify.com/v1/artists/7iK8PXO48WeuP03g8YR51W","id":"7iK8PXO48WeuP03g8YR51W","name":"Myke Towers","type":"artist","uri":"spotify:artist:7iK8PXO48WeuP03g8YR51W"}],"available_markets":["AR","AU","AT","BE","BO","BR","BG","CA","CL","CO","CR","CY","CZ","DK","DO","DE","EC","EE","SV","FI","FR","GR","GT","HN","HK","HU","IS","IE","IT","LV","LT","LU","MY","MT","MX","NL","NZ","NI","NO","PA","PY","PE","PH","PL","PT","SG","SK","ES","SE","CH","TW","TR","UY","US","GB","AD","LI","MC","ID","JP","TH","VN","RO","IL","ZA","SA","AE","BH","QA","OM","KW","EG","MA","DZ","TN","LB","JO","PS","IN","KZ","MD","UA","AL","BA","HR","ME","MK","RS","SI","KR","BD","PK","LK","GH","KE","NG","TZ","UG","AG","AM","BS","BB","BZ","BT","BW","BF","CV","CW","DM","FJ","GM","GE","GD","GW","GY","HT","JM","KI","LS","LR","MW","MV","ML","MH","FM","NA","NR","NE","PW","PG","PR","WS","SM","ST","SN","SC","SL","SB","KN","LC","VC","SR","TL","TO","TT","TV","VU","AZ","BN","BI","KH","CM","TD","KM","GQ","SZ","GA","GN","KG","LA","MO","MR","MN","NP","RW","TG","UZ","ZW","BJ","MG","MU","MZ","AO","CI","DJ","ZM","CD","CG","IQ","LY","TJ","VE","ET","XK"],"disc_number":1,"duration_ms":182666,"explicit":true,"external_urls":{"spotify":"https://open.spotify.com/track/2NxEhlQcVUIpq0GXoGy2El"},"href":"https://api.spotify.com/v1/tracks/2NxEhlQcVUIpq0GXoGy2El","id":"2NxEhlQcVUIpq0GXoGy2El","name":"HASTA LUEGO","preview_url":null,"track_number":20,"type":"track","uri":"spotify:track:2NxEhlQcVUIpq0GXoGy2El","is_local":false}]},"copyrights":[{"text":"© 2024 One World International, distributed by Warner Music Latina Inc.and Warner Records Inc.","type":"C"},{"text":"℗ 2024 One World International, distributed by Warner Music Latina Inc.and Warner Records Inc.","type":"P"}],"external_ids":{"upc":"5021732459213"},"genres":[],"label":"WEA Latina","popularity":73},{"album_type":"album","total_tracks":14,"available_markets":["AR","AU","AT","BE","BO","BR","BG","CA","CL","CO","CR","CY","CZ","DK","DO","DE","EC","EE","SV","FI","FR","GR","GT","HN","HK","HU","IS","IE","IT","LV","LT","LU","MY","MT","MX","NL","NZ","NI","NO","PA","PY","PE","PH","PL","PT","SG","SK","ES","SE","CH","TW","TR","UY","US","GB","AD","LI","MC","ID","JP","TH","VN","RO","IL","ZA","SA","AE","BH","QA","OM","KW","EG","MA","DZ","TN","LB","JO","PS","IN","BY","KZ","MD","UA","AL","BA","HR","ME","MK","RS","SI","KR","BD","PK","LK","GH","KE","NG","TZ","UG","AG","AM","BS","BB","BZ","BT","BW","BF","CV","CW","DM","FJ","GM","GE","GD","GW","GY","HT","JM","KI","LS","LR","MW","MV","ML","MH","FM","NA","NR","NE","PW","PG","PR","WS","SM","ST","SN","SC","SL","SB","KN","LC","VC","SR","TL","TO","TT","TV","VU","AZ","BN","BI","KH","CM","TD","KM","GQ","SZ","GA","GN","KG","LA","MO","MR","MN","NP","RW","TG","UZ","ZW","BJ","MG","MU","MZ","AO","CI","DJ","ZM","CD","CG","IQ","LY","TJ","VE","ET","XK"],"external_urls":{"spotify":"https://open.spotify.com/album/2PiqQiq61HCKiK0LPzdptP"},"href":"https://api.spotify.com/v1/albums/2PiqQiq61HCKiK0LPzdptP","id":"2PiqQiq61HCKiK0LPzdptP","images":[{"url":"https://i.scdn.co/image/ab67616d0000b27316c969b888ee418a66223b76","height":640,"width":640},{"url":"https://i.scdn.co/image/ab67616d00001e0216c969b888ee418a66223b76","height":300,"width":300},{"url":"https://i.scdn.co/image/ab67616d0000485116c969b888ee418a66223b76","height":64,"width":64}],"name":"Esencia","release_date":"2024-08-23","release_date_precision":"day","type":"album","uri":"spotify:album:2PiqQiq61HCKiK0LPzdptP","artists":[{"external_urls":{"spotify":"https://open.spotify.com/artist/6slyJwua5e5GuhuP82sTHR"},"href":"https://api.spotify.com/v1/artists/6slyJwua5e5GuhuP82sTHR","id":"6slyJwua5e5GuhuP82sTHR","name":"Alex Campos","type":"artist","uri":"spotify:artist:6slyJwua5e5GuhuP82sTHR"}],"tracks":{"href":"https://api.spotify.com/v1/albums/2PiqQiq61HCKiK0LPzdptP/tracks?offset=0&limit=50","limit":50,"next":null,"offset":0,"previous":null,"total":14,"items":[{"artists":[{"external_urls":{"spotify":"https://open.spotify.com/artist/6slyJwua5e5GuhuP82sTHR"},"href":"https://api.spotify.com/v1/artists/6slyJwua5e5GuhuP82sTHR","id":"6slyJwua5e5GuhuP82sTHR","name":"Alex Campos","type":"artist","uri":"spotify:artist:6slyJwua5e5GuhuP82sTHR"},{"external_urls":{"spotify":"https://open.spotify.com/artist/3SKza3YPBri1k43LB1Tqy4"},"href":"https://api.spotify.com/v1/artists/3SKza3YPBri1k43LB1Tqy4","id":"3SKza3YPBri1k43LB1Tqy4","name":"Tauren Wells","type":"artist","uri":"spotify:artist:3SKza3YPBri1k43LB1Tqy4"}],"available_markets":["AR","AU","AT","BE","BO","BR","BG","CA","CL","CO","CR","CY","CZ","DK","DO","DE","EC","EE","SV","FI","FR","GR","GT","HN","HK","HU","IS","IE","IT","LV","LT","LU","MY","MT","MX","NL","NZ","NI","NO","PA","PY","PE","PH","PL","PT","SG","SK","ES","SE","CH","TW","TR","UY","US","GB","AD","LI","MC","ID","JP","TH","VN","RO","IL","ZA","SA","AE","BH","QA","OM","KW","EG","MA","DZ","TN","LB","JO","PS","IN","BY","KZ","MD","UA","AL","BA","HR","ME","MK","RS","SI","KR","BD","PK","LK","GH","KE","NG","TZ","UG","AG","AM","BS","BB","BZ","BT","BW","BF","CV","CW","DM","FJ","GM","GE","GD","GW","GY","HT","JM","KI","LS","LR","MW","MV","ML","MH","FM","NA","NR","NE","PW","PG","PR","WS","SM","ST","SN","SC","SL","SB","KN","LC","VC","SR","TL","TO","TT","TV","VU","AZ","BN","BI","KH","CM","TD","KM","GQ","SZ","GA","GN","KG","LA","MO","MR","MN","NP","RW","TG","UZ","ZW","BJ","MG","MU","MZ","AO","CI","DJ","ZM","CD","CG","IQ","LY","TJ","VE","ET","XK"],"disc_number":1,"duration_ms":259368,"explicit":false,"external_urls":{"spotify":"https://open.spotify.com/track/69oL3RzDjwszI9NDeslCuQ"},"href":"https://api.spotify.com/v1/tracks/69oL3RzDjwszI9NDeslCuQ","id":"69oL3RzDjwszI9NDeslCuQ","name":"Libre","preview_url":null,"track_number":1,"type":"track","uri":"spotify:track:69oL3RzDjwszI9NDeslCuQ","is_local":false},{"artists":[{"external_urls":{"spotify":"https://open.spotify.com/artist/6slyJwua5e5GuhuP82sTHR"},"href":"https://api.spotify.com/v1/artists/6slyJwua5e5GuhuP82sTHR","id":"6slyJwua5e5GuhuP82sTHR","name":"Alex Campos","type":"artist","uri":"spotify:artist:6slyJwua5e5GuhuP82sTHR"}],"available_markets":["AR","AU","AT","BE","BO","BR","BG","CA","CL","CO","CR","CY","CZ","DK","DO","DE","EC","EE","SV","FI","FR","GR","GT","HN","HK","HU","IS","IE","IT","LV","LT","LU","MY","MT","MX","NL","NZ","NI","NO","PA","PY","PE","PH","PL","PT","SG","SK","ES","SE","CH","TW","TR","UY","US","GB","AD","LI","MC","ID","JP","TH","VN","RO","IL","ZA","SA","AE","BH","QA","OM","KW","EG","MA","DZ","TN","LB","JO","PS","IN","BY","KZ","MD","UA","AL","BA","HR","ME","MK","RS","SI","KR","BD","PK","LK","GH","KE","NG","TZ","UG","AG","AM","BS","BB","BZ","BT","BW","BF","CV","CW","DM","FJ","GM","GE","GD","GW","GY","HT","JM","KI","LS","LR","MW","MV","ML","MH","FM","NA","NR","NE","PW","PG","PR","WS","SM","ST","SN","SC","SL","SB","KN","LC","VC","SR","TL","TO","TT","TV","VU","AZ","BN","BI","KH","CM","TD","KM","GQ","SZ","GA","GN","KG","LA","MO","MR","MN","NP","RW","TG","UZ","ZW","BJ","MG","MU","MZ","AO","CI","DJ","ZM","CD","CG","IQ","LY","TJ","VE","ET","XK"],"disc_number":1,"duration_ms":171703,"explicit":false,"external_urls":{"spotify":"https://open.spotify.com/track/0MVtttqLPqQkogMIji8bpz"},"href":"https://api.spotify.com/v1/tracks/0MVtttqLPqQkogMIji8bpz","id":"0MVtttqLPqQkogMIji8bpz","name":"Rumbo Pa La Iglesia","preview_url":null,"track_number":2,"type":"track","uri":"spotify:track:0MVtttqLPqQkogMIji8bpz","is_local":false},{"artists":[{"external_urls":{"spotify":"https://open.spotify.com/artist/6slyJwua5e5GuhuP82sTHR"},"href":"https://api.spotify.com/v1/artists/6slyJwua5e5GuhuP82sTHR","id":"6slyJwua5e5GuhuP82sTHR","name":"Alex Campos","type":"artist","uri":"spotify:artist:6slyJwua5e5GuhuP82sTHR"}],"available_markets":["AR","AU","AT","BE","BO","BR","BG","CA","CL","CO","CR","CY","CZ","DK","DO","DE","EC","EE","SV","FI","FR","GR","GT","HN","HK","HU","IS","IE","IT","LV","LT","LU","MY","MT","MX","NL","NZ","NI","NO","PA","PY","PE","PH","PL","PT","SG","SK","ES","SE","CH","TW","TR","UY","US","GB","AD","LI","MC","ID","JP","TH","VN","RO","IL","ZA","SA","AE","BH","QA","OM","KW","EG","MA","DZ","TN","LB","JO","PS","IN","BY","KZ","MD","UA","AL","BA","HR","ME","MK","RS","SI","KR","BD","PK","LK","GH","KE","NG","TZ","UG","AG","AM","BS","BB","BZ","BT","BW","BF","CV","CW","DM","FJ","GM","GE","GD","GW","GY","HT","JM","KI","LS","LR","MW","MV","ML","MH","FM","NA","NR","NE","PW","PG","PR","WS","SM","ST","SN","SC","SL","SB","KN","LC","VC","SR","TL","TO","TT","TV","VU","AZ","BN","BI","KH","CM","TD","KM","GQ","SZ","GA","GN","KG","LA","MO","MR","MN","NP","RW","TG","UZ","ZW","BJ","MG","MU","MZ","AO","CI","DJ","ZM","CD","CG","IQ","LY","TJ","VE","ET","XK"],"disc_number":1,"duration_ms":291112,"explicit":false,"external_urls":{"spotify":"https://open.spotify.com/track/3pGNiO4xjjVJi2ycTqrLiB"},"href":"https://api.spotify.com/v1/tracks/3pGNiO4xjjVJi2ycTqrLiB","id":"3pGNiO4xjjVJi2ycTqrLiB","name":"Veo Tu Gloria","preview_url":null,"track_number":3,"type":"track","uri":"spotify:track:3pGNiO4xjjVJi2ycTqrLiB","is_local":false},{"artists":[{"external_urls":{"spotify":"https://open.spotify.com/artist/6slyJwua5e5GuhuP82sTHR"},"href":"https://api.spotify.com/v1/artists/6slyJwua5e5GuhuP82sTHR","id":"6slyJwua5e5GuhuP82sTHR","name":"Alex Campos","type":"artist","uri":"spotify:artist:6slyJwua5e5GuhuP82sTHR"}],"available_markets":["AR","AU","AT","BE","BO","BR","BG","CA","CL","CO","CR","CY","CZ","DK","DO","DE","EC","EE","SV","FI","FR","GR","GT","HN","HK","HU","IS","IE","IT","LV","LT","LU","MY","MT","MX","NL","NZ","NI","NO","PA","PY","PE","PH","PL","PT","SG","SK","ES","SE","CH","TW","TR","UY","US","GB","AD","LI","MC","ID","JP","TH","VN","RO","IL","ZA","SA","AE","BH","QA","OM","KW","EG","MA","DZ","TN","LB","JO","PS","IN","BY","KZ","MD","UA","AL","BA","HR","ME","MK","RS","SI","KR","BD","PK","LK","GH","KE","NG","TZ","UG","AG","AM","BS","BB","BZ","BT","BW","BF","CV","CW","DM","FJ","GM","GE","GD","GW","GY","HT","JM","KI","LS","LR","MW","MV","ML","MH","FM","NA","NR","NE","PW","PG","PR","WS","SM","ST","SN","SC","SL","SB","KN","LC","VC","SR","TL","TO","TT","TV","VU","AZ","BN","BI","KH","CM","TD","KM","GQ","SZ","GA","GN","KG","LA","MO","MR","MN","NP","RW","TG","UZ","ZW","BJ","MG","MU","MZ","AO","CI","DJ","ZM","CD","CG","IQ","LY","TJ","VE","ET","XK"],"disc_number":1,"duration_ms":325651,"explicit":false,"external_urls":{"spotify":"https://open.spotify.com/track/2FMEnOciWcyEmRDTOR5jac"},"href":"https://api.spotify.com/v1/tracks/2FMEnOciWcyEmRDTOR5jac","id":"2FMEnOciWcyEmRDTOR5jac","name":"Eres Tú","preview_url":null,"track_number":4,"type":"track","uri":"spotify:track:2FMEnOciWcyEmRDTOR5jac","is_local":false},{"artists":[{"external_urls":{"spotify":"https://open.spotify.com/artist/6slyJwua5e5GuhuP82sTHR"},"href":"https://api.spotify.com/v1/artists/6slyJwua5e5GuhuP82sTHR","id":"6slyJwua5e5GuhuP82sTHR","name":"Alex Campos","type":"artist","uri":"spotify:artist:6slyJwua5e5GuhuP82sTHR"}],"available_markets":["AR","AU","AT","BE","BO","BR","BG","CA","CL","CO","CR","CY","CZ","DK","DO","DE","EC","EE","SV","FI","FR","GR","GT","HN","HK","HU","IS","IE","IT","LV","LT","LU","MY","MT","MX","NL","NZ","NI","NO","PA","PY","PE","PH","PL","PT","SG","SK","ES","SE","CH","TW","TR","UY","US","GB","AD","LI","MC","ID","JP","TH","VN","RO","IL","ZA","SA","AE","BH","QA","OM","KW","EG","MA","DZ","TN","LB","JO","PS","IN","BY","KZ","MD","UA","AL","BA","HR","ME","MK","RS","SI","KR","BD","PK","LK","GH","KE","NG","TZ","UG","AG","AM","BS","BB","BZ","BT","BW","BF","CV","CW","DM","FJ","GM","GE","GD","GW","GY","HT","JM","KI","LS","LR","MW","MV","ML","MH","FM","NA","NR","NE","PW","PG","PR","WS","SM","ST","SN","SC","SL","SB","KN","LC","VC","SR","TL","TO","TT","TV","VU","AZ","BN","BI","KH","CM","TD","KM","GQ","SZ","GA","GN","KG","LA","MO","MR","MN","NP","RW","TG","UZ","ZW","BJ","MG","MU","MZ","AO","CI","DJ","ZM","CD","CG","IQ","LY","TJ","VE","ET","XK"],"disc_number":1,"duration_ms":362114,"explicit":false,"external_urls":{"spotify":"https://open.spotify.com/track/3EfCDNfMcfNfIYLIJTAdjC"},"href":"https://api.spotify.com/v1/tracks/3EfCDNfMcfNfIYLIJTAdjC","id":"3EfCDNfMcfNfIYLIJTAdjC","name":"Tu Presencia","preview_url":null,"track_number":5,"type":"track","uri":"spotify:track:3EfCDNfMcfNfIYLIJTAdjC","is_local":false},{"artists":[{"external_urls":{"spotify":"https://open.spotify.com/artist/6slyJwua5e5GuhuP82sTHR"},"href":"https://api.spotify.com/v1/artists/6slyJwua5e5GuhuP82sTHR","id":"6slyJwua5e5GuhuP82sTHR","name":"Alex Campos","type":"artist","uri":"spotify:artist:6slyJwua5e5GuhuP82sTHR"}],"available_markets":["AR","AU","AT","BE","BO","BR","BG","CA","CL","CO","CR","CY","CZ","DK","DO","DE","EC","EE","SV","FI","FR","GR","GT","HN","HK","HU","IS","IE","IT","LV","LT","LU","MY","MT","MX","NL","NZ","NI","NO","PA","PY","PE","PH","PL","PT","SG","SK","ES","SE","CH","TW","TR","UY","US","GB","AD","LI","MC","ID","JP","TH","VN","RO","IL","ZA","SA","AE","BH","QA","OM","KW","EG","MA","DZ","TN","LB","JO","PS","IN","BY","KZ","MD","UA","AL","BA","HR","ME","MK","RS","SI","KR","BD","PK","LK","GH","KE","NG","TZ","UG","AG","AM","BS","BB","BZ","BT","BW","BF","CV","CW","DM","FJ","GM","GE","GD","GW","GY","HT","JM","KI","LS","LR","MW","MV","ML","MH","FM","NA","NR","NE","PW","PG","PR","WS","SM","ST","SN","SC","SL","SB","KN","LC","VC","SR","TL","TO","TT","TV","VU","AZ","BN","BI","KH","CM","TD","KM","GQ","SZ","GA","GN","KG","LA","MO","MR","MN","NP","RW","TG","UZ","ZW","BJ","MG","MU","MZ","AO","CI","DJ","ZM","CD","CG","IQ","LY","TJ","VE","ET","XK"],"disc_number":1,"duration_ms":241816,"explicit":false,"external_urls":{"spotify":"https://open.spotify.com/track/0b0ZbvYO2po06IN4b9LRDQ"},"href":"https://api.spotify.com/v1/tracks/0b0ZbvYO2po06IN4b9LRDQ","id":"0b0ZbvYO2po06IN4b9LRDQ","name":"Gracias Cristo","preview_url":null,"track_number":6,"type":"track","uri":"spotify:track:0b0ZbvYO2po06IN4b9LRDQ","is_local":false},{"artists":[{"external_urls":{"spotify":"https://open.spotify.com/artist/6slyJwua5e5GuhuP82sTHR"},"href":"https://api.spotify.com/v1/artists/6slyJwua5e5GuhuP82sTHR","id":"6slyJwua5e5GuhuP82sTHR","name":"Alex Campos","type":"artist","uri":"spotify:artist:6slyJwua5e5GuhuP82sTHR"}],"available_markets":["AR","AU","AT","BE","BO","BR","BG","CA","CL","CO","CR","CY","CZ","DK","DO","DE","EC","EE","SV","FI","FR","GR","GT","HN","HK","HU","IS","IE","IT","LV","LT","LU","MY","MT","MX","NL","NZ","NI","NO","PA","PY","PE","PH","PL","PT","SG","SK","ES","SE","CH","TW","TR","UY","US","GB","AD","LI","MC","ID","JP","TH","VN","RO","IL","ZA","SA","AE","BH","QA","OM","KW","EG","MA","DZ","TN","LB","JO","PS","IN","BY","KZ","MD","UA","AL","BA","HR","ME","MK","RS","SI","KR","BD","PK","LK","GH","KE","NG","TZ","UG","AG","AM","BS","BB","BZ","BT","BW","BF","CV","CW","DM","FJ","GM","GE","GD","GW","GY","HT","JM","KI","LS","LR","MW","MV","ML","MH","FM","NA","NR","NE","PW","PG","PR","WS","SM","ST","SN","SC","SL","SB","KN","LC","VC","SR","TL","TO","TT","TV","VU","AZ","BN","BI","KH","CM","TD","KM","GQ","SZ","GA","GN","KG","LA","MO","MR","MN","NP","RW","TG","UZ","ZW","BJ","MG","MU","MZ","AO","CI","DJ","ZM","CD","CG","IQ","LY","TJ","VE","ET","XK"],"disc_number":1,"duration_ms":255010,"explicit":false,"external_urls":{"spotify":"https://open.spotify.com/track/2BQrCN5FMokKfYWGD1rkVK"},"href":"https://api.spotify.com/v1/tracks/2BQrCN5FMokKfYWGD1rkVK","id":"2BQrCN5FMokKfYWGD1rkVK","name":"Tu Voz","preview_url":null,"track_number":7,"type":"track","uri":"spotify:track:2BQrCN5FMokKfYWGD1rkVK","is_local":false},{"artists":[{"external_urls":{"spotify":"https://open.spotify.com/artist/6slyJwua5e5GuhuP82sTHR"},"href":"https://api.spotify.com/v1/artists/6slyJwua5e5GuhuP82sTHR","id":"6slyJwua5e5GuhuP82sTHR","name":"Alex Campos","type":"artist","uri":"spotify:artist:6slyJwua5e5GuhuP82sTHR"},{"external_urls":{"spotify":"https://open.spotify.com/artist/0Hsw98UmbwZVh0mFWg0unI"},"href":"https://api.spotify.com/v1/artists/0Hsw98UmbwZVh0mFWg0unI","id":"0Hsw98UmbwZVh0mFWg0unI","name":"Kairo Worship","type":"artist","uri":"spotify:artist:0Hsw98UmbwZVh0mFWg0unI"}],"available_markets":["AR","AU","AT","BE","BO","BR","BG","CA","CL","CO","CR","CY","CZ","DK","DO","DE","EC","EE","SV","FI","FR","GR","GT","HN","HK","HU","IS","IE","IT","LV","LT","LU","MY","MT","MX","NL","NZ","NI","NO","PA","PY","PE","PH","PL","PT","SG","SK","ES","SE","CH","TW","TR","UY","US","GB","AD","LI","MC","ID","JP","TH","VN","RO","IL","ZA","SA","AE","BH","QA","OM","KW","EG","MA","DZ","TN","LB","JO","PS","IN","BY","KZ","MD","UA","AL","BA","HR","ME","MK","RS","SI","KR","BD","PK","LK","GH","KE","NG","TZ","UG","AG","AM","BS","BB","BZ","BT","BW","BF","CV","CW","DM","FJ","GM","GE","GD","GW","GY","HT","JM","KI","LS","LR","MW","MV","ML","MH","FM","NA","NR","NE","PW","PG","PR","WS","SM","ST","SN","SC","SL","SB","KN","LC","VC","SR","TL","TO","TT","TV","VU","AZ","BN","BI","KH","CM","TD","KM","GQ","SZ","GA","GN","KG","LA","MO","MR","MN","NP","RW","TG","UZ","ZW","BJ","MG","MU","MZ","AO","CI","DJ","ZM","CD","CG","IQ","LY","TJ","VE","ET","XK"],"disc_number":1,"duration_ms":318098,"explicit":false,"external_urls":{"spotify":"https://open.spotify.com/track/5O38B5f4SeQpwK5qBbIQp2"},"href":"https://api.spotify.com/v1/tracks/5O38B5f4SeQpwK5qBbIQp2","id":"5O38B5f4SeQpwK5qBbIQp2","name":"Quizá","preview_url":null,"track_number":8,"type":"track","uri":"spotify:track:5O38B5f4SeQpwK5qBbIQp2","is_local":false},{"artists":[{"external_urls":{"spotify":"https://open.spotify.com/artist/6slyJwua5e5GuhuP82sTHR"},"href":"https://api.spotify.com/v1/artists/6slyJwua5e5GuhuP82sTHR","id":"6slyJwua5e5GuhuP82sTHR","name":"Alex Campos","type":"artist","uri":"spotify:artist:6slyJwua5e5GuhuP82sTHR"}],"available_markets":["AR","AU","AT","BE","BO","BR","BG","CA","CL","CO","CR","CY","CZ","DK","DO","DE","EC","EE","SV","FI","FR","GR","GT","HN","HK","HU","IS","IE","IT","LV","LT","LU","MY","MT","MX","NL","NZ","NI","NO","PA","PY","PE","PH","PL","PT","SG","SK","ES","SE","CH","TW","TR","UY","US","GB","AD","LI","MC","ID","JP","TH","VN","RO","IL","ZA","SA","AE","BH","QA","OM","KW","EG","MA","DZ","TN","LB","JO","PS","IN","BY","KZ","MD","UA","AL","BA","HR","ME","MK","RS","SI","KR","BD","PK","LK","GH","KE","NG","TZ","UG","AG","AM","BS","BB","BZ","BT","BW","BF","CV","CW","DM","FJ","GM","GE","GD","GW","GY","HT","JM","KI","LS","LR","MW","MV","ML","MH","FM","NA","NR","NE","PW","PG","PR","WS","SM","ST","SN","SC","SL","SB","KN","LC","VC","SR","TL","TO","TT","TV","VU","AZ","BN","BI","KH","CM","TD","KM","GQ","SZ","GA","GN","KG","LA","MO","MR","MN","NP","RW","TG","UZ","ZW","BJ","MG","MU","MZ","AO","CI","DJ","ZM","CD","CG","IQ","LY","TJ","VE","ET","XK"],"disc_number":1,"duration_ms":258661,"explicit":false,"external_urls":{"spotify":"https://open.spotify.com/track/1oPSJbIPuf0i82fId2yGFw"},"href":"https://api.spotify.com/v1/tracks/1oPSJbIPuf0i82fId2yGFw","id":"1oPSJbIPuf0i82fId2yGFw","name":"Te He Visto Fiel","preview_url":null,"track_number":9,"type":"track","uri":"spotify:track:1oPSJbIPuf0i82fId2yGFw","is_local":false},{"artists":[{"external_urls":{"spotify":"https://open.spotify.com/artist/6slyJwua5e5GuhuP82sTHR"},"href":"https://api.spotify.com/v1/artists/6slyJwua5e5GuhuP82sTHR","id":"6slyJwua5e5GuhuP82sTHR","name":"Alex Campos","type":"artist","uri":"spotify:artist:6slyJwua5e5GuhuP82sTHR"},{"external_urls":{"spotify":"https://open.spotify.com/artist/7zpvy5B9gb5KprNUzNCOEE"},"href":"https://api.spotify.com/v1/artists/7zpvy5B9gb5KprNUzNCOEE","id":"7zpvy5B9gb5KprNUzNCOEE","name":"Miel San Marcos","type":"artist","uri":"spotify:artist:7zpvy5B9gb5KprNUzNCOEE"}],"available_markets":["AR","AU","AT","BE","BO","BR","BG","CA","CL","CO","CR","CY","CZ","DK","DO","DE","EC","EE","SV","FI","FR","GR","GT","HN","HK","HU","IS","IE","IT","LV","LT","LU","MY","MT","MX","NL","NZ","NI","NO","PA","PY","PE","PH","PL","PT","SG","SK","ES","SE","CH","TW","TR","UY","US","GB","AD","LI","MC","ID","JP","TH","VN","RO","IL","ZA","SA","AE","BH","QA","OM","KW","EG","MA","DZ","TN","LB","JO","PS","IN","BY","KZ","MD","UA","AL","BA","HR","ME","MK","RS","SI","KR","BD","PK","LK","GH","KE","NG","TZ","UG","AG","AM","BS","BB","BZ","BT","BW","BF","CV","CW","DM","FJ","GM","GE","GD","GW","GY","HT","JM","KI","LS","LR","MW","MV","ML","MH","FM","NA","NR","NE","PW","PG","PR","WS","SM","ST","SN","SC","SL","SB","KN","LC","VC","SR","TL","TO","TT","TV","VU","AZ","BN","BI","KH","CM","TD","KM","GQ","SZ","GA","GN","KG","LA","MO","MR","MN","NP","RW","TG","UZ","ZW","BJ","MG","MU","MZ","AO","CI","DJ","ZM","CD","CG","IQ","LY","TJ","VE","ET","XK"],"disc_number":1,"duration_ms":331377,"explicit":false,"external_urls":{"spotify":"https://open.spotify.com/track/3rLrYGizoOIkJTVqOjlOaq"},"href":"https://api.spotify.com/v1/tracks/3rLrYGizoOIkJTVqOjlOaq","id":"3rLrYGizoOIkJTVqOjlOaq","name":"Te Amo","preview_url":null,"track_number":10,"type":"track","uri":"spotify:track:3rLrYGizoOIkJTVqOjlOaq","is_local":false},{"artists":[{"external_urls":{"spotify":"https://open.spotify.com/artist/6slyJwua5e5GuhuP82sTHR"},"href":"https://api.spotify.com/v1/artists/6slyJwua5e5GuhuP82sTHR","id":"6slyJwua5e5GuhuP82sTHR","name":"Alex Campos","type":"artist","uri":"spotify:artist:6slyJwua5e5GuhuP82sTHR"}],"available_markets":["AR","AU","AT","BE","BO","BR","BG","CA","CL","CO","CR","CY","CZ","DK","DO","DE","EC","EE","SV","FI","FR","GR","GT","HN","HK","HU","IS","IE","IT","LV","LT","LU","MY","MT","MX","NL","NZ","NI","NO","PA","PY","PE","PH","PL","PT","SG","SK","ES","SE","CH","TW","TR","UY","US","GB","AD","LI","MC","ID","JP","TH","VN","RO","IL","ZA","SA","AE","BH","QA","OM","KW","EG","MA","DZ","TN","LB","JO","PS","IN","BY","KZ","MD","UA","AL","BA","HR","ME","MK","RS","SI","KR","BD","PK","LK","GH","KE","NG","TZ","UG","AG","AM","BS","BB","BZ","BT","BW","BF","CV","CW","DM","FJ","GM","GE","GD","GW","GY","HT","JM","KI","LS","LR","MW","MV","ML","MH","FM","NA","NR","NE","PW","PG","PR","WS","SM","ST","SN","SC","SL","SB","KN","LC","VC","SR","TL","TO","TT","TV","VU","AZ","BN","BI","KH","CM","TD","KM","GQ","SZ","GA","GN","KG","LA","MO","MR","MN","NP","RW","TG","UZ","ZW","BJ","MG","MU","MZ","AO","CI","DJ","ZM","CD","CG","IQ","LY","TJ","VE","ET","XK"],"disc_number":1,"duration_ms":304677,"explicit":false,"external_urls":{"spotify":"https://open.spotify.com/track/5cvS1MXAFgcIdQhhmJAqjP"},"href":"https://api.spotify.com/v1/tracks/5cvS1MXAFgcIdQhhmJAqjP","id":"5cvS1MXAFgcIdQhhmJAqjP","name":"Te Necesito","preview_url":null,"track_number":11,"type":"track","uri":"spotify:track:5cvS1MXAFgcIdQhhmJAqjP","is_local":false},{"artists":[{"external_urls":{"spotify":"https://open.spotify.com/artist/6slyJwua5e5GuhuP82sTHR"},"href":"https://api.spotify.com/v1/artists/6slyJwua5e5GuhuP82sTHR","id":"6slyJwua5e5GuhuP82sTHR","name":"Alex Campos","type":"artist","uri":"spotify:artist:6slyJwua5e5GuhuP82sTHR"}],"available_markets":["AR","AU","AT","BE","BO","BR","BG","CA","CL","CO","CR","CY","CZ","DK","DO","DE","EC","EE","SV","FI","FR","GR","GT","HN","HK","HU","IS","IE","IT","LV","LT","LU","MY","MT","MX","NL","NZ","NI","NO","PA","PY","PE","PH","PL","PT","SG","SK","ES","SE","CH","TW","TR","UY","US","GB","AD","LI","MC","ID","JP","TH","VN","RO","IL","ZA","SA","AE","BH","QA","OM","KW","EG","MA","DZ","TN","LB","JO","PS","IN","BY","KZ","MD","UA","AL","BA","HR","ME","MK","RS","SI","KR","BD","PK","LK","GH","KE","NG","TZ","UG","AG","AM","BS","BB","BZ","BT","BW","BF","CV","CW","DM","FJ","GM","GE","GD","GW","GY","HT","JM","KI","LS","LR","MW","MV","ML","MH","FM","NA","NR","NE","PW","PG","PR","WS","SM","ST","SN","SC","SL","SB","KN","LC","VC","SR","TL","TO","TT","TV","VU","AZ","BN","BI","KH","CM","TD","KM","GQ","SZ","GA","GN","KG","LA","MO","MR","MN","NP","RW","TG","UZ","ZW","BJ","MG","MU","MZ","AO","CI","DJ","ZM","CD","CG","IQ","LY","TJ","VE","ET","XK"],"disc_number":1,"duration_ms":254135,"explicit":false,"external_urls":{"spotify":"https://open.spotify.com/track/37iDXgCdVy0ut6jfDeHWnp"},"href":"https://api.spotify.com/v1/tracks/37iDXgCdVy0ut6jfDeHWnp","id":"37iDXgCdVy0ut6jfDeHWnp","name":"Antes Que Salga El Sol","preview_url":null,"track_number":12,"type":"track","uri":"spotify:track:37iDXgCdVy0ut6jfDeHWnp","is_local":false},{"artists":[{"external_urls":{"spotify":"https://open.spotify.com/artist/6slyJwua5e5GuhuP82sTHR"},"href":"https://api.spotify.com/v1/artists/6slyJwua5e5GuhuP82sTHR","id":"6slyJwua5e5GuhuP82sTHR","name":"Alex Campos","type":"artist","uri":"spotify:artist:6slyJwua5e5GuhuP82sTHR"}],"available_markets":["AR","AU","AT","BE","BO","BR","BG","CA","CL","CO","CR","CY","CZ","DK","DO","DE","EC","EE","SV","FI","FR","GR","GT","HN","HK","HU","IS","IE","IT","LV","LT","LU","MY","MT","MX","NL","NZ","NI","NO","PA","PY","PE","PH","PL","PT","SG","SK","ES","SE","CH","TW","TR","UY","US","GB","AD","LI","MC","ID","JP","TH","VN","RO","IL","ZA","SA","AE","BH","QA","OM","KW","EG","MA","DZ","TN","LB","JO","PS","IN","BY","KZ","MD","UA","AL","BA","HR","ME","MK","RS","SI","KR","BD","PK","LK","GH","KE","NG","TZ","UG","AG","AM","BS","BB","BZ","BT","BW","BF","CV","CW","DM","FJ","GM","GE","GD","GW","GY","HT","JM","KI","LS","LR","MW","MV","ML","MH","FM","NA","NR","NE","PW","PG","PR","WS","SM","ST","SN","SC","SL","SB","KN","LC","VC","SR","TL","TO","TT","TV","VU","AZ","BN","BI","KH","CM","TD","KM","GQ","SZ","GA","GN","KG","LA","MO","MR","MN","NP","RW","TG","UZ","ZW","BJ","MG","MU","MZ","AO","CI","DJ","ZM","CD","CG","IQ","LY","TJ","VE","ET","XK"],"disc_number":1,"duration_ms":292960,"explicit":false,"external_urls":{"spotify":"https://open.spotify.com/track/4cUNzzhMQNTuwmwTOviv7z"},"href":"https://api.spotify.com/v1/tracks/4cUNzzhMQNTuwmwTOviv7z","id":"4cUNzzhMQNTuwmwTOviv7z","name":"Vuelvo A Ti","preview_url":null,"track_number":13,"type":"track","uri":"spotify:track:4cUNzzhMQNTuwmwTOviv7z","is_local":false},{"artists":[{"external_urls":{"spotify":"https://open.spotify.com/artist/6slyJwua5e5GuhuP82sTHR"},"href":"https://api.spotify.com/v1/artists/6slyJwua5e5GuhuP82sTHR","id":"6slyJwua5e5GuhuP82sTHR","name":"Alex Campos","type":"artist","uri":"spotify:artist:6slyJwua5e5GuhuP82sTHR"}],"available_markets":["AR","AU","AT","BE","BO","BR","BG","CA","CL","CO","CR","CY","CZ","DK","DO","DE","EC","EE","SV","FI","FR","GR","GT","HN","HK","HU","IS","IE","IT","LV","LT","LU","MY","MT","MX","NL","NZ","NI","NO","PA","PY","PE","PH","PL","PT","SG","SK","ES","SE","CH","TW","TR","UY","US","GB","AD","LI","MC","ID","JP","TH","VN","RO","IL","ZA","SA","AE","BH","QA","OM","KW","EG","MA","DZ","TN","LB","JO","PS","IN","BY","KZ","MD","UA","AL","BA","HR","ME","MK","RS","SI","KR","BD","PK","LK","GH","KE","NG","TZ","UG","AG","AM","BS","BB","BZ","BT","BW","BF","CV","CW","DM","FJ","GM","GE","GD","GW","GY","HT","JM","KI","LS","LR","MW","MV","ML","MH","FM","NA","NR","NE","PW","PG","PR","WS","SM","ST","SN","SC","SL","SB","KN","LC","VC","SR","TL","TO","TT","TV","VU","AZ","BN","BI","KH","CM","TD","KM","GQ","SZ","GA","GN","KG","LA","MO","MR","MN","NP","RW","TG","UZ","ZW","BJ","MG","MU","MZ","AO","CI","DJ","ZM","CD","CG","IQ","LY","TJ","VE","ET","XK"],"disc_number":1,"duration_ms":285405,"explicit":false,"external_urls":{"spotify":"https://open.spotify.com/track/5XOmgnCPWxCh561qL9ChJF"},"href":"https://api.spotify.com/v1/tracks/5XOmgnCPWxCh561qL9ChJF","id":"5XOmgnCPWxCh561qL9ChJF","name":"Padre","preview_url":null,"track_number":14,"type":"track","uri":"spotify:track:5XOmgnCPWxCh561qL9ChJF","is_local":false}]},"copyrights":[{"text":"(C) 2024 MV Records","type":"C"},{"text":"(P) 2024 MV Records","type":"P"}],"external_ids":{"upc":"198588800232"},"genres":[],"label":"MV RECORDS","popularity":43},{"album_type":"album","total_tracks":15,"available_markets":["AR","AU","AT","BE","BO","BR","BG","CA","CL","CO","CR","CY","CZ","DK","DO","DE","EC","EE","SV","FI","FR","GR","GT","HN","HK","HU","IS","IE","IT","LV","LT","LU","MY","MT","MX","NL","NZ","NI","NO","PA","PY","PE","PH","PL","PT","SG","SK","ES","SE","CH","TW","TR","UY","US","GB","AD","LI","MC","ID","JP","TH","VN","RO","IL","ZA","SA","AE","BH","QA","OM","KW","EG","MA","DZ","TN","LB","JO","PS","IN","BY","KZ","MD","UA","AL","BA","HR","ME","MK","RS","SI","KR","BD","PK","LK","GH","KE","NG","TZ","UG","AG","AM","BS","BB","BZ","BT","BW","BF","CV","CW","DM","FJ","GM","GE","GD","GW","GY","HT","JM","KI","LS","LR","MW","MV","ML","MH","FM","NA","NR","NE","PW","PG","PR","WS","SM","ST","SN","SC","SL","SB","KN","LC","VC","SR","TL","TO","TT","TV","VU","AZ","BN","BI","KH","CM","TD","KM","GQ","SZ","GA","GN","KG","LA","MO","MR","MN","NP","RW","TG","UZ","ZW","BJ","MG","MU","MZ","AO","CI","DJ","ZM","CD","CG","IQ","LY","TJ","VE","ET","XK"],"external_urls":{"spotify":"https://open.spotify.com/album/2Mhh5KI8hfKMkpHs7xkWBt"},"href":"https://api.spotify.com/v1/albums/2Mhh5KI8hfKMkpHs7xkWBt","id":"2Mhh5KI8hfKMkpHs7xkWBt","images":[{"url":"https://i.scdn.co/image/ab67616d0000b273ce14e6e3697aaa518212db63","height":640,"width":640},{"url":"https://i.scdn.co/image/ab67616d00001e02ce14e6e3697aaa518212db63","height":300,"width":300},{"url":"https://i.scdn.co/image/ab67616d00004851ce14e6e3697aaa518212db63","height":64,"width":64}],"name":"Eden","release_date":"2024-08-16","release_date_precision":"day","type":"album","uri":"spotify:album:2Mhh5KI8hfKMkpHs7xkWBt","artists":[{"external_urls":{"spotify":"https://open.spotify.com/artist/1gJdf4Yybu4X5A2xYV3NMV"},"href":"https://api.spotify.com/v1/artists/1gJdf4Yybu4X5A2xYV3NMV","id":"1gJdf4Yybu4X5A2xYV3NMV","name":"Eden Muñoz","type":"artist","uri":"spotify:artist:1gJdf4Yybu4X5A2xYV3NMV"}],"tracks":{"href":"https://api.spotify.com/v1/albums/2Mhh5KI8hfKMkpHs7xkWBt/tracks?offset=0&limit=50","limit":50,"next":null,"offset":0,"previous":null,"total":15,"items":[{"artists":[{"external_urls":{"spotify":"https://open.spotify.com/artist/1gJdf4Yybu4X5A2xYV3NMV"},"href":"https://api.spotify.com/v1/artists/1gJdf4Yybu4X5A2xYV3NMV","id":"1gJdf4Yybu4X5A2xYV3NMV","name":"Eden Muñoz","type":"artist","uri":"spotify:artist:1gJdf4Yybu4X5A2xYV3NMV"}],"available_markets":["AR","AU","AT","BE","BO","BR","BG","CA","CL","CO","CR","CY","CZ","DK","DO","DE","EC","EE","SV","FI","FR","GR","GT","HN","HK","HU","IS","IE","IT","LV","LT","LU","MY","MT","MX","NL","NZ","NI","NO","PA","PY","PE","PH","PL","PT","SG","SK","ES","SE","CH","TW","TR","UY","US","GB","AD","LI","MC","ID","JP","TH","VN","RO","IL","ZA","SA","AE","BH","QA","OM","KW","EG","MA","DZ","TN","LB","JO","PS","IN","BY","KZ","MD","UA","AL","BA","HR","ME","MK","RS","SI","KR","BD","PK","LK","GH","KE","NG","TZ","UG","AG","AM","BS","BB","BZ","BT","BW","BF","CV","CW","DM","FJ","GM","GE","GD","GW","GY","HT","JM","KI","LS","LR","MW","MV","ML","MH","FM","NA","NR","NE","PW","PG","PR","WS","SM","ST","SN","SC","SL","SB","KN","LC","VC","SR","TL","TO","TT","TV","VU","AZ","BN","BI","KH","CM","TD","KM","GQ","SZ","GA","GN","KG","LA","MO","MR","MN","NP","RW","TG","UZ","ZW","BJ","MG","MU","MZ","AO","CI","DJ","ZM","CD","CG","IQ","LY","TJ","VE","ET","XK"],"disc_number":1,"duration_ms":186896,"explicit":false,"external_urls":{"spotify":"https://open.spotify.com/track/4uxMnpm66SEML1u5DqhUH2"},"href":"https://api.spotify.com/v1/tracks/4uxMnpm66SEML1u5DqhUH2","id":"4uxMnpm66SEML1u5DqhUH2","name":"Mi Momento Más Ex-Quizofrénico","preview_url":null,"track_number":1,"type":"track","uri":"spotify:track:4uxMnpm66SEML1u5DqhUH2","is_local":false},{"artists":[{"external_urls":{"spotify":"https://open.spotify.com/artist/1gJdf4Yybu4X5A2xYV3NMV"},"href":"https://api.spotify.com/v1/artists/1gJdf4Yybu4X5A2xYV3NMV","id":"1gJdf4Yybu4X5A2xYV3NMV","name":"Eden Muñoz","type":"artist","uri":"spotify:artist:1gJdf4Yybu4X5A2xYV3NMV"}],"available_markets":["AR","AU","AT","BE","BO","BR","BG","CA","CL","CO","CR","CY","CZ","DK","DO","DE","EC","EE","SV","FI","FR","GR","GT","HN","HK","HU","IS","IE","IT","LV","LT","LU","MY","MT","MX","NL","NZ","NI","NO","PA","PY","PE","PH","PL","PT","SG","SK","ES","SE","CH","TW","TR","UY","US","GB","AD","LI","MC","ID","JP","TH","VN","RO","IL","ZA","SA","AE","BH","QA","OM","KW","EG","MA","DZ","TN","LB","JO","PS","IN","BY","KZ","MD","UA","AL","BA","HR","ME","MK","RS","SI","KR","BD","PK","LK","GH","KE","NG","TZ","UG","AG","AM","BS","BB","BZ","BT","BW","BF","CV","CW","DM","FJ","GM","GE","GD","GW","GY","HT","JM","KI","LS","LR","MW","MV","ML","MH","FM","NA","NR","NE","PW","PG","PR","WS","SM","ST","SN","SC","SL","SB","KN","LC","VC","SR","TL","TO","TT","TV","VU","AZ","BN","BI","KH","CM","TD","KM","GQ","SZ","GA","GN","KG","LA","MO","MR","MN","NP","RW","TG","UZ","ZW","BJ","MG","MU","MZ","AO","CI","DJ","ZM","CD","CG","IQ","LY","TJ","VE","ET","XK"],"disc_number":1,"duration_ms":216765,"explicit":false,"external_urls":{"spotify":"https://open.spotify.com/track/64gOn65HBVZkeEbg5HMbMv"},"href":"https://api.spotify.com/v1/tracks/64gOn65HBVZkeEbg5HMbMv","id":"64gOn65HBVZkeEbg5HMbMv","name":"¿CÓMO TE FUE SIN MÍ?","preview_url":null,"track_number":2,"type":"track","uri":"spotify:track:64gOn65HBVZkeEbg5HMbMv","is_local":false},{"artists":[{"external_urls":{"spotify":"https://open.spotify.com/artist/1gJdf4Yybu4X5A2xYV3NMV"},"href":"https://api.spotify.com/v1/artists/1gJdf4Yybu4X5A2xYV3NMV","id":"1gJdf4Yybu4X5A2xYV3NMV","name":"Eden Muñoz","type":"artist","uri":"spotify:artist:1gJdf4Yybu4X5A2xYV3NMV"},{"external_urls":{"spotify":"https://open.spotify.com/artist/4kcQWQDK0u9AftVSpdrAgk"},"href":"https://api.spotify.com/v1/artists/4kcQWQDK0u9AftVSpdrAgk","id":"4kcQWQDK0u9AftVSpdrAgk","name":"Luck Ra","type":"artist","uri":"spotify:artist:4kcQWQDK0u9AftVSpdrAgk"}],"available_markets":["AR","AU","AT","BE","BO","BR","BG","CA","CL","CO","CR","CY","CZ","DK","DO","DE","EC","EE","SV","FI","FR","GR","GT","HN","HK","HU","IS","IE","IT","LV","LT","LU","MY","MT","MX","NL","NZ","NI","NO","PA","PY","PE","PH","PL","PT","SG","SK","ES","SE","CH","TW","TR","UY","US","GB","AD","LI","MC","ID","JP","TH","VN","RO","IL","ZA","SA","AE","BH","QA","OM","KW","EG","MA","DZ","TN","LB","JO","PS","IN","BY","KZ","MD","UA","AL","BA","HR","ME","MK","RS","SI","KR","BD","PK","LK","GH","KE","NG","TZ","UG","AG","AM","BS","BB","BZ","BT","BW","BF","CV","CW","DM","FJ","GM","GE","GD","GW","GY","HT","JM","KI","LS","LR","MW","MV","ML","MH","FM","NA","NR","NE","PW","PG","PR","WS","SM","ST","SN","SC","SL","SB","KN","LC","VC","SR","TL","TO","TT","TV","VU","AZ","BN","BI","KH","CM","TD","KM","GQ","SZ","GA","GN","KG","LA","MO","MR","MN","NP","RW","TG","UZ","ZW","BJ","MG","MU","MZ","AO","CI","DJ","ZM","CD","CG","IQ","LY","TJ","VE","ET","XK"],"disc_number":1,"duration_ms":161000,"explicit":false,"external_urls":{"spotify":"https://open.spotify.com/track/5ytMaJbkBLBaMDNYMQjVw1"},"href":"https://api.spotify.com/v1/tracks/5ytMaJbkBLBaMDNYMQjVw1","id":"5ytMaJbkBLBaMDNYMQjVw1","name":"No Sabes La Que Te Espera","preview_url":null,"track_number":3,"type":"track","uri":"spotify:track:5ytMaJbkBLBaMDNYMQjVw1","is_local":false},{"artists":[{"external_urls":{"spotify":"https://open.spotify.com/artist/1gJdf4Yybu4X5A2xYV3NMV"},"href":"https://api.spotify.com/v1/artists/1gJdf4Yybu4X5A2xYV3NMV","id":"1gJdf4Yybu4X5A2xYV3NMV","name":"Eden Muñoz","type":"artist","uri":"spotify:artist:1gJdf4Yybu4X5A2xYV3NMV"}],"available_markets":["AR","AU","AT","BE","BO","BR","BG","CA","CL","CO","CR","CY","CZ","DK","DO","DE","EC","EE","SV","FI","FR","GR","GT","HN","HK","HU","IS","IE","IT","LV","LT","LU","MY","MT","MX","NL","NZ","NI","NO","PA","PY","PE","PH","PL","PT","SG","SK","ES","SE","CH","TW","TR","UY","US","GB","AD","LI","MC","ID","JP","TH","VN","RO","IL","ZA","SA","AE","BH","QA","OM","KW","EG","MA","DZ","TN","LB","JO","PS","IN","BY","KZ","MD","UA","AL","BA","HR","ME","MK","RS","SI","KR","BD","PK","LK","GH","KE","NG","TZ","UG","AG","AM","BS","BB","BZ","BT","BW","BF","CV","CW","DM","FJ","GM","GE","GD","GW","GY","HT","JM","KI","LS","LR","MW","MV","ML","MH","FM","NA","NR","NE","PW","PG","PR","WS","SM","ST","SN","SC","SL","SB","KN","LC","VC","SR","TL","TO","TT","TV","VU","AZ","BN","BI","KH","CM","TD","KM","GQ","SZ","GA","GN","KG","LA","MO","MR","MN","NP","RW","TG","UZ","ZW","BJ","MG","MU","MZ","AO","CI","DJ","ZM","CD","CG","IQ","LY","TJ","VE","ET","XK"],"disc_number":1,"duration_ms":204246,"explicit":false,"external_urls":{"spotify":"https://open.spotify.com/track/00j3Zw2inmVD3T0YJLNRvu"},"href":"https://api.spotify.com/v1/tracks/00j3Zw2inmVD3T0YJLNRvu","id":"00j3Zw2inmVD3T0YJLNRvu","name":"Traigo Saldo y Ganas de Rogar","preview_url":null,"track_number":4,"type":"track","uri":"spotify:track:00j3Zw2inmVD3T0YJLNRvu","is_local":false},{"artists":[{"external_urls":{"spotify":"https://open.spotify.com/artist/1gJdf4Yybu4X5A2xYV3NMV"},"href":"https://api.spotify.com/v1/artists/1gJdf4Yybu4X5A2xYV3NMV","id":"1gJdf4Yybu4X5A2xYV3NMV","name":"Eden Muñoz","type":"artist","uri":"spotify:artist:1gJdf4Yybu4X5A2xYV3NMV"}],"available_markets":["AR","AU","AT","BE","BO","BR","BG","CA","CL","CO","CR","CY","CZ","DK","DO","DE","EC","EE","SV","FI","FR","GR","GT","HN","HK","HU","IS","IE","IT","LV","LT","LU","MY","MT","MX","NL","NZ","NI","NO","PA","PY","PE","PH","PL","PT","SG","SK","ES","SE","CH","TW","TR","UY","US","GB","AD","LI","MC","ID","JP","TH","VN","RO","IL","ZA","SA","AE","BH","QA","OM","KW","EG","MA","DZ","TN","LB","JO","PS","IN","BY","KZ","MD","UA","AL","BA","HR","ME","MK","RS","SI","KR","BD","PK","LK","GH","KE","NG","TZ","UG","AG","AM","BS","BB","BZ","BT","BW","BF","CV","CW","DM","FJ","GM","GE","GD","GW","GY","HT","JM","KI","LS","LR","MW","MV","ML","MH","FM","NA","NR","NE","PW","PG","PR","WS","SM","ST","SN","SC","SL","SB","KN","LC","VC","SR","TL","TO","TT","TV","VU","AZ","BN","BI","KH","CM","TD","KM","GQ","SZ","GA","GN","KG","LA","MO","MR","MN","NP","RW","TG","UZ","ZW","BJ","MG","MU","MZ","AO","CI","DJ","ZM","CD","CG","IQ","LY","TJ","VE","ET","XK"],"disc_number":1,"duration_ms":142108,"explicit":false,"external_urls":{"spotify":"https://open.spotify.com/track/3Q3E5JKq6dR9wkBawDseMe"},"href":"https://api.spotify.com/v1/tracks/3Q3E5JKq6dR9wkBawDseMe","id":"3Q3E5JKq6dR9wkBawDseMe","name":"Me Rento","preview_url":null,"track_number":5,"type":"track","uri":"spotify:track:3Q3E5JKq6dR9wkBawDseMe","is_local":false},{"artists":[{"external_urls":{"spotify":"https://open.spotify.com/artist/1gJdf4Yybu4X5A2xYV3NMV"},"href":"https://api.spotify.com/v1/artists/1gJdf4Yybu4X5A2xYV3NMV","id":"1gJdf4Yybu4X5A2xYV3NMV","name":"Eden Muñoz","type":"artist","uri":"spotify:artist:1gJdf4Yybu4X5A2xYV3NMV"}],"available_markets":["AR","AU","AT","BE","BO","BR","BG","CA","CL","CO","CR","CY","CZ","DK","DO","DE","EC","EE","SV","FI","FR","GR","GT","HN","HK","HU","IS","IE","IT","LV","LT","LU","MY","MT","MX","NL","NZ","NI","NO","PA","PY","PE","PH","PL","PT","SG","SK","ES","SE","CH","TW","TR","UY","US","GB","AD","LI","MC","ID","JP","TH","VN","RO","IL","ZA","SA","AE","BH","QA","OM","KW","EG","MA","DZ","TN","LB","JO","PS","IN","BY","KZ","MD","UA","AL","BA","HR","ME","MK","RS","SI","KR","BD","PK","LK","GH","KE","NG","TZ","UG","AG","AM","BS","BB","BZ","BT","BW","BF","CV","CW","DM","FJ","GM","GE","GD","GW","GY","HT","JM","KI","LS","LR","MW","MV","ML","MH","FM","NA","NR","NE","PW","PG","PR","WS","SM","ST","SN","SC","SL","SB","KN","LC","VC","SR","TL","TO","TT","TV","VU","AZ","BN","BI","KH","CM","TD","KM","GQ","SZ","GA","GN","KG","LA","MO","MR","MN","NP","RW","TG","UZ","ZW","BJ","MG","MU","MZ","AO","CI","DJ","ZM","CD","CG","IQ","LY","TJ","VE","ET","XK"],"disc_number":1,"duration_ms":245846,"explicit":false,"external_urls":{"spotify":"https://open.spotify.com/track/1gYG0DmOex4cswuejfN1H1"},"href":"https://api.spotify.com/v1/tracks/1gYG0DmOex4cswuejfN1H1","id":"1gYG0DmOex4cswuejfN1H1","name":"Mi Lugar Favorito","preview_url":null,"track_number":6,"type":"track","uri":"spotify:track:1gYG0DmOex4cswuejfN1H1","is_local":false},{"artists":[{"external_urls":{"spotify":"https://open.spotify.com/artist/1gJdf4Yybu4X5A2xYV3NMV"},"href":"https://api.spotify.com/v1/artists/1gJdf4Yybu4X5A2xYV3NMV","id":"1gJdf4Yybu4X5A2xYV3NMV","name":"Eden Muñoz","type":"artist","uri":"spotify:artist:1gJdf4Yybu4X5A2xYV3NMV"}],"available_markets":["AR","AU","AT","BE","BO","BR","BG","CA","CL","CO","CR","CY","CZ","DK","DO","DE","EC","EE","SV","FI","FR","GR","GT","HN","HK","HU","IS","IE","IT","LV","LT","LU","MY","MT","MX","NL","NZ","NI","NO","PA","PY","PE","PH","PL","PT","SG","SK","ES","SE","CH","TW","TR","UY","US","GB","AD","LI","MC","ID","JP","TH","VN","RO","IL","ZA","SA","AE","BH","QA","OM","KW","EG","MA","DZ","TN","LB","JO","PS","IN","BY","KZ","MD","UA","AL","BA","HR","ME","MK","RS","SI","KR","BD","PK","LK","GH","KE","NG","TZ","UG","AG","AM","BS","BB","BZ","BT","BW","BF","CV","CW","DM","FJ","GM","GE","GD","GW","GY","HT","JM","KI","LS","LR","MW","MV","ML","MH","FM","NA","NR","NE","PW","PG","PR","WS","SM","ST","SN","SC","SL","SB","KN","LC","VC","SR","TL","TO","TT","TV","VU","AZ","BN","BI","KH","CM","TD","KM","GQ","SZ","GA","GN","KG","LA","MO","MR","MN","NP","RW","TG","UZ","ZW","BJ","MG","MU","MZ","AO","CI","DJ","ZM","CD","CG","IQ","LY","TJ","VE","ET","XK"],"disc_number":1,"duration_ms":191012,"explicit":false,"external_urls":{"spotify":"https://open.spotify.com/track/2s1btXX4qYcEDNYthVIno0"},"href":"https://api.spotify.com/v1/tracks/2s1btXX4qYcEDNYthVIno0","id":"2s1btXX4qYcEDNYthVIno0","name":"Bailando Bien","preview_url":null,"track_number":7,"type":"track","uri":"spotify:track:2s1btXX4qYcEDNYthVIno0","is_local":false},{"artists":[{"external_urls":{"spotify":"https://open.spotify.com/artist/1gJdf4Yybu4X5A2xYV3NMV"},"href":"https://api.spotify.com/v1/artists/1gJdf4Yybu4X5A2xYV3NMV","id":"1gJdf4Yybu4X5A2xYV3NMV","name":"Eden Muñoz","type":"artist","uri":"spotify:artist:1gJdf4Yybu4X5A2xYV3NMV"}],"available_markets":["AR","AU","AT","BE","BO","BR","BG","CA","CL","CO","CR","CY","CZ","DK","DO","DE","EC","EE","SV","FI","FR","GR","GT","HN","HK","HU","IS","IE","IT","LV","LT","LU","MY","MT","MX","NL","NZ","NI","NO","PA","PY","PE","PH","PL","PT","SG","SK","ES","SE","CH","TW","TR","UY","US","GB","AD","LI","MC","ID","JP","TH","VN","RO","IL","ZA","SA","AE","BH","QA","OM","KW","EG","MA","DZ","TN","LB","JO","PS","IN","BY","KZ","MD","UA","AL","BA","HR","ME","MK","RS","SI","KR","BD","PK","LK","GH","KE","NG","TZ","UG","AG","AM","BS","BB","BZ","BT","BW","BF","CV","CW","DM","FJ","GM","GE","GD","GW","GY","HT","JM","KI","LS","LR","MW","MV","ML","MH","FM","NA","NR","NE","PW","PG","PR","WS","SM","ST","SN","SC","SL","SB","KN","LC","VC","SR","TL","TO","TT","TV","VU","AZ","BN","BI","KH","CM","TD","KM","GQ","SZ","GA","GN","KG","LA","MO","MR","MN","NP","RW","TG","UZ","ZW","BJ","MG","MU","MZ","AO","CI","DJ","ZM","CD","CG","IQ","LY","TJ","VE","ET","XK"],"disc_number":1,"duration_ms":171531,"explicit":false,"external_urls":{"spotify":"https://open.spotify.com/track/5HxabFJVCV45wrWwLw3NOQ"},"href":"https://api.spotify.com/v1/tracks/5HxabFJVCV45wrWwLw3NOQ","id":"5HxabFJVCV45wrWwLw3NOQ","name":"Juro","preview_url":null,"track_number":8,"type":"track","uri":"spotify:track:5HxabFJVCV45wrWwLw3NOQ","is_local":false},{"artists":[{"external_urls":{"spotify":"https://open.spotify.com/artist/1gJdf4Yybu4X5A2xYV3NMV"},"href":"https://api.spotify.com/v1/artists/1gJdf4Yybu4X5A2xYV3NMV","id":"1gJdf4Yybu4X5A2xYV3NMV","name":"Eden Muñoz","type":"artist","uri":"spotify:artist:1gJdf4Yybu4X5A2xYV3NMV"}],"available_markets":["AR","AU","AT","BE","BO","BR","BG","CA","CL","CO","CR","CY","CZ","DK","DO","DE","EC","EE","SV","FI","FR","GR","GT","HN","HK","HU","IS","IE","IT","LV","LT","LU","MY","MT","MX","NL","NZ","NI","NO","PA","PY","PE","PH","PL","PT","SG","SK","ES","SE","CH","TW","TR","UY","US","GB","AD","LI","MC","ID","JP","TH","VN","RO","IL","ZA","SA","AE","BH","QA","OM","KW","EG","MA","DZ","TN","LB","JO","PS","IN","BY","KZ","MD","UA","AL","BA","HR","ME","MK","RS","SI","KR","BD","PK","LK","GH","KE","NG","TZ","UG","AG","AM","BS","BB","BZ","BT","BW","BF","CV","CW","DM","FJ","GM","GE","GD","GW","GY","HT","JM","KI","LS","LR","MW","MV","ML","MH","FM","NA","NR","NE","PW","PG","PR","WS","SM","ST","SN","SC","SL","SB","KN","LC","VC","SR","TL","TO","TT","TV","VU","AZ","BN","BI","KH","CM","TD","KM","GQ","SZ","GA","GN","KG","LA","MO","MR","MN","NP","RW","TG","UZ","ZW","BJ","MG","MU","MZ","AO","CI","DJ","ZM","CD","CG","IQ","LY","TJ","VE","ET","XK"],"disc_number":1,"duration_ms":195402,"explicit":false,"external_urls":{"spotify":"https://open.spotify.com/track/5QA6x5phFghy6BU1ba9oda"},"href":"https://api.spotify.com/v1/tracks/5QA6x5phFghy6BU1ba9oda","id":"5QA6x5phFghy6BU1ba9oda","name":"NTP","preview_url":null,"track_number":9,"type":"track","uri":"spotify:track:5QA6x5phFghy6BU1ba9oda","is_local":false},{"artists":[{"external_urls":{"spotify":"https://open.spotify.com/artist/1gJdf4Yybu4X5A2xYV3NMV"},"href":"https://api.spotify.com/v1/artists/1gJdf4Yybu4X5A2xYV3NMV","id":"1gJdf4Yybu4X5A2xYV3NMV","name":"Eden Muñoz","type":"artist","uri":"spotify:artist:1gJdf4Yybu4X5A2xYV3NMV"}],"available_markets":["AR","AU","AT","BE","BO","BR","BG","CA","CL","CO","CR","CY","CZ","DK","DO","DE","EC","EE","SV","FI","FR","GR","GT","HN","HK","HU","IS","IE","IT","LV","LT","LU","MY","MT","MX","NL","NZ","NI","NO","PA","PY","PE","PH","PL","PT","SG","SK","ES","SE","CH","TW","TR","UY","US","GB","AD","LI","MC","ID","JP","TH","VN","RO","IL","ZA","SA","AE","BH","QA","OM","KW","EG","MA","DZ","TN","LB","JO","PS","IN","BY","KZ","MD","UA","AL","BA","HR","ME","MK","RS","SI","KR","BD","PK","LK","GH","KE","NG","TZ","UG","AG","AM","BS","BB","BZ","BT","BW","BF","CV","CW","DM","FJ","GM","GE","GD","GW","GY","HT","JM","KI","LS","LR","MW","MV","ML","MH","FM","NA","NR","NE","PW","PG","PR","WS","SM","ST","SN","SC","SL","SB","KN","LC","VC","SR","TL","TO","TT","TV","VU","AZ","BN","BI","KH","CM","TD","KM","GQ","SZ","GA","GN","KG","LA","MO","MR","MN","NP","RW","TG","UZ","ZW","BJ","MG","MU","MZ","AO","CI","DJ","ZM","CD","CG","IQ","LY","TJ","VE","ET","XK"],"disc_number":1,"duration_ms":176382,"explicit":false,"external_urls":{"spotify":"https://open.spotify.com/track/2TJVu7CqSpP3eGeUK6nnpn"},"href":"https://api.spotify.com/v1/tracks/2TJVu7CqSpP3eGeUK6nnpn","id":"2TJVu7CqSpP3eGeUK6nnpn","name":"todo me vale madre","preview_url":null,"track_number":10,"type":"track","uri":"spotify:track:2TJVu7CqSpP3eGeUK6nnpn","is_local":false},{"artists":[{"external_urls":{"spotify":"https://open.spotify.com/artist/1gJdf4Yybu4X5A2xYV3NMV"},"href":"https://api.spotify.com/v1/artists/1gJdf4Yybu4X5A2xYV3NMV","id":"1gJdf4Yybu4X5A2xYV3NMV","name":"Eden Muñoz","type":"artist","uri":"spotify:artist:1gJdf4Yybu4X5A2xYV3NMV"},{"external_urls":{"spotify":"https://open.spotify.com/artist/0ys2OFYzWYB5hRDLCsBqxt"},"href":"https://api.spotify.com/v1/artists/0ys2OFYzWYB5hRDLCsBqxt","id":"0ys2OFYzWYB5hRDLCsBqxt","name":"Fuerza Regida","type":"artist","uri":"spotify:artist:0ys2OFYzWYB5hRDLCsBqxt"}],"available_markets":["AR","AU","AT","BE","BO","BR","BG","CA","CL","CO","CR","CY","CZ","DK","DO","DE","EC","EE","SV","FI","FR","GR","GT","HN","HK","HU","IS","IE","IT","LV","LT","LU","MY","MT","MX","NL","NZ","NI","NO","PA","PY","PE","PH","PL","PT","SG","SK","ES","SE","CH","TW","TR","UY","US","GB","AD","LI","MC","ID","JP","TH","VN","RO","IL","ZA","SA","AE","BH","QA","OM","KW","EG","MA","DZ","TN","LB","JO","PS","IN","BY","KZ","MD","UA","AL","BA","HR","ME","MK","RS","SI","KR","BD","PK","LK","GH","KE","NG","TZ","UG","AG","AM","BS","BB","BZ","BT","BW","BF","CV","CW","DM","FJ","GM","GE","GD","GW","GY","HT","JM","KI","LS","LR","MW","MV","ML","MH","FM","NA","NR","NE","PW","PG","PR","WS","SM","ST","SN","SC","SL","SB","KN","LC","VC","SR","TL","TO","TT","TV","VU","AZ","BN","BI","KH","CM","TD","KM","GQ","SZ","GA","GN","KG","LA","MO","MR","MN","NP","RW","TG","UZ","ZW","BJ","MG","MU","MZ","AO","CI","DJ","ZM","CD","CG","IQ","LY","TJ","VE","ET","XK"],"disc_number":1,"duration_ms":158841,"explicit":true,"external_urls":{"spotify":"https://open.spotify.com/track/4z2QWSO49zzmLTNEBsdWDy"},"href":"https://api.spotify.com/v1/tracks/4z2QWSO49zzmLTNEBsdWDy","id":"4z2QWSO49zzmLTNEBsdWDy","name":"MONEY EDITION","preview_url":null,"track_number":11,"type":"track","uri":"spotify:track:4z2QWSO49zzmLTNEBsdWDy","is_local":false},{"artists":[{"external_urls":{"spotify":"https://open.spotify.com/artist/1gJdf4Yybu4X5A2xYV3NMV"},"href":"https://api.spotify.com/v1/artists/1gJdf4Yybu4X5A2xYV3NMV","id":"1gJdf4Yybu4X5A2xYV3NMV","name":"Eden Muñoz","type":"artist","uri":"spotify:artist:1gJdf4Yybu4X5A2xYV3NMV"}],"available_markets":["AR","AU","AT","BE","BO","BR","BG","CA","CL","CO","CR","CY","CZ","DK","DO","DE","EC","EE","SV","FI","FR","GR","GT","HN","HK","HU","IS","IE","IT","LV","LT","LU","MY","MT","MX","NL","NZ","NI","NO","PA","PY","PE","PH","PL","PT","SG","SK","ES","SE","CH","TW","TR","UY","US","GB","AD","LI","MC","ID","JP","TH","VN","RO","IL","ZA","SA","AE","BH","QA","OM","KW","EG","MA","DZ","TN","LB","JO","PS","IN","BY","KZ","MD","UA","AL","BA","HR","ME","MK","RS","SI","KR","BD","PK","LK","GH","KE","NG","TZ","UG","AG","AM","BS","BB","BZ","BT","BW","BF","CV","CW","DM","FJ","GM","GE","GD","GW","GY","HT","JM","KI","LS","LR","MW","MV","ML","MH","FM","NA","NR","NE","PW","PG","PR","WS","SM","ST","SN","SC","SL","SB","KN","LC","VC","SR","TL","TO","TT","TV","VU","AZ","BN","BI","KH","CM","TD","KM","GQ","SZ","GA","GN","KG","LA","MO","MR","MN","NP","RW","TG","UZ","ZW","BJ","MG","MU","MZ","AO","CI","DJ","ZM","CD","CG","IQ","LY","TJ","VE","ET","XK"],"disc_number":1,"duration_ms":152437,"explicit":false,"external_urls":{"spotify":"https://open.spotify.com/track/4KrNV7c0OvExztMVARxbDF"},"href":"https://api.spotify.com/v1/tracks/4KrNV7c0OvExztMVARxbDF","id":"4KrNV7c0OvExztMVARxbDF","name":"Mezcal de Calzón","preview_url":null,"track_number":12,"type":"track","uri":"spotify:track:4KrNV7c0OvExztMVARxbDF","is_local":false},{"artists":[{"external_urls":{"spotify":"https://open.spotify.com/artist/1gJdf4Yybu4X5A2xYV3NMV"},"href":"https://api.spotify.com/v1/artists/1gJdf4Yybu4X5A2xYV3NMV","id":"1gJdf4Yybu4X5A2xYV3NMV","name":"Eden Muñoz","type":"artist","uri":"spotify:artist:1gJdf4Yybu4X5A2xYV3NMV"}],"available_markets":["AR","AU","AT","BE","BO","BR","BG","CA","CL","CO","CR","CY","CZ","DK","DO","DE","EC","EE","SV","FI","FR","GR","GT","HN","HK","HU","IS","IE","IT","LV","LT","LU","MY","MT","MX","NL","NZ","NI","NO","PA","PY","PE","PH","PL","PT","SG","SK","ES","SE","CH","TW","TR","UY","US","GB","AD","LI","MC","ID","JP","TH","VN","RO","IL","ZA","SA","AE","BH","QA","OM","KW","EG","MA","DZ","TN","LB","JO","PS","IN","BY","KZ","MD","UA","AL","BA","HR","ME","MK","RS","SI","KR","BD","PK","LK","GH","KE","NG","TZ","UG","AG","AM","BS","BB","BZ","BT","BW","BF","CV","CW","DM","FJ","GM","GE","GD","GW","GY","HT","JM","KI","LS","LR","MW","MV","ML","MH","FM","NA","NR","NE","PW","PG","PR","WS","SM","ST","SN","SC","SL","SB","KN","LC","VC","SR","TL","TO","TT","TV","VU","AZ","BN","BI","KH","CM","TD","KM","GQ","SZ","GA","GN","KG","LA","MO","MR","MN","NP","RW","TG","UZ","ZW","BJ","MG","MU","MZ","AO","CI","DJ","ZM","CD","CG","IQ","LY","TJ","VE","ET","XK"],"disc_number":1,"duration_ms":241029,"explicit":false,"external_urls":{"spotify":"https://open.spotify.com/track/4ybR1EefMYDu8n2onlvid9"},"href":"https://api.spotify.com/v1/tracks/4ybR1EefMYDu8n2onlvid9","id":"4ybR1EefMYDu8n2onlvid9","name":"Ni Te Conozco, Ni Me Saludes","preview_url":null,"track_number":13,"type":"track","uri":"spotify:track:4ybR1EefMYDu8n2onlvid9","is_local":false},{"artists":[{"external_urls":{"spotify":"https://open.spotify.com/artist/1gJdf4Yybu4X5A2xYV3NMV"},"href":"https://api.spotify.com/v1/artists/1gJdf4Yybu4X5A2xYV3NMV","id":"1gJdf4Yybu4X5A2xYV3NMV","name":"Eden Muñoz","type":"artist","uri":"spotify:artist:1gJdf4Yybu4X5A2xYV3NMV"}],"available_markets":["AR","AU","AT","BE","BO","BR","BG","CA","CL","CO","CR","CY","CZ","DK","DO","DE","EC","EE","SV","FI","FR","GR","GT","HN","HK","HU","IS","IE","IT","LV","LT","LU","MY","MT","MX","NL","NZ","NI","NO","PA","PY","PE","PH","PL","PT","SG","SK","ES","SE","CH","TW","TR","UY","US","GB","AD","LI","MC","ID","JP","TH","VN","RO","IL","ZA","SA","AE","BH","QA","OM","KW","EG","MA","DZ","TN","LB","JO","PS","IN","BY","KZ","MD","UA","AL","BA","HR","ME","MK","RS","SI","KR","BD","PK","LK","GH","KE","NG","TZ","UG","AG","AM","BS","BB","BZ","BT","BW","BF","CV","CW","DM","FJ","GM","GE","GD","GW","GY","HT","JM","KI","LS","LR","MW","MV","ML","MH","FM","NA","NR","NE","PW","PG","PR","WS","SM","ST","SN","SC","SL","SB","KN","LC","VC","SR","TL","TO","TT","TV","VU","AZ","BN","BI","KH","CM","TD","KM","GQ","SZ","GA","GN","KG","LA","MO","MR","MN","NP","RW","TG","UZ","ZW","BJ","MG","MU","MZ","AO","CI","DJ","ZM","CD","CG","IQ","LY","TJ","VE","ET","XK"],"disc_number":1,"duration_ms":127186,"explicit":false,"external_urls":{"spotify":"https://open.spotify.com/track/7M1HQslmDuV74HqOLTIMoh"},"href":"https://api.spotify.com/v1/tracks/7M1HQslmDuV74HqOLTIMoh","id":"7M1HQslmDuV74HqOLTIMoh","name":"Full","preview_url":null,"track_number":14,"type":"track","uri":"spotify:track:7M1HQslmDuV74HqOLTIMoh","is_local":false},{"artists":[{"external_urls":{"spotify":"https://open.spotify.com/artist/1gJdf4Yybu4X5A2xYV3NMV"},"href":"https://api.spotify.com/v1/artists/1gJdf4Yybu4X5A2xYV3NMV","id":"1gJdf4Yybu4X5A2xYV3NMV","name":"Eden Muñoz","type":"artist","uri":"spotify:artist:1gJdf4Yybu4X5A2xYV3NMV"}],"available_markets":["AR","AU","AT","BE","BO","BR","BG","CA","CL","CO","CR","CY","CZ","DK","DO","DE","EC","EE","SV","FI","FR","GR","GT","HN","HK","HU","IS","IE","IT","LV","LT","LU","MY","MT","MX","NL","NZ","NI","NO","PA","PY","PE","PH","PL","PT","SG","SK","ES","SE","CH","TW","TR","UY","US","GB","AD","LI","MC","ID","JP","TH","VN","RO","IL","ZA","SA","AE","BH","QA","OM","KW","EG","MA","DZ","TN","LB","JO","PS","IN","BY","KZ","MD","UA","AL","BA","HR","ME","MK","RS","SI","KR","BD","PK","LK","GH","KE","NG","TZ","UG","AG","AM","BS","BB","BZ","BT","BW","BF","CV","CW","DM","FJ","GM","GE","GD","GW","GY","HT","JM","KI","LS","LR","MW","MV","ML","MH","FM","NA","NR","NE","PW","PG","PR","WS","SM","ST","SN","SC","SL","SB","KN","LC","VC","SR","TL","TO","TT","TV","VU","AZ","BN","BI","KH","CM","TD","KM","GQ","SZ","GA","GN","KG","LA","MO","MR","MN","NP","RW","TG","UZ","ZW","BJ","MG","MU","MZ","AO","CI","DJ","ZM","CD","CG","IQ","LY","TJ","VE","ET","XK"],"disc_number":1,"duration_ms":202650,"explicit":false,"external_urls":{"spotify":"https://open.spotify.com/track/0B3QNOBjFK6ENaQH6RwCzg"},"href":"https://api.spotify.com/v1/tracks/0B3QNOBjFK6ENaQH6RwCzg","id":"0B3QNOBjFK6ENaQH6RwCzg","name":"Mi Situación Actual","preview_url":null,"track_number":15,"type":"track","uri":"spotify:track:0B3QNOBjFK6ENaQH6RwCzg","is_local":false}]},"copyrights":[{"text":"(P) 2024 Sony Music Entertainment México, S.A. de C.V. Bajo Distribución en Exclusiva por Eden Muñoz by EMC MUSIC, INC.","type":"P"}],"external_ids":{"upc":"196872296129"},"genres":[],"label":"EMC Music/Sony Music México","popularity":57}]}

12:06:00.201 [pool-2-thread-1] DEBUG com.intuit.karate - response time in milliseconds: 660
1 < 200
1 < content-type: application/json; charset=utf-8
1 < cache-control: public, max-age=0
1 < etag: "MC-ImIzMzFjMTE5YjhiMWQ5ZjkwNzdkMTNmNDczZTQ0NmY0Ig=="
1 < x-robots-tag: noindex, nofollow
1 < access-control-allow-origin: *
1 < access-control-allow-headers: Accept, App-Platform, Authorization, Content-Type, Origin, Retry-After, Spotify-App-Version, X-Cloud-Trace-Context, client-token, content-access-token
1 < access-control-allow-methods: GET, POST, OPTIONS, PUT, DELETE, PATCH
1 < access-control-allow-credentials: true
1 < access-control-max-age: 604800
1 < strict-transport-security: max-age=31536000
1 < x-content-type-options: nosniff
1 < date: Mon, 17 Mar 2025 17:06:00 GMT
1 < server: envoy
1 < Via: HTTP/2 edgeproxy, 1.1 google
1 < Alt-Svc: h3=":443"; ma=2592000,h3-29=":443"; ma=2592000
1 < Transfer-Encoding: chunked
{"albums":[{"album_type":"album","total_tracks":10,"available_markets":["AR","AU","AT","BE","BO","BR","BG","CA","CL","CO","CR","CY","CZ","DK","DO","DE","EC","EE","SV","FI","FR","GR","GT","HN","HK","HU","IS","IE","IT","LV","LT","LU","MY","MT","MX","NL","NZ","NI","NO","PA","PY","PE","PH","PL","PT","SG","SK","ES","SE","CH","TW","TR","UY","US","GB","AD","LI","MC","ID","JP","TH","VN","RO","IL","ZA","SA","AE","BH","QA","OM","KW","EG","MA","DZ","TN","LB","JO","PS","IN","KZ","MD","UA","AL","BA","HR","ME","MK","RS","SI","KR","BD","PK","LK","GH","KE","NG","TZ","UG","AG","AM","BS","BB","BZ","BT","BW","BF","CV","CW","DM","FJ","GM","GE","GD","GW","GY","HT","JM","KI","LS","LR","MW","MV","ML","MH","FM","NA","NR","NE","PW","PG","PR","WS","SM","ST","SN","SC","SL","SB","KN","LC","VC","SR","TL","TO","TT","TV","VU","AZ","BN","BI","KH","CM","TD","KM","GQ","SZ","GA","GN","KG","LA","MO","MR","MN","NP","RW","TG","UZ","ZW","BJ","MG","MU","MZ","AO","CI","DJ","ZM","CD","CG","IQ","LY","TJ","VE","ET","XK"],"external_urls":{"spotify":"https://open.spotify.com/album/2YeKV1ibuIz9JhF9Yg89w4"},"href":"https://api.spotify.com/v1/albums/2YeKV1ibuIz9JhF9Yg89w4","id":"2YeKV1ibuIz9JhF9Yg89w4","images":[{"url":"https://i.scdn.co/image/ab67616d0000b273b9f027d058291e71c7f3c578","height":640,"width":640},{"url":"https://i.scdn.co/image/ab67616d00001e02b9f027d058291e71c7f3c578","height":300,"width":300},{"url":"https://i.scdn.co/image/ab67616d00004851b9f027d058291e71c7f3c578","height":64,"width":64}],"name":"AZAROSOG","release_date":"2024-12-05","release_date_precision":"day","type":"album","uri":"spotify:album:2YeKV1ibuIz9JhF9Yg89w4","artists":[{"external_urls":{"spotify":"https://open.spotify.com/artist/18dspUI6gqabm5XCC2RcUD"},"href":"https://api.spotify.com/v1/artists/18dspUI6gqabm5XCC2RcUD","id":"18dspUI6gqabm5XCC2RcUD","name":"SOG","type":"artist","uri":"spotify:artist:18dspUI6gqabm5XCC2RcUD"}],"tracks":{"href":"https://api.spotify.com/v1/albums/2YeKV1ibuIz9JhF9Yg89w4/tracks?offset=0&limit=50","limit":50,"next":null,"offset":0,"previous":null,"total":10,"items":[{"artists":[{"external_urls":{"spotify":"https://open.spotify.com/artist/18dspUI6gqabm5XCC2RcUD"},"href":"https://api.spotify.com/v1/artists/18dspUI6gqabm5XCC2RcUD","id":"18dspUI6gqabm5XCC2RcUD","name":"SOG","type":"artist","uri":"spotify:artist:18dspUI6gqabm5XCC2RcUD"},{"external_urls":{"spotify":"https://open.spotify.com/artist/4bw2Am3p9ji3mYsXNXtQcd"},"href":"https://api.spotify.com/v1/artists/4bw2Am3p9ji3mYsXNXtQcd","id":"4bw2Am3p9ji3mYsXNXtQcd","name":"Piso 21","type":"artist","uri":"spotify:artist:4bw2Am3p9ji3mYsXNXtQcd"}],"available_markets":["AR","AU","AT","BE","BO","BR","BG","CA","CL","CO","CR","CY","CZ","DK","DO","DE","EC","EE","SV","FI","FR","GR","GT","HN","HK","HU","IS","IE","IT","LV","LT","LU","MY","MT","MX","NL","NZ","NI","NO","PA","PY","PE","PH","PL","PT","SG","SK","ES","SE","CH","TW","TR","UY","US","GB","AD","LI","MC","ID","JP","TH","VN","RO","IL","ZA","SA","AE","BH","QA","OM","KW","EG","MA","DZ","TN","LB","JO","PS","IN","KZ","MD","UA","AL","BA","HR","ME","MK","RS","SI","KR","BD","PK","LK","GH","KE","NG","TZ","UG","AG","AM","BS","BB","BZ","BT","BW","BF","CV","CW","DM","FJ","GM","GE","GD","GW","GY","HT","JM","KI","LS","LR","MW","MV","ML","MH","FM","NA","NR","NE","PW","PG","PR","WS","SM","ST","SN","SC","SL","SB","KN","LC","VC","SR","TL","TO","TT","TV","VU","AZ","BN","BI","KH","CM","TD","KM","GQ","SZ","GA","GN","KG","LA","MO","MR","MN","NP","RW","TG","UZ","ZW","BJ","MG","MU","MZ","AO","CI","DJ","ZM","CD","CG","IQ","LY","TJ","VE","ET","XK"],"disc_number":1,"duration_ms":199354,"explicit":false,"external_urls":{"spotify":"https://open.spotify.com/track/5HJ3pxkmRSnDvqPgT8ZgG3"},"href":"https://api.spotify.com/v1/tracks/5HJ3pxkmRSnDvqPgT8ZgG3","id":"5HJ3pxkmRSnDvqPgT8ZgG3","name":"Gané Cuando Te Perdí","preview_url":null,"track_number":1,"type":"track","uri":"spotify:track:5HJ3pxkmRSnDvqPgT8ZgG3","is_local":false},{"artists":[{"external_urls":{"spotify":"https://open.spotify.com/artist/18dspUI6gqabm5XCC2RcUD"},"href":"https://api.spotify.com/v1/artists/18dspUI6gqabm5XCC2RcUD","id":"18dspUI6gqabm5XCC2RcUD","name":"SOG","type":"artist","uri":"spotify:artist:18dspUI6gqabm5XCC2RcUD"},{"external_urls":{"spotify":"https://open.spotify.com/artist/5IYRfypwG9BDDh5ZRPI80z"},"href":"https://api.spotify.com/v1/artists/5IYRfypwG9BDDh5ZRPI80z","id":"5IYRfypwG9BDDh5ZRPI80z","name":"Totoy El Frio","type":"artist","uri":"spotify:artist:5IYRfypwG9BDDh5ZRPI80z"},{"external_urls":{"spotify":"https://open.spotify.com/artist/7DXregrznS25AM30UY9sUU"},"href":"https://api.spotify.com/v1/artists/7DXregrznS25AM30UY9sUU","id":"7DXregrznS25AM30UY9sUU","name":"King Savagge","type":"artist","uri":"spotify:artist:7DXregrznS25AM30UY9sUU"}],"available_markets":["AR","AU","AT","BE","BO","BR","BG","CA","CL","CO","CR","CY","CZ","DK","DO","DE","EC","EE","SV","FI","FR","GR","GT","HN","HK","HU","IS","IE","IT","LV","LT","LU","MY","MT","MX","NL","NZ","NI","NO","PA","PY","PE","PH","PL","PT","SG","SK","ES","SE","CH","TW","TR","UY","US","GB","AD","LI","MC","ID","JP","TH","VN","RO","IL","ZA","SA","AE","BH","QA","OM","KW","EG","MA","DZ","TN","LB","JO","PS","IN","KZ","MD","UA","AL","BA","HR","ME","MK","RS","SI","KR","BD","PK","LK","GH","KE","NG","TZ","UG","AG","AM","BS","BB","BZ","BT","BW","BF","CV","CW","DM","FJ","GM","GE","GD","GW","GY","HT","JM","KI","LS","LR","MW","MV","ML","MH","FM","NA","NR","NE","PW","PG","PR","WS","SM","ST","SN","SC","SL","SB","KN","LC","VC","SR","TL","TO","TT","TV","VU","AZ","BN","BI","KH","CM","TD","KM","GQ","SZ","GA","GN","KG","LA","MO","MR","MN","NP","RW","TG","UZ","ZW","BJ","MG","MU","MZ","AO","CI","DJ","ZM","CD","CG","IQ","LY","TJ","VE","ET","XK"],"disc_number":1,"duration_ms":202500,"explicit":true,"external_urls":{"spotify":"https://open.spotify.com/track/6DbrJIfX7SW0orI2htf0eB"},"href":"https://api.spotify.com/v1/tracks/6DbrJIfX7SW0orI2htf0eB","id":"6DbrJIfX7SW0orI2htf0eB","name":"En Hebreo","preview_url":null,"track_number":2,"type":"track","uri":"spotify:track:6DbrJIfX7SW0orI2htf0eB","is_local":false},{"artists":[{"external_urls":{"spotify":"https://open.spotify.com/artist/18dspUI6gqabm5XCC2RcUD"},"href":"https://api.spotify.com/v1/artists/18dspUI6gqabm5XCC2RcUD","id":"18dspUI6gqabm5XCC2RcUD","name":"SOG","type":"artist","uri":"spotify:artist:18dspUI6gqabm5XCC2RcUD"},{"external_urls":{"spotify":"https://open.spotify.com/artist/4NGOJedxkGWwkbB5QiSJd1"},"href":"https://api.spotify.com/v1/artists/4NGOJedxkGWwkbB5QiSJd1","id":"4NGOJedxkGWwkbB5QiSJd1","name":"Jhay P","type":"artist","uri":"spotify:artist:4NGOJedxkGWwkbB5QiSJd1"},{"external_urls":{"spotify":"https://open.spotify.com/artist/72JO7MqhlJuMCwkx4w8Afr"},"href":"https://api.spotify.com/v1/artists/72JO7MqhlJuMCwkx4w8Afr","id":"72JO7MqhlJuMCwkx4w8Afr","name":"Jey F","type":"artist","uri":"spotify:artist:72JO7MqhlJuMCwkx4w8Afr"}],"available_markets":["AR","AU","AT","BE","BO","BR","BG","CA","CL","CO","CR","CY","CZ","DK","DO","DE","EC","EE","SV","FI","FR","GR","GT","HN","HK","HU","IS","IE","IT","LV","LT","LU","MY","MT","MX","NL","NZ","NI","NO","PA","PY","PE","PH","PL","PT","SG","SK","ES","SE","CH","TW","TR","UY","US","GB","AD","LI","MC","ID","JP","TH","VN","RO","IL","ZA","SA","AE","BH","QA","OM","KW","EG","MA","DZ","TN","LB","JO","PS","IN","KZ","MD","UA","AL","BA","HR","ME","MK","RS","SI","KR","BD","PK","LK","GH","KE","NG","TZ","UG","AG","AM","BS","BB","BZ","BT","BW","BF","CV","CW","DM","FJ","GM","GE","GD","GW","GY","HT","JM","KI","LS","LR","MW","MV","ML","MH","FM","NA","NR","NE","PW","PG","PR","WS","SM","ST","SN","SC","SL","SB","KN","LC","VC","SR","TL","TO","TT","TV","VU","AZ","BN","BI","KH","CM","TD","KM","GQ","SZ","GA","GN","KG","LA","MO","MR","MN","NP","RW","TG","UZ","ZW","BJ","MG","MU","MZ","AO","CI","DJ","ZM","CD","CG","IQ","LY","TJ","VE","ET","XK"],"disc_number":1,"duration_ms":159183,"explicit":true,"external_urls":{"spotify":"https://open.spotify.com/track/7q9Z9sIQJjJzqwuBQIwbTL"},"href":"https://api.spotify.com/v1/tracks/7q9Z9sIQJjJzqwuBQIwbTL","id":"7q9Z9sIQJjJzqwuBQIwbTL","name":"Blones En La Boca","preview_url":null,"track_number":3,"type":"track","uri":"spotify:track:7q9Z9sIQJjJzqwuBQIwbTL","is_local":false},{"artists":[{"external_urls":{"spotify":"https://open.spotify.com/artist/18dspUI6gqabm5XCC2RcUD"},"href":"https://api.spotify.com/v1/artists/18dspUI6gqabm5XCC2RcUD","id":"18dspUI6gqabm5XCC2RcUD","name":"SOG","type":"artist","uri":"spotify:artist:18dspUI6gqabm5XCC2RcUD"},{"external_urls":{"spotify":"https://open.spotify.com/artist/1TtXnWcUs0FCkaZDPGYHdf"},"href":"https://api.spotify.com/v1/artists/1TtXnWcUs0FCkaZDPGYHdf","id":"1TtXnWcUs0FCkaZDPGYHdf","name":"Darell","type":"artist","uri":"spotify:artist:1TtXnWcUs0FCkaZDPGYHdf"}],"available_markets":["AR","AU","AT","BE","BO","BR","BG","CA","CL","CO","CR","CY","CZ","DK","DO","DE","EC","EE","SV","FI","FR","GR","GT","HN","HK","HU","IS","IE","IT","LV","LT","LU","MY","MT","MX","NL","NZ","NI","NO","PA","PY","PE","PH","PL","PT","SG","SK","ES","SE","CH","TW","TR","UY","US","GB","AD","LI","MC","ID","JP","TH","VN","RO","IL","ZA","SA","AE","BH","QA","OM","KW","EG","MA","DZ","TN","LB","JO","PS","IN","KZ","MD","UA","AL","BA","HR","ME","MK","RS","SI","KR","BD","PK","LK","GH","KE","NG","TZ","UG","AG","AM","BS","BB","BZ","BT","BW","BF","CV","CW","DM","FJ","GM","GE","GD","GW","GY","HT","JM","KI","LS","LR","MW","MV","ML","MH","FM","NA","NR","NE","PW","PG","PR","WS","SM","ST","SN","SC","SL","SB","KN","LC","VC","SR","TL","TO","TT","TV","VU","AZ","BN","BI","KH","CM","TD","KM","GQ","SZ","GA","GN","KG","LA","MO","MR","MN","NP","RW","TG","UZ","ZW","BJ","MG","MU","MZ","AO","CI","DJ","ZM","CD","CG","IQ","LY","TJ","VE","ET","XK"],"disc_number":1,"duration_ms":218877,"explicit":true,"external_urls":{"spotify":"https://open.spotify.com/track/3yaxSH1bwc8N9ITC4RReyp"},"href":"https://api.spotify.com/v1/tracks/3yaxSH1bwc8N9ITC4RReyp","id":"3yaxSH1bwc8N9ITC4RReyp","name":"Cazador","preview_url":null,"track_number":4,"type":"track","uri":"spotify:track:3yaxSH1bwc8N9ITC4RReyp","is_local":false},{"artists":[{"external_urls":{"spotify":"https://open.spotify.com/artist/18dspUI6gqabm5XCC2RcUD"},"href":"https://api.spotify.com/v1/artists/18dspUI6gqabm5XCC2RcUD","id":"18dspUI6gqabm5XCC2RcUD","name":"SOG","type":"artist","uri":"spotify:artist:18dspUI6gqabm5XCC2RcUD"},{"external_urls":{"spotify":"https://open.spotify.com/artist/0dUyjgCyjfj5eMx6bX2TWf"},"href":"https://api.spotify.com/v1/artists/0dUyjgCyjfj5eMx6bX2TWf","id":"0dUyjgCyjfj5eMx6bX2TWf","name":"FMK","type":"artist","uri":"spotify:artist:0dUyjgCyjfj5eMx6bX2TWf"},{"external_urls":{"spotify":"https://open.spotify.com/artist/6ndLrsgT3MV5CNxIrW71fw"},"href":"https://api.spotify.com/v1/artists/6ndLrsgT3MV5CNxIrW71fw","id":"6ndLrsgT3MV5CNxIrW71fw","name":"DFZM","type":"artist","uri":"spotify:artist:6ndLrsgT3MV5CNxIrW71fw"}],"available_markets":["AR","AU","AT","BE","BO","BR","BG","CA","CL","CO","CR","CY","CZ","DK","DO","DE","EC","EE","SV","FI","FR","GR","GT","HN","HK","HU","IS","IE","IT","LV","LT","LU","MY","MT","MX","NL","NZ","NI","NO","PA","PY","PE","PH","PL","PT","SG","SK","ES","SE","CH","TW","TR","UY","US","GB","AD","LI","MC","ID","JP","TH","VN","RO","IL","ZA","SA","AE","BH","QA","OM","KW","EG","MA","DZ","TN","LB","JO","PS","IN","KZ","MD","UA","AL","BA","HR","ME","MK","RS","SI","KR","BD","PK","LK","GH","KE","NG","TZ","UG","AG","AM","BS","BB","BZ","BT","BW","BF","CV","CW","DM","FJ","GM","GE","GD","GW","GY","HT","JM","KI","LS","LR","MW","MV","ML","MH","FM","NA","NR","NE","PW","PG","PR","WS","SM","ST","SN","SC","SL","SB","KN","LC","VC","SR","TL","TO","TT","TV","VU","AZ","BN","BI","KH","CM","TD","KM","GQ","SZ","GA","GN","KG","LA","MO","MR","MN","NP","RW","TG","UZ","ZW","BJ","MG","MU","MZ","AO","CI","DJ","ZM","CD","CG","IQ","LY","TJ","VE","ET","XK"],"disc_number":1,"duration_ms":190515,"explicit":true,"external_urls":{"spotify":"https://open.spotify.com/track/0vRbONKymtBHMyKplGjNRn"},"href":"https://api.spotify.com/v1/tracks/0vRbONKymtBHMyKplGjNRn","id":"0vRbONKymtBHMyKplGjNRn","name":"IG","preview_url":null,"track_number":5,"type":"track","uri":"spotify:track:0vRbONKymtBHMyKplGjNRn","is_local":false},{"artists":[{"external_urls":{"spotify":"https://open.spotify.com/artist/18dspUI6gqabm5XCC2RcUD"},"href":"https://api.spotify.com/v1/artists/18dspUI6gqabm5XCC2RcUD","id":"18dspUI6gqabm5XCC2RcUD","name":"SOG","type":"artist","uri":"spotify:artist:18dspUI6gqabm5XCC2RcUD"},{"external_urls":{"spotify":"https://open.spotify.com/artist/2xmhyxkjpGNBeWXVMeVWHb"},"href":"https://api.spotify.com/v1/artists/2xmhyxkjpGNBeWXVMeVWHb","id":"2xmhyxkjpGNBeWXVMeVWHb","name":"Rayo & Toby","type":"artist","uri":"spotify:artist:2xmhyxkjpGNBeWXVMeVWHb"},{"external_urls":{"spotify":"https://open.spotify.com/artist/4MvQy0WYny2XpZdGzpxZzN"},"href":"https://api.spotify.com/v1/artists/4MvQy0WYny2XpZdGzpxZzN","id":"4MvQy0WYny2XpZdGzpxZzN","name":"Lion Fiah","type":"artist","uri":"spotify:artist:4MvQy0WYny2XpZdGzpxZzN"}],"available_markets":["AR","AU","AT","BE","BO","BR","BG","CA","CL","CO","CR","CY","CZ","DK","DO","DE","EC","EE","SV","FI","FR","GR","GT","HN","HK","HU","IS","IE","IT","LV","LT","LU","MY","MT","MX","NL","NZ","NI","NO","PA","PY","PE","PH","PL","PT","SG","SK","ES","SE","CH","TW","TR","UY","US","GB","AD","LI","MC","ID","JP","TH","VN","RO","IL","ZA","SA","AE","BH","QA","OM","KW","EG","MA","DZ","TN","LB","JO","PS","IN","KZ","MD","UA","AL","BA","HR","ME","MK","RS","SI","KR","BD","PK","LK","GH","KE","NG","TZ","UG","AG","AM","BS","BB","BZ","BT","BW","BF","CV","CW","DM","FJ","GM","GE","GD","GW","GY","HT","JM","KI","LS","LR","MW","MV","ML","MH","FM","NA","NR","NE","PW","PG","PR","WS","SM","ST","SN","SC","SL","SB","KN","LC","VC","SR","TL","TO","TT","TV","VU","AZ","BN","BI","KH","CM","TD","KM","GQ","SZ","GA","GN","KG","LA","MO","MR","MN","NP","RW","TG","UZ","ZW","BJ","MG","MU","MZ","AO","CI","DJ","ZM","CD","CG","IQ","LY","TJ","VE","ET","XK"],"disc_number":1,"duration_ms":157241,"explicit":true,"external_urls":{"spotify":"https://open.spotify.com/track/6pwDugz0rQdOakUf8KxOYj"},"href":"https://api.spotify.com/v1/tracks/6pwDugz0rQdOakUf8KxOYj","id":"6pwDugz0rQdOakUf8KxOYj","name":"Los Juguetes","preview_url":null,"track_number":6,"type":"track","uri":"spotify:track:6pwDugz0rQdOakUf8KxOYj","is_local":false},{"artists":[{"external_urls":{"spotify":"https://open.spotify.com/artist/18dspUI6gqabm5XCC2RcUD"},"href":"https://api.spotify.com/v1/artists/18dspUI6gqabm5XCC2RcUD","id":"18dspUI6gqabm5XCC2RcUD","name":"SOG","type":"artist","uri":"spotify:artist:18dspUI6gqabm5XCC2RcUD"},{"external_urls":{"spotify":"https://open.spotify.com/artist/5hdhHgpxyniooUiQVaPxQ0"},"href":"https://api.spotify.com/v1/artists/5hdhHgpxyniooUiQVaPxQ0","id":"5hdhHgpxyniooUiQVaPxQ0","name":"Nio Garcia","type":"artist","uri":"spotify:artist:5hdhHgpxyniooUiQVaPxQ0"}],"available_markets":["AR","AU","AT","BE","BO","BR","BG","CA","CL","CO","CR","CY","CZ","DK","DO","DE","EC","EE","SV","FI","FR","GR","GT","HN","HK","HU","IS","IE","IT","LV","LT","LU","MY","MT","MX","NL","NZ","NI","NO","PA","PY","PE","PH","PL","PT","SG","SK","ES","SE","CH","TW","TR","UY","US","GB","AD","LI","MC","ID","JP","TH","VN","RO","IL","ZA","SA","AE","BH","QA","OM","KW","EG","MA","DZ","TN","LB","JO","PS","IN","KZ","MD","UA","AL","BA","HR","ME","MK","RS","SI","KR","BD","PK","LK","GH","KE","NG","TZ","UG","AG","AM","BS","BB","BZ","BT","BW","BF","CV","CW","DM","FJ","GM","GE","GD","GW","GY","HT","JM","KI","LS","LR","MW","MV","ML","MH","FM","NA","NR","NE","PW","PG","PR","WS","SM","ST","SN","SC","SL","SB","KN","LC","VC","SR","TL","TO","TT","TV","VU","AZ","BN","BI","KH","CM","TD","KM","GQ","SZ","GA","GN","KG","LA","MO","MR","MN","NP","RW","TG","UZ","ZW","BJ","MG","MU","MZ","AO","CI","DJ","ZM","CD","CG","IQ","LY","TJ","VE","ET","XK"],"disc_number":1,"duration_ms":180618,"explicit":true,"external_urls":{"spotify":"https://open.spotify.com/track/4E49ghc58Yplm2jG1IlE3O"},"href":"https://api.spotify.com/v1/tracks/4E49ghc58Yplm2jG1IlE3O","id":"4E49ghc58Yplm2jG1IlE3O","name":"Te Conviene","preview_url":null,"track_number":7,"type":"track","uri":"spotify:track:4E49ghc58Yplm2jG1IlE3O","is_local":false},{"artists":[{"external_urls":{"spotify":"https://open.spotify.com/artist/18dspUI6gqabm5XCC2RcUD"},"href":"https://api.spotify.com/v1/artists/18dspUI6gqabm5XCC2RcUD","id":"18dspUI6gqabm5XCC2RcUD","name":"SOG","type":"artist","uri":"spotify:artist:18dspUI6gqabm5XCC2RcUD"},{"external_urls":{"spotify":"https://open.spotify.com/artist/4i2al9gevm5K5OlbjqzcJs"},"href":"https://api.spotify.com/v1/artists/4i2al9gevm5K5OlbjqzcJs","id":"4i2al9gevm5K5OlbjqzcJs","name":"Peipper","type":"artist","uri":"spotify:artist:4i2al9gevm5K5OlbjqzcJs"},{"external_urls":{"spotify":"https://open.spotify.com/artist/2IhhVEifV7ntdvp2YmMIzg"},"href":"https://api.spotify.com/v1/artists/2IhhVEifV7ntdvp2YmMIzg","id":"2IhhVEifV7ntdvp2YmMIzg","name":"Reboll333","type":"artist","uri":"spotify:artist:2IhhVEifV7ntdvp2YmMIzg"}],"available_markets":["AR","AU","AT","BE","BO","BR","BG","CA","CL","CO","CR","CY","CZ","DK","DO","DE","EC","EE","SV","FI","FR","GR","GT","HN","HK","HU","IS","IE","IT","LV","LT","LU","MY","MT","MX","NL","NZ","NI","NO","PA","PY","PE","PH","PL","PT","SG","SK","ES","SE","CH","TW","TR","UY","US","GB","AD","LI","MC","ID","JP","TH","VN","RO","IL","ZA","SA","AE","BH","QA","OM","KW","EG","MA","DZ","TN","LB","JO","PS","IN","KZ","MD","UA","AL","BA","HR","ME","MK","RS","SI","KR","BD","PK","LK","GH","KE","NG","TZ","UG","AG","AM","BS","BB","BZ","BT","BW","BF","CV","CW","DM","FJ","GM","GE","GD","GW","GY","HT","JM","KI","LS","LR","MW","MV","ML","MH","FM","NA","NR","NE","PW","PG","PR","WS","SM","ST","SN","SC","SL","SB","KN","LC","VC","SR","TL","TO","TT","TV","VU","AZ","BN","BI","KH","CM","TD","KM","GQ","SZ","GA","GN","KG","LA","MO","MR","MN","NP","RW","TG","UZ","ZW","BJ","MG","MU","MZ","AO","CI","DJ","ZM","CD","CG","IQ","LY","TJ","VE","ET","XK"],"disc_number":1,"duration_ms":214800,"explicit":true,"external_urls":{"spotify":"https://open.spotify.com/track/2feK2pdoTwA7a7Ojh2o5wM"},"href":"https://api.spotify.com/v1/tracks/2feK2pdoTwA7a7Ojh2o5wM","id":"2feK2pdoTwA7a7Ojh2o5wM","name":"Te Quise Tanto","preview_url":null,"track_number":8,"type":"track","uri":"spotify:track:2feK2pdoTwA7a7Ojh2o5wM","is_local":false},{"artists":[{"external_urls":{"spotify":"https://open.spotify.com/artist/18dspUI6gqabm5XCC2RcUD"},"href":"https://api.spotify.com/v1/artists/18dspUI6gqabm5XCC2RcUD","id":"18dspUI6gqabm5XCC2RcUD","name":"SOG","type":"artist","uri":"spotify:artist:18dspUI6gqabm5XCC2RcUD"},{"external_urls":{"spotify":"https://open.spotify.com/artist/1zo2ucFhzu58hKcniMpSQs"},"href":"https://api.spotify.com/v1/artists/1zo2ucFhzu58hKcniMpSQs","id":"1zo2ucFhzu58hKcniMpSQs","name":"Soley","type":"artist","uri":"spotify:artist:1zo2ucFhzu58hKcniMpSQs"},{"external_urls":{"spotify":"https://open.spotify.com/artist/680tleL97NcpJiib89V6UU"},"href":"https://api.spotify.com/v1/artists/680tleL97NcpJiib89V6UU","id":"680tleL97NcpJiib89V6UU","name":"Esteban Rojas","type":"artist","uri":"spotify:artist:680tleL97NcpJiib89V6UU"}],"available_markets":["AR","AU","AT","BE","BO","BR","BG","CA","CL","CO","CR","CY","CZ","DK","DO","DE","EC","EE","SV","FI","FR","GR","GT","HN","HK","HU","IS","IE","IT","LV","LT","LU","MY","MT","MX","NL","NZ","NI","NO","PA","PY","PE","PH","PL","PT","SG","SK","ES","SE","CH","TW","TR","UY","US","GB","AD","LI","MC","ID","JP","TH","VN","RO","IL","ZA","SA","AE","BH","QA","OM","KW","EG","MA","DZ","TN","LB","JO","PS","IN","KZ","MD","UA","AL","BA","HR","ME","MK","RS","SI","KR","BD","PK","LK","GH","KE","NG","TZ","UG","AG","AM","BS","BB","BZ","BT","BW","BF","CV","CW","DM","FJ","GM","GE","GD","GW","GY","HT","JM","KI","LS","LR","MW","MV","ML","MH","FM","NA","NR","NE","PW","PG","PR","WS","SM","ST","SN","SC","SL","SB","KN","LC","VC","SR","TL","TO","TT","TV","VU","AZ","BN","BI","KH","CM","TD","KM","GQ","SZ","GA","GN","KG","LA","MO","MR","MN","NP","RW","TG","UZ","ZW","BJ","MG","MU","MZ","AO","CI","DJ","ZM","CD","CG","IQ","LY","TJ","VE","ET","XK"],"disc_number":1,"duration_ms":194526,"explicit":true,"external_urls":{"spotify":"https://open.spotify.com/track/2BDCNX7uoYwdkVeWGX3F1A"},"href":"https://api.spotify.com/v1/tracks/2BDCNX7uoYwdkVeWGX3F1A","id":"2BDCNX7uoYwdkVeWGX3F1A","name":"Pa Que Te Duela","preview_url":null,"track_number":9,"type":"track","uri":"spotify:track:2BDCNX7uoYwdkVeWGX3F1A","is_local":false},{"artists":[{"external_urls":{"spotify":"https://open.spotify.com/artist/18dspUI6gqabm5XCC2RcUD"},"href":"https://api.spotify.com/v1/artists/18dspUI6gqabm5XCC2RcUD","id":"18dspUI6gqabm5XCC2RcUD","name":"SOG","type":"artist","uri":"spotify:artist:18dspUI6gqabm5XCC2RcUD"},{"external_urls":{"spotify":"https://open.spotify.com/artist/3Br3yFwx1NRBArrlOxbf87"},"href":"https://api.spotify.com/v1/artists/3Br3yFwx1NRBArrlOxbf87","id":"3Br3yFwx1NRBArrlOxbf87","name":"Yessie","type":"artist","uri":"spotify:artist:3Br3yFwx1NRBArrlOxbf87"},{"external_urls":{"spotify":"https://open.spotify.com/artist/7xVUa8mqwCgdu4mQn3geCY"},"href":"https://api.spotify.com/v1/artists/7xVUa8mqwCgdu4mQn3geCY","id":"7xVUa8mqwCgdu4mQn3geCY","name":"DIA","type":"artist","uri":"spotify:artist:7xVUa8mqwCgdu4mQn3geCY"}],"available_markets":["AR","AU","AT","BE","BO","BR","BG","CA","CL","CO","CR","CY","CZ","DK","DO","DE","EC","EE","SV","FI","FR","GR","GT","HN","HK","HU","IS","IE","IT","LV","LT","LU","MY","MT","MX","NL","NZ","NI","NO","PA","PY","PE","PH","PL","PT","SG","SK","ES","SE","CH","TW","TR","UY","US","GB","AD","LI","MC","ID","JP","TH","VN","RO","IL","ZA","SA","AE","BH","QA","OM","KW","EG","MA","DZ","TN","LB","JO","PS","IN","KZ","MD","UA","AL","BA","HR","ME","MK","RS","SI","KR","BD","PK","LK","GH","KE","NG","TZ","UG","AG","AM","BS","BB","BZ","BT","BW","BF","CV","CW","DM","FJ","GM","GE","GD","GW","GY","HT","JM","KI","LS","LR","MW","MV","ML","MH","FM","NA","NR","NE","PW","PG","PR","WS","SM","ST","SN","SC","SL","SB","KN","LC","VC","SR","TL","TO","TT","TV","VU","AZ","BN","BI","KH","CM","TD","KM","GQ","SZ","GA","GN","KG","LA","MO","MR","MN","NP","RW","TG","UZ","ZW","BJ","MG","MU","MZ","AO","CI","DJ","ZM","CD","CG","IQ","LY","TJ","VE","ET","XK"],"disc_number":1,"duration_ms":185816,"explicit":true,"external_urls":{"spotify":"https://open.spotify.com/track/50lahWbGXpraoaaq7l3kGN"},"href":"https://api.spotify.com/v1/tracks/50lahWbGXpraoaaq7l3kGN","id":"50lahWbGXpraoaaq7l3kGN","name":"Una Como Yo (feat. DIA)","preview_url":null,"track_number":10,"type":"track","uri":"spotify:track:50lahWbGXpraoaaq7l3kGN","is_local":false}]},"copyrights":[{"text":"© 2024 Warner Music México, S.A. de C.V.","type":"C"},{"text":"℗ 2024 Warner Music México, S.A. de C.V.","type":"P"}],"external_ids":{"upc":"5021732582034"},"genres":[],"label":"WM Mexico","popularity":31},{"album_type":"album","total_tracks":12,"available_markets":["AR","AU","AT","BE","BO","BR","BG","CA","CL","CO","CR","CY","CZ","DK","DO","DE","EC","EE","SV","FI","FR","GR","GT","HN","HK","HU","IS","IE","IT","LV","LT","LU","MY","MT","MX","NL","NZ","NI","NO","PA","PY","PE","PH","PL","PT","SG","SK","ES","SE","CH","TW","TR","UY","US","GB","AD","LI","MC","ID","JP","TH","VN","RO","IL","ZA","SA","AE","BH","QA","OM","KW","EG","MA","DZ","TN","LB","JO","PS","IN","KZ","MD","UA","AL","BA","HR","ME","MK","RS","SI","BD","PK","LK","GH","KE","NG","TZ","UG","AG","AM","BS","BB","BZ","BT","BW","BF","CV","CW","DM","FJ","GM","GE","GD","GW","GY","HT","JM","KI","LS","LR","MW","MV","ML","MH","FM","NA","NR","NE","PW","PG","PR","WS","SM","ST","SN","SC","SL","SB","KN","LC","VC","SR","TL","TO","TT","TV","VU","AZ","BN","BI","KH","CM","TD","KM","GQ","SZ","GA","GN","KG","LA","MO","MR","MN","NP","RW","TG","UZ","ZW","BJ","MG","MU","MZ","AO","CI","DJ","ZM","CD","CG","IQ","LY","TJ","VE","ET","XK"],"external_urls":{"spotify":"https://open.spotify.com/album/7kFyd5oyJdVX2pIi6P4iHE"},"href":"https://api.spotify.com/v1/albums/7kFyd5oyJdVX2pIi6P4iHE","id":"7kFyd5oyJdVX2pIi6P4iHE","images":[{"url":"https://i.scdn.co/image/ab67616d0000b2735074bd0894cb1340b8d8a678","height":640,"width":640},{"url":"https://i.scdn.co/image/ab67616d00001e025074bd0894cb1340b8d8a678","height":300,"width":300},{"url":"https://i.scdn.co/image/ab67616d000048515074bd0894cb1340b8d8a678","height":64,"width":64}],"name":"rosie","release_date":"2024-12-06","release_date_precision":"day","type":"album","uri":"spotify:album:7kFyd5oyJdVX2pIi6P4iHE","artists":[{"external_urls":{"spotify":"https://open.spotify.com/artist/3eVa5w3URK5duf6eyVDbu9"},"href":"https://api.spotify.com/v1/artists/3eVa5w3URK5duf6eyVDbu9","id":"3eVa5w3URK5duf6eyVDbu9","name":"ROSÉ","type":"artist","uri":"spotify:artist:3eVa5w3URK5duf6eyVDbu9"}],"tracks":{"href":"https://api.spotify.com/v1/albums/7kFyd5oyJdVX2pIi6P4iHE/tracks?offset=0&limit=50","limit":50,"next":null,"offset":0,"previous":null,"total":12,"items":[{"artists":[{"external_urls":{"spotify":"https://open.spotify.com/artist/3eVa5w3URK5duf6eyVDbu9"},"href":"https://api.spotify.com/v1/artists/3eVa5w3URK5duf6eyVDbu9","id":"3eVa5w3URK5duf6eyVDbu9","name":"ROSÉ","type":"artist","uri":"spotify:artist:3eVa5w3URK5duf6eyVDbu9"}],"available_markets":["AR","AU","AT","BE","BO","BR","BG","CA","CL","CO","CR","CY","CZ","DK","DO","DE","EC","EE","SV","FI","FR","GR","GT","HN","HK","HU","IS","IE","IT","LV","LT","LU","MY","MT","MX","NL","NZ","NI","NO","PA","PY","PE","PH","PL","PT","SG","SK","ES","SE","CH","TW","TR","UY","US","GB","AD","LI","MC","ID","JP","TH","VN","RO","IL","ZA","SA","AE","BH","QA","OM","KW","EG","MA","DZ","TN","LB","JO","PS","IN","KZ","MD","UA","AL","BA","HR","ME","MK","RS","SI","BD","PK","LK","GH","KE","NG","TZ","UG","AG","AM","BS","BB","BZ","BT","BW","BF","CV","CW","DM","FJ","GM","GE","GD","GW","GY","HT","JM","KI","LS","LR","MW","MV","ML","MH","FM","NA","NR","NE","PW","PG","PR","WS","SM","ST","SN","SC","SL","SB","KN","LC","VC","SR","TL","TO","TT","TV","VU","AZ","BN","BI","KH","CM","TD","KM","GQ","SZ","GA","GN","KG","LA","MO","MR","MN","NP","RW","TG","UZ","ZW","BJ","MG","MU","MZ","AO","CI","DJ","ZM","CD","CG","IQ","LY","TJ","VE","ET","XK"],"disc_number":1,"duration_ms":216442,"explicit":false,"external_urls":{"spotify":"https://open.spotify.com/track/1lcBt7LoEikqYmhUoa2cez"},"href":"https://api.spotify.com/v1/tracks/1lcBt7LoEikqYmhUoa2cez","id":"1lcBt7LoEikqYmhUoa2cez","name":"number one girl","preview_url":null,"track_number":1,"type":"track","uri":"spotify:track:1lcBt7LoEikqYmhUoa2cez","is_local":false},{"artists":[{"external_urls":{"spotify":"https://open.spotify.com/artist/3eVa5w3URK5duf6eyVDbu9"},"href":"https://api.spotify.com/v1/artists/3eVa5w3URK5duf6eyVDbu9","id":"3eVa5w3URK5duf6eyVDbu9","name":"ROSÉ","type":"artist","uri":"spotify:artist:3eVa5w3URK5duf6eyVDbu9"}],"available_markets":["AR","AU","AT","BE","BO","BR","BG","CA","CL","CO","CR","CY","CZ","DK","DO","DE","EC","EE","SV","FI","FR","GR","GT","HN","HK","HU","IS","IE","IT","LV","LT","LU","MY","MT","MX","NL","NZ","NI","NO","PA","PY","PE","PH","PL","PT","SG","SK","ES","SE","CH","TW","TR","UY","US","GB","AD","LI","MC","ID","JP","TH","VN","RO","IL","ZA","SA","AE","BH","QA","OM","KW","EG","MA","DZ","TN","LB","JO","PS","IN","KZ","MD","UA","AL","BA","HR","ME","MK","RS","SI","BD","PK","LK","GH","KE","NG","TZ","UG","AG","AM","BS","BB","BZ","BT","BW","BF","CV","CW","DM","FJ","GM","GE","GD","GW","GY","HT","JM","KI","LS","LR","MW","MV","ML","MH","FM","NA","NR","NE","PW","PG","PR","WS","SM","ST","SN","SC","SL","SB","KN","LC","VC","SR","TL","TO","TT","TV","VU","AZ","BN","BI","KH","CM","TD","KM","GQ","SZ","GA","GN","KG","LA","MO","MR","MN","NP","RW","TG","UZ","ZW","BJ","MG","MU","MZ","AO","CI","DJ","ZM","CD","CG","IQ","LY","TJ","VE","ET","XK"],"disc_number":1,"duration_ms":154050,"explicit":false,"external_urls":{"spotify":"https://open.spotify.com/track/3y4q6bBdbXsTIaPiwiiUfy"},"href":"https://api.spotify.com/v1/tracks/3y4q6bBdbXsTIaPiwiiUfy","id":"3y4q6bBdbXsTIaPiwiiUfy","name":"3am","preview_url":null,"track_number":2,"type":"track","uri":"spotify:track:3y4q6bBdbXsTIaPiwiiUfy","is_local":false},{"artists":[{"external_urls":{"spotify":"https://open.spotify.com/artist/3eVa5w3URK5duf6eyVDbu9"},"href":"https://api.spotify.com/v1/artists/3eVa5w3URK5duf6eyVDbu9","id":"3eVa5w3URK5duf6eyVDbu9","name":"ROSÉ","type":"artist","uri":"spotify:artist:3eVa5w3URK5duf6eyVDbu9"}],"available_markets":["AR","AU","AT","BE","BO","BR","BG","CA","CL","CO","CR","CY","CZ","DK","DO","DE","EC","EE","SV","FI","FR","GR","GT","HN","HK","HU","IS","IE","IT","LV","LT","LU","MY","MT","MX","NL","NZ","NI","NO","PA","PY","PE","PH","PL","PT","SG","SK","ES","SE","CH","TW","TR","UY","US","GB","AD","LI","MC","ID","JP","TH","VN","RO","IL","ZA","SA","AE","BH","QA","OM","KW","EG","MA","DZ","TN","LB","JO","PS","IN","KZ","MD","UA","AL","BA","HR","ME","MK","RS","SI","BD","PK","LK","GH","KE","NG","TZ","UG","AG","AM","BS","BB","BZ","BT","BW","BF","CV","CW","DM","FJ","GM","GE","GD","GW","GY","HT","JM","KI","LS","LR","MW","MV","ML","MH","FM","NA","NR","NE","PW","PG","PR","WS","SM","ST","SN","SC","SL","SB","KN","LC","VC","SR","TL","TO","TT","TV","VU","AZ","BN","BI","KH","CM","TD","KM","GQ","SZ","GA","GN","KG","LA","MO","MR","MN","NP","RW","TG","UZ","ZW","BJ","MG","MU","MZ","AO","CI","DJ","ZM","CD","CG","IQ","LY","TJ","VE","ET","XK"],"disc_number":1,"duration_ms":167748,"explicit":false,"external_urls":{"spotify":"https://open.spotify.com/track/4HxGH28DitgAuuKpEVrLzN"},"href":"https://api.spotify.com/v1/tracks/4HxGH28DitgAuuKpEVrLzN","id":"4HxGH28DitgAuuKpEVrLzN","name":"two years","preview_url":null,"track_number":3,"type":"track","uri":"spotify:track:4HxGH28DitgAuuKpEVrLzN","is_local":false},{"artists":[{"external_urls":{"spotify":"https://open.spotify.com/artist/3eVa5w3URK5duf6eyVDbu9"},"href":"https://api.spotify.com/v1/artists/3eVa5w3URK5duf6eyVDbu9","id":"3eVa5w3URK5duf6eyVDbu9","name":"ROSÉ","type":"artist","uri":"spotify:artist:3eVa5w3URK5duf6eyVDbu9"}],"available_markets":["AR","AU","AT","BE","BO","BR","BG","CA","CL","CO","CR","CY","CZ","DK","DO","DE","EC","EE","SV","FI","FR","GR","GT","HN","HK","HU","IS","IE","IT","LV","LT","LU","MY","MT","MX","NL","NZ","NI","NO","PA","PY","PE","PH","PL","PT","SG","SK","ES","SE","CH","TW","TR","UY","US","GB","AD","LI","MC","ID","JP","TH","VN","RO","IL","ZA","SA","AE","BH","QA","OM","KW","EG","MA","DZ","TN","LB","JO","PS","IN","KZ","MD","UA","AL","BA","HR","ME","MK","RS","SI","BD","PK","LK","GH","KE","NG","TZ","UG","AG","AM","BS","BB","BZ","BT","BW","BF","CV","CW","DM","FJ","GM","GE","GD","GW","GY","HT","JM","KI","LS","LR","MW","MV","ML","MH","FM","NA","NR","NE","PW","PG","PR","WS","SM","ST","SN","SC","SL","SB","KN","LC","VC","SR","TL","TO","TT","TV","VU","AZ","BN","BI","KH","CM","TD","KM","GQ","SZ","GA","GN","KG","LA","MO","MR","MN","NP","RW","TG","UZ","ZW","BJ","MG","MU","MZ","AO","CI","DJ","ZM","CD","CG","IQ","LY","TJ","VE","ET","XK"],"disc_number":1,"duration_ms":156685,"explicit":false,"external_urls":{"spotify":"https://open.spotify.com/track/1z5ebC9238uGoBgzYyvGpQ"},"href":"https://api.spotify.com/v1/tracks/1z5ebC9238uGoBgzYyvGpQ","id":"1z5ebC9238uGoBgzYyvGpQ","name":"toxic till the end","preview_url":null,"track_number":4,"type":"track","uri":"spotify:track:1z5ebC9238uGoBgzYyvGpQ","is_local":false},{"artists":[{"external_urls":{"spotify":"https://open.spotify.com/artist/3eVa5w3URK5duf6eyVDbu9"},"href":"https://api.spotify.com/v1/artists/3eVa5w3URK5duf6eyVDbu9","id":"3eVa5w3URK5duf6eyVDbu9","name":"ROSÉ","type":"artist","uri":"spotify:artist:3eVa5w3URK5duf6eyVDbu9"}],"available_markets":["AR","AU","AT","BE","BO","BR","BG","CA","CL","CO","CR","CY","CZ","DK","DO","DE","EC","EE","SV","FI","FR","GR","GT","HN","HK","HU","IS","IE","IT","LV","LT","LU","MY","MT","MX","NL","NZ","NI","NO","PA","PY","PE","PH","PL","PT","SG","SK","ES","SE","CH","TW","TR","UY","US","GB","AD","LI","MC","ID","JP","TH","VN","RO","IL","ZA","SA","AE","BH","QA","OM","KW","EG","MA","DZ","TN","LB","JO","PS","IN","KZ","MD","UA","AL","BA","HR","ME","MK","RS","SI","BD","PK","LK","GH","KE","NG","TZ","UG","AG","AM","BS","BB","BZ","BT","BW","BF","CV","CW","DM","FJ","GM","GE","GD","GW","GY","HT","JM","KI","LS","LR","MW","MV","ML","MH","FM","NA","NR","NE","PW","PG","PR","WS","SM","ST","SN","SC","SL","SB","KN","LC","VC","SR","TL","TO","TT","TV","VU","AZ","BN","BI","KH","CM","TD","KM","GQ","SZ","GA","GN","KG","LA","MO","MR","MN","NP","RW","TG","UZ","ZW","BJ","MG","MU","MZ","AO","CI","DJ","ZM","CD","CG","IQ","LY","TJ","VE","ET","XK"],"disc_number":1,"duration_ms":133113,"explicit":false,"external_urls":{"spotify":"https://open.spotify.com/track/3fpWkbEZMP1BgOOfymwoaS"},"href":"https://api.spotify.com/v1/tracks/3fpWkbEZMP1BgOOfymwoaS","id":"3fpWkbEZMP1BgOOfymwoaS","name":"drinks or coffee","preview_url":null,"track_number":5,"type":"track","uri":"spotify:track:3fpWkbEZMP1BgOOfymwoaS","is_local":false},{"artists":[{"external_urls":{"spotify":"https://open.spotify.com/artist/3eVa5w3URK5duf6eyVDbu9"},"href":"https://api.spotify.com/v1/artists/3eVa5w3URK5duf6eyVDbu9","id":"3eVa5w3URK5duf6eyVDbu9","name":"ROSÉ","type":"artist","uri":"spotify:artist:3eVa5w3URK5duf6eyVDbu9"},{"external_urls":{"spotify":"https://open.spotify.com/artist/0du5cEVh5yTK9QJze8zA0C"},"href":"https://api.spotify.com/v1/artists/0du5cEVh5yTK9QJze8zA0C","id":"0du5cEVh5yTK9QJze8zA0C","name":"Bruno Mars","type":"artist","uri":"spotify:artist:0du5cEVh5yTK9QJze8zA0C"}],"available_markets":["AR","AU","AT","BE","BO","BR","BG","CA","CL","CO","CR","CY","CZ","DK","DO","DE","EC","EE","SV","FI","FR","GR","GT","HN","HK","HU","IS","IE","IT","LV","LT","LU","MY","MT","MX","NL","NZ","NI","NO","PA","PY","PE","PH","PL","PT","SG","SK","ES","SE","CH","TW","TR","UY","US","GB","AD","LI","MC","ID","JP","TH","VN","RO","IL","ZA","SA","AE","BH","QA","OM","KW","EG","MA","DZ","TN","LB","JO","PS","IN","KZ","MD","UA","AL","BA","HR","ME","MK","RS","SI","BD","PK","LK","GH","KE","NG","TZ","UG","AG","AM","BS","BB","BZ","BT","BW","BF","CV","CW","DM","FJ","GM","GE","GD","GW","GY","HT","JM","KI","LS","LR","MW","MV","ML","MH","FM","NA","NR","NE","PW","PG","PR","WS","SM","ST","SN","SC","SL","SB","KN","LC","VC","SR","TL","TO","TT","TV","VU","AZ","BN","BI","KH","CM","TD","KM","GQ","SZ","GA","GN","KG","LA","MO","MR","MN","NP","RW","TG","UZ","ZW","BJ","MG","MU","MZ","AO","CI","DJ","ZM","CD","CG","IQ","LY","TJ","VE","ET","XK"],"disc_number":1,"duration_ms":169917,"explicit":false,"external_urls":{"spotify":"https://open.spotify.com/track/4wJ5Qq0jBN4ajy7ouZIV1c"},"href":"https://api.spotify.com/v1/tracks/4wJ5Qq0jBN4ajy7ouZIV1c","id":"4wJ5Qq0jBN4ajy7ouZIV1c","name":"APT.","preview_url":null,"track_number":6,"type":"track","uri":"spotify:track:4wJ5Qq0jBN4ajy7ouZIV1c","is_local":false},{"artists":[{"external_urls":{"spotify":"https://open.spotify.com/artist/3eVa5w3URK5duf6eyVDbu9"},"href":"https://api.spotify.com/v1/artists/3eVa5w3URK5duf6eyVDbu9","id":"3eVa5w3URK5duf6eyVDbu9","name":"ROSÉ","type":"artist","uri":"spotify:artist:3eVa5w3URK5duf6eyVDbu9"}],"available_markets":["AR","AU","AT","BE","BO","BR","BG","CA","CL","CO","CR","CY","CZ","DK","DO","DE","EC","EE","SV","FI","FR","GR","GT","HN","HK","HU","IS","IE","IT","LV","LT","LU","MY","MT","MX","NL","NZ","NI","NO","PA","PY","PE","PH","PL","PT","SG","SK","ES","SE","CH","TW","TR","UY","US","GB","AD","LI","MC","ID","JP","TH","VN","RO","IL","ZA","SA","AE","BH","QA","OM","KW","EG","MA","DZ","TN","LB","JO","PS","IN","KZ","MD","UA","AL","BA","HR","ME","MK","RS","SI","BD","PK","LK","GH","KE","NG","TZ","UG","AG","AM","BS","BB","BZ","BT","BW","BF","CV","CW","DM","FJ","GM","GE","GD","GW","GY","HT","JM","KI","LS","LR","MW","MV","ML","MH","FM","NA","NR","NE","PW","PG","PR","WS","SM","ST","SN","SC","SL","SB","KN","LC","VC","SR","TL","TO","TT","TV","VU","AZ","BN","BI","KH","CM","TD","KM","GQ","SZ","GA","GN","KG","LA","MO","MR","MN","NP","RW","TG","UZ","ZW","BJ","MG","MU","MZ","AO","CI","DJ","ZM","CD","CG","IQ","LY","TJ","VE","ET","XK"],"disc_number":1,"duration_ms":166742,"explicit":false,"external_urls":{"spotify":"https://open.spotify.com/track/77n3jFGqPPxYrEGwrWylNv"},"href":"https://api.spotify.com/v1/tracks/77n3jFGqPPxYrEGwrWylNv","id":"77n3jFGqPPxYrEGwrWylNv","name":"gameboy","preview_url":null,"track_number":7,"type":"track","uri":"spotify:track:77n3jFGqPPxYrEGwrWylNv","is_local":false},{"artists":[{"external_urls":{"spotify":"https://open.spotify.com/artist/3eVa5w3URK5duf6eyVDbu9"},"href":"https://api.spotify.com/v1/artists/3eVa5w3URK5duf6eyVDbu9","id":"3eVa5w3URK5duf6eyVDbu9","name":"ROSÉ","type":"artist","uri":"spotify:artist:3eVa5w3URK5duf6eyVDbu9"}],"available_markets":["AR","AU","AT","BE","BO","BR","BG","CA","CL","CO","CR","CY","CZ","DK","DO","DE","EC","EE","SV","FI","FR","GR","GT","HN","HK","HU","IS","IE","IT","LV","LT","LU","MY","MT","MX","NL","NZ","NI","NO","PA","PY","PE","PH","PL","PT","SG","SK","ES","SE","CH","TW","TR","UY","US","GB","AD","LI","MC","ID","JP","TH","VN","RO","IL","ZA","SA","AE","BH","QA","OM","KW","EG","MA","DZ","TN","LB","JO","PS","IN","KZ","MD","UA","AL","BA","HR","ME","MK","RS","SI","BD","PK","LK","GH","KE","NG","TZ","UG","AG","AM","BS","BB","BZ","BT","BW","BF","CV","CW","DM","FJ","GM","GE","GD","GW","GY","HT","JM","KI","LS","LR","MW","MV","ML","MH","FM","NA","NR","NE","PW","PG","PR","WS","SM","ST","SN","SC","SL","SB","KN","LC","VC","SR","TL","TO","TT","TV","VU","AZ","BN","BI","KH","CM","TD","KM","GQ","SZ","GA","GN","KG","LA","MO","MR","MN","NP","RW","TG","UZ","ZW","BJ","MG","MU","MZ","AO","CI","DJ","ZM","CD","CG","IQ","LY","TJ","VE","ET","XK"],"disc_number":1,"duration_ms":246606,"explicit":false,"external_urls":{"spotify":"https://open.spotify.com/track/5OdI6v2L7Aez4cclpbojiZ"},"href":"https://api.spotify.com/v1/tracks/5OdI6v2L7Aez4cclpbojiZ","id":"5OdI6v2L7Aez4cclpbojiZ","name":"stay a little longer","preview_url":null,"track_number":8,"type":"track","uri":"spotify:track:5OdI6v2L7Aez4cclpbojiZ","is_local":false},{"artists":[{"external_urls":{"spotify":"https://open.spotify.com/artist/3eVa5w3URK5duf6eyVDbu9"},"href":"https://api.spotify.com/v1/artists/3eVa5w3URK5duf6eyVDbu9","id":"3eVa5w3URK5duf6eyVDbu9","name":"ROSÉ","type":"artist","uri":"spotify:artist:3eVa5w3URK5duf6eyVDbu9"}],"available_markets":["AR","AU","AT","BE","BO","BR","BG","CA","CL","CO","CR","CY","CZ","DK","DO","DE","EC","EE","SV","FI","FR","GR","GT","HN","HK","HU","IS","IE","IT","LV","LT","LU","MY","MT","MX","NL","NZ","NI","NO","PA","PY","PE","PH","PL","PT","SG","SK","ES","SE","CH","TW","TR","UY","US","GB","AD","LI","MC","ID","JP","TH","VN","RO","IL","ZA","SA","AE","BH","QA","OM","KW","EG","MA","DZ","TN","LB","JO","PS","IN","KZ","MD","UA","AL","BA","HR","ME","MK","RS","SI","BD","PK","LK","GH","KE","NG","TZ","UG","AG","AM","BS","BB","BZ","BT","BW","BF","CV","CW","DM","FJ","GM","GE","GD","GW","GY","HT","JM","KI","LS","LR","MW","MV","ML","MH","FM","NA","NR","NE","PW","PG","PR","WS","SM","ST","SN","SC","SL","SB","KN","LC","VC","SR","TL","TO","TT","TV","VU","AZ","BN","BI","KH","CM","TD","KM","GQ","SZ","GA","GN","KG","LA","MO","MR","MN","NP","RW","TG","UZ","ZW","BJ","MG","MU","MZ","AO","CI","DJ","ZM","CD","CG","IQ","LY","TJ","VE","ET","XK"],"disc_number":1,"duration_ms":184006,"explicit":false,"external_urls":{"spotify":"https://open.spotify.com/track/67siqMtQTGPpJZI4Dz8OpM"},"href":"https://api.spotify.com/v1/tracks/67siqMtQTGPpJZI4Dz8OpM","id":"67siqMtQTGPpJZI4Dz8OpM","name":"not the same","preview_url":null,"track_number":9,"type":"track","uri":"spotify:track:67siqMtQTGPpJZI4Dz8OpM","is_local":false},{"artists":[{"external_urls":{"spotify":"https://open.spotify.com/artist/3eVa5w3URK5duf6eyVDbu9"},"href":"https://api.spotify.com/v1/artists/3eVa5w3URK5duf6eyVDbu9","id":"3eVa5w3URK5duf6eyVDbu9","name":"ROSÉ","type":"artist","uri":"spotify:artist:3eVa5w3URK5duf6eyVDbu9"}],"available_markets":["AR","AU","AT","BE","BO","BR","BG","CA","CL","CO","CR","CY","CZ","DK","DO","DE","EC","EE","SV","FI","FR","GR","GT","HN","HK","HU","IS","IE","IT","LV","LT","LU","MY","MT","MX","NL","NZ","NI","NO","PA","PY","PE","PH","PL","PT","SG","SK","ES","SE","CH","TW","TR","UY","US","GB","AD","LI","MC","ID","JP","TH","VN","RO","IL","ZA","SA","AE","BH","QA","OM","KW","EG","MA","DZ","TN","LB","JO","PS","IN","KZ","MD","UA","AL","BA","HR","ME","MK","RS","SI","BD","PK","LK","GH","KE","NG","TZ","UG","AG","AM","BS","BB","BZ","BT","BW","BF","CV","CW","DM","FJ","GM","GE","GD","GW","GY","HT","JM","KI","LS","LR","MW","MV","ML","MH","FM","NA","NR","NE","PW","PG","PR","WS","SM","ST","SN","SC","SL","SB","KN","LC","VC","SR","TL","TO","TT","TV","VU","AZ","BN","BI","KH","CM","TD","KM","GQ","SZ","GA","GN","KG","LA","MO","MR","MN","NP","RW","TG","UZ","ZW","BJ","MG","MU","MZ","AO","CI","DJ","ZM","CD","CG","IQ","LY","TJ","VE","ET","XK"],"disc_number":1,"duration_ms":141141,"explicit":false,"external_urls":{"spotify":"https://open.spotify.com/track/5a3tLTGA0HIDtrvnszXXBN"},"href":"https://api.spotify.com/v1/tracks/5a3tLTGA0HIDtrvnszXXBN","id":"5a3tLTGA0HIDtrvnszXXBN","name":"call it the end","preview_url":null,"track_number":10,"type":"track","uri":"spotify:track:5a3tLTGA0HIDtrvnszXXBN","is_local":false},{"artists":[{"external_urls":{"spotify":"https://open.spotify.com/artist/3eVa5w3URK5duf6eyVDbu9"},"href":"https://api.spotify.com/v1/artists/3eVa5w3URK5duf6eyVDbu9","id":"3eVa5w3URK5duf6eyVDbu9","name":"ROSÉ","type":"artist","uri":"spotify:artist:3eVa5w3URK5duf6eyVDbu9"}],"available_markets":["AR","AU","AT","BE","BO","BR","BG","CA","CL","CO","CR","CY","CZ","DK","DO","DE","EC","EE","SV","FI","FR","GR","GT","HN","HK","HU","IS","IE","IT","LV","LT","LU","MY","MT","MX","NL","NZ","NI","NO","PA","PY","PE","PH","PL","PT","SG","SK","ES","SE","CH","TW","TR","UY","US","GB","AD","LI","MC","ID","JP","TH","VN","RO","IL","ZA","SA","AE","BH","QA","OM","KW","EG","MA","DZ","TN","LB","JO","PS","IN","KZ","MD","UA","AL","BA","HR","ME","MK","RS","SI","BD","PK","LK","GH","KE","NG","TZ","UG","AG","AM","BS","BB","BZ","BT","BW","BF","CV","CW","DM","FJ","GM","GE","GD","GW","GY","HT","JM","KI","LS","LR","MW","MV","ML","MH","FM","NA","NR","NE","PW","PG","PR","WS","SM","ST","SN","SC","SL","SB","KN","LC","VC","SR","TL","TO","TT","TV","VU","AZ","BN","BI","KH","CM","TD","KM","GQ","SZ","GA","GN","KG","LA","MO","MR","MN","NP","RW","TG","UZ","ZW","BJ","MG","MU","MZ","AO","CI","DJ","ZM","CD","CG","IQ","LY","TJ","VE","ET","XK"],"disc_number":1,"duration_ms":236248,"explicit":false,"external_urls":{"spotify":"https://open.spotify.com/track/3tDF6qjNrabjnb23RB2rpa"},"href":"https://api.spotify.com/v1/tracks/3tDF6qjNrabjnb23RB2rpa","id":"3tDF6qjNrabjnb23RB2rpa","name":"too bad for us","preview_url":null,"track_number":11,"type":"track","uri":"spotify:track:3tDF6qjNrabjnb23RB2rpa","is_local":false},{"artists":[{"external_urls":{"spotify":"https://open.spotify.com/artist/3eVa5w3URK5duf6eyVDbu9"},"href":"https://api.spotify.com/v1/artists/3eVa5w3URK5duf6eyVDbu9","id":"3eVa5w3URK5duf6eyVDbu9","name":"ROSÉ","type":"artist","uri":"spotify:artist:3eVa5w3URK5duf6eyVDbu9"}],"available_markets":["AR","AU","AT","BE","BO","BR","BG","CA","CL","CO","CR","CY","CZ","DK","DO","DE","EC","EE","SV","FI","FR","GR","GT","HN","HK","HU","IS","IE","IT","LV","LT","LU","MY","MT","MX","NL","NZ","NI","NO","PA","PY","PE","PH","PL","PT","SG","SK","ES","SE","CH","TW","TR","UY","US","GB","AD","LI","MC","ID","JP","TH","VN","RO","IL","ZA","SA","AE","BH","QA","OM","KW","EG","MA","DZ","TN","LB","JO","PS","IN","KZ","MD","UA","AL","BA","HR","ME","MK","RS","SI","BD","PK","LK","GH","KE","NG","TZ","UG","AG","AM","BS","BB","BZ","BT","BW","BF","CV","CW","DM","FJ","GM","GE","GD","GW","GY","HT","JM","KI","LS","LR","MW","MV","ML","MH","FM","NA","NR","NE","PW","PG","PR","WS","SM","ST","SN","SC","SL","SB","KN","LC","VC","SR","TL","TO","TT","TV","VU","AZ","BN","BI","KH","CM","TD","KM","GQ","SZ","GA","GN","KG","LA","MO","MR","MN","NP","RW","TG","UZ","ZW","BJ","MG","MU","MZ","AO","CI","DJ","ZM","CD","CG","IQ","LY","TJ","VE","ET","XK"],"disc_number":1,"duration_ms":214950,"explicit":false,"external_urls":{"spotify":"https://open.spotify.com/track/50aQbgfdydBXABx2gATQHn"},"href":"https://api.spotify.com/v1/tracks/50aQbgfdydBXABx2gATQHn","id":"50aQbgfdydBXABx2gATQHn","name":"dance all night","preview_url":null,"track_number":12,"type":"track","uri":"spotify:track:50aQbgfdydBXABx2gATQHn","is_local":false}]},"copyrights":[{"text":"© 2024 ROSÉ under exclusive license to Atlantic Recording Corporation for the World excluding Korea","type":"C"},{"text":"℗ 2024 ROSÉ under exclusive license to Atlantic Recording Corporation for the World excluding Korea","type":"P"}],"external_ids":{"upc":"075679629197"},"genres":[],"label":"Atlantic Records","popularity":87},{"album_type":"album","total_tracks":9,"available_markets":["AR","AU","AT","BE","BO","BR","BG","CA","CL","CO","CR","CY","CZ","DK","DO","DE","EC","EE","SV","FI","FR","GR","GT","HN","HK","HU","IS","IE","IT","LV","LT","LU","MY","MT","MX","NL","NZ","NI","NO","PA","PY","PE","PH","PL","PT","SG","SK","ES","SE","CH","TW","TR","UY","US","GB","AD","LI","MC","ID","TH","VN","RO","IL","ZA","SA","AE","BH","QA","OM","KW","EG","MA","DZ","TN","LB","JO","PS","IN","KZ","MD","UA","AL","BA","HR","ME","MK","RS","SI","KR","BD","PK","LK","GH","KE","NG","TZ","UG","AG","AM","BS","BB","BZ","BT","BW","BF","CV","CW","DM","FJ","GM","GE","GD","GW","GY","HT","JM","KI","LS","LR","MW","MV","ML","MH","FM","NA","NR","NE","PW","PG","WS","SM","ST","SN","SC","SL","SB","KN","LC","VC","SR","TL","TO","TT","TV","VU","AZ","BN","BI","KH","CM","TD","KM","GQ","SZ","GA","GN","KG","LA","MO","MR","MN","NP","RW","TG","UZ","ZW","BJ","MG","MU","MZ","AO","CI","DJ","ZM","CD","CG","IQ","LY","TJ","VE","ET","XK"],"external_urls":{"spotify":"https://open.spotify.com/album/5L3PAo50R75rOZLlEvokZZ"},"href":"https://api.spotify.com/v1/albums/5L3PAo50R75rOZLlEvokZZ","id":"5L3PAo50R75rOZLlEvokZZ","images":[{"url":"https://i.scdn.co/image/ab67616d0000b273c099e4b6e57fe7a2304b0213","height":640,"width":640},{"url":"https://i.scdn.co/image/ab67616d00001e02c099e4b6e57fe7a2304b0213","height":300,"width":300},{"url":"https://i.scdn.co/image/ab67616d00004851c099e4b6e57fe7a2304b0213","height":64,"width":64}],"name":"LOS 9 DE FERXXO Y SKY ROMPIENDO","release_date":"2024-11-29","release_date_precision":"day","type":"album","uri":"spotify:album:5L3PAo50R75rOZLlEvokZZ","artists":[{"external_urls":{"spotify":"https://open.spotify.com/artist/2LRoIwlKmHjgvigdNGBHNo"},"href":"https://api.spotify.com/v1/artists/2LRoIwlKmHjgvigdNGBHNo","id":"2LRoIwlKmHjgvigdNGBHNo","name":"Feid","type":"artist","uri":"spotify:artist:2LRoIwlKmHjgvigdNGBHNo"},{"external_urls":{"spotify":"https://open.spotify.com/artist/51XrH5fQP2oIQynuKxSWcW"},"href":"https://api.spotify.com/v1/artists/51XrH5fQP2oIQynuKxSWcW","id":"51XrH5fQP2oIQynuKxSWcW","name":"Sky Rompiendo","type":"artist","uri":"spotify:artist:51XrH5fQP2oIQynuKxSWcW"}],"tracks":{"href":"https://api.spotify.com/v1/albums/5L3PAo50R75rOZLlEvokZZ/tracks?offset=0&limit=50","limit":50,"next":null,"offset":0,"previous":null,"total":9,"items":[{"artists":[{"external_urls":{"spotify":"https://open.spotify.com/artist/2LRoIwlKmHjgvigdNGBHNo"},"href":"https://api.spotify.com/v1/artists/2LRoIwlKmHjgvigdNGBHNo","id":"2LRoIwlKmHjgvigdNGBHNo","name":"Feid","type":"artist","uri":"spotify:artist:2LRoIwlKmHjgvigdNGBHNo"},{"external_urls":{"spotify":"https://open.spotify.com/artist/51XrH5fQP2oIQynuKxSWcW"},"href":"https://api.spotify.com/v1/artists/51XrH5fQP2oIQynuKxSWcW","id":"51XrH5fQP2oIQynuKxSWcW","name":"Sky Rompiendo","type":"artist","uri":"spotify:artist:51XrH5fQP2oIQynuKxSWcW"},{"external_urls":{"spotify":"https://open.spotify.com/artist/2YRyPiW98bpkARAS4B3OQP"},"href":"https://api.spotify.com/v1/artists/2YRyPiW98bpkARAS4B3OQP","id":"2YRyPiW98bpkARAS4B3OQP","name":"Dei V","type":"artist","uri":"spotify:artist:2YRyPiW98bpkARAS4B3OQP"}],"available_markets":["AR","AU","AT","BE","BO","BR","BG","CA","CL","CO","CR","CY","CZ","DK","DO","DE","EC","EE","SV","FI","FR","GR","GT","HN","HK","HU","IS","IE","IT","LV","LT","LU","MY","MT","MX","NL","NZ","NI","NO","PA","PY","PE","PH","PL","PT","SG","SK","ES","SE","CH","TW","TR","UY","US","GB","AD","LI","MC","ID","TH","VN","RO","IL","ZA","SA","AE","BH","QA","OM","KW","EG","MA","DZ","TN","LB","JO","PS","IN","KZ","MD","UA","AL","BA","HR","ME","MK","RS","SI","KR","BD","PK","LK","GH","KE","NG","TZ","UG","AG","AM","BS","BB","BZ","BT","BW","BF","CV","CW","DM","FJ","GM","GE","GD","GW","GY","HT","JM","KI","LS","LR","MW","MV","ML","MH","FM","NA","NR","NE","PW","PG","WS","SM","ST","SN","SC","SL","SB","KN","LC","VC","SR","TL","TO","TT","TV","VU","AZ","BN","BI","KH","CM","TD","KM","GQ","SZ","GA","GN","KG","LA","MO","MR","MN","NP","RW","TG","UZ","ZW","BJ","MG","MU","MZ","AO","CI","DJ","ZM","CD","CG","IQ","LY","TJ","VE","ET","XK"],"disc_number":1,"duration_ms":223039,"explicit":true,"external_urls":{"spotify":"https://open.spotify.com/track/0lhcaiGyAkmZg5RaC99ZbH"},"href":"https://api.spotify.com/v1/tracks/0lhcaiGyAkmZg5RaC99ZbH","id":"0lhcaiGyAkmZg5RaC99ZbH","name":"ESTOY PUTIAO","preview_url":null,"track_number":1,"type":"track","uri":"spotify:track:0lhcaiGyAkmZg5RaC99ZbH","is_local":false},{"artists":[{"external_urls":{"spotify":"https://open.spotify.com/artist/2LRoIwlKmHjgvigdNGBHNo"},"href":"https://api.spotify.com/v1/artists/2LRoIwlKmHjgvigdNGBHNo","id":"2LRoIwlKmHjgvigdNGBHNo","name":"Feid","type":"artist","uri":"spotify:artist:2LRoIwlKmHjgvigdNGBHNo"},{"external_urls":{"spotify":"https://open.spotify.com/artist/51XrH5fQP2oIQynuKxSWcW"},"href":"https://api.spotify.com/v1/artists/51XrH5fQP2oIQynuKxSWcW","id":"51XrH5fQP2oIQynuKxSWcW","name":"Sky Rompiendo","type":"artist","uri":"spotify:artist:51XrH5fQP2oIQynuKxSWcW"}],"available_markets":["AR","AU","AT","BE","BO","BR","BG","CA","CL","CO","CR","CY","CZ","DK","DO","DE","EC","EE","SV","FI","FR","GR","GT","HN","HK","HU","IS","IE","IT","LV","LT","LU","MY","MT","MX","NL","NZ","NI","NO","PA","PY","PE","PH","PL","PT","SG","SK","ES","SE","CH","TW","TR","UY","US","GB","AD","LI","MC","ID","TH","VN","RO","IL","ZA","SA","AE","BH","QA","OM","KW","EG","MA","DZ","TN","LB","JO","PS","IN","KZ","MD","UA","AL","BA","HR","ME","MK","RS","SI","KR","BD","PK","LK","GH","KE","NG","TZ","UG","AG","AM","BS","BB","BZ","BT","BW","BF","CV","CW","DM","FJ","GM","GE","GD","GW","GY","HT","JM","KI","LS","LR","MW","MV","ML","MH","FM","NA","NR","NE","PW","PG","WS","SM","ST","SN","SC","SL","SB","KN","LC","VC","SR","TL","TO","TT","TV","VU","AZ","BN","BI","KH","CM","TD","KM","GQ","SZ","GA","GN","KG","LA","MO","MR","MN","NP","RW","TG","UZ","ZW","BJ","MG","MU","MZ","AO","CI","DJ","ZM","CD","CG","IQ","LY","TJ","VE","ET","XK"],"disc_number":1,"duration_ms":146285,"explicit":true,"external_urls":{"spotify":"https://open.spotify.com/track/2HxZAed6QC9yJZuyaJJSz0"},"href":"https://api.spotify.com/v1/tracks/2HxZAed6QC9yJZuyaJJSz0","id":"2HxZAed6QC9yJZuyaJJSz0","name":"PPCP","preview_url":null,"track_number":2,"type":"track","uri":"spotify:track:2HxZAed6QC9yJZuyaJJSz0","is_local":false},{"artists":[{"external_urls":{"spotify":"https://open.spotify.com/artist/2LRoIwlKmHjgvigdNGBHNo"},"href":"https://api.spotify.com/v1/artists/2LRoIwlKmHjgvigdNGBHNo","id":"2LRoIwlKmHjgvigdNGBHNo","name":"Feid","type":"artist","uri":"spotify:artist:2LRoIwlKmHjgvigdNGBHNo"},{"external_urls":{"spotify":"https://open.spotify.com/artist/51XrH5fQP2oIQynuKxSWcW"},"href":"https://api.spotify.com/v1/artists/51XrH5fQP2oIQynuKxSWcW","id":"51XrH5fQP2oIQynuKxSWcW","name":"Sky Rompiendo","type":"artist","uri":"spotify:artist:51XrH5fQP2oIQynuKxSWcW"}],"available_markets":["AR","AU","AT","BE","BO","BR","BG","CA","CL","CO","CR","CY","CZ","DK","DO","DE","EC","EE","SV","FI","FR","GR","GT","HN","HK","HU","IS","IE","IT","LV","LT","LU","MY","MT","MX","NL","NZ","NI","NO","PA","PY","PE","PH","PL","PT","SG","SK","ES","SE","CH","TW","TR","UY","US","GB","AD","LI","MC","ID","TH","VN","RO","IL","ZA","SA","AE","BH","QA","OM","KW","EG","MA","DZ","TN","LB","JO","PS","IN","KZ","MD","UA","AL","BA","HR","ME","MK","RS","SI","KR","BD","PK","LK","GH","KE","NG","TZ","UG","AG","AM","BS","BB","BZ","BT","BW","BF","CV","CW","DM","FJ","GM","GE","GD","GW","GY","HT","JM","KI","LS","LR","MW","MV","ML","MH","FM","NA","NR","NE","PW","PG","WS","SM","ST","SN","SC","SL","SB","KN","LC","VC","SR","TL","TO","TT","TV","VU","AZ","BN","BI","KH","CM","TD","KM","GQ","SZ","GA","GN","KG","LA","MO","MR","MN","NP","RW","TG","UZ","ZW","BJ","MG","MU","MZ","AO","CI","DJ","ZM","CD","CG","IQ","LY","TJ","VE","ET","XK"],"disc_number":1,"duration_ms":198058,"explicit":false,"external_urls":{"spotify":"https://open.spotify.com/track/3Z5ano0s9pNggRPmAtqKWL"},"href":"https://api.spotify.com/v1/tracks/3Z5ano0s9pNggRPmAtqKWL","id":"3Z5ano0s9pNggRPmAtqKWL","name":"1XXX RAXONES","preview_url":null,"track_number":3,"type":"track","uri":"spotify:track:3Z5ano0s9pNggRPmAtqKWL","is_local":false},{"artists":[{"external_urls":{"spotify":"https://open.spotify.com/artist/2LRoIwlKmHjgvigdNGBHNo"},"href":"https://api.spotify.com/v1/artists/2LRoIwlKmHjgvigdNGBHNo","id":"2LRoIwlKmHjgvigdNGBHNo","name":"Feid","type":"artist","uri":"spotify:artist:2LRoIwlKmHjgvigdNGBHNo"},{"external_urls":{"spotify":"https://open.spotify.com/artist/51XrH5fQP2oIQynuKxSWcW"},"href":"https://api.spotify.com/v1/artists/51XrH5fQP2oIQynuKxSWcW","id":"51XrH5fQP2oIQynuKxSWcW","name":"Sky Rompiendo","type":"artist","uri":"spotify:artist:51XrH5fQP2oIQynuKxSWcW"}],"available_markets":["AR","AU","AT","BE","BO","BR","BG","CA","CL","CO","CR","CY","CZ","DK","DO","DE","EC","EE","SV","FI","FR","GR","GT","HN","HK","HU","IS","IE","IT","LV","LT","LU","MY","MT","MX","NL","NZ","NI","NO","PA","PY","PE","PH","PL","PT","SG","SK","ES","SE","CH","TW","TR","UY","US","GB","AD","LI","MC","ID","TH","VN","RO","IL","ZA","SA","AE","BH","QA","OM","KW","EG","MA","DZ","TN","LB","JO","PS","IN","KZ","MD","UA","AL","BA","HR","ME","MK","RS","SI","KR","BD","PK","LK","GH","KE","NG","TZ","UG","AG","AM","BS","BB","BZ","BT","BW","BF","CV","CW","DM","FJ","GM","GE","GD","GW","GY","HT","JM","KI","LS","LR","MW","MV","ML","MH","FM","NA","NR","NE","PW","PG","WS","SM","ST","SN","SC","SL","SB","KN","LC","VC","SR","TL","TO","TT","TV","VU","AZ","BN","BI","KH","CM","TD","KM","GQ","SZ","GA","GN","KG","LA","MO","MR","MN","NP","RW","TG","UZ","ZW","BJ","MG","MU","MZ","AO","CI","DJ","ZM","CD","CG","IQ","LY","TJ","VE","ET","XK"],"disc_number":1,"duration_ms":147906,"explicit":true,"external_urls":{"spotify":"https://open.spotify.com/track/2kQovjtNZF1oSARczvmhaV"},"href":"https://api.spotify.com/v1/tracks/2kQovjtNZF1oSARczvmhaV","id":"2kQovjtNZF1oSARczvmhaV","name":"MONI","preview_url":null,"track_number":4,"type":"track","uri":"spotify:track:2kQovjtNZF1oSARczvmhaV","is_local":false},{"artists":[{"external_urls":{"spotify":"https://open.spotify.com/artist/2LRoIwlKmHjgvigdNGBHNo"},"href":"https://api.spotify.com/v1/artists/2LRoIwlKmHjgvigdNGBHNo","id":"2LRoIwlKmHjgvigdNGBHNo","name":"Feid","type":"artist","uri":"spotify:artist:2LRoIwlKmHjgvigdNGBHNo"},{"external_urls":{"spotify":"https://open.spotify.com/artist/51XrH5fQP2oIQynuKxSWcW"},"href":"https://api.spotify.com/v1/artists/51XrH5fQP2oIQynuKxSWcW","id":"51XrH5fQP2oIQynuKxSWcW","name":"Sky Rompiendo","type":"artist","uri":"spotify:artist:51XrH5fQP2oIQynuKxSWcW"}],"available_markets":["AR","AU","AT","BE","BO","BR","BG","CA","CL","CO","CR","CY","CZ","DK","DO","DE","EC","EE","SV","FI","FR","GR","GT","HN","HK","HU","IS","IE","IT","LV","LT","LU","MY","MT","MX","NL","NZ","NI","NO","PA","PY","PE","PH","PL","PT","SG","SK","ES","SE","CH","TW","TR","UY","US","GB","AD","LI","MC","ID","TH","VN","RO","IL","ZA","SA","AE","BH","QA","OM","KW","EG","MA","DZ","TN","LB","JO","PS","IN","KZ","MD","UA","AL","BA","HR","ME","MK","RS","SI","KR","BD","PK","LK","GH","KE","NG","TZ","UG","AG","AM","BS","BB","BZ","BT","BW","BF","CV","CW","DM","FJ","GM","GE","GD","GW","GY","HT","JM","KI","LS","LR","MW","MV","ML","MH","FM","NA","NR","NE","PW","PG","WS","SM","ST","SN","SC","SL","SB","KN","LC","VC","SR","TL","TO","TT","TV","VU","AZ","BN","BI","KH","CM","TD","KM","GQ","SZ","GA","GN","KG","LA","MO","MR","MN","NP","RW","TG","UZ","ZW","BJ","MG","MU","MZ","AO","CI","DJ","ZM","CD","CG","IQ","LY","TJ","VE","ET","XK"],"disc_number":1,"duration_ms":193548,"explicit":false,"external_urls":{"spotify":"https://open.spotify.com/track/40ytTNTwNp3KuYQ0DW2Ixy"},"href":"https://api.spotify.com/v1/tracks/40ytTNTwNp3KuYQ0DW2Ixy","id":"40ytTNTwNp3KuYQ0DW2Ixy","name":"DE REPENTE","preview_url":null,"track_number":5,"type":"track","uri":"spotify:track:40ytTNTwNp3KuYQ0DW2Ixy","is_local":false},{"artists":[{"external_urls":{"spotify":"https://open.spotify.com/artist/2LRoIwlKmHjgvigdNGBHNo"},"href":"https://api.spotify.com/v1/artists/2LRoIwlKmHjgvigdNGBHNo","id":"2LRoIwlKmHjgvigdNGBHNo","name":"Feid","type":"artist","uri":"spotify:artist:2LRoIwlKmHjgvigdNGBHNo"},{"external_urls":{"spotify":"https://open.spotify.com/artist/51XrH5fQP2oIQynuKxSWcW"},"href":"https://api.spotify.com/v1/artists/51XrH5fQP2oIQynuKxSWcW","id":"51XrH5fQP2oIQynuKxSWcW","name":"Sky Rompiendo","type":"artist","uri":"spotify:artist:51XrH5fQP2oIQynuKxSWcW"},{"external_urls":{"spotify":"https://open.spotify.com/artist/4HzKw8XcD0piJmDrrPRCYk"},"href":"https://api.spotify.com/v1/artists/4HzKw8XcD0piJmDrrPRCYk","id":"4HzKw8XcD0piJmDrrPRCYk","name":"Majid Jordan","type":"artist","uri":"spotify:artist:4HzKw8XcD0piJmDrrPRCYk"}],"available_markets":["AR","AU","AT","BE","BO","BR","BG","CA","CL","CO","CR","CY","CZ","DK","DO","DE","EC","EE","SV","FI","FR","GR","GT","HN","HK","HU","IS","IE","IT","LV","LT","LU","MY","MT","MX","NL","NZ","NI","NO","PA","PY","PE","PH","PL","PT","SG","SK","ES","SE","CH","TW","TR","UY","US","GB","AD","LI","MC","ID","TH","VN","RO","IL","ZA","SA","AE","BH","QA","OM","KW","EG","MA","DZ","TN","LB","JO","PS","IN","KZ","MD","UA","AL","BA","HR","ME","MK","RS","SI","KR","BD","PK","LK","GH","KE","NG","TZ","UG","AG","AM","BS","BB","BZ","BT","BW","BF","CV","CW","DM","FJ","GM","GE","GD","GW","GY","HT","JM","KI","LS","LR","MW","MV","ML","MH","FM","NA","NR","NE","PW","PG","WS","SM","ST","SN","SC","SL","SB","KN","LC","VC","SR","TL","TO","TT","TV","VU","AZ","BN","BI","KH","CM","TD","KM","GQ","SZ","GA","GN","KG","LA","MO","MR","MN","NP","RW","TG","UZ","ZW","BJ","MG","MU","MZ","AO","CI","DJ","ZM","CD","CG","IQ","LY","TJ","VE","ET","XK"],"disc_number":1,"duration_ms":155314,"explicit":true,"external_urls":{"spotify":"https://open.spotify.com/track/7iyawgjHLk3q9jksG3mWtD"},"href":"https://api.spotify.com/v1/tracks/7iyawgjHLk3q9jksG3mWtD","id":"7iyawgjHLk3q9jksG3mWtD","name":"AGAIN","preview_url":null,"track_number":6,"type":"track","uri":"spotify:track:7iyawgjHLk3q9jksG3mWtD","is_local":false},{"artists":[{"external_urls":{"spotify":"https://open.spotify.com/artist/2LRoIwlKmHjgvigdNGBHNo"},"href":"https://api.spotify.com/v1/artists/2LRoIwlKmHjgvigdNGBHNo","id":"2LRoIwlKmHjgvigdNGBHNo","name":"Feid","type":"artist","uri":"spotify:artist:2LRoIwlKmHjgvigdNGBHNo"},{"external_urls":{"spotify":"https://open.spotify.com/artist/51XrH5fQP2oIQynuKxSWcW"},"href":"https://api.spotify.com/v1/artists/51XrH5fQP2oIQynuKxSWcW","id":"51XrH5fQP2oIQynuKxSWcW","name":"Sky Rompiendo","type":"artist","uri":"spotify:artist:51XrH5fQP2oIQynuKxSWcW"}],"available_markets":["AR","AU","AT","BE","BO","BR","BG","CA","CL","CO","CR","CY","CZ","DK","DO","DE","EC","EE","SV","FI","FR","GR","GT","HN","HK","HU","IS","IE","IT","LV","LT","LU","MY","MT","MX","NL","NZ","NI","NO","PA","PY","PE","PH","PL","PT","SG","SK","ES","SE","CH","TW","TR","UY","US","GB","AD","LI","MC","ID","TH","VN","RO","IL","ZA","SA","AE","BH","QA","OM","KW","EG","MA","DZ","TN","LB","JO","PS","IN","KZ","MD","UA","AL","BA","HR","ME","MK","RS","SI","KR","BD","PK","LK","GH","KE","NG","TZ","UG","AG","AM","BS","BB","BZ","BT","BW","BF","CV","CW","DM","FJ","GM","GE","GD","GW","GY","HT","JM","KI","LS","LR","MW","MV","ML","MH","FM","NA","NR","NE","PW","PG","WS","SM","ST","SN","SC","SL","SB","KN","LC","VC","SR","TL","TO","TT","TV","VU","AZ","BN","BI","KH","CM","TD","KM","GQ","SZ","GA","GN","KG","LA","MO","MR","MN","NP","RW","TG","UZ","ZW","BJ","MG","MU","MZ","AO","CI","DJ","ZM","CD","CG","IQ","LY","TJ","VE","ET","XK"],"disc_number":1,"duration_ms":138461,"explicit":true,"external_urls":{"spotify":"https://open.spotify.com/track/3XTyejUCaqoKy0bItVFLm5"},"href":"https://api.spotify.com/v1/tracks/3XTyejUCaqoKy0bItVFLm5","id":"3XTyejUCaqoKy0bItVFLm5","name":"KLKHAY","preview_url":null,"track_number":7,"type":"track","uri":"spotify:track:3XTyejUCaqoKy0bItVFLm5","is_local":false},{"artists":[{"external_urls":{"spotify":"https://open.spotify.com/artist/2LRoIwlKmHjgvigdNGBHNo"},"href":"https://api.spotify.com/v1/artists/2LRoIwlKmHjgvigdNGBHNo","id":"2LRoIwlKmHjgvigdNGBHNo","name":"Feid","type":"artist","uri":"spotify:artist:2LRoIwlKmHjgvigdNGBHNo"},{"external_urls":{"spotify":"https://open.spotify.com/artist/51XrH5fQP2oIQynuKxSWcW"},"href":"https://api.spotify.com/v1/artists/51XrH5fQP2oIQynuKxSWcW","id":"51XrH5fQP2oIQynuKxSWcW","name":"Sky Rompiendo","type":"artist","uri":"spotify:artist:51XrH5fQP2oIQynuKxSWcW"}],"available_markets":["AR","AU","AT","BE","BO","BR","BG","CA","CL","CO","CR","CY","CZ","DK","DO","DE","EC","EE","SV","FI","FR","GR","GT","HN","HK","HU","IS","IE","IT","LV","LT","LU","MY","MT","MX","NL","NZ","NI","NO","PA","PY","PE","PH","PL","PT","SG","SK","ES","SE","CH","TW","TR","UY","US","GB","AD","LI","MC","ID","TH","VN","RO","IL","ZA","SA","AE","BH","QA","OM","KW","EG","MA","DZ","TN","LB","JO","PS","IN","KZ","MD","UA","AL","BA","HR","ME","MK","RS","SI","KR","BD","PK","LK","GH","KE","NG","TZ","UG","AG","AM","BS","BB","BZ","BT","BW","BF","CV","CW","DM","FJ","GM","GE","GD","GW","GY","HT","JM","KI","LS","LR","MW","MV","ML","MH","FM","NA","NR","NE","PW","PG","WS","SM","ST","SN","SC","SL","SB","KN","LC","VC","SR","TL","TO","TT","TV","VU","AZ","BN","BI","KH","CM","TD","KM","GQ","SZ","GA","GN","KG","LA","MO","MR","MN","NP","RW","TG","UZ","ZW","BJ","MG","MU","MZ","AO","CI","DJ","ZM","CD","CG","IQ","LY","TJ","VE","ET","XK"],"disc_number":1,"duration_ms":170000,"explicit":true,"external_urls":{"spotify":"https://open.spotify.com/track/5zHAC2VURQnaehvbcTC7AE"},"href":"https://api.spotify.com/v1/tracks/5zHAC2VURQnaehvbcTC7AE","id":"5zHAC2VURQnaehvbcTC7AE","name":"OLD NAVY","preview_url":null,"track_number":8,"type":"track","uri":"spotify:track:5zHAC2VURQnaehvbcTC7AE","is_local":false},{"artists":[{"external_urls":{"spotify":"https://open.spotify.com/artist/2LRoIwlKmHjgvigdNGBHNo"},"href":"https://api.spotify.com/v1/artists/2LRoIwlKmHjgvigdNGBHNo","id":"2LRoIwlKmHjgvigdNGBHNo","name":"Feid","type":"artist","uri":"spotify:artist:2LRoIwlKmHjgvigdNGBHNo"},{"external_urls":{"spotify":"https://open.spotify.com/artist/51XrH5fQP2oIQynuKxSWcW"},"href":"https://api.spotify.com/v1/artists/51XrH5fQP2oIQynuKxSWcW","id":"51XrH5fQP2oIQynuKxSWcW","name":"Sky Rompiendo","type":"artist","uri":"spotify:artist:51XrH5fQP2oIQynuKxSWcW"}],"available_markets":["AR","AU","AT","BE","BO","BR","BG","CA","CL","CO","CR","CY","CZ","DK","DO","DE","EC","EE","SV","FI","FR","GR","GT","HN","HK","HU","IS","IE","IT","LV","LT","LU","MY","MT","MX","NL","NZ","NI","NO","PA","PY","PE","PH","PL","PT","SG","SK","ES","SE","CH","TW","TR","UY","US","GB","AD","LI","MC","ID","TH","VN","RO","IL","ZA","SA","AE","BH","QA","OM","KW","EG","MA","DZ","TN","LB","JO","PS","IN","KZ","MD","UA","AL","BA","HR","ME","MK","RS","SI","KR","BD","PK","LK","GH","KE","NG","TZ","UG","AG","AM","BS","BB","BZ","BT","BW","BF","CV","CW","DM","FJ","GM","GE","GD","GW","GY","HT","JM","KI","LS","LR","MW","MV","ML","MH","FM","NA","NR","NE","PW","PG","WS","SM","ST","SN","SC","SL","SB","KN","LC","VC","SR","TL","TO","TT","TV","VU","AZ","BN","BI","KH","CM","TD","KM","GQ","SZ","GA","GN","KG","LA","MO","MR","MN","NP","RW","TG","UZ","ZW","BJ","MG","MU","MZ","AO","CI","DJ","ZM","CD","CG","IQ","LY","TJ","VE","ET","XK"],"disc_number":1,"duration_ms":179277,"explicit":true,"external_urls":{"spotify":"https://open.spotify.com/track/3qwgwtLyivLLQ0XOw90ZUh"},"href":"https://api.spotify.com/v1/tracks/3qwgwtLyivLLQ0XOw90ZUh","id":"3qwgwtLyivLLQ0XOw90ZUh","name":"11PM EN ST. REGIS","preview_url":null,"track_number":9,"type":"track","uri":"spotify:track:3qwgwtLyivLLQ0XOw90ZUh","is_local":false}]},"copyrights":[{"text":"© 2024 GOOD KIDZ & Black Koi Entertainment, Distributed by Universal Music Latino","type":"C"},{"text":"℗ 2024 GOOD KIDZ & Black Koi Entertainment, Distributed by Universal Music Latino","type":"P"}],"external_ids":{"upc":"00602475700944"},"genres":[],"label":"Universal Music Latino","popularity":69},{"album_type":"album","total_tracks":13,"available_markets":["AR","AU","AT","BE","BO","BR","BG","CA","CL","CO","CR","CY","CZ","DK","DO","DE","EC","EE","SV","FI","FR","GR","GT","HN","HK","HU","IS","IE","IT","LV","LT","LU","MY","MT","MX","NL","NZ","NI","NO","PA","PY","PE","PH","PL","PT","SG","SK","ES","SE","CH","TW","TR","UY","US","GB","AD","LI","MC","ID","JP","TH","VN","RO","IL","ZA","SA","AE","BH","QA","OM","KW","EG","MA","DZ","TN","LB","JO","PS","IN","KZ","MD","UA","AL","BA","HR","ME","MK","RS","SI","KR","BD","PK","LK","GH","KE","NG","TZ","UG","AG","AM","BS","BB","BZ","BT","BW","BF","CV","CW","DM","FJ","GM","GE","GD","GW","GY","HT","JM","KI","LS","LR","MW","MV","ML","MH","FM","NA","NR","NE","PW","PG","PR","WS","SM","ST","SN","SC","SL","SB","KN","LC","VC","SR","TL","TO","TT","TV","VU","AZ","BN","BI","KH","CM","TD","KM","GQ","SZ","GA","GN","KG","LA","MO","MR","MN","NP","RW","TG","UZ","ZW","BJ","MG","MU","MZ","AO","CI","DJ","ZM","CD","CG","IQ","LY","TJ","VE","ET","XK"],"external_urls":{"spotify":"https://open.spotify.com/album/25Gsw8B8ZpFFhOlx9fF1LR"},"href":"https://api.spotify.com/v1/albums/25Gsw8B8ZpFFhOlx9fF1LR","id":"25Gsw8B8ZpFFhOlx9fF1LR","images":[{"url":"https://i.scdn.co/image/ab67616d0000b2732b3d21b2b6edfccecc3a48df","height":640,"width":640},{"url":"https://i.scdn.co/image/ab67616d00001e022b3d21b2b6edfccecc3a48df","height":300,"width":300},{"url":"https://i.scdn.co/image/ab67616d000048512b3d21b2b6edfccecc3a48df","height":64,"width":64}],"name":"Mis Traumas, Mis Chistes","release_date":"2024-11-28","release_date_precision":"day","type":"album","uri":"spotify:album:25Gsw8B8ZpFFhOlx9fF1LR","artists":[{"external_urls":{"spotify":"https://open.spotify.com/artist/49ggXUsjVHl7BwwaiPUCn6"},"href":"https://api.spotify.com/v1/artists/49ggXUsjVHl7BwwaiPUCn6","id":"49ggXUsjVHl7BwwaiPUCn6","name":"Juan Duque","type":"artist","uri":"spotify:artist:49ggXUsjVHl7BwwaiPUCn6"}],"tracks":{"href":"https://api.spotify.com/v1/albums/25Gsw8B8ZpFFhOlx9fF1LR/tracks?offset=0&limit=50","limit":50,"next":null,"offset":0,"previous":null,"total":13,"items":[{"artists":[{"external_urls":{"spotify":"https://open.spotify.com/artist/49ggXUsjVHl7BwwaiPUCn6"},"href":"https://api.spotify.com/v1/artists/49ggXUsjVHl7BwwaiPUCn6","id":"49ggXUsjVHl7BwwaiPUCn6","name":"Juan Duque","type":"artist","uri":"spotify:artist:49ggXUsjVHl7BwwaiPUCn6"}],"available_markets":["AR","AU","AT","BE","BO","BR","BG","CA","CL","CO","CR","CY","CZ","DK","DO","DE","EC","EE","SV","FI","FR","GR","GT","HN","HK","HU","IS","IE","IT","LV","LT","LU","MY","MT","MX","NL","NZ","NI","NO","PA","PY","PE","PH","PL","PT","SG","SK","ES","SE","CH","TW","TR","UY","US","GB","AD","LI","MC","ID","JP","TH","VN","RO","IL","ZA","SA","AE","BH","QA","OM","KW","EG","MA","DZ","TN","LB","JO","PS","IN","KZ","MD","UA","AL","BA","HR","ME","MK","RS","SI","KR","BD","PK","LK","GH","KE","NG","TZ","UG","AG","AM","BS","BB","BZ","BT","BW","BF","CV","CW","DM","FJ","GM","GE","GD","GW","GY","HT","JM","KI","LS","LR","MW","MV","ML","MH","FM","NA","NR","NE","PW","PG","PR","WS","SM","ST","SN","SC","SL","SB","KN","LC","VC","SR","TL","TO","TT","TV","VU","AZ","BN","BI","KH","CM","TD","KM","GQ","SZ","GA","GN","KG","LA","MO","MR","MN","NP","RW","TG","UZ","ZW","BJ","MG","MU","MZ","AO","CI","DJ","ZM","CD","CG","IQ","LY","TJ","VE","ET","XK"],"disc_number":1,"duration_ms":80333,"explicit":false,"external_urls":{"spotify":"https://open.spotify.com/track/7eh0xG46APveIAhV2obdqo"},"href":"https://api.spotify.com/v1/tracks/7eh0xG46APveIAhV2obdqo","id":"7eh0xG46APveIAhV2obdqo","name":"Intro MTMC","preview_url":null,"track_number":1,"type":"track","uri":"spotify:track:7eh0xG46APveIAhV2obdqo","is_local":false},{"artists":[{"external_urls":{"spotify":"https://open.spotify.com/artist/49ggXUsjVHl7BwwaiPUCn6"},"href":"https://api.spotify.com/v1/artists/49ggXUsjVHl7BwwaiPUCn6","id":"49ggXUsjVHl7BwwaiPUCn6","name":"Juan Duque","type":"artist","uri":"spotify:artist:49ggXUsjVHl7BwwaiPUCn6"}],"available_markets":["AR","AU","AT","BE","BO","BR","BG","CA","CL","CO","CR","CY","CZ","DK","DO","DE","EC","EE","SV","FI","FR","GR","GT","HN","HK","HU","IS","IE","IT","LV","LT","LU","MY","MT","MX","NL","NZ","NI","NO","PA","PY","PE","PH","PL","PT","SG","SK","ES","SE","CH","TW","TR","UY","US","GB","AD","LI","MC","ID","JP","TH","VN","RO","IL","ZA","SA","AE","BH","QA","OM","KW","EG","MA","DZ","TN","LB","JO","PS","IN","KZ","MD","UA","AL","BA","HR","ME","MK","RS","SI","KR","BD","PK","LK","GH","KE","NG","TZ","UG","AG","AM","BS","BB","BZ","BT","BW","BF","CV","CW","DM","FJ","GM","GE","GD","GW","GY","HT","JM","KI","LS","LR","MW","MV","ML","MH","FM","NA","NR","NE","PW","PG","PR","WS","SM","ST","SN","SC","SL","SB","KN","LC","VC","SR","TL","TO","TT","TV","VU","AZ","BN","BI","KH","CM","TD","KM","GQ","SZ","GA","GN","KG","LA","MO","MR","MN","NP","RW","TG","UZ","ZW","BJ","MG","MU","MZ","AO","CI","DJ","ZM","CD","CG","IQ","LY","TJ","VE","ET","XK"],"disc_number":1,"duration_ms":194000,"explicit":false,"external_urls":{"spotify":"https://open.spotify.com/track/33D8RI7wFKjzh8zvbSE1mN"},"href":"https://api.spotify.com/v1/tracks/33D8RI7wFKjzh8zvbSE1mN","id":"33D8RI7wFKjzh8zvbSE1mN","name":"Verano 23","preview_url":null,"track_number":2,"type":"track","uri":"spotify:track:33D8RI7wFKjzh8zvbSE1mN","is_local":false},{"artists":[{"external_urls":{"spotify":"https://open.spotify.com/artist/49ggXUsjVHl7BwwaiPUCn6"},"href":"https://api.spotify.com/v1/artists/49ggXUsjVHl7BwwaiPUCn6","id":"49ggXUsjVHl7BwwaiPUCn6","name":"Juan Duque","type":"artist","uri":"spotify:artist:49ggXUsjVHl7BwwaiPUCn6"}],"available_markets":["AR","AU","AT","BE","BO","BR","BG","CA","CL","CO","CR","CY","CZ","DK","DO","DE","EC","EE","SV","FI","FR","GR","GT","HN","HK","HU","IS","IE","IT","LV","LT","LU","MY","MT","MX","NL","NZ","NI","NO","PA","PY","PE","PH","PL","PT","SG","SK","ES","SE","CH","TW","TR","UY","US","GB","AD","LI","MC","ID","JP","TH","VN","RO","IL","ZA","SA","AE","BH","QA","OM","KW","EG","MA","DZ","TN","LB","JO","PS","IN","KZ","MD","UA","AL","BA","HR","ME","MK","RS","SI","KR","BD","PK","LK","GH","KE","NG","TZ","UG","AG","AM","BS","BB","BZ","BT","BW","BF","CV","CW","DM","FJ","GM","GE","GD","GW","GY","HT","JM","KI","LS","LR","MW","MV","ML","MH","FM","NA","NR","NE","PW","PG","PR","WS","SM","ST","SN","SC","SL","SB","KN","LC","VC","SR","TL","TO","TT","TV","VU","AZ","BN","BI","KH","CM","TD","KM","GQ","SZ","GA","GN","KG","LA","MO","MR","MN","NP","RW","TG","UZ","ZW","BJ","MG","MU","MZ","AO","CI","DJ","ZM","CD","CG","IQ","LY","TJ","VE","ET","XK"],"disc_number":1,"duration_ms":191020,"explicit":false,"external_urls":{"spotify":"https://open.spotify.com/track/0sBzO6iNdbFjOBEgffELUQ"},"href":"https://api.spotify.com/v1/tracks/0sBzO6iNdbFjOBEgffELUQ","id":"0sBzO6iNdbFjOBEgffELUQ","name":"Aquí","preview_url":null,"track_number":3,"type":"track","uri":"spotify:track:0sBzO6iNdbFjOBEgffELUQ","is_local":false},{"artists":[{"external_urls":{"spotify":"https://open.spotify.com/artist/49ggXUsjVHl7BwwaiPUCn6"},"href":"https://api.spotify.com/v1/artists/49ggXUsjVHl7BwwaiPUCn6","id":"49ggXUsjVHl7BwwaiPUCn6","name":"Juan Duque","type":"artist","uri":"spotify:artist:49ggXUsjVHl7BwwaiPUCn6"}],"available_markets":["AR","AU","AT","BE","BO","BR","BG","CA","CL","CO","CR","CY","CZ","DK","DO","DE","EC","EE","SV","FI","FR","GR","GT","HN","HK","HU","IS","IE","IT","LV","LT","LU","MY","MT","MX","NL","NZ","NI","NO","PA","PY","PE","PH","PL","PT","SG","SK","ES","SE","CH","TW","TR","UY","US","GB","AD","LI","MC","ID","JP","TH","VN","RO","IL","ZA","SA","AE","BH","QA","OM","KW","EG","MA","DZ","TN","LB","JO","PS","IN","KZ","MD","UA","AL","BA","HR","ME","MK","RS","SI","KR","BD","PK","LK","GH","KE","NG","TZ","UG","AG","AM","BS","BB","BZ","BT","BW","BF","CV","CW","DM","FJ","GM","GE","GD","GW","GY","HT","JM","KI","LS","LR","MW","MV","ML","MH","FM","NA","NR","NE","PW","PG","PR","WS","SM","ST","SN","SC","SL","SB","KN","LC","VC","SR","TL","TO","TT","TV","VU","AZ","BN","BI","KH","CM","TD","KM","GQ","SZ","GA","GN","KG","LA","MO","MR","MN","NP","RW","TG","UZ","ZW","BJ","MG","MU","MZ","AO","CI","DJ","ZM","CD","CG","IQ","LY","TJ","VE","ET","XK"],"disc_number":1,"duration_ms":157558,"explicit":false,"external_urls":{"spotify":"https://open.spotify.com/track/2xs4ahPFyQpKVsLTOm3YC4"},"href":"https://api.spotify.com/v1/tracks/2xs4ahPFyQpKVsLTOm3YC4","id":"2xs4ahPFyQpKVsLTOm3YC4","name":"Avión De Papél","preview_url":null,"track_number":4,"type":"track","uri":"spotify:track:2xs4ahPFyQpKVsLTOm3YC4","is_local":false},{"artists":[{"external_urls":{"spotify":"https://open.spotify.com/artist/49ggXUsjVHl7BwwaiPUCn6"},"href":"https://api.spotify.com/v1/artists/49ggXUsjVHl7BwwaiPUCn6","id":"49ggXUsjVHl7BwwaiPUCn6","name":"Juan Duque","type":"artist","uri":"spotify:artist:49ggXUsjVHl7BwwaiPUCn6"}],"available_markets":["AR","AU","AT","BE","BO","BR","BG","CA","CL","CO","CR","CY","CZ","DK","DO","DE","EC","EE","SV","FI","FR","GR","GT","HN","HK","HU","IS","IE","IT","LV","LT","LU","MY","MT","MX","NL","NZ","NI","NO","PA","PY","PE","PH","PL","PT","SG","SK","ES","SE","CH","TW","TR","UY","US","GB","AD","LI","MC","ID","JP","TH","VN","RO","IL","ZA","SA","AE","BH","QA","OM","KW","EG","MA","DZ","TN","LB","JO","PS","IN","KZ","MD","UA","AL","BA","HR","ME","MK","RS","SI","KR","BD","PK","LK","GH","KE","NG","TZ","UG","AG","AM","BS","BB","BZ","BT","BW","BF","CV","CW","DM","FJ","GM","GE","GD","GW","GY","HT","JM","KI","LS","LR","MW","MV","ML","MH","FM","NA","NR","NE","PW","PG","PR","WS","SM","ST","SN","SC","SL","SB","KN","LC","VC","SR","TL","TO","TT","TV","VU","AZ","BN","BI","KH","CM","TD","KM","GQ","SZ","GA","GN","KG","LA","MO","MR","MN","NP","RW","TG","UZ","ZW","BJ","MG","MU","MZ","AO","CI","DJ","ZM","CD","CG","IQ","LY","TJ","VE","ET","XK"],"disc_number":1,"duration_ms":177723,"explicit":false,"external_urls":{"spotify":"https://open.spotify.com/track/7tvnWnQp9thUYjLwzp8yY6"},"href":"https://api.spotify.com/v1/tracks/7tvnWnQp9thUYjLwzp8yY6","id":"7tvnWnQp9thUYjLwzp8yY6","name":"No Se Azaren","preview_url":null,"track_number":5,"type":"track","uri":"spotify:track:7tvnWnQp9thUYjLwzp8yY6","is_local":false},{"artists":[{"external_urls":{"spotify":"https://open.spotify.com/artist/49ggXUsjVHl7BwwaiPUCn6"},"href":"https://api.spotify.com/v1/artists/49ggXUsjVHl7BwwaiPUCn6","id":"49ggXUsjVHl7BwwaiPUCn6","name":"Juan Duque","type":"artist","uri":"spotify:artist:49ggXUsjVHl7BwwaiPUCn6"},{"external_urls":{"spotify":"https://open.spotify.com/artist/1wDCXygbv8uRG0GfN787dp"},"href":"https://api.spotify.com/v1/artists/1wDCXygbv8uRG0GfN787dp","id":"1wDCXygbv8uRG0GfN787dp","name":"Tory Teler","type":"artist","uri":"spotify:artist:1wDCXygbv8uRG0GfN787dp"}],"available_markets":["AR","AU","AT","BE","BO","BR","BG","CA","CL","CO","CR","CY","CZ","DK","DO","DE","EC","EE","SV","FI","FR","GR","GT","HN","HK","HU","IS","IE","IT","LV","LT","LU","MY","MT","MX","NL","NZ","NI","NO","PA","PY","PE","PH","PL","PT","SG","SK","ES","SE","CH","TW","TR","UY","US","GB","AD","LI","MC","ID","JP","TH","VN","RO","IL","ZA","SA","AE","BH","QA","OM","KW","EG","MA","DZ","TN","LB","JO","PS","IN","KZ","MD","UA","AL","BA","HR","ME","MK","RS","SI","KR","BD","PK","LK","GH","KE","NG","TZ","UG","AG","AM","BS","BB","BZ","BT","BW","BF","CV","CW","DM","FJ","GM","GE","GD","GW","GY","HT","JM","KI","LS","LR","MW","MV","ML","MH","FM","NA","NR","NE","PW","PG","PR","WS","SM","ST","SN","SC","SL","SB","KN","LC","VC","SR","TL","TO","TT","TV","VU","AZ","BN","BI","KH","CM","TD","KM","GQ","SZ","GA","GN","KG","LA","MO","MR","MN","NP","RW","TG","UZ","ZW","BJ","MG","MU","MZ","AO","CI","DJ","ZM","CD","CG","IQ","LY","TJ","VE","ET","XK"],"disc_number":1,"duration_ms":196421,"explicit":false,"external_urls":{"spotify":"https://open.spotify.com/track/0yFVWXGR7XOxxmqMPIHA47"},"href":"https://api.spotify.com/v1/tracks/0yFVWXGR7XOxxmqMPIHA47","id":"0yFVWXGR7XOxxmqMPIHA47","name":"Perdidos en Milán","preview_url":null,"track_number":6,"type":"track","uri":"spotify:track:0yFVWXGR7XOxxmqMPIHA47","is_local":false},{"artists":[{"external_urls":{"spotify":"https://open.spotify.com/artist/49ggXUsjVHl7BwwaiPUCn6"},"href":"https://api.spotify.com/v1/artists/49ggXUsjVHl7BwwaiPUCn6","id":"49ggXUsjVHl7BwwaiPUCn6","name":"Juan Duque","type":"artist","uri":"spotify:artist:49ggXUsjVHl7BwwaiPUCn6"},{"external_urls":{"spotify":"https://open.spotify.com/artist/7hIqJfRYGBWWT1Qxu6Cpd2"},"href":"https://api.spotify.com/v1/artists/7hIqJfRYGBWWT1Qxu6Cpd2","id":"7hIqJfRYGBWWT1Qxu6Cpd2","name":"Andy Rivera","type":"artist","uri":"spotify:artist:7hIqJfRYGBWWT1Qxu6Cpd2"}],"available_markets":["AR","AU","AT","BE","BO","BR","BG","CA","CL","CO","CR","CY","CZ","DK","DO","DE","EC","EE","SV","FI","FR","GR","GT","HN","HK","HU","IS","IE","IT","LV","LT","LU","MY","MT","MX","NL","NZ","NI","NO","PA","PY","PE","PH","PL","PT","SG","SK","ES","SE","CH","TW","TR","UY","US","GB","AD","LI","MC","ID","JP","TH","VN","RO","IL","ZA","SA","AE","BH","QA","OM","KW","EG","MA","DZ","TN","LB","JO","PS","IN","KZ","MD","UA","AL","BA","HR","ME","MK","RS","SI","KR","BD","PK","LK","GH","KE","NG","TZ","UG","AG","AM","BS","BB","BZ","BT","BW","BF","CV","CW","DM","FJ","GM","GE","GD","GW","GY","HT","JM","KI","LS","LR","MW","MV","ML","MH","FM","NA","NR","NE","PW","PG","PR","WS","SM","ST","SN","SC","SL","SB","KN","LC","VC","SR","TL","TO","TT","TV","VU","AZ","BN","BI","KH","CM","TD","KM","GQ","SZ","GA","GN","KG","LA","MO","MR","MN","NP","RW","TG","UZ","ZW","BJ","MG","MU","MZ","AO","CI","DJ","ZM","CD","CG","IQ","LY","TJ","VE","ET","XK"],"disc_number":1,"duration_ms":227134,"explicit":false,"external_urls":{"spotify":"https://open.spotify.com/track/0EilECsPdoe4BT4CqXHnMx"},"href":"https://api.spotify.com/v1/tracks/0EilECsPdoe4BT4CqXHnMx","id":"0EilECsPdoe4BT4CqXHnMx","name":"Ni Con Él, Ni Conmigo","preview_url":null,"track_number":7,"type":"track","uri":"spotify:track:0EilECsPdoe4BT4CqXHnMx","is_local":false},{"artists":[{"external_urls":{"spotify":"https://open.spotify.com/artist/49ggXUsjVHl7BwwaiPUCn6"},"href":"https://api.spotify.com/v1/artists/49ggXUsjVHl7BwwaiPUCn6","id":"49ggXUsjVHl7BwwaiPUCn6","name":"Juan Duque","type":"artist","uri":"spotify:artist:49ggXUsjVHl7BwwaiPUCn6"}],"available_markets":["AR","AU","AT","BE","BO","BR","BG","CA","CL","CO","CR","CY","CZ","DK","DO","DE","EC","EE","SV","FI","FR","GR","GT","HN","HK","HU","IS","IE","IT","LV","LT","LU","MY","MT","MX","NL","NZ","NI","NO","PA","PY","PE","PH","PL","PT","SG","SK","ES","SE","CH","TW","TR","UY","US","GB","AD","LI","MC","ID","JP","TH","VN","RO","IL","ZA","SA","AE","BH","QA","OM","KW","EG","MA","DZ","TN","LB","JO","PS","IN","KZ","MD","UA","AL","BA","HR","ME","MK","RS","SI","KR","BD","PK","LK","GH","KE","NG","TZ","UG","AG","AM","BS","BB","BZ","BT","BW","BF","CV","CW","DM","FJ","GM","GE","GD","GW","GY","HT","JM","KI","LS","LR","MW","MV","ML","MH","FM","NA","NR","NE","PW","PG","PR","WS","SM","ST","SN","SC","SL","SB","KN","LC","VC","SR","TL","TO","TT","TV","VU","AZ","BN","BI","KH","CM","TD","KM","GQ","SZ","GA","GN","KG","LA","MO","MR","MN","NP","RW","TG","UZ","ZW","BJ","MG","MU","MZ","AO","CI","DJ","ZM","CD","CG","IQ","LY","TJ","VE","ET","XK"],"disc_number":1,"duration_ms":123479,"explicit":false,"external_urls":{"spotify":"https://open.spotify.com/track/1nF0HQdfFofD3QQb5AOhoQ"},"href":"https://api.spotify.com/v1/tracks/1nF0HQdfFofD3QQb5AOhoQ","id":"1nF0HQdfFofD3QQb5AOhoQ","name":"Tutto Passa","preview_url":null,"track_number":8,"type":"track","uri":"spotify:track:1nF0HQdfFofD3QQb5AOhoQ","is_local":false},{"artists":[{"external_urls":{"spotify":"https://open.spotify.com/artist/49ggXUsjVHl7BwwaiPUCn6"},"href":"https://api.spotify.com/v1/artists/49ggXUsjVHl7BwwaiPUCn6","id":"49ggXUsjVHl7BwwaiPUCn6","name":"Juan Duque","type":"artist","uri":"spotify:artist:49ggXUsjVHl7BwwaiPUCn6"},{"external_urls":{"spotify":"https://open.spotify.com/artist/7suviBkoWX9uJG6ZWJLnPX"},"href":"https://api.spotify.com/v1/artists/7suviBkoWX9uJG6ZWJLnPX","id":"7suviBkoWX9uJG6ZWJLnPX","name":"GENERY","type":"artist","uri":"spotify:artist:7suviBkoWX9uJG6ZWJLnPX"}],"available_markets":["AR","AU","AT","BE","BO","BR","BG","CA","CL","CO","CR","CY","CZ","DK","DO","DE","EC","EE","SV","FI","FR","GR","GT","HN","HK","HU","IS","IE","IT","LV","LT","LU","MY","MT","MX","NL","NZ","NI","NO","PA","PY","PE","PH","PL","PT","SG","SK","ES","SE","CH","TW","TR","UY","US","GB","AD","LI","MC","ID","JP","TH","VN","RO","IL","ZA","SA","AE","BH","QA","OM","KW","EG","MA","DZ","TN","LB","JO","PS","IN","KZ","MD","UA","AL","BA","HR","ME","MK","RS","SI","KR","BD","PK","LK","GH","KE","NG","TZ","UG","AG","AM","BS","BB","BZ","BT","BW","BF","CV","CW","DM","FJ","GM","GE","GD","GW","GY","HT","JM","KI","LS","LR","MW","MV","ML","MH","FM","NA","NR","NE","PW","PG","PR","WS","SM","ST","SN","SC","SL","SB","KN","LC","VC","SR","TL","TO","TT","TV","VU","AZ","BN","BI","KH","CM","TD","KM","GQ","SZ","GA","GN","KG","LA","MO","MR","MN","NP","RW","TG","UZ","ZW","BJ","MG","MU","MZ","AO","CI","DJ","ZM","CD","CG","IQ","LY","TJ","VE","ET","XK"],"disc_number":1,"duration_ms":192289,"explicit":false,"external_urls":{"spotify":"https://open.spotify.com/track/0wcuuGPLcbdWOkiiVTROY7"},"href":"https://api.spotify.com/v1/tracks/0wcuuGPLcbdWOkiiVTROY7","id":"0wcuuGPLcbdWOkiiVTROY7","name":"La Cumbia","preview_url":null,"track_number":9,"type":"track","uri":"spotify:track:0wcuuGPLcbdWOkiiVTROY7","is_local":false},{"artists":[{"external_urls":{"spotify":"https://open.spotify.com/artist/49ggXUsjVHl7BwwaiPUCn6"},"href":"https://api.spotify.com/v1/artists/49ggXUsjVHl7BwwaiPUCn6","id":"49ggXUsjVHl7BwwaiPUCn6","name":"Juan Duque","type":"artist","uri":"spotify:artist:49ggXUsjVHl7BwwaiPUCn6"}],"available_markets":["AR","AU","AT","BE","BO","BR","BG","CA","CL","CO","CR","CY","CZ","DK","DO","DE","EC","EE","SV","FI","FR","GR","GT","HN","HK","HU","IS","IE","IT","LV","LT","LU","MY","MT","MX","NL","NZ","NI","NO","PA","PY","PE","PH","PL","PT","SG","SK","ES","SE","CH","TW","TR","UY","US","GB","AD","LI","MC","ID","JP","TH","VN","RO","IL","ZA","SA","AE","BH","QA","OM","KW","EG","MA","DZ","TN","LB","JO","PS","IN","KZ","MD","UA","AL","BA","HR","ME","MK","RS","SI","KR","BD","PK","LK","GH","KE","NG","TZ","UG","AG","AM","BS","BB","BZ","BT","BW","BF","CV","CW","DM","FJ","GM","GE","GD","GW","GY","HT","JM","KI","LS","LR","MW","MV","ML","MH","FM","NA","NR","NE","PW","PG","PR","WS","SM","ST","SN","SC","SL","SB","KN","LC","VC","SR","TL","TO","TT","TV","VU","AZ","BN","BI","KH","CM","TD","KM","GQ","SZ","GA","GN","KG","LA","MO","MR","MN","NP","RW","TG","UZ","ZW","BJ","MG","MU","MZ","AO","CI","DJ","ZM","CD","CG","IQ","LY","TJ","VE","ET","XK"],"disc_number":1,"duration_ms":169874,"explicit":false,"external_urls":{"spotify":"https://open.spotify.com/track/4ikQyjkaIXv4UJIZqGNxyy"},"href":"https://api.spotify.com/v1/tracks/4ikQyjkaIXv4UJIZqGNxyy","id":"4ikQyjkaIXv4UJIZqGNxyy","name":"Gracias Por Los Lunes","preview_url":null,"track_number":10,"type":"track","uri":"spotify:track:4ikQyjkaIXv4UJIZqGNxyy","is_local":false},{"artists":[{"external_urls":{"spotify":"https://open.spotify.com/artist/49ggXUsjVHl7BwwaiPUCn6"},"href":"https://api.spotify.com/v1/artists/49ggXUsjVHl7BwwaiPUCn6","id":"49ggXUsjVHl7BwwaiPUCn6","name":"Juan Duque","type":"artist","uri":"spotify:artist:49ggXUsjVHl7BwwaiPUCn6"}],"available_markets":["AR","AU","AT","BE","BO","BR","BG","CA","CL","CO","CR","CY","CZ","DK","DO","DE","EC","EE","SV","FI","FR","GR","GT","HN","HK","HU","IS","IE","IT","LV","LT","LU","MY","MT","MX","NL","NZ","NI","NO","PA","PY","PE","PH","PL","PT","SG","SK","ES","SE","CH","TW","TR","UY","US","GB","AD","LI","MC","ID","JP","TH","VN","RO","IL","ZA","SA","AE","BH","QA","OM","KW","EG","MA","DZ","TN","LB","JO","PS","IN","KZ","MD","UA","AL","BA","HR","ME","MK","RS","SI","KR","BD","PK","LK","GH","KE","NG","TZ","UG","AG","AM","BS","BB","BZ","BT","BW","BF","CV","CW","DM","FJ","GM","GE","GD","GW","GY","HT","JM","KI","LS","LR","MW","MV","ML","MH","FM","NA","NR","NE","PW","PG","PR","WS","SM","ST","SN","SC","SL","SB","KN","LC","VC","SR","TL","TO","TT","TV","VU","AZ","BN","BI","KH","CM","TD","KM","GQ","SZ","GA","GN","KG","LA","MO","MR","MN","NP","RW","TG","UZ","ZW","BJ","MG","MU","MZ","AO","CI","DJ","ZM","CD","CG","IQ","LY","TJ","VE","ET","XK"],"disc_number":1,"duration_ms":173928,"explicit":false,"external_urls":{"spotify":"https://open.spotify.com/track/4FkkeeYhT95EtnPCmSPuU4"},"href":"https://api.spotify.com/v1/tracks/4FkkeeYhT95EtnPCmSPuU4","id":"4FkkeeYhT95EtnPCmSPuU4","name":"Malo Hablar","preview_url":null,"track_number":11,"type":"track","uri":"spotify:track:4FkkeeYhT95EtnPCmSPuU4","is_local":false},{"artists":[{"external_urls":{"spotify":"https://open.spotify.com/artist/49ggXUsjVHl7BwwaiPUCn6"},"href":"https://api.spotify.com/v1/artists/49ggXUsjVHl7BwwaiPUCn6","id":"49ggXUsjVHl7BwwaiPUCn6","name":"Juan Duque","type":"artist","uri":"spotify:artist:49ggXUsjVHl7BwwaiPUCn6"}],"available_markets":["AR","AU","AT","BE","BO","BR","BG","CA","CL","CO","CR","CY","CZ","DK","DO","DE","EC","EE","SV","FI","FR","GR","GT","HN","HK","HU","IS","IE","IT","LV","LT","LU","MY","MT","MX","NL","NZ","NI","NO","PA","PY","PE","PH","PL","PT","SG","SK","ES","SE","CH","TW","TR","UY","US","GB","AD","LI","MC","ID","JP","TH","VN","RO","IL","ZA","SA","AE","BH","QA","OM","KW","EG","MA","DZ","TN","LB","JO","PS","IN","KZ","MD","UA","AL","BA","HR","ME","MK","RS","SI","KR","BD","PK","LK","GH","KE","NG","TZ","UG","AG","AM","BS","BB","BZ","BT","BW","BF","CV","CW","DM","FJ","GM","GE","GD","GW","GY","HT","JM","KI","LS","LR","MW","MV","ML","MH","FM","NA","NR","NE","PW","PG","PR","WS","SM","ST","SN","SC","SL","SB","KN","LC","VC","SR","TL","TO","TT","TV","VU","AZ","BN","BI","KH","CM","TD","KM","GQ","SZ","GA","GN","KG","LA","MO","MR","MN","NP","RW","TG","UZ","ZW","BJ","MG","MU","MZ","AO","CI","DJ","ZM","CD","CG","IQ","LY","TJ","VE","ET","XK"],"disc_number":1,"duration_ms":167066,"explicit":false,"external_urls":{"spotify":"https://open.spotify.com/track/6HVy24A630Bjg7vlKdPLbs"},"href":"https://api.spotify.com/v1/tracks/6HVy24A630Bjg7vlKdPLbs","id":"6HVy24A630Bjg7vlKdPLbs","name":"El Voldemor","preview_url":null,"track_number":12,"type":"track","uri":"spotify:track:6HVy24A630Bjg7vlKdPLbs","is_local":false},{"artists":[{"external_urls":{"spotify":"https://open.spotify.com/artist/49ggXUsjVHl7BwwaiPUCn6"},"href":"https://api.spotify.com/v1/artists/49ggXUsjVHl7BwwaiPUCn6","id":"49ggXUsjVHl7BwwaiPUCn6","name":"Juan Duque","type":"artist","uri":"spotify:artist:49ggXUsjVHl7BwwaiPUCn6"}],"available_markets":["AR","AU","AT","BE","BO","BR","BG","CA","CL","CO","CR","CY","CZ","DK","DO","DE","EC","EE","SV","FI","FR","GR","GT","HN","HK","HU","IS","IE","IT","LV","LT","LU","MY","MT","MX","NL","NZ","NI","NO","PA","PY","PE","PH","PL","PT","SG","SK","ES","SE","CH","TW","TR","UY","US","GB","AD","LI","MC","ID","JP","TH","VN","RO","IL","ZA","SA","AE","BH","QA","OM","KW","EG","MA","DZ","TN","LB","JO","PS","IN","KZ","MD","UA","AL","BA","HR","ME","MK","RS","SI","KR","BD","PK","LK","GH","KE","NG","TZ","UG","AG","AM","BS","BB","BZ","BT","BW","BF","CV","CW","DM","FJ","GM","GE","GD","GW","GY","HT","JM","KI","LS","LR","MW","MV","ML","MH","FM","NA","NR","NE","PW","PG","PR","WS","SM","ST","SN","SC","SL","SB","KN","LC","VC","SR","TL","TO","TT","TV","VU","AZ","BN","BI","KH","CM","TD","KM","GQ","SZ","GA","GN","KG","LA","MO","MR","MN","NP","RW","TG","UZ","ZW","BJ","MG","MU","MZ","AO","CI","DJ","ZM","CD","CG","IQ","LY","TJ","VE","ET","XK"],"disc_number":1,"duration_ms":176360,"explicit":false,"external_urls":{"spotify":"https://open.spotify.com/track/13oP6CyWpG7Q6492H8v561"},"href":"https://api.spotify.com/v1/tracks/13oP6CyWpG7Q6492H8v561","id":"13oP6CyWpG7Q6492H8v561","name":"Lejos De Mis Ojos","preview_url":null,"track_number":13,"type":"track","uri":"spotify:track:13oP6CyWpG7Q6492H8v561","is_local":false}]},"copyrights":[{"text":"© 2024 Wawatown, LLC, under exclusive license to Warner Music Latina Inc.","type":"C"},{"text":"℗ 2024 Wawatown, LLC, under exclusive license to Warner Music Latina Inc.","type":"P"}],"external_ids":{"upc":"5021732553867"},"genres":[],"label":"WEA Latina","popularity":55},{"album_type":"album","total_tracks":14,"available_markets":["AR","AU","AT","BE","BO","BR","BG","CA","CL","CO","CR","CY","CZ","DK","DO","DE","EC","EE","SV","FI","FR","GR","GT","HN","HK","HU","IS","IE","IT","LV","LT","LU","MY","MT","MX","NL","NZ","NI","NO","PA","PY","PE","PH","PL","PT","SG","SK","ES","SE","CH","TW","TR","UY","US","GB","AD","LI","MC","ID","JP","TH","VN","RO","IL","ZA","SA","AE","BH","QA","OM","KW","EG","MA","DZ","TN","LB","JO","PS","IN","BY","KZ","MD","UA","AL","BA","HR","ME","MK","RS","SI","KR","BD","PK","LK","GH","KE","NG","TZ","UG","AG","AM","BS","BB","BZ","BT","BW","BF","CV","CW","DM","FJ","GM","GE","GD","GW","GY","HT","JM","KI","LS","LR","MW","MV","ML","MH","FM","NA","NR","NE","PW","PG","PR","WS","SM","ST","SN","SC","SL","SB","KN","LC","VC","SR","TL","TO","TT","TV","VU","AZ","BN","BI","KH","CM","TD","KM","GQ","SZ","GA","GN","KG","LA","MO","MR","MN","NP","RW","TG","UZ","ZW","BJ","MG","MU","MZ","AO","CI","DJ","ZM","CD","CG","IQ","LY","TJ","VE","ET","XK"],"external_urls":{"spotify":"https://open.spotify.com/album/2c4kX5vwi2QnarQQyfXsA1"},"href":"https://api.spotify.com/v1/albums/2c4kX5vwi2QnarQQyfXsA1","id":"2c4kX5vwi2QnarQQyfXsA1","images":[{"url":"https://i.scdn.co/image/ab67616d0000b2738c6d5ab63909ce0b3709fd8a","height":640,"width":640},{"url":"https://i.scdn.co/image/ab67616d00001e028c6d5ab63909ce0b3709fd8a","height":300,"width":300},{"url":"https://i.scdn.co/image/ab67616d000048518c6d5ab63909ce0b3709fd8a","height":64,"width":64}],"name":"Tranki, Todo Pasa","release_date":"2024-11-29","release_date_precision":"day","type":"album","uri":"spotify:album:2c4kX5vwi2QnarQQyfXsA1","artists":[{"external_urls":{"spotify":"https://open.spotify.com/artist/77ziqFxp5gaInVrF2lj4ht"},"href":"https://api.spotify.com/v1/artists/77ziqFxp5gaInVrF2lj4ht","id":"77ziqFxp5gaInVrF2lj4ht","name":"Sech","type":"artist","uri":"spotify:artist:77ziqFxp5gaInVrF2lj4ht"}],"tracks":{"href":"https://api.spotify.com/v1/albums/2c4kX5vwi2QnarQQyfXsA1/tracks?offset=0&limit=50","limit":50,"next":null,"offset":0,"previous":null,"total":14,"items":[{"artists":[{"external_urls":{"spotify":"https://open.spotify.com/artist/77ziqFxp5gaInVrF2lj4ht"},"href":"https://api.spotify.com/v1/artists/77ziqFxp5gaInVrF2lj4ht","id":"77ziqFxp5gaInVrF2lj4ht","name":"Sech","type":"artist","uri":"spotify:artist:77ziqFxp5gaInVrF2lj4ht"}],"available_markets":["AR","AU","AT","BE","BO","BR","BG","CA","CL","CO","CR","CY","CZ","DK","DO","DE","EC","EE","SV","FI","FR","GR","GT","HN","HK","HU","IS","IE","IT","LV","LT","LU","MY","MT","MX","NL","NZ","NI","NO","PA","PY","PE","PH","PL","PT","SG","SK","ES","SE","CH","TW","TR","UY","US","GB","AD","LI","MC","ID","JP","TH","VN","RO","IL","ZA","SA","AE","BH","QA","OM","KW","EG","MA","DZ","TN","LB","JO","PS","IN","BY","KZ","MD","UA","AL","BA","HR","ME","MK","RS","SI","KR","BD","PK","LK","GH","KE","NG","TZ","UG","AG","AM","BS","BB","BZ","BT","BW","BF","CV","CW","DM","FJ","GM","GE","GD","GW","GY","HT","JM","KI","LS","LR","MW","MV","ML","MH","FM","NA","NR","NE","PW","PG","PR","WS","SM","ST","SN","SC","SL","SB","KN","LC","VC","SR","TL","TO","TT","TV","VU","AZ","BN","BI","KH","CM","TD","KM","GQ","SZ","GA","GN","KG","LA","MO","MR","MN","NP","RW","TG","UZ","ZW","BJ","MG","MU","MZ","AO","CI","DJ","ZM","CD","CG","IQ","LY","TJ","VE","ET","XK"],"disc_number":1,"duration_ms":175102,"explicit":true,"external_urls":{"spotify":"https://open.spotify.com/track/2CxgzjYpCAQqeB2J2OPd5H"},"href":"https://api.spotify.com/v1/tracks/2CxgzjYpCAQqeB2J2OPd5H","id":"2CxgzjYpCAQqeB2J2OPd5H","name":"TOY PERDIO","preview_url":null,"track_number":1,"type":"track","uri":"spotify:track:2CxgzjYpCAQqeB2J2OPd5H","is_local":false},{"artists":[{"external_urls":{"spotify":"https://open.spotify.com/artist/77ziqFxp5gaInVrF2lj4ht"},"href":"https://api.spotify.com/v1/artists/77ziqFxp5gaInVrF2lj4ht","id":"77ziqFxp5gaInVrF2lj4ht","name":"Sech","type":"artist","uri":"spotify:artist:77ziqFxp5gaInVrF2lj4ht"}],"available_markets":["AR","AU","AT","BE","BO","BR","BG","CA","CL","CO","CR","CY","CZ","DK","DO","DE","EC","EE","SV","FI","FR","GR","GT","HN","HK","HU","IS","IE","IT","LV","LT","LU","MY","MT","MX","NL","NZ","NI","NO","PA","PY","PE","PH","PL","PT","SG","SK","ES","SE","CH","TW","TR","UY","US","GB","AD","LI","MC","ID","JP","TH","VN","RO","IL","ZA","SA","AE","BH","QA","OM","KW","EG","MA","DZ","TN","LB","JO","PS","IN","BY","KZ","MD","UA","AL","BA","HR","ME","MK","RS","SI","KR","BD","PK","LK","GH","KE","NG","TZ","UG","AG","AM","BS","BB","BZ","BT","BW","BF","CV","CW","DM","FJ","GM","GE","GD","GW","GY","HT","JM","KI","LS","LR","MW","MV","ML","MH","FM","NA","NR","NE","PW","PG","PR","WS","SM","ST","SN","SC","SL","SB","KN","LC","VC","SR","TL","TO","TT","TV","VU","AZ","BN","BI","KH","CM","TD","KM","GQ","SZ","GA","GN","KG","LA","MO","MR","MN","NP","RW","TG","UZ","ZW","BJ","MG","MU","MZ","AO","CI","DJ","ZM","CD","CG","IQ","LY","TJ","VE","ET","XK"],"disc_number":1,"duration_ms":120326,"explicit":true,"external_urls":{"spotify":"https://open.spotify.com/track/3dVna6PoDxtd7QHtXpq2wX"},"href":"https://api.spotify.com/v1/tracks/3dVna6PoDxtd7QHtXpq2wX","id":"3dVna6PoDxtd7QHtXpq2wX","name":"Tarde","preview_url":null,"track_number":2,"type":"track","uri":"spotify:track:3dVna6PoDxtd7QHtXpq2wX","is_local":false},{"artists":[{"external_urls":{"spotify":"https://open.spotify.com/artist/77ziqFxp5gaInVrF2lj4ht"},"href":"https://api.spotify.com/v1/artists/77ziqFxp5gaInVrF2lj4ht","id":"77ziqFxp5gaInVrF2lj4ht","name":"Sech","type":"artist","uri":"spotify:artist:77ziqFxp5gaInVrF2lj4ht"},{"external_urls":{"spotify":"https://open.spotify.com/artist/54seKvtsZauR1iauN0ptpo"},"href":"https://api.spotify.com/v1/artists/54seKvtsZauR1iauN0ptpo","id":"54seKvtsZauR1iauN0ptpo","name":"De La Rose","type":"artist","uri":"spotify:artist:54seKvtsZauR1iauN0ptpo"}],"available_markets":["AR","AU","AT","BE","BO","BR","BG","CA","CL","CO","CR","CY","CZ","DK","DO","DE","EC","EE","SV","FI","FR","GR","GT","HN","HK","HU","IS","IE","IT","LV","LT","LU","MY","MT","MX","NL","NZ","NI","NO","PA","PY","PE","PH","PL","PT","SG","SK","ES","SE","CH","TW","TR","UY","US","GB","AD","LI","MC","ID","JP","TH","VN","RO","IL","ZA","SA","AE","BH","QA","OM","KW","EG","MA","DZ","TN","LB","JO","PS","IN","BY","KZ","MD","UA","AL","BA","HR","ME","MK","RS","SI","KR","BD","PK","LK","GH","KE","NG","TZ","UG","AG","AM","BS","BB","BZ","BT","BW","BF","CV","CW","DM","FJ","GM","GE","GD","GW","GY","HT","JM","KI","LS","LR","MW","MV","ML","MH","FM","NA","NR","NE","PW","PG","PR","WS","SM","ST","SN","SC","SL","SB","KN","LC","VC","SR","TL","TO","TT","TV","VU","AZ","BN","BI","KH","CM","TD","KM","GQ","SZ","GA","GN","KG","LA","MO","MR","MN","NP","RW","TG","UZ","ZW","BJ","MG","MU","MZ","AO","CI","DJ","ZM","CD","CG","IQ","LY","TJ","VE","ET","XK"],"disc_number":1,"duration_ms":222941,"explicit":false,"external_urls":{"spotify":"https://open.spotify.com/track/6Kg5oP7ERvrElz7zuHITAb"},"href":"https://api.spotify.com/v1/tracks/6Kg5oP7ERvrElz7zuHITAb","id":"6Kg5oP7ERvrElz7zuHITAb","name":"Gym Girl","preview_url":null,"track_number":3,"type":"track","uri":"spotify:track:6Kg5oP7ERvrElz7zuHITAb","is_local":false},{"artists":[{"external_urls":{"spotify":"https://open.spotify.com/artist/77ziqFxp5gaInVrF2lj4ht"},"href":"https://api.spotify.com/v1/artists/77ziqFxp5gaInVrF2lj4ht","id":"77ziqFxp5gaInVrF2lj4ht","name":"Sech","type":"artist","uri":"spotify:artist:77ziqFxp5gaInVrF2lj4ht"}],"available_markets":["AR","AU","AT","BE","BO","BR","BG","CA","CL","CO","CR","CY","CZ","DK","DO","DE","EC","EE","SV","FI","FR","GR","GT","HN","HK","HU","IS","IE","IT","LV","LT","LU","MY","MT","MX","NL","NZ","NI","NO","PA","PY","PE","PH","PL","PT","SG","SK","ES","SE","CH","TW","TR","UY","US","GB","AD","LI","MC","ID","JP","TH","VN","RO","IL","ZA","SA","AE","BH","QA","OM","KW","EG","MA","DZ","TN","LB","JO","PS","IN","BY","KZ","MD","UA","AL","BA","HR","ME","MK","RS","SI","KR","BD","PK","LK","GH","KE","NG","TZ","UG","AG","AM","BS","BB","BZ","BT","BW","BF","CV","CW","DM","FJ","GM","GE","GD","GW","GY","HT","JM","KI","LS","LR","MW","MV","ML","MH","FM","NA","NR","NE","PW","PG","PR","WS","SM","ST","SN","SC","SL","SB","KN","LC","VC","SR","TL","TO","TT","TV","VU","AZ","BN","BI","KH","CM","TD","KM","GQ","SZ","GA","GN","KG","LA","MO","MR","MN","NP","RW","TG","UZ","ZW","BJ","MG","MU","MZ","AO","CI","DJ","ZM","CD","CG","IQ","LY","TJ","VE","ET","XK"],"disc_number":1,"duration_ms":187741,"explicit":true,"external_urls":{"spotify":"https://open.spotify.com/track/72vArzlpP73tNgZlQfzxOl"},"href":"https://api.spotify.com/v1/tracks/72vArzlpP73tNgZlQfzxOl","id":"72vArzlpP73tNgZlQfzxOl","name":"Chiste JAJA","preview_url":null,"track_number":4,"type":"track","uri":"spotify:track:72vArzlpP73tNgZlQfzxOl","is_local":false},{"artists":[{"external_urls":{"spotify":"https://open.spotify.com/artist/77ziqFxp5gaInVrF2lj4ht"},"href":"https://api.spotify.com/v1/artists/77ziqFxp5gaInVrF2lj4ht","id":"77ziqFxp5gaInVrF2lj4ht","name":"Sech","type":"artist","uri":"spotify:artist:77ziqFxp5gaInVrF2lj4ht"}],"available_markets":["AR","AU","AT","BE","BO","BR","BG","CA","CL","CO","CR","CY","CZ","DK","DO","DE","EC","EE","SV","FI","FR","GR","GT","HN","HK","HU","IS","IE","IT","LV","LT","LU","MY","MT","MX","NL","NZ","NI","NO","PA","PY","PE","PH","PL","PT","SG","SK","ES","SE","CH","TW","TR","UY","US","GB","AD","LI","MC","ID","JP","TH","VN","RO","IL","ZA","SA","AE","BH","QA","OM","KW","EG","MA","DZ","TN","LB","JO","PS","IN","BY","KZ","MD","UA","AL","BA","HR","ME","MK","RS","SI","KR","BD","PK","LK","GH","KE","NG","TZ","UG","AG","AM","BS","BB","BZ","BT","BW","BF","CV","CW","DM","FJ","GM","GE","GD","GW","GY","HT","JM","KI","LS","LR","MW","MV","ML","MH","FM","NA","NR","NE","PW","PG","PR","WS","SM","ST","SN","SC","SL","SB","KN","LC","VC","SR","TL","TO","TT","TV","VU","AZ","BN","BI","KH","CM","TD","KM","GQ","SZ","GA","GN","KG","LA","MO","MR","MN","NP","RW","TG","UZ","ZW","BJ","MG","MU","MZ","AO","CI","DJ","ZM","CD","CG","IQ","LY","TJ","VE","ET","XK"],"disc_number":1,"duration_ms":185700,"explicit":false,"external_urls":{"spotify":"https://open.spotify.com/track/7LylJimmD7ChDg0TnNybAx"},"href":"https://api.spotify.com/v1/tracks/7LylJimmD7ChDg0TnNybAx","id":"7LylJimmD7ChDg0TnNybAx","name":"Picasso","preview_url":null,"track_number":5,"type":"track","uri":"spotify:track:7LylJimmD7ChDg0TnNybAx","is_local":false},{"artists":[{"external_urls":{"spotify":"https://open.spotify.com/artist/77ziqFxp5gaInVrF2lj4ht"},"href":"https://api.spotify.com/v1/artists/77ziqFxp5gaInVrF2lj4ht","id":"77ziqFxp5gaInVrF2lj4ht","name":"Sech","type":"artist","uri":"spotify:artist:77ziqFxp5gaInVrF2lj4ht"},{"external_urls":{"spotify":"https://open.spotify.com/artist/0zO8yNnw5GQgutcIyXfGBY"},"href":"https://api.spotify.com/v1/artists/0zO8yNnw5GQgutcIyXfGBY","id":"0zO8yNnw5GQgutcIyXfGBY","name":"ELENA ROSE","type":"artist","uri":"spotify:artist:0zO8yNnw5GQgutcIyXfGBY"}],"available_markets":["AR","AU","AT","BE","BO","BR","BG","CA","CL","CO","CR","CY","CZ","DK","DO","DE","EC","EE","SV","FI","FR","GR","GT","HN","HK","HU","IS","IE","IT","LV","LT","LU","MY","MT","MX","NL","NZ","NI","NO","PA","PY","PE","PH","PL","PT","SG","SK","ES","SE","CH","TW","TR","UY","US","GB","AD","LI","MC","ID","JP","TH","VN","RO","IL","ZA","SA","AE","BH","QA","OM","KW","EG","MA","DZ","TN","LB","JO","PS","IN","BY","KZ","MD","UA","AL","BA","HR","ME","MK","RS","SI","KR","BD","PK","LK","GH","KE","NG","TZ","UG","AG","AM","BS","BB","BZ","BT","BW","BF","CV","CW","DM","FJ","GM","GE","GD","GW","GY","HT","JM","KI","LS","LR","MW","MV","ML","MH","FM","NA","NR","NE","PW","PG","PR","WS","SM","ST","SN","SC","SL","SB","KN","LC","VC","SR","TL","TO","TT","TV","VU","AZ","BN","BI","KH","CM","TD","KM","GQ","SZ","GA","GN","KG","LA","MO","MR","MN","NP","RW","TG","UZ","ZW","BJ","MG","MU","MZ","AO","CI","DJ","ZM","CD","CG","IQ","LY","TJ","VE","ET","XK"],"disc_number":1,"duration_ms":202977,"explicit":false,"external_urls":{"spotify":"https://open.spotify.com/track/2Zf8S5NZLaSdg45naNO1sP"},"href":"https://api.spotify.com/v1/tracks/2Zf8S5NZLaSdg45naNO1sP","id":"2Zf8S5NZLaSdg45naNO1sP","name":"1-0","preview_url":null,"track_number":6,"type":"track","uri":"spotify:track:2Zf8S5NZLaSdg45naNO1sP","is_local":false},{"artists":[{"external_urls":{"spotify":"https://open.spotify.com/artist/77ziqFxp5gaInVrF2lj4ht"},"href":"https://api.spotify.com/v1/artists/77ziqFxp5gaInVrF2lj4ht","id":"77ziqFxp5gaInVrF2lj4ht","name":"Sech","type":"artist","uri":"spotify:artist:77ziqFxp5gaInVrF2lj4ht"}],"available_markets":["AR","AU","AT","BE","BO","BR","BG","CA","CL","CO","CR","CY","CZ","DK","DO","DE","EC","EE","SV","FI","FR","GR","GT","HN","HK","HU","IS","IE","IT","LV","LT","LU","MY","MT","MX","NL","NZ","NI","NO","PA","PY","PE","PH","PL","PT","SG","SK","ES","SE","CH","TW","TR","UY","US","GB","AD","LI","MC","ID","JP","TH","VN","RO","IL","ZA","SA","AE","BH","QA","OM","KW","EG","MA","DZ","TN","LB","JO","PS","IN","BY","KZ","MD","UA","AL","BA","HR","ME","MK","RS","SI","KR","BD","PK","LK","GH","KE","NG","TZ","UG","AG","AM","BS","BB","BZ","BT","BW","BF","CV","CW","DM","FJ","GM","GE","GD","GW","GY","HT","JM","KI","LS","LR","MW","MV","ML","MH","FM","NA","NR","NE","PW","PG","PR","WS","SM","ST","SN","SC","SL","SB","KN","LC","VC","SR","TL","TO","TT","TV","VU","AZ","BN","BI","KH","CM","TD","KM","GQ","SZ","GA","GN","KG","LA","MO","MR","MN","NP","RW","TG","UZ","ZW","BJ","MG","MU","MZ","AO","CI","DJ","ZM","CD","CG","IQ","LY","TJ","VE","ET","XK"],"disc_number":1,"duration_ms":202199,"explicit":false,"external_urls":{"spotify":"https://open.spotify.com/track/3NsWqQ3AKc4wTlhd1KG67C"},"href":"https://api.spotify.com/v1/tracks/3NsWqQ3AKc4wTlhd1KG67C","id":"3NsWqQ3AKc4wTlhd1KG67C","name":"Me Quedé Off","preview_url":null,"track_number":7,"type":"track","uri":"spotify:track:3NsWqQ3AKc4wTlhd1KG67C","is_local":false},{"artists":[{"external_urls":{"spotify":"https://open.spotify.com/artist/77ziqFxp5gaInVrF2lj4ht"},"href":"https://api.spotify.com/v1/artists/77ziqFxp5gaInVrF2lj4ht","id":"77ziqFxp5gaInVrF2lj4ht","name":"Sech","type":"artist","uri":"spotify:artist:77ziqFxp5gaInVrF2lj4ht"}],"available_markets":["AR","AU","AT","BE","BO","BR","BG","CA","CL","CO","CR","CY","CZ","DK","DO","DE","EC","EE","SV","FI","FR","GR","GT","HN","HK","HU","IS","IE","IT","LV","LT","LU","MY","MT","MX","NL","NZ","NI","NO","PA","PY","PE","PH","PL","PT","SG","SK","ES","SE","CH","TW","TR","UY","US","GB","AD","LI","MC","ID","JP","TH","VN","RO","IL","ZA","SA","AE","BH","QA","OM","KW","EG","MA","DZ","TN","LB","JO","PS","IN","BY","KZ","MD","UA","AL","BA","HR","ME","MK","RS","SI","KR","BD","PK","LK","GH","KE","NG","TZ","UG","AG","AM","BS","BB","BZ","BT","BW","BF","CV","CW","DM","FJ","GM","GE","GD","GW","GY","HT","JM","KI","LS","LR","MW","MV","ML","MH","FM","NA","NR","NE","PW","PG","PR","WS","SM","ST","SN","SC","SL","SB","KN","LC","VC","SR","TL","TO","TT","TV","VU","AZ","BN","BI","KH","CM","TD","KM","GQ","SZ","GA","GN","KG","LA","MO","MR","MN","NP","RW","TG","UZ","ZW","BJ","MG","MU","MZ","AO","CI","DJ","ZM","CD","CG","IQ","LY","TJ","VE","ET","XK"],"disc_number":1,"duration_ms":76000,"explicit":false,"external_urls":{"spotify":"https://open.spotify.com/track/4b4prCN3W9eLtsYio6qQLY"},"href":"https://api.spotify.com/v1/tracks/4b4prCN3W9eLtsYio6qQLY","id":"4b4prCN3W9eLtsYio6qQLY","name":"Tranki, Todo Pasa Interlude","preview_url":null,"track_number":8,"type":"track","uri":"spotify:track:4b4prCN3W9eLtsYio6qQLY","is_local":false},{"artists":[{"external_urls":{"spotify":"https://open.spotify.com/artist/77ziqFxp5gaInVrF2lj4ht"},"href":"https://api.spotify.com/v1/artists/77ziqFxp5gaInVrF2lj4ht","id":"77ziqFxp5gaInVrF2lj4ht","name":"Sech","type":"artist","uri":"spotify:artist:77ziqFxp5gaInVrF2lj4ht"},{"external_urls":{"spotify":"https://open.spotify.com/artist/7a0XAaPaK2aDSqa8p3QnC7"},"href":"https://api.spotify.com/v1/artists/7a0XAaPaK2aDSqa8p3QnC7","id":"7a0XAaPaK2aDSqa8p3QnC7","name":"Beéle","type":"artist","uri":"spotify:artist:7a0XAaPaK2aDSqa8p3QnC7"}],"available_markets":["AR","AU","AT","BE","BO","BR","BG","CA","CL","CO","CR","CY","CZ","DK","DO","DE","EC","EE","SV","FI","FR","GR","GT","HN","HK","HU","IS","IE","IT","LV","LT","LU","MY","MT","MX","NL","NZ","NI","NO","PA","PY","PE","PH","PL","PT","SG","SK","ES","SE","CH","TW","TR","UY","US","GB","AD","LI","MC","ID","JP","TH","VN","RO","IL","ZA","SA","AE","BH","QA","OM","KW","EG","MA","DZ","TN","LB","JO","PS","IN","BY","KZ","MD","UA","AL","BA","HR","ME","MK","RS","SI","KR","BD","PK","LK","GH","KE","NG","TZ","UG","AG","AM","BS","BB","BZ","BT","BW","BF","CV","CW","DM","FJ","GM","GE","GD","GW","GY","HT","JM","KI","LS","LR","MW","MV","ML","MH","FM","NA","NR","NE","PW","PG","PR","WS","SM","ST","SN","SC","SL","SB","KN","LC","VC","SR","TL","TO","TT","TV","VU","AZ","BN","BI","KH","CM","TD","KM","GQ","SZ","GA","GN","KG","LA","MO","MR","MN","NP","RW","TG","UZ","ZW","BJ","MG","MU","MZ","AO","CI","DJ","ZM","CD","CG","IQ","LY","TJ","VE","ET","XK"],"disc_number":1,"duration_ms":195903,"explicit":false,"external_urls":{"spotify":"https://open.spotify.com/track/6beUeiXO8rabGQ6Qv9vWsD"},"href":"https://api.spotify.com/v1/tracks/6beUeiXO8rabGQ6Qv9vWsD","id":"6beUeiXO8rabGQ6Qv9vWsD","name":"Tus Labios - Remix","preview_url":null,"track_number":9,"type":"track","uri":"spotify:track:6beUeiXO8rabGQ6Qv9vWsD","is_local":false},{"artists":[{"external_urls":{"spotify":"https://open.spotify.com/artist/77ziqFxp5gaInVrF2lj4ht"},"href":"https://api.spotify.com/v1/artists/77ziqFxp5gaInVrF2lj4ht","id":"77ziqFxp5gaInVrF2lj4ht","name":"Sech","type":"artist","uri":"spotify:artist:77ziqFxp5gaInVrF2lj4ht"}],"available_markets":["AR","AU","AT","BE","BO","BR","BG","CA","CL","CO","CR","CY","CZ","DK","DO","DE","EC","EE","SV","FI","FR","GR","GT","HN","HK","HU","IS","IE","IT","LV","LT","LU","MY","MT","MX","NL","NZ","NI","NO","PA","PY","PE","PH","PL","PT","SG","SK","ES","SE","CH","TW","TR","UY","US","GB","AD","LI","MC","ID","JP","TH","VN","RO","IL","ZA","SA","AE","BH","QA","OM","KW","EG","MA","DZ","TN","LB","JO","PS","IN","BY","KZ","MD","UA","AL","BA","HR","ME","MK","RS","SI","KR","BD","PK","LK","GH","KE","NG","TZ","UG","AG","AM","BS","BB","BZ","BT","BW","BF","CV","CW","DM","FJ","GM","GE","GD","GW","GY","HT","JM","KI","LS","LR","MW","MV","ML","MH","FM","NA","NR","NE","PW","PG","PR","WS","SM","ST","SN","SC","SL","SB","KN","LC","VC","SR","TL","TO","TT","TV","VU","AZ","BN","BI","KH","CM","TD","KM","GQ","SZ","GA","GN","KG","LA","MO","MR","MN","NP","RW","TG","UZ","ZW","BJ","MG","MU","MZ","AO","CI","DJ","ZM","CD","CG","IQ","LY","TJ","VE","ET","XK"],"disc_number":1,"duration_ms":154421,"explicit":false,"external_urls":{"spotify":"https://open.spotify.com/track/2hKZlaSnEmIt5ZRDVMBm9X"},"href":"https://api.spotify.com/v1/tracks/2hKZlaSnEmIt5ZRDVMBm9X","id":"2hKZlaSnEmIt5ZRDVMBm9X","name":"Aquí Pensando","preview_url":null,"track_number":10,"type":"track","uri":"spotify:track:2hKZlaSnEmIt5ZRDVMBm9X","is_local":false},{"artists":[{"external_urls":{"spotify":"https://open.spotify.com/artist/77ziqFxp5gaInVrF2lj4ht"},"href":"https://api.spotify.com/v1/artists/77ziqFxp5gaInVrF2lj4ht","id":"77ziqFxp5gaInVrF2lj4ht","name":"Sech","type":"artist","uri":"spotify:artist:77ziqFxp5gaInVrF2lj4ht"}],"available_markets":["AR","AU","AT","BE","BO","BR","BG","CA","CL","CO","CR","CY","CZ","DK","DO","DE","EC","EE","SV","FI","FR","GR","GT","HN","HK","HU","IS","IE","IT","LV","LT","LU","MY","MT","MX","NL","NZ","NI","NO","PA","PY","PE","PH","PL","PT","SG","SK","ES","SE","CH","TW","TR","UY","US","GB","AD","LI","MC","ID","JP","TH","VN","RO","IL","ZA","SA","AE","BH","QA","OM","KW","EG","MA","DZ","TN","LB","JO","PS","IN","BY","KZ","MD","UA","AL","BA","HR","ME","MK","RS","SI","KR","BD","PK","LK","GH","KE","NG","TZ","UG","AG","AM","BS","BB","BZ","BT","BW","BF","CV","CW","DM","FJ","GM","GE","GD","GW","GY","HT","JM","KI","LS","LR","MW","MV","ML","MH","FM","NA","NR","NE","PW","PG","PR","WS","SM","ST","SN","SC","SL","SB","KN","LC","VC","SR","TL","TO","TT","TV","VU","AZ","BN","BI","KH","CM","TD","KM","GQ","SZ","GA","GN","KG","LA","MO","MR","MN","NP","RW","TG","UZ","ZW","BJ","MG","MU","MZ","AO","CI","DJ","ZM","CD","CG","IQ","LY","TJ","VE","ET","XK"],"disc_number":1,"duration_ms":176470,"explicit":false,"external_urls":{"spotify":"https://open.spotify.com/track/5UuecYyCOdXr53It6Qsn3W"},"href":"https://api.spotify.com/v1/tracks/5UuecYyCOdXr53It6Qsn3W","id":"5UuecYyCOdXr53It6Qsn3W","name":"Deli Gourmet","preview_url":null,"track_number":11,"type":"track","uri":"spotify:track:5UuecYyCOdXr53It6Qsn3W","is_local":false},{"artists":[{"external_urls":{"spotify":"https://open.spotify.com/artist/77ziqFxp5gaInVrF2lj4ht"},"href":"https://api.spotify.com/v1/artists/77ziqFxp5gaInVrF2lj4ht","id":"77ziqFxp5gaInVrF2lj4ht","name":"Sech","type":"artist","uri":"spotify:artist:77ziqFxp5gaInVrF2lj4ht"}],"available_markets":["AR","AU","AT","BE","BO","BR","BG","CA","CL","CO","CR","CY","CZ","DK","DO","DE","EC","EE","SV","FI","FR","GR","GT","HN","HK","HU","IS","IE","IT","LV","LT","LU","MY","MT","MX","NL","NZ","NI","NO","PA","PY","PE","PH","PL","PT","SG","SK","ES","SE","CH","TW","TR","UY","US","GB","AD","LI","MC","ID","JP","TH","VN","RO","IL","ZA","SA","AE","BH","QA","OM","KW","EG","MA","DZ","TN","LB","JO","PS","IN","BY","KZ","MD","UA","AL","BA","HR","ME","MK","RS","SI","KR","BD","PK","LK","GH","KE","NG","TZ","UG","AG","AM","BS","BB","BZ","BT","BW","BF","CV","CW","DM","FJ","GM","GE","GD","GW","GY","HT","JM","KI","LS","LR","MW","MV","ML","MH","FM","NA","NR","NE","PW","PG","PR","WS","SM","ST","SN","SC","SL","SB","KN","LC","VC","SR","TL","TO","TT","TV","VU","AZ","BN","BI","KH","CM","TD","KM","GQ","SZ","GA","GN","KG","LA","MO","MR","MN","NP","RW","TG","UZ","ZW","BJ","MG","MU","MZ","AO","CI","DJ","ZM","CD","CG","IQ","LY","TJ","VE","ET","XK"],"disc_number":1,"duration_ms":139175,"explicit":true,"external_urls":{"spotify":"https://open.spotify.com/track/51rXeNq2IkyYTGqDJZDJZD"},"href":"https://api.spotify.com/v1/tracks/51rXeNq2IkyYTGqDJZDJZD","id":"51rXeNq2IkyYTGqDJZDJZD","name":"Te Lo Hundo","preview_url":null,"track_number":12,"type":"track","uri":"spotify:track:51rXeNq2IkyYTGqDJZDJZD","is_local":false},{"artists":[{"external_urls":{"spotify":"https://open.spotify.com/artist/77ziqFxp5gaInVrF2lj4ht"},"href":"https://api.spotify.com/v1/artists/77ziqFxp5gaInVrF2lj4ht","id":"77ziqFxp5gaInVrF2lj4ht","name":"Sech","type":"artist","uri":"spotify:artist:77ziqFxp5gaInVrF2lj4ht"}],"available_markets":["AR","AU","AT","BE","BO","BR","BG","CA","CL","CO","CR","CY","CZ","DK","DO","DE","EC","EE","SV","FI","FR","GR","GT","HN","HK","HU","IS","IE","IT","LV","LT","LU","MY","MT","MX","NL","NZ","NI","NO","PA","PY","PE","PH","PL","PT","SG","SK","ES","SE","CH","TW","TR","UY","US","GB","AD","LI","MC","ID","JP","TH","VN","RO","IL","ZA","SA","AE","BH","QA","OM","KW","EG","MA","DZ","TN","LB","JO","PS","IN","BY","KZ","MD","UA","AL","BA","HR","ME","MK","RS","SI","KR","BD","PK","LK","GH","KE","NG","TZ","UG","AG","AM","BS","BB","BZ","BT","BW","BF","CV","CW","DM","FJ","GM","GE","GD","GW","GY","HT","JM","KI","LS","LR","MW","MV","ML","MH","FM","NA","NR","NE","PW","PG","PR","WS","SM","ST","SN","SC","SL","SB","KN","LC","VC","SR","TL","TO","TT","TV","VU","AZ","BN","BI","KH","CM","TD","KM","GQ","SZ","GA","GN","KG","LA","MO","MR","MN","NP","RW","TG","UZ","ZW","BJ","MG","MU","MZ","AO","CI","DJ","ZM","CD","CG","IQ","LY","TJ","VE","ET","XK"],"disc_number":1,"duration_ms":163977,"explicit":true,"external_urls":{"spotify":"https://open.spotify.com/track/1eHFVRrev2LJ75Q8hCvwNE"},"href":"https://api.spotify.com/v1/tracks/1eHFVRrev2LJ75Q8hCvwNE","id":"1eHFVRrev2LJ75Q8hCvwNE","name":"X Tu Culpa","preview_url":null,"track_number":13,"type":"track","uri":"spotify:track:1eHFVRrev2LJ75Q8hCvwNE","is_local":false},{"artists":[{"external_urls":{"spotify":"https://open.spotify.com/artist/77ziqFxp5gaInVrF2lj4ht"},"href":"https://api.spotify.com/v1/artists/77ziqFxp5gaInVrF2lj4ht","id":"77ziqFxp5gaInVrF2lj4ht","name":"Sech","type":"artist","uri":"spotify:artist:77ziqFxp5gaInVrF2lj4ht"},{"external_urls":{"spotify":"https://open.spotify.com/artist/3hJDFvn5at14nstUHxTvaV"},"href":"https://api.spotify.com/v1/artists/3hJDFvn5at14nstUHxTvaV","id":"3hJDFvn5at14nstUHxTvaV","name":"T.Y.S","type":"artist","uri":"spotify:artist:3hJDFvn5at14nstUHxTvaV"}],"available_markets":["AR","AU","AT","BE","BO","BR","BG","CA","CL","CO","CR","CY","CZ","DK","DO","DE","EC","EE","SV","FI","FR","GR","GT","HN","HK","HU","IS","IE","IT","LV","LT","LU","MY","MT","MX","NL","NZ","NI","NO","PA","PY","PE","PH","PL","PT","SG","SK","ES","SE","CH","TW","TR","UY","US","GB","AD","LI","MC","ID","JP","TH","VN","RO","IL","ZA","SA","AE","BH","QA","OM","KW","EG","MA","DZ","TN","LB","JO","PS","IN","BY","KZ","MD","UA","AL","BA","HR","ME","MK","RS","SI","KR","BD","PK","LK","GH","KE","NG","TZ","UG","AG","AM","BS","BB","BZ","BT","BW","BF","CV","CW","DM","FJ","GM","GE","GD","GW","GY","HT","JM","KI","LS","LR","MW","MV","ML","MH","FM","NA","NR","NE","PW","PG","PR","WS","SM","ST","SN","SC","SL","SB","KN","LC","VC","SR","TL","TO","TT","TV","VU","AZ","BN","BI","KH","CM","TD","KM","GQ","SZ","GA","GN","KG","LA","MO","MR","MN","NP","RW","TG","UZ","ZW","BJ","MG","MU","MZ","AO","CI","DJ","ZM","CD","CG","IQ","LY","TJ","VE","ET","XK"],"disc_number":1,"duration_ms":226027,"explicit":false,"external_urls":{"spotify":"https://open.spotify.com/track/7AmMDKEnpyewp8Q6c0vw3R"},"href":"https://api.spotify.com/v1/tracks/7AmMDKEnpyewp8Q6c0vw3R","id":"7AmMDKEnpyewp8Q6c0vw3R","name":"Casa De Mami","preview_url":null,"track_number":14,"type":"track","uri":"spotify:track:7AmMDKEnpyewp8Q6c0vw3R","is_local":false}]},"copyrights":[{"text":"(C) 2024 Rimas Entertainment LLC.","type":"C"},{"text":"(P) 2024 Rimas Entertainment LLC.","type":"P"}],"external_ids":{"upc":"198846716572"},"genres":[],"label":"Rimas Entertainment LLC.","popularity":64},{"album_type":"album","total_tracks":12,"available_markets":["AR","AU","AT","BE","BO","BR","BG","CA","CL","CO","CR","CY","CZ","DK","DO","DE","EC","EE","SV","FI","FR","GR","GT","HN","HK","HU","IS","IE","IT","LV","LT","LU","MY","MT","MX","NL","NZ","NI","NO","PA","PY","PE","PH","PL","PT","SG","SK","ES","SE","CH","TW","TR","UY","US","GB","AD","LI","MC","ID","JP","TH","VN","RO","IL","ZA","SA","AE","BH","QA","OM","KW","EG","MA","DZ","TN","LB","JO","PS","IN","BY","KZ","MD","UA","AL","BA","HR","ME","MK","RS","SI","KR","BD","PK","LK","GH","KE","NG","TZ","UG","AG","AM","BS","BB","BZ","BT","BW","BF","CV","CW","DM","FJ","GM","GE","GD","GW","GY","HT","JM","KI","LS","LR","MW","MV","ML","MH","FM","NA","NR","NE","PW","PG","PR","WS","SM","ST","SN","SC","SL","SB","KN","LC","VC","SR","TL","TO","TT","TV","VU","AZ","BN","BI","KH","CM","TD","KM","GQ","SZ","GA","GN","KG","LA","MO","MR","MN","NP","RW","TG","UZ","ZW","BJ","MG","MU","MZ","AO","CI","DJ","ZM","CD","CG","IQ","LY","TJ","VE","ET","XK"],"external_urls":{"spotify":"https://open.spotify.com/album/3w4tn0BuFHNjiqGMevGaz9"},"href":"https://api.spotify.com/v1/albums/3w4tn0BuFHNjiqGMevGaz9","id":"3w4tn0BuFHNjiqGMevGaz9","images":[{"url":"https://i.scdn.co/image/ab67616d0000b273559e7ec9717cdc94a218e08d","height":640,"width":640},{"url":"https://i.scdn.co/image/ab67616d00001e02559e7ec9717cdc94a218e08d","height":300,"width":300},{"url":"https://i.scdn.co/image/ab67616d00004851559e7ec9717cdc94a218e08d","height":64,"width":64}],"name":"201","release_date":"2024-11-22","release_date_precision":"day","type":"album","uri":"spotify:album:3w4tn0BuFHNjiqGMevGaz9","artists":[{"external_urls":{"spotify":"https://open.spotify.com/artist/0tmwSHipWxN12fsoLcFU3B"},"href":"https://api.spotify.com/v1/artists/0tmwSHipWxN12fsoLcFU3B","id":"0tmwSHipWxN12fsoLcFU3B","name":"Manuel Turizo","type":"artist","uri":"spotify:artist:0tmwSHipWxN12fsoLcFU3B"}],"tracks":{"href":"https://api.spotify.com/v1/albums/3w4tn0BuFHNjiqGMevGaz9/tracks?offset=0&limit=50","limit":50,"next":null,"offset":0,"previous":null,"total":12,"items":[{"artists":[{"external_urls":{"spotify":"https://open.spotify.com/artist/0tmwSHipWxN12fsoLcFU3B"},"href":"https://api.spotify.com/v1/artists/0tmwSHipWxN12fsoLcFU3B","id":"0tmwSHipWxN12fsoLcFU3B","name":"Manuel Turizo","type":"artist","uri":"spotify:artist:0tmwSHipWxN12fsoLcFU3B"},{"external_urls":{"spotify":"https://open.spotify.com/artist/3UTF2no3muGdiFXVujl94i"},"href":"https://api.spotify.com/v1/artists/3UTF2no3muGdiFXVujl94i","id":"3UTF2no3muGdiFXVujl94i","name":"Kapo","type":"artist","uri":"spotify:artist:3UTF2no3muGdiFXVujl94i"}],"available_markets":["AR","AU","AT","BE","BO","BR","BG","CA","CL","CO","CR","CY","CZ","DK","DO","DE","EC","EE","SV","FI","FR","GR","GT","HN","HK","HU","IS","IE","IT","LV","LT","LU","MY","MT","MX","NL","NZ","NI","NO","PA","PY","PE","PH","PL","PT","SG","SK","ES","SE","CH","TW","TR","UY","US","GB","AD","LI","MC","ID","JP","TH","VN","RO","IL","ZA","SA","AE","BH","QA","OM","KW","EG","MA","DZ","TN","LB","JO","PS","IN","BY","KZ","MD","UA","AL","BA","HR","ME","MK","RS","SI","KR","BD","PK","LK","GH","KE","NG","TZ","UG","AG","AM","BS","BB","BZ","BT","BW","BF","CV","CW","DM","FJ","GM","GE","GD","GW","GY","HT","JM","KI","LS","LR","MW","MV","ML","MH","FM","NA","NR","NE","PW","PG","PR","WS","SM","ST","SN","SC","SL","SB","KN","LC","VC","SR","TL","TO","TT","TV","VU","AZ","BN","BI","KH","CM","TD","KM","GQ","SZ","GA","GN","KG","LA","MO","MR","MN","NP","RW","TG","UZ","ZW","BJ","MG","MU","MZ","AO","CI","DJ","ZM","CD","CG","IQ","LY","TJ","VE","ET","XK"],"disc_number":1,"duration_ms":230080,"explicit":false,"external_urls":{"spotify":"https://open.spotify.com/track/25CfEf59PmRAhV18oZRMNr"},"href":"https://api.spotify.com/v1/tracks/25CfEf59PmRAhV18oZRMNr","id":"25CfEf59PmRAhV18oZRMNr","name":"Qué Pecao","preview_url":null,"track_number":1,"type":"track","uri":"spotify:track:25CfEf59PmRAhV18oZRMNr","is_local":false},{"artists":[{"external_urls":{"spotify":"https://open.spotify.com/artist/0tmwSHipWxN12fsoLcFU3B"},"href":"https://api.spotify.com/v1/artists/0tmwSHipWxN12fsoLcFU3B","id":"0tmwSHipWxN12fsoLcFU3B","name":"Manuel Turizo","type":"artist","uri":"spotify:artist:0tmwSHipWxN12fsoLcFU3B"}],"available_markets":["AR","AU","AT","BE","BO","BR","BG","CA","CL","CO","CR","CY","CZ","DK","DO","DE","EC","EE","SV","FI","FR","GR","GT","HN","HK","HU","IS","IE","IT","LV","LT","LU","MY","MT","MX","NL","NZ","NI","NO","PA","PY","PE","PH","PL","PT","SG","SK","ES","SE","CH","TW","TR","UY","US","GB","AD","LI","MC","ID","JP","TH","VN","RO","IL","ZA","SA","AE","BH","QA","OM","KW","EG","MA","DZ","TN","LB","JO","PS","IN","BY","KZ","MD","UA","AL","BA","HR","ME","MK","RS","SI","KR","BD","PK","LK","GH","KE","NG","TZ","UG","AG","AM","BS","BB","BZ","BT","BW","BF","CV","CW","DM","FJ","GM","GE","GD","GW","GY","HT","JM","KI","LS","LR","MW","MV","ML","MH","FM","NA","NR","NE","PW","PG","PR","WS","SM","ST","SN","SC","SL","SB","KN","LC","VC","SR","TL","TO","TT","TV","VU","AZ","BN","BI","KH","CM","TD","KM","GQ","SZ","GA","GN","KG","LA","MO","MR","MN","NP","RW","TG","UZ","ZW","BJ","MG","MU","MZ","AO","CI","DJ","ZM","CD","CG","IQ","LY","TJ","VE","ET","XK"],"disc_number":1,"duration_ms":185440,"explicit":false,"external_urls":{"spotify":"https://open.spotify.com/track/6e0EEqNDhwPcP8yl2BZ8tA"},"href":"https://api.spotify.com/v1/tracks/6e0EEqNDhwPcP8yl2BZ8tA","id":"6e0EEqNDhwPcP8yl2BZ8tA","name":"Sigueme Besando Asi","preview_url":null,"track_number":2,"type":"track","uri":"spotify:track:6e0EEqNDhwPcP8yl2BZ8tA","is_local":false},{"artists":[{"external_urls":{"spotify":"https://open.spotify.com/artist/0tmwSHipWxN12fsoLcFU3B"},"href":"https://api.spotify.com/v1/artists/0tmwSHipWxN12fsoLcFU3B","id":"0tmwSHipWxN12fsoLcFU3B","name":"Manuel Turizo","type":"artist","uri":"spotify:artist:0tmwSHipWxN12fsoLcFU3B"}],"available_markets":["AR","AU","AT","BE","BO","BR","BG","CA","CL","CO","CR","CY","CZ","DK","DO","DE","EC","EE","SV","FI","FR","GR","GT","HN","HK","HU","IS","IE","IT","LV","LT","LU","MY","MT","MX","NL","NZ","NI","NO","PA","PY","PE","PH","PL","PT","SG","SK","ES","SE","CH","TW","TR","UY","US","GB","AD","LI","MC","ID","JP","TH","VN","RO","IL","ZA","SA","AE","BH","QA","OM","KW","EG","MA","DZ","TN","LB","JO","PS","IN","BY","KZ","MD","UA","AL","BA","HR","ME","MK","RS","SI","KR","BD","PK","LK","GH","KE","NG","TZ","UG","AG","AM","BS","BB","BZ","BT","BW","BF","CV","CW","DM","FJ","GM","GE","GD","GW","GY","HT","JM","KI","LS","LR","MW","MV","ML","MH","FM","NA","NR","NE","PW","PG","PR","WS","SM","ST","SN","SC","SL","SB","KN","LC","VC","SR","TL","TO","TT","TV","VU","AZ","BN","BI","KH","CM","TD","KM","GQ","SZ","GA","GN","KG","LA","MO","MR","MN","NP","RW","TG","UZ","ZW","BJ","MG","MU","MZ","AO","CI","DJ","ZM","CD","CG","IQ","LY","TJ","VE","ET","XK"],"disc_number":1,"duration_ms":149106,"explicit":false,"external_urls":{"spotify":"https://open.spotify.com/track/3fHOgRvHga05gjeFOzFjSR"},"href":"https://api.spotify.com/v1/tracks/3fHOgRvHga05gjeFOzFjSR","id":"3fHOgRvHga05gjeFOzFjSR","name":"A Nombre Tuyo","preview_url":null,"track_number":3,"type":"track","uri":"spotify:track:3fHOgRvHga05gjeFOzFjSR","is_local":false},{"artists":[{"external_urls":{"spotify":"https://open.spotify.com/artist/0tmwSHipWxN12fsoLcFU3B"},"href":"https://api.spotify.com/v1/artists/0tmwSHipWxN12fsoLcFU3B","id":"0tmwSHipWxN12fsoLcFU3B","name":"Manuel Turizo","type":"artist","uri":"spotify:artist:0tmwSHipWxN12fsoLcFU3B"},{"external_urls":{"spotify":"https://open.spotify.com/artist/0w8jfjckFjwtKLRkX9NT2K"},"href":"https://api.spotify.com/v1/artists/0w8jfjckFjwtKLRkX9NT2K","id":"0w8jfjckFjwtKLRkX9NT2K","name":"Elder Dayán Díaz","type":"artist","uri":"spotify:artist:0w8jfjckFjwtKLRkX9NT2K"}],"available_markets":["AR","AU","AT","BE","BO","BR","BG","CA","CL","CO","CR","CY","CZ","DK","DO","DE","EC","EE","SV","FI","FR","GR","GT","HN","HK","HU","IS","IE","IT","LV","LT","LU","MY","MT","MX","NL","NZ","NI","NO","PA","PY","PE","PH","PL","PT","SG","SK","ES","SE","CH","TW","TR","UY","US","GB","AD","LI","MC","ID","JP","TH","VN","RO","IL","ZA","SA","AE","BH","QA","OM","KW","EG","MA","DZ","TN","LB","JO","PS","IN","BY","KZ","MD","UA","AL","BA","HR","ME","MK","RS","SI","KR","BD","PK","LK","GH","KE","NG","TZ","UG","AG","AM","BS","BB","BZ","BT","BW","BF","CV","CW","DM","FJ","GM","GE","GD","GW","GY","HT","JM","KI","LS","LR","MW","MV","ML","MH","FM","NA","NR","NE","PW","PG","PR","WS","SM","ST","SN","SC","SL","SB","KN","LC","VC","SR","TL","TO","TT","TV","VU","AZ","BN","BI","KH","CM","TD","KM","GQ","SZ","GA","GN","KG","LA","MO","MR","MN","NP","RW","TG","UZ","ZW","BJ","MG","MU","MZ","AO","CI","DJ","ZM","CD","CG","IQ","LY","TJ","VE","ET","XK"],"disc_number":1,"duration_ms":212133,"explicit":false,"external_urls":{"spotify":"https://open.spotify.com/track/4a9w0rH1JIA60WerRwLNUo"},"href":"https://api.spotify.com/v1/tracks/4a9w0rH1JIA60WerRwLNUo","id":"4a9w0rH1JIA60WerRwLNUo","name":"La Ex de mi Amigo","preview_url":null,"track_number":4,"type":"track","uri":"spotify:track:4a9w0rH1JIA60WerRwLNUo","is_local":false},{"artists":[{"external_urls":{"spotify":"https://open.spotify.com/artist/0tmwSHipWxN12fsoLcFU3B"},"href":"https://api.spotify.com/v1/artists/0tmwSHipWxN12fsoLcFU3B","id":"0tmwSHipWxN12fsoLcFU3B","name":"Manuel Turizo","type":"artist","uri":"spotify:artist:0tmwSHipWxN12fsoLcFU3B"}],"available_markets":["AR","AU","AT","BE","BO","BR","BG","CA","CL","CO","CR","CY","CZ","DK","DO","DE","EC","EE","SV","FI","FR","GR","GT","HN","HK","HU","IS","IE","IT","LV","LT","LU","MY","MT","MX","NL","NZ","NI","NO","PA","PY","PE","PH","PL","PT","SG","SK","ES","SE","CH","TW","TR","UY","US","GB","AD","LI","MC","ID","JP","TH","VN","RO","IL","ZA","SA","AE","BH","QA","OM","KW","EG","MA","DZ","TN","LB","JO","PS","IN","BY","KZ","MD","UA","AL","BA","HR","ME","MK","RS","SI","KR","BD","PK","LK","GH","KE","NG","TZ","UG","AG","AM","BS","BB","BZ","BT","BW","BF","CV","CW","DM","FJ","GM","GE","GD","GW","GY","HT","JM","KI","LS","LR","MW","MV","ML","MH","FM","NA","NR","NE","PW","PG","PR","WS","SM","ST","SN","SC","SL","SB","KN","LC","VC","SR","TL","TO","TT","TV","VU","AZ","BN","BI","KH","CM","TD","KM","GQ","SZ","GA","GN","KG","LA","MO","MR","MN","NP","RW","TG","UZ","ZW","BJ","MG","MU","MZ","AO","CI","DJ","ZM","CD","CG","IQ","LY","TJ","VE","ET","XK"],"disc_number":1,"duration_ms":132706,"explicit":false,"external_urls":{"spotify":"https://open.spotify.com/track/69W5sODsjVUsUh2ZrilYML"},"href":"https://api.spotify.com/v1/tracks/69W5sODsjVUsUh2ZrilYML","id":"69W5sODsjVUsUh2ZrilYML","name":"Plata Pa Gastar","preview_url":null,"track_number":5,"type":"track","uri":"spotify:track:69W5sODsjVUsUh2ZrilYML","is_local":false},{"artists":[{"external_urls":{"spotify":"https://open.spotify.com/artist/0tmwSHipWxN12fsoLcFU3B"},"href":"https://api.spotify.com/v1/artists/0tmwSHipWxN12fsoLcFU3B","id":"0tmwSHipWxN12fsoLcFU3B","name":"Manuel Turizo","type":"artist","uri":"spotify:artist:0tmwSHipWxN12fsoLcFU3B"}],"available_markets":["AR","AU","AT","BE","BO","BR","BG","CA","CL","CO","CR","CY","CZ","DK","DO","DE","EC","EE","SV","FI","FR","GR","GT","HN","HK","HU","IS","IE","IT","LV","LT","LU","MY","MT","MX","NL","NZ","NI","NO","PA","PY","PE","PH","PL","PT","SG","SK","ES","SE","CH","TW","TR","UY","US","GB","AD","LI","MC","ID","JP","TH","VN","RO","IL","ZA","SA","AE","BH","QA","OM","KW","EG","MA","DZ","TN","LB","JO","PS","IN","BY","KZ","MD","UA","AL","BA","HR","ME","MK","RS","SI","KR","BD","PK","LK","GH","KE","NG","TZ","UG","AG","AM","BS","BB","BZ","BT","BW","BF","CV","CW","DM","FJ","GM","GE","GD","GW","GY","HT","JM","KI","LS","LR","MW","MV","ML","MH","FM","NA","NR","NE","PW","PG","PR","WS","SM","ST","SN","SC","SL","SB","KN","LC","VC","SR","TL","TO","TT","TV","VU","AZ","BN","BI","KH","CM","TD","KM","GQ","SZ","GA","GN","KG","LA","MO","MR","MN","NP","RW","TG","UZ","ZW","BJ","MG","MU","MZ","AO","CI","DJ","ZM","CD","CG","IQ","LY","TJ","VE","ET","XK"],"disc_number":1,"duration_ms":168466,"explicit":false,"external_urls":{"spotify":"https://open.spotify.com/track/3Jwlbr7aq7cVnsdAbb2WxL"},"href":"https://api.spotify.com/v1/tracks/3Jwlbr7aq7cVnsdAbb2WxL","id":"3Jwlbr7aq7cVnsdAbb2WxL","name":"Enhorabuena","preview_url":null,"track_number":6,"type":"track","uri":"spotify:track:3Jwlbr7aq7cVnsdAbb2WxL","is_local":false},{"artists":[{"external_urls":{"spotify":"https://open.spotify.com/artist/0tmwSHipWxN12fsoLcFU3B"},"href":"https://api.spotify.com/v1/artists/0tmwSHipWxN12fsoLcFU3B","id":"0tmwSHipWxN12fsoLcFU3B","name":"Manuel Turizo","type":"artist","uri":"spotify:artist:0tmwSHipWxN12fsoLcFU3B"},{"external_urls":{"spotify":"https://open.spotify.com/artist/6XkjpgcEsYab502Vr1bBeW"},"href":"https://api.spotify.com/v1/artists/6XkjpgcEsYab502Vr1bBeW","id":"6XkjpgcEsYab502Vr1bBeW","name":"Grupo Frontera","type":"artist","uri":"spotify:artist:6XkjpgcEsYab502Vr1bBeW"}],"available_markets":["AR","AU","AT","BE","BO","BR","BG","CA","CL","CO","CR","CY","CZ","DK","DO","DE","EC","EE","SV","FI","FR","GR","GT","HN","HK","HU","IS","IE","IT","LV","LT","LU","MY","MT","MX","NL","NZ","NI","NO","PA","PY","PE","PH","PL","PT","SG","SK","ES","SE","CH","TW","TR","UY","US","GB","AD","LI","MC","ID","JP","TH","VN","RO","IL","ZA","SA","AE","BH","QA","OM","KW","EG","MA","DZ","TN","LB","JO","PS","IN","BY","KZ","MD","UA","AL","BA","HR","ME","MK","RS","SI","KR","BD","PK","LK","GH","KE","NG","TZ","UG","AG","AM","BS","BB","BZ","BT","BW","BF","CV","CW","DM","FJ","GM","GE","GD","GW","GY","HT","JM","KI","LS","LR","MW","MV","ML","MH","FM","NA","NR","NE","PW","PG","PR","WS","SM","ST","SN","SC","SL","SB","KN","LC","VC","SR","TL","TO","TT","TV","VU","AZ","BN","BI","KH","CM","TD","KM","GQ","SZ","GA","GN","KG","LA","MO","MR","MN","NP","RW","TG","UZ","ZW","BJ","MG","MU","MZ","AO","CI","DJ","ZM","CD","CG","IQ","LY","TJ","VE","ET","XK"],"disc_number":1,"duration_ms":188413,"explicit":false,"external_urls":{"spotify":"https://open.spotify.com/track/4IIdIBVQEXwpE6MlLkHeBm"},"href":"https://api.spotify.com/v1/tracks/4IIdIBVQEXwpE6MlLkHeBm","id":"4IIdIBVQEXwpE6MlLkHeBm","name":"DE LUNES A LUNES","preview_url":null,"track_number":7,"type":"track","uri":"spotify:track:4IIdIBVQEXwpE6MlLkHeBm","is_local":false},{"artists":[{"external_urls":{"spotify":"https://open.spotify.com/artist/0tmwSHipWxN12fsoLcFU3B"},"href":"https://api.spotify.com/v1/artists/0tmwSHipWxN12fsoLcFU3B","id":"0tmwSHipWxN12fsoLcFU3B","name":"Manuel Turizo","type":"artist","uri":"spotify:artist:0tmwSHipWxN12fsoLcFU3B"},{"external_urls":{"spotify":"https://open.spotify.com/artist/0NGAZxHanS9e0iNHpR8f2W"},"href":"https://api.spotify.com/v1/artists/0NGAZxHanS9e0iNHpR8f2W","id":"0NGAZxHanS9e0iNHpR8f2W","name":"Alok","type":"artist","uri":"spotify:artist:0NGAZxHanS9e0iNHpR8f2W"}],"available_markets":["AR","AU","AT","BE","BO","BR","BG","CA","CL","CO","CR","CY","CZ","DK","DO","DE","EC","EE","SV","FI","FR","GR","GT","HN","HK","HU","IS","IE","IT","LV","LT","LU","MY","MT","MX","NL","NZ","NI","NO","PA","PY","PE","PH","PL","PT","SG","SK","ES","SE","CH","TW","TR","UY","US","GB","AD","LI","MC","ID","JP","TH","VN","RO","IL","ZA","SA","AE","BH","QA","OM","KW","EG","MA","DZ","TN","LB","JO","PS","IN","BY","KZ","MD","UA","AL","BA","HR","ME","MK","RS","SI","KR","BD","PK","LK","GH","KE","NG","TZ","UG","AG","AM","BS","BB","BZ","BT","BW","BF","CV","CW","DM","FJ","GM","GE","GD","GW","GY","HT","JM","KI","LS","LR","MW","MV","ML","MH","FM","NA","NR","NE","PW","PG","PR","WS","SM","ST","SN","SC","SL","SB","KN","LC","VC","SR","TL","TO","TT","TV","VU","AZ","BN","BI","KH","CM","TD","KM","GQ","SZ","GA","GN","KG","LA","MO","MR","MN","NP","RW","TG","UZ","ZW","BJ","MG","MU","MZ","AO","CI","DJ","ZM","CD","CG","IQ","LY","TJ","VE","ET","XK"],"disc_number":1,"duration_ms":211986,"explicit":false,"external_urls":{"spotify":"https://open.spotify.com/track/1rXysuGx7o2Oj6cDSK47SO"},"href":"https://api.spotify.com/v1/tracks/1rXysuGx7o2Oj6cDSK47SO","id":"1rXysuGx7o2Oj6cDSK47SO","name":"Yo No Me Vuelvo a Enamorar","preview_url":null,"track_number":8,"type":"track","uri":"spotify:track:1rXysuGx7o2Oj6cDSK47SO","is_local":false},{"artists":[{"external_urls":{"spotify":"https://open.spotify.com/artist/0tmwSHipWxN12fsoLcFU3B"},"href":"https://api.spotify.com/v1/artists/0tmwSHipWxN12fsoLcFU3B","id":"0tmwSHipWxN12fsoLcFU3B","name":"Manuel Turizo","type":"artist","uri":"spotify:artist:0tmwSHipWxN12fsoLcFU3B"}],"available_markets":["AR","AU","AT","BE","BO","BR","BG","CA","CL","CO","CR","CY","CZ","DK","DO","DE","EC","EE","SV","FI","FR","GR","GT","HN","HK","HU","IS","IE","IT","LV","LT","LU","MY","MT","MX","NL","NZ","NI","NO","PA","PY","PE","PH","PL","PT","SG","SK","ES","SE","CH","TW","TR","UY","US","GB","AD","LI","MC","ID","JP","TH","VN","RO","IL","ZA","SA","AE","BH","QA","OM","KW","EG","MA","DZ","TN","LB","JO","PS","IN","BY","KZ","MD","UA","AL","BA","HR","ME","MK","RS","SI","KR","BD","PK","LK","GH","KE","NG","TZ","UG","AG","AM","BS","BB","BZ","BT","BW","BF","CV","CW","DM","FJ","GM","GE","GD","GW","GY","HT","JM","KI","LS","LR","MW","MV","ML","MH","FM","NA","NR","NE","PW","PG","PR","WS","SM","ST","SN","SC","SL","SB","KN","LC","VC","SR","TL","TO","TT","TV","VU","AZ","BN","BI","KH","CM","TD","KM","GQ","SZ","GA","GN","KG","LA","MO","MR","MN","NP","RW","TG","UZ","ZW","BJ","MG","MU","MZ","AO","CI","DJ","ZM","CD","CG","IQ","LY","TJ","VE","ET","XK"],"disc_number":1,"duration_ms":126053,"explicit":false,"external_urls":{"spotify":"https://open.spotify.com/track/3F9bSwe5SllPUeEwHal7b3"},"href":"https://api.spotify.com/v1/tracks/3F9bSwe5SllPUeEwHal7b3","id":"3F9bSwe5SllPUeEwHal7b3","name":"Mirando al Techo","preview_url":null,"track_number":9,"type":"track","uri":"spotify:track:3F9bSwe5SllPUeEwHal7b3","is_local":false},{"artists":[{"external_urls":{"spotify":"https://open.spotify.com/artist/0tmwSHipWxN12fsoLcFU3B"},"href":"https://api.spotify.com/v1/artists/0tmwSHipWxN12fsoLcFU3B","id":"0tmwSHipWxN12fsoLcFU3B","name":"Manuel Turizo","type":"artist","uri":"spotify:artist:0tmwSHipWxN12fsoLcFU3B"},{"external_urls":{"spotify":"https://open.spotify.com/artist/0eHQ9o50hj6ZDNBt6Ys1sD"},"href":"https://api.spotify.com/v1/artists/0eHQ9o50hj6ZDNBt6Ys1sD","id":"0eHQ9o50hj6ZDNBt6Ys1sD","name":"Yandel","type":"artist","uri":"spotify:artist:0eHQ9o50hj6ZDNBt6Ys1sD"}],"available_markets":["AR","AU","AT","BE","BO","BR","BG","CA","CL","CO","CR","CY","CZ","DK","DO","DE","EC","EE","SV","FI","FR","GR","GT","HN","HK","HU","IS","IE","IT","LV","LT","LU","MY","MT","MX","NL","NZ","NI","NO","PA","PY","PE","PH","PL","PT","SG","SK","ES","SE","CH","TW","TR","UY","US","GB","AD","LI","MC","ID","JP","TH","VN","RO","IL","ZA","SA","AE","BH","QA","OM","KW","EG","MA","DZ","TN","LB","JO","PS","IN","BY","KZ","MD","UA","AL","BA","HR","ME","MK","RS","SI","KR","BD","PK","LK","GH","KE","NG","TZ","UG","AG","AM","BS","BB","BZ","BT","BW","BF","CV","CW","DM","FJ","GM","GE","GD","GW","GY","HT","JM","KI","LS","LR","MW","MV","ML","MH","FM","NA","NR","NE","PW","PG","PR","WS","SM","ST","SN","SC","SL","SB","KN","LC","VC","SR","TL","TO","TT","TV","VU","AZ","BN","BI","KH","CM","TD","KM","GQ","SZ","GA","GN","KG","LA","MO","MR","MN","NP","RW","TG","UZ","ZW","BJ","MG","MU","MZ","AO","CI","DJ","ZM","CD","CG","IQ","LY","TJ","VE","ET","XK"],"disc_number":1,"duration_ms":216426,"explicit":false,"external_urls":{"spotify":"https://open.spotify.com/track/3flzoYuNDBxbrnmv6qV0x4"},"href":"https://api.spotify.com/v1/tracks/3flzoYuNDBxbrnmv6qV0x4","id":"3flzoYuNDBxbrnmv6qV0x4","name":"Mamasota","preview_url":null,"track_number":10,"type":"track","uri":"spotify:track:3flzoYuNDBxbrnmv6qV0x4","is_local":false},{"artists":[{"external_urls":{"spotify":"https://open.spotify.com/artist/0tmwSHipWxN12fsoLcFU3B"},"href":"https://api.spotify.com/v1/artists/0tmwSHipWxN12fsoLcFU3B","id":"0tmwSHipWxN12fsoLcFU3B","name":"Manuel Turizo","type":"artist","uri":"spotify:artist:0tmwSHipWxN12fsoLcFU3B"},{"external_urls":{"spotify":"https://open.spotify.com/artist/2O8vbr4RYPpk6MRA4fio7u"},"href":"https://api.spotify.com/v1/artists/2O8vbr4RYPpk6MRA4fio7u","id":"2O8vbr4RYPpk6MRA4fio7u","name":"SAIKO","type":"artist","uri":"spotify:artist:2O8vbr4RYPpk6MRA4fio7u"}],"available_markets":["AR","AU","AT","BE","BO","BR","BG","CA","CL","CO","CR","CY","CZ","DK","DO","DE","EC","EE","SV","FI","FR","GR","GT","HN","HK","HU","IS","IE","IT","LV","LT","LU","MY","MT","MX","NL","NZ","NI","NO","PA","PY","PE","PH","PL","PT","SG","SK","ES","SE","CH","TW","TR","UY","US","GB","AD","LI","MC","ID","JP","TH","VN","RO","IL","ZA","SA","AE","BH","QA","OM","KW","EG","MA","DZ","TN","LB","JO","PS","IN","BY","KZ","MD","UA","AL","BA","HR","ME","MK","RS","SI","KR","BD","PK","LK","GH","KE","NG","TZ","UG","AG","AM","BS","BB","BZ","BT","BW","BF","CV","CW","DM","FJ","GM","GE","GD","GW","GY","HT","JM","KI","LS","LR","MW","MV","ML","MH","FM","NA","NR","NE","PW","PG","PR","WS","SM","ST","SN","SC","SL","SB","KN","LC","VC","SR","TL","TO","TT","TV","VU","AZ","BN","BI","KH","CM","TD","KM","GQ","SZ","GA","GN","KG","LA","MO","MR","MN","NP","RW","TG","UZ","ZW","BJ","MG","MU","MZ","AO","CI","DJ","ZM","CD","CG","IQ","LY","TJ","VE","ET","XK"],"disc_number":1,"duration_ms":223733,"explicit":false,"external_urls":{"spotify":"https://open.spotify.com/track/5Sx01pxIIAjNwfhw7Rm0Ed"},"href":"https://api.spotify.com/v1/tracks/5Sx01pxIIAjNwfhw7Rm0Ed","id":"5Sx01pxIIAjNwfhw7Rm0Ed","name":"Bahamas","preview_url":null,"track_number":11,"type":"track","uri":"spotify:track:5Sx01pxIIAjNwfhw7Rm0Ed","is_local":false},{"artists":[{"external_urls":{"spotify":"https://open.spotify.com/artist/0tmwSHipWxN12fsoLcFU3B"},"href":"https://api.spotify.com/v1/artists/0tmwSHipWxN12fsoLcFU3B","id":"0tmwSHipWxN12fsoLcFU3B","name":"Manuel Turizo","type":"artist","uri":"spotify:artist:0tmwSHipWxN12fsoLcFU3B"}],"available_markets":["AR","AU","AT","BE","BO","BR","BG","CA","CL","CO","CR","CY","CZ","DK","DO","DE","EC","EE","SV","FI","FR","GR","GT","HN","HK","HU","IS","IE","IT","LV","LT","LU","MY","MT","MX","NL","NZ","NI","NO","PA","PY","PE","PH","PL","PT","SG","SK","ES","SE","CH","TW","TR","UY","US","GB","AD","LI","MC","ID","JP","TH","VN","RO","IL","ZA","SA","AE","BH","QA","OM","KW","EG","MA","DZ","TN","LB","JO","PS","IN","BY","KZ","MD","UA","AL","BA","HR","ME","MK","RS","SI","KR","BD","PK","LK","GH","KE","NG","TZ","UG","AG","AM","BS","BB","BZ","BT","BW","BF","CV","CW","DM","FJ","GM","GE","GD","GW","GY","HT","JM","KI","LS","LR","MW","MV","ML","MH","FM","NA","NR","NE","PW","PG","PR","WS","SM","ST","SN","SC","SL","SB","KN","LC","VC","SR","TL","TO","TT","TV","VU","AZ","BN","BI","KH","CM","TD","KM","GQ","SZ","GA","GN","KG","LA","MO","MR","MN","NP","RW","TG","UZ","ZW","BJ","MG","MU","MZ","AO","CI","DJ","ZM","CD","CG","IQ","LY","TJ","VE","ET","XK"],"disc_number":1,"duration_ms":198946,"explicit":false,"external_urls":{"spotify":"https://open.spotify.com/track/5oM0lC4dPwnAeoFtJXRuFV"},"href":"https://api.spotify.com/v1/tracks/5oM0lC4dPwnAeoFtJXRuFV","id":"5oM0lC4dPwnAeoFtJXRuFV","name":"Dios Te Cuide","preview_url":null,"track_number":12,"type":"track","uri":"spotify:track:5oM0lC4dPwnAeoFtJXRuFV","is_local":false}]},"copyrights":[{"text":"(P) 2024 La Industria Inc., exclusive distribution by Sony Music Entertainment US Latin LLC","type":"P"}],"external_ids":{"upc":"196872622034"},"genres":[],"label":"La Industria/Sony Music Latin","popularity":65},{"album_type":"album","total_tracks":18,"available_markets":["AR","AU","AT","BE","BO","BR","BG","CA","CL","CO","CR","CY","CZ","DK","DO","DE","EC","EE","SV","FI","FR","GR","GT","HN","HK","HU","IS","IE","IT","LV","LT","LU","MY","MT","MX","NL","NZ","NI","NO","PA","PY","PE","PH","PL","PT","SG","SK","ES","SE","CH","TW","TR","UY","US","GB","AD","LI","MC","ID","JP","TH","VN","RO","IL","ZA","SA","AE","BH","QA","OM","KW","EG","MA","DZ","TN","LB","JO","PS","IN","BY","KZ","MD","UA","AL","BA","HR","ME","MK","RS","SI","KR","BD","PK","LK","GH","KE","NG","TZ","UG","AG","AM","BS","BB","BZ","BT","BW","BF","CV","CW","DM","FJ","GM","GE","GD","GW","GY","HT","JM","KI","LS","LR","MW","MV","ML","MH","FM","NA","NR","NE","PW","PG","PR","WS","SM","ST","SN","SC","SL","SB","KN","LC","VC","SR","TL","TO","TT","TV","VU","AZ","BN","BI","KH","CM","TD","KM","GQ","SZ","GA","GN","KG","LA","MO","MR","MN","NP","RW","TG","UZ","ZW","BJ","MG","MU","MZ","AO","CI","DJ","ZM","CD","CG","IQ","LY","TJ","VE","ET","XK"],"external_urls":{"spotify":"https://open.spotify.com/album/3V2ApPxUSquOkjLQU3wmjh"},"href":"https://api.spotify.com/v1/albums/3V2ApPxUSquOkjLQU3wmjh","id":"3V2ApPxUSquOkjLQU3wmjh","images":[{"url":"https://i.scdn.co/image/ab67616d0000b2734b690afba75a356fcdad526e","height":640,"width":640},{"url":"https://i.scdn.co/image/ab67616d00001e024b690afba75a356fcdad526e","height":300,"width":300},{"url":"https://i.scdn.co/image/ab67616d000048514b690afba75a356fcdad526e","height":64,"width":64}],"name":"BUENAS NOCHES","release_date":"2024-11-22","release_date_precision":"day","type":"album","uri":"spotify:album:3V2ApPxUSquOkjLQU3wmjh","artists":[{"external_urls":{"spotify":"https://open.spotify.com/artist/52iwsT98xCoGgiGntTiR7K"},"href":"https://api.spotify.com/v1/artists/52iwsT98xCoGgiGntTiR7K","id":"52iwsT98xCoGgiGntTiR7K","name":"Quevedo","type":"artist","uri":"spotify:artist:52iwsT98xCoGgiGntTiR7K"}],"tracks":{"href":"https://api.spotify.com/v1/albums/3V2ApPxUSquOkjLQU3wmjh/tracks?offset=0&limit=50","limit":50,"next":null,"offset":0,"previous":null,"total":18,"items":[{"artists":[{"external_urls":{"spotify":"https://open.spotify.com/artist/52iwsT98xCoGgiGntTiR7K"},"href":"https://api.spotify.com/v1/artists/52iwsT98xCoGgiGntTiR7K","id":"52iwsT98xCoGgiGntTiR7K","name":"Quevedo","type":"artist","uri":"spotify:artist:52iwsT98xCoGgiGntTiR7K"}],"available_markets":["AR","AU","AT","BE","BO","BR","BG","CA","CL","CO","CR","CY","CZ","DK","DO","DE","EC","EE","SV","FI","FR","GR","GT","HN","HK","HU","IS","IE","IT","LV","LT","LU","MY","MT","MX","NL","NZ","NI","NO","PA","PY","PE","PH","PL","PT","SG","SK","ES","SE","CH","TW","TR","UY","US","GB","AD","LI","MC","ID","JP","TH","VN","RO","IL","ZA","SA","AE","BH","QA","OM","KW","EG","MA","DZ","TN","LB","JO","PS","IN","BY","KZ","MD","UA","AL","BA","HR","ME","MK","RS","SI","KR","BD","PK","LK","GH","KE","NG","TZ","UG","AG","AM","BS","BB","BZ","BT","BW","BF","CV","CW","DM","FJ","GM","GE","GD","GW","GY","HT","JM","KI","LS","LR","MW","MV","ML","MH","FM","NA","NR","NE","PW","PG","PR","WS","SM","ST","SN","SC","SL","SB","KN","LC","VC","SR","TL","TO","TT","TV","VU","AZ","BN","BI","KH","CM","TD","KM","GQ","SZ","GA","GN","KG","LA","MO","MR","MN","NP","RW","TG","UZ","ZW","BJ","MG","MU","MZ","AO","CI","DJ","ZM","CD","CG","IQ","LY","TJ","VE","ET","XK"],"disc_number":1,"duration_ms":183172,"explicit":false,"external_urls":{"spotify":"https://open.spotify.com/track/6mP16Mr2X3ZU2bNmWBUqzK"},"href":"https://api.spotify.com/v1/tracks/6mP16Mr2X3ZU2bNmWBUqzK","id":"6mP16Mr2X3ZU2bNmWBUqzK","name":"KASSANDRA","preview_url":null,"track_number":1,"type":"track","uri":"spotify:track:6mP16Mr2X3ZU2bNmWBUqzK","is_local":false},{"artists":[{"external_urls":{"spotify":"https://open.spotify.com/artist/52iwsT98xCoGgiGntTiR7K"},"href":"https://api.spotify.com/v1/artists/52iwsT98xCoGgiGntTiR7K","id":"52iwsT98xCoGgiGntTiR7K","name":"Quevedo","type":"artist","uri":"spotify:artist:52iwsT98xCoGgiGntTiR7K"}],"available_markets":["AR","AU","AT","BE","BO","BR","BG","CA","CL","CO","CR","CY","CZ","DK","DO","DE","EC","EE","SV","FI","FR","GR","GT","HN","HK","HU","IS","IE","IT","LV","LT","LU","MY","MT","MX","NL","NZ","NI","NO","PA","PY","PE","PH","PL","PT","SG","SK","ES","SE","CH","TW","TR","UY","US","GB","AD","LI","MC","ID","JP","TH","VN","RO","IL","ZA","SA","AE","BH","QA","OM","KW","EG","MA","DZ","TN","LB","JO","PS","IN","BY","KZ","MD","UA","AL","BA","HR","ME","MK","RS","SI","KR","BD","PK","LK","GH","KE","NG","TZ","UG","AG","AM","BS","BB","BZ","BT","BW","BF","CV","CW","DM","FJ","GM","GE","GD","GW","GY","HT","JM","KI","LS","LR","MW","MV","ML","MH","FM","NA","NR","NE","PW","PG","PR","WS","SM","ST","SN","SC","SL","SB","KN","LC","VC","SR","TL","TO","TT","TV","VU","AZ","BN","BI","KH","CM","TD","KM","GQ","SZ","GA","GN","KG","LA","MO","MR","MN","NP","RW","TG","UZ","ZW","BJ","MG","MU","MZ","AO","CI","DJ","ZM","CD","CG","IQ","LY","TJ","VE","ET","XK"],"disc_number":1,"duration_ms":162204,"explicit":false,"external_urls":{"spotify":"https://open.spotify.com/track/18ngz35nTD4rzldysVtN4o"},"href":"https://api.spotify.com/v1/tracks/18ngz35nTD4rzldysVtN4o","id":"18ngz35nTD4rzldysVtN4o","name":"DURO","preview_url":null,"track_number":2,"type":"track","uri":"spotify:track:18ngz35nTD4rzldysVtN4o","is_local":false},{"artists":[{"external_urls":{"spotify":"https://open.spotify.com/artist/52iwsT98xCoGgiGntTiR7K"},"href":"https://api.spotify.com/v1/artists/52iwsT98xCoGgiGntTiR7K","id":"52iwsT98xCoGgiGntTiR7K","name":"Quevedo","type":"artist","uri":"spotify:artist:52iwsT98xCoGgiGntTiR7K"}],"available_markets":["AR","AU","AT","BE","BO","BR","BG","CA","CL","CO","CR","CY","CZ","DK","DO","DE","EC","EE","SV","FI","FR","GR","GT","HN","HK","HU","IS","IE","IT","LV","LT","LU","MY","MT","MX","NL","NZ","NI","NO","PA","PY","PE","PH","PL","PT","SG","SK","ES","SE","CH","TW","TR","UY","US","GB","AD","LI","MC","ID","JP","TH","VN","RO","IL","ZA","SA","AE","BH","QA","OM","KW","EG","MA","DZ","TN","LB","JO","PS","IN","BY","KZ","MD","UA","AL","BA","HR","ME","MK","RS","SI","KR","BD","PK","LK","GH","KE","NG","TZ","UG","AG","AM","BS","BB","BZ","BT","BW","BF","CV","CW","DM","FJ","GM","GE","GD","GW","GY","HT","JM","KI","LS","LR","MW","MV","ML","MH","FM","NA","NR","NE","PW","PG","PR","WS","SM","ST","SN","SC","SL","SB","KN","LC","VC","SR","TL","TO","TT","TV","VU","AZ","BN","BI","KH","CM","TD","KM","GQ","SZ","GA","GN","KG","LA","MO","MR","MN","NP","RW","TG","UZ","ZW","BJ","MG","MU","MZ","AO","CI","DJ","ZM","CD","CG","IQ","LY","TJ","VE","ET","XK"],"disc_number":1,"duration_ms":183316,"explicit":false,"external_urls":{"spotify":"https://open.spotify.com/track/1gKnoWS17Nf8ZxEev7d3vd"},"href":"https://api.spotify.com/v1/tracks/1gKnoWS17Nf8ZxEev7d3vd","id":"1gKnoWS17Nf8ZxEev7d3vd","name":"IGUALES","preview_url":null,"track_number":3,"type":"track","uri":"spotify:track:1gKnoWS17Nf8ZxEev7d3vd","is_local":false},{"artists":[{"external_urls":{"spotify":"https://open.spotify.com/artist/52iwsT98xCoGgiGntTiR7K"},"href":"https://api.spotify.com/v1/artists/52iwsT98xCoGgiGntTiR7K","id":"52iwsT98xCoGgiGntTiR7K","name":"Quevedo","type":"artist","uri":"spotify:artist:52iwsT98xCoGgiGntTiR7K"},{"external_urls":{"spotify":"https://open.spotify.com/artist/7eLcDZDYHXZCebtQmVFL25"},"href":"https://api.spotify.com/v1/artists/7eLcDZDYHXZCebtQmVFL25","id":"7eLcDZDYHXZCebtQmVFL25","name":"Aitana","type":"artist","uri":"spotify:artist:7eLcDZDYHXZCebtQmVFL25"}],"available_markets":["AR","AU","AT","BE","BO","BR","BG","CA","CL","CO","CR","CY","CZ","DK","DO","DE","EC","EE","SV","FI","FR","GR","GT","HN","HK","HU","IS","IE","IT","LV","LT","LU","MY","MT","MX","NL","NZ","NI","NO","PA","PY","PE","PH","PL","PT","SG","SK","ES","SE","CH","TW","TR","UY","US","GB","AD","LI","MC","ID","JP","TH","VN","RO","IL","ZA","SA","AE","BH","QA","OM","KW","EG","MA","DZ","TN","LB","JO","PS","IN","BY","KZ","MD","UA","AL","BA","HR","ME","MK","RS","SI","KR","BD","PK","LK","GH","KE","NG","TZ","UG","AG","AM","BS","BB","BZ","BT","BW","BF","CV","CW","DM","FJ","GM","GE","GD","GW","GY","HT","JM","KI","LS","LR","MW","MV","ML","MH","FM","NA","NR","NE","PW","PG","PR","WS","SM","ST","SN","SC","SL","SB","KN","LC","VC","SR","TL","TO","TT","TV","VU","AZ","BN","BI","KH","CM","TD","KM","GQ","SZ","GA","GN","KG","LA","MO","MR","MN","NP","RW","TG","UZ","ZW","BJ","MG","MU","MZ","AO","CI","DJ","ZM","CD","CG","IQ","LY","TJ","VE","ET","XK"],"disc_number":1,"duration_ms":213528,"explicit":false,"external_urls":{"spotify":"https://open.spotify.com/track/2kQ1OvmMzs1xdlH020aJJh"},"href":"https://api.spotify.com/v1/tracks/2kQ1OvmMzs1xdlH020aJJh","id":"2kQ1OvmMzs1xdlH020aJJh","name":"GRAN VÍA","preview_url":null,"track_number":4,"type":"track","uri":"spotify:track:2kQ1OvmMzs1xdlH020aJJh","is_local":false},{"artists":[{"external_urls":{"spotify":"https://open.spotify.com/artist/52iwsT98xCoGgiGntTiR7K"},"href":"https://api.spotify.com/v1/artists/52iwsT98xCoGgiGntTiR7K","id":"52iwsT98xCoGgiGntTiR7K","name":"Quevedo","type":"artist","uri":"spotify:artist:52iwsT98xCoGgiGntTiR7K"}],"available_markets":["AR","AU","AT","BE","BO","BR","BG","CA","CL","CO","CR","CY","CZ","DK","DO","DE","EC","EE","SV","FI","FR","GR","GT","HN","HK","HU","IS","IE","IT","LV","LT","LU","MY","MT","MX","NL","NZ","NI","NO","PA","PY","PE","PH","PL","PT","SG","SK","ES","SE","CH","TW","TR","UY","US","GB","AD","LI","MC","ID","JP","TH","VN","RO","IL","ZA","SA","AE","BH","QA","OM","KW","EG","MA","DZ","TN","LB","JO","PS","IN","BY","KZ","MD","UA","AL","BA","HR","ME","MK","RS","SI","KR","BD","PK","LK","GH","KE","NG","TZ","UG","AG","AM","BS","BB","BZ","BT","BW","BF","CV","CW","DM","FJ","GM","GE","GD","GW","GY","HT","JM","KI","LS","LR","MW","MV","ML","MH","FM","NA","NR","NE","PW","PG","PR","WS","SM","ST","SN","SC","SL","SB","KN","LC","VC","SR","TL","TO","TT","TV","VU","AZ","BN","BI","KH","CM","TD","KM","GQ","SZ","GA","GN","KG","LA","MO","MR","MN","NP","RW","TG","UZ","ZW","BJ","MG","MU","MZ","AO","CI","DJ","ZM","CD","CG","IQ","LY","TJ","VE","ET","XK"],"disc_number":1,"duration_ms":197418,"explicit":false,"external_urls":{"spotify":"https://open.spotify.com/track/1iP7aZUNvyt2EtmpjSbtRz"},"href":"https://api.spotify.com/v1/tracks/1iP7aZUNvyt2EtmpjSbtRz","id":"1iP7aZUNvyt2EtmpjSbtRz","name":"CHAPIADORA.COM","preview_url":null,"track_number":5,"type":"track","uri":"spotify:track:1iP7aZUNvyt2EtmpjSbtRz","is_local":false},{"artists":[{"external_urls":{"spotify":"https://open.spotify.com/artist/52iwsT98xCoGgiGntTiR7K"},"href":"https://api.spotify.com/v1/artists/52iwsT98xCoGgiGntTiR7K","id":"52iwsT98xCoGgiGntTiR7K","name":"Quevedo","type":"artist","uri":"spotify:artist:52iwsT98xCoGgiGntTiR7K"}],"available_markets":["AR","AU","AT","BE","BO","BR","BG","CA","CL","CO","CR","CY","CZ","DK","DO","DE","EC","EE","SV","FI","FR","GR","GT","HN","HK","HU","IS","IE","IT","LV","LT","LU","MY","MT","MX","NL","NZ","NI","NO","PA","PY","PE","PH","PL","PT","SG","SK","ES","SE","CH","TW","TR","UY","US","GB","AD","LI","MC","ID","JP","TH","VN","RO","IL","ZA","SA","AE","BH","QA","OM","KW","EG","MA","DZ","TN","LB","JO","PS","IN","BY","KZ","MD","UA","AL","BA","HR","ME","MK","RS","SI","KR","BD","PK","LK","GH","KE","NG","TZ","UG","AG","AM","BS","BB","BZ","BT","BW","BF","CV","CW","DM","FJ","GM","GE","GD","GW","GY","HT","JM","KI","LS","LR","MW","MV","ML","MH","FM","NA","NR","NE","PW","PG","PR","WS","SM","ST","SN","SC","SL","SB","KN","LC","VC","SR","TL","TO","TT","TV","VU","AZ","BN","BI","KH","CM","TD","KM","GQ","SZ","GA","GN","KG","LA","MO","MR","MN","NP","RW","TG","UZ","ZW","BJ","MG","MU","MZ","AO","CI","DJ","ZM","CD","CG","IQ","LY","TJ","VE","ET","XK"],"disc_number":1,"duration_ms":171685,"explicit":false,"external_urls":{"spotify":"https://open.spotify.com/track/7s8qhehMgdXKpixiqyFFrV"},"href":"https://api.spotify.com/v1/tracks/7s8qhehMgdXKpixiqyFFrV","id":"7s8qhehMgdXKpixiqyFFrV","name":"POR ATRÁS","preview_url":null,"track_number":6,"type":"track","uri":"spotify:track:7s8qhehMgdXKpixiqyFFrV","is_local":false},{"artists":[{"external_urls":{"spotify":"https://open.spotify.com/artist/52iwsT98xCoGgiGntTiR7K"},"href":"https://api.spotify.com/v1/artists/52iwsT98xCoGgiGntTiR7K","id":"52iwsT98xCoGgiGntTiR7K","name":"Quevedo","type":"artist","uri":"spotify:artist:52iwsT98xCoGgiGntTiR7K"},{"external_urls":{"spotify":"https://open.spotify.com/artist/0b4EVanoJb8wkWF7QUA3uY"},"href":"https://api.spotify.com/v1/artists/0b4EVanoJb8wkWF7QUA3uY","id":"0b4EVanoJb8wkWF7QUA3uY","name":"Sin Nombre","type":"artist","uri":"spotify:artist:0b4EVanoJb8wkWF7QUA3uY"}],"available_markets":["AR","AU","AT","BE","BO","BR","BG","CA","CL","CO","CR","CY","CZ","DK","DO","DE","EC","EE","SV","FI","FR","GR","GT","HN","HK","HU","IS","IE","IT","LV","LT","LU","MY","MT","MX","NL","NZ","NI","NO","PA","PY","PE","PH","PL","PT","SG","SK","ES","SE","CH","TW","TR","UY","US","GB","AD","LI","MC","ID","JP","TH","VN","RO","IL","ZA","SA","AE","BH","QA","OM","KW","EG","MA","DZ","TN","LB","JO","PS","IN","BY","KZ","MD","UA","AL","BA","HR","ME","MK","RS","SI","KR","BD","PK","LK","GH","KE","NG","TZ","UG","AG","AM","BS","BB","BZ","BT","BW","BF","CV","CW","DM","FJ","GM","GE","GD","GW","GY","HT","JM","KI","LS","LR","MW","MV","ML","MH","FM","NA","NR","NE","PW","PG","PR","WS","SM","ST","SN","SC","SL","SB","KN","LC","VC","SR","TL","TO","TT","TV","VU","AZ","BN","BI","KH","CM","TD","KM","GQ","SZ","GA","GN","KG","LA","MO","MR","MN","NP","RW","TG","UZ","ZW","BJ","MG","MU","MZ","AO","CI","DJ","ZM","CD","CG","IQ","LY","TJ","VE","ET","XK"],"disc_number":1,"duration_ms":172422,"explicit":true,"external_urls":{"spotify":"https://open.spotify.com/track/1qIUiG9nhThK6es9pFMlwO"},"href":"https://api.spotify.com/v1/tracks/1qIUiG9nhThK6es9pFMlwO","id":"1qIUiG9nhThK6es9pFMlwO","name":"14 FEBREROS","preview_url":null,"track_number":7,"type":"track","uri":"spotify:track:1qIUiG9nhThK6es9pFMlwO","is_local":false},{"artists":[{"external_urls":{"spotify":"https://open.spotify.com/artist/52iwsT98xCoGgiGntTiR7K"},"href":"https://api.spotify.com/v1/artists/52iwsT98xCoGgiGntTiR7K","id":"52iwsT98xCoGgiGntTiR7K","name":"Quevedo","type":"artist","uri":"spotify:artist:52iwsT98xCoGgiGntTiR7K"},{"external_urls":{"spotify":"https://open.spotify.com/artist/1rTUwYS38LkQTlT2fhikch"},"href":"https://api.spotify.com/v1/artists/1rTUwYS38LkQTlT2fhikch","id":"1rTUwYS38LkQTlT2fhikch","name":"Yung Beef","type":"artist","uri":"spotify:artist:1rTUwYS38LkQTlT2fhikch"}],"available_markets":["AR","AU","AT","BE","BO","BR","BG","CA","CL","CO","CR","CY","CZ","DK","DO","DE","EC","EE","SV","FI","FR","GR","GT","HN","HK","HU","IS","IE","IT","LV","LT","LU","MY","MT","MX","NL","NZ","NI","NO","PA","PY","PE","PH","PL","PT","SG","SK","ES","SE","CH","TW","TR","UY","US","GB","AD","LI","MC","ID","JP","TH","VN","RO","IL","ZA","SA","AE","BH","QA","OM","KW","EG","MA","DZ","TN","LB","JO","PS","IN","BY","KZ","MD","UA","AL","BA","HR","ME","MK","RS","SI","KR","BD","PK","LK","GH","KE","NG","TZ","UG","AG","AM","BS","BB","BZ","BT","BW","BF","CV","CW","DM","FJ","GM","GE","GD","GW","GY","HT","JM","KI","LS","LR","MW","MV","ML","MH","FM","NA","NR","NE","PW","PG","PR","WS","SM","ST","SN","SC","SL","SB","KN","LC","VC","SR","TL","TO","TT","TV","VU","AZ","BN","BI","KH","CM","TD","KM","GQ","SZ","GA","GN","KG","LA","MO","MR","MN","NP","RW","TG","UZ","ZW","BJ","MG","MU","MZ","AO","CI","DJ","ZM","CD","CG","IQ","LY","TJ","VE","ET","XK"],"disc_number":1,"duration_ms":194286,"explicit":false,"external_urls":{"spotify":"https://open.spotify.com/track/4YX0HMD665kmWsetqE0fBg"},"href":"https://api.spotify.com/v1/tracks/4YX0HMD665kmWsetqE0fBg","id":"4YX0HMD665kmWsetqE0fBg","name":"LA 125","preview_url":null,"track_number":8,"type":"track","uri":"spotify:track:4YX0HMD665kmWsetqE0fBg","is_local":false},{"artists":[{"external_urls":{"spotify":"https://open.spotify.com/artist/52iwsT98xCoGgiGntTiR7K"},"href":"https://api.spotify.com/v1/artists/52iwsT98xCoGgiGntTiR7K","id":"52iwsT98xCoGgiGntTiR7K","name":"Quevedo","type":"artist","uri":"spotify:artist:52iwsT98xCoGgiGntTiR7K"},{"external_urls":{"spotify":"https://open.spotify.com/artist/0IEzMvarfVycBJAXjjEZOL"},"href":"https://api.spotify.com/v1/artists/0IEzMvarfVycBJAXjjEZOL","id":"0IEzMvarfVycBJAXjjEZOL","name":"La Pantera","type":"artist","uri":"spotify:artist:0IEzMvarfVycBJAXjjEZOL"}],"available_markets":["AR","AU","AT","BE","BO","BR","BG","CA","CL","CO","CR","CY","CZ","DK","DO","DE","EC","EE","SV","FI","FR","GR","GT","HN","HK","HU","IS","IE","IT","LV","LT","LU","MY","MT","MX","NL","NZ","NI","NO","PA","PY","PE","PH","PL","PT","SG","SK","ES","SE","CH","TW","TR","UY","US","GB","AD","LI","MC","ID","JP","TH","VN","RO","IL","ZA","SA","AE","BH","QA","OM","KW","EG","MA","DZ","TN","LB","JO","PS","IN","BY","KZ","MD","UA","AL","BA","HR","ME","MK","RS","SI","KR","BD","PK","LK","GH","KE","NG","TZ","UG","AG","AM","BS","BB","BZ","BT","BW","BF","CV","CW","DM","FJ","GM","GE","GD","GW","GY","HT","JM","KI","LS","LR","MW","MV","ML","MH","FM","NA","NR","NE","PW","PG","PR","WS","SM","ST","SN","SC","SL","SB","KN","LC","VC","SR","TL","TO","TT","TV","VU","AZ","BN","BI","KH","CM","TD","KM","GQ","SZ","GA","GN","KG","LA","MO","MR","MN","NP","RW","TG","UZ","ZW","BJ","MG","MU","MZ","AO","CI","DJ","ZM","CD","CG","IQ","LY","TJ","VE","ET","XK"],"disc_number":1,"duration_ms":181261,"explicit":false,"external_urls":{"spotify":"https://open.spotify.com/track/58ldPuiCULxm08TCZ8qX4D"},"href":"https://api.spotify.com/v1/tracks/58ldPuiCULxm08TCZ8qX4D","id":"58ldPuiCULxm08TCZ8qX4D","name":"HALO","preview_url":null,"track_number":9,"type":"track","uri":"spotify:track:58ldPuiCULxm08TCZ8qX4D","is_local":false},{"artists":[{"external_urls":{"spotify":"https://open.spotify.com/artist/52iwsT98xCoGgiGntTiR7K"},"href":"https://api.spotify.com/v1/artists/52iwsT98xCoGgiGntTiR7K","id":"52iwsT98xCoGgiGntTiR7K","name":"Quevedo","type":"artist","uri":"spotify:artist:52iwsT98xCoGgiGntTiR7K"},{"external_urls":{"spotify":"https://open.spotify.com/artist/0TnOYISbd1XYRBk9myaseg"},"href":"https://api.spotify.com/v1/artists/0TnOYISbd1XYRBk9myaseg","id":"0TnOYISbd1XYRBk9myaseg","name":"Pitbull","type":"artist","uri":"spotify:artist:0TnOYISbd1XYRBk9myaseg"}],"available_markets":["AR","AU","AT","BE","BO","BR","BG","CA","CL","CO","CR","CY","CZ","DK","DO","DE","EC","EE","SV","FI","FR","GR","GT","HN","HK","HU","IS","IE","IT","LV","LT","LU","MY","MT","MX","NL","NZ","NI","NO","PA","PY","PE","PH","PL","PT","SG","SK","ES","SE","CH","TW","TR","UY","US","GB","AD","LI","MC","ID","JP","TH","VN","RO","IL","ZA","SA","AE","BH","QA","OM","KW","EG","MA","DZ","TN","LB","JO","PS","IN","BY","KZ","MD","UA","AL","BA","HR","ME","MK","RS","SI","KR","BD","PK","LK","GH","KE","NG","TZ","UG","AG","AM","BS","BB","BZ","BT","BW","BF","CV","CW","DM","FJ","GM","GE","GD","GW","GY","HT","JM","KI","LS","LR","MW","MV","ML","MH","FM","NA","NR","NE","PW","PG","PR","WS","SM","ST","SN","SC","SL","SB","KN","LC","VC","SR","TL","TO","TT","TV","VU","AZ","BN","BI","KH","CM","TD","KM","GQ","SZ","GA","GN","KG","LA","MO","MR","MN","NP","RW","TG","UZ","ZW","BJ","MG","MU","MZ","AO","CI","DJ","ZM","CD","CG","IQ","LY","TJ","VE","ET","XK"],"disc_number":1,"duration_ms":165762,"explicit":false,"external_urls":{"spotify":"https://open.spotify.com/track/67LKV40NfSSGIJnm0xz6fi"},"href":"https://api.spotify.com/v1/tracks/67LKV40NfSSGIJnm0xz6fi","id":"67LKV40NfSSGIJnm0xz6fi","name":"MR. MOONDIAL","preview_url":null,"track_number":10,"type":"track","uri":"spotify:track:67LKV40NfSSGIJnm0xz6fi","is_local":false},{"artists":[{"external_urls":{"spotify":"https://open.spotify.com/artist/52iwsT98xCoGgiGntTiR7K"},"href":"https://api.spotify.com/v1/artists/52iwsT98xCoGgiGntTiR7K","id":"52iwsT98xCoGgiGntTiR7K","name":"Quevedo","type":"artist","uri":"spotify:artist:52iwsT98xCoGgiGntTiR7K"}],"available_markets":["AR","AU","AT","BE","BO","BR","BG","CA","CL","CO","CR","CY","CZ","DK","DO","DE","EC","EE","SV","FI","FR","GR","GT","HN","HK","HU","IS","IE","IT","LV","LT","LU","MY","MT","MX","NL","NZ","NI","NO","PA","PY","PE","PH","PL","PT","SG","SK","ES","SE","CH","TW","TR","UY","US","GB","AD","LI","MC","ID","JP","TH","VN","RO","IL","ZA","SA","AE","BH","QA","OM","KW","EG","MA","DZ","TN","LB","JO","PS","IN","BY","KZ","MD","UA","AL","BA","HR","ME","MK","RS","SI","KR","BD","PK","LK","GH","KE","NG","TZ","UG","AG","AM","BS","BB","BZ","BT","BW","BF","CV","CW","DM","FJ","GM","GE","GD","GW","GY","HT","JM","KI","LS","LR","MW","MV","ML","MH","FM","NA","NR","NE","PW","PG","PR","WS","SM","ST","SN","SC","SL","SB","KN","LC","VC","SR","TL","TO","TT","TV","VU","AZ","BN","BI","KH","CM","TD","KM","GQ","SZ","GA","GN","KG","LA","MO","MR","MN","NP","RW","TG","UZ","ZW","BJ","MG","MU","MZ","AO","CI","DJ","ZM","CD","CG","IQ","LY","TJ","VE","ET","XK"],"disc_number":1,"duration_ms":190304,"explicit":false,"external_urls":{"spotify":"https://open.spotify.com/track/7vqMCnrAbZgii8eJZbjYjF"},"href":"https://api.spotify.com/v1/tracks/7vqMCnrAbZgii8eJZbjYjF","id":"7vqMCnrAbZgii8eJZbjYjF","name":"QUE ASCO DE TODO","preview_url":null,"track_number":11,"type":"track","uri":"spotify:track:7vqMCnrAbZgii8eJZbjYjF","is_local":false},{"artists":[{"external_urls":{"spotify":"https://open.spotify.com/artist/52iwsT98xCoGgiGntTiR7K"},"href":"https://api.spotify.com/v1/artists/52iwsT98xCoGgiGntTiR7K","id":"52iwsT98xCoGgiGntTiR7K","name":"Quevedo","type":"artist","uri":"spotify:artist:52iwsT98xCoGgiGntTiR7K"}],"available_markets":["AR","AU","AT","BE","BO","BR","BG","CA","CL","CO","CR","CY","CZ","DK","DO","DE","EC","EE","SV","FI","FR","GR","GT","HN","HK","HU","IS","IE","IT","LV","LT","LU","MY","MT","MX","NL","NZ","NI","NO","PA","PY","PE","PH","PL","PT","SG","SK","ES","SE","CH","TW","TR","UY","US","GB","AD","LI","MC","ID","JP","TH","VN","RO","IL","ZA","SA","AE","BH","QA","OM","KW","EG","MA","DZ","TN","LB","JO","PS","IN","BY","KZ","MD","UA","AL","BA","HR","ME","MK","RS","SI","KR","BD","PK","LK","GH","KE","NG","TZ","UG","AG","AM","BS","BB","BZ","BT","BW","BF","CV","CW","DM","FJ","GM","GE","GD","GW","GY","HT","JM","KI","LS","LR","MW","MV","ML","MH","FM","NA","NR","NE","PW","PG","PR","WS","SM","ST","SN","SC","SL","SB","KN","LC","VC","SR","TL","TO","TT","TV","VU","AZ","BN","BI","KH","CM","TD","KM","GQ","SZ","GA","GN","KG","LA","MO","MR","MN","NP","RW","TG","UZ","ZW","BJ","MG","MU","MZ","AO","CI","DJ","ZM","CD","CG","IQ","LY","TJ","VE","ET","XK"],"disc_number":1,"duration_ms":206910,"explicit":false,"external_urls":{"spotify":"https://open.spotify.com/track/5Oo9D3xJJ2sF6HWiJweV0V"},"href":"https://api.spotify.com/v1/tracks/5Oo9D3xJJ2sF6HWiJweV0V","id":"5Oo9D3xJJ2sF6HWiJweV0V","name":"NOEMÚ","preview_url":null,"track_number":12,"type":"track","uri":"spotify:track:5Oo9D3xJJ2sF6HWiJweV0V","is_local":false},{"artists":[{"external_urls":{"spotify":"https://open.spotify.com/artist/52iwsT98xCoGgiGntTiR7K"},"href":"https://api.spotify.com/v1/artists/52iwsT98xCoGgiGntTiR7K","id":"52iwsT98xCoGgiGntTiR7K","name":"Quevedo","type":"artist","uri":"spotify:artist:52iwsT98xCoGgiGntTiR7K"}],"available_markets":["AR","AU","AT","BE","BO","BR","BG","CA","CL","CO","CR","CY","CZ","DK","DO","DE","EC","EE","SV","FI","FR","GR","GT","HN","HK","HU","IS","IE","IT","LV","LT","LU","MY","MT","MX","NL","NZ","NI","NO","PA","PY","PE","PH","PL","PT","SG","SK","ES","SE","CH","TW","TR","UY","US","GB","AD","LI","MC","ID","JP","TH","VN","RO","IL","ZA","SA","AE","BH","QA","OM","KW","EG","MA","DZ","TN","LB","JO","PS","IN","BY","KZ","MD","UA","AL","BA","HR","ME","MK","RS","SI","KR","BD","PK","LK","GH","KE","NG","TZ","UG","AG","AM","BS","BB","BZ","BT","BW","BF","CV","CW","DM","FJ","GM","GE","GD","GW","GY","HT","JM","KI","LS","LR","MW","MV","ML","MH","FM","NA","NR","NE","PW","PG","PR","WS","SM","ST","SN","SC","SL","SB","KN","LC","VC","SR","TL","TO","TT","TV","VU","AZ","BN","BI","KH","CM","TD","KM","GQ","SZ","GA","GN","KG","LA","MO","MR","MN","NP","RW","TG","UZ","ZW","BJ","MG","MU","MZ","AO","CI","DJ","ZM","CD","CG","IQ","LY","TJ","VE","ET","XK"],"disc_number":1,"duration_ms":138226,"explicit":false,"external_urls":{"spotify":"https://open.spotify.com/track/41VnmHAkCUsCStYdDUibpp"},"href":"https://api.spotify.com/v1/tracks/41VnmHAkCUsCStYdDUibpp","id":"41VnmHAkCUsCStYdDUibpp","name":"SHIBATTO","preview_url":null,"track_number":13,"type":"track","uri":"spotify:track:41VnmHAkCUsCStYdDUibpp","is_local":false},{"artists":[{"external_urls":{"spotify":"https://open.spotify.com/artist/52iwsT98xCoGgiGntTiR7K"},"href":"https://api.spotify.com/v1/artists/52iwsT98xCoGgiGntTiR7K","id":"52iwsT98xCoGgiGntTiR7K","name":"Quevedo","type":"artist","uri":"spotify:artist:52iwsT98xCoGgiGntTiR7K"},{"external_urls":{"spotify":"https://open.spotify.com/artist/2IMZYfNi21MGqxopj9fWx8"},"href":"https://api.spotify.com/v1/artists/2IMZYfNi21MGqxopj9fWx8","id":"2IMZYfNi21MGqxopj9fWx8","name":"Rels B","type":"artist","uri":"spotify:artist:2IMZYfNi21MGqxopj9fWx8"}],"available_markets":["AR","AU","AT","BE","BO","BR","BG","CA","CL","CO","CR","CY","CZ","DK","DO","DE","EC","EE","SV","FI","FR","GR","GT","HN","HK","HU","IS","IE","IT","LV","LT","LU","MY","MT","MX","NL","NZ","NI","NO","PA","PY","PE","PH","PL","PT","SG","SK","ES","SE","CH","TW","TR","UY","US","GB","AD","LI","MC","ID","JP","TH","VN","RO","IL","ZA","SA","AE","BH","QA","OM","KW","EG","MA","DZ","TN","LB","JO","PS","IN","BY","KZ","MD","UA","AL","BA","HR","ME","MK","RS","SI","KR","BD","PK","LK","GH","KE","NG","TZ","UG","AG","AM","BS","BB","BZ","BT","BW","BF","CV","CW","DM","FJ","GM","GE","GD","GW","GY","HT","JM","KI","LS","LR","MW","MV","ML","MH","FM","NA","NR","NE","PW","PG","PR","WS","SM","ST","SN","SC","SL","SB","KN","LC","VC","SR","TL","TO","TT","TV","VU","AZ","BN","BI","KH","CM","TD","KM","GQ","SZ","GA","GN","KG","LA","MO","MR","MN","NP","RW","TG","UZ","ZW","BJ","MG","MU","MZ","AO","CI","DJ","ZM","CD","CG","IQ","LY","TJ","VE","ET","XK"],"disc_number":1,"duration_ms":161943,"explicit":false,"external_urls":{"spotify":"https://open.spotify.com/track/0ffPRT5WW86ecgGWGf5CyY"},"href":"https://api.spotify.com/v1/tracks/0ffPRT5WW86ecgGWGf5CyY","id":"0ffPRT5WW86ecgGWGf5CyY","name":"LOS DÍAS CONTADOS","preview_url":null,"track_number":14,"type":"track","uri":"spotify:track:0ffPRT5WW86ecgGWGf5CyY","is_local":false},{"artists":[{"external_urls":{"spotify":"https://open.spotify.com/artist/52iwsT98xCoGgiGntTiR7K"},"href":"https://api.spotify.com/v1/artists/52iwsT98xCoGgiGntTiR7K","id":"52iwsT98xCoGgiGntTiR7K","name":"Quevedo","type":"artist","uri":"spotify:artist:52iwsT98xCoGgiGntTiR7K"}],"available_markets":["AR","AU","AT","BE","BO","BR","BG","CA","CL","CO","CR","CY","CZ","DK","DO","DE","EC","EE","SV","FI","FR","GR","GT","HN","HK","HU","IS","IE","IT","LV","LT","LU","MY","MT","MX","NL","NZ","NI","NO","PA","PY","PE","PH","PL","PT","SG","SK","ES","SE","CH","TW","TR","UY","US","GB","AD","LI","MC","ID","JP","TH","VN","RO","IL","ZA","SA","AE","BH","QA","OM","KW","EG","MA","DZ","TN","LB","JO","PS","IN","BY","KZ","MD","UA","AL","BA","HR","ME","MK","RS","SI","KR","BD","PK","LK","GH","KE","NG","TZ","UG","AG","AM","BS","BB","BZ","BT","BW","BF","CV","CW","DM","FJ","GM","GE","GD","GW","GY","HT","JM","KI","LS","LR","MW","MV","ML","MH","FM","NA","NR","NE","PW","PG","PR","WS","SM","ST","SN","SC","SL","SB","KN","LC","VC","SR","TL","TO","TT","TV","VU","AZ","BN","BI","KH","CM","TD","KM","GQ","SZ","GA","GN","KG","LA","MO","MR","MN","NP","RW","TG","UZ","ZW","BJ","MG","MU","MZ","AO","CI","DJ","ZM","CD","CG","IQ","LY","TJ","VE","ET","XK"],"disc_number":1,"duration_ms":161444,"explicit":false,"external_urls":{"spotify":"https://open.spotify.com/track/23iK2aTjEEG30dx1uuSXc9"},"href":"https://api.spotify.com/v1/tracks/23iK2aTjEEG30dx1uuSXc9","id":"23iK2aTjEEG30dx1uuSXc9","name":"EL ESTRIBILLO","preview_url":null,"track_number":15,"type":"track","uri":"spotify:track:23iK2aTjEEG30dx1uuSXc9","is_local":false},{"artists":[{"external_urls":{"spotify":"https://open.spotify.com/artist/52iwsT98xCoGgiGntTiR7K"},"href":"https://api.spotify.com/v1/artists/52iwsT98xCoGgiGntTiR7K","id":"52iwsT98xCoGgiGntTiR7K","name":"Quevedo","type":"artist","uri":"spotify:artist:52iwsT98xCoGgiGntTiR7K"},{"external_urls":{"spotify":"https://open.spotify.com/artist/54seKvtsZauR1iauN0ptpo"},"href":"https://api.spotify.com/v1/artists/54seKvtsZauR1iauN0ptpo","id":"54seKvtsZauR1iauN0ptpo","name":"De La Rose","type":"artist","uri":"spotify:artist:54seKvtsZauR1iauN0ptpo"},{"external_urls":{"spotify":"https://open.spotify.com/artist/3EiLUeyEcA6fbRPSHkG5kb"},"href":"https://api.spotify.com/v1/artists/3EiLUeyEcA6fbRPSHkG5kb","id":"3EiLUeyEcA6fbRPSHkG5kb","name":"De La Ghetto","type":"artist","uri":"spotify:artist:3EiLUeyEcA6fbRPSHkG5kb"}],"available_markets":["AR","AU","AT","BE","BO","BR","BG","CA","CL","CO","CR","CY","CZ","DK","DO","DE","EC","EE","SV","FI","FR","GR","GT","HN","HK","HU","IS","IE","IT","LV","LT","LU","MY","MT","MX","NL","NZ","NI","NO","PA","PY","PE","PH","PL","PT","SG","SK","ES","SE","CH","TW","TR","UY","US","GB","AD","LI","MC","ID","JP","TH","VN","RO","IL","ZA","SA","AE","BH","QA","OM","KW","EG","MA","DZ","TN","LB","JO","PS","IN","BY","KZ","MD","UA","AL","BA","HR","ME","MK","RS","SI","KR","BD","PK","LK","GH","KE","NG","TZ","UG","AG","AM","BS","BB","BZ","BT","BW","BF","CV","CW","DM","FJ","GM","GE","GD","GW","GY","HT","JM","KI","LS","LR","MW","MV","ML","MH","FM","NA","NR","NE","PW","PG","PR","WS","SM","ST","SN","SC","SL","SB","KN","LC","VC","SR","TL","TO","TT","TV","VU","AZ","BN","BI","KH","CM","TD","KM","GQ","SZ","GA","GN","KG","LA","MO","MR","MN","NP","RW","TG","UZ","ZW","BJ","MG","MU","MZ","AO","CI","DJ","ZM","CD","CG","IQ","LY","TJ","VE","ET","XK"],"disc_number":1,"duration_ms":255333,"explicit":false,"external_urls":{"spotify":"https://open.spotify.com/track/4DxbTPS1DUzTKzpNfCbYjy"},"href":"https://api.spotify.com/v1/tracks/4DxbTPS1DUzTKzpNfCbYjy","id":"4DxbTPS1DUzTKzpNfCbYjy","name":"AMANECIÓ","preview_url":null,"track_number":16,"type":"track","uri":"spotify:track:4DxbTPS1DUzTKzpNfCbYjy","is_local":false},{"artists":[{"external_urls":{"spotify":"https://open.spotify.com/artist/52iwsT98xCoGgiGntTiR7K"},"href":"https://api.spotify.com/v1/artists/52iwsT98xCoGgiGntTiR7K","id":"52iwsT98xCoGgiGntTiR7K","name":"Quevedo","type":"artist","uri":"spotify:artist:52iwsT98xCoGgiGntTiR7K"},{"external_urls":{"spotify":"https://open.spotify.com/artist/77ziqFxp5gaInVrF2lj4ht"},"href":"https://api.spotify.com/v1/artists/77ziqFxp5gaInVrF2lj4ht","id":"77ziqFxp5gaInVrF2lj4ht","name":"Sech","type":"artist","uri":"spotify:artist:77ziqFxp5gaInVrF2lj4ht"}],"available_markets":["AR","AU","AT","BE","BO","BR","BG","CA","CL","CO","CR","CY","CZ","DK","DO","DE","EC","EE","SV","FI","FR","GR","GT","HN","HK","HU","IS","IE","IT","LV","LT","LU","MY","MT","MX","NL","NZ","NI","NO","PA","PY","PE","PH","PL","PT","SG","SK","ES","SE","CH","TW","TR","UY","US","GB","AD","LI","MC","ID","JP","TH","VN","RO","IL","ZA","SA","AE","BH","QA","OM","KW","EG","MA","DZ","TN","LB","JO","PS","IN","BY","KZ","MD","UA","AL","BA","HR","ME","MK","RS","SI","KR","BD","PK","LK","GH","KE","NG","TZ","UG","AG","AM","BS","BB","BZ","BT","BW","BF","CV","CW","DM","FJ","GM","GE","GD","GW","GY","HT","JM","KI","LS","LR","MW","MV","ML","MH","FM","NA","NR","NE","PW","PG","PR","WS","SM","ST","SN","SC","SL","SB","KN","LC","VC","SR","TL","TO","TT","TV","VU","AZ","BN","BI","KH","CM","TD","KM","GQ","SZ","GA","GN","KG","LA","MO","MR","MN","NP","RW","TG","UZ","ZW","BJ","MG","MU","MZ","AO","CI","DJ","ZM","CD","CG","IQ","LY","TJ","VE","ET","XK"],"disc_number":1,"duration_ms":219460,"explicit":false,"external_urls":{"spotify":"https://open.spotify.com/track/2stYCm7UAyZ4srGFrI4MNX"},"href":"https://api.spotify.com/v1/tracks/2stYCm7UAyZ4srGFrI4MNX","id":"2stYCm7UAyZ4srGFrI4MNX","name":"TE FALLÉ","preview_url":null,"track_number":17,"type":"track","uri":"spotify:track:2stYCm7UAyZ4srGFrI4MNX","is_local":false},{"artists":[{"external_urls":{"spotify":"https://open.spotify.com/artist/52iwsT98xCoGgiGntTiR7K"},"href":"https://api.spotify.com/v1/artists/52iwsT98xCoGgiGntTiR7K","id":"52iwsT98xCoGgiGntTiR7K","name":"Quevedo","type":"artist","uri":"spotify:artist:52iwsT98xCoGgiGntTiR7K"}],"available_markets":["AR","AU","AT","BE","BO","BR","BG","CA","CL","CO","CR","CY","CZ","DK","DO","DE","EC","EE","SV","FI","FR","GR","GT","HN","HK","HU","IS","IE","IT","LV","LT","LU","MY","MT","MX","NL","NZ","NI","NO","PA","PY","PE","PH","PL","PT","SG","SK","ES","SE","CH","TW","TR","UY","US","GB","AD","LI","MC","ID","JP","TH","VN","RO","IL","ZA","SA","AE","BH","QA","OM","KW","EG","MA","DZ","TN","LB","JO","PS","IN","BY","KZ","MD","UA","AL","BA","HR","ME","MK","RS","SI","KR","BD","PK","LK","GH","KE","NG","TZ","UG","AG","AM","BS","BB","BZ","BT","BW","BF","CV","CW","DM","FJ","GM","GE","GD","GW","GY","HT","JM","KI","LS","LR","MW","MV","ML","MH","FM","NA","NR","NE","PW","PG","PR","WS","SM","ST","SN","SC","SL","SB","KN","LC","VC","SR","TL","TO","TT","TV","VU","AZ","BN","BI","KH","CM","TD","KM","GQ","SZ","GA","GN","KG","LA","MO","MR","MN","NP","RW","TG","UZ","ZW","BJ","MG","MU","MZ","AO","CI","DJ","ZM","CD","CG","IQ","LY","TJ","VE","ET","XK"],"disc_number":1,"duration_ms":238883,"explicit":false,"external_urls":{"spotify":"https://open.spotify.com/track/1JkI7KcMNuIBZZoWQkcveV"},"href":"https://api.spotify.com/v1/tracks/1JkI7KcMNuIBZZoWQkcveV","id":"1JkI7KcMNuIBZZoWQkcveV","name":"BUENAS NOCHES","preview_url":null,"track_number":18,"type":"track","uri":"spotify:track:1JkI7KcMNuIBZZoWQkcveV","is_local":false}]},"copyrights":[{"text":"(C) 2024 DQE Productions Distribuido por RIMAS Entertainment","type":"C"},{"text":"(P) 2024 DQE Productions Distribuido por RIMAS Entertainment","type":"P"}],"external_ids":{"upc":"198846802275"},"genres":[],"label":"2024 DQE Productions Distribuido por RIMAS Entertainment","popularity":80},{"album_type":"single","total_tracks":5,"available_markets":["AR","AU","AT","BE","BO","BR","BG","CA","CL","CO","CR","CY","CZ","DK","DO","DE","EC","EE","SV","FI","FR","GR","GT","HN","HK","HU","IS","IE","IT","LV","LT","LU","MY","MT","MX","NL","NZ","NI","NO","PA","PY","PE","PH","PL","PT","SG","SK","ES","SE","CH","TW","TR","UY","US","GB","AD","LI","MC","ID","JP","TH","VN","RO","IL","ZA","SA","AE","BH","QA","OM","KW","EG","MA","DZ","TN","LB","JO","PS","IN","KZ","MD","UA","AL","BA","HR","ME","MK","RS","SI","KR","BD","PK","LK","GH","KE","NG","TZ","UG","AG","AM","BS","BB","BZ","BT","BW","BF","CV","CW","DM","FJ","GM","GE","GD","GW","GY","HT","JM","KI","LS","LR","MW","MV","ML","MH","FM","NA","NR","NE","PW","PG","PR","WS","SM","ST","SN","SC","SL","SB","KN","LC","VC","SR","TL","TO","TT","TV","VU","AZ","BN","BI","KH","CM","TD","KM","GQ","SZ","GA","GN","KG","LA","MO","MR","MN","NP","RW","TG","UZ","ZW","BJ","MG","MU","MZ","AO","CI","DJ","ZM","CD","CG","IQ","LY","TJ","VE","ET","XK"],"external_urls":{"spotify":"https://open.spotify.com/album/2cOBkSXvFSkt37e9DHKqT0"},"href":"https://api.spotify.com/v1/albums/2cOBkSXvFSkt37e9DHKqT0","id":"2cOBkSXvFSkt37e9DHKqT0","images":[{"url":"https://i.scdn.co/image/ab67616d0000b27357527b7ba0198373503b7256","height":640,"width":640},{"url":"https://i.scdn.co/image/ab67616d00001e0257527b7ba0198373503b7256","height":300,"width":300},{"url":"https://i.scdn.co/image/ab67616d0000485157527b7ba0198373503b7256","height":64,"width":64}],"name":"ECOS","release_date":"2024-11-22","release_date_precision":"day","type":"album","uri":"spotify:album:2cOBkSXvFSkt37e9DHKqT0","artists":[{"external_urls":{"spotify":"https://open.spotify.com/artist/7ciBW1p3KBsYIkFk4UmwS8"},"href":"https://api.spotify.com/v1/artists/7ciBW1p3KBsYIkFk4UmwS8","id":"7ciBW1p3KBsYIkFk4UmwS8","name":"The Rudeboyz","type":"artist","uri":"spotify:artist:7ciBW1p3KBsYIkFk4UmwS8"}],"tracks":{"href":"https://api.spotify.com/v1/albums/2cOBkSXvFSkt37e9DHKqT0/tracks?offset=0&limit=50","limit":50,"next":null,"offset":0,"previous":null,"total":5,"items":[{"artists":[{"external_urls":{"spotify":"https://open.spotify.com/artist/7ciBW1p3KBsYIkFk4UmwS8"},"href":"https://api.spotify.com/v1/artists/7ciBW1p3KBsYIkFk4UmwS8","id":"7ciBW1p3KBsYIkFk4UmwS8","name":"The Rudeboyz","type":"artist","uri":"spotify:artist:7ciBW1p3KBsYIkFk4UmwS8"},{"external_urls":{"spotify":"https://open.spotify.com/artist/6B1hSmaLdOvChinK2Z7gfi"},"href":"https://api.spotify.com/v1/artists/6B1hSmaLdOvChinK2Z7gfi","id":"6B1hSmaLdOvChinK2Z7gfi","name":"Maisak","type":"artist","uri":"spotify:artist:6B1hSmaLdOvChinK2Z7gfi"},{"external_urls":{"spotify":"https://open.spotify.com/artist/6ndLrsgT3MV5CNxIrW71fw"},"href":"https://api.spotify.com/v1/artists/6ndLrsgT3MV5CNxIrW71fw","id":"6ndLrsgT3MV5CNxIrW71fw","name":"DFZM","type":"artist","uri":"spotify:artist:6ndLrsgT3MV5CNxIrW71fw"}],"available_markets":["AR","AU","AT","BE","BO","BR","BG","CA","CL","CO","CR","CY","CZ","DK","DO","DE","EC","EE","SV","FI","FR","GR","GT","HN","HK","HU","IS","IE","IT","LV","LT","LU","MY","MT","MX","NL","NZ","NI","NO","PA","PY","PE","PH","PL","PT","SG","SK","ES","SE","CH","TW","TR","UY","US","GB","AD","LI","MC","ID","JP","TH","VN","RO","IL","ZA","SA","AE","BH","QA","OM","KW","EG","MA","DZ","TN","LB","JO","PS","IN","KZ","MD","UA","AL","BA","HR","ME","MK","RS","SI","KR","BD","PK","LK","GH","KE","NG","TZ","UG","AG","AM","BS","BB","BZ","BT","BW","BF","CV","CW","DM","FJ","GM","GE","GD","GW","GY","HT","JM","KI","LS","LR","MW","MV","ML","MH","FM","NA","NR","NE","PW","PG","PR","WS","SM","ST","SN","SC","SL","SB","KN","LC","VC","SR","TL","TO","TT","TV","VU","AZ","BN","BI","KH","CM","TD","KM","GQ","SZ","GA","GN","KG","LA","MO","MR","MN","NP","RW","TG","UZ","ZW","BJ","MG","MU","MZ","AO","CI","DJ","ZM","CD","CG","IQ","LY","TJ","VE","ET","XK"],"disc_number":1,"duration_ms":197333,"explicit":true,"external_urls":{"spotify":"https://open.spotify.com/track/3pLfvhdGPLumkkK3I1pLnZ"},"href":"https://api.spotify.com/v1/tracks/3pLfvhdGPLumkkK3I1pLnZ","id":"3pLfvhdGPLumkkK3I1pLnZ","name":"OH MAMÁ","preview_url":null,"track_number":1,"type":"track","uri":"spotify:track:3pLfvhdGPLumkkK3I1pLnZ","is_local":false},{"artists":[{"external_urls":{"spotify":"https://open.spotify.com/artist/7ciBW1p3KBsYIkFk4UmwS8"},"href":"https://api.spotify.com/v1/artists/7ciBW1p3KBsYIkFk4UmwS8","id":"7ciBW1p3KBsYIkFk4UmwS8","name":"The Rudeboyz","type":"artist","uri":"spotify:artist:7ciBW1p3KBsYIkFk4UmwS8"},{"external_urls":{"spotify":"https://open.spotify.com/artist/4NGOJedxkGWwkbB5QiSJd1"},"href":"https://api.spotify.com/v1/artists/4NGOJedxkGWwkbB5QiSJd1","id":"4NGOJedxkGWwkbB5QiSJd1","name":"Jhay P","type":"artist","uri":"spotify:artist:4NGOJedxkGWwkbB5QiSJd1"},{"external_urls":{"spotify":"https://open.spotify.com/artist/4BLAEJCcjU85VGBdwWK4ta"},"href":"https://api.spotify.com/v1/artists/4BLAEJCcjU85VGBdwWK4ta","id":"4BLAEJCcjU85VGBdwWK4ta","name":"El H","type":"artist","uri":"spotify:artist:4BLAEJCcjU85VGBdwWK4ta"}],"available_markets":["AR","AU","AT","BE","BO","BR","BG","CA","CL","CO","CR","CY","CZ","DK","DO","DE","EC","EE","SV","FI","FR","GR","GT","HN","HK","HU","IS","IE","IT","LV","LT","LU","MY","MT","MX","NL","NZ","NI","NO","PA","PY","PE","PH","PL","PT","SG","SK","ES","SE","CH","TW","TR","UY","US","GB","AD","LI","MC","ID","JP","TH","VN","RO","IL","ZA","SA","AE","BH","QA","OM","KW","EG","MA","DZ","TN","LB","JO","PS","IN","KZ","MD","UA","AL","BA","HR","ME","MK","RS","SI","KR","BD","PK","LK","GH","KE","NG","TZ","UG","AG","AM","BS","BB","BZ","BT","BW","BF","CV","CW","DM","FJ","GM","GE","GD","GW","GY","HT","JM","KI","LS","LR","MW","MV","ML","MH","FM","NA","NR","NE","PW","PG","PR","WS","SM","ST","SN","SC","SL","SB","KN","LC","VC","SR","TL","TO","TT","TV","VU","AZ","BN","BI","KH","CM","TD","KM","GQ","SZ","GA","GN","KG","LA","MO","MR","MN","NP","RW","TG","UZ","ZW","BJ","MG","MU","MZ","AO","CI","DJ","ZM","CD","CG","IQ","LY","TJ","VE","ET","XK"],"disc_number":1,"duration_ms":197628,"explicit":true,"external_urls":{"spotify":"https://open.spotify.com/track/7IzcWqIq11B7p3jjHUyNfH"},"href":"https://api.spotify.com/v1/tracks/7IzcWqIq11B7p3jjHUyNfH","id":"7IzcWqIq11B7p3jjHUyNfH","name":"NMAX","preview_url":null,"track_number":2,"type":"track","uri":"spotify:track:7IzcWqIq11B7p3jjHUyNfH","is_local":false},{"artists":[{"external_urls":{"spotify":"https://open.spotify.com/artist/7ciBW1p3KBsYIkFk4UmwS8"},"href":"https://api.spotify.com/v1/artists/7ciBW1p3KBsYIkFk4UmwS8","id":"7ciBW1p3KBsYIkFk4UmwS8","name":"The Rudeboyz","type":"artist","uri":"spotify:artist:7ciBW1p3KBsYIkFk4UmwS8"},{"external_urls":{"spotify":"https://open.spotify.com/artist/5t4bsXVxbRW0nxuCPuNuxz"},"href":"https://api.spotify.com/v1/artists/5t4bsXVxbRW0nxuCPuNuxz","id":"5t4bsXVxbRW0nxuCPuNuxz","name":"LA GURU","type":"artist","uri":"spotify:artist:5t4bsXVxbRW0nxuCPuNuxz"}],"available_markets":["AR","AU","AT","BE","BO","BR","BG","CA","CL","CO","CR","CY","CZ","DK","DO","DE","EC","EE","SV","FI","FR","GR","GT","HN","HK","HU","IS","IE","IT","LV","LT","LU","MY","MT","MX","NL","NZ","NI","NO","PA","PY","PE","PH","PL","PT","SG","SK","ES","SE","CH","TW","TR","UY","US","GB","AD","LI","MC","ID","JP","TH","VN","RO","IL","ZA","SA","AE","BH","QA","OM","KW","EG","MA","DZ","TN","LB","JO","PS","IN","KZ","MD","UA","AL","BA","HR","ME","MK","RS","SI","KR","BD","PK","LK","GH","KE","NG","TZ","UG","AG","AM","BS","BB","BZ","BT","BW","BF","CV","CW","DM","FJ","GM","GE","GD","GW","GY","HT","JM","KI","LS","LR","MW","MV","ML","MH","FM","NA","NR","NE","PW","PG","PR","WS","SM","ST","SN","SC","SL","SB","KN","LC","VC","SR","TL","TO","TT","TV","VU","AZ","BN","BI","KH","CM","TD","KM","GQ","SZ","GA","GN","KG","LA","MO","MR","MN","NP","RW","TG","UZ","ZW","BJ","MG","MU","MZ","AO","CI","DJ","ZM","CD","CG","IQ","LY","TJ","VE","ET","XK"],"disc_number":1,"duration_ms":204179,"explicit":true,"external_urls":{"spotify":"https://open.spotify.com/track/0wdSGS3S3rQ9WDwZ9neSyT"},"href":"https://api.spotify.com/v1/tracks/0wdSGS3S3rQ9WDwZ9neSyT","id":"0wdSGS3S3rQ9WDwZ9neSyT","name":"MI FLETE","preview_url":null,"track_number":3,"type":"track","uri":"spotify:track:0wdSGS3S3rQ9WDwZ9neSyT","is_local":false},{"artists":[{"external_urls":{"spotify":"https://open.spotify.com/artist/7ciBW1p3KBsYIkFk4UmwS8"},"href":"https://api.spotify.com/v1/artists/7ciBW1p3KBsYIkFk4UmwS8","id":"7ciBW1p3KBsYIkFk4UmwS8","name":"The Rudeboyz","type":"artist","uri":"spotify:artist:7ciBW1p3KBsYIkFk4UmwS8"},{"external_urls":{"spotify":"https://open.spotify.com/artist/3i6lAgVHplDXb6zrjIeBeK"},"href":"https://api.spotify.com/v1/artists/3i6lAgVHplDXb6zrjIeBeK","id":"3i6lAgVHplDXb6zrjIeBeK","name":"Kris R.","type":"artist","uri":"spotify:artist:3i6lAgVHplDXb6zrjIeBeK"},{"external_urls":{"spotify":"https://open.spotify.com/artist/49ggXUsjVHl7BwwaiPUCn6"},"href":"https://api.spotify.com/v1/artists/49ggXUsjVHl7BwwaiPUCn6","id":"49ggXUsjVHl7BwwaiPUCn6","name":"Juan Duque","type":"artist","uri":"spotify:artist:49ggXUsjVHl7BwwaiPUCn6"}],"available_markets":["AR","AU","AT","BE","BO","BR","BG","CA","CL","CO","CR","CY","CZ","DK","DO","DE","EC","EE","SV","FI","FR","GR","GT","HN","HK","HU","IS","IE","IT","LV","LT","LU","MY","MT","MX","NL","NZ","NI","NO","PA","PY","PE","PH","PL","PT","SG","SK","ES","SE","CH","TW","TR","UY","US","GB","AD","LI","MC","ID","JP","TH","VN","RO","IL","ZA","SA","AE","BH","QA","OM","KW","EG","MA","DZ","TN","LB","JO","PS","IN","KZ","MD","UA","AL","BA","HR","ME","MK","RS","SI","KR","BD","PK","LK","GH","KE","NG","TZ","UG","AG","AM","BS","BB","BZ","BT","BW","BF","CV","CW","DM","FJ","GM","GE","GD","GW","GY","HT","JM","KI","LS","LR","MW","MV","ML","MH","FM","NA","NR","NE","PW","PG","PR","WS","SM","ST","SN","SC","SL","SB","KN","LC","VC","SR","TL","TO","TT","TV","VU","AZ","BN","BI","KH","CM","TD","KM","GQ","SZ","GA","GN","KG","LA","MO","MR","MN","NP","RW","TG","UZ","ZW","BJ","MG","MU","MZ","AO","CI","DJ","ZM","CD","CG","IQ","LY","TJ","VE","ET","XK"],"disc_number":1,"duration_ms":175829,"explicit":true,"external_urls":{"spotify":"https://open.spotify.com/track/4bRAg3pIfqt5Nh7IDoVZYx"},"href":"https://api.spotify.com/v1/tracks/4bRAg3pIfqt5Nh7IDoVZYx","id":"4bRAg3pIfqt5Nh7IDoVZYx","name":"POR LO QUE VEO","preview_url":null,"track_number":4,"type":"track","uri":"spotify:track:4bRAg3pIfqt5Nh7IDoVZYx","is_local":false},{"artists":[{"external_urls":{"spotify":"https://open.spotify.com/artist/7ciBW1p3KBsYIkFk4UmwS8"},"href":"https://api.spotify.com/v1/artists/7ciBW1p3KBsYIkFk4UmwS8","id":"7ciBW1p3KBsYIkFk4UmwS8","name":"The Rudeboyz","type":"artist","uri":"spotify:artist:7ciBW1p3KBsYIkFk4UmwS8"},{"external_urls":{"spotify":"https://open.spotify.com/artist/2iBSDwlk9bvp1aKT4ubGoC"},"href":"https://api.spotify.com/v1/artists/2iBSDwlk9bvp1aKT4ubGoC","id":"2iBSDwlk9bvp1aKT4ubGoC","name":"El Clooy","type":"artist","uri":"spotify:artist:2iBSDwlk9bvp1aKT4ubGoC"},{"external_urls":{"spotify":"https://open.spotify.com/artist/5IYRfypwG9BDDh5ZRPI80z"},"href":"https://api.spotify.com/v1/artists/5IYRfypwG9BDDh5ZRPI80z","id":"5IYRfypwG9BDDh5ZRPI80z","name":"Totoy El Frio","type":"artist","uri":"spotify:artist:5IYRfypwG9BDDh5ZRPI80z"},{"external_urls":{"spotify":"https://open.spotify.com/artist/4JXX3NYMoXT5RqEGH1PAcc"},"href":"https://api.spotify.com/v1/artists/4JXX3NYMoXT5RqEGH1PAcc","id":"4JXX3NYMoXT5RqEGH1PAcc","name":"Miky la Sensa","type":"artist","uri":"spotify:artist:4JXX3NYMoXT5RqEGH1PAcc"}],"available_markets":["AR","AU","AT","BE","BO","BR","BG","CA","CL","CO","CR","CY","CZ","DK","DO","DE","EC","EE","SV","FI","FR","GR","GT","HN","HK","HU","IS","IE","IT","LV","LT","LU","MY","MT","MX","NL","NZ","NI","NO","PA","PY","PE","PH","PL","PT","SG","SK","ES","SE","CH","TW","TR","UY","US","GB","AD","LI","MC","ID","JP","TH","VN","RO","IL","ZA","SA","AE","BH","QA","OM","KW","EG","MA","DZ","TN","LB","JO","PS","IN","KZ","MD","UA","AL","BA","HR","ME","MK","RS","SI","KR","BD","PK","LK","GH","KE","NG","TZ","UG","AG","AM","BS","BB","BZ","BT","BW","BF","CV","CW","DM","FJ","GM","GE","GD","GW","GY","HT","JM","KI","LS","LR","MW","MV","ML","MH","FM","NA","NR","NE","PW","PG","PR","WS","SM","ST","SN","SC","SL","SB","KN","LC","VC","SR","TL","TO","TT","TV","VU","AZ","BN","BI","KH","CM","TD","KM","GQ","SZ","GA","GN","KG","LA","MO","MR","MN","NP","RW","TG","UZ","ZW","BJ","MG","MU","MZ","AO","CI","DJ","ZM","CD","CG","IQ","LY","TJ","VE","ET","XK"],"disc_number":1,"duration_ms":175609,"explicit":true,"external_urls":{"spotify":"https://open.spotify.com/track/6DVuLWG06QY5SdA9YuPMGt"},"href":"https://api.spotify.com/v1/tracks/6DVuLWG06QY5SdA9YuPMGt","id":"6DVuLWG06QY5SdA9YuPMGt","name":"SIN VISAJE (feat. Miky la Sensa)","preview_url":null,"track_number":5,"type":"track","uri":"spotify:track:6DVuLWG06QY5SdA9YuPMGt","is_local":false}]},"copyrights":[{"text":"© 2024 The Rudeboyz LLC, in partnership with Cigol Music Group/ReLo-Co. Music/Globalatino Music Partners","type":"C"},{"text":"℗ 2024 The Rudeboyz LLC, in partnership with Cigol Music Group/ReLo-Co. Music/Globalatino Music Partners","type":"P"}],"external_ids":{"upc":"5021732552846"},"genres":[],"label":"WEA Latina","popularity":26},{"album_type":"album","total_tracks":18,"available_markets":["AR","AU","AT","BE","BO","BR","BG","CA","CL","CO","CR","CY","CZ","DK","DO","DE","EC","EE","SV","FI","FR","GR","GT","HN","HK","HU","IS","IE","IT","LV","LT","LU","MY","MT","MX","NL","NZ","NI","NO","PA","PY","PE","PH","PL","PT","SG","SK","ES","SE","CH","TW","TR","UY","US","GB","AD","LI","MC","ID","JP","TH","VN","RO","IL","ZA","SA","AE","BH","QA","OM","KW","EG","MA","DZ","TN","LB","JO","PS","IN","BY","KZ","MD","UA","AL","BA","HR","ME","MK","RS","SI","KR","BD","PK","LK","GH","KE","NG","TZ","UG","AG","AM","BS","BB","BZ","BT","BW","BF","CV","CW","DM","FJ","GM","GE","GD","GW","GY","HT","JM","KI","LS","LR","MW","MV","ML","MH","FM","NA","NR","NE","PW","PG","PR","WS","SM","ST","SN","SC","SL","SB","KN","LC","VC","SR","TL","TO","TT","TV","VU","AZ","BN","BI","KH","CM","TD","KM","GQ","SZ","GA","GN","KG","LA","MO","MR","MN","NP","RW","TG","UZ","ZW","BJ","MG","MU","MZ","AO","CI","DJ","ZM","CD","CG","IQ","LY","TJ","VE","ET","XK"],"external_urls":{"spotify":"https://open.spotify.com/album/0aX0UXrHG2ceYIxTQcqJdA"},"href":"https://api.spotify.com/v1/albums/0aX0UXrHG2ceYIxTQcqJdA","id":"0aX0UXrHG2ceYIxTQcqJdA","images":[{"url":"https://i.scdn.co/image/ab67616d0000b273ed432d7df981360768dd5856","height":640,"width":640},{"url":"https://i.scdn.co/image/ab67616d00001e02ed432d7df981360768dd5856","height":300,"width":300},{"url":"https://i.scdn.co/image/ab67616d00004851ed432d7df981360768dd5856","height":64,"width":64}],"name":"Cosa Nuestra","release_date":"2024-11-15","release_date_precision":"day","type":"album","uri":"spotify:album:0aX0UXrHG2ceYIxTQcqJdA","artists":[{"external_urls":{"spotify":"https://open.spotify.com/artist/1mcTU81TzQhprhouKaTkpq"},"href":"https://api.spotify.com/v1/artists/1mcTU81TzQhprhouKaTkpq","id":"1mcTU81TzQhprhouKaTkpq","name":"Rauw Alejandro","type":"artist","uri":"spotify:artist:1mcTU81TzQhprhouKaTkpq"}],"tracks":{"href":"https://api.spotify.com/v1/albums/0aX0UXrHG2ceYIxTQcqJdA/tracks?offset=0&limit=50","limit":50,"next":null,"offset":0,"previous":null,"total":18,"items":[{"artists":[{"external_urls":{"spotify":"https://open.spotify.com/artist/1mcTU81TzQhprhouKaTkpq"},"href":"https://api.spotify.com/v1/artists/1mcTU81TzQhprhouKaTkpq","id":"1mcTU81TzQhprhouKaTkpq","name":"Rauw Alejandro","type":"artist","uri":"spotify:artist:1mcTU81TzQhprhouKaTkpq"}],"available_markets":["AR","AU","AT","BE","BO","BR","BG","CA","CL","CO","CR","CY","CZ","DK","DO","DE","EC","EE","SV","FI","FR","GR","GT","HN","HK","HU","IS","IE","IT","LV","LT","LU","MY","MT","MX","NL","NZ","NI","NO","PA","PY","PE","PH","PL","PT","SG","SK","ES","SE","CH","TW","TR","UY","US","GB","AD","LI","MC","ID","JP","TH","VN","RO","IL","ZA","SA","AE","BH","QA","OM","KW","EG","MA","DZ","TN","LB","JO","PS","IN","BY","KZ","MD","UA","AL","BA","HR","ME","MK","RS","SI","KR","BD","PK","LK","GH","KE","NG","TZ","UG","AG","AM","BS","BB","BZ","BT","BW","BF","CV","CW","DM","FJ","GM","GE","GD","GW","GY","HT","JM","KI","LS","LR","MW","MV","ML","MH","FM","NA","NR","NE","PW","PG","PR","WS","SM","ST","SN","SC","SL","SB","KN","LC","VC","SR","TL","TO","TT","TV","VU","AZ","BN","BI","KH","CM","TD","KM","GQ","SZ","GA","GN","KG","LA","MO","MR","MN","NP","RW","TG","UZ","ZW","BJ","MG","MU","MZ","AO","CI","DJ","ZM","CD","CG","IQ","LY","TJ","VE","ET","XK"],"disc_number":1,"duration_ms":260454,"explicit":true,"external_urls":{"spotify":"https://open.spotify.com/track/5UxEKpzvvLnjoC10XoogN3"},"href":"https://api.spotify.com/v1/tracks/5UxEKpzvvLnjoC10XoogN3","id":"5UxEKpzvvLnjoC10XoogN3","name":"Cosa Nuestra","preview_url":null,"track_number":1,"type":"track","uri":"spotify:track:5UxEKpzvvLnjoC10XoogN3","is_local":false},{"artists":[{"external_urls":{"spotify":"https://open.spotify.com/artist/1mcTU81TzQhprhouKaTkpq"},"href":"https://api.spotify.com/v1/artists/1mcTU81TzQhprhouKaTkpq","id":"1mcTU81TzQhprhouKaTkpq","name":"Rauw Alejandro","type":"artist","uri":"spotify:artist:1mcTU81TzQhprhouKaTkpq"}],"available_markets":["AR","AU","AT","BE","BO","BR","BG","CA","CL","CO","CR","CY","CZ","DK","DO","DE","EC","EE","SV","FI","FR","GR","GT","HN","HK","HU","IS","IE","IT","LV","LT","LU","MY","MT","MX","NL","NZ","NI","NO","PA","PY","PE","PH","PL","PT","SG","SK","ES","SE","CH","TW","TR","UY","US","GB","AD","LI","MC","ID","JP","TH","VN","RO","IL","ZA","SA","AE","BH","QA","OM","KW","EG","MA","DZ","TN","LB","JO","PS","IN","BY","KZ","MD","UA","AL","BA","HR","ME","MK","RS","SI","KR","BD","PK","LK","GH","KE","NG","TZ","UG","AG","AM","BS","BB","BZ","BT","BW","BF","CV","CW","DM","FJ","GM","GE","GD","GW","GY","HT","JM","KI","LS","LR","MW","MV","ML","MH","FM","NA","NR","NE","PW","PG","PR","WS","SM","ST","SN","SC","SL","SB","KN","LC","VC","SR","TL","TO","TT","TV","VU","AZ","BN","BI","KH","CM","TD","KM","GQ","SZ","GA","GN","KG","LA","MO","MR","MN","NP","RW","TG","UZ","ZW","BJ","MG","MU","MZ","AO","CI","DJ","ZM","CD","CG","IQ","LY","TJ","VE","ET","XK"],"disc_number":1,"duration_ms":254705,"explicit":true,"external_urls":{"spotify":"https://open.spotify.com/track/5tZgkV8FTe3rtl8OcSeQAb"},"href":"https://api.spotify.com/v1/tracks/5tZgkV8FTe3rtl8OcSeQAb","id":"5tZgkV8FTe3rtl8OcSeQAb","name":"Déjame Entrar","preview_url":null,"track_number":2,"type":"track","uri":"spotify:track:5tZgkV8FTe3rtl8OcSeQAb","is_local":false},{"artists":[{"external_urls":{"spotify":"https://open.spotify.com/artist/1mcTU81TzQhprhouKaTkpq"},"href":"https://api.spotify.com/v1/artists/1mcTU81TzQhprhouKaTkpq","id":"1mcTU81TzQhprhouKaTkpq","name":"Rauw Alejandro","type":"artist","uri":"spotify:artist:1mcTU81TzQhprhouKaTkpq"},{"external_urls":{"spotify":"https://open.spotify.com/artist/4q3ewBCX7sLwd24euuV69X"},"href":"https://api.spotify.com/v1/artists/4q3ewBCX7sLwd24euuV69X","id":"4q3ewBCX7sLwd24euuV69X","name":"Bad Bunny","type":"artist","uri":"spotify:artist:4q3ewBCX7sLwd24euuV69X"}],"available_markets":["AR","AU","AT","BE","BO","BR","BG","CA","CL","CO","CR","CY","CZ","DK","DO","DE","EC","EE","SV","FI","FR","GR","GT","HN","HK","HU","IS","IE","IT","LV","LT","LU","MY","MT","MX","NL","NZ","NI","NO","PA","PY","PE","PH","PL","PT","SG","SK","ES","SE","CH","TW","TR","UY","US","GB","AD","LI","MC","ID","JP","TH","VN","RO","IL","ZA","SA","AE","BH","QA","OM","KW","EG","MA","DZ","TN","LB","JO","PS","IN","BY","KZ","MD","UA","AL","BA","HR","ME","MK","RS","SI","KR","BD","PK","LK","GH","KE","NG","TZ","UG","AG","AM","BS","BB","BZ","BT","BW","BF","CV","CW","DM","FJ","GM","GE","GD","GW","GY","HT","JM","KI","LS","LR","MW","MV","ML","MH","FM","NA","NR","NE","PW","PG","PR","WS","SM","ST","SN","SC","SL","SB","KN","LC","VC","SR","TL","TO","TT","TV","VU","AZ","BN","BI","KH","CM","TD","KM","GQ","SZ","GA","GN","KG","LA","MO","MR","MN","NP","RW","TG","UZ","ZW","BJ","MG","MU","MZ","AO","CI","DJ","ZM","CD","CG","IQ","LY","TJ","VE","ET","XK"],"disc_number":1,"duration_ms":191018,"explicit":true,"external_urls":{"spotify":"https://open.spotify.com/track/0l0vcZMU7AOeQmUIREoI2U"},"href":"https://api.spotify.com/v1/tracks/0l0vcZMU7AOeQmUIREoI2U","id":"0l0vcZMU7AOeQmUIREoI2U","name":"Qué Pasaría...","preview_url":null,"track_number":3,"type":"track","uri":"spotify:track:0l0vcZMU7AOeQmUIREoI2U","is_local":false},{"artists":[{"external_urls":{"spotify":"https://open.spotify.com/artist/1mcTU81TzQhprhouKaTkpq"},"href":"https://api.spotify.com/v1/artists/1mcTU81TzQhprhouKaTkpq","id":"1mcTU81TzQhprhouKaTkpq","name":"Rauw Alejandro","type":"artist","uri":"spotify:artist:1mcTU81TzQhprhouKaTkpq"}],"available_markets":["AR","AU","AT","BE","BO","BR","BG","CA","CL","CO","CR","CY","CZ","DK","DO","DE","EC","EE","SV","FI","FR","GR","GT","HN","HK","HU","IS","IE","IT","LV","LT","LU","MY","MT","MX","NL","NZ","NI","NO","PA","PY","PE","PH","PL","PT","SG","SK","ES","SE","CH","TW","TR","UY","US","GB","AD","LI","MC","ID","JP","TH","VN","RO","IL","ZA","SA","AE","BH","QA","OM","KW","EG","MA","DZ","TN","LB","JO","PS","IN","BY","KZ","MD","UA","AL","BA","HR","ME","MK","RS","SI","KR","BD","PK","LK","GH","KE","NG","TZ","UG","AG","AM","BS","BB","BZ","BT","BW","BF","CV","CW","DM","FJ","GM","GE","GD","GW","GY","HT","JM","KI","LS","LR","MW","MV","ML","MH","FM","NA","NR","NE","PW","PG","PR","WS","SM","ST","SN","SC","SL","SB","KN","LC","VC","SR","TL","TO","TT","TV","VU","AZ","BN","BI","KH","CM","TD","KM","GQ","SZ","GA","GN","KG","LA","MO","MR","MN","NP","RW","TG","UZ","ZW","BJ","MG","MU","MZ","AO","CI","DJ","ZM","CD","CG","IQ","LY","TJ","VE","ET","XK"],"disc_number":1,"duration_ms":289131,"explicit":false,"external_urls":{"spotify":"https://open.spotify.com/track/2eQFYGegTZaObk2kuBz83Z"},"href":"https://api.spotify.com/v1/tracks/2eQFYGegTZaObk2kuBz83Z","id":"2eQFYGegTZaObk2kuBz83Z","name":"Tú Con Él","preview_url":null,"track_number":4,"type":"track","uri":"spotify:track:2eQFYGegTZaObk2kuBz83Z","is_local":false},{"artists":[{"external_urls":{"spotify":"https://open.spotify.com/artist/1mcTU81TzQhprhouKaTkpq"},"href":"https://api.spotify.com/v1/artists/1mcTU81TzQhprhouKaTkpq","id":"1mcTU81TzQhprhouKaTkpq","name":"Rauw Alejandro","type":"artist","uri":"spotify:artist:1mcTU81TzQhprhouKaTkpq"},{"external_urls":{"spotify":"https://open.spotify.com/artist/2RdwBSPQiwcmiDo9kixcl8"},"href":"https://api.spotify.com/v1/artists/2RdwBSPQiwcmiDo9kixcl8","id":"2RdwBSPQiwcmiDo9kixcl8","name":"Pharrell Williams","type":"artist","uri":"spotify:artist:2RdwBSPQiwcmiDo9kixcl8"}],"available_markets":["AR","AU","AT","BE","BO","BR","BG","CA","CL","CO","CR","CY","CZ","DK","DO","DE","EC","EE","SV","FI","FR","GR","GT","HN","HK","HU","IS","IE","IT","LV","LT","LU","MY","MT","MX","NL","NZ","NI","NO","PA","PY","PE","PH","PL","PT","SG","SK","ES","SE","CH","TW","TR","UY","US","GB","AD","LI","MC","ID","JP","TH","VN","RO","IL","ZA","SA","AE","BH","QA","OM","KW","EG","MA","DZ","TN","LB","JO","PS","IN","BY","KZ","MD","UA","AL","BA","HR","ME","MK","RS","SI","KR","BD","PK","LK","GH","KE","NG","TZ","UG","AG","AM","BS","BB","BZ","BT","BW","BF","CV","CW","DM","FJ","GM","GE","GD","GW","GY","HT","JM","KI","LS","LR","MW","MV","ML","MH","FM","NA","NR","NE","PW","PG","PR","WS","SM","ST","SN","SC","SL","SB","KN","LC","VC","SR","TL","TO","TT","TV","VU","AZ","BN","BI","KH","CM","TD","KM","GQ","SZ","GA","GN","KG","LA","MO","MR","MN","NP","RW","TG","UZ","ZW","BJ","MG","MU","MZ","AO","CI","DJ","ZM","CD","CG","IQ","LY","TJ","VE","ET","XK"],"disc_number":1,"duration_ms":159344,"explicit":true,"external_urls":{"spotify":"https://open.spotify.com/track/7xdRj1wA4XzYnXynPmtmnq"},"href":"https://api.spotify.com/v1/tracks/7xdRj1wA4XzYnXynPmtmnq","id":"7xdRj1wA4XzYnXynPmtmnq","name":"Committed","preview_url":null,"track_number":5,"type":"track","uri":"spotify:track:7xdRj1wA4XzYnXynPmtmnq","is_local":false},{"artists":[{"external_urls":{"spotify":"https://open.spotify.com/artist/1mcTU81TzQhprhouKaTkpq"},"href":"https://api.spotify.com/v1/artists/1mcTU81TzQhprhouKaTkpq","id":"1mcTU81TzQhprhouKaTkpq","name":"Rauw Alejandro","type":"artist","uri":"spotify:artist:1mcTU81TzQhprhouKaTkpq"},{"external_urls":{"spotify":"https://open.spotify.com/artist/3AP96neoRZgep3w7wvhubP"},"href":"https://api.spotify.com/v1/artists/3AP96neoRZgep3w7wvhubP","id":"3AP96neoRZgep3w7wvhubP","name":"Marconi Impara","type":"artist","uri":"spotify:artist:3AP96neoRZgep3w7wvhubP"},{"external_urls":{"spotify":"https://open.spotify.com/artist/6TKygPpVT29oGUogu4J9Ec"},"href":"https://api.spotify.com/v1/artists/6TKygPpVT29oGUogu4J9Ec","id":"6TKygPpVT29oGUogu4J9Ec","name":"Yan Block","type":"artist","uri":"spotify:artist:6TKygPpVT29oGUogu4J9Ec"}],"available_markets":["AR","AU","AT","BE","BO","BR","BG","CA","CL","CO","CR","CY","CZ","DK","DO","DE","EC","EE","SV","FI","FR","GR","GT","HN","HK","HU","IS","IE","IT","LV","LT","LU","MY","MT","MX","NL","NZ","NI","NO","PA","PY","PE","PH","PL","PT","SG","SK","ES","SE","CH","TW","TR","UY","US","GB","AD","LI","MC","ID","JP","TH","VN","RO","IL","ZA","SA","AE","BH","QA","OM","KW","EG","MA","DZ","TN","LB","JO","PS","IN","BY","KZ","MD","UA","AL","BA","HR","ME","MK","RS","SI","KR","BD","PK","LK","GH","KE","NG","TZ","UG","AG","AM","BS","BB","BZ","BT","BW","BF","CV","CW","DM","FJ","GM","GE","GD","GW","GY","HT","JM","KI","LS","LR","MW","MV","ML","MH","FM","NA","NR","NE","PW","PG","PR","WS","SM","ST","SN","SC","SL","SB","KN","LC","VC","SR","TL","TO","TT","TV","VU","AZ","BN","BI","KH","CM","TD","KM","GQ","SZ","GA","GN","KG","LA","MO","MR","MN","NP","RW","TG","UZ","ZW","BJ","MG","MU","MZ","AO","CI","DJ","ZM","CD","CG","IQ","LY","TJ","VE","ET","XK"],"disc_number":1,"duration_ms":191219,"explicit":true,"external_urls":{"spotify":"https://open.spotify.com/track/3PJgmyLaybZtALX4mrgbiD"},"href":"https://api.spotify.com/v1/tracks/3PJgmyLaybZtALX4mrgbiD","id":"3PJgmyLaybZtALX4mrgbiD","name":"Espresso Martini","preview_url":null,"track_number":6,"type":"track","uri":"spotify:track:3PJgmyLaybZtALX4mrgbiD","is_local":false},{"artists":[{"external_urls":{"spotify":"https://open.spotify.com/artist/1mcTU81TzQhprhouKaTkpq"},"href":"https://api.spotify.com/v1/artists/1mcTU81TzQhprhouKaTkpq","id":"1mcTU81TzQhprhouKaTkpq","name":"Rauw Alejandro","type":"artist","uri":"spotify:artist:1mcTU81TzQhprhouKaTkpq"},{"external_urls":{"spotify":"https://open.spotify.com/artist/7tU1VKOuxiNZwBZC6RHidA"},"href":"https://api.spotify.com/v1/artists/7tU1VKOuxiNZwBZC6RHidA","id":"7tU1VKOuxiNZwBZC6RHidA","name":"Alexis y Fido","type":"artist","uri":"spotify:artist:7tU1VKOuxiNZwBZC6RHidA"}],"available_markets":["AR","AU","AT","BE","BO","BR","BG","CA","CL","CO","CR","CY","CZ","DK","DO","DE","EC","EE","SV","FI","FR","GR","GT","HN","HK","HU","IS","IE","IT","LV","LT","LU","MY","MT","MX","NL","NZ","NI","NO","PA","PY","PE","PH","PL","PT","SG","SK","ES","SE","CH","TW","TR","UY","US","GB","AD","LI","MC","ID","JP","TH","VN","RO","IL","ZA","SA","AE","BH","QA","OM","KW","EG","MA","DZ","TN","LB","JO","PS","IN","BY","KZ","MD","UA","AL","BA","HR","ME","MK","RS","SI","KR","BD","PK","LK","GH","KE","NG","TZ","UG","AG","AM","BS","BB","BZ","BT","BW","BF","CV","CW","DM","FJ","GM","GE","GD","GW","GY","HT","JM","KI","LS","LR","MW","MV","ML","MH","FM","NA","NR","NE","PW","PG","PR","WS","SM","ST","SN","SC","SL","SB","KN","LC","VC","SR","TL","TO","TT","TV","VU","AZ","BN","BI","KH","CM","TD","KM","GQ","SZ","GA","GN","KG","LA","MO","MR","MN","NP","RW","TG","UZ","ZW","BJ","MG","MU","MZ","AO","CI","DJ","ZM","CD","CG","IQ","LY","TJ","VE","ET","XK"],"disc_number":1,"duration_ms":200000,"explicit":true,"external_urls":{"spotify":"https://open.spotify.com/track/3HCcfBsa4TdiC0so0fPnRi"},"href":"https://api.spotify.com/v1/tracks/3HCcfBsa4TdiC0so0fPnRi","id":"3HCcfBsa4TdiC0so0fPnRi","name":"Baja Pa' Acá","preview_url":null,"track_number":7,"type":"track","uri":"spotify:track:3HCcfBsa4TdiC0so0fPnRi","is_local":false},{"artists":[{"external_urls":{"spotify":"https://open.spotify.com/artist/1mcTU81TzQhprhouKaTkpq"},"href":"https://api.spotify.com/v1/artists/1mcTU81TzQhprhouKaTkpq","id":"1mcTU81TzQhprhouKaTkpq","name":"Rauw Alejandro","type":"artist","uri":"spotify:artist:1mcTU81TzQhprhouKaTkpq"}],"available_markets":["AR","AU","AT","BE","BO","BR","BG","CA","CL","CO","CR","CY","CZ","DK","DO","DE","EC","EE","SV","FI","FR","GR","GT","HN","HK","HU","IS","IE","IT","LV","LT","LU","MY","MT","MX","NL","NZ","NI","NO","PA","PY","PE","PH","PL","PT","SG","SK","ES","SE","CH","TW","TR","UY","US","GB","AD","LI","MC","ID","JP","TH","VN","RO","IL","ZA","SA","AE","BH","QA","OM","KW","EG","MA","DZ","TN","LB","JO","PS","IN","BY","KZ","MD","UA","AL","BA","HR","ME","MK","RS","SI","KR","BD","PK","LK","GH","KE","NG","TZ","UG","AG","AM","BS","BB","BZ","BT","BW","BF","CV","CW","DM","FJ","GM","GE","GD","GW","GY","HT","JM","KI","LS","LR","MW","MV","ML","MH","FM","NA","NR","NE","PW","PG","PR","WS","SM","ST","SN","SC","SL","SB","KN","LC","VC","SR","TL","TO","TT","TV","VU","AZ","BN","BI","KH","CM","TD","KM","GQ","SZ","GA","GN","KG","LA","MO","MR","MN","NP","RW","TG","UZ","ZW","BJ","MG","MU","MZ","AO","CI","DJ","ZM","CD","CG","IQ","LY","TJ","VE","ET","XK"],"disc_number":1,"duration_ms":229787,"explicit":true,"external_urls":{"spotify":"https://open.spotify.com/track/0xyWkRMb09qdCDhloehCsi"},"href":"https://api.spotify.com/v1/tracks/0xyWkRMb09qdCDhloehCsi","id":"0xyWkRMb09qdCDhloehCsi","name":"Ni Me Conozco","preview_url":null,"track_number":8,"type":"track","uri":"spotify:track:0xyWkRMb09qdCDhloehCsi","is_local":false},{"artists":[{"external_urls":{"spotify":"https://open.spotify.com/artist/1mcTU81TzQhprhouKaTkpq"},"href":"https://api.spotify.com/v1/artists/1mcTU81TzQhprhouKaTkpq","id":"1mcTU81TzQhprhouKaTkpq","name":"Rauw Alejandro","type":"artist","uri":"spotify:artist:1mcTU81TzQhprhouKaTkpq"}],"available_markets":["AR","AU","AT","BE","BO","BR","BG","CA","CL","CO","CR","CY","CZ","DK","DO","DE","EC","EE","SV","FI","FR","GR","GT","HN","HK","HU","IS","IE","IT","LV","LT","LU","MY","MT","MX","NL","NZ","NI","NO","PA","PY","PE","PH","PL","PT","SG","SK","ES","SE","CH","TW","TR","UY","US","GB","AD","LI","MC","ID","JP","TH","VN","RO","IL","ZA","SA","AE","BH","QA","OM","KW","EG","MA","DZ","TN","LB","JO","PS","IN","BY","KZ","MD","UA","AL","BA","HR","ME","MK","RS","SI","KR","BD","PK","LK","GH","KE","NG","TZ","UG","AG","AM","BS","BB","BZ","BT","BW","BF","CV","CW","DM","FJ","GM","GE","GD","GW","GY","HT","JM","KI","LS","LR","MW","MV","ML","MH","FM","NA","NR","NE","PW","PG","PR","WS","SM","ST","SN","SC","SL","SB","KN","LC","VC","SR","TL","TO","TT","TV","VU","AZ","BN","BI","KH","CM","TD","KM","GQ","SZ","GA","GN","KG","LA","MO","MR","MN","NP","RW","TG","UZ","ZW","BJ","MG","MU","MZ","AO","CI","DJ","ZM","CD","CG","IQ","LY","TJ","VE","ET","XK"],"disc_number":1,"duration_ms":249599,"explicit":true,"external_urls":{"spotify":"https://open.spotify.com/track/7v12ia1PFVN9jSgU43rJnS"},"href":"https://api.spotify.com/v1/tracks/7v12ia1PFVN9jSgU43rJnS","id":"7v12ia1PFVN9jSgU43rJnS","name":"IL Capo","preview_url":null,"track_number":9,"type":"track","uri":"spotify:track:7v12ia1PFVN9jSgU43rJnS","is_local":false},{"artists":[{"external_urls":{"spotify":"https://open.spotify.com/artist/1mcTU81TzQhprhouKaTkpq"},"href":"https://api.spotify.com/v1/artists/1mcTU81TzQhprhouKaTkpq","id":"1mcTU81TzQhprhouKaTkpq","name":"Rauw Alejandro","type":"artist","uri":"spotify:artist:1mcTU81TzQhprhouKaTkpq"},{"external_urls":{"spotify":"https://open.spotify.com/artist/2LRoIwlKmHjgvigdNGBHNo"},"href":"https://api.spotify.com/v1/artists/2LRoIwlKmHjgvigdNGBHNo","id":"2LRoIwlKmHjgvigdNGBHNo","name":"Feid","type":"artist","uri":"spotify:artist:2LRoIwlKmHjgvigdNGBHNo"}],"available_markets":["AR","AU","AT","BE","BO","BR","BG","CA","CL","CO","CR","CY","CZ","DK","DO","DE","EC","EE","SV","FI","FR","GR","GT","HN","HK","HU","IS","IE","IT","LV","LT","LU","MY","MT","MX","NL","NZ","NI","NO","PA","PY","PE","PH","PL","PT","SG","SK","ES","SE","CH","TW","TR","UY","US","GB","AD","LI","MC","ID","JP","TH","VN","RO","IL","ZA","SA","AE","BH","QA","OM","KW","EG","MA","DZ","TN","LB","JO","PS","IN","BY","KZ","MD","UA","AL","BA","HR","ME","MK","RS","SI","KR","BD","PK","LK","GH","KE","NG","TZ","UG","AG","AM","BS","BB","BZ","BT","BW","BF","CV","CW","DM","FJ","GM","GE","GD","GW","GY","HT","JM","KI","LS","LR","MW","MV","ML","MH","FM","NA","NR","NE","PW","PG","PR","WS","SM","ST","SN","SC","SL","SB","KN","LC","VC","SR","TL","TO","TT","TV","VU","AZ","BN","BI","KH","CM","TD","KM","GQ","SZ","GA","GN","KG","LA","MO","MR","MN","NP","RW","TG","UZ","ZW","BJ","MG","MU","MZ","AO","CI","DJ","ZM","CD","CG","IQ","LY","TJ","VE","ET","XK"],"disc_number":1,"duration_ms":215511,"explicit":true,"external_urls":{"spotify":"https://open.spotify.com/track/4lqJsJd7kqWVvamQ4aFHA8"},"href":"https://api.spotify.com/v1/tracks/4lqJsJd7kqWVvamQ4aFHA8","id":"4lqJsJd7kqWVvamQ4aFHA8","name":"Revolú","preview_url":null,"track_number":10,"type":"track","uri":"spotify:track:4lqJsJd7kqWVvamQ4aFHA8","is_local":false},{"artists":[{"external_urls":{"spotify":"https://open.spotify.com/artist/1mcTU81TzQhprhouKaTkpq"},"href":"https://api.spotify.com/v1/artists/1mcTU81TzQhprhouKaTkpq","id":"1mcTU81TzQhprhouKaTkpq","name":"Rauw Alejandro","type":"artist","uri":"spotify:artist:1mcTU81TzQhprhouKaTkpq"}],"available_markets":["AR","AU","AT","BE","BO","BR","BG","CA","CL","CO","CR","CY","CZ","DK","DO","DE","EC","EE","SV","FI","FR","GR","GT","HN","HK","HU","IS","IE","IT","LV","LT","LU","MY","MT","MX","NL","NZ","NI","NO","PA","PY","PE","PH","PL","PT","SG","SK","ES","SE","CH","TW","TR","UY","US","GB","AD","LI","MC","ID","JP","TH","VN","RO","IL","ZA","SA","AE","BH","QA","OM","KW","EG","MA","DZ","TN","LB","JO","PS","IN","BY","KZ","MD","UA","AL","BA","HR","ME","MK","RS","SI","KR","BD","PK","LK","GH","KE","NG","TZ","UG","AG","AM","BS","BB","BZ","BT","BW","BF","CV","CW","DM","FJ","GM","GE","GD","GW","GY","HT","JM","KI","LS","LR","MW","MV","ML","MH","FM","NA","NR","NE","PW","PG","PR","WS","SM","ST","SN","SC","SL","SB","KN","LC","VC","SR","TL","TO","TT","TV","VU","AZ","BN","BI","KH","CM","TD","KM","GQ","SZ","GA","GN","KG","LA","MO","MR","MN","NP","RW","TG","UZ","ZW","BJ","MG","MU","MZ","AO","CI","DJ","ZM","CD","CG","IQ","LY","TJ","VE","ET","XK"],"disc_number":1,"duration_ms":168922,"explicit":true,"external_urls":{"spotify":"https://open.spotify.com/track/2J0TjDpiUlwgFRvVxtaLud"},"href":"https://api.spotify.com/v1/tracks/2J0TjDpiUlwgFRvVxtaLud","id":"2J0TjDpiUlwgFRvVxtaLud","name":"Mil Mujeres","preview_url":null,"track_number":11,"type":"track","uri":"spotify:track:2J0TjDpiUlwgFRvVxtaLud","is_local":false},{"artists":[{"external_urls":{"spotify":"https://open.spotify.com/artist/1mcTU81TzQhprhouKaTkpq"},"href":"https://api.spotify.com/v1/artists/1mcTU81TzQhprhouKaTkpq","id":"1mcTU81TzQhprhouKaTkpq","name":"Rauw Alejandro","type":"artist","uri":"spotify:artist:1mcTU81TzQhprhouKaTkpq"},{"external_urls":{"spotify":"https://open.spotify.com/artist/5lwmRuXgjX8xIwlnauTZIP"},"href":"https://api.spotify.com/v1/artists/5lwmRuXgjX8xIwlnauTZIP","id":"5lwmRuXgjX8xIwlnauTZIP","name":"Romeo Santos","type":"artist","uri":"spotify:artist:5lwmRuXgjX8xIwlnauTZIP"}],"available_markets":["AR","AU","AT","BE","BO","BR","BG","CA","CL","CO","CR","CY","CZ","DK","DO","DE","EC","EE","SV","FI","FR","GR","GT","HN","HK","HU","IS","IE","IT","LV","LT","LU","MY","MT","MX","NL","NZ","NI","NO","PA","PY","PE","PH","PL","PT","SG","SK","ES","SE","CH","TW","TR","UY","US","GB","AD","LI","MC","ID","JP","TH","VN","RO","IL","ZA","SA","AE","BH","QA","OM","KW","EG","MA","DZ","TN","LB","JO","PS","IN","BY","KZ","MD","UA","AL","BA","HR","ME","MK","RS","SI","KR","BD","PK","LK","GH","KE","NG","TZ","UG","AG","AM","BS","BB","BZ","BT","BW","BF","CV","CW","DM","FJ","GM","GE","GD","GW","GY","HT","JM","KI","LS","LR","MW","MV","ML","MH","FM","NA","NR","NE","PW","PG","PR","WS","SM","ST","SN","SC","SL","SB","KN","LC","VC","SR","TL","TO","TT","TV","VU","AZ","BN","BI","KH","CM","TD","KM","GQ","SZ","GA","GN","KG","LA","MO","MR","MN","NP","RW","TG","UZ","ZW","BJ","MG","MU","MZ","AO","CI","DJ","ZM","CD","CG","IQ","LY","TJ","VE","ET","XK"],"disc_number":1,"duration_ms":206066,"explicit":false,"external_urls":{"spotify":"https://open.spotify.com/track/1YYfyJ2yCvGFCxwjsIqEK9"},"href":"https://api.spotify.com/v1/tracks/1YYfyJ2yCvGFCxwjsIqEK9","id":"1YYfyJ2yCvGFCxwjsIqEK9","name":"Khé?","preview_url":null,"track_number":12,"type":"track","uri":"spotify:track:1YYfyJ2yCvGFCxwjsIqEK9","is_local":false},{"artists":[{"external_urls":{"spotify":"https://open.spotify.com/artist/1mcTU81TzQhprhouKaTkpq"},"href":"https://api.spotify.com/v1/artists/1mcTU81TzQhprhouKaTkpq","id":"1mcTU81TzQhprhouKaTkpq","name":"Rauw Alejandro","type":"artist","uri":"spotify:artist:1mcTU81TzQhprhouKaTkpq"},{"external_urls":{"spotify":"https://open.spotify.com/artist/2e4nwiX8ZCU09LGLOpeqTH"},"href":"https://api.spotify.com/v1/artists/2e4nwiX8ZCU09LGLOpeqTH","id":"2e4nwiX8ZCU09LGLOpeqTH","name":"Laura Pausini","type":"artist","uri":"spotify:artist:2e4nwiX8ZCU09LGLOpeqTH"}],"available_markets":["AR","AU","AT","BE","BO","BR","BG","CA","CL","CO","CR","CY","CZ","DK","DO","DE","EC","EE","SV","FI","FR","GR","GT","HN","HK","HU","IS","IE","IT","LV","LT","LU","MY","MT","MX","NL","NZ","NI","NO","PA","PY","PE","PH","PL","PT","SG","SK","ES","SE","CH","TW","TR","UY","US","GB","AD","LI","MC","ID","JP","TH","VN","RO","IL","ZA","SA","AE","BH","QA","OM","KW","EG","MA","DZ","TN","LB","JO","PS","IN","BY","KZ","MD","UA","AL","BA","HR","ME","MK","RS","SI","KR","BD","PK","LK","GH","KE","NG","TZ","UG","AG","AM","BS","BB","BZ","BT","BW","BF","CV","CW","DM","FJ","GM","GE","GD","GW","GY","HT","JM","KI","LS","LR","MW","MV","ML","MH","FM","NA","NR","NE","PW","PG","PR","WS","SM","ST","SN","SC","SL","SB","KN","LC","VC","SR","TL","TO","TT","TV","VU","AZ","BN","BI","KH","CM","TD","KM","GQ","SZ","GA","GN","KG","LA","MO","MR","MN","NP","RW","TG","UZ","ZW","BJ","MG","MU","MZ","AO","CI","DJ","ZM","CD","CG","IQ","LY","TJ","VE","ET","XK"],"disc_number":1,"duration_ms":240179,"explicit":false,"external_urls":{"spotify":"https://open.spotify.com/track/1uFW6czrHk5PsK3s6gOI7C"},"href":"https://api.spotify.com/v1/tracks/1uFW6czrHk5PsK3s6gOI7C","id":"1uFW6czrHk5PsK3s6gOI7C","name":"Se Fue","preview_url":null,"track_number":13,"type":"track","uri":"spotify:track:1uFW6czrHk5PsK3s6gOI7C","is_local":false},{"artists":[{"external_urls":{"spotify":"https://open.spotify.com/artist/1mcTU81TzQhprhouKaTkpq"},"href":"https://api.spotify.com/v1/artists/1mcTU81TzQhprhouKaTkpq","id":"1mcTU81TzQhprhouKaTkpq","name":"Rauw Alejandro","type":"artist","uri":"spotify:artist:1mcTU81TzQhprhouKaTkpq"},{"external_urls":{"spotify":"https://open.spotify.com/artist/37BIBvfliXJpSgn10yQUJM"},"href":"https://api.spotify.com/v1/artists/37BIBvfliXJpSgn10yQUJM","id":"37BIBvfliXJpSgn10yQUJM","name":"Mr. Naisgai","type":"artist","uri":"spotify:artist:37BIBvfliXJpSgn10yQUJM"}],"available_markets":["AR","AU","AT","BE","BO","BR","BG","CA","CL","CO","CR","CY","CZ","DK","DO","DE","EC","EE","SV","FI","FR","GR","GT","HN","HK","HU","IS","IE","IT","LV","LT","LU","MY","MT","MX","NL","NZ","NI","NO","PA","PY","PE","PH","PL","PT","SG","SK","ES","SE","CH","TW","TR","UY","US","GB","AD","LI","MC","ID","JP","TH","VN","RO","IL","ZA","SA","AE","BH","QA","OM","KW","EG","MA","DZ","TN","LB","JO","PS","IN","BY","KZ","MD","UA","AL","BA","HR","ME","MK","RS","SI","KR","BD","PK","LK","GH","KE","NG","TZ","UG","AG","AM","BS","BB","BZ","BT","BW","BF","CV","CW","DM","FJ","GM","GE","GD","GW","GY","HT","JM","KI","LS","LR","MW","MV","ML","MH","FM","NA","NR","NE","PW","PG","PR","WS","SM","ST","SN","SC","SL","SB","KN","LC","VC","SR","TL","TO","TT","TV","VU","AZ","BN","BI","KH","CM","TD","KM","GQ","SZ","GA","GN","KG","LA","MO","MR","MN","NP","RW","TG","UZ","ZW","BJ","MG","MU","MZ","AO","CI","DJ","ZM","CD","CG","IQ","LY","TJ","VE","ET","XK"],"disc_number":1,"duration_ms":263451,"explicit":false,"external_urls":{"spotify":"https://open.spotify.com/track/0dDr2LgiACQVkZYJeStWh6"},"href":"https://api.spotify.com/v1/tracks/0dDr2LgiACQVkZYJeStWh6","id":"0dDr2LgiACQVkZYJeStWh6","name":"Pasaporte","preview_url":null,"track_number":14,"type":"track","uri":"spotify:track:0dDr2LgiACQVkZYJeStWh6","is_local":false},{"artists":[{"external_urls":{"spotify":"https://open.spotify.com/artist/1mcTU81TzQhprhouKaTkpq"},"href":"https://api.spotify.com/v1/artists/1mcTU81TzQhprhouKaTkpq","id":"1mcTU81TzQhprhouKaTkpq","name":"Rauw Alejandro","type":"artist","uri":"spotify:artist:1mcTU81TzQhprhouKaTkpq"}],"available_markets":["AR","AU","AT","BE","BO","BR","BG","CA","CL","CO","CR","CY","CZ","DK","DO","DE","EC","EE","SV","FI","FR","GR","GT","HN","HK","HU","IS","IE","IT","LV","LT","LU","MY","MT","MX","NL","NZ","NI","NO","PA","PY","PE","PH","PL","PT","SG","SK","ES","SE","CH","TW","TR","UY","US","GB","AD","LI","MC","ID","JP","TH","VN","RO","IL","ZA","SA","AE","BH","QA","OM","KW","EG","MA","DZ","TN","LB","JO","PS","IN","BY","KZ","MD","UA","AL","BA","HR","ME","MK","RS","SI","KR","BD","PK","LK","GH","KE","NG","TZ","UG","AG","AM","BS","BB","BZ","BT","BW","BF","CV","CW","DM","FJ","GM","GE","GD","GW","GY","HT","JM","KI","LS","LR","MW","MV","ML","MH","FM","NA","NR","NE","PW","PG","PR","WS","SM","ST","SN","SC","SL","SB","KN","LC","VC","SR","TL","TO","TT","TV","VU","AZ","BN","BI","KH","CM","TD","KM","GQ","SZ","GA","GN","KG","LA","MO","MR","MN","NP","RW","TG","UZ","ZW","BJ","MG","MU","MZ","AO","CI","DJ","ZM","CD","CG","IQ","LY","TJ","VE","ET","XK"],"disc_number":1,"duration_ms":185613,"explicit":false,"external_urls":{"spotify":"https://open.spotify.com/track/4O3EdWEn3apRHpiZxYabtl"},"href":"https://api.spotify.com/v1/tracks/4O3EdWEn3apRHpiZxYabtl","id":"4O3EdWEn3apRHpiZxYabtl","name":"Touching The Sky","preview_url":null,"track_number":15,"type":"track","uri":"spotify:track:4O3EdWEn3apRHpiZxYabtl","is_local":false},{"artists":[{"external_urls":{"spotify":"https://open.spotify.com/artist/1mcTU81TzQhprhouKaTkpq"},"href":"https://api.spotify.com/v1/artists/1mcTU81TzQhprhouKaTkpq","id":"1mcTU81TzQhprhouKaTkpq","name":"Rauw Alejandro","type":"artist","uri":"spotify:artist:1mcTU81TzQhprhouKaTkpq"}],"available_markets":["AR","AU","AT","BE","BO","BR","BG","CA","CL","CO","CR","CY","CZ","DK","DO","DE","EC","EE","SV","FI","FR","GR","GT","HN","HK","HU","IS","IE","IT","LV","LT","LU","MY","MT","MX","NL","NZ","NI","NO","PA","PY","PE","PH","PL","PT","SG","SK","ES","SE","CH","TW","TR","UY","US","GB","AD","LI","MC","ID","JP","TH","VN","RO","IL","ZA","SA","AE","BH","QA","OM","KW","EG","MA","DZ","TN","LB","JO","PS","IN","BY","KZ","MD","UA","AL","BA","HR","ME","MK","RS","SI","KR","BD","PK","LK","GH","KE","NG","TZ","UG","AG","AM","BS","BB","BZ","BT","BW","BF","CV","CW","DM","FJ","GM","GE","GD","GW","GY","HT","JM","KI","LS","LR","MW","MV","ML","MH","FM","NA","NR","NE","PW","PG","PR","WS","SM","ST","SN","SC","SL","SB","KN","LC","VC","SR","TL","TO","TT","TV","VU","AZ","BN","BI","KH","CM","TD","KM","GQ","SZ","GA","GN","KG","LA","MO","MR","MN","NP","RW","TG","UZ","ZW","BJ","MG","MU","MZ","AO","CI","DJ","ZM","CD","CG","IQ","LY","TJ","VE","ET","XK"],"disc_number":1,"duration_ms":268042,"explicit":true,"external_urls":{"spotify":"https://open.spotify.com/track/4jjFjbqCTkaN1mGb0BMYl2"},"href":"https://api.spotify.com/v1/tracks/4jjFjbqCTkaN1mGb0BMYl2","id":"4jjFjbqCTkaN1mGb0BMYl2","name":"Amar De Nuevo","preview_url":null,"track_number":16,"type":"track","uri":"spotify:track:4jjFjbqCTkaN1mGb0BMYl2","is_local":false},{"artists":[{"external_urls":{"spotify":"https://open.spotify.com/artist/1mcTU81TzQhprhouKaTkpq"},"href":"https://api.spotify.com/v1/artists/1mcTU81TzQhprhouKaTkpq","id":"1mcTU81TzQhprhouKaTkpq","name":"Rauw Alejandro","type":"artist","uri":"spotify:artist:1mcTU81TzQhprhouKaTkpq"},{"external_urls":{"spotify":"https://open.spotify.com/artist/6XTGKOV9jceQ6f67lnhpbF"},"href":"https://api.spotify.com/v1/artists/6XTGKOV9jceQ6f67lnhpbF","id":"6XTGKOV9jceQ6f67lnhpbF","name":"LATIN MAFIA","type":"artist","uri":"spotify:artist:6XTGKOV9jceQ6f67lnhpbF"}],"available_markets":["AR","AU","AT","BE","BO","BR","BG","CA","CL","CO","CR","CY","CZ","DK","DO","DE","EC","EE","SV","FI","FR","GR","GT","HN","HK","HU","IS","IE","IT","LV","LT","LU","MY","MT","MX","NL","NZ","NI","NO","PA","PY","PE","PH","PL","PT","SG","SK","ES","SE","CH","TW","TR","UY","US","GB","AD","LI","MC","ID","JP","TH","VN","RO","IL","ZA","SA","AE","BH","QA","OM","KW","EG","MA","DZ","TN","LB","JO","PS","IN","BY","KZ","MD","UA","AL","BA","HR","ME","MK","RS","SI","KR","BD","PK","LK","GH","KE","NG","TZ","UG","AG","AM","BS","BB","BZ","BT","BW","BF","CV","CW","DM","FJ","GM","GE","GD","GW","GY","HT","JM","KI","LS","LR","MW","MV","ML","MH","FM","NA","NR","NE","PW","PG","PR","WS","SM","ST","SN","SC","SL","SB","KN","LC","VC","SR","TL","TO","TT","TV","VU","AZ","BN","BI","KH","CM","TD","KM","GQ","SZ","GA","GN","KG","LA","MO","MR","MN","NP","RW","TG","UZ","ZW","BJ","MG","MU","MZ","AO","CI","DJ","ZM","CD","CG","IQ","LY","TJ","VE","ET","XK"],"disc_number":1,"duration_ms":211918,"explicit":true,"external_urls":{"spotify":"https://open.spotify.com/track/1UTLq40xh63wMrHELGnKWW"},"href":"https://api.spotify.com/v1/tracks/1UTLq40xh63wMrHELGnKWW","id":"1UTLq40xh63wMrHELGnKWW","name":"2:12 AM","preview_url":null,"track_number":17,"type":"track","uri":"spotify:track:1UTLq40xh63wMrHELGnKWW","is_local":false},{"artists":[{"external_urls":{"spotify":"https://open.spotify.com/artist/1mcTU81TzQhprhouKaTkpq"},"href":"https://api.spotify.com/v1/artists/1mcTU81TzQhprhouKaTkpq","id":"1mcTU81TzQhprhouKaTkpq","name":"Rauw Alejandro","type":"artist","uri":"spotify:artist:1mcTU81TzQhprhouKaTkpq"}],"available_markets":["AR","AU","AT","BE","BO","BR","BG","CA","CL","CO","CR","CY","CZ","DK","DO","DE","EC","EE","SV","FI","FR","GR","GT","HN","HK","HU","IS","IE","IT","LV","LT","LU","MY","MT","MX","NL","NZ","NI","NO","PA","PY","PE","PH","PL","PT","SG","SK","ES","SE","CH","TW","TR","UY","US","GB","AD","LI","MC","ID","JP","TH","VN","RO","IL","ZA","SA","AE","BH","QA","OM","KW","EG","MA","DZ","TN","LB","JO","PS","IN","BY","KZ","MD","UA","AL","BA","HR","ME","MK","RS","SI","KR","BD","PK","LK","GH","KE","NG","TZ","UG","AG","AM","BS","BB","BZ","BT","BW","BF","CV","CW","DM","FJ","GM","GE","GD","GW","GY","HT","JM","KI","LS","LR","MW","MV","ML","MH","FM","NA","NR","NE","PW","PG","PR","WS","SM","ST","SN","SC","SL","SB","KN","LC","VC","SR","TL","TO","TT","TV","VU","AZ","BN","BI","KH","CM","TD","KM","GQ","SZ","GA","GN","KG","LA","MO","MR","MN","NP","RW","TG","UZ","ZW","BJ","MG","MU","MZ","AO","CI","DJ","ZM","CD","CG","IQ","LY","TJ","VE","ET","XK"],"disc_number":1,"duration_ms":236352,"explicit":true,"external_urls":{"spotify":"https://open.spotify.com/track/63jUTfcbudnrqoPCC5Qp4i"},"href":"https://api.spotify.com/v1/tracks/63jUTfcbudnrqoPCC5Qp4i","id":"63jUTfcbudnrqoPCC5Qp4i","name":"SEXXXMACHINE","preview_url":null,"track_number":18,"type":"track","uri":"spotify:track:63jUTfcbudnrqoPCC5Qp4i","is_local":false}]},"copyrights":[{"text":"(P) 2024 Sony Music Entertainment US Latin LLC under exclusive license from Duars Entertainment Corp.","type":"P"}],"external_ids":{"upc":"196872401516"},"genres":[],"label":"Sony Music Latin/Duars Entertainment","popularity":87},{"album_type":"album","total_tracks":12,"available_markets":["AR","AU","AT","BE","BO","BR","BG","CA","CL","CO","CR","CY","CZ","DK","DO","DE","EC","EE","SV","FI","FR","GR","GT","HN","HK","HU","IS","IE","IT","LV","LT","LU","MY","MT","MX","NL","NZ","NI","NO","PA","PY","PE","PH","PL","PT","SG","SK","ES","SE","CH","TW","TR","UY","US","GB","AD","LI","MC","ID","JP","TH","VN","RO","IL","ZA","SA","AE","BH","QA","OM","KW","EG","MA","DZ","TN","LB","JO","PS","IN","KZ","MD","UA","AL","BA","HR","ME","MK","RS","SI","KR","BD","PK","LK","GH","KE","NG","TZ","UG","AG","AM","BS","BB","BZ","BT","BW","BF","CV","CW","DM","FJ","GM","GE","GD","GW","GY","HT","JM","KI","LS","LR","MW","MV","ML","MH","FM","NA","NR","NE","PW","PG","WS","SM","ST","SN","SC","SL","SB","KN","LC","VC","SR","TL","TO","TT","TV","VU","AZ","BN","BI","KH","CM","TD","KM","GQ","SZ","GA","GN","KG","LA","MO","MR","MN","NP","RW","TG","UZ","ZW","BJ","MG","MU","MZ","AO","CI","DJ","ZM","CD","CG","IQ","LY","TJ","VE","ET","XK"],"external_urls":{"spotify":"https://open.spotify.com/album/5FYFgRnlsl9Qrm1xD8cqo7"},"href":"https://api.spotify.com/v1/albums/5FYFgRnlsl9Qrm1xD8cqo7","id":"5FYFgRnlsl9Qrm1xD8cqo7","images":[{"url":"https://i.scdn.co/image/ab67616d0000b27304d6b1cca796816d03f4d698","height":640,"width":640},{"url":"https://i.scdn.co/image/ab67616d00001e0204d6b1cca796816d03f4d698","height":300,"width":300},{"url":"https://i.scdn.co/image/ab67616d0000485104d6b1cca796816d03f4d698","height":64,"width":64}],"name":"Shawn","release_date":"2024-11-15","release_date_precision":"day","type":"album","uri":"spotify:album:5FYFgRnlsl9Qrm1xD8cqo7","artists":[{"external_urls":{"spotify":"https://open.spotify.com/artist/7n2wHs1TKAczGzO7Dd2rGr"},"href":"https://api.spotify.com/v1/artists/7n2wHs1TKAczGzO7Dd2rGr","id":"7n2wHs1TKAczGzO7Dd2rGr","name":"Shawn Mendes","type":"artist","uri":"spotify:artist:7n2wHs1TKAczGzO7Dd2rGr"}],"tracks":{"href":"https://api.spotify.com/v1/albums/5FYFgRnlsl9Qrm1xD8cqo7/tracks?offset=0&limit=50","limit":50,"next":null,"offset":0,"previous":null,"total":12,"items":[{"artists":[{"external_urls":{"spotify":"https://open.spotify.com/artist/7n2wHs1TKAczGzO7Dd2rGr"},"href":"https://api.spotify.com/v1/artists/7n2wHs1TKAczGzO7Dd2rGr","id":"7n2wHs1TKAczGzO7Dd2rGr","name":"Shawn Mendes","type":"artist","uri":"spotify:artist:7n2wHs1TKAczGzO7Dd2rGr"}],"available_markets":["AR","AU","AT","BE","BO","BR","BG","CA","CL","CO","CR","CY","CZ","DK","DO","DE","EC","EE","SV","FI","FR","GR","GT","HN","HK","HU","IS","IE","IT","LV","LT","LU","MY","MT","MX","NL","NZ","NI","NO","PA","PY","PE","PH","PL","PT","SG","SK","ES","SE","CH","TW","TR","UY","US","GB","AD","LI","MC","ID","JP","TH","VN","RO","IL","ZA","SA","AE","BH","QA","OM","KW","EG","MA","DZ","TN","LB","JO","PS","IN","KZ","MD","UA","AL","BA","HR","ME","MK","RS","SI","KR","BD","PK","LK","GH","KE","NG","TZ","UG","AG","AM","BS","BB","BZ","BT","BW","BF","CV","CW","DM","FJ","GM","GE","GD","GW","GY","HT","JM","KI","LS","LR","MW","MV","ML","MH","FM","NA","NR","NE","PW","PG","WS","SM","ST","SN","SC","SL","SB","KN","LC","VC","SR","TL","TO","TT","TV","VU","AZ","BN","BI","KH","CM","TD","KM","GQ","SZ","GA","GN","KG","LA","MO","MR","MN","NP","RW","TG","UZ","ZW","BJ","MG","MU","MZ","AO","CI","DJ","ZM","CD","CG","IQ","LY","TJ","VE","ET","XK"],"disc_number":1,"duration_ms":100480,"explicit":false,"external_urls":{"spotify":"https://open.spotify.com/track/51Mmmd7P1ETIqTTt2WtUrS"},"href":"https://api.spotify.com/v1/tracks/51Mmmd7P1ETIqTTt2WtUrS","id":"51Mmmd7P1ETIqTTt2WtUrS","name":"Who I Am","preview_url":null,"track_number":1,"type":"track","uri":"spotify:track:51Mmmd7P1ETIqTTt2WtUrS","is_local":false},{"artists":[{"external_urls":{"spotify":"https://open.spotify.com/artist/7n2wHs1TKAczGzO7Dd2rGr"},"href":"https://api.spotify.com/v1/artists/7n2wHs1TKAczGzO7Dd2rGr","id":"7n2wHs1TKAczGzO7Dd2rGr","name":"Shawn Mendes","type":"artist","uri":"spotify:artist:7n2wHs1TKAczGzO7Dd2rGr"}],"available_markets":["AR","AU","AT","BE","BO","BR","BG","CA","CL","CO","CR","CY","CZ","DK","DO","DE","EC","EE","SV","FI","FR","GR","GT","HN","HK","HU","IS","IE","IT","LV","LT","LU","MY","MT","MX","NL","NZ","NI","NO","PA","PY","PE","PH","PL","PT","SG","SK","ES","SE","CH","TW","TR","UY","US","GB","AD","LI","MC","ID","JP","TH","VN","RO","IL","ZA","SA","AE","BH","QA","OM","KW","EG","MA","DZ","TN","LB","JO","PS","IN","KZ","MD","UA","AL","BA","HR","ME","MK","RS","SI","KR","BD","PK","LK","GH","KE","NG","TZ","UG","AG","AM","BS","BB","BZ","BT","BW","BF","CV","CW","DM","FJ","GM","GE","GD","GW","GY","HT","JM","KI","LS","LR","MW","MV","ML","MH","FM","NA","NR","NE","PW","PG","WS","SM","ST","SN","SC","SL","SB","KN","LC","VC","SR","TL","TO","TT","TV","VU","AZ","BN","BI","KH","CM","TD","KM","GQ","SZ","GA","GN","KG","LA","MO","MR","MN","NP","RW","TG","UZ","ZW","BJ","MG","MU","MZ","AO","CI","DJ","ZM","CD","CG","IQ","LY","TJ","VE","ET","XK"],"disc_number":1,"duration_ms":169041,"explicit":true,"external_urls":{"spotify":"https://open.spotify.com/track/0kPIcJ1Mp6m9AR9Y7UnMLR"},"href":"https://api.spotify.com/v1/tracks/0kPIcJ1Mp6m9AR9Y7UnMLR","id":"0kPIcJ1Mp6m9AR9Y7UnMLR","name":"Why Why Why","preview_url":null,"track_number":2,"type":"track","uri":"spotify:track:0kPIcJ1Mp6m9AR9Y7UnMLR","is_local":false},{"artists":[{"external_urls":{"spotify":"https://open.spotify.com/artist/7n2wHs1TKAczGzO7Dd2rGr"},"href":"https://api.spotify.com/v1/artists/7n2wHs1TKAczGzO7Dd2rGr","id":"7n2wHs1TKAczGzO7Dd2rGr","name":"Shawn Mendes","type":"artist","uri":"spotify:artist:7n2wHs1TKAczGzO7Dd2rGr"}],"available_markets":["AR","AU","AT","BE","BO","BR","BG","CA","CL","CO","CR","CY","CZ","DK","DO","DE","EC","EE","SV","FI","FR","GR","GT","HN","HK","HU","IS","IE","IT","LV","LT","LU","MY","MT","MX","NL","NZ","NI","NO","PA","PY","PE","PH","PL","PT","SG","SK","ES","SE","CH","TW","TR","UY","US","GB","AD","LI","MC","ID","JP","TH","VN","RO","IL","ZA","SA","AE","BH","QA","OM","KW","EG","MA","DZ","TN","LB","JO","PS","IN","KZ","MD","UA","AL","BA","HR","ME","MK","RS","SI","KR","BD","PK","LK","GH","KE","NG","TZ","UG","AG","AM","BS","BB","BZ","BT","BW","BF","CV","CW","DM","FJ","GM","GE","GD","GW","GY","HT","JM","KI","LS","LR","MW","MV","ML","MH","FM","NA","NR","NE","PW","PG","WS","SM","ST","SN","SC","SL","SB","KN","LC","VC","SR","TL","TO","TT","TV","VU","AZ","BN","BI","KH","CM","TD","KM","GQ","SZ","GA","GN","KG","LA","MO","MR","MN","NP","RW","TG","UZ","ZW","BJ","MG","MU","MZ","AO","CI","DJ","ZM","CD","CG","IQ","LY","TJ","VE","ET","XK"],"disc_number":1,"duration_ms":134228,"explicit":false,"external_urls":{"spotify":"https://open.spotify.com/track/6z3QR98RmvNAf2xwPDMVBV"},"href":"https://api.spotify.com/v1/tracks/6z3QR98RmvNAf2xwPDMVBV","id":"6z3QR98RmvNAf2xwPDMVBV","name":"That’s The Dream","preview_url":null,"track_number":3,"type":"track","uri":"spotify:track:6z3QR98RmvNAf2xwPDMVBV","is_local":false},{"artists":[{"external_urls":{"spotify":"https://open.spotify.com/artist/7n2wHs1TKAczGzO7Dd2rGr"},"href":"https://api.spotify.com/v1/artists/7n2wHs1TKAczGzO7Dd2rGr","id":"7n2wHs1TKAczGzO7Dd2rGr","name":"Shawn Mendes","type":"artist","uri":"spotify:artist:7n2wHs1TKAczGzO7Dd2rGr"}],"available_markets":["AR","AU","AT","BE","BO","BR","BG","CA","CL","CO","CR","CY","CZ","DK","DO","DE","EC","EE","SV","FI","FR","GR","GT","HN","HK","HU","IS","IE","IT","LV","LT","LU","MY","MT","MX","NL","NZ","NI","NO","PA","PY","PE","PH","PL","PT","SG","SK","ES","SE","CH","TW","TR","UY","US","GB","AD","LI","MC","ID","JP","TH","VN","RO","IL","ZA","SA","AE","BH","QA","OM","KW","EG","MA","DZ","TN","LB","JO","PS","IN","KZ","MD","UA","AL","BA","HR","ME","MK","RS","SI","KR","BD","PK","LK","GH","KE","NG","TZ","UG","AG","AM","BS","BB","BZ","BT","BW","BF","CV","CW","DM","FJ","GM","GE","GD","GW","GY","HT","JM","KI","LS","LR","MW","MV","ML","MH","FM","NA","NR","NE","PW","PG","WS","SM","ST","SN","SC","SL","SB","KN","LC","VC","SR","TL","TO","TT","TV","VU","AZ","BN","BI","KH","CM","TD","KM","GQ","SZ","GA","GN","KG","LA","MO","MR","MN","NP","RW","TG","UZ","ZW","BJ","MG","MU","MZ","AO","CI","DJ","ZM","CD","CG","IQ","LY","TJ","VE","ET","XK"],"disc_number":1,"duration_ms":152239,"explicit":true,"external_urls":{"spotify":"https://open.spotify.com/track/1tp5wevVu8psITUxEuBGtk"},"href":"https://api.spotify.com/v1/tracks/1tp5wevVu8psITUxEuBGtk","id":"1tp5wevVu8psITUxEuBGtk","name":"Nobody Knows","preview_url":null,"track_number":4,"type":"track","uri":"spotify:track:1tp5wevVu8psITUxEuBGtk","is_local":false},{"artists":[{"external_urls":{"spotify":"https://open.spotify.com/artist/7n2wHs1TKAczGzO7Dd2rGr"},"href":"https://api.spotify.com/v1/artists/7n2wHs1TKAczGzO7Dd2rGr","id":"7n2wHs1TKAczGzO7Dd2rGr","name":"Shawn Mendes","type":"artist","uri":"spotify:artist:7n2wHs1TKAczGzO7Dd2rGr"}],"available_markets":["AR","AU","AT","BE","BO","BR","BG","CA","CL","CO","CR","CY","CZ","DK","DO","DE","EC","EE","SV","FI","FR","GR","GT","HN","HK","HU","IS","IE","IT","LV","LT","LU","MY","MT","MX","NL","NZ","NI","NO","PA","PY","PE","PH","PL","PT","SG","SK","ES","SE","CH","TW","TR","UY","US","GB","AD","LI","MC","ID","JP","TH","VN","RO","IL","ZA","SA","AE","BH","QA","OM","KW","EG","MA","DZ","TN","LB","JO","PS","IN","KZ","MD","UA","AL","BA","HR","ME","MK","RS","SI","KR","BD","PK","LK","GH","KE","NG","TZ","UG","AG","AM","BS","BB","BZ","BT","BW","BF","CV","CW","DM","FJ","GM","GE","GD","GW","GY","HT","JM","KI","LS","LR","MW","MV","ML","MH","FM","NA","NR","NE","PW","PG","WS","SM","ST","SN","SC","SL","SB","KN","LC","VC","SR","TL","TO","TT","TV","VU","AZ","BN","BI","KH","CM","TD","KM","GQ","SZ","GA","GN","KG","LA","MO","MR","MN","NP","RW","TG","UZ","ZW","BJ","MG","MU","MZ","AO","CI","DJ","ZM","CD","CG","IQ","LY","TJ","VE","ET","XK"],"disc_number":1,"duration_ms":164700,"explicit":false,"external_urls":{"spotify":"https://open.spotify.com/track/0P85Dz3wK49uv2Nkfq8FlA"},"href":"https://api.spotify.com/v1/tracks/0P85Dz3wK49uv2Nkfq8FlA","id":"0P85Dz3wK49uv2Nkfq8FlA","name":"Isn’t That Enough","preview_url":null,"track_number":5,"type":"track","uri":"spotify:track:0P85Dz3wK49uv2Nkfq8FlA","is_local":false},{"artists":[{"external_urls":{"spotify":"https://open.spotify.com/artist/7n2wHs1TKAczGzO7Dd2rGr"},"href":"https://api.spotify.com/v1/artists/7n2wHs1TKAczGzO7Dd2rGr","id":"7n2wHs1TKAczGzO7Dd2rGr","name":"Shawn Mendes","type":"artist","uri":"spotify:artist:7n2wHs1TKAczGzO7Dd2rGr"}],"available_markets":["AR","AU","AT","BE","BO","BR","BG","CA","CL","CO","CR","CY","CZ","DK","DO","DE","EC","EE","SV","FI","FR","GR","GT","HN","HK","HU","IS","IE","IT","LV","LT","LU","MY","MT","MX","NL","NZ","NI","NO","PA","PY","PE","PH","PL","PT","SG","SK","ES","SE","CH","TW","TR","UY","US","GB","AD","LI","MC","ID","JP","TH","VN","RO","IL","ZA","SA","AE","BH","QA","OM","KW","EG","MA","DZ","TN","LB","JO","PS","IN","KZ","MD","UA","AL","BA","HR","ME","MK","RS","SI","KR","BD","PK","LK","GH","KE","NG","TZ","UG","AG","AM","BS","BB","BZ","BT","BW","BF","CV","CW","DM","FJ","GM","GE","GD","GW","GY","HT","JM","KI","LS","LR","MW","MV","ML","MH","FM","NA","NR","NE","PW","PG","WS","SM","ST","SN","SC","SL","SB","KN","LC","VC","SR","TL","TO","TT","TV","VU","AZ","BN","BI","KH","CM","TD","KM","GQ","SZ","GA","GN","KG","LA","MO","MR","MN","NP","RW","TG","UZ","ZW","BJ","MG","MU","MZ","AO","CI","DJ","ZM","CD","CG","IQ","LY","TJ","VE","ET","XK"],"disc_number":1,"duration_ms":171607,"explicit":false,"external_urls":{"spotify":"https://open.spotify.com/track/69YhwaZE5OTsijIt3Gp6P2"},"href":"https://api.spotify.com/v1/tracks/69YhwaZE5OTsijIt3Gp6P2","id":"69YhwaZE5OTsijIt3Gp6P2","name":"Heart of Gold","preview_url":null,"track_number":6,"type":"track","uri":"spotify:track:69YhwaZE5OTsijIt3Gp6P2","is_local":false},{"artists":[{"external_urls":{"spotify":"https://open.spotify.com/artist/7n2wHs1TKAczGzO7Dd2rGr"},"href":"https://api.spotify.com/v1/artists/7n2wHs1TKAczGzO7Dd2rGr","id":"7n2wHs1TKAczGzO7Dd2rGr","name":"Shawn Mendes","type":"artist","uri":"spotify:artist:7n2wHs1TKAczGzO7Dd2rGr"}],"available_markets":["AR","AU","AT","BE","BO","BR","BG","CA","CL","CO","CR","CY","CZ","DK","DO","DE","EC","EE","SV","FI","FR","GR","GT","HN","HK","HU","IS","IE","IT","LV","LT","LU","MY","MT","MX","NL","NZ","NI","NO","PA","PY","PE","PH","PL","PT","SG","SK","ES","SE","CH","TW","TR","UY","US","GB","AD","LI","MC","ID","JP","TH","VN","RO","IL","ZA","SA","AE","BH","QA","OM","KW","EG","MA","DZ","TN","LB","JO","PS","IN","KZ","MD","UA","AL","BA","HR","ME","MK","RS","SI","KR","BD","PK","LK","GH","KE","NG","TZ","UG","AG","AM","BS","BB","BZ","BT","BW","BF","CV","CW","DM","FJ","GM","GE","GD","GW","GY","HT","JM","KI","LS","LR","MW","MV","ML","MH","FM","NA","NR","NE","PW","PG","WS","SM","ST","SN","SC","SL","SB","KN","LC","VC","SR","TL","TO","TT","TV","VU","AZ","BN","BI","KH","CM","TD","KM","GQ","SZ","GA","GN","KG","LA","MO","MR","MN","NP","RW","TG","UZ","ZW","BJ","MG","MU","MZ","AO","CI","DJ","ZM","CD","CG","IQ","LY","TJ","VE","ET","XK"],"disc_number":1,"duration_ms":153985,"explicit":false,"external_urls":{"spotify":"https://open.spotify.com/track/61wNkiRpA2oLyJQYz92kZH"},"href":"https://api.spotify.com/v1/tracks/61wNkiRpA2oLyJQYz92kZH","id":"61wNkiRpA2oLyJQYz92kZH","name":"Heavy","preview_url":null,"track_number":7,"type":"track","uri":"spotify:track:61wNkiRpA2oLyJQYz92kZH","is_local":false},{"artists":[{"external_urls":{"spotify":"https://open.spotify.com/artist/7n2wHs1TKAczGzO7Dd2rGr"},"href":"https://api.spotify.com/v1/artists/7n2wHs1TKAczGzO7Dd2rGr","id":"7n2wHs1TKAczGzO7Dd2rGr","name":"Shawn Mendes","type":"artist","uri":"spotify:artist:7n2wHs1TKAczGzO7Dd2rGr"}],"available_markets":["AR","AU","AT","BE","BO","BR","BG","CA","CL","CO","CR","CY","CZ","DK","DO","DE","EC","EE","SV","FI","FR","GR","GT","HN","HK","HU","IS","IE","IT","LV","LT","LU","MY","MT","MX","NL","NZ","NI","NO","PA","PY","PE","PH","PL","PT","SG","SK","ES","SE","CH","TW","TR","UY","US","GB","AD","LI","MC","ID","JP","TH","VN","RO","IL","ZA","SA","AE","BH","QA","OM","KW","EG","MA","DZ","TN","LB","JO","PS","IN","KZ","MD","UA","AL","BA","HR","ME","MK","RS","SI","KR","BD","PK","LK","GH","KE","NG","TZ","UG","AG","AM","BS","BB","BZ","BT","BW","BF","CV","CW","DM","FJ","GM","GE","GD","GW","GY","HT","JM","KI","LS","LR","MW","MV","ML","MH","FM","NA","NR","NE","PW","PG","WS","SM","ST","SN","SC","SL","SB","KN","LC","VC","SR","TL","TO","TT","TV","VU","AZ","BN","BI","KH","CM","TD","KM","GQ","SZ","GA","GN","KG","LA","MO","MR","MN","NP","RW","TG","UZ","ZW","BJ","MG","MU","MZ","AO","CI","DJ","ZM","CD","CG","IQ","LY","TJ","VE","ET","XK"],"disc_number":1,"duration_ms":112006,"explicit":false,"external_urls":{"spotify":"https://open.spotify.com/track/0HPABADFC4UBeWP0cFUsHI"},"href":"https://api.spotify.com/v1/tracks/0HPABADFC4UBeWP0cFUsHI","id":"0HPABADFC4UBeWP0cFUsHI","name":"That’ll Be The Day","preview_url":null,"track_number":8,"type":"track","uri":"spotify:track:0HPABADFC4UBeWP0cFUsHI","is_local":false},{"artists":[{"external_urls":{"spotify":"https://open.spotify.com/artist/7n2wHs1TKAczGzO7Dd2rGr"},"href":"https://api.spotify.com/v1/artists/7n2wHs1TKAczGzO7Dd2rGr","id":"7n2wHs1TKAczGzO7Dd2rGr","name":"Shawn Mendes","type":"artist","uri":"spotify:artist:7n2wHs1TKAczGzO7Dd2rGr"}],"available_markets":["AR","AU","AT","BE","BO","BR","BG","CA","CL","CO","CR","CY","CZ","DK","DO","DE","EC","EE","SV","FI","FR","GR","GT","HN","HK","HU","IS","IE","IT","LV","LT","LU","MY","MT","MX","NL","NZ","NI","NO","PA","PY","PE","PH","PL","PT","SG","SK","ES","SE","CH","TW","TR","UY","US","GB","AD","LI","MC","ID","JP","TH","VN","RO","IL","ZA","SA","AE","BH","QA","OM","KW","EG","MA","DZ","TN","LB","JO","PS","IN","KZ","MD","UA","AL","BA","HR","ME","MK","RS","SI","KR","BD","PK","LK","GH","KE","NG","TZ","UG","AG","AM","BS","BB","BZ","BT","BW","BF","CV","CW","DM","FJ","GM","GE","GD","GW","GY","HT","JM","KI","LS","LR","MW","MV","ML","MH","FM","NA","NR","NE","PW","PG","WS","SM","ST","SN","SC","SL","SB","KN","LC","VC","SR","TL","TO","TT","TV","VU","AZ","BN","BI","KH","CM","TD","KM","GQ","SZ","GA","GN","KG","LA","MO","MR","MN","NP","RW","TG","UZ","ZW","BJ","MG","MU","MZ","AO","CI","DJ","ZM","CD","CG","IQ","LY","TJ","VE","ET","XK"],"disc_number":1,"duration_ms":117366,"explicit":false,"external_urls":{"spotify":"https://open.spotify.com/track/34DIs8VG5CBKkOVSppTV6a"},"href":"https://api.spotify.com/v1/tracks/34DIs8VG5CBKkOVSppTV6a","id":"34DIs8VG5CBKkOVSppTV6a","name":"In Between","preview_url":null,"track_number":9,"type":"track","uri":"spotify:track:34DIs8VG5CBKkOVSppTV6a","is_local":false},{"artists":[{"external_urls":{"spotify":"https://open.spotify.com/artist/7n2wHs1TKAczGzO7Dd2rGr"},"href":"https://api.spotify.com/v1/artists/7n2wHs1TKAczGzO7Dd2rGr","id":"7n2wHs1TKAczGzO7Dd2rGr","name":"Shawn Mendes","type":"artist","uri":"spotify:artist:7n2wHs1TKAczGzO7Dd2rGr"}],"available_markets":["AR","AU","AT","BE","BO","BR","BG","CA","CL","CO","CR","CY","CZ","DK","DO","DE","EC","EE","SV","FI","FR","GR","GT","HN","HK","HU","IS","IE","IT","LV","LT","LU","MY","MT","MX","NL","NZ","NI","NO","PA","PY","PE","PH","PL","PT","SG","SK","ES","SE","CH","TW","TR","UY","US","GB","AD","LI","MC","ID","JP","TH","VN","RO","IL","ZA","SA","AE","BH","QA","OM","KW","EG","MA","DZ","TN","LB","JO","PS","IN","KZ","MD","UA","AL","BA","HR","ME","MK","RS","SI","KR","BD","PK","LK","GH","KE","NG","TZ","UG","AG","AM","BS","BB","BZ","BT","BW","BF","CV","CW","DM","FJ","GM","GE","GD","GW","GY","HT","JM","KI","LS","LR","MW","MV","ML","MH","FM","NA","NR","NE","PW","PG","WS","SM","ST","SN","SC","SL","SB","KN","LC","VC","SR","TL","TO","TT","TV","VU","AZ","BN","BI","KH","CM","TD","KM","GQ","SZ","GA","GN","KG","LA","MO","MR","MN","NP","RW","TG","UZ","ZW","BJ","MG","MU","MZ","AO","CI","DJ","ZM","CD","CG","IQ","LY","TJ","VE","ET","XK"],"disc_number":1,"duration_ms":175750,"explicit":false,"external_urls":{"spotify":"https://open.spotify.com/track/1ATWVZj4ukcMcQHRZ6KxvU"},"href":"https://api.spotify.com/v1/tracks/1ATWVZj4ukcMcQHRZ6KxvU","id":"1ATWVZj4ukcMcQHRZ6KxvU","name":"The Mountain","preview_url":null,"track_number":10,"type":"track","uri":"spotify:track:1ATWVZj4ukcMcQHRZ6KxvU","is_local":false},{"artists":[{"external_urls":{"spotify":"https://open.spotify.com/artist/7n2wHs1TKAczGzO7Dd2rGr"},"href":"https://api.spotify.com/v1/artists/7n2wHs1TKAczGzO7Dd2rGr","id":"7n2wHs1TKAczGzO7Dd2rGr","name":"Shawn Mendes","type":"artist","uri":"spotify:artist:7n2wHs1TKAczGzO7Dd2rGr"}],"available_markets":["AR","AU","AT","BE","BO","BR","BG","CA","CL","CO","CR","CY","CZ","DK","DO","DE","EC","EE","SV","FI","FR","GR","GT","HN","HK","HU","IS","IE","IT","LV","LT","LU","MY","MT","MX","NL","NZ","NI","NO","PA","PY","PE","PH","PL","PT","SG","SK","ES","SE","CH","TW","TR","UY","US","GB","AD","LI","MC","ID","JP","TH","VN","RO","IL","ZA","SA","AE","BH","QA","OM","KW","EG","MA","DZ","TN","LB","JO","PS","IN","KZ","MD","UA","AL","BA","HR","ME","MK","RS","SI","KR","BD","PK","LK","GH","KE","NG","TZ","UG","AG","AM","BS","BB","BZ","BT","BW","BF","CV","CW","DM","FJ","GM","GE","GD","GW","GY","HT","JM","KI","LS","LR","MW","MV","ML","MH","FM","NA","NR","NE","PW","PG","WS","SM","ST","SN","SC","SL","SB","KN","LC","VC","SR","TL","TO","TT","TV","VU","AZ","BN","BI","KH","CM","TD","KM","GQ","SZ","GA","GN","KG","LA","MO","MR","MN","NP","RW","TG","UZ","ZW","BJ","MG","MU","MZ","AO","CI","DJ","ZM","CD","CG","IQ","LY","TJ","VE","ET","XK"],"disc_number":1,"duration_ms":159449,"explicit":false,"external_urls":{"spotify":"https://open.spotify.com/track/0gDIsF458XtmsL67aYqSj7"},"href":"https://api.spotify.com/v1/tracks/0gDIsF458XtmsL67aYqSj7","id":"0gDIsF458XtmsL67aYqSj7","name":"Rollin’ Right Along","preview_url":null,"track_number":11,"type":"track","uri":"spotify:track:0gDIsF458XtmsL67aYqSj7","is_local":false},{"artists":[{"external_urls":{"spotify":"https://open.spotify.com/artist/7n2wHs1TKAczGzO7Dd2rGr"},"href":"https://api.spotify.com/v1/artists/7n2wHs1TKAczGzO7Dd2rGr","id":"7n2wHs1TKAczGzO7Dd2rGr","name":"Shawn Mendes","type":"artist","uri":"spotify:artist:7n2wHs1TKAczGzO7Dd2rGr"}],"available_markets":["AR","AU","AT","BE","BO","BR","BG","CA","CL","CO","CR","CY","CZ","DK","DO","DE","EC","EE","SV","FI","FR","GR","GT","HN","HK","HU","IS","IE","IT","LV","LT","LU","MY","MT","MX","NL","NZ","NI","NO","PA","PY","PE","PH","PL","PT","SG","SK","ES","SE","CH","TW","TR","UY","US","GB","AD","LI","MC","ID","JP","TH","VN","RO","IL","ZA","SA","AE","BH","QA","OM","KW","EG","MA","DZ","TN","LB","JO","PS","IN","KZ","MD","UA","AL","BA","HR","ME","MK","RS","SI","KR","BD","PK","LK","GH","KE","NG","TZ","UG","AG","AM","BS","BB","BZ","BT","BW","BF","CV","CW","DM","FJ","GM","GE","GD","GW","GY","HT","JM","KI","LS","LR","MW","MV","ML","MH","FM","NA","NR","NE","PW","PG","WS","SM","ST","SN","SC","SL","SB","KN","LC","VC","SR","TL","TO","TT","TV","VU","AZ","BN","BI","KH","CM","TD","KM","GQ","SZ","GA","GN","KG","LA","MO","MR","MN","NP","RW","TG","UZ","ZW","BJ","MG","MU","MZ","AO","CI","DJ","ZM","CD","CG","IQ","LY","TJ","VE","ET","XK"],"disc_number":1,"duration_ms":225647,"explicit":false,"external_urls":{"spotify":"https://open.spotify.com/track/5Q6csOncSmExJREyIssHqe"},"href":"https://api.spotify.com/v1/tracks/5Q6csOncSmExJREyIssHqe","id":"5Q6csOncSmExJREyIssHqe","name":"Hallelujah","preview_url":null,"track_number":12,"type":"track","uri":"spotify:track:5Q6csOncSmExJREyIssHqe","is_local":false}]},"copyrights":[{"text":"© 2024 Island Records, a division of UMG Recordings, Inc.","type":"C"},{"text":"℗ 2024 Island Records, a division of UMG Recordings, Inc.","type":"P"}],"external_ids":{"upc":"00602475081319"},"genres":[],"label":"Island Records","popularity":68},{"album_type":"album","total_tracks":14,"available_markets":["AR","AU","AT","BE","BO","BR","BG","CA","CL","CR","CY","CZ","DK","DO","DE","EC","EE","SV","FI","FR","GR","GT","HN","HK","HU","IS","IE","IT","LV","LT","LU","MY","MT","MX","NL","NZ","NI","NO","PA","PY","PE","PH","PL","PT","SG","SK","ES","SE","CH","TW","TR","UY","US","GB","AD","LI","MC","ID","JP","TH","VN","RO","IL","ZA","SA","AE","BH","QA","OM","KW","EG","MA","DZ","TN","LB","JO","PS","IN","BY","KZ","MD","UA","AL","BA","HR","ME","MK","RS","SI","KR","BD","PK","LK","GH","KE","NG","TZ","UG","AG","AM","BS","BB","BZ","BT","BW","BF","CV","CW","DM","FJ","GM","GE","GD","GW","GY","HT","JM","KI","LS","LR","MW","MV","ML","MH","FM","NA","NR","NE","PW","PG","PR","WS","SM","ST","SN","SC","SL","SB","KN","LC","VC","SR","TL","TO","TT","TV","VU","AZ","BN","BI","KH","CM","TD","KM","GQ","SZ","GA","GN","KG","LA","MO","MR","MN","NP","RW","TG","UZ","ZW","BJ","MG","MU","MZ","AO","CI","DJ","ZM","CD","CG","IQ","LY","TJ","VE","ET","XK"],"external_urls":{"spotify":"https://open.spotify.com/album/0leCm7DasgqP70lhOVeXyU"},"href":"https://api.spotify.com/v1/albums/0leCm7DasgqP70lhOVeXyU","id":"0leCm7DasgqP70lhOVeXyU","images":[{"url":"https://i.scdn.co/image/ab67616d0000b273e748e914c867ea0a80849efa","height":640,"width":640},{"url":"https://i.scdn.co/image/ab67616d00001e02e748e914c867ea0a80849efa","height":300,"width":300},{"url":"https://i.scdn.co/image/ab67616d00004851e748e914c867ea0a80849efa","height":64,"width":64}],"name":"INSOMNIO","release_date":"2024-09-06","release_date_precision":"day","type":"album","uri":"spotify:album:0leCm7DasgqP70lhOVeXyU","artists":[{"external_urls":{"spotify":"https://open.spotify.com/artist/1SupJlEpv7RS2tPNRaHViT"},"href":"https://api.spotify.com/v1/artists/1SupJlEpv7RS2tPNRaHViT","id":"1SupJlEpv7RS2tPNRaHViT","name":"Nicky Jam","type":"artist","uri":"spotify:artist:1SupJlEpv7RS2tPNRaHViT"}],"tracks":{"href":"https://api.spotify.com/v1/albums/0leCm7DasgqP70lhOVeXyU/tracks?offset=0&limit=50","limit":50,"next":null,"offset":0,"previous":null,"total":14,"items":[{"artists":[{"external_urls":{"spotify":"https://open.spotify.com/artist/1SupJlEpv7RS2tPNRaHViT"},"href":"https://api.spotify.com/v1/artists/1SupJlEpv7RS2tPNRaHViT","id":"1SupJlEpv7RS2tPNRaHViT","name":"Nicky Jam","type":"artist","uri":"spotify:artist:1SupJlEpv7RS2tPNRaHViT"},{"external_urls":{"spotify":"https://open.spotify.com/artist/5XJDexmWFLWOkjOEjOVX3e"},"href":"https://api.spotify.com/v1/artists/5XJDexmWFLWOkjOEjOVX3e","id":"5XJDexmWFLWOkjOEjOVX3e","name":"Eladio Carrion","type":"artist","uri":"spotify:artist:5XJDexmWFLWOkjOEjOVX3e"}],"available_markets":["AR","AU","AT","BE","BO","BR","BG","CA","CL","CR","CY","CZ","DK","DO","DE","EC","EE","SV","FI","FR","GR","GT","HN","HK","HU","IS","IE","IT","LV","LT","LU","MY","MT","MX","NL","NZ","NI","NO","PA","PY","PE","PH","PL","PT","SG","SK","ES","SE","CH","TW","TR","UY","US","GB","AD","LI","MC","ID","JP","TH","VN","RO","IL","ZA","SA","AE","BH","QA","OM","KW","EG","MA","DZ","TN","LB","JO","PS","IN","BY","KZ","MD","UA","AL","BA","HR","ME","MK","RS","SI","KR","BD","PK","LK","GH","KE","NG","TZ","UG","AG","AM","BS","BB","BZ","BT","BW","BF","CV","CW","DM","FJ","GM","GE","GD","GW","GY","HT","JM","KI","LS","LR","MW","MV","ML","MH","FM","NA","NR","NE","PW","PG","PR","WS","SM","ST","SN","SC","SL","SB","KN","LC","VC","SR","TL","TO","TT","TV","VU","AZ","BN","BI","KH","CM","TD","KM","GQ","SZ","GA","GN","KG","LA","MO","MR","MN","NP","RW","TG","UZ","ZW","BJ","MG","MU","MZ","AO","CI","DJ","ZM","CD","CG","IQ","LY","TJ","VE","ET","XK"],"disc_number":1,"duration_ms":225000,"explicit":false,"external_urls":{"spotify":"https://open.spotify.com/track/0VB76TEvea9xPrOGSDQIgk"},"href":"https://api.spotify.com/v1/tracks/57y57yVtsGSVrtcWPOktjY","id":"57y57yVtsGSVrtcWPOktjY","linked_from":{"external_urls":{"spotify":"https://open.spotify.com/track/0VB76TEvea9xPrOGSDQIgk"},"href":"https://api.spotify.com/v1/tracks/0VB76TEvea9xPrOGSDQIgk","id":"0VB76TEvea9xPrOGSDQIgk","type":"track","uri":"spotify:track:0VB76TEvea9xPrOGSDQIgk"},"name":"EMPLEADO","preview_url":null,"track_number":1,"type":"track","uri":"spotify:track:57y57yVtsGSVrtcWPOktjY","is_local":false},{"artists":[{"external_urls":{"spotify":"https://open.spotify.com/artist/1SupJlEpv7RS2tPNRaHViT"},"href":"https://api.spotify.com/v1/artists/1SupJlEpv7RS2tPNRaHViT","id":"1SupJlEpv7RS2tPNRaHViT","name":"Nicky Jam","type":"artist","uri":"spotify:artist:1SupJlEpv7RS2tPNRaHViT"},{"external_urls":{"spotify":"https://open.spotify.com/artist/4axKuDPr6WKcDCyh8vueTY"},"href":"https://api.spotify.com/v1/artists/4axKuDPr6WKcDCyh8vueTY","id":"4axKuDPr6WKcDCyh8vueTY","name":"Luar La L","type":"artist","uri":"spotify:artist:4axKuDPr6WKcDCyh8vueTY"}],"available_markets":["AR","AU","AT","BE","BO","BR","BG","CA","CL","CR","CY","CZ","DK","DO","DE","EC","EE","SV","FI","FR","GR","GT","HN","HK","HU","IS","IE","IT","LV","LT","LU","MY","MT","MX","NL","NZ","NI","NO","PA","PY","PE","PH","PL","PT","SG","SK","ES","SE","CH","TW","TR","UY","US","GB","AD","LI","MC","ID","JP","TH","VN","RO","IL","ZA","SA","AE","BH","QA","OM","KW","EG","MA","DZ","TN","LB","JO","PS","IN","BY","KZ","MD","UA","AL","BA","HR","ME","MK","RS","SI","KR","BD","PK","LK","GH","KE","NG","TZ","UG","AG","AM","BS","BB","BZ","BT","BW","BF","CV","CW","DM","FJ","GM","GE","GD","GW","GY","HT","JM","KI","LS","LR","MW","MV","ML","MH","FM","NA","NR","NE","PW","PG","PR","WS","SM","ST","SN","SC","SL","SB","KN","LC","VC","SR","TL","TO","TT","TV","VU","AZ","BN","BI","KH","CM","TD","KM","GQ","SZ","GA","GN","KG","LA","MO","MR","MN","NP","RW","TG","UZ","ZW","BJ","MG","MU","MZ","AO","CI","DJ","ZM","CD","CG","IQ","LY","TJ","VE","ET","XK"],"disc_number":1,"duration_ms":210223,"explicit":false,"external_urls":{"spotify":"https://open.spotify.com/track/7EaQ16Nq8bdc2A1CBOCwQU"},"href":"https://api.spotify.com/v1/tracks/78OLLHICfTVD6Vx4Z2iDLv","id":"78OLLHICfTVD6Vx4Z2iDLv","linked_from":{"external_urls":{"spotify":"https://open.spotify.com/track/7EaQ16Nq8bdc2A1CBOCwQU"},"href":"https://api.spotify.com/v1/tracks/7EaQ16Nq8bdc2A1CBOCwQU","id":"7EaQ16Nq8bdc2A1CBOCwQU","type":"track","uri":"spotify:track:7EaQ16Nq8bdc2A1CBOCwQU"},"name":"LA CYBER","preview_url":null,"track_number":2,"type":"track","uri":"spotify:track:78OLLHICfTVD6Vx4Z2iDLv","is_local":false},{"artists":[{"external_urls":{"spotify":"https://open.spotify.com/artist/1SupJlEpv7RS2tPNRaHViT"},"href":"https://api.spotify.com/v1/artists/1SupJlEpv7RS2tPNRaHViT","id":"1SupJlEpv7RS2tPNRaHViT","name":"Nicky Jam","type":"artist","uri":"spotify:artist:1SupJlEpv7RS2tPNRaHViT"},{"external_urls":{"spotify":"https://open.spotify.com/artist/3Isy6kedDrgPYoTS1dazA9"},"href":"https://api.spotify.com/v1/artists/3Isy6kedDrgPYoTS1dazA9","id":"3Isy6kedDrgPYoTS1dazA9","name":"Sean Paul","type":"artist","uri":"spotify:artist:3Isy6kedDrgPYoTS1dazA9"}],"available_markets":["AR","AU","AT","BE","BO","BR","BG","CA","CL","CR","CY","CZ","DK","DO","DE","EC","EE","SV","FI","FR","GR","GT","HN","HK","HU","IS","IE","IT","LV","LT","LU","MY","MT","MX","NL","NZ","NI","NO","PA","PY","PE","PH","PL","PT","SG","SK","ES","SE","CH","TW","TR","UY","US","GB","AD","LI","MC","ID","JP","TH","VN","RO","IL","ZA","SA","AE","BH","QA","OM","KW","EG","MA","DZ","TN","LB","JO","PS","IN","BY","KZ","MD","UA","AL","BA","HR","ME","MK","RS","SI","KR","BD","PK","LK","GH","KE","NG","TZ","UG","AG","AM","BS","BB","BZ","BT","BW","BF","CV","CW","DM","FJ","GM","GE","GD","GW","GY","HT","JM","KI","LS","LR","MW","MV","ML","MH","FM","NA","NR","NE","PW","PG","PR","WS","SM","ST","SN","SC","SL","SB","KN","LC","VC","SR","TL","TO","TT","TV","VU","AZ","BN","BI","KH","CM","TD","KM","GQ","SZ","GA","GN","KG","LA","MO","MR","MN","NP","RW","TG","UZ","ZW","BJ","MG","MU","MZ","AO","CI","DJ","ZM","CD","CG","IQ","LY","TJ","VE","ET","XK"],"disc_number":1,"duration_ms":185567,"explicit":false,"external_urls":{"spotify":"https://open.spotify.com/track/44k60cNCgfT9hCeT4NGEjy"},"href":"https://api.spotify.com/v1/tracks/0pTKVLK0GFRO0stkO3uYFN","id":"0pTKVLK0GFRO0stkO3uYFN","linked_from":{"external_urls":{"spotify":"https://open.spotify.com/track/44k60cNCgfT9hCeT4NGEjy"},"href":"https://api.spotify.com/v1/tracks/44k60cNCgfT9hCeT4NGEjy","id":"44k60cNCgfT9hCeT4NGEjy","type":"track","uri":"spotify:track:44k60cNCgfT9hCeT4NGEjy"},"name":"CASÁNDOTE","preview_url":null,"track_number":3,"type":"track","uri":"spotify:track:0pTKVLK0GFRO0stkO3uYFN","is_local":false},{"artists":[{"external_urls":{"spotify":"https://open.spotify.com/artist/1SupJlEpv7RS2tPNRaHViT"},"href":"https://api.spotify.com/v1/artists/1SupJlEpv7RS2tPNRaHViT","id":"1SupJlEpv7RS2tPNRaHViT","name":"Nicky Jam","type":"artist","uri":"spotify:artist:1SupJlEpv7RS2tPNRaHViT"}],"available_markets":["AR","AU","AT","BE","BO","BR","BG","CA","CL","CR","CY","CZ","DK","DO","DE","EC","EE","SV","FI","FR","GR","GT","HN","HK","HU","IS","IE","IT","LV","LT","LU","MY","MT","MX","NL","NZ","NI","NO","PA","PY","PE","PH","PL","PT","SG","SK","ES","SE","CH","TW","TR","UY","US","GB","AD","LI","MC","ID","JP","TH","VN","RO","IL","ZA","SA","AE","BH","QA","OM","KW","EG","MA","DZ","TN","LB","JO","PS","IN","BY","KZ","MD","UA","AL","BA","HR","ME","MK","RS","SI","KR","BD","PK","LK","GH","KE","NG","TZ","UG","AG","AM","BS","BB","BZ","BT","BW","BF","CV","CW","DM","FJ","GM","GE","GD","GW","GY","HT","JM","KI","LS","LR","MW","MV","ML","MH","FM","NA","NR","NE","PW","PG","PR","WS","SM","ST","SN","SC","SL","SB","KN","LC","VC","SR","TL","TO","TT","TV","VU","AZ","BN","BI","KH","CM","TD","KM","GQ","SZ","GA","GN","KG","LA","MO","MR","MN","NP","RW","TG","UZ","ZW","BJ","MG","MU","MZ","AO","CI","DJ","ZM","CD","CG","IQ","LY","TJ","VE","ET","XK"],"disc_number":1,"duration_ms":218710,"explicit":false,"external_urls":{"spotify":"https://open.spotify.com/track/2qDMB89FqbUVHghmfU5ol9"},"href":"https://api.spotify.com/v1/tracks/1ZTnjehJmqS7xuVSTbqesa","id":"1ZTnjehJmqS7xuVSTbqesa","linked_from":{"external_urls":{"spotify":"https://open.spotify.com/track/2qDMB89FqbUVHghmfU5ol9"},"href":"https://api.spotify.com/v1/tracks/2qDMB89FqbUVHghmfU5ol9","id":"2qDMB89FqbUVHghmfU5ol9","type":"track","uri":"spotify:track:2qDMB89FqbUVHghmfU5ol9"},"name":"INSOMNIO","preview_url":null,"track_number":4,"type":"track","uri":"spotify:track:1ZTnjehJmqS7xuVSTbqesa","is_local":false},{"artists":[{"external_urls":{"spotify":"https://open.spotify.com/artist/1SupJlEpv7RS2tPNRaHViT"},"href":"https://api.spotify.com/v1/artists/1SupJlEpv7RS2tPNRaHViT","id":"1SupJlEpv7RS2tPNRaHViT","name":"Nicky Jam","type":"artist","uri":"spotify:artist:1SupJlEpv7RS2tPNRaHViT"},{"external_urls":{"spotify":"https://open.spotify.com/artist/7a0XAaPaK2aDSqa8p3QnC7"},"href":"https://api.spotify.com/v1/artists/7a0XAaPaK2aDSqa8p3QnC7","id":"7a0XAaPaK2aDSqa8p3QnC7","name":"Beéle","type":"artist","uri":"spotify:artist:7a0XAaPaK2aDSqa8p3QnC7"}],"available_markets":["AR","AU","AT","BE","BO","BR","BG","CA","CL","CR","CY","CZ","DK","DO","DE","EC","EE","SV","FI","FR","GR","GT","HN","HK","HU","IS","IE","IT","LV","LT","LU","MY","MT","MX","NL","NZ","NI","NO","PA","PY","PE","PH","PL","PT","SG","SK","ES","SE","CH","TW","TR","UY","US","GB","AD","LI","MC","ID","JP","TH","VN","RO","IL","ZA","SA","AE","BH","QA","OM","KW","EG","MA","DZ","TN","LB","JO","PS","IN","BY","KZ","MD","UA","AL","BA","HR","ME","MK","RS","SI","KR","BD","PK","LK","GH","KE","NG","TZ","UG","AG","AM","BS","BB","BZ","BT","BW","BF","CV","CW","DM","FJ","GM","GE","GD","GW","GY","HT","JM","KI","LS","LR","MW","MV","ML","MH","FM","NA","NR","NE","PW","PG","PR","WS","SM","ST","SN","SC","SL","SB","KN","LC","VC","SR","TL","TO","TT","TV","VU","AZ","BN","BI","KH","CM","TD","KM","GQ","SZ","GA","GN","KG","LA","MO","MR","MN","NP","RW","TG","UZ","ZW","BJ","MG","MU","MZ","AO","CI","DJ","ZM","CD","CG","IQ","LY","TJ","VE","ET","XK"],"disc_number":1,"duration_ms":200769,"explicit":false,"external_urls":{"spotify":"https://open.spotify.com/track/5g54T6doN39ejttzpz0uq1"},"href":"https://api.spotify.com/v1/tracks/24pBmVh9RhHewoZxFiHYz4","id":"24pBmVh9RhHewoZxFiHYz4","linked_from":{"external_urls":{"spotify":"https://open.spotify.com/track/5g54T6doN39ejttzpz0uq1"},"href":"https://api.spotify.com/v1/tracks/5g54T6doN39ejttzpz0uq1","id":"5g54T6doN39ejttzpz0uq1","type":"track","uri":"spotify:track:5g54T6doN39ejttzpz0uq1"},"name":"CALOR","preview_url":null,"track_number":5,"type":"track","uri":"spotify:track:24pBmVh9RhHewoZxFiHYz4","is_local":false},{"artists":[{"external_urls":{"spotify":"https://open.spotify.com/artist/1SupJlEpv7RS2tPNRaHViT"},"href":"https://api.spotify.com/v1/artists/1SupJlEpv7RS2tPNRaHViT","id":"1SupJlEpv7RS2tPNRaHViT","name":"Nicky Jam","type":"artist","uri":"spotify:artist:1SupJlEpv7RS2tPNRaHViT"}],"available_markets":["AR","AU","AT","BE","BO","BR","BG","CA","CL","CR","CY","CZ","DK","DO","DE","EC","EE","SV","FI","FR","GR","GT","HN","HK","HU","IS","IE","IT","LV","LT","LU","MY","MT","MX","NL","NZ","NI","NO","PA","PY","PE","PH","PL","PT","SG","SK","ES","SE","CH","TW","TR","UY","US","GB","AD","LI","MC","ID","JP","TH","VN","RO","IL","ZA","SA","AE","BH","QA","OM","KW","EG","MA","DZ","TN","LB","JO","PS","IN","BY","KZ","MD","UA","AL","BA","HR","ME","MK","RS","SI","KR","BD","PK","LK","GH","KE","NG","TZ","UG","AG","AM","BS","BB","BZ","BT","BW","BF","CV","CW","DM","FJ","GM","GE","GD","GW","GY","HT","JM","KI","LS","LR","MW","MV","ML","MH","FM","NA","NR","NE","PW","PG","PR","WS","SM","ST","SN","SC","SL","SB","KN","LC","VC","SR","TL","TO","TT","TV","VU","AZ","BN","BI","KH","CM","TD","KM","GQ","SZ","GA","GN","KG","LA","MO","MR","MN","NP","RW","TG","UZ","ZW","BJ","MG","MU","MZ","AO","CI","DJ","ZM","CD","CG","IQ","LY","TJ","VE","ET","XK"],"disc_number":1,"duration_ms":188387,"explicit":false,"external_urls":{"spotify":"https://open.spotify.com/track/732MZ9Z2bY8WeBzzAIjsi2"},"href":"https://api.spotify.com/v1/tracks/08l8Sjb21RTdtfXtUYniVM","id":"08l8Sjb21RTdtfXtUYniVM","linked_from":{"external_urls":{"spotify":"https://open.spotify.com/track/732MZ9Z2bY8WeBzzAIjsi2"},"href":"https://api.spotify.com/v1/tracks/732MZ9Z2bY8WeBzzAIjsi2","id":"732MZ9Z2bY8WeBzzAIjsi2","type":"track","uri":"spotify:track:732MZ9Z2bY8WeBzzAIjsi2"},"name":"EL BAR","preview_url":null,"track_number":6,"type":"track","uri":"spotify:track:08l8Sjb21RTdtfXtUYniVM","is_local":false},{"artists":[{"external_urls":{"spotify":"https://open.spotify.com/artist/1SupJlEpv7RS2tPNRaHViT"},"href":"https://api.spotify.com/v1/artists/1SupJlEpv7RS2tPNRaHViT","id":"1SupJlEpv7RS2tPNRaHViT","name":"Nicky Jam","type":"artist","uri":"spotify:artist:1SupJlEpv7RS2tPNRaHViT"},{"external_urls":{"spotify":"https://open.spotify.com/artist/7j6DKwmjbxvpQO8h914uEz"},"href":"https://api.spotify.com/v1/artists/7j6DKwmjbxvpQO8h914uEz","id":"7j6DKwmjbxvpQO8h914uEz","name":"Ryan Castro","type":"artist","uri":"spotify:artist:7j6DKwmjbxvpQO8h914uEz"}],"available_markets":["AR","AU","AT","BE","BO","BR","BG","CA","CL","CR","CY","CZ","DK","DO","DE","EC","EE","SV","FI","FR","GR","GT","HN","HK","HU","IS","IE","IT","LV","LT","LU","MY","MT","MX","NL","NZ","NI","NO","PA","PY","PE","PH","PL","PT","SG","SK","ES","SE","CH","TW","TR","UY","US","GB","AD","LI","MC","ID","JP","TH","VN","RO","IL","ZA","SA","AE","BH","QA","OM","KW","EG","MA","DZ","TN","LB","JO","PS","IN","BY","KZ","MD","UA","AL","BA","HR","ME","MK","RS","SI","KR","BD","PK","LK","GH","KE","NG","TZ","UG","AG","AM","BS","BB","BZ","BT","BW","BF","CV","CW","DM","FJ","GM","GE","GD","GW","GY","HT","JM","KI","LS","LR","MW","MV","ML","MH","FM","NA","NR","NE","PW","PG","PR","WS","SM","ST","SN","SC","SL","SB","KN","LC","VC","SR","TL","TO","TT","TV","VU","AZ","BN","BI","KH","CM","TD","KM","GQ","SZ","GA","GN","KG","LA","MO","MR","MN","NP","RW","TG","UZ","ZW","BJ","MG","MU","MZ","AO","CI","DJ","ZM","CD","CG","IQ","LY","TJ","VE","ET","XK"],"disc_number":1,"duration_ms":185806,"explicit":true,"external_urls":{"spotify":"https://open.spotify.com/track/6LzlBbZYcpTeRVHVqLGR1o"},"href":"https://api.spotify.com/v1/tracks/6TUOYo2LQGHxoiytGkwoGw","id":"6TUOYo2LQGHxoiytGkwoGw","linked_from":{"external_urls":{"spotify":"https://open.spotify.com/track/6LzlBbZYcpTeRVHVqLGR1o"},"href":"https://api.spotify.com/v1/tracks/6LzlBbZYcpTeRVHVqLGR1o","id":"6LzlBbZYcpTeRVHVqLGR1o","type":"track","uri":"spotify:track:6LzlBbZYcpTeRVHVqLGR1o"},"name":"CHICOKIS","preview_url":null,"track_number":7,"type":"track","uri":"spotify:track:6TUOYo2LQGHxoiytGkwoGw","is_local":false},{"artists":[{"external_urls":{"spotify":"https://open.spotify.com/artist/1SupJlEpv7RS2tPNRaHViT"},"href":"https://api.spotify.com/v1/artists/1SupJlEpv7RS2tPNRaHViT","id":"1SupJlEpv7RS2tPNRaHViT","name":"Nicky Jam","type":"artist","uri":"spotify:artist:1SupJlEpv7RS2tPNRaHViT"}],"available_markets":["AR","AU","AT","BE","BO","BR","BG","CA","CL","CR","CY","CZ","DK","DO","DE","EC","EE","SV","FI","FR","GR","GT","HN","HK","HU","IS","IE","IT","LV","LT","LU","MY","MT","MX","NL","NZ","NI","NO","PA","PY","PE","PH","PL","PT","SG","SK","ES","SE","CH","TW","TR","UY","US","GB","AD","LI","MC","ID","JP","TH","VN","RO","IL","ZA","SA","AE","BH","QA","OM","KW","EG","MA","DZ","TN","LB","JO","PS","IN","BY","KZ","MD","UA","AL","BA","HR","ME","MK","RS","SI","KR","BD","PK","LK","GH","KE","NG","TZ","UG","AG","AM","BS","BB","BZ","BT","BW","BF","CV","CW","DM","FJ","GM","GE","GD","GW","GY","HT","JM","KI","LS","LR","MW","MV","ML","MH","FM","NA","NR","NE","PW","PG","PR","WS","SM","ST","SN","SC","SL","SB","KN","LC","VC","SR","TL","TO","TT","TV","VU","AZ","BN","BI","KH","CM","TD","KM","GQ","SZ","GA","GN","KG","LA","MO","MR","MN","NP","RW","TG","UZ","ZW","BJ","MG","MU","MZ","AO","CI","DJ","ZM","CD","CG","IQ","LY","TJ","VE","ET","XK"],"disc_number":1,"duration_ms":195398,"explicit":false,"external_urls":{"spotify":"https://open.spotify.com/track/779RWYUUGau6rrt2EVQLbC"},"href":"https://api.spotify.com/v1/tracks/5EWSSnN0RdbscTWax0QecQ","id":"5EWSSnN0RdbscTWax0QecQ","linked_from":{"external_urls":{"spotify":"https://open.spotify.com/track/779RWYUUGau6rrt2EVQLbC"},"href":"https://api.spotify.com/v1/tracks/779RWYUUGau6rrt2EVQLbC","id":"779RWYUUGau6rrt2EVQLbC","type":"track","uri":"spotify:track:779RWYUUGau6rrt2EVQLbC"},"name":"EXÓTICA","preview_url":null,"track_number":8,"type":"track","uri":"spotify:track:5EWSSnN0RdbscTWax0QecQ","is_local":false},{"artists":[{"external_urls":{"spotify":"https://open.spotify.com/artist/1SupJlEpv7RS2tPNRaHViT"},"href":"https://api.spotify.com/v1/artists/1SupJlEpv7RS2tPNRaHViT","id":"1SupJlEpv7RS2tPNRaHViT","name":"Nicky Jam","type":"artist","uri":"spotify:artist:1SupJlEpv7RS2tPNRaHViT"},{"external_urls":{"spotify":"https://open.spotify.com/artist/2O8vbr4RYPpk6MRA4fio7u"},"href":"https://api.spotify.com/v1/artists/2O8vbr4RYPpk6MRA4fio7u","id":"2O8vbr4RYPpk6MRA4fio7u","name":"SAIKO","type":"artist","uri":"spotify:artist:2O8vbr4RYPpk6MRA4fio7u"}],"available_markets":["AR","AU","AT","BE","BO","BR","BG","CA","CL","CR","CY","CZ","DK","DO","DE","EC","EE","SV","FI","FR","GR","GT","HN","HK","HU","IS","IE","IT","LV","LT","LU","MY","MT","MX","NL","NZ","NI","NO","PA","PY","PE","PH","PL","PT","SG","SK","ES","SE","CH","TW","TR","UY","US","GB","AD","LI","MC","ID","JP","TH","VN","RO","IL","ZA","SA","AE","BH","QA","OM","KW","EG","MA","DZ","TN","LB","JO","PS","IN","BY","KZ","MD","UA","AL","BA","HR","ME","MK","RS","SI","KR","BD","PK","LK","GH","KE","NG","TZ","UG","AG","AM","BS","BB","BZ","BT","BW","BF","CV","CW","DM","FJ","GM","GE","GD","GW","GY","HT","JM","KI","LS","LR","MW","MV","ML","MH","FM","NA","NR","NE","PW","PG","PR","WS","SM","ST","SN","SC","SL","SB","KN","LC","VC","SR","TL","TO","TT","TV","VU","AZ","BN","BI","KH","CM","TD","KM","GQ","SZ","GA","GN","KG","LA","MO","MR","MN","NP","RW","TG","UZ","ZW","BJ","MG","MU","MZ","AO","CI","DJ","ZM","CD","CG","IQ","LY","TJ","VE","ET","XK"],"disc_number":1,"duration_ms":178775,"explicit":false,"external_urls":{"spotify":"https://open.spotify.com/track/273PsBfvMreiD2TXyKOR06"},"href":"https://api.spotify.com/v1/tracks/4FnsLeh3vcYBVx5W1A6nya","id":"4FnsLeh3vcYBVx5W1A6nya","linked_from":{"external_urls":{"spotify":"https://open.spotify.com/track/273PsBfvMreiD2TXyKOR06"},"href":"https://api.spotify.com/v1/tracks/273PsBfvMreiD2TXyKOR06","id":"273PsBfvMreiD2TXyKOR06","type":"track","uri":"spotify:track:273PsBfvMreiD2TXyKOR06"},"name":"CÓDIGOS","preview_url":null,"track_number":9,"type":"track","uri":"spotify:track:4FnsLeh3vcYBVx5W1A6nya","is_local":false},{"artists":[{"external_urls":{"spotify":"https://open.spotify.com/artist/1SupJlEpv7RS2tPNRaHViT"},"href":"https://api.spotify.com/v1/artists/1SupJlEpv7RS2tPNRaHViT","id":"1SupJlEpv7RS2tPNRaHViT","name":"Nicky Jam","type":"artist","uri":"spotify:artist:1SupJlEpv7RS2tPNRaHViT"},{"external_urls":{"spotify":"https://open.spotify.com/artist/2LRoIwlKmHjgvigdNGBHNo"},"href":"https://api.spotify.com/v1/artists/2LRoIwlKmHjgvigdNGBHNo","id":"2LRoIwlKmHjgvigdNGBHNo","name":"Feid","type":"artist","uri":"spotify:artist:2LRoIwlKmHjgvigdNGBHNo"}],"available_markets":["AR","AU","AT","BE","BO","BR","BG","CA","CL","CR","CY","CZ","DK","DO","DE","EC","EE","SV","FI","FR","GR","GT","HN","HK","HU","IS","IE","IT","LV","LT","LU","MY","MT","MX","NL","NZ","NI","NO","PA","PY","PE","PH","PL","PT","SG","SK","ES","SE","CH","TW","TR","UY","US","GB","AD","LI","MC","ID","JP","TH","VN","RO","IL","ZA","SA","AE","BH","QA","OM","KW","EG","MA","DZ","TN","LB","JO","PS","IN","BY","KZ","MD","UA","AL","BA","HR","ME","MK","RS","SI","KR","BD","PK","LK","GH","KE","NG","TZ","UG","AG","AM","BS","BB","BZ","BT","BW","BF","CV","CW","DM","FJ","GM","GE","GD","GW","GY","HT","JM","KI","LS","LR","MW","MV","ML","MH","FM","NA","NR","NE","PW","PG","PR","WS","SM","ST","SN","SC","SL","SB","KN","LC","VC","SR","TL","TO","TT","TV","VU","AZ","BN","BI","KH","CM","TD","KM","GQ","SZ","GA","GN","KG","LA","MO","MR","MN","NP","RW","TG","UZ","ZW","BJ","MG","MU","MZ","AO","CI","DJ","ZM","CD","CG","IQ","LY","TJ","VE","ET","XK"],"disc_number":1,"duration_ms":221935,"explicit":true,"external_urls":{"spotify":"https://open.spotify.com/track/722s6HA9byq7s6eEybrl6i"},"href":"https://api.spotify.com/v1/tracks/7tqoy8w8mtdApSX3nncVBU","id":"7tqoy8w8mtdApSX3nncVBU","linked_from":{"external_urls":{"spotify":"https://open.spotify.com/track/722s6HA9byq7s6eEybrl6i"},"href":"https://api.spotify.com/v1/tracks/722s6HA9byq7s6eEybrl6i","id":"722s6HA9byq7s6eEybrl6i","type":"track","uri":"spotify:track:722s6HA9byq7s6eEybrl6i"},"name":"69","preview_url":null,"track_number":10,"type":"track","uri":"spotify:track:7tqoy8w8mtdApSX3nncVBU","is_local":false},{"artists":[{"external_urls":{"spotify":"https://open.spotify.com/artist/1SupJlEpv7RS2tPNRaHViT"},"href":"https://api.spotify.com/v1/artists/1SupJlEpv7RS2tPNRaHViT","id":"1SupJlEpv7RS2tPNRaHViT","name":"Nicky Jam","type":"artist","uri":"spotify:artist:1SupJlEpv7RS2tPNRaHViT"},{"external_urls":{"spotify":"https://open.spotify.com/artist/4Ws2otunReOa6BbwxxpCt6"},"href":"https://api.spotify.com/v1/artists/4Ws2otunReOa6BbwxxpCt6","id":"4Ws2otunReOa6BbwxxpCt6","name":"Benny Benassi","type":"artist","uri":"spotify:artist:4Ws2otunReOa6BbwxxpCt6"},{"external_urls":{"spotify":"https://open.spotify.com/artist/3l0fMxw3kEBVB79YEC1pEk"},"href":"https://api.spotify.com/v1/artists/3l0fMxw3kEBVB79YEC1pEk","id":"3l0fMxw3kEBVB79YEC1pEk","name":"Kaeme","type":"artist","uri":"spotify:artist:3l0fMxw3kEBVB79YEC1pEk"}],"available_markets":["AR","AU","AT","BE","BO","BR","BG","CA","CL","CR","CY","CZ","DK","DO","DE","EC","EE","SV","FI","FR","GR","GT","HN","HK","HU","IS","IE","IT","LV","LT","LU","MY","MT","MX","NL","NZ","NI","NO","PA","PY","PE","PH","PL","PT","SG","SK","ES","SE","CH","TW","TR","UY","US","GB","AD","LI","MC","ID","JP","TH","VN","RO","IL","ZA","SA","AE","BH","QA","OM","KW","EG","MA","DZ","TN","LB","JO","PS","IN","BY","KZ","MD","UA","AL","BA","HR","ME","MK","RS","SI","KR","BD","PK","LK","GH","KE","NG","TZ","UG","AG","AM","BS","BB","BZ","BT","BW","BF","CV","CW","DM","FJ","GM","GE","GD","GW","GY","HT","JM","KI","LS","LR","MW","MV","ML","MH","FM","NA","NR","NE","PW","PG","PR","WS","SM","ST","SN","SC","SL","SB","KN","LC","VC","SR","TL","TO","TT","TV","VU","AZ","BN","BI","KH","CM","TD","KM","GQ","SZ","GA","GN","KG","LA","MO","MR","MN","NP","RW","TG","UZ","ZW","BJ","MG","MU","MZ","AO","CI","DJ","ZM","CD","CG","IQ","LY","TJ","VE","ET","XK"],"disc_number":1,"duration_ms":151384,"explicit":false,"external_urls":{"spotify":"https://open.spotify.com/track/3hsXte1AgCtJssZEcspoYy"},"href":"https://api.spotify.com/v1/tracks/6iMSDICcK72SGqwy0maMhC","id":"6iMSDICcK72SGqwy0maMhC","linked_from":{"external_urls":{"spotify":"https://open.spotify.com/track/3hsXte1AgCtJssZEcspoYy"},"href":"https://api.spotify.com/v1/tracks/3hsXte1AgCtJssZEcspoYy","id":"3hsXte1AgCtJssZEcspoYy","type":"track","uri":"spotify:track:3hsXte1AgCtJssZEcspoYy"},"name":"BRAND NEW","preview_url":null,"track_number":11,"type":"track","uri":"spotify:track:6iMSDICcK72SGqwy0maMhC","is_local":false},{"artists":[{"external_urls":{"spotify":"https://open.spotify.com/artist/1SupJlEpv7RS2tPNRaHViT"},"href":"https://api.spotify.com/v1/artists/1SupJlEpv7RS2tPNRaHViT","id":"1SupJlEpv7RS2tPNRaHViT","name":"Nicky Jam","type":"artist","uri":"spotify:artist:1SupJlEpv7RS2tPNRaHViT"},{"external_urls":{"spotify":"https://open.spotify.com/artist/2x7PC78TmgqpEIjaGAZ0Oz"},"href":"https://api.spotify.com/v1/artists/2x7PC78TmgqpEIjaGAZ0Oz","id":"2x7PC78TmgqpEIjaGAZ0Oz","name":"Trueno","type":"artist","uri":"spotify:artist:2x7PC78TmgqpEIjaGAZ0Oz"}],"available_markets":["AR","AU","AT","BE","BO","BR","BG","CA","CL","CR","CY","CZ","DK","DO","DE","EC","EE","SV","FI","FR","GR","GT","HN","HK","HU","IS","IE","IT","LV","LT","LU","MY","MT","MX","NL","NZ","NI","NO","PA","PY","PE","PH","PL","PT","SG","SK","ES","SE","CH","TW","TR","UY","US","GB","AD","LI","MC","ID","JP","TH","VN","RO","IL","ZA","SA","AE","BH","QA","OM","KW","EG","MA","DZ","TN","LB","JO","PS","IN","BY","KZ","MD","UA","AL","BA","HR","ME","MK","RS","SI","KR","BD","PK","LK","GH","KE","NG","TZ","UG","AG","AM","BS","BB","BZ","BT","BW","BF","CV","CW","DM","FJ","GM","GE","GD","GW","GY","HT","JM","KI","LS","LR","MW","MV","ML","MH","FM","NA","NR","NE","PW","PG","PR","WS","SM","ST","SN","SC","SL","SB","KN","LC","VC","SR","TL","TO","TT","TV","VU","AZ","BN","BI","KH","CM","TD","KM","GQ","SZ","GA","GN","KG","LA","MO","MR","MN","NP","RW","TG","UZ","ZW","BJ","MG","MU","MZ","AO","CI","DJ","ZM","CD","CG","IQ","LY","TJ","VE","ET","XK"],"disc_number":1,"duration_ms":189278,"explicit":false,"external_urls":{"spotify":"https://open.spotify.com/track/1d6XWGYPPv7nPCi3sWkxWT"},"href":"https://api.spotify.com/v1/tracks/4OVG1JPpp4iC0b1KvG8GkG","id":"4OVG1JPpp4iC0b1KvG8GkG","linked_from":{"external_urls":{"spotify":"https://open.spotify.com/track/1d6XWGYPPv7nPCi3sWkxWT"},"href":"https://api.spotify.com/v1/tracks/1d6XWGYPPv7nPCi3sWkxWT","id":"1d6XWGYPPv7nPCi3sWkxWT","type":"track","uri":"spotify:track:1d6XWGYPPv7nPCi3sWkxWT"},"name":"CANGRINAJE","preview_url":null,"track_number":12,"type":"track","uri":"spotify:track:4OVG1JPpp4iC0b1KvG8GkG","is_local":false},{"artists":[{"external_urls":{"spotify":"https://open.spotify.com/artist/1SupJlEpv7RS2tPNRaHViT"},"href":"https://api.spotify.com/v1/artists/1SupJlEpv7RS2tPNRaHViT","id":"1SupJlEpv7RS2tPNRaHViT","name":"Nicky Jam","type":"artist","uri":"spotify:artist:1SupJlEpv7RS2tPNRaHViT"}],"available_markets":["AR","AU","AT","BE","BO","BR","BG","CA","CL","CR","CY","CZ","DK","DO","DE","EC","EE","SV","FI","FR","GR","GT","HN","HK","HU","IS","IE","IT","LV","LT","LU","MY","MT","MX","NL","NZ","NI","NO","PA","PY","PE","PH","PL","PT","SG","SK","ES","SE","CH","TW","TR","UY","US","GB","AD","LI","MC","ID","JP","TH","VN","RO","IL","ZA","SA","AE","BH","QA","OM","KW","EG","MA","DZ","TN","LB","JO","PS","IN","BY","KZ","MD","UA","AL","BA","HR","ME","MK","RS","SI","KR","BD","PK","LK","GH","KE","NG","TZ","UG","AG","AM","BS","BB","BZ","BT","BW","BF","CV","CW","DM","FJ","GM","GE","GD","GW","GY","HT","JM","KI","LS","LR","MW","MV","ML","MH","FM","NA","NR","NE","PW","PG","PR","WS","SM","ST","SN","SC","SL","SB","KN","LC","VC","SR","TL","TO","TT","TV","VU","AZ","BN","BI","KH","CM","TD","KM","GQ","SZ","GA","GN","KG","LA","MO","MR","MN","NP","RW","TG","UZ","ZW","BJ","MG","MU","MZ","AO","CI","DJ","ZM","CD","CG","IQ","LY","TJ","VE","ET","XK"],"disc_number":1,"duration_ms":166292,"explicit":false,"external_urls":{"spotify":"https://open.spotify.com/track/64y7606OQWxKysceRlkNxI"},"href":"https://api.spotify.com/v1/tracks/2gbCHA6tNDgOYnndkVy0DJ","id":"2gbCHA6tNDgOYnndkVy0DJ","linked_from":{"external_urls":{"spotify":"https://open.spotify.com/track/64y7606OQWxKysceRlkNxI"},"href":"https://api.spotify.com/v1/tracks/64y7606OQWxKysceRlkNxI","id":"64y7606OQWxKysceRlkNxI","type":"track","uri":"spotify:track:64y7606OQWxKysceRlkNxI"},"name":"QUE ME HICISTE","preview_url":null,"track_number":13,"type":"track","uri":"spotify:track:2gbCHA6tNDgOYnndkVy0DJ","is_local":false},{"artists":[{"external_urls":{"spotify":"https://open.spotify.com/artist/1SupJlEpv7RS2tPNRaHViT"},"href":"https://api.spotify.com/v1/artists/1SupJlEpv7RS2tPNRaHViT","id":"1SupJlEpv7RS2tPNRaHViT","name":"Nicky Jam","type":"artist","uri":"spotify:artist:1SupJlEpv7RS2tPNRaHViT"}],"available_markets":["AR","AU","AT","BE","BO","BR","BG","CA","CL","CR","CY","CZ","DK","DO","DE","EC","EE","SV","FI","FR","GR","GT","HN","HK","HU","IS","IE","IT","LV","LT","LU","MY","MT","MX","NL","NZ","NI","NO","PA","PY","PE","PH","PL","PT","SG","SK","ES","SE","CH","TW","TR","UY","US","GB","AD","LI","MC","ID","JP","TH","VN","RO","IL","ZA","SA","AE","BH","QA","OM","KW","EG","MA","DZ","TN","LB","JO","PS","IN","BY","KZ","MD","UA","AL","BA","HR","ME","MK","RS","SI","KR","BD","PK","LK","GH","KE","NG","TZ","UG","AG","AM","BS","BB","BZ","BT","BW","BF","CV","CW","DM","FJ","GM","GE","GD","GW","GY","HT","JM","KI","LS","LR","MW","MV","ML","MH","FM","NA","NR","NE","PW","PG","PR","WS","SM","ST","SN","SC","SL","SB","KN","LC","VC","SR","TL","TO","TT","TV","VU","AZ","BN","BI","KH","CM","TD","KM","GQ","SZ","GA","GN","KG","LA","MO","MR","MN","NP","RW","TG","UZ","ZW","BJ","MG","MU","MZ","AO","CI","DJ","ZM","CD","CG","IQ","LY","TJ","VE","ET","XK"],"disc_number":1,"duration_ms":175263,"explicit":false,"external_urls":{"spotify":"https://open.spotify.com/track/4jPh0MroN27UvINLG7Cs2D"},"href":"https://api.spotify.com/v1/tracks/6XuT9aJx7LcXv5nGww00EV","id":"6XuT9aJx7LcXv5nGww00EV","linked_from":{"external_urls":{"spotify":"https://open.spotify.com/track/4jPh0MroN27UvINLG7Cs2D"},"href":"https://api.spotify.com/v1/tracks/4jPh0MroN27UvINLG7Cs2D","id":"4jPh0MroN27UvINLG7Cs2D","type":"track","uri":"spotify:track:4jPh0MroN27UvINLG7Cs2D"},"name":"INSOMNIO - Soul version","preview_url":null,"track_number":14,"type":"track","uri":"spotify:track:6XuT9aJx7LcXv5nGww00EV","is_local":false}]},"copyrights":[{"text":"(P) 2024 Sony Music Entertainment US Latin LLC","type":"P"}],"external_ids":{"upc":"196872310269"},"genres":[],"label":"Sony Music Latin","popularity":61},{"album_type":"album","total_tracks":29,"available_markets":["AR","AU","AT","BE","BO","BR","BG","CA","CL","CO","CR","CY","CZ","DK","DO","DE","EC","EE","SV","FI","FR","GR","GT","HN","HK","HU","IS","IE","IT","LV","LT","LU","MY","MT","MX","NL","NZ","NI","NO","PA","PY","PE","PH","PL","PT","SG","SK","ES","SE","CH","TW","TR","UY","US","GB","AD","LI","MC","ID","JP","TH","VN","RO","IL","ZA","SA","AE","BH","QA","OM","KW","EG","MA","DZ","TN","LB","JO","PS","IN","KZ","MD","UA","AL","BA","HR","ME","MK","RS","SI","KR","BD","PK","LK","GH","KE","NG","TZ","UG","AG","AM","BS","BB","BZ","BT","BW","BF","CV","CW","DM","FJ","GM","GE","GD","GW","GY","HT","JM","KI","LS","LR","MW","MV","ML","MH","FM","NA","NR","NE","PW","PG","WS","SM","ST","SN","SC","SL","SB","KN","LC","VC","SR","TL","TO","TT","TV","VU","AZ","BN","BI","KH","CM","TD","KM","GQ","SZ","GA","GN","KG","LA","MO","MR","MN","NP","RW","TG","UZ","ZW","BJ","MG","MU","MZ","AO","CI","DJ","ZM","CD","CG","IQ","LY","TJ","VE","ET","XK"],"external_urls":{"spotify":"https://open.spotify.com/album/67JIMv9vCB2ukBdEbtUmUG"},"href":"https://api.spotify.com/v1/albums/67JIMv9vCB2ukBdEbtUmUG","id":"67JIMv9vCB2ukBdEbtUmUG","images":[{"url":"https://i.scdn.co/image/ab67616d0000b273ed133ea8f343f0f451346a44","height":640,"width":640},{"url":"https://i.scdn.co/image/ab67616d00001e02ed133ea8f343f0f451346a44","height":300,"width":300},{"url":"https://i.scdn.co/image/ab67616d00004851ed133ea8f343f0f451346a44","height":64,"width":64}],"name":"Le Clique: Vida Rockstar (X)","release_date":"2024-09-06","release_date_precision":"day","type":"album","uri":"spotify:album:67JIMv9vCB2ukBdEbtUmUG","artists":[{"external_urls":{"spotify":"https://open.spotify.com/artist/6nVcHLIgY5pE2YCl8ubca1"},"href":"https://api.spotify.com/v1/artists/6nVcHLIgY5pE2YCl8ubca1","id":"6nVcHLIgY5pE2YCl8ubca1","name":"JHAYCO","type":"artist","uri":"spotify:artist:6nVcHLIgY5pE2YCl8ubca1"}],"tracks":{"href":"https://api.spotify.com/v1/albums/67JIMv9vCB2ukBdEbtUmUG/tracks?offset=0&limit=50","limit":50,"next":null,"offset":0,"previous":null,"total":29,"items":[{"artists":[{"external_urls":{"spotify":"https://open.spotify.com/artist/6nVcHLIgY5pE2YCl8ubca1"},"href":"https://api.spotify.com/v1/artists/6nVcHLIgY5pE2YCl8ubca1","id":"6nVcHLIgY5pE2YCl8ubca1","name":"JHAYCO","type":"artist","uri":"spotify:artist:6nVcHLIgY5pE2YCl8ubca1"}],"available_markets":["AR","AU","AT","BE","BO","BR","BG","CA","CL","CO","CR","CY","CZ","DK","DO","DE","EC","EE","SV","FI","FR","GR","GT","HN","HK","HU","IS","IE","IT","LV","LT","LU","MY","MT","MX","NL","NZ","NI","NO","PA","PY","PE","PH","PL","PT","SG","SK","ES","SE","CH","TW","TR","UY","US","GB","AD","LI","MC","ID","JP","TH","VN","RO","IL","ZA","SA","AE","BH","QA","OM","KW","EG","MA","DZ","TN","LB","JO","PS","IN","KZ","MD","UA","AL","BA","HR","ME","MK","RS","SI","KR","BD","PK","LK","GH","KE","NG","TZ","UG","AG","AM","BS","BB","BZ","BT","BW","BF","CV","CW","DM","FJ","GM","GE","GD","GW","GY","HT","JM","KI","LS","LR","MW","MV","ML","MH","FM","NA","NR","NE","PW","PG","WS","SM","ST","SN","SC","SL","SB","KN","LC","VC","SR","TL","TO","TT","TV","VU","AZ","BN","BI","KH","CM","TD","KM","GQ","SZ","GA","GN","KG","LA","MO","MR","MN","NP","RW","TG","UZ","ZW","BJ","MG","MU","MZ","AO","CI","DJ","ZM","CD","CG","IQ","LY","TJ","VE","ET","XK"],"disc_number":1,"duration_ms":206373,"explicit":false,"external_urls":{"spotify":"https://open.spotify.com/track/3HJdVteZQwALBdlr0VFlBZ"},"href":"https://api.spotify.com/v1/tracks/3HJdVteZQwALBdlr0VFlBZ","id":"3HJdVteZQwALBdlr0VFlBZ","name":"Vida Rockstar","preview_url":null,"track_number":1,"type":"track","uri":"spotify:track:3HJdVteZQwALBdlr0VFlBZ","is_local":false},{"artists":[{"external_urls":{"spotify":"https://open.spotify.com/artist/6nVcHLIgY5pE2YCl8ubca1"},"href":"https://api.spotify.com/v1/artists/6nVcHLIgY5pE2YCl8ubca1","id":"6nVcHLIgY5pE2YCl8ubca1","name":"JHAYCO","type":"artist","uri":"spotify:artist:6nVcHLIgY5pE2YCl8ubca1"}],"available_markets":["AR","AU","AT","BE","BO","BR","BG","CA","CL","CO","CR","CY","CZ","DK","DO","DE","EC","EE","SV","FI","FR","GR","GT","HN","HK","HU","IS","IE","IT","LV","LT","LU","MY","MT","MX","NL","NZ","NI","NO","PA","PY","PE","PH","PL","PT","SG","SK","ES","SE","CH","TW","TR","UY","US","GB","AD","LI","MC","ID","JP","TH","VN","RO","IL","ZA","SA","AE","BH","QA","OM","KW","EG","MA","DZ","TN","LB","JO","PS","IN","KZ","MD","UA","AL","BA","HR","ME","MK","RS","SI","KR","BD","PK","LK","GH","KE","NG","TZ","UG","AG","AM","BS","BB","BZ","BT","BW","BF","CV","CW","DM","FJ","GM","GE","GD","GW","GY","HT","JM","KI","LS","LR","MW","MV","ML","MH","FM","NA","NR","NE","PW","PG","WS","SM","ST","SN","SC","SL","SB","KN","LC","VC","SR","TL","TO","TT","TV","VU","AZ","BN","BI","KH","CM","TD","KM","GQ","SZ","GA","GN","KG","LA","MO","MR","MN","NP","RW","TG","UZ","ZW","BJ","MG","MU","MZ","AO","CI","DJ","ZM","CD","CG","IQ","LY","TJ","VE","ET","XK"],"disc_number":1,"duration_ms":223280,"explicit":false,"external_urls":{"spotify":"https://open.spotify.com/track/15RIC19jTLR5SYYsdDhXmV"},"href":"https://api.spotify.com/v1/tracks/15RIC19jTLR5SYYsdDhXmV","id":"15RIC19jTLR5SYYsdDhXmV","name":"Grecia","preview_url":null,"track_number":2,"type":"track","uri":"spotify:track:15RIC19jTLR5SYYsdDhXmV","is_local":false},{"artists":[{"external_urls":{"spotify":"https://open.spotify.com/artist/6nVcHLIgY5pE2YCl8ubca1"},"href":"https://api.spotify.com/v1/artists/6nVcHLIgY5pE2YCl8ubca1","id":"6nVcHLIgY5pE2YCl8ubca1","name":"JHAYCO","type":"artist","uri":"spotify:artist:6nVcHLIgY5pE2YCl8ubca1"},{"external_urls":{"spotify":"https://open.spotify.com/artist/0eHQ9o50hj6ZDNBt6Ys1sD"},"href":"https://api.spotify.com/v1/artists/0eHQ9o50hj6ZDNBt6Ys1sD","id":"0eHQ9o50hj6ZDNBt6Ys1sD","name":"Yandel","type":"artist","uri":"spotify:artist:0eHQ9o50hj6ZDNBt6Ys1sD"},{"external_urls":{"spotify":"https://open.spotify.com/artist/77iZVjeYoYSl5P0K9mIiUE"},"href":"https://api.spotify.com/v1/artists/77iZVjeYoYSl5P0K9mIiUE","id":"77iZVjeYoYSl5P0K9mIiUE","name":"Haze","type":"artist","uri":"spotify:artist:77iZVjeYoYSl5P0K9mIiUE"}],"available_markets":["AR","AU","AT","BE","BO","BR","BG","CA","CL","CO","CR","CY","CZ","DK","DO","DE","EC","EE","SV","FI","FR","GR","GT","HN","HK","HU","IS","IE","IT","LV","LT","LU","MY","MT","MX","NL","NZ","NI","NO","PA","PY","PE","PH","PL","PT","SG","SK","ES","SE","CH","TW","TR","UY","US","GB","AD","LI","MC","ID","JP","TH","VN","RO","IL","ZA","SA","AE","BH","QA","OM","KW","EG","MA","DZ","TN","LB","JO","PS","IN","KZ","MD","UA","AL","BA","HR","ME","MK","RS","SI","KR","BD","PK","LK","GH","KE","NG","TZ","UG","AG","AM","BS","BB","BZ","BT","BW","BF","CV","CW","DM","FJ","GM","GE","GD","GW","GY","HT","JM","KI","LS","LR","MW","MV","ML","MH","FM","NA","NR","NE","PW","PG","WS","SM","ST","SN","SC","SL","SB","KN","LC","VC","SR","TL","TO","TT","TV","VU","AZ","BN","BI","KH","CM","TD","KM","GQ","SZ","GA","GN","KG","LA","MO","MR","MN","NP","RW","TG","UZ","ZW","BJ","MG","MU","MZ","AO","CI","DJ","ZM","CD","CG","IQ","LY","TJ","VE","ET","XK"],"disc_number":1,"duration_ms":254493,"explicit":false,"external_urls":{"spotify":"https://open.spotify.com/track/1lPWHfrvpun8ZnxrWp3HH8"},"href":"https://api.spotify.com/v1/tracks/1lPWHfrvpun8ZnxrWp3HH8","id":"1lPWHfrvpun8ZnxrWp3HH8","name":"Porsche Carrera","preview_url":null,"track_number":3,"type":"track","uri":"spotify:track:1lPWHfrvpun8ZnxrWp3HH8","is_local":false},{"artists":[{"external_urls":{"spotify":"https://open.spotify.com/artist/6nVcHLIgY5pE2YCl8ubca1"},"href":"https://api.spotify.com/v1/artists/6nVcHLIgY5pE2YCl8ubca1","id":"6nVcHLIgY5pE2YCl8ubca1","name":"JHAYCO","type":"artist","uri":"spotify:artist:6nVcHLIgY5pE2YCl8ubca1"}],"available_markets":["AR","AU","AT","BE","BO","BR","BG","CA","CL","CO","CR","CY","CZ","DK","DO","DE","EC","EE","SV","FI","FR","GR","GT","HN","HK","HU","IS","IE","IT","LV","LT","LU","MY","MT","MX","NL","NZ","NI","NO","PA","PY","PE","PH","PL","PT","SG","SK","ES","SE","CH","TW","TR","UY","US","GB","AD","LI","MC","ID","JP","TH","VN","RO","IL","ZA","SA","AE","BH","QA","OM","KW","EG","MA","DZ","TN","LB","JO","PS","IN","KZ","MD","UA","AL","BA","HR","ME","MK","RS","SI","KR","BD","PK","LK","GH","KE","NG","TZ","UG","AG","AM","BS","BB","BZ","BT","BW","BF","CV","CW","DM","FJ","GM","GE","GD","GW","GY","HT","JM","KI","LS","LR","MW","MV","ML","MH","FM","NA","NR","NE","PW","PG","WS","SM","ST","SN","SC","SL","SB","KN","LC","VC","SR","TL","TO","TT","TV","VU","AZ","BN","BI","KH","CM","TD","KM","GQ","SZ","GA","GN","KG","LA","MO","MR","MN","NP","RW","TG","UZ","ZW","BJ","MG","MU","MZ","AO","CI","DJ","ZM","CD","CG","IQ","LY","TJ","VE","ET","XK"],"disc_number":1,"duration_ms":197293,"explicit":false,"external_urls":{"spotify":"https://open.spotify.com/track/5ybD01G3GUGNbEfMVedaMu"},"href":"https://api.spotify.com/v1/tracks/5ybD01G3GUGNbEfMVedaMu","id":"5ybD01G3GUGNbEfMVedaMu","name":"Natural","preview_url":null,"track_number":4,"type":"track","uri":"spotify:track:5ybD01G3GUGNbEfMVedaMu","is_local":false},{"artists":[{"external_urls":{"spotify":"https://open.spotify.com/artist/6nVcHLIgY5pE2YCl8ubca1"},"href":"https://api.spotify.com/v1/artists/6nVcHLIgY5pE2YCl8ubca1","id":"6nVcHLIgY5pE2YCl8ubca1","name":"JHAYCO","type":"artist","uri":"spotify:artist:6nVcHLIgY5pE2YCl8ubca1"}],"available_markets":["AR","AU","AT","BE","BO","BR","BG","CA","CL","CO","CR","CY","CZ","DK","DO","DE","EC","EE","SV","FI","FR","GR","GT","HN","HK","HU","IS","IE","IT","LV","LT","LU","MY","MT","MX","NL","NZ","NI","NO","PA","PY","PE","PH","PL","PT","SG","SK","ES","SE","CH","TW","TR","UY","US","GB","AD","LI","MC","ID","JP","TH","VN","RO","IL","ZA","SA","AE","BH","QA","OM","KW","EG","MA","DZ","TN","LB","JO","PS","IN","KZ","MD","UA","AL","BA","HR","ME","MK","RS","SI","KR","BD","PK","LK","GH","KE","NG","TZ","UG","AG","AM","BS","BB","BZ","BT","BW","BF","CV","CW","DM","FJ","GM","GE","GD","GW","GY","HT","JM","KI","LS","LR","MW","MV","ML","MH","FM","NA","NR","NE","PW","PG","WS","SM","ST","SN","SC","SL","SB","KN","LC","VC","SR","TL","TO","TT","TV","VU","AZ","BN","BI","KH","CM","TD","KM","GQ","SZ","GA","GN","KG","LA","MO","MR","MN","NP","RW","TG","UZ","ZW","BJ","MG","MU","MZ","AO","CI","DJ","ZM","CD","CG","IQ","LY","TJ","VE","ET","XK"],"disc_number":1,"duration_ms":350386,"explicit":false,"external_urls":{"spotify":"https://open.spotify.com/track/7IoQOKlPETKQBrw5FVTCDf"},"href":"https://api.spotify.com/v1/tracks/7IoQOKlPETKQBrw5FVTCDf","id":"7IoQOKlPETKQBrw5FVTCDf","name":"En La Bentley","preview_url":null,"track_number":5,"type":"track","uri":"spotify:track:7IoQOKlPETKQBrw5FVTCDf","is_local":false},{"artists":[{"external_urls":{"spotify":"https://open.spotify.com/artist/6nVcHLIgY5pE2YCl8ubca1"},"href":"https://api.spotify.com/v1/artists/6nVcHLIgY5pE2YCl8ubca1","id":"6nVcHLIgY5pE2YCl8ubca1","name":"JHAYCO","type":"artist","uri":"spotify:artist:6nVcHLIgY5pE2YCl8ubca1"},{"external_urls":{"spotify":"https://open.spotify.com/artist/3UTF2no3muGdiFXVujl94i"},"href":"https://api.spotify.com/v1/artists/3UTF2no3muGdiFXVujl94i","id":"3UTF2no3muGdiFXVujl94i","name":"Kapo","type":"artist","uri":"spotify:artist:3UTF2no3muGdiFXVujl94i"}],"available_markets":["AR","AU","AT","BE","BO","BR","BG","CA","CL","CO","CR","CY","CZ","DK","DO","DE","EC","EE","SV","FI","FR","GR","GT","HN","HK","HU","IS","IE","IT","LV","LT","LU","MY","MT","MX","NL","NZ","NI","NO","PA","PY","PE","PH","PL","PT","SG","SK","ES","SE","CH","TW","TR","UY","US","GB","AD","LI","MC","ID","JP","TH","VN","RO","IL","ZA","SA","AE","BH","QA","OM","KW","EG","MA","DZ","TN","LB","JO","PS","IN","KZ","MD","UA","AL","BA","HR","ME","MK","RS","SI","KR","BD","PK","LK","GH","KE","NG","TZ","UG","AG","AM","BS","BB","BZ","BT","BW","BF","CV","CW","DM","FJ","GM","GE","GD","GW","GY","HT","JM","KI","LS","LR","MW","MV","ML","MH","FM","NA","NR","NE","PW","PG","WS","SM","ST","SN","SC","SL","SB","KN","LC","VC","SR","TL","TO","TT","TV","VU","AZ","BN","BI","KH","CM","TD","KM","GQ","SZ","GA","GN","KG","LA","MO","MR","MN","NP","RW","TG","UZ","ZW","BJ","MG","MU","MZ","AO","CI","DJ","ZM","CD","CG","IQ","LY","TJ","VE","ET","XK"],"disc_number":1,"duration_ms":309280,"explicit":false,"external_urls":{"spotify":"https://open.spotify.com/track/0WdPVwDY2QU9941QsRJXhZ"},"href":"https://api.spotify.com/v1/tracks/0WdPVwDY2QU9941QsRJXhZ","id":"0WdPVwDY2QU9941QsRJXhZ","name":"Passoa","preview_url":null,"track_number":6,"type":"track","uri":"spotify:track:0WdPVwDY2QU9941QsRJXhZ","is_local":false},{"artists":[{"external_urls":{"spotify":"https://open.spotify.com/artist/6nVcHLIgY5pE2YCl8ubca1"},"href":"https://api.spotify.com/v1/artists/6nVcHLIgY5pE2YCl8ubca1","id":"6nVcHLIgY5pE2YCl8ubca1","name":"JHAYCO","type":"artist","uri":"spotify:artist:6nVcHLIgY5pE2YCl8ubca1"}],"available_markets":["AR","AU","AT","BE","BO","BR","BG","CA","CL","CO","CR","CY","CZ","DK","DO","DE","EC","EE","SV","FI","FR","GR","GT","HN","HK","HU","IS","IE","IT","LV","LT","LU","MY","MT","MX","NL","NZ","NI","NO","PA","PY","PE","PH","PL","PT","SG","SK","ES","SE","CH","TW","TR","UY","US","GB","AD","LI","MC","ID","JP","TH","VN","RO","IL","ZA","SA","AE","BH","QA","OM","KW","EG","MA","DZ","TN","LB","JO","PS","IN","KZ","MD","UA","AL","BA","HR","ME","MK","RS","SI","KR","BD","PK","LK","GH","KE","NG","TZ","UG","AG","AM","BS","BB","BZ","BT","BW","BF","CV","CW","DM","FJ","GM","GE","GD","GW","GY","HT","JM","KI","LS","LR","MW","MV","ML","MH","FM","NA","NR","NE","PW","PG","WS","SM","ST","SN","SC","SL","SB","KN","LC","VC","SR","TL","TO","TT","TV","VU","AZ","BN","BI","KH","CM","TD","KM","GQ","SZ","GA","GN","KG","LA","MO","MR","MN","NP","RW","TG","UZ","ZW","BJ","MG","MU","MZ","AO","CI","DJ","ZM","CD","CG","IQ","LY","TJ","VE","ET","XK"],"disc_number":1,"duration_ms":159840,"explicit":false,"external_urls":{"spotify":"https://open.spotify.com/track/2ie9YESdAeRNyoeiyefOqq"},"href":"https://api.spotify.com/v1/tracks/2ie9YESdAeRNyoeiyefOqq","id":"2ie9YESdAeRNyoeiyefOqq","name":"El Final","preview_url":null,"track_number":7,"type":"track","uri":"spotify:track:2ie9YESdAeRNyoeiyefOqq","is_local":false},{"artists":[{"external_urls":{"spotify":"https://open.spotify.com/artist/6nVcHLIgY5pE2YCl8ubca1"},"href":"https://api.spotify.com/v1/artists/6nVcHLIgY5pE2YCl8ubca1","id":"6nVcHLIgY5pE2YCl8ubca1","name":"JHAYCO","type":"artist","uri":"spotify:artist:6nVcHLIgY5pE2YCl8ubca1"},{"external_urls":{"spotify":"https://open.spotify.com/artist/2YRyPiW98bpkARAS4B3OQP"},"href":"https://api.spotify.com/v1/artists/2YRyPiW98bpkARAS4B3OQP","id":"2YRyPiW98bpkARAS4B3OQP","name":"Dei V","type":"artist","uri":"spotify:artist:2YRyPiW98bpkARAS4B3OQP"}],"available_markets":["AR","AU","AT","BE","BO","BR","BG","CA","CL","CO","CR","CY","CZ","DK","DO","DE","EC","EE","SV","FI","FR","GR","GT","HN","HK","HU","IS","IE","IT","LV","LT","LU","MY","MT","MX","NL","NZ","NI","NO","PA","PY","PE","PH","PL","PT","SG","SK","ES","SE","CH","TW","TR","UY","US","GB","AD","LI","MC","ID","JP","TH","VN","RO","IL","ZA","SA","AE","BH","QA","OM","KW","EG","MA","DZ","TN","LB","JO","PS","IN","KZ","MD","UA","AL","BA","HR","ME","MK","RS","SI","KR","BD","PK","LK","GH","KE","NG","TZ","UG","AG","AM","BS","BB","BZ","BT","BW","BF","CV","CW","DM","FJ","GM","GE","GD","GW","GY","HT","JM","KI","LS","LR","MW","MV","ML","MH","FM","NA","NR","NE","PW","PG","WS","SM","ST","SN","SC","SL","SB","KN","LC","VC","SR","TL","TO","TT","TV","VU","AZ","BN","BI","KH","CM","TD","KM","GQ","SZ","GA","GN","KG","LA","MO","MR","MN","NP","RW","TG","UZ","ZW","BJ","MG","MU","MZ","AO","CI","DJ","ZM","CD","CG","IQ","LY","TJ","VE","ET","XK"],"disc_number":1,"duration_ms":287586,"explicit":false,"external_urls":{"spotify":"https://open.spotify.com/track/47hrwb3PwrrZOp9UqaZgcZ"},"href":"https://api.spotify.com/v1/tracks/47hrwb3PwrrZOp9UqaZgcZ","id":"47hrwb3PwrrZOp9UqaZgcZ","name":"58","preview_url":null,"track_number":8,"type":"track","uri":"spotify:track:47hrwb3PwrrZOp9UqaZgcZ","is_local":false},{"artists":[{"external_urls":{"spotify":"https://open.spotify.com/artist/6nVcHLIgY5pE2YCl8ubca1"},"href":"https://api.spotify.com/v1/artists/6nVcHLIgY5pE2YCl8ubca1","id":"6nVcHLIgY5pE2YCl8ubca1","name":"JHAYCO","type":"artist","uri":"spotify:artist:6nVcHLIgY5pE2YCl8ubca1"}],"available_markets":["AR","AU","AT","BE","BO","BR","BG","CA","CL","CO","CR","CY","CZ","DK","DO","DE","EC","EE","SV","FI","FR","GR","GT","HN","HK","HU","IS","IE","IT","LV","LT","LU","MY","MT","MX","NL","NZ","NI","NO","PA","PY","PE","PH","PL","PT","SG","SK","ES","SE","CH","TW","TR","UY","US","GB","AD","LI","MC","ID","JP","TH","VN","RO","IL","ZA","SA","AE","BH","QA","OM","KW","EG","MA","DZ","TN","LB","JO","PS","IN","KZ","MD","UA","AL","BA","HR","ME","MK","RS","SI","KR","BD","PK","LK","GH","KE","NG","TZ","UG","AG","AM","BS","BB","BZ","BT","BW","BF","CV","CW","DM","FJ","GM","GE","GD","GW","GY","HT","JM","KI","LS","LR","MW","MV","ML","MH","FM","NA","NR","NE","PW","PG","WS","SM","ST","SN","SC","SL","SB","KN","LC","VC","SR","TL","TO","TT","TV","VU","AZ","BN","BI","KH","CM","TD","KM","GQ","SZ","GA","GN","KG","LA","MO","MR","MN","NP","RW","TG","UZ","ZW","BJ","MG","MU","MZ","AO","CI","DJ","ZM","CD","CG","IQ","LY","TJ","VE","ET","XK"],"disc_number":1,"duration_ms":219813,"explicit":false,"external_urls":{"spotify":"https://open.spotify.com/track/5Z1Abny9zUANVl2O2NOvzt"},"href":"https://api.spotify.com/v1/tracks/5Z1Abny9zUANVl2O2NOvzt","id":"5Z1Abny9zUANVl2O2NOvzt","name":"100 Gramos","preview_url":null,"track_number":9,"type":"track","uri":"spotify:track:5Z1Abny9zUANVl2O2NOvzt","is_local":false},{"artists":[{"external_urls":{"spotify":"https://open.spotify.com/artist/6nVcHLIgY5pE2YCl8ubca1"},"href":"https://api.spotify.com/v1/artists/6nVcHLIgY5pE2YCl8ubca1","id":"6nVcHLIgY5pE2YCl8ubca1","name":"JHAYCO","type":"artist","uri":"spotify:artist:6nVcHLIgY5pE2YCl8ubca1"}],"available_markets":["AR","AU","AT","BE","BO","BR","BG","CA","CL","CO","CR","CY","CZ","DK","DO","DE","EC","EE","SV","FI","FR","GR","GT","HN","HK","HU","IS","IE","IT","LV","LT","LU","MY","MT","MX","NL","NZ","NI","NO","PA","PY","PE","PH","PL","PT","SG","SK","ES","SE","CH","TW","TR","UY","US","GB","AD","LI","MC","ID","JP","TH","VN","RO","IL","ZA","SA","AE","BH","QA","OM","KW","EG","MA","DZ","TN","LB","JO","PS","IN","KZ","MD","UA","AL","BA","HR","ME","MK","RS","SI","KR","BD","PK","LK","GH","KE","NG","TZ","UG","AG","AM","BS","BB","BZ","BT","BW","BF","CV","CW","DM","FJ","GM","GE","GD","GW","GY","HT","JM","KI","LS","LR","MW","MV","ML","MH","FM","NA","NR","NE","PW","PG","WS","SM","ST","SN","SC","SL","SB","KN","LC","VC","SR","TL","TO","TT","TV","VU","AZ","BN","BI","KH","CM","TD","KM","GQ","SZ","GA","GN","KG","LA","MO","MR","MN","NP","RW","TG","UZ","ZW","BJ","MG","MU","MZ","AO","CI","DJ","ZM","CD","CG","IQ","LY","TJ","VE","ET","XK"],"disc_number":1,"duration_ms":166053,"explicit":false,"external_urls":{"spotify":"https://open.spotify.com/track/3vqxapus26imChRaRh51T9"},"href":"https://api.spotify.com/v1/tracks/3vqxapus26imChRaRh51T9","id":"3vqxapus26imChRaRh51T9","name":"Habibi","preview_url":null,"track_number":10,"type":"track","uri":"spotify:track:3vqxapus26imChRaRh51T9","is_local":false},{"artists":[{"external_urls":{"spotify":"https://open.spotify.com/artist/6nVcHLIgY5pE2YCl8ubca1"},"href":"https://api.spotify.com/v1/artists/6nVcHLIgY5pE2YCl8ubca1","id":"6nVcHLIgY5pE2YCl8ubca1","name":"JHAYCO","type":"artist","uri":"spotify:artist:6nVcHLIgY5pE2YCl8ubca1"}],"available_markets":["AR","AU","AT","BE","BO","BR","BG","CA","CL","CO","CR","CY","CZ","DK","DO","DE","EC","EE","SV","FI","FR","GR","GT","HN","HK","HU","IS","IE","IT","LV","LT","LU","MY","MT","MX","NL","NZ","NI","NO","PA","PY","PE","PH","PL","PT","SG","SK","ES","SE","CH","TW","TR","UY","US","GB","AD","LI","MC","ID","JP","TH","VN","RO","IL","ZA","SA","AE","BH","QA","OM","KW","EG","MA","DZ","TN","LB","JO","PS","IN","KZ","MD","UA","AL","BA","HR","ME","MK","RS","SI","KR","BD","PK","LK","GH","KE","NG","TZ","UG","AG","AM","BS","BB","BZ","BT","BW","BF","CV","CW","DM","FJ","GM","GE","GD","GW","GY","HT","JM","KI","LS","LR","MW","MV","ML","MH","FM","NA","NR","NE","PW","PG","WS","SM","ST","SN","SC","SL","SB","KN","LC","VC","SR","TL","TO","TT","TV","VU","AZ","BN","BI","KH","CM","TD","KM","GQ","SZ","GA","GN","KG","LA","MO","MR","MN","NP","RW","TG","UZ","ZW","BJ","MG","MU","MZ","AO","CI","DJ","ZM","CD","CG","IQ","LY","TJ","VE","ET","XK"],"disc_number":1,"duration_ms":265320,"explicit":false,"external_urls":{"spotify":"https://open.spotify.com/track/6CoFGVlVpsVpWaUqK5xKTr"},"href":"https://api.spotify.com/v1/tracks/6CoFGVlVpsVpWaUqK5xKTr","id":"6CoFGVlVpsVpWaUqK5xKTr","name":"XX","preview_url":null,"track_number":11,"type":"track","uri":"spotify:track:6CoFGVlVpsVpWaUqK5xKTr","is_local":false},{"artists":[{"external_urls":{"spotify":"https://open.spotify.com/artist/6nVcHLIgY5pE2YCl8ubca1"},"href":"https://api.spotify.com/v1/artists/6nVcHLIgY5pE2YCl8ubca1","id":"6nVcHLIgY5pE2YCl8ubca1","name":"JHAYCO","type":"artist","uri":"spotify:artist:6nVcHLIgY5pE2YCl8ubca1"}],"available_markets":["AR","AU","AT","BE","BO","BR","BG","CA","CL","CO","CR","CY","CZ","DK","DO","DE","EC","EE","SV","FI","FR","GR","GT","HN","HK","HU","IS","IE","IT","LV","LT","LU","MY","MT","MX","NL","NZ","NI","NO","PA","PY","PE","PH","PL","PT","SG","SK","ES","SE","CH","TW","TR","UY","US","GB","AD","LI","MC","ID","JP","TH","VN","RO","IL","ZA","SA","AE","BH","QA","OM","KW","EG","MA","DZ","TN","LB","JO","PS","IN","KZ","MD","UA","AL","BA","HR","ME","MK","RS","SI","KR","BD","PK","LK","GH","KE","NG","TZ","UG","AG","AM","BS","BB","BZ","BT","BW","BF","CV","CW","DM","FJ","GM","GE","GD","GW","GY","HT","JM","KI","LS","LR","MW","MV","ML","MH","FM","NA","NR","NE","PW","PG","WS","SM","ST","SN","SC","SL","SB","KN","LC","VC","SR","TL","TO","TT","TV","VU","AZ","BN","BI","KH","CM","TD","KM","GQ","SZ","GA","GN","KG","LA","MO","MR","MN","NP","RW","TG","UZ","ZW","BJ","MG","MU","MZ","AO","CI","DJ","ZM","CD","CG","IQ","LY","TJ","VE","ET","XK"],"disc_number":1,"duration_ms":232293,"explicit":true,"external_urls":{"spotify":"https://open.spotify.com/track/0oqAJPtN8jqnf5qf94NiNM"},"href":"https://api.spotify.com/v1/tracks/0oqAJPtN8jqnf5qf94NiNM","id":"0oqAJPtN8jqnf5qf94NiNM","name":"Holanda","preview_url":null,"track_number":12,"type":"track","uri":"spotify:track:0oqAJPtN8jqnf5qf94NiNM","is_local":false},{"artists":[{"external_urls":{"spotify":"https://open.spotify.com/artist/6nVcHLIgY5pE2YCl8ubca1"},"href":"https://api.spotify.com/v1/artists/6nVcHLIgY5pE2YCl8ubca1","id":"6nVcHLIgY5pE2YCl8ubca1","name":"JHAYCO","type":"artist","uri":"spotify:artist:6nVcHLIgY5pE2YCl8ubca1"},{"external_urls":{"spotify":"https://open.spotify.com/artist/3E12tRURRvPfHz0hAMCFYc"},"href":"https://api.spotify.com/v1/artists/3E12tRURRvPfHz0hAMCFYc","id":"3E12tRURRvPfHz0hAMCFYc","name":"Omar Courtz","type":"artist","uri":"spotify:artist:3E12tRURRvPfHz0hAMCFYc"}],"available_markets":["AR","AU","AT","BE","BO","BR","BG","CA","CL","CO","CR","CY","CZ","DK","DO","DE","EC","EE","SV","FI","FR","GR","GT","HN","HK","HU","IS","IE","IT","LV","LT","LU","MY","MT","MX","NL","NZ","NI","NO","PA","PY","PE","PH","PL","PT","SG","SK","ES","SE","CH","TW","TR","UY","US","GB","AD","LI","MC","ID","JP","TH","VN","RO","IL","ZA","SA","AE","BH","QA","OM","KW","EG","MA","DZ","TN","LB","JO","PS","IN","KZ","MD","UA","AL","BA","HR","ME","MK","RS","SI","KR","BD","PK","LK","GH","KE","NG","TZ","UG","AG","AM","BS","BB","BZ","BT","BW","BF","CV","CW","DM","FJ","GM","GE","GD","GW","GY","HT","JM","KI","LS","LR","MW","MV","ML","MH","FM","NA","NR","NE","PW","PG","WS","SM","ST","SN","SC","SL","SB","KN","LC","VC","SR","TL","TO","TT","TV","VU","AZ","BN","BI","KH","CM","TD","KM","GQ","SZ","GA","GN","KG","LA","MO","MR","MN","NP","RW","TG","UZ","ZW","BJ","MG","MU","MZ","AO","CI","DJ","ZM","CD","CG","IQ","LY","TJ","VE","ET","XK"],"disc_number":1,"duration_ms":219560,"explicit":false,"external_urls":{"spotify":"https://open.spotify.com/track/3BV2Z14N57hXOohIoD6ZH3"},"href":"https://api.spotify.com/v1/tracks/3BV2Z14N57hXOohIoD6ZH3","id":"3BV2Z14N57hXOohIoD6ZH3","name":"Quimik","preview_url":null,"track_number":13,"type":"track","uri":"spotify:track:3BV2Z14N57hXOohIoD6ZH3","is_local":false},{"artists":[{"external_urls":{"spotify":"https://open.spotify.com/artist/6nVcHLIgY5pE2YCl8ubca1"},"href":"https://api.spotify.com/v1/artists/6nVcHLIgY5pE2YCl8ubca1","id":"6nVcHLIgY5pE2YCl8ubca1","name":"JHAYCO","type":"artist","uri":"spotify:artist:6nVcHLIgY5pE2YCl8ubca1"}],"available_markets":["AR","AU","AT","BE","BO","BR","BG","CA","CL","CO","CR","CY","CZ","DK","DO","DE","EC","EE","SV","FI","FR","GR","GT","HN","HK","HU","IS","IE","IT","LV","LT","LU","MY","MT","MX","NL","NZ","NI","NO","PA","PY","PE","PH","PL","PT","SG","SK","ES","SE","CH","TW","TR","UY","US","GB","AD","LI","MC","ID","JP","TH","VN","RO","IL","ZA","SA","AE","BH","QA","OM","KW","EG","MA","DZ","TN","LB","JO","PS","IN","KZ","MD","UA","AL","BA","HR","ME","MK","RS","SI","KR","BD","PK","LK","GH","KE","NG","TZ","UG","AG","AM","BS","BB","BZ","BT","BW","BF","CV","CW","DM","FJ","GM","GE","GD","GW","GY","HT","JM","KI","LS","LR","MW","MV","ML","MH","FM","NA","NR","NE","PW","PG","WS","SM","ST","SN","SC","SL","SB","KN","LC","VC","SR","TL","TO","TT","TV","VU","AZ","BN","BI","KH","CM","TD","KM","GQ","SZ","GA","GN","KG","LA","MO","MR","MN","NP","RW","TG","UZ","ZW","BJ","MG","MU","MZ","AO","CI","DJ","ZM","CD","CG","IQ","LY","TJ","VE","ET","XK"],"disc_number":1,"duration_ms":152986,"explicit":false,"external_urls":{"spotify":"https://open.spotify.com/track/6fmTUemzE4UFPAsWCOernn"},"href":"https://api.spotify.com/v1/tracks/6fmTUemzE4UFPAsWCOernn","id":"6fmTUemzE4UFPAsWCOernn","name":"0 Millas","preview_url":null,"track_number":14,"type":"track","uri":"spotify:track:6fmTUemzE4UFPAsWCOernn","is_local":false},{"artists":[{"external_urls":{"spotify":"https://open.spotify.com/artist/6nVcHLIgY5pE2YCl8ubca1"},"href":"https://api.spotify.com/v1/artists/6nVcHLIgY5pE2YCl8ubca1","id":"6nVcHLIgY5pE2YCl8ubca1","name":"JHAYCO","type":"artist","uri":"spotify:artist:6nVcHLIgY5pE2YCl8ubca1"},{"external_urls":{"spotify":"https://open.spotify.com/artist/0QHgL1lAIqAw0HtD7YldmP"},"href":"https://api.spotify.com/v1/artists/0QHgL1lAIqAw0HtD7YldmP","id":"0QHgL1lAIqAw0HtD7YldmP","name":"DJ Khaled","type":"artist","uri":"spotify:artist:0QHgL1lAIqAw0HtD7YldmP"},{"external_urls":{"spotify":"https://open.spotify.com/artist/4aSlfXDn9R60UlbZEboBUy"},"href":"https://api.spotify.com/v1/artists/4aSlfXDn9R60UlbZEboBUy","id":"4aSlfXDn9R60UlbZEboBUy","name":"YOVNGCHIMI","type":"artist","uri":"spotify:artist:4aSlfXDn9R60UlbZEboBUy"}],"available_markets":["AR","AU","AT","BE","BO","BR","BG","CA","CL","CO","CR","CY","CZ","DK","DO","DE","EC","EE","SV","FI","FR","GR","GT","HN","HK","HU","IS","IE","IT","LV","LT","LU","MY","MT","MX","NL","NZ","NI","NO","PA","PY","PE","PH","PL","PT","SG","SK","ES","SE","CH","TW","TR","UY","US","GB","AD","LI","MC","ID","JP","TH","VN","RO","IL","ZA","SA","AE","BH","QA","OM","KW","EG","MA","DZ","TN","LB","JO","PS","IN","KZ","MD","UA","AL","BA","HR","ME","MK","RS","SI","KR","BD","PK","LK","GH","KE","NG","TZ","UG","AG","AM","BS","BB","BZ","BT","BW","BF","CV","CW","DM","FJ","GM","GE","GD","GW","GY","HT","JM","KI","LS","LR","MW","MV","ML","MH","FM","NA","NR","NE","PW","PG","WS","SM","ST","SN","SC","SL","SB","KN","LC","VC","SR","TL","TO","TT","TV","VU","AZ","BN","BI","KH","CM","TD","KM","GQ","SZ","GA","GN","KG","LA","MO","MR","MN","NP","RW","TG","UZ","ZW","BJ","MG","MU","MZ","AO","CI","DJ","ZM","CD","CG","IQ","LY","TJ","VE","ET","XK"],"disc_number":2,"duration_ms":283800,"explicit":true,"external_urls":{"spotify":"https://open.spotify.com/track/4SMYrlflAeUMgxbuwxb0o0"},"href":"https://api.spotify.com/v1/tracks/4SMYrlflAeUMgxbuwxb0o0","id":"4SMYrlflAeUMgxbuwxb0o0","name":"Le Clique","preview_url":null,"track_number":1,"type":"track","uri":"spotify:track:4SMYrlflAeUMgxbuwxb0o0","is_local":false},{"artists":[{"external_urls":{"spotify":"https://open.spotify.com/artist/6nVcHLIgY5pE2YCl8ubca1"},"href":"https://api.spotify.com/v1/artists/6nVcHLIgY5pE2YCl8ubca1","id":"6nVcHLIgY5pE2YCl8ubca1","name":"JHAYCO","type":"artist","uri":"spotify:artist:6nVcHLIgY5pE2YCl8ubca1"},{"external_urls":{"spotify":"https://open.spotify.com/artist/5XJDexmWFLWOkjOEjOVX3e"},"href":"https://api.spotify.com/v1/artists/5XJDexmWFLWOkjOEjOVX3e","id":"5XJDexmWFLWOkjOEjOVX3e","name":"Eladio Carrion","type":"artist","uri":"spotify:artist:5XJDexmWFLWOkjOEjOVX3e"},{"external_urls":{"spotify":"https://open.spotify.com/artist/3E12tRURRvPfHz0hAMCFYc"},"href":"https://api.spotify.com/v1/artists/3E12tRURRvPfHz0hAMCFYc","id":"3E12tRURRvPfHz0hAMCFYc","name":"Omar Courtz","type":"artist","uri":"spotify:artist:3E12tRURRvPfHz0hAMCFYc"}],"available_markets":["AR","AU","AT","BE","BO","BR","BG","CA","CL","CO","CR","CY","CZ","DK","DO","DE","EC","EE","SV","FI","FR","GR","GT","HN","HK","HU","IS","IE","IT","LV","LT","LU","MY","MT","MX","NL","NZ","NI","NO","PA","PY","PE","PH","PL","PT","SG","SK","ES","SE","CH","TW","TR","UY","US","GB","AD","LI","MC","ID","JP","TH","VN","RO","IL","ZA","SA","AE","BH","QA","OM","KW","EG","MA","DZ","TN","LB","JO","PS","IN","KZ","MD","UA","AL","BA","HR","ME","MK","RS","SI","KR","BD","PK","LK","GH","KE","NG","TZ","UG","AG","AM","BS","BB","BZ","BT","BW","BF","CV","CW","DM","FJ","GM","GE","GD","GW","GY","HT","JM","KI","LS","LR","MW","MV","ML","MH","FM","NA","NR","NE","PW","PG","WS","SM","ST","SN","SC","SL","SB","KN","LC","VC","SR","TL","TO","TT","TV","VU","AZ","BN","BI","KH","CM","TD","KM","GQ","SZ","GA","GN","KG","LA","MO","MR","MN","NP","RW","TG","UZ","ZW","BJ","MG","MU","MZ","AO","CI","DJ","ZM","CD","CG","IQ","LY","TJ","VE","ET","XK"],"disc_number":2,"duration_ms":244293,"explicit":true,"external_urls":{"spotify":"https://open.spotify.com/track/6VuCXhevMLsLMCrCPTVWWF"},"href":"https://api.spotify.com/v1/tracks/6VuCXhevMLsLMCrCPTVWWF","id":"6VuCXhevMLsLMCrCPTVWWF","name":"No Entiendo","preview_url":null,"track_number":2,"type":"track","uri":"spotify:track:6VuCXhevMLsLMCrCPTVWWF","is_local":false},{"artists":[{"external_urls":{"spotify":"https://open.spotify.com/artist/6nVcHLIgY5pE2YCl8ubca1"},"href":"https://api.spotify.com/v1/artists/6nVcHLIgY5pE2YCl8ubca1","id":"6nVcHLIgY5pE2YCl8ubca1","name":"JHAYCO","type":"artist","uri":"spotify:artist:6nVcHLIgY5pE2YCl8ubca1"}],"available_markets":["AR","AU","AT","BE","BO","BR","BG","CA","CL","CO","CR","CY","CZ","DK","DO","DE","EC","EE","SV","FI","FR","GR","GT","HN","HK","HU","IS","IE","IT","LV","LT","LU","MY","MT","MX","NL","NZ","NI","NO","PA","PY","PE","PH","PL","PT","SG","SK","ES","SE","CH","TW","TR","UY","US","GB","AD","LI","MC","ID","JP","TH","VN","RO","IL","ZA","SA","AE","BH","QA","OM","KW","EG","MA","DZ","TN","LB","JO","PS","IN","KZ","MD","UA","AL","BA","HR","ME","MK","RS","SI","KR","BD","PK","LK","GH","KE","NG","TZ","UG","AG","AM","BS","BB","BZ","BT","BW","BF","CV","CW","DM","FJ","GM","GE","GD","GW","GY","HT","JM","KI","LS","LR","MW","MV","ML","MH","FM","NA","NR","NE","PW","PG","WS","SM","ST","SN","SC","SL","SB","KN","LC","VC","SR","TL","TO","TT","TV","VU","AZ","BN","BI","KH","CM","TD","KM","GQ","SZ","GA","GN","KG","LA","MO","MR","MN","NP","RW","TG","UZ","ZW","BJ","MG","MU","MZ","AO","CI","DJ","ZM","CD","CG","IQ","LY","TJ","VE","ET","XK"],"disc_number":2,"duration_ms":230533,"explicit":true,"external_urls":{"spotify":"https://open.spotify.com/track/2SSaVi4qDCS4cegG26Fy6z"},"href":"https://api.spotify.com/v1/tracks/2SSaVi4qDCS4cegG26Fy6z","id":"2SSaVi4qDCS4cegG26Fy6z","name":"Viene BASQUIAT…","preview_url":null,"track_number":3,"type":"track","uri":"spotify:track:2SSaVi4qDCS4cegG26Fy6z","is_local":false},{"artists":[{"external_urls":{"spotify":"https://open.spotify.com/artist/6nVcHLIgY5pE2YCl8ubca1"},"href":"https://api.spotify.com/v1/artists/6nVcHLIgY5pE2YCl8ubca1","id":"6nVcHLIgY5pE2YCl8ubca1","name":"JHAYCO","type":"artist","uri":"spotify:artist:6nVcHLIgY5pE2YCl8ubca1"}],"available_markets":["AR","AU","AT","BE","BO","BR","BG","CA","CL","CO","CR","CY","CZ","DK","DO","DE","EC","EE","SV","FI","FR","GR","GT","HN","HK","HU","IS","IE","IT","LV","LT","LU","MY","MT","MX","NL","NZ","NI","NO","PA","PY","PE","PH","PL","PT","SG","SK","ES","SE","CH","TW","TR","UY","US","GB","AD","LI","MC","ID","JP","TH","VN","RO","IL","ZA","SA","AE","BH","QA","OM","KW","EG","MA","DZ","TN","LB","JO","PS","IN","KZ","MD","UA","AL","BA","HR","ME","MK","RS","SI","KR","BD","PK","LK","GH","KE","NG","TZ","UG","AG","AM","BS","BB","BZ","BT","BW","BF","CV","CW","DM","FJ","GM","GE","GD","GW","GY","HT","JM","KI","LS","LR","MW","MV","ML","MH","FM","NA","NR","NE","PW","PG","WS","SM","ST","SN","SC","SL","SB","KN","LC","VC","SR","TL","TO","TT","TV","VU","AZ","BN","BI","KH","CM","TD","KM","GQ","SZ","GA","GN","KG","LA","MO","MR","MN","NP","RW","TG","UZ","ZW","BJ","MG","MU","MZ","AO","CI","DJ","ZM","CD","CG","IQ","LY","TJ","VE","ET","XK"],"disc_number":2,"duration_ms":289560,"explicit":true,"external_urls":{"spotify":"https://open.spotify.com/track/48ovWHz0cu6u2dfPAw69y0"},"href":"https://api.spotify.com/v1/tracks/48ovWHz0cu6u2dfPAw69y0","id":"48ovWHz0cu6u2dfPAw69y0","name":"Murci","preview_url":null,"track_number":4,"type":"track","uri":"spotify:track:48ovWHz0cu6u2dfPAw69y0","is_local":false},{"artists":[{"external_urls":{"spotify":"https://open.spotify.com/artist/6nVcHLIgY5pE2YCl8ubca1"},"href":"https://api.spotify.com/v1/artists/6nVcHLIgY5pE2YCl8ubca1","id":"6nVcHLIgY5pE2YCl8ubca1","name":"JHAYCO","type":"artist","uri":"spotify:artist:6nVcHLIgY5pE2YCl8ubca1"}],"available_markets":["AR","AU","AT","BE","BO","BR","BG","CA","CL","CO","CR","CY","CZ","DK","DO","DE","EC","EE","SV","FI","FR","GR","GT","HN","HK","HU","IS","IE","IT","LV","LT","LU","MY","MT","MX","NL","NZ","NI","NO","PA","PY","PE","PH","PL","PT","SG","SK","ES","SE","CH","TW","TR","UY","US","GB","AD","LI","MC","ID","JP","TH","VN","RO","IL","ZA","SA","AE","BH","QA","OM","KW","EG","MA","DZ","TN","LB","JO","PS","IN","KZ","MD","UA","AL","BA","HR","ME","MK","RS","SI","KR","BD","PK","LK","GH","KE","NG","TZ","UG","AG","AM","BS","BB","BZ","BT","BW","BF","CV","CW","DM","FJ","GM","GE","GD","GW","GY","HT","JM","KI","LS","LR","MW","MV","ML","MH","FM","NA","NR","NE","PW","PG","WS","SM","ST","SN","SC","SL","SB","KN","LC","VC","SR","TL","TO","TT","TV","VU","AZ","BN","BI","KH","CM","TD","KM","GQ","SZ","GA","GN","KG","LA","MO","MR","MN","NP","RW","TG","UZ","ZW","BJ","MG","MU","MZ","AO","CI","DJ","ZM","CD","CG","IQ","LY","TJ","VE","ET","XK"],"disc_number":2,"duration_ms":163813,"explicit":true,"external_urls":{"spotify":"https://open.spotify.com/track/0Rlawc9ZR6YQvrBxmCDHCt"},"href":"https://api.spotify.com/v1/tracks/0Rlawc9ZR6YQvrBxmCDHCt","id":"0Rlawc9ZR6YQvrBxmCDHCt","name":"2C","preview_url":null,"track_number":5,"type":"track","uri":"spotify:track:0Rlawc9ZR6YQvrBxmCDHCt","is_local":false},{"artists":[{"external_urls":{"spotify":"https://open.spotify.com/artist/6nVcHLIgY5pE2YCl8ubca1"},"href":"https://api.spotify.com/v1/artists/6nVcHLIgY5pE2YCl8ubca1","id":"6nVcHLIgY5pE2YCl8ubca1","name":"JHAYCO","type":"artist","uri":"spotify:artist:6nVcHLIgY5pE2YCl8ubca1"}],"available_markets":["AR","AU","AT","BE","BO","BR","BG","CA","CL","CO","CR","CY","CZ","DK","DO","DE","EC","EE","SV","FI","FR","GR","GT","HN","HK","HU","IS","IE","IT","LV","LT","LU","MY","MT","MX","NL","NZ","NI","NO","PA","PY","PE","PH","PL","PT","SG","SK","ES","SE","CH","TW","TR","UY","US","GB","AD","LI","MC","ID","JP","TH","VN","RO","IL","ZA","SA","AE","BH","QA","OM","KW","EG","MA","DZ","TN","LB","JO","PS","IN","KZ","MD","UA","AL","BA","HR","ME","MK","RS","SI","KR","BD","PK","LK","GH","KE","NG","TZ","UG","AG","AM","BS","BB","BZ","BT","BW","BF","CV","CW","DM","FJ","GM","GE","GD","GW","GY","HT","JM","KI","LS","LR","MW","MV","ML","MH","FM","NA","NR","NE","PW","PG","WS","SM","ST","SN","SC","SL","SB","KN","LC","VC","SR","TL","TO","TT","TV","VU","AZ","BN","BI","KH","CM","TD","KM","GQ","SZ","GA","GN","KG","LA","MO","MR","MN","NP","RW","TG","UZ","ZW","BJ","MG","MU","MZ","AO","CI","DJ","ZM","CD","CG","IQ","LY","TJ","VE","ET","XK"],"disc_number":2,"duration_ms":152693,"explicit":false,"external_urls":{"spotify":"https://open.spotify.com/track/4r8iSTDxJNGhdtcPjkEyA2"},"href":"https://api.spotify.com/v1/tracks/4r8iSTDxJNGhdtcPjkEyA2","id":"4r8iSTDxJNGhdtcPjkEyA2","name":"Ferragamo","preview_url":null,"track_number":6,"type":"track","uri":"spotify:track:4r8iSTDxJNGhdtcPjkEyA2","is_local":false},{"artists":[{"external_urls":{"spotify":"https://open.spotify.com/artist/6nVcHLIgY5pE2YCl8ubca1"},"href":"https://api.spotify.com/v1/artists/6nVcHLIgY5pE2YCl8ubca1","id":"6nVcHLIgY5pE2YCl8ubca1","name":"JHAYCO","type":"artist","uri":"spotify:artist:6nVcHLIgY5pE2YCl8ubca1"}],"available_markets":["AR","AU","AT","BE","BO","BR","BG","CA","CL","CO","CR","CY","CZ","DK","DO","DE","EC","EE","SV","FI","FR","GR","GT","HN","HK","HU","IS","IE","IT","LV","LT","LU","MY","MT","MX","NL","NZ","NI","NO","PA","PY","PE","PH","PL","PT","SG","SK","ES","SE","CH","TW","TR","UY","US","GB","AD","LI","MC","ID","JP","TH","VN","RO","IL","ZA","SA","AE","BH","QA","OM","KW","EG","MA","DZ","TN","LB","JO","PS","IN","KZ","MD","UA","AL","BA","HR","ME","MK","RS","SI","KR","BD","PK","LK","GH","KE","NG","TZ","UG","AG","AM","BS","BB","BZ","BT","BW","BF","CV","CW","DM","FJ","GM","GE","GD","GW","GY","HT","JM","KI","LS","LR","MW","MV","ML","MH","FM","NA","NR","NE","PW","PG","WS","SM","ST","SN","SC","SL","SB","KN","LC","VC","SR","TL","TO","TT","TV","VU","AZ","BN","BI","KH","CM","TD","KM","GQ","SZ","GA","GN","KG","LA","MO","MR","MN","NP","RW","TG","UZ","ZW","BJ","MG","MU","MZ","AO","CI","DJ","ZM","CD","CG","IQ","LY","TJ","VE","ET","XK"],"disc_number":2,"duration_ms":145866,"explicit":false,"external_urls":{"spotify":"https://open.spotify.com/track/4kbMhMwfbVtqbqqFEw6y8C"},"href":"https://api.spotify.com/v1/tracks/4kbMhMwfbVtqbqqFEw6y8C","id":"4kbMhMwfbVtqbqqFEw6y8C","name":"Mokai","preview_url":null,"track_number":7,"type":"track","uri":"spotify:track:4kbMhMwfbVtqbqqFEw6y8C","is_local":false},{"artists":[{"external_urls":{"spotify":"https://open.spotify.com/artist/6nVcHLIgY5pE2YCl8ubca1"},"href":"https://api.spotify.com/v1/artists/6nVcHLIgY5pE2YCl8ubca1","id":"6nVcHLIgY5pE2YCl8ubca1","name":"JHAYCO","type":"artist","uri":"spotify:artist:6nVcHLIgY5pE2YCl8ubca1"}],"available_markets":["AR","AU","AT","BE","BO","BR","BG","CA","CL","CO","CR","CY","CZ","DK","DO","DE","EC","EE","SV","FI","FR","GR","GT","HN","HK","HU","IS","IE","IT","LV","LT","LU","MY","MT","MX","NL","NZ","NI","NO","PA","PY","PE","PH","PL","PT","SG","SK","ES","SE","CH","TW","TR","UY","US","GB","AD","LI","MC","ID","JP","TH","VN","RO","IL","ZA","SA","AE","BH","QA","OM","KW","EG","MA","DZ","TN","LB","JO","PS","IN","KZ","MD","UA","AL","BA","HR","ME","MK","RS","SI","KR","BD","PK","LK","GH","KE","NG","TZ","UG","AG","AM","BS","BB","BZ","BT","BW","BF","CV","CW","DM","FJ","GM","GE","GD","GW","GY","HT","JM","KI","LS","LR","MW","MV","ML","MH","FM","NA","NR","NE","PW","PG","WS","SM","ST","SN","SC","SL","SB","KN","LC","VC","SR","TL","TO","TT","TV","VU","AZ","BN","BI","KH","CM","TD","KM","GQ","SZ","GA","GN","KG","LA","MO","MR","MN","NP","RW","TG","UZ","ZW","BJ","MG","MU","MZ","AO","CI","DJ","ZM","CD","CG","IQ","LY","TJ","VE","ET","XK"],"disc_number":2,"duration_ms":168840,"explicit":false,"external_urls":{"spotify":"https://open.spotify.com/track/5SHwS0L6Q1MDZluxsDsx3r"},"href":"https://api.spotify.com/v1/tracks/5SHwS0L6Q1MDZluxsDsx3r","id":"5SHwS0L6Q1MDZluxsDsx3r","name":"Joe","preview_url":null,"track_number":8,"type":"track","uri":"spotify:track:5SHwS0L6Q1MDZluxsDsx3r","is_local":false},{"artists":[{"external_urls":{"spotify":"https://open.spotify.com/artist/6nVcHLIgY5pE2YCl8ubca1"},"href":"https://api.spotify.com/v1/artists/6nVcHLIgY5pE2YCl8ubca1","id":"6nVcHLIgY5pE2YCl8ubca1","name":"JHAYCO","type":"artist","uri":"spotify:artist:6nVcHLIgY5pE2YCl8ubca1"}],"available_markets":["AR","AU","AT","BE","BO","BR","BG","CA","CL","CO","CR","CY","CZ","DK","DO","DE","EC","EE","SV","FI","FR","GR","GT","HN","HK","HU","IS","IE","IT","LV","LT","LU","MY","MT","MX","NL","NZ","NI","NO","PA","PY","PE","PH","PL","PT","SG","SK","ES","SE","CH","TW","TR","UY","US","GB","AD","LI","MC","ID","JP","TH","VN","RO","IL","ZA","SA","AE","BH","QA","OM","KW","EG","MA","DZ","TN","LB","JO","PS","IN","KZ","MD","UA","AL","BA","HR","ME","MK","RS","SI","KR","BD","PK","LK","GH","KE","NG","TZ","UG","AG","AM","BS","BB","BZ","BT","BW","BF","CV","CW","DM","FJ","GM","GE","GD","GW","GY","HT","JM","KI","LS","LR","MW","MV","ML","MH","FM","NA","NR","NE","PW","PG","WS","SM","ST","SN","SC","SL","SB","KN","LC","VC","SR","TL","TO","TT","TV","VU","AZ","BN","BI","KH","CM","TD","KM","GQ","SZ","GA","GN","KG","LA","MO","MR","MN","NP","RW","TG","UZ","ZW","BJ","MG","MU","MZ","AO","CI","DJ","ZM","CD","CG","IQ","LY","TJ","VE","ET","XK"],"disc_number":2,"duration_ms":214733,"explicit":true,"external_urls":{"spotify":"https://open.spotify.com/track/1Ex3tcU32ZUvi3z4QjmMmE"},"href":"https://api.spotify.com/v1/tracks/1Ex3tcU32ZUvi3z4QjmMmE","id":"1Ex3tcU32ZUvi3z4QjmMmE","name":"Graxxx & QSJM","preview_url":null,"track_number":9,"type":"track","uri":"spotify:track:1Ex3tcU32ZUvi3z4QjmMmE","is_local":false},{"artists":[{"external_urls":{"spotify":"https://open.spotify.com/artist/6nVcHLIgY5pE2YCl8ubca1"},"href":"https://api.spotify.com/v1/artists/6nVcHLIgY5pE2YCl8ubca1","id":"6nVcHLIgY5pE2YCl8ubca1","name":"JHAYCO","type":"artist","uri":"spotify:artist:6nVcHLIgY5pE2YCl8ubca1"},{"external_urls":{"spotify":"https://open.spotify.com/artist/68KUcl8ndJO5nUcLkuwIjI"},"href":"https://api.spotify.com/v1/artists/68KUcl8ndJO5nUcLkuwIjI","id":"68KUcl8ndJO5nUcLkuwIjI","name":"Tivi Gunz","type":"artist","uri":"spotify:artist:68KUcl8ndJO5nUcLkuwIjI"},{"external_urls":{"spotify":"https://open.spotify.com/artist/54seKvtsZauR1iauN0ptpo"},"href":"https://api.spotify.com/v1/artists/54seKvtsZauR1iauN0ptpo","id":"54seKvtsZauR1iauN0ptpo","name":"De La Rose","type":"artist","uri":"spotify:artist:54seKvtsZauR1iauN0ptpo"}],"available_markets":["AR","AU","AT","BE","BO","BR","BG","CA","CL","CO","CR","CY","CZ","DK","DO","DE","EC","EE","SV","FI","FR","GR","GT","HN","HK","HU","IS","IE","IT","LV","LT","LU","MY","MT","MX","NL","NZ","NI","NO","PA","PY","PE","PH","PL","PT","SG","SK","ES","SE","CH","TW","TR","UY","US","GB","AD","LI","MC","ID","JP","TH","VN","RO","IL","ZA","SA","AE","BH","QA","OM","KW","EG","MA","DZ","TN","LB","JO","PS","IN","KZ","MD","UA","AL","BA","HR","ME","MK","RS","SI","KR","BD","PK","LK","GH","KE","NG","TZ","UG","AG","AM","BS","BB","BZ","BT","BW","BF","CV","CW","DM","FJ","GM","GE","GD","GW","GY","HT","JM","KI","LS","LR","MW","MV","ML","MH","FM","NA","NR","NE","PW","PG","WS","SM","ST","SN","SC","SL","SB","KN","LC","VC","SR","TL","TO","TT","TV","VU","AZ","BN","BI","KH","CM","TD","KM","GQ","SZ","GA","GN","KG","LA","MO","MR","MN","NP","RW","TG","UZ","ZW","BJ","MG","MU","MZ","AO","CI","DJ","ZM","CD","CG","IQ","LY","TJ","VE","ET","XK"],"disc_number":3,"duration_ms":177800,"explicit":false,"external_urls":{"spotify":"https://open.spotify.com/track/4WJmXWmPjRGUypELr87SYY"},"href":"https://api.spotify.com/v1/tracks/4WJmXWmPjRGUypELr87SYY","id":"4WJmXWmPjRGUypELr87SYY","name":"3D","preview_url":null,"track_number":1,"type":"track","uri":"spotify:track:4WJmXWmPjRGUypELr87SYY","is_local":false},{"artists":[{"external_urls":{"spotify":"https://open.spotify.com/artist/6nVcHLIgY5pE2YCl8ubca1"},"href":"https://api.spotify.com/v1/artists/6nVcHLIgY5pE2YCl8ubca1","id":"6nVcHLIgY5pE2YCl8ubca1","name":"JHAYCO","type":"artist","uri":"spotify:artist:6nVcHLIgY5pE2YCl8ubca1"},{"external_urls":{"spotify":"https://open.spotify.com/artist/52iwsT98xCoGgiGntTiR7K"},"href":"https://api.spotify.com/v1/artists/52iwsT98xCoGgiGntTiR7K","id":"52iwsT98xCoGgiGntTiR7K","name":"Quevedo","type":"artist","uri":"spotify:artist:52iwsT98xCoGgiGntTiR7K"}],"available_markets":["AR","AU","AT","BE","BO","BR","BG","CA","CL","CO","CR","CY","CZ","DK","DO","DE","EC","EE","SV","FI","FR","GR","GT","HN","HK","HU","IS","IE","IT","LV","LT","LU","MY","MT","MX","NL","NZ","NI","NO","PA","PY","PE","PH","PL","PT","SG","SK","ES","SE","CH","TW","TR","UY","US","GB","AD","LI","MC","ID","JP","TH","VN","RO","IL","ZA","SA","AE","BH","QA","OM","KW","EG","MA","DZ","TN","LB","JO","PS","IN","KZ","MD","UA","AL","BA","HR","ME","MK","RS","SI","KR","BD","PK","LK","GH","KE","NG","TZ","UG","AG","AM","BS","BB","BZ","BT","BW","BF","CV","CW","DM","FJ","GM","GE","GD","GW","GY","HT","JM","KI","LS","LR","MW","MV","ML","MH","FM","NA","NR","NE","PW","PG","WS","SM","ST","SN","SC","SL","SB","KN","LC","VC","SR","TL","TO","TT","TV","VU","AZ","BN","BI","KH","CM","TD","KM","GQ","SZ","GA","GN","KG","LA","MO","MR","MN","NP","RW","TG","UZ","ZW","BJ","MG","MU","MZ","AO","CI","DJ","ZM","CD","CG","IQ","LY","TJ","VE","ET","XK"],"disc_number":3,"duration_ms":216840,"explicit":false,"external_urls":{"spotify":"https://open.spotify.com/track/1bvR3XjqaUkXJwrWm2cIXe"},"href":"https://api.spotify.com/v1/tracks/1bvR3XjqaUkXJwrWm2cIXe","id":"1bvR3XjqaUkXJwrWm2cIXe","name":"Mami Chula","preview_url":null,"track_number":2,"type":"track","uri":"spotify:track:1bvR3XjqaUkXJwrWm2cIXe","is_local":false},{"artists":[{"external_urls":{"spotify":"https://open.spotify.com/artist/6nVcHLIgY5pE2YCl8ubca1"},"href":"https://api.spotify.com/v1/artists/6nVcHLIgY5pE2YCl8ubca1","id":"6nVcHLIgY5pE2YCl8ubca1","name":"JHAYCO","type":"artist","uri":"spotify:artist:6nVcHLIgY5pE2YCl8ubca1"},{"external_urls":{"spotify":"https://open.spotify.com/artist/12GqGscKJx3aE4t07u7eVZ"},"href":"https://api.spotify.com/v1/artists/12GqGscKJx3aE4t07u7eVZ","id":"12GqGscKJx3aE4t07u7eVZ","name":"Peso Pluma","type":"artist","uri":"spotify:artist:12GqGscKJx3aE4t07u7eVZ"}],"available_markets":["AR","AU","AT","BE","BO","BR","BG","CA","CL","CO","CR","CY","CZ","DK","DO","DE","EC","EE","SV","FI","FR","GR","GT","HN","HK","HU","IS","IE","IT","LV","LT","LU","MY","MT","MX","NL","NZ","NI","NO","PA","PY","PE","PH","PL","PT","SG","SK","ES","SE","CH","TW","TR","UY","US","GB","AD","LI","MC","ID","JP","TH","VN","RO","IL","ZA","SA","AE","BH","QA","OM","KW","EG","MA","DZ","TN","LB","JO","PS","IN","KZ","MD","UA","AL","BA","HR","ME","MK","RS","SI","KR","BD","PK","LK","GH","KE","NG","TZ","UG","AG","AM","BS","BB","BZ","BT","BW","BF","CV","CW","DM","FJ","GM","GE","GD","GW","GY","HT","JM","KI","LS","LR","MW","MV","ML","MH","FM","NA","NR","NE","PW","PG","WS","SM","ST","SN","SC","SL","SB","KN","LC","VC","SR","TL","TO","TT","TV","VU","AZ","BN","BI","KH","CM","TD","KM","GQ","SZ","GA","GN","KG","LA","MO","MR","MN","NP","RW","TG","UZ","ZW","BJ","MG","MU","MZ","AO","CI","DJ","ZM","CD","CG","IQ","LY","TJ","VE","ET","XK"],"disc_number":3,"duration_ms":229573,"explicit":true,"external_urls":{"spotify":"https://open.spotify.com/track/4PEGaRGHVTlwLPaizTfoFl"},"href":"https://api.spotify.com/v1/tracks/4PEGaRGHVTlwLPaizTfoFl","id":"4PEGaRGHVTlwLPaizTfoFl","name":"Ex-Special","preview_url":null,"track_number":3,"type":"track","uri":"spotify:track:4PEGaRGHVTlwLPaizTfoFl","is_local":false},{"artists":[{"external_urls":{"spotify":"https://open.spotify.com/artist/6nVcHLIgY5pE2YCl8ubca1"},"href":"https://api.spotify.com/v1/artists/6nVcHLIgY5pE2YCl8ubca1","id":"6nVcHLIgY5pE2YCl8ubca1","name":"JHAYCO","type":"artist","uri":"spotify:artist:6nVcHLIgY5pE2YCl8ubca1"}],"available_markets":["AR","AU","AT","BE","BO","BR","BG","CA","CL","CO","CR","CY","CZ","DK","DO","DE","EC","EE","SV","FI","FR","GR","GT","HN","HK","HU","IS","IE","IT","LV","LT","LU","MY","MT","MX","NL","NZ","NI","NO","PA","PY","PE","PH","PL","PT","SG","SK","ES","SE","CH","TW","TR","UY","US","GB","AD","LI","MC","ID","JP","TH","VN","RO","IL","ZA","SA","AE","BH","QA","OM","KW","EG","MA","DZ","TN","LB","JO","PS","IN","KZ","MD","UA","AL","BA","HR","ME","MK","RS","SI","KR","BD","PK","LK","GH","KE","NG","TZ","UG","AG","AM","BS","BB","BZ","BT","BW","BF","CV","CW","DM","FJ","GM","GE","GD","GW","GY","HT","JM","KI","LS","LR","MW","MV","ML","MH","FM","NA","NR","NE","PW","PG","WS","SM","ST","SN","SC","SL","SB","KN","LC","VC","SR","TL","TO","TT","TV","VU","AZ","BN","BI","KH","CM","TD","KM","GQ","SZ","GA","GN","KG","LA","MO","MR","MN","NP","RW","TG","UZ","ZW","BJ","MG","MU","MZ","AO","CI","DJ","ZM","CD","CG","IQ","LY","TJ","VE","ET","XK"],"disc_number":3,"duration_ms":216440,"explicit":false,"external_urls":{"spotify":"https://open.spotify.com/track/5ik4yXGeeuQdrXVFP6MpxS"},"href":"https://api.spotify.com/v1/tracks/5ik4yXGeeuQdrXVFP6MpxS","id":"5ik4yXGeeuQdrXVFP6MpxS","name":"Torii","preview_url":null,"track_number":4,"type":"track","uri":"spotify:track:5ik4yXGeeuQdrXVFP6MpxS","is_local":false},{"artists":[{"external_urls":{"spotify":"https://open.spotify.com/artist/6nVcHLIgY5pE2YCl8ubca1"},"href":"https://api.spotify.com/v1/artists/6nVcHLIgY5pE2YCl8ubca1","id":"6nVcHLIgY5pE2YCl8ubca1","name":"JHAYCO","type":"artist","uri":"spotify:artist:6nVcHLIgY5pE2YCl8ubca1"},{"external_urls":{"spotify":"https://open.spotify.com/artist/6w9ToX5slZ4uIdmD17hJ3c"},"href":"https://api.spotify.com/v1/artists/6w9ToX5slZ4uIdmD17hJ3c","id":"6w9ToX5slZ4uIdmD17hJ3c","name":"Bryant Myers","type":"artist","uri":"spotify:artist:6w9ToX5slZ4uIdmD17hJ3c"},{"external_urls":{"spotify":"https://open.spotify.com/artist/4axKuDPr6WKcDCyh8vueTY"},"href":"https://api.spotify.com/v1/artists/4axKuDPr6WKcDCyh8vueTY","id":"4axKuDPr6WKcDCyh8vueTY","name":"Luar La L","type":"artist","uri":"spotify:artist:4axKuDPr6WKcDCyh8vueTY"}],"available_markets":["AR","AU","AT","BE","BO","BR","BG","CA","CL","CO","CR","CY","CZ","DK","DO","DE","EC","EE","SV","FI","FR","GR","GT","HN","HK","HU","IS","IE","IT","LV","LT","LU","MY","MT","MX","NL","NZ","NI","NO","PA","PY","PE","PH","PL","PT","SG","SK","ES","SE","CH","TW","TR","UY","US","GB","AD","LI","MC","ID","JP","TH","VN","RO","IL","ZA","SA","AE","BH","QA","OM","KW","EG","MA","DZ","TN","LB","JO","PS","IN","KZ","MD","UA","AL","BA","HR","ME","MK","RS","SI","KR","BD","PK","LK","GH","KE","NG","TZ","UG","AG","AM","BS","BB","BZ","BT","BW","BF","CV","CW","DM","FJ","GM","GE","GD","GW","GY","HT","JM","KI","LS","LR","MW","MV","ML","MH","FM","NA","NR","NE","PW","PG","WS","SM","ST","SN","SC","SL","SB","KN","LC","VC","SR","TL","TO","TT","TV","VU","AZ","BN","BI","KH","CM","TD","KM","GQ","SZ","GA","GN","KG","LA","MO","MR","MN","NP","RW","TG","UZ","ZW","BJ","MG","MU","MZ","AO","CI","DJ","ZM","CD","CG","IQ","LY","TJ","VE","ET","XK"],"disc_number":3,"duration_ms":366760,"explicit":true,"external_urls":{"spotify":"https://open.spotify.com/track/4zswLXnbMP4UedphSeMY21"},"href":"https://api.spotify.com/v1/tracks/4zswLXnbMP4UedphSeMY21","id":"4zswLXnbMP4UedphSeMY21","name":"KTM","preview_url":null,"track_number":5,"type":"track","uri":"spotify:track:4zswLXnbMP4UedphSeMY21","is_local":false},{"artists":[{"external_urls":{"spotify":"https://open.spotify.com/artist/6nVcHLIgY5pE2YCl8ubca1"},"href":"https://api.spotify.com/v1/artists/6nVcHLIgY5pE2YCl8ubca1","id":"6nVcHLIgY5pE2YCl8ubca1","name":"JHAYCO","type":"artist","uri":"spotify:artist:6nVcHLIgY5pE2YCl8ubca1"}],"available_markets":["AR","AU","AT","BE","BO","BR","BG","CA","CL","CO","CR","CY","CZ","DK","DO","DE","EC","EE","SV","FI","FR","GR","GT","HN","HK","HU","IS","IE","IT","LV","LT","LU","MY","MT","MX","NL","NZ","NI","NO","PA","PY","PE","PH","PL","PT","SG","SK","ES","SE","CH","TW","TR","UY","US","GB","AD","LI","MC","ID","JP","TH","VN","RO","IL","ZA","SA","AE","BH","QA","OM","KW","EG","MA","DZ","TN","LB","JO","PS","IN","KZ","MD","UA","AL","BA","HR","ME","MK","RS","SI","KR","BD","PK","LK","GH","KE","NG","TZ","UG","AG","AM","BS","BB","BZ","BT","BW","BF","CV","CW","DM","FJ","GM","GE","GD","GW","GY","HT","JM","KI","LS","LR","MW","MV","ML","MH","FM","NA","NR","NE","PW","PG","WS","SM","ST","SN","SC","SL","SB","KN","LC","VC","SR","TL","TO","TT","TV","VU","AZ","BN","BI","KH","CM","TD","KM","GQ","SZ","GA","GN","KG","LA","MO","MR","MN","NP","RW","TG","UZ","ZW","BJ","MG","MU","MZ","AO","CI","DJ","ZM","CD","CG","IQ","LY","TJ","VE","ET","XK"],"disc_number":3,"duration_ms":195226,"explicit":false,"external_urls":{"spotify":"https://open.spotify.com/track/0is6uOl136Cp8l6UJyfES2"},"href":"https://api.spotify.com/v1/tracks/0is6uOl136Cp8l6UJyfES2","id":"0is6uOl136Cp8l6UJyfES2","name":"Cuerpecito","preview_url":null,"track_number":6,"type":"track","uri":"spotify:track:0is6uOl136Cp8l6UJyfES2","is_local":false}]},"copyrights":[{"text":"© 2024 UMG Recordings, Inc.","type":"C"},{"text":"℗ 2024 UMG Recordings, Inc.","type":"P"}],"external_ids":{"upc":"00602468091882"},"genres":[],"label":"N&E Entertainment LLC","popularity":71},{"album_type":"album","total_tracks":27,"available_markets":["AR","AU","AT","BE","BO","BR","BG","CA","CL","CO","CR","CY","CZ","DK","DO","DE","EC","EE","SV","FI","FR","GR","GT","HN","HK","HU","IS","IE","IT","LV","LT","LU","MY","MT","MX","NL","NZ","NI","NO","PA","PY","PE","PH","PL","PT","SG","SK","ES","SE","CH","TW","TR","UY","US","GB","AD","LI","MC","ID","JP","TH","VN","RO","IL","ZA","SA","AE","BH","QA","OM","KW","EG","MA","DZ","TN","LB","JO","PS","IN","BY","KZ","MD","UA","AL","BA","HR","ME","MK","RS","SI","KR","BD","PK","LK","GH","KE","NG","TZ","UG","AG","AM","BS","BB","BZ","BT","BW","BF","CV","CW","DM","FJ","GM","GE","GD","GW","GY","HT","JM","KI","LS","LR","MW","MV","ML","MH","FM","NA","NR","NE","PW","PG","PR","WS","SM","ST","SN","SC","SL","SB","KN","LC","VC","SR","TL","TO","TT","TV","VU","AZ","BN","BI","KH","CM","TD","KM","GQ","SZ","GA","GN","KG","LA","MO","MR","MN","NP","RW","TG","UZ","ZW","BJ","MG","MU","MZ","AO","CI","DJ","ZM","CD","CG","IQ","LY","TJ","VE","ET","XK"],"external_urls":{"spotify":"https://open.spotify.com/album/3wU2wXacpwqetSRloR0nMX"},"href":"https://api.spotify.com/v1/albums/3wU2wXacpwqetSRloR0nMX","id":"3wU2wXacpwqetSRloR0nMX","images":[{"url":"https://i.scdn.co/image/ab67616d0000b2739066894d9eb3346a780ac276","height":640,"width":640},{"url":"https://i.scdn.co/image/ab67616d00001e029066894d9eb3346a780ac276","height":300,"width":300},{"url":"https://i.scdn.co/image/ab67616d000048519066894d9eb3346a780ac276","height":64,"width":64}],"name":"ONE MORE TIME... PART-2","release_date":"2024-09-06","release_date_precision":"day","type":"album","uri":"spotify:album:3wU2wXacpwqetSRloR0nMX","artists":[{"external_urls":{"spotify":"https://open.spotify.com/artist/6FBDaR13swtiWwGhX1WQsP"},"href":"https://api.spotify.com/v1/artists/6FBDaR13swtiWwGhX1WQsP","id":"6FBDaR13swtiWwGhX1WQsP","name":"blink-182","type":"artist","uri":"spotify:artist:6FBDaR13swtiWwGhX1WQsP"}],"tracks":{"href":"https://api.spotify.com/v1/albums/3wU2wXacpwqetSRloR0nMX/tracks?offset=0&limit=50","limit":50,"next":null,"offset":0,"previous":null,"total":27,"items":[{"artists":[{"external_urls":{"spotify":"https://open.spotify.com/artist/6FBDaR13swtiWwGhX1WQsP"},"href":"https://api.spotify.com/v1/artists/6FBDaR13swtiWwGhX1WQsP","id":"6FBDaR13swtiWwGhX1WQsP","name":"blink-182","type":"artist","uri":"spotify:artist:6FBDaR13swtiWwGhX1WQsP"}],"available_markets":["AR","AU","AT","BE","BO","BR","BG","CA","CL","CO","CR","CY","CZ","DK","DO","DE","EC","EE","SV","FI","FR","GR","GT","HN","HK","HU","IS","IE","IT","LV","LT","LU","MY","MT","MX","NL","NZ","NI","NO","PA","PY","PE","PH","PL","PT","SG","SK","ES","SE","CH","TW","TR","UY","US","GB","AD","LI","MC","ID","JP","TH","VN","RO","IL","ZA","SA","AE","BH","QA","OM","KW","EG","MA","DZ","TN","LB","JO","PS","IN","BY","KZ","MD","UA","AL","BA","HR","ME","MK","RS","SI","KR","BD","PK","LK","GH","KE","NG","TZ","UG","AG","AM","BS","BB","BZ","BT","BW","BF","CV","CW","DM","FJ","GM","GE","GD","GW","GY","HT","JM","KI","LS","LR","MW","MV","ML","MH","FM","NA","NR","NE","PW","PG","PR","WS","SM","ST","SN","SC","SL","SB","KN","LC","VC","SR","TL","TO","TT","TV","VU","AZ","BN","BI","KH","CM","TD","KM","GQ","SZ","GA","GN","KG","LA","MO","MR","MN","NP","RW","TG","UZ","ZW","BJ","MG","MU","MZ","AO","CI","DJ","ZM","CD","CG","IQ","LY","TJ","VE","ET","XK"],"disc_number":1,"duration_ms":213191,"explicit":true,"external_urls":{"spotify":"https://open.spotify.com/track/0RC4083ahM1vNC14I2acx4"},"href":"https://api.spotify.com/v1/tracks/0RC4083ahM1vNC14I2acx4","id":"0RC4083ahM1vNC14I2acx4","name":"ANTHEM PART 3","preview_url":null,"track_number":1,"type":"track","uri":"spotify:track:0RC4083ahM1vNC14I2acx4","is_local":false},{"artists":[{"external_urls":{"spotify":"https://open.spotify.com/artist/6FBDaR13swtiWwGhX1WQsP"},"href":"https://api.spotify.com/v1/artists/6FBDaR13swtiWwGhX1WQsP","id":"6FBDaR13swtiWwGhX1WQsP","name":"blink-182","type":"artist","uri":"spotify:artist:6FBDaR13swtiWwGhX1WQsP"}],"available_markets":["AR","AU","AT","BE","BO","BR","BG","CA","CL","CO","CR","CY","CZ","DK","DO","DE","EC","EE","SV","FI","FR","GR","GT","HN","HK","HU","IS","IE","IT","LV","LT","LU","MY","MT","MX","NL","NZ","NI","NO","PA","PY","PE","PH","PL","PT","SG","SK","ES","SE","CH","TW","TR","UY","US","GB","AD","LI","MC","ID","JP","TH","VN","RO","IL","ZA","SA","AE","BH","QA","OM","KW","EG","MA","DZ","TN","LB","JO","PS","IN","BY","KZ","MD","UA","AL","BA","HR","ME","MK","RS","SI","KR","BD","PK","LK","GH","KE","NG","TZ","UG","AG","AM","BS","BB","BZ","BT","BW","BF","CV","CW","DM","FJ","GM","GE","GD","GW","GY","HT","JM","KI","LS","LR","MW","MV","ML","MH","FM","NA","NR","NE","PW","PG","PR","WS","SM","ST","SN","SC","SL","SB","KN","LC","VC","SR","TL","TO","TT","TV","VU","AZ","BN","BI","KH","CM","TD","KM","GQ","SZ","GA","GN","KG","LA","MO","MR","MN","NP","RW","TG","UZ","ZW","BJ","MG","MU","MZ","AO","CI","DJ","ZM","CD","CG","IQ","LY","TJ","VE","ET","XK"],"disc_number":1,"duration_ms":188155,"explicit":true,"external_urls":{"spotify":"https://open.spotify.com/track/6V8vsgKUttngtI7zTAzz0O"},"href":"https://api.spotify.com/v1/tracks/6V8vsgKUttngtI7zTAzz0O","id":"6V8vsgKUttngtI7zTAzz0O","name":"DANCE WITH ME","preview_url":null,"track_number":2,"type":"track","uri":"spotify:track:6V8vsgKUttngtI7zTAzz0O","is_local":false},{"artists":[{"external_urls":{"spotify":"https://open.spotify.com/artist/6FBDaR13swtiWwGhX1WQsP"},"href":"https://api.spotify.com/v1/artists/6FBDaR13swtiWwGhX1WQsP","id":"6FBDaR13swtiWwGhX1WQsP","name":"blink-182","type":"artist","uri":"spotify:artist:6FBDaR13swtiWwGhX1WQsP"}],"available_markets":["AR","AU","AT","BE","BO","BR","BG","CA","CL","CO","CR","CY","CZ","DK","DO","DE","EC","EE","SV","FI","FR","GR","GT","HN","HK","HU","IS","IE","IT","LV","LT","LU","MY","MT","MX","NL","NZ","NI","NO","PA","PY","PE","PH","PL","PT","SG","SK","ES","SE","CH","TW","TR","UY","US","GB","AD","LI","MC","ID","JP","TH","VN","RO","IL","ZA","SA","AE","BH","QA","OM","KW","EG","MA","DZ","TN","LB","JO","PS","IN","BY","KZ","MD","UA","AL","BA","HR","ME","MK","RS","SI","KR","BD","PK","LK","GH","KE","NG","TZ","UG","AG","AM","BS","BB","BZ","BT","BW","BF","CV","CW","DM","FJ","GM","GE","GD","GW","GY","HT","JM","KI","LS","LR","MW","MV","ML","MH","FM","NA","NR","NE","PW","PG","PR","WS","SM","ST","SN","SC","SL","SB","KN","LC","VC","SR","TL","TO","TT","TV","VU","AZ","BN","BI","KH","CM","TD","KM","GQ","SZ","GA","GN","KG","LA","MO","MR","MN","NP","RW","TG","UZ","ZW","BJ","MG","MU","MZ","AO","CI","DJ","ZM","CD","CG","IQ","LY","TJ","VE","ET","XK"],"disc_number":1,"duration_ms":138460,"explicit":true,"external_urls":{"spotify":"https://open.spotify.com/track/3zwRNJfoHAioyZJOkxJJ9Z"},"href":"https://api.spotify.com/v1/tracks/3zwRNJfoHAioyZJOkxJJ9Z","id":"3zwRNJfoHAioyZJOkxJJ9Z","name":"FELL IN LOVE","preview_url":null,"track_number":3,"type":"track","uri":"spotify:track:3zwRNJfoHAioyZJOkxJJ9Z","is_local":false},{"artists":[{"external_urls":{"spotify":"https://open.spotify.com/artist/6FBDaR13swtiWwGhX1WQsP"},"href":"https://api.spotify.com/v1/artists/6FBDaR13swtiWwGhX1WQsP","id":"6FBDaR13swtiWwGhX1WQsP","name":"blink-182","type":"artist","uri":"spotify:artist:6FBDaR13swtiWwGhX1WQsP"}],"available_markets":["AR","AU","AT","BE","BO","BR","BG","CA","CL","CO","CR","CY","CZ","DK","DO","DE","EC","EE","SV","FI","FR","GR","GT","HN","HK","HU","IS","IE","IT","LV","LT","LU","MY","MT","MX","NL","NZ","NI","NO","PA","PY","PE","PH","PL","PT","SG","SK","ES","SE","CH","TW","TR","UY","US","GB","AD","LI","MC","ID","JP","TH","VN","RO","IL","ZA","SA","AE","BH","QA","OM","KW","EG","MA","DZ","TN","LB","JO","PS","IN","BY","KZ","MD","UA","AL","BA","HR","ME","MK","RS","SI","KR","BD","PK","LK","GH","KE","NG","TZ","UG","AG","AM","BS","BB","BZ","BT","BW","BF","CV","CW","DM","FJ","GM","GE","GD","GW","GY","HT","JM","KI","LS","LR","MW","MV","ML","MH","FM","NA","NR","NE","PW","PG","PR","WS","SM","ST","SN","SC","SL","SB","KN","LC","VC","SR","TL","TO","TT","TV","VU","AZ","BN","BI","KH","CM","TD","KM","GQ","SZ","GA","GN","KG","LA","MO","MR","MN","NP","RW","TG","UZ","ZW","BJ","MG","MU","MZ","AO","CI","DJ","ZM","CD","CG","IQ","LY","TJ","VE","ET","XK"],"disc_number":1,"duration_ms":168130,"explicit":false,"external_urls":{"spotify":"https://open.spotify.com/track/5C4YT0aSMGzEzfnKQxio5a"},"href":"https://api.spotify.com/v1/tracks/5C4YT0aSMGzEzfnKQxio5a","id":"5C4YT0aSMGzEzfnKQxio5a","name":"TERRIFIED","preview_url":null,"track_number":4,"type":"track","uri":"spotify:track:5C4YT0aSMGzEzfnKQxio5a","is_local":false},{"artists":[{"external_urls":{"spotify":"https://open.spotify.com/artist/6FBDaR13swtiWwGhX1WQsP"},"href":"https://api.spotify.com/v1/artists/6FBDaR13swtiWwGhX1WQsP","id":"6FBDaR13swtiWwGhX1WQsP","name":"blink-182","type":"artist","uri":"spotify:artist:6FBDaR13swtiWwGhX1WQsP"}],"available_markets":["AR","AU","AT","BE","BO","BR","BG","CA","CL","CO","CR","CY","CZ","DK","DO","DE","EC","EE","SV","FI","FR","GR","GT","HN","HK","HU","IS","IE","IT","LV","LT","LU","MY","MT","MX","NL","NZ","NI","NO","PA","PY","PE","PH","PL","PT","SG","SK","ES","SE","CH","TW","TR","UY","US","GB","AD","LI","MC","ID","JP","TH","VN","RO","IL","ZA","SA","AE","BH","QA","OM","KW","EG","MA","DZ","TN","LB","JO","PS","IN","BY","KZ","MD","UA","AL","BA","HR","ME","MK","RS","SI","KR","BD","PK","LK","GH","KE","NG","TZ","UG","AG","AM","BS","BB","BZ","BT","BW","BF","CV","CW","DM","FJ","GM","GE","GD","GW","GY","HT","JM","KI","LS","LR","MW","MV","ML","MH","FM","NA","NR","NE","PW","PG","PR","WS","SM","ST","SN","SC","SL","SB","KN","LC","VC","SR","TL","TO","TT","TV","VU","AZ","BN","BI","KH","CM","TD","KM","GQ","SZ","GA","GN","KG","LA","MO","MR","MN","NP","RW","TG","UZ","ZW","BJ","MG","MU","MZ","AO","CI","DJ","ZM","CD","CG","IQ","LY","TJ","VE","ET","XK"],"disc_number":1,"duration_ms":208114,"explicit":false,"external_urls":{"spotify":"https://open.spotify.com/track/6sjtUtT0lWNTQ2Xy9GFVML"},"href":"https://api.spotify.com/v1/tracks/6sjtUtT0lWNTQ2Xy9GFVML","id":"6sjtUtT0lWNTQ2Xy9GFVML","name":"ONE MORE TIME","preview_url":null,"track_number":5,"type":"track","uri":"spotify:track:6sjtUtT0lWNTQ2Xy9GFVML","is_local":false},{"artists":[{"external_urls":{"spotify":"https://open.spotify.com/artist/6FBDaR13swtiWwGhX1WQsP"},"href":"https://api.spotify.com/v1/artists/6FBDaR13swtiWwGhX1WQsP","id":"6FBDaR13swtiWwGhX1WQsP","name":"blink-182","type":"artist","uri":"spotify:artist:6FBDaR13swtiWwGhX1WQsP"}],"available_markets":["AR","AU","AT","BE","BO","BR","BG","CA","CL","CO","CR","CY","CZ","DK","DO","DE","EC","EE","SV","FI","FR","GR","GT","HN","HK","HU","IS","IE","IT","LV","LT","LU","MY","MT","MX","NL","NZ","NI","NO","PA","PY","PE","PH","PL","PT","SG","SK","ES","SE","CH","TW","TR","UY","US","GB","AD","LI","MC","ID","JP","TH","VN","RO","IL","ZA","SA","AE","BH","QA","OM","KW","EG","MA","DZ","TN","LB","JO","PS","IN","BY","KZ","MD","UA","AL","BA","HR","ME","MK","RS","SI","KR","BD","PK","LK","GH","KE","NG","TZ","UG","AG","AM","BS","BB","BZ","BT","BW","BF","CV","CW","DM","FJ","GM","GE","GD","GW","GY","HT","JM","KI","LS","LR","MW","MV","ML","MH","FM","NA","NR","NE","PW","PG","PR","WS","SM","ST","SN","SC","SL","SB","KN","LC","VC","SR","TL","TO","TT","TV","VU","AZ","BN","BI","KH","CM","TD","KM","GQ","SZ","GA","GN","KG","LA","MO","MR","MN","NP","RW","TG","UZ","ZW","BJ","MG","MU","MZ","AO","CI","DJ","ZM","CD","CG","IQ","LY","TJ","VE","ET","XK"],"disc_number":1,"duration_ms":217187,"explicit":false,"external_urls":{"spotify":"https://open.spotify.com/track/3Vz43D7q9gd0qbC8PlNjP6"},"href":"https://api.spotify.com/v1/tracks/3Vz43D7q9gd0qbC8PlNjP6","id":"3Vz43D7q9gd0qbC8PlNjP6","name":"MORE THAN YOU KNOW","preview_url":null,"track_number":6,"type":"track","uri":"spotify:track:3Vz43D7q9gd0qbC8PlNjP6","is_local":false},{"artists":[{"external_urls":{"spotify":"https://open.spotify.com/artist/6FBDaR13swtiWwGhX1WQsP"},"href":"https://api.spotify.com/v1/artists/6FBDaR13swtiWwGhX1WQsP","id":"6FBDaR13swtiWwGhX1WQsP","name":"blink-182","type":"artist","uri":"spotify:artist:6FBDaR13swtiWwGhX1WQsP"}],"available_markets":["AR","AU","AT","BE","BO","BR","BG","CA","CL","CO","CR","CY","CZ","DK","DO","DE","EC","EE","SV","FI","FR","GR","GT","HN","HK","HU","IS","IE","IT","LV","LT","LU","MY","MT","MX","NL","NZ","NI","NO","PA","PY","PE","PH","PL","PT","SG","SK","ES","SE","CH","TW","TR","UY","US","GB","AD","LI","MC","ID","JP","TH","VN","RO","IL","ZA","SA","AE","BH","QA","OM","KW","EG","MA","DZ","TN","LB","JO","PS","IN","BY","KZ","MD","UA","AL","BA","HR","ME","MK","RS","SI","KR","BD","PK","LK","GH","KE","NG","TZ","UG","AG","AM","BS","BB","BZ","BT","BW","BF","CV","CW","DM","FJ","GM","GE","GD","GW","GY","HT","JM","KI","LS","LR","MW","MV","ML","MH","FM","NA","NR","NE","PW","PG","PR","WS","SM","ST","SN","SC","SL","SB","KN","LC","VC","SR","TL","TO","TT","TV","VU","AZ","BN","BI","KH","CM","TD","KM","GQ","SZ","GA","GN","KG","LA","MO","MR","MN","NP","RW","TG","UZ","ZW","BJ","MG","MU","MZ","AO","CI","DJ","ZM","CD","CG","IQ","LY","TJ","VE","ET","XK"],"disc_number":1,"duration_ms":23610,"explicit":true,"external_urls":{"spotify":"https://open.spotify.com/track/6xcgzpt5S8kCgL2CEORpAM"},"href":"https://api.spotify.com/v1/tracks/6xcgzpt5S8kCgL2CEORpAM","id":"6xcgzpt5S8kCgL2CEORpAM","name":"TURN THIS OFF!","preview_url":null,"track_number":7,"type":"track","uri":"spotify:track:6xcgzpt5S8kCgL2CEORpAM","is_local":false},{"artists":[{"external_urls":{"spotify":"https://open.spotify.com/artist/6FBDaR13swtiWwGhX1WQsP"},"href":"https://api.spotify.com/v1/artists/6FBDaR13swtiWwGhX1WQsP","id":"6FBDaR13swtiWwGhX1WQsP","name":"blink-182","type":"artist","uri":"spotify:artist:6FBDaR13swtiWwGhX1WQsP"}],"available_markets":["AR","AU","AT","BE","BO","BR","BG","CA","CL","CO","CR","CY","CZ","DK","DO","DE","EC","EE","SV","FI","FR","GR","GT","HN","HK","HU","IS","IE","IT","LV","LT","LU","MY","MT","MX","NL","NZ","NI","NO","PA","PY","PE","PH","PL","PT","SG","SK","ES","SE","CH","TW","TR","UY","US","GB","AD","LI","MC","ID","JP","TH","VN","RO","IL","ZA","SA","AE","BH","QA","OM","KW","EG","MA","DZ","TN","LB","JO","PS","IN","BY","KZ","MD","UA","AL","BA","HR","ME","MK","RS","SI","KR","BD","PK","LK","GH","KE","NG","TZ","UG","AG","AM","BS","BB","BZ","BT","BW","BF","CV","CW","DM","FJ","GM","GE","GD","GW","GY","HT","JM","KI","LS","LR","MW","MV","ML","MH","FM","NA","NR","NE","PW","PG","PR","WS","SM","ST","SN","SC","SL","SB","KN","LC","VC","SR","TL","TO","TT","TV","VU","AZ","BN","BI","KH","CM","TD","KM","GQ","SZ","GA","GN","KG","LA","MO","MR","MN","NP","RW","TG","UZ","ZW","BJ","MG","MU","MZ","AO","CI","DJ","ZM","CD","CG","IQ","LY","TJ","VE","ET","XK"],"disc_number":1,"duration_ms":160409,"explicit":true,"external_urls":{"spotify":"https://open.spotify.com/track/3poolWXvWPEdkgYzyh8HC9"},"href":"https://api.spotify.com/v1/tracks/3poolWXvWPEdkgYzyh8HC9","id":"3poolWXvWPEdkgYzyh8HC9","name":"WHEN WE WERE YOUNG","preview_url":null,"track_number":8,"type":"track","uri":"spotify:track:3poolWXvWPEdkgYzyh8HC9","is_local":false},{"artists":[{"external_urls":{"spotify":"https://open.spotify.com/artist/6FBDaR13swtiWwGhX1WQsP"},"href":"https://api.spotify.com/v1/artists/6FBDaR13swtiWwGhX1WQsP","id":"6FBDaR13swtiWwGhX1WQsP","name":"blink-182","type":"artist","uri":"spotify:artist:6FBDaR13swtiWwGhX1WQsP"}],"available_markets":["AR","AU","AT","BE","BO","BR","BG","CA","CL","CO","CR","CY","CZ","DK","DO","DE","EC","EE","SV","FI","FR","GR","GT","HN","HK","HU","IS","IE","IT","LV","LT","LU","MY","MT","MX","NL","NZ","NI","NO","PA","PY","PE","PH","PL","PT","SG","SK","ES","SE","CH","TW","TR","UY","US","GB","AD","LI","MC","ID","JP","TH","VN","RO","IL","ZA","SA","AE","BH","QA","OM","KW","EG","MA","DZ","TN","LB","JO","PS","IN","BY","KZ","MD","UA","AL","BA","HR","ME","MK","RS","SI","KR","BD","PK","LK","GH","KE","NG","TZ","UG","AG","AM","BS","BB","BZ","BT","BW","BF","CV","CW","DM","FJ","GM","GE","GD","GW","GY","HT","JM","KI","LS","LR","MW","MV","ML","MH","FM","NA","NR","NE","PW","PG","PR","WS","SM","ST","SN","SC","SL","SB","KN","LC","VC","SR","TL","TO","TT","TV","VU","AZ","BN","BI","KH","CM","TD","KM","GQ","SZ","GA","GN","KG","LA","MO","MR","MN","NP","RW","TG","UZ","ZW","BJ","MG","MU","MZ","AO","CI","DJ","ZM","CD","CG","IQ","LY","TJ","VE","ET","XK"],"disc_number":1,"duration_ms":149473,"explicit":true,"external_urls":{"spotify":"https://open.spotify.com/track/52sHEOyOEKhxzMMXB2e6gN"},"href":"https://api.spotify.com/v1/tracks/52sHEOyOEKhxzMMXB2e6gN","id":"52sHEOyOEKhxzMMXB2e6gN","name":"EDGING","preview_url":null,"track_number":9,"type":"track","uri":"spotify:track:52sHEOyOEKhxzMMXB2e6gN","is_local":false},{"artists":[{"external_urls":{"spotify":"https://open.spotify.com/artist/6FBDaR13swtiWwGhX1WQsP"},"href":"https://api.spotify.com/v1/artists/6FBDaR13swtiWwGhX1WQsP","id":"6FBDaR13swtiWwGhX1WQsP","name":"blink-182","type":"artist","uri":"spotify:artist:6FBDaR13swtiWwGhX1WQsP"}],"available_markets":["AR","AU","AT","BE","BO","BR","BG","CA","CL","CO","CR","CY","CZ","DK","DO","DE","EC","EE","SV","FI","FR","GR","GT","HN","HK","HU","IS","IE","IT","LV","LT","LU","MY","MT","MX","NL","NZ","NI","NO","PA","PY","PE","PH","PL","PT","SG","SK","ES","SE","CH","TW","TR","UY","US","GB","AD","LI","MC","ID","JP","TH","VN","RO","IL","ZA","SA","AE","BH","QA","OM","KW","EG","MA","DZ","TN","LB","JO","PS","IN","BY","KZ","MD","UA","AL","BA","HR","ME","MK","RS","SI","KR","BD","PK","LK","GH","KE","NG","TZ","UG","AG","AM","BS","BB","BZ","BT","BW","BF","CV","CW","DM","FJ","GM","GE","GD","GW","GY","HT","JM","KI","LS","LR","MW","MV","ML","MH","FM","NA","NR","NE","PW","PG","PR","WS","SM","ST","SN","SC","SL","SB","KN","LC","VC","SR","TL","TO","TT","TV","VU","AZ","BN","BI","KH","CM","TD","KM","GQ","SZ","GA","GN","KG","LA","MO","MR","MN","NP","RW","TG","UZ","ZW","BJ","MG","MU","MZ","AO","CI","DJ","ZM","CD","CG","IQ","LY","TJ","VE","ET","XK"],"disc_number":1,"duration_ms":198685,"explicit":false,"external_urls":{"spotify":"https://open.spotify.com/track/7MnVqgO5hVsbOAPGCr7oHo"},"href":"https://api.spotify.com/v1/tracks/7MnVqgO5hVsbOAPGCr7oHo","id":"7MnVqgO5hVsbOAPGCr7oHo","name":"YOU DON'T KNOW WHAT YOU'VE GOT","preview_url":null,"track_number":10,"type":"track","uri":"spotify:track:7MnVqgO5hVsbOAPGCr7oHo","is_local":false},{"artists":[{"external_urls":{"spotify":"https://open.spotify.com/artist/6FBDaR13swtiWwGhX1WQsP"},"href":"https://api.spotify.com/v1/artists/6FBDaR13swtiWwGhX1WQsP","id":"6FBDaR13swtiWwGhX1WQsP","name":"blink-182","type":"artist","uri":"spotify:artist:6FBDaR13swtiWwGhX1WQsP"}],"available_markets":["AR","AU","AT","BE","BO","BR","BG","CA","CL","CO","CR","CY","CZ","DK","DO","DE","EC","EE","SV","FI","FR","GR","GT","HN","HK","HU","IS","IE","IT","LV","LT","LU","MY","MT","MX","NL","NZ","NI","NO","PA","PY","PE","PH","PL","PT","SG","SK","ES","SE","CH","TW","TR","UY","US","GB","AD","LI","MC","ID","JP","TH","VN","RO","IL","ZA","SA","AE","BH","QA","OM","KW","EG","MA","DZ","TN","LB","JO","PS","IN","BY","KZ","MD","UA","AL","BA","HR","ME","MK","RS","SI","KR","BD","PK","LK","GH","KE","NG","TZ","UG","AG","AM","BS","BB","BZ","BT","BW","BF","CV","CW","DM","FJ","GM","GE","GD","GW","GY","HT","JM","KI","LS","LR","MW","MV","ML","MH","FM","NA","NR","NE","PW","PG","PR","WS","SM","ST","SN","SC","SL","SB","KN","LC","VC","SR","TL","TO","TT","TV","VU","AZ","BN","BI","KH","CM","TD","KM","GQ","SZ","GA","GN","KG","LA","MO","MR","MN","NP","RW","TG","UZ","ZW","BJ","MG","MU","MZ","AO","CI","DJ","ZM","CD","CG","IQ","LY","TJ","VE","ET","XK"],"disc_number":1,"duration_ms":188222,"explicit":false,"external_urls":{"spotify":"https://open.spotify.com/track/0po1vw4Fd7r4GWGNlU52XX"},"href":"https://api.spotify.com/v1/tracks/0po1vw4Fd7r4GWGNlU52XX","id":"0po1vw4Fd7r4GWGNlU52XX","name":"BLINK WAVE","preview_url":null,"track_number":11,"type":"track","uri":"spotify:track:0po1vw4Fd7r4GWGNlU52XX","is_local":false},{"artists":[{"external_urls":{"spotify":"https://open.spotify.com/artist/6FBDaR13swtiWwGhX1WQsP"},"href":"https://api.spotify.com/v1/artists/6FBDaR13swtiWwGhX1WQsP","id":"6FBDaR13swtiWwGhX1WQsP","name":"blink-182","type":"artist","uri":"spotify:artist:6FBDaR13swtiWwGhX1WQsP"}],"available_markets":["AR","AU","AT","BE","BO","BR","BG","CA","CL","CO","CR","CY","CZ","DK","DO","DE","EC","EE","SV","FI","FR","GR","GT","HN","HK","HU","IS","IE","IT","LV","LT","LU","MY","MT","MX","NL","NZ","NI","NO","PA","PY","PE","PH","PL","PT","SG","SK","ES","SE","CH","TW","TR","UY","US","GB","AD","LI","MC","ID","JP","TH","VN","RO","IL","ZA","SA","AE","BH","QA","OM","KW","EG","MA","DZ","TN","LB","JO","PS","IN","BY","KZ","MD","UA","AL","BA","HR","ME","MK","RS","SI","KR","BD","PK","LK","GH","KE","NG","TZ","UG","AG","AM","BS","BB","BZ","BT","BW","BF","CV","CW","DM","FJ","GM","GE","GD","GW","GY","HT","JM","KI","LS","LR","MW","MV","ML","MH","FM","NA","NR","NE","PW","PG","PR","WS","SM","ST","SN","SC","SL","SB","KN","LC","VC","SR","TL","TO","TT","TV","VU","AZ","BN","BI","KH","CM","TD","KM","GQ","SZ","GA","GN","KG","LA","MO","MR","MN","NP","RW","TG","UZ","ZW","BJ","MG","MU","MZ","AO","CI","DJ","ZM","CD","CG","IQ","LY","TJ","VE","ET","XK"],"disc_number":1,"duration_ms":139682,"explicit":false,"external_urls":{"spotify":"https://open.spotify.com/track/7j4QcwSX0MuYo5rTqnBS7X"},"href":"https://api.spotify.com/v1/tracks/7j4QcwSX0MuYo5rTqnBS7X","id":"7j4QcwSX0MuYo5rTqnBS7X","name":"BAD NEWS","preview_url":null,"track_number":12,"type":"track","uri":"spotify:track:7j4QcwSX0MuYo5rTqnBS7X","is_local":false},{"artists":[{"external_urls":{"spotify":"https://open.spotify.com/artist/6FBDaR13swtiWwGhX1WQsP"},"href":"https://api.spotify.com/v1/artists/6FBDaR13swtiWwGhX1WQsP","id":"6FBDaR13swtiWwGhX1WQsP","name":"blink-182","type":"artist","uri":"spotify:artist:6FBDaR13swtiWwGhX1WQsP"}],"available_markets":["AR","AU","AT","BE","BO","BR","BG","CA","CL","CO","CR","CY","CZ","DK","DO","DE","EC","EE","SV","FI","FR","GR","GT","HN","HK","HU","IS","IE","IT","LV","LT","LU","MY","MT","MX","NL","NZ","NI","NO","PA","PY","PE","PH","PL","PT","SG","SK","ES","SE","CH","TW","TR","UY","US","GB","AD","LI","MC","ID","JP","TH","VN","RO","IL","ZA","SA","AE","BH","QA","OM","KW","EG","MA","DZ","TN","LB","JO","PS","IN","BY","KZ","MD","UA","AL","BA","HR","ME","MK","RS","SI","KR","BD","PK","LK","GH","KE","NG","TZ","UG","AG","AM","BS","BB","BZ","BT","BW","BF","CV","CW","DM","FJ","GM","GE","GD","GW","GY","HT","JM","KI","LS","LR","MW","MV","ML","MH","FM","NA","NR","NE","PW","PG","PR","WS","SM","ST","SN","SC","SL","SB","KN","LC","VC","SR","TL","TO","TT","TV","VU","AZ","BN","BI","KH","CM","TD","KM","GQ","SZ","GA","GN","KG","LA","MO","MR","MN","NP","RW","TG","UZ","ZW","BJ","MG","MU","MZ","AO","CI","DJ","ZM","CD","CG","IQ","LY","TJ","VE","ET","XK"],"disc_number":1,"duration_ms":81616,"explicit":false,"external_urls":{"spotify":"https://open.spotify.com/track/1rTHBkEXcx298v8FtpqfpB"},"href":"https://api.spotify.com/v1/tracks/1rTHBkEXcx298v8FtpqfpB","id":"1rTHBkEXcx298v8FtpqfpB","name":"HURT (INTERLUDE)","preview_url":null,"track_number":13,"type":"track","uri":"spotify:track:1rTHBkEXcx298v8FtpqfpB","is_local":false},{"artists":[{"external_urls":{"spotify":"https://open.spotify.com/artist/6FBDaR13swtiWwGhX1WQsP"},"href":"https://api.spotify.com/v1/artists/6FBDaR13swtiWwGhX1WQsP","id":"6FBDaR13swtiWwGhX1WQsP","name":"blink-182","type":"artist","uri":"spotify:artist:6FBDaR13swtiWwGhX1WQsP"}],"available_markets":["AR","AU","AT","BE","BO","BR","BG","CA","CL","CO","CR","CY","CZ","DK","DO","DE","EC","EE","SV","FI","FR","GR","GT","HN","HK","HU","IS","IE","IT","LV","LT","LU","MY","MT","MX","NL","NZ","NI","NO","PA","PY","PE","PH","PL","PT","SG","SK","ES","SE","CH","TW","TR","UY","US","GB","AD","LI","MC","ID","JP","TH","VN","RO","IL","ZA","SA","AE","BH","QA","OM","KW","EG","MA","DZ","TN","LB","JO","PS","IN","BY","KZ","MD","UA","AL","BA","HR","ME","MK","RS","SI","KR","BD","PK","LK","GH","KE","NG","TZ","UG","AG","AM","BS","BB","BZ","BT","BW","BF","CV","CW","DM","FJ","GM","GE","GD","GW","GY","HT","JM","KI","LS","LR","MW","MV","ML","MH","FM","NA","NR","NE","PW","PG","PR","WS","SM","ST","SN","SC","SL","SB","KN","LC","VC","SR","TL","TO","TT","TV","VU","AZ","BN","BI","KH","CM","TD","KM","GQ","SZ","GA","GN","KG","LA","MO","MR","MN","NP","RW","TG","UZ","ZW","BJ","MG","MU","MZ","AO","CI","DJ","ZM","CD","CG","IQ","LY","TJ","VE","ET","XK"],"disc_number":1,"duration_ms":185428,"explicit":true,"external_urls":{"spotify":"https://open.spotify.com/track/7zQl4ThtTcufjsMnCrKx2o"},"href":"https://api.spotify.com/v1/tracks/7zQl4ThtTcufjsMnCrKx2o","id":"7zQl4ThtTcufjsMnCrKx2o","name":"TURPENTINE","preview_url":null,"track_number":14,"type":"track","uri":"spotify:track:7zQl4ThtTcufjsMnCrKx2o","is_local":false},{"artists":[{"external_urls":{"spotify":"https://open.spotify.com/artist/6FBDaR13swtiWwGhX1WQsP"},"href":"https://api.spotify.com/v1/artists/6FBDaR13swtiWwGhX1WQsP","id":"6FBDaR13swtiWwGhX1WQsP","name":"blink-182","type":"artist","uri":"spotify:artist:6FBDaR13swtiWwGhX1WQsP"}],"available_markets":["AR","AU","AT","BE","BO","BR","BG","CA","CL","CO","CR","CY","CZ","DK","DO","DE","EC","EE","SV","FI","FR","GR","GT","HN","HK","HU","IS","IE","IT","LV","LT","LU","MY","MT","MX","NL","NZ","NI","NO","PA","PY","PE","PH","PL","PT","SG","SK","ES","SE","CH","TW","TR","UY","US","GB","AD","LI","MC","ID","JP","TH","VN","RO","IL","ZA","SA","AE","BH","QA","OM","KW","EG","MA","DZ","TN","LB","JO","PS","IN","BY","KZ","MD","UA","AL","BA","HR","ME","MK","RS","SI","KR","BD","PK","LK","GH","KE","NG","TZ","UG","AG","AM","BS","BB","BZ","BT","BW","BF","CV","CW","DM","FJ","GM","GE","GD","GW","GY","HT","JM","KI","LS","LR","MW","MV","ML","MH","FM","NA","NR","NE","PW","PG","PR","WS","SM","ST","SN","SC","SL","SB","KN","LC","VC","SR","TL","TO","TT","TV","VU","AZ","BN","BI","KH","CM","TD","KM","GQ","SZ","GA","GN","KG","LA","MO","MR","MN","NP","RW","TG","UZ","ZW","BJ","MG","MU","MZ","AO","CI","DJ","ZM","CD","CG","IQ","LY","TJ","VE","ET","XK"],"disc_number":1,"duration_ms":27478,"explicit":true,"external_urls":{"spotify":"https://open.spotify.com/track/6frvbUJxV7IeWi0VnMXiLD"},"href":"https://api.spotify.com/v1/tracks/6frvbUJxV7IeWi0VnMXiLD","id":"6frvbUJxV7IeWi0VnMXiLD","name":"FUCK FACE","preview_url":null,"track_number":15,"type":"track","uri":"spotify:track:6frvbUJxV7IeWi0VnMXiLD","is_local":false},{"artists":[{"external_urls":{"spotify":"https://open.spotify.com/artist/6FBDaR13swtiWwGhX1WQsP"},"href":"https://api.spotify.com/v1/artists/6FBDaR13swtiWwGhX1WQsP","id":"6FBDaR13swtiWwGhX1WQsP","name":"blink-182","type":"artist","uri":"spotify:artist:6FBDaR13swtiWwGhX1WQsP"}],"available_markets":["AR","AU","AT","BE","BO","BR","BG","CA","CL","CO","CR","CY","CZ","DK","DO","DE","EC","EE","SV","FI","FR","GR","GT","HN","HK","HU","IS","IE","IT","LV","LT","LU","MY","MT","MX","NL","NZ","NI","NO","PA","PY","PE","PH","PL","PT","SG","SK","ES","SE","CH","TW","TR","UY","US","GB","AD","LI","MC","ID","JP","TH","VN","RO","IL","ZA","SA","AE","BH","QA","OM","KW","EG","MA","DZ","TN","LB","JO","PS","IN","BY","KZ","MD","UA","AL","BA","HR","ME","MK","RS","SI","KR","BD","PK","LK","GH","KE","NG","TZ","UG","AG","AM","BS","BB","BZ","BT","BW","BF","CV","CW","DM","FJ","GM","GE","GD","GW","GY","HT","JM","KI","LS","LR","MW","MV","ML","MH","FM","NA","NR","NE","PW","PG","PR","WS","SM","ST","SN","SC","SL","SB","KN","LC","VC","SR","TL","TO","TT","TV","VU","AZ","BN","BI","KH","CM","TD","KM","GQ","SZ","GA","GN","KG","LA","MO","MR","MN","NP","RW","TG","UZ","ZW","BJ","MG","MU","MZ","AO","CI","DJ","ZM","CD","CG","IQ","LY","TJ","VE","ET","XK"],"disc_number":1,"duration_ms":130356,"explicit":false,"external_urls":{"spotify":"https://open.spotify.com/track/5B9ZkINH0bM7S2cQXUFOmP"},"href":"https://api.spotify.com/v1/tracks/5B9ZkINH0bM7S2cQXUFOmP","id":"5B9ZkINH0bM7S2cQXUFOmP","name":"OTHER SIDE","preview_url":null,"track_number":16,"type":"track","uri":"spotify:track:5B9ZkINH0bM7S2cQXUFOmP","is_local":false},{"artists":[{"external_urls":{"spotify":"https://open.spotify.com/artist/6FBDaR13swtiWwGhX1WQsP"},"href":"https://api.spotify.com/v1/artists/6FBDaR13swtiWwGhX1WQsP","id":"6FBDaR13swtiWwGhX1WQsP","name":"blink-182","type":"artist","uri":"spotify:artist:6FBDaR13swtiWwGhX1WQsP"}],"available_markets":["AR","AU","AT","BE","BO","BR","BG","CA","CL","CO","CR","CY","CZ","DK","DO","DE","EC","EE","SV","FI","FR","GR","GT","HN","HK","HU","IS","IE","IT","LV","LT","LU","MY","MT","MX","NL","NZ","NI","NO","PA","PY","PE","PH","PL","PT","SG","SK","ES","SE","CH","TW","TR","UY","US","GB","AD","LI","MC","ID","JP","TH","VN","RO","IL","ZA","SA","AE","BH","QA","OM","KW","EG","MA","DZ","TN","LB","JO","PS","IN","BY","KZ","MD","UA","AL","BA","HR","ME","MK","RS","SI","KR","BD","PK","LK","GH","KE","NG","TZ","UG","AG","AM","BS","BB","BZ","BT","BW","BF","CV","CW","DM","FJ","GM","GE","GD","GW","GY","HT","JM","KI","LS","LR","MW","MV","ML","MH","FM","NA","NR","NE","PW","PG","PR","WS","SM","ST","SN","SC","SL","SB","KN","LC","VC","SR","TL","TO","TT","TV","VU","AZ","BN","BI","KH","CM","TD","KM","GQ","SZ","GA","GN","KG","LA","MO","MR","MN","NP","RW","TG","UZ","ZW","BJ","MG","MU","MZ","AO","CI","DJ","ZM","CD","CG","IQ","LY","TJ","VE","ET","XK"],"disc_number":1,"duration_ms":126820,"explicit":false,"external_urls":{"spotify":"https://open.spotify.com/track/7fnY3yYrx3xlRSqwFem3p1"},"href":"https://api.spotify.com/v1/tracks/7fnY3yYrx3xlRSqwFem3p1","id":"7fnY3yYrx3xlRSqwFem3p1","name":"CUT ME OFF","preview_url":null,"track_number":17,"type":"track","uri":"spotify:track:7fnY3yYrx3xlRSqwFem3p1","is_local":false},{"artists":[{"external_urls":{"spotify":"https://open.spotify.com/artist/6FBDaR13swtiWwGhX1WQsP"},"href":"https://api.spotify.com/v1/artists/6FBDaR13swtiWwGhX1WQsP","id":"6FBDaR13swtiWwGhX1WQsP","name":"blink-182","type":"artist","uri":"spotify:artist:6FBDaR13swtiWwGhX1WQsP"}],"available_markets":["AR","AU","AT","BE","BO","BR","BG","CA","CL","CO","CR","CY","CZ","DK","DO","DE","EC","EE","SV","FI","FR","GR","GT","HN","HK","HU","IS","IE","IT","LV","LT","LU","MY","MT","MX","NL","NZ","NI","NO","PA","PY","PE","PH","PL","PT","SG","SK","ES","SE","CH","TW","TR","UY","US","GB","AD","LI","MC","ID","JP","TH","VN","RO","IL","ZA","SA","AE","BH","QA","OM","KW","EG","MA","DZ","TN","LB","JO","PS","IN","BY","KZ","MD","UA","AL","BA","HR","ME","MK","RS","SI","KR","BD","PK","LK","GH","KE","NG","TZ","UG","AG","AM","BS","BB","BZ","BT","BW","BF","CV","CW","DM","FJ","GM","GE","GD","GW","GY","HT","JM","KI","LS","LR","MW","MV","ML","MH","FM","NA","NR","NE","PW","PG","PR","WS","SM","ST","SN","SC","SL","SB","KN","LC","VC","SR","TL","TO","TT","TV","VU","AZ","BN","BI","KH","CM","TD","KM","GQ","SZ","GA","GN","KG","LA","MO","MR","MN","NP","RW","TG","UZ","ZW","BJ","MG","MU","MZ","AO","CI","DJ","ZM","CD","CG","IQ","LY","TJ","VE","ET","XK"],"disc_number":1,"duration_ms":200554,"explicit":true,"external_urls":{"spotify":"https://open.spotify.com/track/0vp6PQN9JZzVek2R26RnG4"},"href":"https://api.spotify.com/v1/tracks/0vp6PQN9JZzVek2R26RnG4","id":"0vp6PQN9JZzVek2R26RnG4","name":"SEE YOU","preview_url":null,"track_number":18,"type":"track","uri":"spotify:track:0vp6PQN9JZzVek2R26RnG4","is_local":false},{"artists":[{"external_urls":{"spotify":"https://open.spotify.com/artist/6FBDaR13swtiWwGhX1WQsP"},"href":"https://api.spotify.com/v1/artists/6FBDaR13swtiWwGhX1WQsP","id":"6FBDaR13swtiWwGhX1WQsP","name":"blink-182","type":"artist","uri":"spotify:artist:6FBDaR13swtiWwGhX1WQsP"}],"available_markets":["AR","AU","AT","BE","BO","BR","BG","CA","CL","CO","CR","CY","CZ","DK","DO","DE","EC","EE","SV","FI","FR","GR","GT","HN","HK","HU","IS","IE","IT","LV","LT","LU","MY","MT","MX","NL","NZ","NI","NO","PA","PY","PE","PH","PL","PT","SG","SK","ES","SE","CH","TW","TR","UY","US","GB","AD","LI","MC","ID","JP","TH","VN","RO","IL","ZA","SA","AE","BH","QA","OM","KW","EG","MA","DZ","TN","LB","JO","PS","IN","BY","KZ","MD","UA","AL","BA","HR","ME","MK","RS","SI","KR","BD","PK","LK","GH","KE","NG","TZ","UG","AG","AM","BS","BB","BZ","BT","BW","BF","CV","CW","DM","FJ","GM","GE","GD","GW","GY","HT","JM","KI","LS","LR","MW","MV","ML","MH","FM","NA","NR","NE","PW","PG","PR","WS","SM","ST","SN","SC","SL","SB","KN","LC","VC","SR","TL","TO","TT","TV","VU","AZ","BN","BI","KH","CM","TD","KM","GQ","SZ","GA","GN","KG","LA","MO","MR","MN","NP","RW","TG","UZ","ZW","BJ","MG","MU","MZ","AO","CI","DJ","ZM","CD","CG","IQ","LY","TJ","VE","ET","XK"],"disc_number":1,"duration_ms":257795,"explicit":true,"external_urls":{"spotify":"https://open.spotify.com/track/4JbAy2b3URE9cvmCixsXJZ"},"href":"https://api.spotify.com/v1/tracks/4JbAy2b3URE9cvmCixsXJZ","id":"4JbAy2b3URE9cvmCixsXJZ","name":"CHILDHOOD","preview_url":null,"track_number":19,"type":"track","uri":"spotify:track:4JbAy2b3URE9cvmCixsXJZ","is_local":false},{"artists":[{"external_urls":{"spotify":"https://open.spotify.com/artist/6FBDaR13swtiWwGhX1WQsP"},"href":"https://api.spotify.com/v1/artists/6FBDaR13swtiWwGhX1WQsP","id":"6FBDaR13swtiWwGhX1WQsP","name":"blink-182","type":"artist","uri":"spotify:artist:6FBDaR13swtiWwGhX1WQsP"}],"available_markets":["AR","AU","AT","BE","BO","BR","BG","CA","CL","CO","CR","CY","CZ","DK","DO","DE","EC","EE","SV","FI","FR","GR","GT","HN","HK","HU","IS","IE","IT","LV","LT","LU","MY","MT","MX","NL","NZ","NI","NO","PA","PY","PE","PH","PL","PT","SG","SK","ES","SE","CH","TW","TR","UY","US","GB","AD","LI","MC","ID","JP","TH","VN","RO","IL","ZA","SA","AE","BH","QA","OM","KW","EG","MA","DZ","TN","LB","JO","PS","IN","BY","KZ","MD","UA","AL","BA","HR","ME","MK","RS","SI","KR","BD","PK","LK","GH","KE","NG","TZ","UG","AG","AM","BS","BB","BZ","BT","BW","BF","CV","CW","DM","FJ","GM","GE","GD","GW","GY","HT","JM","KI","LS","LR","MW","MV","ML","MH","FM","NA","NR","NE","PW","PG","PR","WS","SM","ST","SN","SC","SL","SB","KN","LC","VC","SR","TL","TO","TT","TV","VU","AZ","BN","BI","KH","CM","TD","KM","GQ","SZ","GA","GN","KG","LA","MO","MR","MN","NP","RW","TG","UZ","ZW","BJ","MG","MU","MZ","AO","CI","DJ","ZM","CD","CG","IQ","LY","TJ","VE","ET","XK"],"disc_number":1,"duration_ms":182676,"explicit":true,"external_urls":{"spotify":"https://open.spotify.com/track/67kPRgz01FoxhrHPU9HXrY"},"href":"https://api.spotify.com/v1/tracks/67kPRgz01FoxhrHPU9HXrY","id":"67kPRgz01FoxhrHPU9HXrY","name":"NO FUN","preview_url":null,"track_number":20,"type":"track","uri":"spotify:track:67kPRgz01FoxhrHPU9HXrY","is_local":false},{"artists":[{"external_urls":{"spotify":"https://open.spotify.com/artist/6FBDaR13swtiWwGhX1WQsP"},"href":"https://api.spotify.com/v1/artists/6FBDaR13swtiWwGhX1WQsP","id":"6FBDaR13swtiWwGhX1WQsP","name":"blink-182","type":"artist","uri":"spotify:artist:6FBDaR13swtiWwGhX1WQsP"}],"available_markets":["AR","AU","AT","BE","BO","BR","BG","CA","CL","CO","CR","CY","CZ","DK","DO","DE","EC","EE","SV","FI","FR","GR","GT","HN","HK","HU","IS","IE","IT","LV","LT","LU","MY","MT","MX","NL","NZ","NI","NO","PA","PY","PE","PH","PL","PT","SG","SK","ES","SE","CH","TW","TR","UY","US","GB","AD","LI","MC","ID","JP","TH","VN","RO","IL","ZA","SA","AE","BH","QA","OM","KW","EG","MA","DZ","TN","LB","JO","PS","IN","BY","KZ","MD","UA","AL","BA","HR","ME","MK","RS","SI","KR","BD","PK","LK","GH","KE","NG","TZ","UG","AG","AM","BS","BB","BZ","BT","BW","BF","CV","CW","DM","FJ","GM","GE","GD","GW","GY","HT","JM","KI","LS","LR","MW","MV","ML","MH","FM","NA","NR","NE","PW","PG","PR","WS","SM","ST","SN","SC","SL","SB","KN","LC","VC","SR","TL","TO","TT","TV","VU","AZ","BN","BI","KH","CM","TD","KM","GQ","SZ","GA","GN","KG","LA","MO","MR","MN","NP","RW","TG","UZ","ZW","BJ","MG","MU","MZ","AO","CI","DJ","ZM","CD","CG","IQ","LY","TJ","VE","ET","XK"],"disc_number":1,"duration_ms":162805,"explicit":true,"external_urls":{"spotify":"https://open.spotify.com/track/5tf8vizOp6F8KO5ruUz3ee"},"href":"https://api.spotify.com/v1/tracks/5tf8vizOp6F8KO5ruUz3ee","id":"5tf8vizOp6F8KO5ruUz3ee","name":"ALL IN MY HEAD","preview_url":null,"track_number":21,"type":"track","uri":"spotify:track:5tf8vizOp6F8KO5ruUz3ee","is_local":false},{"artists":[{"external_urls":{"spotify":"https://open.spotify.com/artist/6FBDaR13swtiWwGhX1WQsP"},"href":"https://api.spotify.com/v1/artists/6FBDaR13swtiWwGhX1WQsP","id":"6FBDaR13swtiWwGhX1WQsP","name":"blink-182","type":"artist","uri":"spotify:artist:6FBDaR13swtiWwGhX1WQsP"}],"available_markets":["AR","AU","AT","BE","BO","BR","BG","CA","CL","CO","CR","CY","CZ","DK","DO","DE","EC","EE","SV","FI","FR","GR","GT","HN","HK","HU","IS","IE","IT","LV","LT","LU","MY","MT","MX","NL","NZ","NI","NO","PA","PY","PE","PH","PL","PT","SG","SK","ES","SE","CH","TW","TR","UY","US","GB","AD","LI","MC","ID","JP","TH","VN","RO","IL","ZA","SA","AE","BH","QA","OM","KW","EG","MA","DZ","TN","LB","JO","PS","IN","BY","KZ","MD","UA","AL","BA","HR","ME","MK","RS","SI","KR","BD","PK","LK","GH","KE","NG","TZ","UG","AG","AM","BS","BB","BZ","BT","BW","BF","CV","CW","DM","FJ","GM","GE","GD","GW","GY","HT","JM","KI","LS","LR","MW","MV","ML","MH","FM","NA","NR","NE","PW","PG","PR","WS","SM","ST","SN","SC","SL","SB","KN","LC","VC","SR","TL","TO","TT","TV","VU","AZ","BN","BI","KH","CM","TD","KM","GQ","SZ","GA","GN","KG","LA","MO","MR","MN","NP","RW","TG","UZ","ZW","BJ","MG","MU","MZ","AO","CI","DJ","ZM","CD","CG","IQ","LY","TJ","VE","ET","XK"],"disc_number":1,"duration_ms":164500,"explicit":false,"external_urls":{"spotify":"https://open.spotify.com/track/4NryqIxFrAPL41ju1V5b7w"},"href":"https://api.spotify.com/v1/tracks/4NryqIxFrAPL41ju1V5b7w","id":"4NryqIxFrAPL41ju1V5b7w","name":"CAN'T GO BACK","preview_url":null,"track_number":22,"type":"track","uri":"spotify:track:4NryqIxFrAPL41ju1V5b7w","is_local":false},{"artists":[{"external_urls":{"spotify":"https://open.spotify.com/artist/6FBDaR13swtiWwGhX1WQsP"},"href":"https://api.spotify.com/v1/artists/6FBDaR13swtiWwGhX1WQsP","id":"6FBDaR13swtiWwGhX1WQsP","name":"blink-182","type":"artist","uri":"spotify:artist:6FBDaR13swtiWwGhX1WQsP"}],"available_markets":["AR","AU","AT","BE","BO","BR","BG","CA","CL","CO","CR","CY","CZ","DK","DO","DE","EC","EE","SV","FI","FR","GR","GT","HN","HK","HU","IS","IE","IT","LV","LT","LU","MY","MT","MX","NL","NZ","NI","NO","PA","PY","PE","PH","PL","PT","SG","SK","ES","SE","CH","TW","TR","UY","US","GB","AD","LI","MC","ID","JP","TH","VN","RO","IL","ZA","SA","AE","BH","QA","OM","KW","EG","MA","DZ","TN","LB","JO","PS","IN","BY","KZ","MD","UA","AL","BA","HR","ME","MK","RS","SI","KR","BD","PK","LK","GH","KE","NG","TZ","UG","AG","AM","BS","BB","BZ","BT","BW","BF","CV","CW","DM","FJ","GM","GE","GD","GW","GY","HT","JM","KI","LS","LR","MW","MV","ML","MH","FM","NA","NR","NE","PW","PG","PR","WS","SM","ST","SN","SC","SL","SB","KN","LC","VC","SR","TL","TO","TT","TV","VU","AZ","BN","BI","KH","CM","TD","KM","GQ","SZ","GA","GN","KG","LA","MO","MR","MN","NP","RW","TG","UZ","ZW","BJ","MG","MU","MZ","AO","CI","DJ","ZM","CD","CG","IQ","LY","TJ","VE","ET","XK"],"disc_number":1,"duration_ms":164794,"explicit":false,"external_urls":{"spotify":"https://open.spotify.com/track/2m1ehaOMy2h8Gfi8bnC2D4"},"href":"https://api.spotify.com/v1/tracks/2m1ehaOMy2h8Gfi8bnC2D4","id":"2m1ehaOMy2h8Gfi8bnC2D4","name":"EVERY OTHER WEEKEND","preview_url":null,"track_number":23,"type":"track","uri":"spotify:track:2m1ehaOMy2h8Gfi8bnC2D4","is_local":false},{"artists":[{"external_urls":{"spotify":"https://open.spotify.com/artist/6FBDaR13swtiWwGhX1WQsP"},"href":"https://api.spotify.com/v1/artists/6FBDaR13swtiWwGhX1WQsP","id":"6FBDaR13swtiWwGhX1WQsP","name":"blink-182","type":"artist","uri":"spotify:artist:6FBDaR13swtiWwGhX1WQsP"}],"available_markets":["AR","AU","AT","BE","BO","BR","BG","CA","CL","CO","CR","CY","CZ","DK","DO","DE","EC","EE","SV","FI","FR","GR","GT","HN","HK","HU","IS","IE","IT","LV","LT","LU","MY","MT","MX","NL","NZ","NI","NO","PA","PY","PE","PH","PL","PT","SG","SK","ES","SE","CH","TW","TR","UY","US","GB","AD","LI","MC","ID","JP","TH","VN","RO","IL","ZA","SA","AE","BH","QA","OM","KW","EG","MA","DZ","TN","LB","JO","PS","IN","BY","KZ","MD","UA","AL","BA","HR","ME","MK","RS","SI","KR","BD","PK","LK","GH","KE","NG","TZ","UG","AG","AM","BS","BB","BZ","BT","BW","BF","CV","CW","DM","FJ","GM","GE","GD","GW","GY","HT","JM","KI","LS","LR","MW","MV","ML","MH","FM","NA","NR","NE","PW","PG","PR","WS","SM","ST","SN","SC","SL","SB","KN","LC","VC","SR","TL","TO","TT","TV","VU","AZ","BN","BI","KH","CM","TD","KM","GQ","SZ","GA","GN","KG","LA","MO","MR","MN","NP","RW","TG","UZ","ZW","BJ","MG","MU","MZ","AO","CI","DJ","ZM","CD","CG","IQ","LY","TJ","VE","ET","XK"],"disc_number":1,"duration_ms":183282,"explicit":true,"external_urls":{"spotify":"https://open.spotify.com/track/4BbnpMp2j5GJzIjiDEFA6z"},"href":"https://api.spotify.com/v1/tracks/4BbnpMp2j5GJzIjiDEFA6z","id":"4BbnpMp2j5GJzIjiDEFA6z","name":"EVERYONE EVERYWHERE","preview_url":null,"track_number":24,"type":"track","uri":"spotify:track:4BbnpMp2j5GJzIjiDEFA6z","is_local":false},{"artists":[{"external_urls":{"spotify":"https://open.spotify.com/artist/6FBDaR13swtiWwGhX1WQsP"},"href":"https://api.spotify.com/v1/artists/6FBDaR13swtiWwGhX1WQsP","id":"6FBDaR13swtiWwGhX1WQsP","name":"blink-182","type":"artist","uri":"spotify:artist:6FBDaR13swtiWwGhX1WQsP"}],"available_markets":["AR","AU","AT","BE","BO","BR","BG","CA","CL","CO","CR","CY","CZ","DK","DO","DE","EC","EE","SV","FI","FR","GR","GT","HN","HK","HU","IS","IE","IT","LV","LT","LU","MY","MT","MX","NL","NZ","NI","NO","PA","PY","PE","PH","PL","PT","SG","SK","ES","SE","CH","TW","TR","UY","US","GB","AD","LI","MC","ID","JP","TH","VN","RO","IL","ZA","SA","AE","BH","QA","OM","KW","EG","MA","DZ","TN","LB","JO","PS","IN","BY","KZ","MD","UA","AL","BA","HR","ME","MK","RS","SI","KR","BD","PK","LK","GH","KE","NG","TZ","UG","AG","AM","BS","BB","BZ","BT","BW","BF","CV","CW","DM","FJ","GM","GE","GD","GW","GY","HT","JM","KI","LS","LR","MW","MV","ML","MH","FM","NA","NR","NE","PW","PG","PR","WS","SM","ST","SN","SC","SL","SB","KN","LC","VC","SR","TL","TO","TT","TV","VU","AZ","BN","BI","KH","CM","TD","KM","GQ","SZ","GA","GN","KG","LA","MO","MR","MN","NP","RW","TG","UZ","ZW","BJ","MG","MU","MZ","AO","CI","DJ","ZM","CD","CG","IQ","LY","TJ","VE","ET","XK"],"disc_number":1,"duration_ms":178785,"explicit":false,"external_urls":{"spotify":"https://open.spotify.com/track/6QJE092f2CYzFskOrBgSrN"},"href":"https://api.spotify.com/v1/tracks/6QJE092f2CYzFskOrBgSrN","id":"6QJE092f2CYzFskOrBgSrN","name":"IF YOU NEVER LEFT","preview_url":null,"track_number":25,"type":"track","uri":"spotify:track:6QJE092f2CYzFskOrBgSrN","is_local":false},{"artists":[{"external_urls":{"spotify":"https://open.spotify.com/artist/6FBDaR13swtiWwGhX1WQsP"},"href":"https://api.spotify.com/v1/artists/6FBDaR13swtiWwGhX1WQsP","id":"6FBDaR13swtiWwGhX1WQsP","name":"blink-182","type":"artist","uri":"spotify:artist:6FBDaR13swtiWwGhX1WQsP"}],"available_markets":["AR","AU","AT","BE","BO","BR","BG","CA","CL","CO","CR","CY","CZ","DK","DO","DE","EC","EE","SV","FI","FR","GR","GT","HN","HK","HU","IS","IE","IT","LV","LT","LU","MY","MT","MX","NL","NZ","NI","NO","PA","PY","PE","PH","PL","PT","SG","SK","ES","SE","CH","TW","TR","UY","US","GB","AD","LI","MC","ID","JP","TH","VN","RO","IL","ZA","SA","AE","BH","QA","OM","KW","EG","MA","DZ","TN","LB","JO","PS","IN","BY","KZ","MD","UA","AL","BA","HR","ME","MK","RS","SI","KR","BD","PK","LK","GH","KE","NG","TZ","UG","AG","AM","BS","BB","BZ","BT","BW","BF","CV","CW","DM","FJ","GM","GE","GD","GW","GY","HT","JM","KI","LS","LR","MW","MV","ML","MH","FM","NA","NR","NE","PW","PG","PR","WS","SM","ST","SN","SC","SL","SB","KN","LC","VC","SR","TL","TO","TT","TV","VU","AZ","BN","BI","KH","CM","TD","KM","GQ","SZ","GA","GN","KG","LA","MO","MR","MN","NP","RW","TG","UZ","ZW","BJ","MG","MU","MZ","AO","CI","DJ","ZM","CD","CG","IQ","LY","TJ","VE","ET","XK"],"disc_number":1,"duration_ms":215235,"explicit":false,"external_urls":{"spotify":"https://open.spotify.com/track/1p7NQo7181BgyaqDD5Pq20"},"href":"https://api.spotify.com/v1/tracks/1p7NQo7181BgyaqDD5Pq20","id":"1p7NQo7181BgyaqDD5Pq20","name":"ONE NIGHT STAND","preview_url":null,"track_number":26,"type":"track","uri":"spotify:track:1p7NQo7181BgyaqDD5Pq20","is_local":false},{"artists":[{"external_urls":{"spotify":"https://open.spotify.com/artist/6FBDaR13swtiWwGhX1WQsP"},"href":"https://api.spotify.com/v1/artists/6FBDaR13swtiWwGhX1WQsP","id":"6FBDaR13swtiWwGhX1WQsP","name":"blink-182","type":"artist","uri":"spotify:artist:6FBDaR13swtiWwGhX1WQsP"}],"available_markets":["AR","AU","AT","BE","BO","BR","BG","CA","CL","CO","CR","CY","CZ","DK","DO","DE","EC","EE","SV","FI","FR","GR","GT","HN","HK","HU","IS","IE","IT","LV","LT","LU","MY","MT","MX","NL","NZ","NI","NO","PA","PY","PE","PH","PL","PT","SG","SK","ES","SE","CH","TW","TR","UY","US","GB","AD","LI","MC","ID","JP","TH","VN","RO","IL","ZA","SA","AE","BH","QA","OM","KW","EG","MA","DZ","TN","LB","JO","PS","IN","BY","KZ","MD","UA","AL","BA","HR","ME","MK","RS","SI","KR","BD","PK","LK","GH","KE","NG","TZ","UG","AG","AM","BS","BB","BZ","BT","BW","BF","CV","CW","DM","FJ","GM","GE","GD","GW","GY","HT","JM","KI","LS","LR","MW","MV","ML","MH","FM","NA","NR","NE","PW","PG","PR","WS","SM","ST","SN","SC","SL","SB","KN","LC","VC","SR","TL","TO","TT","TV","VU","AZ","BN","BI","KH","CM","TD","KM","GQ","SZ","GA","GN","KG","LA","MO","MR","MN","NP","RW","TG","UZ","ZW","BJ","MG","MU","MZ","AO","CI","DJ","ZM","CD","CG","IQ","LY","TJ","VE","ET","XK"],"disc_number":1,"duration_ms":219389,"explicit":true,"external_urls":{"spotify":"https://open.spotify.com/track/2EKpybTASGXP5DdTA3r6aP"},"href":"https://api.spotify.com/v1/tracks/2EKpybTASGXP5DdTA3r6aP","id":"2EKpybTASGXP5DdTA3r6aP","name":"TAKE ME IN","preview_url":null,"track_number":27,"type":"track","uri":"spotify:track:2EKpybTASGXP5DdTA3r6aP","is_local":false}]},"copyrights":[{"text":"(P) 2024 Viking Wizard Eyes, LLC, under exclusive license to Columbia Records, a Division of Sony Music Entertainment","type":"P"}],"external_ids":{"upc":"196872400687"},"genres":[],"label":"Columbia","popularity":60},{"album_type":"album","total_tracks":12,"available_markets":["AR","AU","AT","BE","BO","BR","BG","CA","CL","CO","CR","CY","CZ","DK","DO","DE","EC","EE","SV","FI","FR","GR","GT","HN","HK","HU","IS","IE","IT","LV","LT","LU","MY","MT","MX","NL","NZ","NI","NO","PA","PY","PE","PH","PL","PT","SG","SK","ES","SE","CH","TW","TR","UY","US","GB","AD","LI","MC","ID","JP","TH","VN","RO","IL","ZA","SA","AE","BH","QA","OM","KW","EG","MA","DZ","TN","LB","JO","PS","IN","BY","KZ","MD","UA","AL","BA","HR","ME","MK","RS","SI","KR","BD","PK","LK","GH","KE","NG","TZ","UG","AG","AM","BS","BB","BZ","BT","BW","BF","CV","CW","DM","FJ","GM","GE","GD","GW","GY","HT","JM","KI","LS","LR","MW","MV","ML","MH","FM","NA","NR","NE","PW","PG","PR","WS","SM","ST","SN","SC","SL","SB","KN","LC","VC","SR","TL","TO","TT","TV","VU","AZ","BN","BI","KH","CM","TD","KM","GQ","SZ","GA","GN","KG","LA","MO","MR","MN","NP","RW","TG","UZ","ZW","BJ","MG","MU","MZ","AO","CI","DJ","ZM","CD","CG","IQ","LY","TJ","VE","ET","XK"],"external_urls":{"spotify":"https://open.spotify.com/album/7nQEMEmUDb0KRNlbTUi4mE"},"href":"https://api.spotify.com/v1/albums/7nQEMEmUDb0KRNlbTUi4mE","id":"7nQEMEmUDb0KRNlbTUi4mE","images":[{"url":"https://i.scdn.co/image/ab67616d0000b2731f6e14c4812b08eb53f7300f","height":640,"width":640},{"url":"https://i.scdn.co/image/ab67616d00001e021f6e14c4812b08eb53f7300f","height":300,"width":300},{"url":"https://i.scdn.co/image/ab67616d000048511f6e14c4812b08eb53f7300f","height":64,"width":64}],"name":"PALACIO","release_date":"2024-08-29","release_date_precision":"day","type":"album","uri":"spotify:album:7nQEMEmUDb0KRNlbTUi4mE","artists":[{"external_urls":{"spotify":"https://open.spotify.com/artist/5nKGeITSNCVP76muyOlszy"},"href":"https://api.spotify.com/v1/artists/5nKGeITSNCVP76muyOlszy","id":"5nKGeITSNCVP76muyOlszy","name":"Elsa y Elmar","type":"artist","uri":"spotify:artist:5nKGeITSNCVP76muyOlszy"}],"tracks":{"href":"https://api.spotify.com/v1/albums/7nQEMEmUDb0KRNlbTUi4mE/tracks?offset=0&limit=50","limit":50,"next":null,"offset":0,"previous":null,"total":12,"items":[{"artists":[{"external_urls":{"spotify":"https://open.spotify.com/artist/5nKGeITSNCVP76muyOlszy"},"href":"https://api.spotify.com/v1/artists/5nKGeITSNCVP76muyOlszy","id":"5nKGeITSNCVP76muyOlszy","name":"Elsa y Elmar","type":"artist","uri":"spotify:artist:5nKGeITSNCVP76muyOlszy"}],"available_markets":["AR","AU","AT","BE","BO","BR","BG","CA","CL","CO","CR","CY","CZ","DK","DO","DE","EC","EE","SV","FI","FR","GR","GT","HN","HK","HU","IS","IE","IT","LV","LT","LU","MY","MT","MX","NL","NZ","NI","NO","PA","PY","PE","PH","PL","PT","SG","SK","ES","SE","CH","TW","TR","UY","US","GB","AD","LI","MC","ID","JP","TH","VN","RO","IL","ZA","SA","AE","BH","QA","OM","KW","EG","MA","DZ","TN","LB","JO","PS","IN","BY","KZ","MD","UA","AL","BA","HR","ME","MK","RS","SI","KR","BD","PK","LK","GH","KE","NG","TZ","UG","AG","AM","BS","BB","BZ","BT","BW","BF","CV","CW","DM","FJ","GM","GE","GD","GW","GY","HT","JM","KI","LS","LR","MW","MV","ML","MH","FM","NA","NR","NE","PW","PG","PR","WS","SM","ST","SN","SC","SL","SB","KN","LC","VC","SR","TL","TO","TT","TV","VU","AZ","BN","BI","KH","CM","TD","KM","GQ","SZ","GA","GN","KG","LA","MO","MR","MN","NP","RW","TG","UZ","ZW","BJ","MG","MU","MZ","AO","CI","DJ","ZM","CD","CG","IQ","LY","TJ","VE","ET","XK"],"disc_number":1,"duration_ms":156000,"explicit":false,"external_urls":{"spotify":"https://open.spotify.com/track/2wjiSHFtEkWC8GDwubcSIx"},"href":"https://api.spotify.com/v1/tracks/2wjiSHFtEkWC8GDwubcSIx","id":"2wjiSHFtEkWC8GDwubcSIx","name":"palacio <3","preview_url":null,"track_number":1,"type":"track","uri":"spotify:track:2wjiSHFtEkWC8GDwubcSIx","is_local":false},{"artists":[{"external_urls":{"spotify":"https://open.spotify.com/artist/5nKGeITSNCVP76muyOlszy"},"href":"https://api.spotify.com/v1/artists/5nKGeITSNCVP76muyOlszy","id":"5nKGeITSNCVP76muyOlszy","name":"Elsa y Elmar","type":"artist","uri":"spotify:artist:5nKGeITSNCVP76muyOlszy"}],"available_markets":["AR","AU","AT","BE","BO","BR","BG","CA","CL","CO","CR","CY","CZ","DK","DO","DE","EC","EE","SV","FI","FR","GR","GT","HN","HK","HU","IS","IE","IT","LV","LT","LU","MY","MT","MX","NL","NZ","NI","NO","PA","PY","PE","PH","PL","PT","SG","SK","ES","SE","CH","TW","TR","UY","US","GB","AD","LI","MC","ID","JP","TH","VN","RO","IL","ZA","SA","AE","BH","QA","OM","KW","EG","MA","DZ","TN","LB","JO","PS","IN","BY","KZ","MD","UA","AL","BA","HR","ME","MK","RS","SI","KR","BD","PK","LK","GH","KE","NG","TZ","UG","AG","AM","BS","BB","BZ","BT","BW","BF","CV","CW","DM","FJ","GM","GE","GD","GW","GY","HT","JM","KI","LS","LR","MW","MV","ML","MH","FM","NA","NR","NE","PW","PG","PR","WS","SM","ST","SN","SC","SL","SB","KN","LC","VC","SR","TL","TO","TT","TV","VU","AZ","BN","BI","KH","CM","TD","KM","GQ","SZ","GA","GN","KG","LA","MO","MR","MN","NP","RW","TG","UZ","ZW","BJ","MG","MU","MZ","AO","CI","DJ","ZM","CD","CG","IQ","LY","TJ","VE","ET","XK"],"disc_number":1,"duration_ms":160312,"explicit":false,"external_urls":{"spotify":"https://open.spotify.com/track/7nUWS3PiYx9LmrLKInsLzM"},"href":"https://api.spotify.com/v1/tracks/7nUWS3PiYx9LmrLKInsLzM","id":"7nUWS3PiYx9LmrLKInsLzM","name":"Drogada de Emociones","preview_url":null,"track_number":2,"type":"track","uri":"spotify:track:7nUWS3PiYx9LmrLKInsLzM","is_local":false},{"artists":[{"external_urls":{"spotify":"https://open.spotify.com/artist/5nKGeITSNCVP76muyOlszy"},"href":"https://api.spotify.com/v1/artists/5nKGeITSNCVP76muyOlszy","id":"5nKGeITSNCVP76muyOlszy","name":"Elsa y Elmar","type":"artist","uri":"spotify:artist:5nKGeITSNCVP76muyOlszy"},{"external_urls":{"spotify":"https://open.spotify.com/artist/5N3YDBGT2gUzXgLDTwPRi5"},"href":"https://api.spotify.com/v1/artists/5N3YDBGT2gUzXgLDTwPRi5","id":"5N3YDBGT2gUzXgLDTwPRi5","name":"Álvaro De Luna","type":"artist","uri":"spotify:artist:5N3YDBGT2gUzXgLDTwPRi5"}],"available_markets":["AR","AU","AT","BE","BO","BR","BG","CA","CL","CO","CR","CY","CZ","DK","DO","DE","EC","EE","SV","FI","FR","GR","GT","HN","HK","HU","IS","IE","IT","LV","LT","LU","MY","MT","MX","NL","NZ","NI","NO","PA","PY","PE","PH","PL","PT","SG","SK","ES","SE","CH","TW","TR","UY","US","GB","AD","LI","MC","ID","JP","TH","VN","RO","IL","ZA","SA","AE","BH","QA","OM","KW","EG","MA","DZ","TN","LB","JO","PS","IN","BY","KZ","MD","UA","AL","BA","HR","ME","MK","RS","SI","KR","BD","PK","LK","GH","KE","NG","TZ","UG","AG","AM","BS","BB","BZ","BT","BW","BF","CV","CW","DM","FJ","GM","GE","GD","GW","GY","HT","JM","KI","LS","LR","MW","MV","ML","MH","FM","NA","NR","NE","PW","PG","PR","WS","SM","ST","SN","SC","SL","SB","KN","LC","VC","SR","TL","TO","TT","TV","VU","AZ","BN","BI","KH","CM","TD","KM","GQ","SZ","GA","GN","KG","LA","MO","MR","MN","NP","RW","TG","UZ","ZW","BJ","MG","MU","MZ","AO","CI","DJ","ZM","CD","CG","IQ","LY","TJ","VE","ET","XK"],"disc_number":1,"duration_ms":163026,"explicit":false,"external_urls":{"spotify":"https://open.spotify.com/track/73hMGsb4LCQJ92EVtP7xud"},"href":"https://api.spotify.com/v1/tracks/73hMGsb4LCQJ92EVtP7xud","id":"73hMGsb4LCQJ92EVtP7xud","name":"VISTO","preview_url":null,"track_number":3,"type":"track","uri":"spotify:track:73hMGsb4LCQJ92EVtP7xud","is_local":false},{"artists":[{"external_urls":{"spotify":"https://open.spotify.com/artist/5nKGeITSNCVP76muyOlszy"},"href":"https://api.spotify.com/v1/artists/5nKGeITSNCVP76muyOlszy","id":"5nKGeITSNCVP76muyOlszy","name":"Elsa y Elmar","type":"artist","uri":"spotify:artist:5nKGeITSNCVP76muyOlszy"}],"available_markets":["AR","AU","AT","BE","BO","BR","BG","CA","CL","CO","CR","CY","CZ","DK","DO","DE","EC","EE","SV","FI","FR","GR","GT","HN","HK","HU","IS","IE","IT","LV","LT","LU","MY","MT","MX","NL","NZ","NI","NO","PA","PY","PE","PH","PL","PT","SG","SK","ES","SE","CH","TW","TR","UY","US","GB","AD","LI","MC","ID","JP","TH","VN","RO","IL","ZA","SA","AE","BH","QA","OM","KW","EG","MA","DZ","TN","LB","JO","PS","IN","BY","KZ","MD","UA","AL","BA","HR","ME","MK","RS","SI","KR","BD","PK","LK","GH","KE","NG","TZ","UG","AG","AM","BS","BB","BZ","BT","BW","BF","CV","CW","DM","FJ","GM","GE","GD","GW","GY","HT","JM","KI","LS","LR","MW","MV","ML","MH","FM","NA","NR","NE","PW","PG","PR","WS","SM","ST","SN","SC","SL","SB","KN","LC","VC","SR","TL","TO","TT","TV","VU","AZ","BN","BI","KH","CM","TD","KM","GQ","SZ","GA","GN","KG","LA","MO","MR","MN","NP","RW","TG","UZ","ZW","BJ","MG","MU","MZ","AO","CI","DJ","ZM","CD","CG","IQ","LY","TJ","VE","ET","XK"],"disc_number":1,"duration_ms":188035,"explicit":false,"external_urls":{"spotify":"https://open.spotify.com/track/4WLaRK6z2eTEm8grtGckZl"},"href":"https://api.spotify.com/v1/tracks/4WLaRK6z2eTEm8grtGckZl","id":"4WLaRK6z2eTEm8grtGckZl","name":"Ké MaL","preview_url":null,"track_number":4,"type":"track","uri":"spotify:track:4WLaRK6z2eTEm8grtGckZl","is_local":false},{"artists":[{"external_urls":{"spotify":"https://open.spotify.com/artist/5nKGeITSNCVP76muyOlszy"},"href":"https://api.spotify.com/v1/artists/5nKGeITSNCVP76muyOlszy","id":"5nKGeITSNCVP76muyOlszy","name":"Elsa y Elmar","type":"artist","uri":"spotify:artist:5nKGeITSNCVP76muyOlszy"}],"available_markets":["AR","AU","AT","BE","BO","BR","BG","CA","CL","CO","CR","CY","CZ","DK","DO","DE","EC","EE","SV","FI","FR","GR","GT","HN","HK","HU","IS","IE","IT","LV","LT","LU","MY","MT","MX","NL","NZ","NI","NO","PA","PY","PE","PH","PL","PT","SG","SK","ES","SE","CH","TW","TR","UY","US","GB","AD","LI","MC","ID","JP","TH","VN","RO","IL","ZA","SA","AE","BH","QA","OM","KW","EG","MA","DZ","TN","LB","JO","PS","IN","BY","KZ","MD","UA","AL","BA","HR","ME","MK","RS","SI","KR","BD","PK","LK","GH","KE","NG","TZ","UG","AG","AM","BS","BB","BZ","BT","BW","BF","CV","CW","DM","FJ","GM","GE","GD","GW","GY","HT","JM","KI","LS","LR","MW","MV","ML","MH","FM","NA","NR","NE","PW","PG","PR","WS","SM","ST","SN","SC","SL","SB","KN","LC","VC","SR","TL","TO","TT","TV","VU","AZ","BN","BI","KH","CM","TD","KM","GQ","SZ","GA","GN","KG","LA","MO","MR","MN","NP","RW","TG","UZ","ZW","BJ","MG","MU","MZ","AO","CI","DJ","ZM","CD","CG","IQ","LY","TJ","VE","ET","XK"],"disc_number":1,"duration_ms":184290,"explicit":false,"external_urls":{"spotify":"https://open.spotify.com/track/4gPsO2cS4fcpkWfCTuAdhm"},"href":"https://api.spotify.com/v1/tracks/4gPsO2cS4fcpkWfCTuAdhm","id":"4gPsO2cS4fcpkWfCTuAdhm","name":"sé xq sé","preview_url":null,"track_number":5,"type":"track","uri":"spotify:track:4gPsO2cS4fcpkWfCTuAdhm","is_local":false},{"artists":[{"external_urls":{"spotify":"https://open.spotify.com/artist/5nKGeITSNCVP76muyOlszy"},"href":"https://api.spotify.com/v1/artists/5nKGeITSNCVP76muyOlszy","id":"5nKGeITSNCVP76muyOlszy","name":"Elsa y Elmar","type":"artist","uri":"spotify:artist:5nKGeITSNCVP76muyOlszy"}],"available_markets":["AR","AU","AT","BE","BO","BR","BG","CA","CL","CO","CR","CY","CZ","DK","DO","DE","EC","EE","SV","FI","FR","GR","GT","HN","HK","HU","IS","IE","IT","LV","LT","LU","MY","MT","MX","NL","NZ","NI","NO","PA","PY","PE","PH","PL","PT","SG","SK","ES","SE","CH","TW","TR","UY","US","GB","AD","LI","MC","ID","JP","TH","VN","RO","IL","ZA","SA","AE","BH","QA","OM","KW","EG","MA","DZ","TN","LB","JO","PS","IN","BY","KZ","MD","UA","AL","BA","HR","ME","MK","RS","SI","KR","BD","PK","LK","GH","KE","NG","TZ","UG","AG","AM","BS","BB","BZ","BT","BW","BF","CV","CW","DM","FJ","GM","GE","GD","GW","GY","HT","JM","KI","LS","LR","MW","MV","ML","MH","FM","NA","NR","NE","PW","PG","PR","WS","SM","ST","SN","SC","SL","SB","KN","LC","VC","SR","TL","TO","TT","TV","VU","AZ","BN","BI","KH","CM","TD","KM","GQ","SZ","GA","GN","KG","LA","MO","MR","MN","NP","RW","TG","UZ","ZW","BJ","MG","MU","MZ","AO","CI","DJ","ZM","CD","CG","IQ","LY","TJ","VE","ET","XK"],"disc_number":1,"duration_ms":181560,"explicit":false,"external_urls":{"spotify":"https://open.spotify.com/track/0br6ZhTO0EXrTo3hFJ4mSX"},"href":"https://api.spotify.com/v1/tracks/0br6ZhTO0EXrTo3hFJ4mSX","id":"0br6ZhTO0EXrTo3hFJ4mSX","name":"Querer Así","preview_url":null,"track_number":6,"type":"track","uri":"spotify:track:0br6ZhTO0EXrTo3hFJ4mSX","is_local":false},{"artists":[{"external_urls":{"spotify":"https://open.spotify.com/artist/5nKGeITSNCVP76muyOlszy"},"href":"https://api.spotify.com/v1/artists/5nKGeITSNCVP76muyOlszy","id":"5nKGeITSNCVP76muyOlszy","name":"Elsa y Elmar","type":"artist","uri":"spotify:artist:5nKGeITSNCVP76muyOlszy"}],"available_markets":["AR","AU","AT","BE","BO","BR","BG","CA","CL","CO","CR","CY","CZ","DK","DO","DE","EC","EE","SV","FI","FR","GR","GT","HN","HK","HU","IS","IE","IT","LV","LT","LU","MY","MT","MX","NL","NZ","NI","NO","PA","PY","PE","PH","PL","PT","SG","SK","ES","SE","CH","TW","TR","UY","US","GB","AD","LI","MC","ID","JP","TH","VN","RO","IL","ZA","SA","AE","BH","QA","OM","KW","EG","MA","DZ","TN","LB","JO","PS","IN","BY","KZ","MD","UA","AL","BA","HR","ME","MK","RS","SI","KR","BD","PK","LK","GH","KE","NG","TZ","UG","AG","AM","BS","BB","BZ","BT","BW","BF","CV","CW","DM","FJ","GM","GE","GD","GW","GY","HT","JM","KI","LS","LR","MW","MV","ML","MH","FM","NA","NR","NE","PW","PG","PR","WS","SM","ST","SN","SC","SL","SB","KN","LC","VC","SR","TL","TO","TT","TV","VU","AZ","BN","BI","KH","CM","TD","KM","GQ","SZ","GA","GN","KG","LA","MO","MR","MN","NP","RW","TG","UZ","ZW","BJ","MG","MU","MZ","AO","CI","DJ","ZM","CD","CG","IQ","LY","TJ","VE","ET","XK"],"disc_number":1,"duration_ms":56396,"explicit":true,"external_urls":{"spotify":"https://open.spotify.com/track/1Cd9U32QpsqtSWrKs6cGkJ"},"href":"https://api.spotify.com/v1/tracks/1Cd9U32QpsqtSWrKs6cGkJ","id":"1Cd9U32QpsqtSWrKs6cGkJ","name":"gracias smyav lqm !!!","preview_url":null,"track_number":7,"type":"track","uri":"spotify:track:1Cd9U32QpsqtSWrKs6cGkJ","is_local":false},{"artists":[{"external_urls":{"spotify":"https://open.spotify.com/artist/5nKGeITSNCVP76muyOlszy"},"href":"https://api.spotify.com/v1/artists/5nKGeITSNCVP76muyOlszy","id":"5nKGeITSNCVP76muyOlszy","name":"Elsa y Elmar","type":"artist","uri":"spotify:artist:5nKGeITSNCVP76muyOlszy"}],"available_markets":["AR","AU","AT","BE","BO","BR","BG","CA","CL","CO","CR","CY","CZ","DK","DO","DE","EC","EE","SV","FI","FR","GR","GT","HN","HK","HU","IS","IE","IT","LV","LT","LU","MY","MT","MX","NL","NZ","NI","NO","PA","PY","PE","PH","PL","PT","SG","SK","ES","SE","CH","TW","TR","UY","US","GB","AD","LI","MC","ID","JP","TH","VN","RO","IL","ZA","SA","AE","BH","QA","OM","KW","EG","MA","DZ","TN","LB","JO","PS","IN","BY","KZ","MD","UA","AL","BA","HR","ME","MK","RS","SI","KR","BD","PK","LK","GH","KE","NG","TZ","UG","AG","AM","BS","BB","BZ","BT","BW","BF","CV","CW","DM","FJ","GM","GE","GD","GW","GY","HT","JM","KI","LS","LR","MW","MV","ML","MH","FM","NA","NR","NE","PW","PG","PR","WS","SM","ST","SN","SC","SL","SB","KN","LC","VC","SR","TL","TO","TT","TV","VU","AZ","BN","BI","KH","CM","TD","KM","GQ","SZ","GA","GN","KG","LA","MO","MR","MN","NP","RW","TG","UZ","ZW","BJ","MG","MU","MZ","AO","CI","DJ","ZM","CD","CG","IQ","LY","TJ","VE","ET","XK"],"disc_number":1,"duration_ms":211454,"explicit":true,"external_urls":{"spotify":"https://open.spotify.com/track/3A3cmRnCQXUrCo6CHWdMHx"},"href":"https://api.spotify.com/v1/tracks/3A3cmRnCQXUrCo6CHWdMHx","id":"3A3cmRnCQXUrCo6CHWdMHx","name":"entre las piernas","preview_url":null,"track_number":8,"type":"track","uri":"spotify:track:3A3cmRnCQXUrCo6CHWdMHx","is_local":false},{"artists":[{"external_urls":{"spotify":"https://open.spotify.com/artist/5nKGeITSNCVP76muyOlszy"},"href":"https://api.spotify.com/v1/artists/5nKGeITSNCVP76muyOlszy","id":"5nKGeITSNCVP76muyOlszy","name":"Elsa y Elmar","type":"artist","uri":"spotify:artist:5nKGeITSNCVP76muyOlszy"}],"available_markets":["AR","AU","AT","BE","BO","BR","BG","CA","CL","CO","CR","CY","CZ","DK","DO","DE","EC","EE","SV","FI","FR","GR","GT","HN","HK","HU","IS","IE","IT","LV","LT","LU","MY","MT","MX","NL","NZ","NI","NO","PA","PY","PE","PH","PL","PT","SG","SK","ES","SE","CH","TW","TR","UY","US","GB","AD","LI","MC","ID","JP","TH","VN","RO","IL","ZA","SA","AE","BH","QA","OM","KW","EG","MA","DZ","TN","LB","JO","PS","IN","BY","KZ","MD","UA","AL","BA","HR","ME","MK","RS","SI","KR","BD","PK","LK","GH","KE","NG","TZ","UG","AG","AM","BS","BB","BZ","BT","BW","BF","CV","CW","DM","FJ","GM","GE","GD","GW","GY","HT","JM","KI","LS","LR","MW","MV","ML","MH","FM","NA","NR","NE","PW","PG","PR","WS","SM","ST","SN","SC","SL","SB","KN","LC","VC","SR","TL","TO","TT","TV","VU","AZ","BN","BI","KH","CM","TD","KM","GQ","SZ","GA","GN","KG","LA","MO","MR","MN","NP","RW","TG","UZ","ZW","BJ","MG","MU","MZ","AO","CI","DJ","ZM","CD","CG","IQ","LY","TJ","VE","ET","XK"],"disc_number":1,"duration_ms":147038,"explicit":false,"external_urls":{"spotify":"https://open.spotify.com/track/4RsNcuxXtY6o7GxkQjkJMe"},"href":"https://api.spotify.com/v1/tracks/4RsNcuxXtY6o7GxkQjkJMe","id":"4RsNcuxXtY6o7GxkQjkJMe","name":"A Ella","preview_url":null,"track_number":9,"type":"track","uri":"spotify:track:4RsNcuxXtY6o7GxkQjkJMe","is_local":false},{"artists":[{"external_urls":{"spotify":"https://open.spotify.com/artist/5nKGeITSNCVP76muyOlszy"},"href":"https://api.spotify.com/v1/artists/5nKGeITSNCVP76muyOlszy","id":"5nKGeITSNCVP76muyOlszy","name":"Elsa y Elmar","type":"artist","uri":"spotify:artist:5nKGeITSNCVP76muyOlszy"}],"available_markets":["AR","AU","AT","BE","BO","BR","BG","CA","CL","CO","CR","CY","CZ","DK","DO","DE","EC","EE","SV","FI","FR","GR","GT","HN","HK","HU","IS","IE","IT","LV","LT","LU","MY","MT","MX","NL","NZ","NI","NO","PA","PY","PE","PH","PL","PT","SG","SK","ES","SE","CH","TW","TR","UY","US","GB","AD","LI","MC","ID","JP","TH","VN","RO","IL","ZA","SA","AE","BH","QA","OM","KW","EG","MA","DZ","TN","LB","JO","PS","IN","BY","KZ","MD","UA","AL","BA","HR","ME","MK","RS","SI","KR","BD","PK","LK","GH","KE","NG","TZ","UG","AG","AM","BS","BB","BZ","BT","BW","BF","CV","CW","DM","FJ","GM","GE","GD","GW","GY","HT","JM","KI","LS","LR","MW","MV","ML","MH","FM","NA","NR","NE","PW","PG","PR","WS","SM","ST","SN","SC","SL","SB","KN","LC","VC","SR","TL","TO","TT","TV","VU","AZ","BN","BI","KH","CM","TD","KM","GQ","SZ","GA","GN","KG","LA","MO","MR","MN","NP","RW","TG","UZ","ZW","BJ","MG","MU","MZ","AO","CI","DJ","ZM","CD","CG","IQ","LY","TJ","VE","ET","XK"],"disc_number":1,"duration_ms":163869,"explicit":false,"external_urls":{"spotify":"https://open.spotify.com/track/3jdaVjnqYovCMByhVanbNR"},"href":"https://api.spotify.com/v1/tracks/3jdaVjnqYovCMByhVanbNR","id":"3jdaVjnqYovCMByhVanbNR","name":"Policarpa","preview_url":null,"track_number":10,"type":"track","uri":"spotify:track:3jdaVjnqYovCMByhVanbNR","is_local":false},{"artists":[{"external_urls":{"spotify":"https://open.spotify.com/artist/5nKGeITSNCVP76muyOlszy"},"href":"https://api.spotify.com/v1/artists/5nKGeITSNCVP76muyOlszy","id":"5nKGeITSNCVP76muyOlszy","name":"Elsa y Elmar","type":"artist","uri":"spotify:artist:5nKGeITSNCVP76muyOlszy"}],"available_markets":["AR","AU","AT","BE","BO","BR","BG","CA","CL","CO","CR","CY","CZ","DK","DO","DE","EC","EE","SV","FI","FR","GR","GT","HN","HK","HU","IS","IE","IT","LV","LT","LU","MY","MT","MX","NL","NZ","NI","NO","PA","PY","PE","PH","PL","PT","SG","SK","ES","SE","CH","TW","TR","UY","US","GB","AD","LI","MC","ID","JP","TH","VN","RO","IL","ZA","SA","AE","BH","QA","OM","KW","EG","MA","DZ","TN","LB","JO","PS","IN","BY","KZ","MD","UA","AL","BA","HR","ME","MK","RS","SI","KR","BD","PK","LK","GH","KE","NG","TZ","UG","AG","AM","BS","BB","BZ","BT","BW","BF","CV","CW","DM","FJ","GM","GE","GD","GW","GY","HT","JM","KI","LS","LR","MW","MV","ML","MH","FM","NA","NR","NE","PW","PG","PR","WS","SM","ST","SN","SC","SL","SB","KN","LC","VC","SR","TL","TO","TT","TV","VU","AZ","BN","BI","KH","CM","TD","KM","GQ","SZ","GA","GN","KG","LA","MO","MR","MN","NP","RW","TG","UZ","ZW","BJ","MG","MU","MZ","AO","CI","DJ","ZM","CD","CG","IQ","LY","TJ","VE","ET","XK"],"disc_number":1,"duration_ms":151406,"explicit":false,"external_urls":{"spotify":"https://open.spotify.com/track/4ge2EV4EvXfDrDnmb2fnit"},"href":"https://api.spotify.com/v1/tracks/4ge2EV4EvXfDrDnmb2fnit","id":"4ge2EV4EvXfDrDnmb2fnit","name":"GIGANTE","preview_url":null,"track_number":11,"type":"track","uri":"spotify:track:4ge2EV4EvXfDrDnmb2fnit","is_local":false},{"artists":[{"external_urls":{"spotify":"https://open.spotify.com/artist/5nKGeITSNCVP76muyOlszy"},"href":"https://api.spotify.com/v1/artists/5nKGeITSNCVP76muyOlszy","id":"5nKGeITSNCVP76muyOlszy","name":"Elsa y Elmar","type":"artist","uri":"spotify:artist:5nKGeITSNCVP76muyOlszy"}],"available_markets":["AR","AU","AT","BE","BO","BR","BG","CA","CL","CO","CR","CY","CZ","DK","DO","DE","EC","EE","SV","FI","FR","GR","GT","HN","HK","HU","IS","IE","IT","LV","LT","LU","MY","MT","MX","NL","NZ","NI","NO","PA","PY","PE","PH","PL","PT","SG","SK","ES","SE","CH","TW","TR","UY","US","GB","AD","LI","MC","ID","JP","TH","VN","RO","IL","ZA","SA","AE","BH","QA","OM","KW","EG","MA","DZ","TN","LB","JO","PS","IN","BY","KZ","MD","UA","AL","BA","HR","ME","MK","RS","SI","KR","BD","PK","LK","GH","KE","NG","TZ","UG","AG","AM","BS","BB","BZ","BT","BW","BF","CV","CW","DM","FJ","GM","GE","GD","GW","GY","HT","JM","KI","LS","LR","MW","MV","ML","MH","FM","NA","NR","NE","PW","PG","PR","WS","SM","ST","SN","SC","SL","SB","KN","LC","VC","SR","TL","TO","TT","TV","VU","AZ","BN","BI","KH","CM","TD","KM","GQ","SZ","GA","GN","KG","LA","MO","MR","MN","NP","RW","TG","UZ","ZW","BJ","MG","MU","MZ","AO","CI","DJ","ZM","CD","CG","IQ","LY","TJ","VE","ET","XK"],"disc_number":1,"duration_ms":222935,"explicit":false,"external_urls":{"spotify":"https://open.spotify.com/track/1R90Ttua1uz9502hBVM1Tg"},"href":"https://api.spotify.com/v1/tracks/1R90Ttua1uz9502hBVM1Tg","id":"1R90Ttua1uz9502hBVM1Tg","name":"Lento Violento","preview_url":null,"track_number":12,"type":"track","uri":"spotify:track:1R90Ttua1uz9502hBVM1Tg","is_local":false}]},"copyrights":[{"text":"(P) 2024 Sony Music Entertainment México, S.A. de C.V. Bajo Distribución en Exclusiva de Elmar Presenta S.A. de C.V.","type":"P"}],"external_ids":{"upc":"196872168211"},"genres":[],"label":"ELMAR PRESENTA, S.A. DE C.V.","popularity":45},{"album_type":"album","total_tracks":10,"available_markets":["AR","AU","AT","BE","BO","BR","BG","CA","CL","CO","CR","CY","CZ","DK","DO","DE","EC","EE","SV","FI","FR","GR","GT","HN","HK","HU","IS","IE","IT","LV","LT","LU","MY","MT","MX","NL","NZ","NI","NO","PA","PY","PE","PH","PL","PT","SG","SK","ES","SE","CH","TW","TR","UY","US","GB","AD","LI","MC","ID","JP","TH","VN","RO","IL","ZA","SA","AE","BH","QA","OM","KW","EG","MA","DZ","TN","LB","JO","PS","IN","BY","KZ","MD","UA","AL","BA","HR","ME","MK","RS","SI","KR","BD","PK","LK","GH","KE","NG","TZ","UG","AG","AM","BS","BB","BZ","BT","BW","BF","CV","CW","DM","FJ","GM","GE","GD","GW","GY","HT","JM","KI","LS","LR","MW","MV","ML","MH","FM","NA","NR","NE","PW","PG","PR","WS","SM","ST","SN","SC","SL","SB","KN","LC","VC","SR","TL","TO","TT","TV","VU","AZ","BN","BI","KH","CM","TD","KM","GQ","SZ","GA","GN","KG","LA","MO","MR","MN","NP","RW","TG","UZ","ZW","BJ","MG","MU","MZ","AO","CI","DJ","ZM","CD","CG","IQ","LY","TJ","VE","ET","XK"],"external_urls":{"spotify":"https://open.spotify.com/album/19DbwnDUWS0CuJF92sc4Wn"},"href":"https://api.spotify.com/v1/albums/19DbwnDUWS0CuJF92sc4Wn","id":"19DbwnDUWS0CuJF92sc4Wn","images":[{"url":"https://i.scdn.co/image/ab67616d0000b273b625d4ffed7f36d5475ccd2e","height":640,"width":640},{"url":"https://i.scdn.co/image/ab67616d00001e02b625d4ffed7f36d5475ccd2e","height":300,"width":300},{"url":"https://i.scdn.co/image/ab67616d00004851b625d4ffed7f36d5475ccd2e","height":64,"width":64}],"name":"TODO PUEDE SUCEDER","release_date":"2024-08-30","release_date_precision":"day","type":"album","uri":"spotify:album:19DbwnDUWS0CuJF92sc4Wn","artists":[{"external_urls":{"spotify":"https://open.spotify.com/artist/3r7eiuLSmaw4jXeUG6NatF"},"href":"https://api.spotify.com/v1/artists/3r7eiuLSmaw4jXeUG6NatF","id":"3r7eiuLSmaw4jXeUG6NatF","name":"MAGNA","type":"artist","uri":"spotify:artist:3r7eiuLSmaw4jXeUG6NatF"}],"tracks":{"href":"https://api.spotify.com/v1/albums/19DbwnDUWS0CuJF92sc4Wn/tracks?offset=0&limit=50","limit":50,"next":null,"offset":0,"previous":null,"total":10,"items":[{"artists":[{"external_urls":{"spotify":"https://open.spotify.com/artist/3r7eiuLSmaw4jXeUG6NatF"},"href":"https://api.spotify.com/v1/artists/3r7eiuLSmaw4jXeUG6NatF","id":"3r7eiuLSmaw4jXeUG6NatF","name":"MAGNA","type":"artist","uri":"spotify:artist:3r7eiuLSmaw4jXeUG6NatF"}],"available_markets":["AR","AU","AT","BE","BO","BR","BG","CA","CL","CO","CR","CY","CZ","DK","DO","DE","EC","EE","SV","FI","FR","GR","GT","HN","HK","HU","IS","IE","IT","LV","LT","LU","MY","MT","MX","NL","NZ","NI","NO","PA","PY","PE","PH","PL","PT","SG","SK","ES","SE","CH","TW","TR","UY","US","GB","AD","LI","MC","ID","JP","TH","VN","RO","IL","ZA","SA","AE","BH","QA","OM","KW","EG","MA","DZ","TN","LB","JO","PS","IN","BY","KZ","MD","UA","AL","BA","HR","ME","MK","RS","SI","KR","BD","PK","LK","GH","KE","NG","TZ","UG","AG","AM","BS","BB","BZ","BT","BW","BF","CV","CW","DM","FJ","GM","GE","GD","GW","GY","HT","JM","KI","LS","LR","MW","MV","ML","MH","FM","NA","NR","NE","PW","PG","PR","WS","SM","ST","SN","SC","SL","SB","KN","LC","VC","SR","TL","TO","TT","TV","VU","AZ","BN","BI","KH","CM","TD","KM","GQ","SZ","GA","GN","KG","LA","MO","MR","MN","NP","RW","TG","UZ","ZW","BJ","MG","MU","MZ","AO","CI","DJ","ZM","CD","CG","IQ","LY","TJ","VE","ET","XK"],"disc_number":1,"duration_ms":162666,"explicit":false,"external_urls":{"spotify":"https://open.spotify.com/track/0ZfHpd5jSHwPgHvvAcQYne"},"href":"https://api.spotify.com/v1/tracks/0ZfHpd5jSHwPgHvvAcQYne","id":"0ZfHpd5jSHwPgHvvAcQYne","name":"SLI","preview_url":null,"track_number":1,"type":"track","uri":"spotify:track:0ZfHpd5jSHwPgHvvAcQYne","is_local":false},{"artists":[{"external_urls":{"spotify":"https://open.spotify.com/artist/3r7eiuLSmaw4jXeUG6NatF"},"href":"https://api.spotify.com/v1/artists/3r7eiuLSmaw4jXeUG6NatF","id":"3r7eiuLSmaw4jXeUG6NatF","name":"MAGNA","type":"artist","uri":"spotify:artist:3r7eiuLSmaw4jXeUG6NatF"}],"available_markets":["AR","AU","AT","BE","BO","BR","BG","CA","CL","CO","CR","CY","CZ","DK","DO","DE","EC","EE","SV","FI","FR","GR","GT","HN","HK","HU","IS","IE","IT","LV","LT","LU","MY","MT","MX","NL","NZ","NI","NO","PA","PY","PE","PH","PL","PT","SG","SK","ES","SE","CH","TW","TR","UY","US","GB","AD","LI","MC","ID","JP","TH","VN","RO","IL","ZA","SA","AE","BH","QA","OM","KW","EG","MA","DZ","TN","LB","JO","PS","IN","BY","KZ","MD","UA","AL","BA","HR","ME","MK","RS","SI","KR","BD","PK","LK","GH","KE","NG","TZ","UG","AG","AM","BS","BB","BZ","BT","BW","BF","CV","CW","DM","FJ","GM","GE","GD","GW","GY","HT","JM","KI","LS","LR","MW","MV","ML","MH","FM","NA","NR","NE","PW","PG","PR","WS","SM","ST","SN","SC","SL","SB","KN","LC","VC","SR","TL","TO","TT","TV","VU","AZ","BN","BI","KH","CM","TD","KM","GQ","SZ","GA","GN","KG","LA","MO","MR","MN","NP","RW","TG","UZ","ZW","BJ","MG","MU","MZ","AO","CI","DJ","ZM","CD","CG","IQ","LY","TJ","VE","ET","XK"],"disc_number":1,"duration_ms":145882,"explicit":false,"external_urls":{"spotify":"https://open.spotify.com/track/2mBnRI8E9o4uUFtUzJSNYb"},"href":"https://api.spotify.com/v1/tracks/2mBnRI8E9o4uUFtUzJSNYb","id":"2mBnRI8E9o4uUFtUzJSNYb","name":"¿CÓMO VAS?","preview_url":null,"track_number":2,"type":"track","uri":"spotify:track:2mBnRI8E9o4uUFtUzJSNYb","is_local":false},{"artists":[{"external_urls":{"spotify":"https://open.spotify.com/artist/3r7eiuLSmaw4jXeUG6NatF"},"href":"https://api.spotify.com/v1/artists/3r7eiuLSmaw4jXeUG6NatF","id":"3r7eiuLSmaw4jXeUG6NatF","name":"MAGNA","type":"artist","uri":"spotify:artist:3r7eiuLSmaw4jXeUG6NatF"}],"available_markets":["AR","AU","AT","BE","BO","BR","BG","CA","CL","CO","CR","CY","CZ","DK","DO","DE","EC","EE","SV","FI","FR","GR","GT","HN","HK","HU","IS","IE","IT","LV","LT","LU","MY","MT","MX","NL","NZ","NI","NO","PA","PY","PE","PH","PL","PT","SG","SK","ES","SE","CH","TW","TR","UY","US","GB","AD","LI","MC","ID","JP","TH","VN","RO","IL","ZA","SA","AE","BH","QA","OM","KW","EG","MA","DZ","TN","LB","JO","PS","IN","BY","KZ","MD","UA","AL","BA","HR","ME","MK","RS","SI","KR","BD","PK","LK","GH","KE","NG","TZ","UG","AG","AM","BS","BB","BZ","BT","BW","BF","CV","CW","DM","FJ","GM","GE","GD","GW","GY","HT","JM","KI","LS","LR","MW","MV","ML","MH","FM","NA","NR","NE","PW","PG","PR","WS","SM","ST","SN","SC","SL","SB","KN","LC","VC","SR","TL","TO","TT","TV","VU","AZ","BN","BI","KH","CM","TD","KM","GQ","SZ","GA","GN","KG","LA","MO","MR","MN","NP","RW","TG","UZ","ZW","BJ","MG","MU","MZ","AO","CI","DJ","ZM","CD","CG","IQ","LY","TJ","VE","ET","XK"],"disc_number":1,"duration_ms":141714,"explicit":false,"external_urls":{"spotify":"https://open.spotify.com/track/5pRzQKVItYPAbuf6zb23VQ"},"href":"https://api.spotify.com/v1/tracks/5pRzQKVItYPAbuf6zb23VQ","id":"5pRzQKVItYPAbuf6zb23VQ","name":"PALOMINO","preview_url":null,"track_number":3,"type":"track","uri":"spotify:track:5pRzQKVItYPAbuf6zb23VQ","is_local":false},{"artists":[{"external_urls":{"spotify":"https://open.spotify.com/artist/3r7eiuLSmaw4jXeUG6NatF"},"href":"https://api.spotify.com/v1/artists/3r7eiuLSmaw4jXeUG6NatF","id":"3r7eiuLSmaw4jXeUG6NatF","name":"MAGNA","type":"artist","uri":"spotify:artist:3r7eiuLSmaw4jXeUG6NatF"}],"available_markets":["AR","AU","AT","BE","BO","BR","BG","CA","CL","CO","CR","CY","CZ","DK","DO","DE","EC","EE","SV","FI","FR","GR","GT","HN","HK","HU","IS","IE","IT","LV","LT","LU","MY","MT","MX","NL","NZ","NI","NO","PA","PY","PE","PH","PL","PT","SG","SK","ES","SE","CH","TW","TR","UY","US","GB","AD","LI","MC","ID","JP","TH","VN","RO","IL","ZA","SA","AE","BH","QA","OM","KW","EG","MA","DZ","TN","LB","JO","PS","IN","BY","KZ","MD","UA","AL","BA","HR","ME","MK","RS","SI","KR","BD","PK","LK","GH","KE","NG","TZ","UG","AG","AM","BS","BB","BZ","BT","BW","BF","CV","CW","DM","FJ","GM","GE","GD","GW","GY","HT","JM","KI","LS","LR","MW","MV","ML","MH","FM","NA","NR","NE","PW","PG","PR","WS","SM","ST","SN","SC","SL","SB","KN","LC","VC","SR","TL","TO","TT","TV","VU","AZ","BN","BI","KH","CM","TD","KM","GQ","SZ","GA","GN","KG","LA","MO","MR","MN","NP","RW","TG","UZ","ZW","BJ","MG","MU","MZ","AO","CI","DJ","ZM","CD","CG","IQ","LY","TJ","VE","ET","XK"],"disc_number":1,"duration_ms":170097,"explicit":false,"external_urls":{"spotify":"https://open.spotify.com/track/5k27Am4vp1OHXACi8tx3F0"},"href":"https://api.spotify.com/v1/tracks/5k27Am4vp1OHXACi8tx3F0","id":"5k27Am4vp1OHXACi8tx3F0","name":"OJOS MOROCCO","preview_url":null,"track_number":4,"type":"track","uri":"spotify:track:5k27Am4vp1OHXACi8tx3F0","is_local":false},{"artists":[{"external_urls":{"spotify":"https://open.spotify.com/artist/3r7eiuLSmaw4jXeUG6NatF"},"href":"https://api.spotify.com/v1/artists/3r7eiuLSmaw4jXeUG6NatF","id":"3r7eiuLSmaw4jXeUG6NatF","name":"MAGNA","type":"artist","uri":"spotify:artist:3r7eiuLSmaw4jXeUG6NatF"}],"available_markets":["AR","AU","AT","BE","BO","BR","BG","CA","CL","CO","CR","CY","CZ","DK","DO","DE","EC","EE","SV","FI","FR","GR","GT","HN","HK","HU","IS","IE","IT","LV","LT","LU","MY","MT","MX","NL","NZ","NI","NO","PA","PY","PE","PH","PL","PT","SG","SK","ES","SE","CH","TW","TR","UY","US","GB","AD","LI","MC","ID","JP","TH","VN","RO","IL","ZA","SA","AE","BH","QA","OM","KW","EG","MA","DZ","TN","LB","JO","PS","IN","BY","KZ","MD","UA","AL","BA","HR","ME","MK","RS","SI","KR","BD","PK","LK","GH","KE","NG","TZ","UG","AG","AM","BS","BB","BZ","BT","BW","BF","CV","CW","DM","FJ","GM","GE","GD","GW","GY","HT","JM","KI","LS","LR","MW","MV","ML","MH","FM","NA","NR","NE","PW","PG","PR","WS","SM","ST","SN","SC","SL","SB","KN","LC","VC","SR","TL","TO","TT","TV","VU","AZ","BN","BI","KH","CM","TD","KM","GQ","SZ","GA","GN","KG","LA","MO","MR","MN","NP","RW","TG","UZ","ZW","BJ","MG","MU","MZ","AO","CI","DJ","ZM","CD","CG","IQ","LY","TJ","VE","ET","XK"],"disc_number":1,"duration_ms":194400,"explicit":false,"external_urls":{"spotify":"https://open.spotify.com/track/0rdosyFAigBykI6jZFXWpn"},"href":"https://api.spotify.com/v1/tracks/0rdosyFAigBykI6jZFXWpn","id":"0rdosyFAigBykI6jZFXWpn","name":"NO IMPORTA EL DÍA","preview_url":null,"track_number":5,"type":"track","uri":"spotify:track:0rdosyFAigBykI6jZFXWpn","is_local":false},{"artists":[{"external_urls":{"spotify":"https://open.spotify.com/artist/3r7eiuLSmaw4jXeUG6NatF"},"href":"https://api.spotify.com/v1/artists/3r7eiuLSmaw4jXeUG6NatF","id":"3r7eiuLSmaw4jXeUG6NatF","name":"MAGNA","type":"artist","uri":"spotify:artist:3r7eiuLSmaw4jXeUG6NatF"},{"external_urls":{"spotify":"https://open.spotify.com/artist/4VMnjerpap9qiBhkTXDdtC"},"href":"https://api.spotify.com/v1/artists/4VMnjerpap9qiBhkTXDdtC","id":"4VMnjerpap9qiBhkTXDdtC","name":"Enzo","type":"artist","uri":"spotify:artist:4VMnjerpap9qiBhkTXDdtC"}],"available_markets":["AR","AU","AT","BE","BO","BR","BG","CA","CL","CO","CR","CY","CZ","DK","DO","DE","EC","EE","SV","FI","FR","GR","GT","HN","HK","HU","IS","IE","IT","LV","LT","LU","MY","MT","MX","NL","NZ","NI","NO","PA","PY","PE","PH","PL","PT","SG","SK","ES","SE","CH","TW","TR","UY","US","GB","AD","LI","MC","ID","JP","TH","VN","RO","IL","ZA","SA","AE","BH","QA","OM","KW","EG","MA","DZ","TN","LB","JO","PS","IN","BY","KZ","MD","UA","AL","BA","HR","ME","MK","RS","SI","KR","BD","PK","LK","GH","KE","NG","TZ","UG","AG","AM","BS","BB","BZ","BT","BW","BF","CV","CW","DM","FJ","GM","GE","GD","GW","GY","HT","JM","KI","LS","LR","MW","MV","ML","MH","FM","NA","NR","NE","PW","PG","PR","WS","SM","ST","SN","SC","SL","SB","KN","LC","VC","SR","TL","TO","TT","TV","VU","AZ","BN","BI","KH","CM","TD","KM","GQ","SZ","GA","GN","KG","LA","MO","MR","MN","NP","RW","TG","UZ","ZW","BJ","MG","MU","MZ","AO","CI","DJ","ZM","CD","CG","IQ","LY","TJ","VE","ET","XK"],"disc_number":1,"duration_ms":143571,"explicit":false,"external_urls":{"spotify":"https://open.spotify.com/track/6R0O8aOXxQwUhWH1l6ThCw"},"href":"https://api.spotify.com/v1/tracks/6R0O8aOXxQwUhWH1l6ThCw","id":"6R0O8aOXxQwUhWH1l6ThCw","name":"ME ACUERDA A TI","preview_url":null,"track_number":6,"type":"track","uri":"spotify:track:6R0O8aOXxQwUhWH1l6ThCw","is_local":false},{"artists":[{"external_urls":{"spotify":"https://open.spotify.com/artist/3r7eiuLSmaw4jXeUG6NatF"},"href":"https://api.spotify.com/v1/artists/3r7eiuLSmaw4jXeUG6NatF","id":"3r7eiuLSmaw4jXeUG6NatF","name":"MAGNA","type":"artist","uri":"spotify:artist:3r7eiuLSmaw4jXeUG6NatF"}],"available_markets":["AR","AU","AT","BE","BO","BR","BG","CA","CL","CO","CR","CY","CZ","DK","DO","DE","EC","EE","SV","FI","FR","GR","GT","HN","HK","HU","IS","IE","IT","LV","LT","LU","MY","MT","MX","NL","NZ","NI","NO","PA","PY","PE","PH","PL","PT","SG","SK","ES","SE","CH","TW","TR","UY","US","GB","AD","LI","MC","ID","JP","TH","VN","RO","IL","ZA","SA","AE","BH","QA","OM","KW","EG","MA","DZ","TN","LB","JO","PS","IN","BY","KZ","MD","UA","AL","BA","HR","ME","MK","RS","SI","KR","BD","PK","LK","GH","KE","NG","TZ","UG","AG","AM","BS","BB","BZ","BT","BW","BF","CV","CW","DM","FJ","GM","GE","GD","GW","GY","HT","JM","KI","LS","LR","MW","MV","ML","MH","FM","NA","NR","NE","PW","PG","PR","WS","SM","ST","SN","SC","SL","SB","KN","LC","VC","SR","TL","TO","TT","TV","VU","AZ","BN","BI","KH","CM","TD","KM","GQ","SZ","GA","GN","KG","LA","MO","MR","MN","NP","RW","TG","UZ","ZW","BJ","MG","MU","MZ","AO","CI","DJ","ZM","CD","CG","IQ","LY","TJ","VE","ET","XK"],"disc_number":1,"duration_ms":191666,"explicit":false,"external_urls":{"spotify":"https://open.spotify.com/track/4Xzp9jo2ZY11G2wY8h3FF0"},"href":"https://api.spotify.com/v1/tracks/4Xzp9jo2ZY11G2wY8h3FF0","id":"4Xzp9jo2ZY11G2wY8h3FF0","name":"PLAYA DE BARCELONA","preview_url":null,"track_number":7,"type":"track","uri":"spotify:track:4Xzp9jo2ZY11G2wY8h3FF0","is_local":false},{"artists":[{"external_urls":{"spotify":"https://open.spotify.com/artist/3r7eiuLSmaw4jXeUG6NatF"},"href":"https://api.spotify.com/v1/artists/3r7eiuLSmaw4jXeUG6NatF","id":"3r7eiuLSmaw4jXeUG6NatF","name":"MAGNA","type":"artist","uri":"spotify:artist:3r7eiuLSmaw4jXeUG6NatF"},{"external_urls":{"spotify":"https://open.spotify.com/artist/5RLbaO6vu3wyo06gAMxAQh"},"href":"https://api.spotify.com/v1/artists/5RLbaO6vu3wyo06gAMxAQh","id":"5RLbaO6vu3wyo06gAMxAQh","name":"Francely Abreuu","type":"artist","uri":"spotify:artist:5RLbaO6vu3wyo06gAMxAQh"}],"available_markets":["AR","AU","AT","BE","BO","BR","BG","CA","CL","CO","CR","CY","CZ","DK","DO","DE","EC","EE","SV","FI","FR","GR","GT","HN","HK","HU","IS","IE","IT","LV","LT","LU","MY","MT","MX","NL","NZ","NI","NO","PA","PY","PE","PH","PL","PT","SG","SK","ES","SE","CH","TW","TR","UY","US","GB","AD","LI","MC","ID","JP","TH","VN","RO","IL","ZA","SA","AE","BH","QA","OM","KW","EG","MA","DZ","TN","LB","JO","PS","IN","BY","KZ","MD","UA","AL","BA","HR","ME","MK","RS","SI","KR","BD","PK","LK","GH","KE","NG","TZ","UG","AG","AM","BS","BB","BZ","BT","BW","BF","CV","CW","DM","FJ","GM","GE","GD","GW","GY","HT","JM","KI","LS","LR","MW","MV","ML","MH","FM","NA","NR","NE","PW","PG","PR","WS","SM","ST","SN","SC","SL","SB","KN","LC","VC","SR","TL","TO","TT","TV","VU","AZ","BN","BI","KH","CM","TD","KM","GQ","SZ","GA","GN","KG","LA","MO","MR","MN","NP","RW","TG","UZ","ZW","BJ","MG","MU","MZ","AO","CI","DJ","ZM","CD","CG","IQ","LY","TJ","VE","ET","XK"],"disc_number":1,"duration_ms":201355,"explicit":false,"external_urls":{"spotify":"https://open.spotify.com/track/0J5qgtRzftokBjWUHR8syS"},"href":"https://api.spotify.com/v1/tracks/0J5qgtRzftokBjWUHR8syS","id":"0J5qgtRzftokBjWUHR8syS","name":"SAL","preview_url":null,"track_number":8,"type":"track","uri":"spotify:track:0J5qgtRzftokBjWUHR8syS","is_local":false},{"artists":[{"external_urls":{"spotify":"https://open.spotify.com/artist/3r7eiuLSmaw4jXeUG6NatF"},"href":"https://api.spotify.com/v1/artists/3r7eiuLSmaw4jXeUG6NatF","id":"3r7eiuLSmaw4jXeUG6NatF","name":"MAGNA","type":"artist","uri":"spotify:artist:3r7eiuLSmaw4jXeUG6NatF"},{"external_urls":{"spotify":"https://open.spotify.com/artist/3e9aKKEgSOjIQS9gv2Nr1X"},"href":"https://api.spotify.com/v1/artists/3e9aKKEgSOjIQS9gv2Nr1X","id":"3e9aKKEgSOjIQS9gv2Nr1X","name":"ARIA VEGA","type":"artist","uri":"spotify:artist:3e9aKKEgSOjIQS9gv2Nr1X"}],"available_markets":["AR","AU","AT","BE","BO","BR","BG","CA","CL","CO","CR","CY","CZ","DK","DO","DE","EC","EE","SV","FI","FR","GR","GT","HN","HK","HU","IS","IE","IT","LV","LT","LU","MY","MT","MX","NL","NZ","NI","NO","PA","PY","PE","PH","PL","PT","SG","SK","ES","SE","CH","TW","TR","UY","US","GB","AD","LI","MC","ID","JP","TH","VN","RO","IL","ZA","SA","AE","BH","QA","OM","KW","EG","MA","DZ","TN","LB","JO","PS","IN","BY","KZ","MD","UA","AL","BA","HR","ME","MK","RS","SI","KR","BD","PK","LK","GH","KE","NG","TZ","UG","AG","AM","BS","BB","BZ","BT","BW","BF","CV","CW","DM","FJ","GM","GE","GD","GW","GY","HT","JM","KI","LS","LR","MW","MV","ML","MH","FM","NA","NR","NE","PW","PG","PR","WS","SM","ST","SN","SC","SL","SB","KN","LC","VC","SR","TL","TO","TT","TV","VU","AZ","BN","BI","KH","CM","TD","KM","GQ","SZ","GA","GN","KG","LA","MO","MR","MN","NP","RW","TG","UZ","ZW","BJ","MG","MU","MZ","AO","CI","DJ","ZM","CD","CG","IQ","LY","TJ","VE","ET","XK"],"disc_number":1,"duration_ms":167213,"explicit":false,"external_urls":{"spotify":"https://open.spotify.com/track/2WYjLEYwE1vIWC6XNMN94z"},"href":"https://api.spotify.com/v1/tracks/2WYjLEYwE1vIWC6XNMN94z","id":"2WYjLEYwE1vIWC6XNMN94z","name":"UN CUARTICO","preview_url":null,"track_number":9,"type":"track","uri":"spotify:track:2WYjLEYwE1vIWC6XNMN94z","is_local":false},{"artists":[{"external_urls":{"spotify":"https://open.spotify.com/artist/3r7eiuLSmaw4jXeUG6NatF"},"href":"https://api.spotify.com/v1/artists/3r7eiuLSmaw4jXeUG6NatF","id":"3r7eiuLSmaw4jXeUG6NatF","name":"MAGNA","type":"artist","uri":"spotify:artist:3r7eiuLSmaw4jXeUG6NatF"}],"available_markets":["AR","AU","AT","BE","BO","BR","BG","CA","CL","CO","CR","CY","CZ","DK","DO","DE","EC","EE","SV","FI","FR","GR","GT","HN","HK","HU","IS","IE","IT","LV","LT","LU","MY","MT","MX","NL","NZ","NI","NO","PA","PY","PE","PH","PL","PT","SG","SK","ES","SE","CH","TW","TR","UY","US","GB","AD","LI","MC","ID","JP","TH","VN","RO","IL","ZA","SA","AE","BH","QA","OM","KW","EG","MA","DZ","TN","LB","JO","PS","IN","BY","KZ","MD","UA","AL","BA","HR","ME","MK","RS","SI","KR","BD","PK","LK","GH","KE","NG","TZ","UG","AG","AM","BS","BB","BZ","BT","BW","BF","CV","CW","DM","FJ","GM","GE","GD","GW","GY","HT","JM","KI","LS","LR","MW","MV","ML","MH","FM","NA","NR","NE","PW","PG","PR","WS","SM","ST","SN","SC","SL","SB","KN","LC","VC","SR","TL","TO","TT","TV","VU","AZ","BN","BI","KH","CM","TD","KM","GQ","SZ","GA","GN","KG","LA","MO","MR","MN","NP","RW","TG","UZ","ZW","BJ","MG","MU","MZ","AO","CI","DJ","ZM","CD","CG","IQ","LY","TJ","VE","ET","XK"],"disc_number":1,"duration_ms":175945,"explicit":false,"external_urls":{"spotify":"https://open.spotify.com/track/6W17wo0BGzSuyZ6EqE7i07"},"href":"https://api.spotify.com/v1/tracks/6W17wo0BGzSuyZ6EqE7i07","id":"6W17wo0BGzSuyZ6EqE7i07","name":"OTRA DIRECCIÓN","preview_url":null,"track_number":10,"type":"track","uri":"spotify:track:6W17wo0BGzSuyZ6EqE7i07","is_local":false}]},"copyrights":[{"text":"© 2024 Zarpazo Entertainment / HYBE Latin America","type":"C"},{"text":"℗ 2024 Zarpazo Entertainment / HYBE Latin America","type":"P"}],"external_ids":{"upc":"198704095139"},"genres":[],"label":"MiDuende","popularity":37},{"album_type":"album","total_tracks":12,"available_markets":["AR","AU","AT","BE","BO","BR","BG","CA","CL","CO","CR","CY","CZ","DK","DO","DE","EC","EE","SV","FI","FR","GR","GT","HN","HK","HU","IS","IE","IT","LV","LT","LU","MY","MT","MX","NL","NZ","NI","NO","PA","PY","PE","PH","PL","PT","SG","SK","ES","SE","CH","TW","TR","UY","US","GB","AD","LI","MC","ID","JP","TH","VN","RO","IL","ZA","SA","AE","BH","QA","OM","KW","EG","MA","DZ","TN","LB","JO","PS","IN","KZ","MD","UA","AL","BA","HR","ME","MK","RS","SI","KR","BD","PK","LK","GH","KE","NG","TZ","UG","AG","AM","BS","BB","BZ","BT","BW","BF","CV","CW","DM","FJ","GM","GE","GD","GW","GY","HT","JM","KI","LS","LR","MW","MV","ML","MH","FM","NA","NR","NE","PW","PG","WS","SM","ST","SN","SC","SL","SB","KN","LC","VC","SR","TL","TO","TT","TV","VU","AZ","BN","BI","KH","CM","TD","KM","GQ","SZ","GA","GN","KG","LA","MO","MR","MN","NP","RW","TG","UZ","ZW","BJ","MG","MU","MZ","AO","CI","DJ","ZM","CD","CG","IQ","LY","TJ","VE","ET","XK"],"external_urls":{"spotify":"https://open.spotify.com/album/4B4Elma4nNDUyl6D5PvQkj"},"href":"https://api.spotify.com/v1/albums/4B4Elma4nNDUyl6D5PvQkj","id":"4B4Elma4nNDUyl6D5PvQkj","images":[{"url":"https://i.scdn.co/image/ab67616d0000b2735e1ec3f6b114e4e4924f006f","height":640,"width":640},{"url":"https://i.scdn.co/image/ab67616d00001e025e1ec3f6b114e4e4924f006f","height":300,"width":300},{"url":"https://i.scdn.co/image/ab67616d000048515e1ec3f6b114e4e4924f006f","height":64,"width":64}],"name":"Short n' Sweet","release_date":"2024-08-23","release_date_precision":"day","type":"album","uri":"spotify:album:4B4Elma4nNDUyl6D5PvQkj","artists":[{"external_urls":{"spotify":"https://open.spotify.com/artist/74KM79TiuVKeVCqs8QtB0B"},"href":"https://api.spotify.com/v1/artists/74KM79TiuVKeVCqs8QtB0B","id":"74KM79TiuVKeVCqs8QtB0B","name":"Sabrina Carpenter","type":"artist","uri":"spotify:artist:74KM79TiuVKeVCqs8QtB0B"}],"tracks":{"href":"https://api.spotify.com/v1/albums/4B4Elma4nNDUyl6D5PvQkj/tracks?offset=0&limit=50","limit":50,"next":null,"offset":0,"previous":null,"total":12,"items":[{"artists":[{"external_urls":{"spotify":"https://open.spotify.com/artist/74KM79TiuVKeVCqs8QtB0B"},"href":"https://api.spotify.com/v1/artists/74KM79TiuVKeVCqs8QtB0B","id":"74KM79TiuVKeVCqs8QtB0B","name":"Sabrina Carpenter","type":"artist","uri":"spotify:artist:74KM79TiuVKeVCqs8QtB0B"}],"available_markets":["AR","AU","AT","BE","BO","BR","BG","CA","CL","CO","CR","CY","CZ","DK","DO","DE","EC","EE","SV","FI","FR","GR","GT","HN","HK","HU","IS","IE","IT","LV","LT","LU","MY","MT","MX","NL","NZ","NI","NO","PA","PY","PE","PH","PL","PT","SG","SK","ES","SE","CH","TW","TR","UY","US","GB","AD","LI","MC","ID","JP","TH","VN","RO","IL","ZA","SA","AE","BH","QA","OM","KW","EG","MA","DZ","TN","LB","JO","PS","IN","KZ","MD","UA","AL","BA","HR","ME","MK","RS","SI","KR","BD","PK","LK","GH","KE","NG","TZ","UG","AG","AM","BS","BB","BZ","BT","BW","BF","CV","CW","DM","FJ","GM","GE","GD","GW","GY","HT","JM","KI","LS","LR","MW","MV","ML","MH","FM","NA","NR","NE","PW","PG","WS","SM","ST","SN","SC","SL","SB","KN","LC","VC","SR","TL","TO","TT","TV","VU","AZ","BN","BI","KH","CM","TD","KM","GQ","SZ","GA","GN","KG","LA","MO","MR","MN","NP","RW","TG","UZ","ZW","BJ","MG","MU","MZ","AO","CI","DJ","ZM","CD","CG","IQ","LY","TJ","VE","ET","XK"],"disc_number":1,"duration_ms":157279,"explicit":false,"external_urls":{"spotify":"https://open.spotify.com/track/1d7Ptw3qYcfpdLNL5REhtJ"},"href":"https://api.spotify.com/v1/tracks/1d7Ptw3qYcfpdLNL5REhtJ","id":"1d7Ptw3qYcfpdLNL5REhtJ","name":"Taste","preview_url":null,"track_number":1,"type":"track","uri":"spotify:track:1d7Ptw3qYcfpdLNL5REhtJ","is_local":false},{"artists":[{"external_urls":{"spotify":"https://open.spotify.com/artist/74KM79TiuVKeVCqs8QtB0B"},"href":"https://api.spotify.com/v1/artists/74KM79TiuVKeVCqs8QtB0B","id":"74KM79TiuVKeVCqs8QtB0B","name":"Sabrina Carpenter","type":"artist","uri":"spotify:artist:74KM79TiuVKeVCqs8QtB0B"}],"available_markets":["AR","AU","AT","BE","BO","BR","BG","CA","CL","CO","CR","CY","CZ","DK","DO","DE","EC","EE","SV","FI","FR","GR","GT","HN","HK","HU","IS","IE","IT","LV","LT","LU","MY","MT","MX","NL","NZ","NI","NO","PA","PY","PE","PH","PL","PT","SG","SK","ES","SE","CH","TW","TR","UY","US","GB","AD","LI","MC","ID","JP","TH","VN","RO","IL","ZA","SA","AE","BH","QA","OM","KW","EG","MA","DZ","TN","LB","JO","PS","IN","KZ","MD","UA","AL","BA","HR","ME","MK","RS","SI","KR","BD","PK","LK","GH","KE","NG","TZ","UG","AG","AM","BS","BB","BZ","BT","BW","BF","CV","CW","DM","FJ","GM","GE","GD","GW","GY","HT","JM","KI","LS","LR","MW","MV","ML","MH","FM","NA","NR","NE","PW","PG","WS","SM","ST","SN","SC","SL","SB","KN","LC","VC","SR","TL","TO","TT","TV","VU","AZ","BN","BI","KH","CM","TD","KM","GQ","SZ","GA","GN","KG","LA","MO","MR","MN","NP","RW","TG","UZ","ZW","BJ","MG","MU","MZ","AO","CI","DJ","ZM","CD","CG","IQ","LY","TJ","VE","ET","XK"],"disc_number":1,"duration_ms":186170,"explicit":false,"external_urls":{"spotify":"https://open.spotify.com/track/1KE8CYkUEbVbCdEyO1nIfU"},"href":"https://api.spotify.com/v1/tracks/1KE8CYkUEbVbCdEyO1nIfU","id":"1KE8CYkUEbVbCdEyO1nIfU","name":"Please Please Please","preview_url":null,"track_number":2,"type":"track","uri":"spotify:track:1KE8CYkUEbVbCdEyO1nIfU","is_local":false},{"artists":[{"external_urls":{"spotify":"https://open.spotify.com/artist/74KM79TiuVKeVCqs8QtB0B"},"href":"https://api.spotify.com/v1/artists/74KM79TiuVKeVCqs8QtB0B","id":"74KM79TiuVKeVCqs8QtB0B","name":"Sabrina Carpenter","type":"artist","uri":"spotify:artist:74KM79TiuVKeVCqs8QtB0B"}],"available_markets":["AR","AU","AT","BE","BO","BR","BG","CA","CL","CO","CR","CY","CZ","DK","DO","DE","EC","EE","SV","FI","FR","GR","GT","HN","HK","HU","IS","IE","IT","LV","LT","LU","MY","MT","MX","NL","NZ","NI","NO","PA","PY","PE","PH","PL","PT","SG","SK","ES","SE","CH","TW","TR","UY","US","GB","AD","LI","MC","ID","JP","TH","VN","RO","IL","ZA","SA","AE","BH","QA","OM","KW","EG","MA","DZ","TN","LB","JO","PS","IN","KZ","MD","UA","AL","BA","HR","ME","MK","RS","SI","KR","BD","PK","LK","GH","KE","NG","TZ","UG","AG","AM","BS","BB","BZ","BT","BW","BF","CV","CW","DM","FJ","GM","GE","GD","GW","GY","HT","JM","KI","LS","LR","MW","MV","ML","MH","FM","NA","NR","NE","PW","PG","WS","SM","ST","SN","SC","SL","SB","KN","LC","VC","SR","TL","TO","TT","TV","VU","AZ","BN","BI","KH","CM","TD","KM","GQ","SZ","GA","GN","KG","LA","MO","MR","MN","NP","RW","TG","UZ","ZW","BJ","MG","MU","MZ","AO","CI","DJ","ZM","CD","CG","IQ","LY","TJ","VE","ET","XK"],"disc_number":1,"duration_ms":185265,"explicit":false,"external_urls":{"spotify":"https://open.spotify.com/track/40B0m5nazT7TmUb8ztyk73"},"href":"https://api.spotify.com/v1/tracks/40B0m5nazT7TmUb8ztyk73","id":"40B0m5nazT7TmUb8ztyk73","name":"Good Graces","preview_url":null,"track_number":3,"type":"track","uri":"spotify:track:40B0m5nazT7TmUb8ztyk73","is_local":false},{"artists":[{"external_urls":{"spotify":"https://open.spotify.com/artist/74KM79TiuVKeVCqs8QtB0B"},"href":"https://api.spotify.com/v1/artists/74KM79TiuVKeVCqs8QtB0B","id":"74KM79TiuVKeVCqs8QtB0B","name":"Sabrina Carpenter","type":"artist","uri":"spotify:artist:74KM79TiuVKeVCqs8QtB0B"}],"available_markets":["AR","AU","AT","BE","BO","BR","BG","CA","CL","CO","CR","CY","CZ","DK","DO","DE","EC","EE","SV","FI","FR","GR","GT","HN","HK","HU","IS","IE","IT","LV","LT","LU","MY","MT","MX","NL","NZ","NI","NO","PA","PY","PE","PH","PL","PT","SG","SK","ES","SE","CH","TW","TR","UY","US","GB","AD","LI","MC","ID","JP","TH","VN","RO","IL","ZA","SA","AE","BH","QA","OM","KW","EG","MA","DZ","TN","LB","JO","PS","IN","KZ","MD","UA","AL","BA","HR","ME","MK","RS","SI","KR","BD","PK","LK","GH","KE","NG","TZ","UG","AG","AM","BS","BB","BZ","BT","BW","BF","CV","CW","DM","FJ","GM","GE","GD","GW","GY","HT","JM","KI","LS","LR","MW","MV","ML","MH","FM","NA","NR","NE","PW","PG","WS","SM","ST","SN","SC","SL","SB","KN","LC","VC","SR","TL","TO","TT","TV","VU","AZ","BN","BI","KH","CM","TD","KM","GQ","SZ","GA","GN","KG","LA","MO","MR","MN","NP","RW","TG","UZ","ZW","BJ","MG","MU","MZ","AO","CI","DJ","ZM","CD","CG","IQ","LY","TJ","VE","ET","XK"],"disc_number":1,"duration_ms":218284,"explicit":false,"external_urls":{"spotify":"https://open.spotify.com/track/3f0tRUl1npgHhkuta4jdDI"},"href":"https://api.spotify.com/v1/tracks/3f0tRUl1npgHhkuta4jdDI","id":"3f0tRUl1npgHhkuta4jdDI","name":"Sharpest Tool","preview_url":null,"track_number":4,"type":"track","uri":"spotify:track:3f0tRUl1npgHhkuta4jdDI","is_local":false},{"artists":[{"external_urls":{"spotify":"https://open.spotify.com/artist/74KM79TiuVKeVCqs8QtB0B"},"href":"https://api.spotify.com/v1/artists/74KM79TiuVKeVCqs8QtB0B","id":"74KM79TiuVKeVCqs8QtB0B","name":"Sabrina Carpenter","type":"artist","uri":"spotify:artist:74KM79TiuVKeVCqs8QtB0B"}],"available_markets":["AR","AU","AT","BE","BO","BR","BG","CA","CL","CO","CR","CY","CZ","DK","DO","DE","EC","EE","SV","FI","FR","GR","GT","HN","HK","HU","IS","IE","IT","LV","LT","LU","MY","MT","MX","NL","NZ","NI","NO","PA","PY","PE","PH","PL","PT","SG","SK","ES","SE","CH","TW","TR","UY","US","GB","AD","LI","MC","ID","JP","TH","VN","RO","IL","ZA","SA","AE","BH","QA","OM","KW","EG","MA","DZ","TN","LB","JO","PS","IN","KZ","MD","UA","AL","BA","HR","ME","MK","RS","SI","KR","BD","PK","LK","GH","KE","NG","TZ","UG","AG","AM","BS","BB","BZ","BT","BW","BF","CV","CW","DM","FJ","GM","GE","GD","GW","GY","HT","JM","KI","LS","LR","MW","MV","ML","MH","FM","NA","NR","NE","PW","PG","WS","SM","ST","SN","SC","SL","SB","KN","LC","VC","SR","TL","TO","TT","TV","VU","AZ","BN","BI","KH","CM","TD","KM","GQ","SZ","GA","GN","KG","LA","MO","MR","MN","NP","RW","TG","UZ","ZW","BJ","MG","MU","MZ","AO","CI","DJ","ZM","CD","CG","IQ","LY","TJ","VE","ET","XK"],"disc_number":1,"duration_ms":164202,"explicit":false,"external_urls":{"spotify":"https://open.spotify.com/track/0x2c3kWgC2mSS4wItmPmx7"},"href":"https://api.spotify.com/v1/tracks/0x2c3kWgC2mSS4wItmPmx7","id":"0x2c3kWgC2mSS4wItmPmx7","name":"Coincidence","preview_url":null,"track_number":5,"type":"track","uri":"spotify:track:0x2c3kWgC2mSS4wItmPmx7","is_local":false},{"artists":[{"external_urls":{"spotify":"https://open.spotify.com/artist/74KM79TiuVKeVCqs8QtB0B"},"href":"https://api.spotify.com/v1/artists/74KM79TiuVKeVCqs8QtB0B","id":"74KM79TiuVKeVCqs8QtB0B","name":"Sabrina Carpenter","type":"artist","uri":"spotify:artist:74KM79TiuVKeVCqs8QtB0B"}],"available_markets":["AR","AU","AT","BE","BO","BR","BG","CA","CL","CO","CR","CY","CZ","DK","DO","DE","EC","EE","SV","FI","FR","GR","GT","HN","HK","HU","IS","IE","IT","LV","LT","LU","MY","MT","MX","NL","NZ","NI","NO","PA","PY","PE","PH","PL","PT","SG","SK","ES","SE","CH","TW","TR","UY","US","GB","AD","LI","MC","ID","JP","TH","VN","RO","IL","ZA","SA","AE","BH","QA","OM","KW","EG","MA","DZ","TN","LB","JO","PS","IN","KZ","MD","UA","AL","BA","HR","ME","MK","RS","SI","KR","BD","PK","LK","GH","KE","NG","TZ","UG","AG","AM","BS","BB","BZ","BT","BW","BF","CV","CW","DM","FJ","GM","GE","GD","GW","GY","HT","JM","KI","LS","LR","MW","MV","ML","MH","FM","NA","NR","NE","PW","PG","WS","SM","ST","SN","SC","SL","SB","KN","LC","VC","SR","TL","TO","TT","TV","VU","AZ","BN","BI","KH","CM","TD","KM","GQ","SZ","GA","GN","KG","LA","MO","MR","MN","NP","RW","TG","UZ","ZW","BJ","MG","MU","MZ","AO","CI","DJ","ZM","CD","CG","IQ","LY","TJ","VE","ET","XK"],"disc_number":1,"duration_ms":171869,"explicit":false,"external_urls":{"spotify":"https://open.spotify.com/track/3hppjCoD5ruwTaoyJ0J5Wh"},"href":"https://api.spotify.com/v1/tracks/3hppjCoD5ruwTaoyJ0J5Wh","id":"3hppjCoD5ruwTaoyJ0J5Wh","name":"Bed Chem","preview_url":null,"track_number":6,"type":"track","uri":"spotify:track:3hppjCoD5ruwTaoyJ0J5Wh","is_local":false},{"artists":[{"external_urls":{"spotify":"https://open.spotify.com/artist/74KM79TiuVKeVCqs8QtB0B"},"href":"https://api.spotify.com/v1/artists/74KM79TiuVKeVCqs8QtB0B","id":"74KM79TiuVKeVCqs8QtB0B","name":"Sabrina Carpenter","type":"artist","uri":"spotify:artist:74KM79TiuVKeVCqs8QtB0B"}],"available_markets":["AR","AU","AT","BE","BO","BR","BG","CA","CL","CO","CR","CY","CZ","DK","DO","DE","EC","EE","SV","FI","FR","GR","GT","HN","HK","HU","IS","IE","IT","LV","LT","LU","MY","MT","MX","NL","NZ","NI","NO","PA","PY","PE","PH","PL","PT","SG","SK","ES","SE","CH","TW","TR","UY","US","GB","AD","LI","MC","ID","JP","TH","VN","RO","IL","ZA","SA","AE","BH","QA","OM","KW","EG","MA","DZ","TN","LB","JO","PS","IN","KZ","MD","UA","AL","BA","HR","ME","MK","RS","SI","KR","BD","PK","LK","GH","KE","NG","TZ","UG","AG","AM","BS","BB","BZ","BT","BW","BF","CV","CW","DM","FJ","GM","GE","GD","GW","GY","HT","JM","KI","LS","LR","MW","MV","ML","MH","FM","NA","NR","NE","PW","PG","WS","SM","ST","SN","SC","SL","SB","KN","LC","VC","SR","TL","TO","TT","TV","VU","AZ","BN","BI","KH","CM","TD","KM","GQ","SZ","GA","GN","KG","LA","MO","MR","MN","NP","RW","TG","UZ","ZW","BJ","MG","MU","MZ","AO","CI","DJ","ZM","CD","CG","IQ","LY","TJ","VE","ET","XK"],"disc_number":1,"duration_ms":175459,"explicit":false,"external_urls":{"spotify":"https://open.spotify.com/track/1QUyotJH8XoTEan8aZdsiV"},"href":"https://api.spotify.com/v1/tracks/1QUyotJH8XoTEan8aZdsiV","id":"1QUyotJH8XoTEan8aZdsiV","name":"Espresso","preview_url":null,"track_number":7,"type":"track","uri":"spotify:track:1QUyotJH8XoTEan8aZdsiV","is_local":false},{"artists":[{"external_urls":{"spotify":"https://open.spotify.com/artist/74KM79TiuVKeVCqs8QtB0B"},"href":"https://api.spotify.com/v1/artists/74KM79TiuVKeVCqs8QtB0B","id":"74KM79TiuVKeVCqs8QtB0B","name":"Sabrina Carpenter","type":"artist","uri":"spotify:artist:74KM79TiuVKeVCqs8QtB0B"}],"available_markets":["AR","AU","AT","BE","BO","BR","BG","CA","CL","CO","CR","CY","CZ","DK","DO","DE","EC","EE","SV","FI","FR","GR","GT","HN","HK","HU","IS","IE","IT","LV","LT","LU","MY","MT","MX","NL","NZ","NI","NO","PA","PY","PE","PH","PL","PT","SG","SK","ES","SE","CH","TW","TR","UY","US","GB","AD","LI","MC","ID","JP","TH","VN","RO","IL","ZA","SA","AE","BH","QA","OM","KW","EG","MA","DZ","TN","LB","JO","PS","IN","KZ","MD","UA","AL","BA","HR","ME","MK","RS","SI","KR","BD","PK","LK","GH","KE","NG","TZ","UG","AG","AM","BS","BB","BZ","BT","BW","BF","CV","CW","DM","FJ","GM","GE","GD","GW","GY","HT","JM","KI","LS","LR","MW","MV","ML","MH","FM","NA","NR","NE","PW","PG","WS","SM","ST","SN","SC","SL","SB","KN","LC","VC","SR","TL","TO","TT","TV","VU","AZ","BN","BI","KH","CM","TD","KM","GQ","SZ","GA","GN","KG","LA","MO","MR","MN","NP","RW","TG","UZ","ZW","BJ","MG","MU","MZ","AO","CI","DJ","ZM","CD","CG","IQ","LY","TJ","VE","ET","XK"],"disc_number":1,"duration_ms":133478,"explicit":false,"external_urls":{"spotify":"https://open.spotify.com/track/1kM0rpegwnoijthmQbWRcG"},"href":"https://api.spotify.com/v1/tracks/1kM0rpegwnoijthmQbWRcG","id":"1kM0rpegwnoijthmQbWRcG","name":"Dumb & Poetic","preview_url":null,"track_number":8,"type":"track","uri":"spotify:track:1kM0rpegwnoijthmQbWRcG","is_local":false},{"artists":[{"external_urls":{"spotify":"https://open.spotify.com/artist/74KM79TiuVKeVCqs8QtB0B"},"href":"https://api.spotify.com/v1/artists/74KM79TiuVKeVCqs8QtB0B","id":"74KM79TiuVKeVCqs8QtB0B","name":"Sabrina Carpenter","type":"artist","uri":"spotify:artist:74KM79TiuVKeVCqs8QtB0B"}],"available_markets":["AR","AU","AT","BE","BO","BR","BG","CA","CL","CO","CR","CY","CZ","DK","DO","DE","EC","EE","SV","FI","FR","GR","GT","HN","HK","HU","IS","IE","IT","LV","LT","LU","MY","MT","MX","NL","NZ","NI","NO","PA","PY","PE","PH","PL","PT","SG","SK","ES","SE","CH","TW","TR","UY","US","GB","AD","LI","MC","ID","JP","TH","VN","RO","IL","ZA","SA","AE","BH","QA","OM","KW","EG","MA","DZ","TN","LB","JO","PS","IN","KZ","MD","UA","AL","BA","HR","ME","MK","RS","SI","KR","BD","PK","LK","GH","KE","NG","TZ","UG","AG","AM","BS","BB","BZ","BT","BW","BF","CV","CW","DM","FJ","GM","GE","GD","GW","GY","HT","JM","KI","LS","LR","MW","MV","ML","MH","FM","NA","NR","NE","PW","PG","WS","SM","ST","SN","SC","SL","SB","KN","LC","VC","SR","TL","TO","TT","TV","VU","AZ","BN","BI","KH","CM","TD","KM","GQ","SZ","GA","GN","KG","LA","MO","MR","MN","NP","RW","TG","UZ","ZW","BJ","MG","MU","MZ","AO","CI","DJ","ZM","CD","CG","IQ","LY","TJ","VE","ET","XK"],"disc_number":1,"duration_ms":152195,"explicit":false,"external_urls":{"spotify":"https://open.spotify.com/track/7lqSxbrUebhWskjM0WTK7Q"},"href":"https://api.spotify.com/v1/tracks/7lqSxbrUebhWskjM0WTK7Q","id":"7lqSxbrUebhWskjM0WTK7Q","name":"Slim Pickins","preview_url":null,"track_number":9,"type":"track","uri":"spotify:track:7lqSxbrUebhWskjM0WTK7Q","is_local":false},{"artists":[{"external_urls":{"spotify":"https://open.spotify.com/artist/74KM79TiuVKeVCqs8QtB0B"},"href":"https://api.spotify.com/v1/artists/74KM79TiuVKeVCqs8QtB0B","id":"74KM79TiuVKeVCqs8QtB0B","name":"Sabrina Carpenter","type":"artist","uri":"spotify:artist:74KM79TiuVKeVCqs8QtB0B"}],"available_markets":["AR","AU","AT","BE","BO","BR","BG","CA","CL","CO","CR","CY","CZ","DK","DO","DE","EC","EE","SV","FI","FR","GR","GT","HN","HK","HU","IS","IE","IT","LV","LT","LU","MY","MT","MX","NL","NZ","NI","NO","PA","PY","PE","PH","PL","PT","SG","SK","ES","SE","CH","TW","TR","UY","US","GB","AD","LI","MC","ID","JP","TH","VN","RO","IL","ZA","SA","AE","BH","QA","OM","KW","EG","MA","DZ","TN","LB","JO","PS","IN","KZ","MD","UA","AL","BA","HR","ME","MK","RS","SI","KR","BD","PK","LK","GH","KE","NG","TZ","UG","AG","AM","BS","BB","BZ","BT","BW","BF","CV","CW","DM","FJ","GM","GE","GD","GW","GY","HT","JM","KI","LS","LR","MW","MV","ML","MH","FM","NA","NR","NE","PW","PG","WS","SM","ST","SN","SC","SL","SB","KN","LC","VC","SR","TL","TO","TT","TV","VU","AZ","BN","BI","KH","CM","TD","KM","GQ","SZ","GA","GN","KG","LA","MO","MR","MN","NP","RW","TG","UZ","ZW","BJ","MG","MU","MZ","AO","CI","DJ","ZM","CD","CG","IQ","LY","TJ","VE","ET","XK"],"disc_number":1,"duration_ms":223192,"explicit":false,"external_urls":{"spotify":"https://open.spotify.com/track/53cOhgs9hPAyUf2TsbNPQR"},"href":"https://api.spotify.com/v1/tracks/53cOhgs9hPAyUf2TsbNPQR","id":"53cOhgs9hPAyUf2TsbNPQR","name":"Juno","preview_url":null,"track_number":10,"type":"track","uri":"spotify:track:53cOhgs9hPAyUf2TsbNPQR","is_local":false},{"artists":[{"external_urls":{"spotify":"https://open.spotify.com/artist/74KM79TiuVKeVCqs8QtB0B"},"href":"https://api.spotify.com/v1/artists/74KM79TiuVKeVCqs8QtB0B","id":"74KM79TiuVKeVCqs8QtB0B","name":"Sabrina Carpenter","type":"artist","uri":"spotify:artist:74KM79TiuVKeVCqs8QtB0B"}],"available_markets":["AR","AU","AT","BE","BO","BR","BG","CA","CL","CO","CR","CY","CZ","DK","DO","DE","EC","EE","SV","FI","FR","GR","GT","HN","HK","HU","IS","IE","IT","LV","LT","LU","MY","MT","MX","NL","NZ","NI","NO","PA","PY","PE","PH","PL","PT","SG","SK","ES","SE","CH","TW","TR","UY","US","GB","AD","LI","MC","ID","JP","TH","VN","RO","IL","ZA","SA","AE","BH","QA","OM","KW","EG","MA","DZ","TN","LB","JO","PS","IN","KZ","MD","UA","AL","BA","HR","ME","MK","RS","SI","KR","BD","PK","LK","GH","KE","NG","TZ","UG","AG","AM","BS","BB","BZ","BT","BW","BF","CV","CW","DM","FJ","GM","GE","GD","GW","GY","HT","JM","KI","LS","LR","MW","MV","ML","MH","FM","NA","NR","NE","PW","PG","WS","SM","ST","SN","SC","SL","SB","KN","LC","VC","SR","TL","TO","TT","TV","VU","AZ","BN","BI","KH","CM","TD","KM","GQ","SZ","GA","GN","KG","LA","MO","MR","MN","NP","RW","TG","UZ","ZW","BJ","MG","MU","MZ","AO","CI","DJ","ZM","CD","CG","IQ","LY","TJ","VE","ET","XK"],"disc_number":1,"duration_ms":202001,"explicit":false,"external_urls":{"spotify":"https://open.spotify.com/track/1OJpZTdVUZhT5i4ZFL4Aq8"},"href":"https://api.spotify.com/v1/tracks/1OJpZTdVUZhT5i4ZFL4Aq8","id":"1OJpZTdVUZhT5i4ZFL4Aq8","name":"Lie To Girls","preview_url":null,"track_number":11,"type":"track","uri":"spotify:track:1OJpZTdVUZhT5i4ZFL4Aq8","is_local":false},{"artists":[{"external_urls":{"spotify":"https://open.spotify.com/artist/74KM79TiuVKeVCqs8QtB0B"},"href":"https://api.spotify.com/v1/artists/74KM79TiuVKeVCqs8QtB0B","id":"74KM79TiuVKeVCqs8QtB0B","name":"Sabrina Carpenter","type":"artist","uri":"spotify:artist:74KM79TiuVKeVCqs8QtB0B"}],"available_markets":["AR","AU","AT","BE","BO","BR","BG","CA","CL","CO","CR","CY","CZ","DK","DO","DE","EC","EE","SV","FI","FR","GR","GT","HN","HK","HU","IS","IE","IT","LV","LT","LU","MY","MT","MX","NL","NZ","NI","NO","PA","PY","PE","PH","PL","PT","SG","SK","ES","SE","CH","TW","TR","UY","US","GB","AD","LI","MC","ID","JP","TH","VN","RO","IL","ZA","SA","AE","BH","QA","OM","KW","EG","MA","DZ","TN","LB","JO","PS","IN","KZ","MD","UA","AL","BA","HR","ME","MK","RS","SI","KR","BD","PK","LK","GH","KE","NG","TZ","UG","AG","AM","BS","BB","BZ","BT","BW","BF","CV","CW","DM","FJ","GM","GE","GD","GW","GY","HT","JM","KI","LS","LR","MW","MV","ML","MH","FM","NA","NR","NE","PW","PG","WS","SM","ST","SN","SC","SL","SB","KN","LC","VC","SR","TL","TO","TT","TV","VU","AZ","BN","BI","KH","CM","TD","KM","GQ","SZ","GA","GN","KG","LA","MO","MR","MN","NP","RW","TG","UZ","ZW","BJ","MG","MU","MZ","AO","CI","DJ","ZM","CD","CG","IQ","LY","TJ","VE","ET","XK"],"disc_number":1,"duration_ms":206295,"explicit":false,"external_urls":{"spotify":"https://open.spotify.com/track/0cSYz2Ut3YGmscZv7gxDlH"},"href":"https://api.spotify.com/v1/tracks/0cSYz2Ut3YGmscZv7gxDlH","id":"0cSYz2Ut3YGmscZv7gxDlH","name":"Don’t Smile","preview_url":null,"track_number":12,"type":"track","uri":"spotify:track:0cSYz2Ut3YGmscZv7gxDlH","is_local":false}]},"copyrights":[{"text":"© 2024 Island Records, a division of UMG Recordings, Inc.","type":"C"},{"text":"℗ 2024 Island Records, a division of UMG Recordings, Inc.","type":"P"}],"external_ids":{"upc":"00602465957419"},"genres":[],"label":"Island Records","popularity":70},{"album_type":"album","total_tracks":20,"available_markets":["AR","AU","AT","BE","BO","BR","BG","CA","CL","CO","CR","CY","CZ","DK","DO","DE","EC","EE","SV","FI","FR","GR","GT","HN","HK","HU","IS","IE","IT","LV","LT","LU","MY","MT","MX","NL","NZ","NI","NO","PA","PY","PE","PH","PL","PT","SG","SK","ES","SE","CH","TW","TR","UY","US","GB","AD","LI","MC","ID","JP","TH","VN","RO","IL","ZA","SA","AE","BH","QA","OM","KW","EG","MA","DZ","TN","LB","JO","PS","IN","KZ","MD","UA","AL","BA","HR","ME","MK","RS","SI","KR","BD","PK","LK","GH","KE","NG","TZ","UG","AG","AM","BS","BB","BZ","BT","BW","BF","CV","CW","DM","FJ","GM","GE","GD","GW","GY","HT","JM","KI","LS","LR","MW","MV","ML","MH","FM","NA","NR","NE","PW","PG","PR","WS","SM","ST","SN","SC","SL","SB","KN","LC","VC","SR","TL","TO","TT","TV","VU","AZ","BN","BI","KH","CM","TD","KM","GQ","SZ","GA","GN","KG","LA","MO","MR","MN","NP","RW","TG","UZ","ZW","BJ","MG","MU","MZ","AO","CI","DJ","ZM","CD","CG","IQ","LY","TJ","VE","ET","XK"],"external_urls":{"spotify":"https://open.spotify.com/album/6NmYJszy5BaEm1WF4tJL7Z"},"href":"https://api.spotify.com/v1/albums/6NmYJszy5BaEm1WF4tJL7Z","id":"6NmYJszy5BaEm1WF4tJL7Z","images":[{"url":"https://i.scdn.co/image/ab67616d0000b273f5efed2f29ab39ebab066e2a","height":640,"width":640},{"url":"https://i.scdn.co/image/ab67616d00001e02f5efed2f29ab39ebab066e2a","height":300,"width":300},{"url":"https://i.scdn.co/image/ab67616d00004851f5efed2f29ab39ebab066e2a","height":64,"width":64}],"name":"LA PANTERA NEGRA","release_date":"2024-08-22","release_date_precision":"day","type":"album","uri":"spotify:album:6NmYJszy5BaEm1WF4tJL7Z","artists":[{"external_urls":{"spotify":"https://open.spotify.com/artist/7iK8PXO48WeuP03g8YR51W"},"href":"https://api.spotify.com/v1/artists/7iK8PXO48WeuP03g8YR51W","id":"7iK8PXO48WeuP03g8YR51W","name":"Myke Towers","type":"artist","uri":"spotify:artist:7iK8PXO48WeuP03g8YR51W"}],"tracks":{"href":"https://api.spotify.com/v1/albums/6NmYJszy5BaEm1WF4tJL7Z/tracks?offset=0&limit=50","limit":50,"next":null,"offset":0,"previous":null,"total":20,"items":[{"artists":[{"external_urls":{"spotify":"https://open.spotify.com/artist/7iK8PXO48WeuP03g8YR51W"},"href":"https://api.spotify.com/v1/artists/7iK8PXO48WeuP03g8YR51W","id":"7iK8PXO48WeuP03g8YR51W","name":"Myke Towers","type":"artist","uri":"spotify:artist:7iK8PXO48WeuP03g8YR51W"}],"available_markets":["AR","AU","AT","BE","BO","BR","BG","CA","CL","CO","CR","CY","CZ","DK","DO","DE","EC","EE","SV","FI","FR","GR","GT","HN","HK","HU","IS","IE","IT","LV","LT","LU","MY","MT","MX","NL","NZ","NI","NO","PA","PY","PE","PH","PL","PT","SG","SK","ES","SE","CH","TW","TR","UY","US","GB","AD","LI","MC","ID","JP","TH","VN","RO","IL","ZA","SA","AE","BH","QA","OM","KW","EG","MA","DZ","TN","LB","JO","PS","IN","KZ","MD","UA","AL","BA","HR","ME","MK","RS","SI","KR","BD","PK","LK","GH","KE","NG","TZ","UG","AG","AM","BS","BB","BZ","BT","BW","BF","CV","CW","DM","FJ","GM","GE","GD","GW","GY","HT","JM","KI","LS","LR","MW","MV","ML","MH","FM","NA","NR","NE","PW","PG","PR","WS","SM","ST","SN","SC","SL","SB","KN","LC","VC","SR","TL","TO","TT","TV","VU","AZ","BN","BI","KH","CM","TD","KM","GQ","SZ","GA","GN","KG","LA","MO","MR","MN","NP","RW","TG","UZ","ZW","BJ","MG","MU","MZ","AO","CI","DJ","ZM","CD","CG","IQ","LY","TJ","VE","ET","XK"],"disc_number":1,"duration_ms":190826,"explicit":true,"external_urls":{"spotify":"https://open.spotify.com/track/1hrRcfsancQb92OcifmMV1"},"href":"https://api.spotify.com/v1/tracks/1hrRcfsancQb92OcifmMV1","id":"1hrRcfsancQb92OcifmMV1","name":"COMPETENCIA","preview_url":null,"track_number":1,"type":"track","uri":"spotify:track:1hrRcfsancQb92OcifmMV1","is_local":false},{"artists":[{"external_urls":{"spotify":"https://open.spotify.com/artist/7iK8PXO48WeuP03g8YR51W"},"href":"https://api.spotify.com/v1/artists/7iK8PXO48WeuP03g8YR51W","id":"7iK8PXO48WeuP03g8YR51W","name":"Myke Towers","type":"artist","uri":"spotify:artist:7iK8PXO48WeuP03g8YR51W"}],"available_markets":["AR","AU","AT","BE","BO","BR","BG","CA","CL","CO","CR","CY","CZ","DK","DO","DE","EC","EE","SV","FI","FR","GR","GT","HN","HK","HU","IS","IE","IT","LV","LT","LU","MY","MT","MX","NL","NZ","NI","NO","PA","PY","PE","PH","PL","PT","SG","SK","ES","SE","CH","TW","TR","UY","US","GB","AD","LI","MC","ID","JP","TH","VN","RO","IL","ZA","SA","AE","BH","QA","OM","KW","EG","MA","DZ","TN","LB","JO","PS","IN","KZ","MD","UA","AL","BA","HR","ME","MK","RS","SI","KR","BD","PK","LK","GH","KE","NG","TZ","UG","AG","AM","BS","BB","BZ","BT","BW","BF","CV","CW","DM","FJ","GM","GE","GD","GW","GY","HT","JM","KI","LS","LR","MW","MV","ML","MH","FM","NA","NR","NE","PW","PG","PR","WS","SM","ST","SN","SC","SL","SB","KN","LC","VC","SR","TL","TO","TT","TV","VU","AZ","BN","BI","KH","CM","TD","KM","GQ","SZ","GA","GN","KG","LA","MO","MR","MN","NP","RW","TG","UZ","ZW","BJ","MG","MU","MZ","AO","CI","DJ","ZM","CD","CG","IQ","LY","TJ","VE","ET","XK"],"disc_number":1,"duration_ms":169026,"explicit":true,"external_urls":{"spotify":"https://open.spotify.com/track/5EUCaO1SzuWNM3Fs0GOzt5"},"href":"https://api.spotify.com/v1/tracks/5EUCaO1SzuWNM3Fs0GOzt5","id":"5EUCaO1SzuWNM3Fs0GOzt5","name":"OTRA OPORTUNIDAD","preview_url":null,"track_number":2,"type":"track","uri":"spotify:track:5EUCaO1SzuWNM3Fs0GOzt5","is_local":false},{"artists":[{"external_urls":{"spotify":"https://open.spotify.com/artist/7iK8PXO48WeuP03g8YR51W"},"href":"https://api.spotify.com/v1/artists/7iK8PXO48WeuP03g8YR51W","id":"7iK8PXO48WeuP03g8YR51W","name":"Myke Towers","type":"artist","uri":"spotify:artist:7iK8PXO48WeuP03g8YR51W"},{"external_urls":{"spotify":"https://open.spotify.com/artist/2cPqdH7XMvwaBJEVjheH8g"},"href":"https://api.spotify.com/v1/artists/2cPqdH7XMvwaBJEVjheH8g","id":"2cPqdH7XMvwaBJEVjheH8g","name":"Jay Wheeler","type":"artist","uri":"spotify:artist:2cPqdH7XMvwaBJEVjheH8g"}],"available_markets":["AR","AU","AT","BE","BO","BR","BG","CA","CL","CO","CR","CY","CZ","DK","DO","DE","EC","EE","SV","FI","FR","GR","GT","HN","HK","HU","IS","IE","IT","LV","LT","LU","MY","MT","MX","NL","NZ","NI","NO","PA","PY","PE","PH","PL","PT","SG","SK","ES","SE","CH","TW","TR","UY","US","GB","AD","LI","MC","ID","JP","TH","VN","RO","IL","ZA","SA","AE","BH","QA","OM","KW","EG","MA","DZ","TN","LB","JO","PS","IN","KZ","MD","UA","AL","BA","HR","ME","MK","RS","SI","KR","BD","PK","LK","GH","KE","NG","TZ","UG","AG","AM","BS","BB","BZ","BT","BW","BF","CV","CW","DM","FJ","GM","GE","GD","GW","GY","HT","JM","KI","LS","LR","MW","MV","ML","MH","FM","NA","NR","NE","PW","PG","PR","WS","SM","ST","SN","SC","SL","SB","KN","LC","VC","SR","TL","TO","TT","TV","VU","AZ","BN","BI","KH","CM","TD","KM","GQ","SZ","GA","GN","KG","LA","MO","MR","MN","NP","RW","TG","UZ","ZW","BJ","MG","MU","MZ","AO","CI","DJ","ZM","CD","CG","IQ","LY","TJ","VE","ET","XK"],"disc_number":1,"duration_ms":197800,"explicit":true,"external_urls":{"spotify":"https://open.spotify.com/track/4KGfuJfd0pDwyJz2tOPkGg"},"href":"https://api.spotify.com/v1/tracks/4KGfuJfd0pDwyJz2tOPkGg","id":"4KGfuJfd0pDwyJz2tOPkGg","name":"AUNQUE LLEGUE OTRO (feat. Jay Wheeler)","preview_url":null,"track_number":3,"type":"track","uri":"spotify:track:4KGfuJfd0pDwyJz2tOPkGg","is_local":false},{"artists":[{"external_urls":{"spotify":"https://open.spotify.com/artist/7iK8PXO48WeuP03g8YR51W"},"href":"https://api.spotify.com/v1/artists/7iK8PXO48WeuP03g8YR51W","id":"7iK8PXO48WeuP03g8YR51W","name":"Myke Towers","type":"artist","uri":"spotify:artist:7iK8PXO48WeuP03g8YR51W"}],"available_markets":["AR","AU","AT","BE","BO","BR","BG","CA","CL","CO","CR","CY","CZ","DK","DO","DE","EC","EE","SV","FI","FR","GR","GT","HN","HK","HU","IS","IE","IT","LV","LT","LU","MY","MT","MX","NL","NZ","NI","NO","PA","PY","PE","PH","PL","PT","SG","SK","ES","SE","CH","TW","TR","UY","US","GB","AD","LI","MC","ID","JP","TH","VN","RO","IL","ZA","SA","AE","BH","QA","OM","KW","EG","MA","DZ","TN","LB","JO","PS","IN","KZ","MD","UA","AL","BA","HR","ME","MK","RS","SI","KR","BD","PK","LK","GH","KE","NG","TZ","UG","AG","AM","BS","BB","BZ","BT","BW","BF","CV","CW","DM","FJ","GM","GE","GD","GW","GY","HT","JM","KI","LS","LR","MW","MV","ML","MH","FM","NA","NR","NE","PW","PG","PR","WS","SM","ST","SN","SC","SL","SB","KN","LC","VC","SR","TL","TO","TT","TV","VU","AZ","BN","BI","KH","CM","TD","KM","GQ","SZ","GA","GN","KG","LA","MO","MR","MN","NP","RW","TG","UZ","ZW","BJ","MG","MU","MZ","AO","CI","DJ","ZM","CD","CG","IQ","LY","TJ","VE","ET","XK"],"disc_number":1,"duration_ms":219480,"explicit":true,"external_urls":{"spotify":"https://open.spotify.com/track/3XAHTceKLB1RnMxrRJ7lx1"},"href":"https://api.spotify.com/v1/tracks/3XAHTceKLB1RnMxrRJ7lx1","id":"3XAHTceKLB1RnMxrRJ7lx1","name":"MEJOR ASÍ","preview_url":null,"track_number":4,"type":"track","uri":"spotify:track:3XAHTceKLB1RnMxrRJ7lx1","is_local":false},{"artists":[{"external_urls":{"spotify":"https://open.spotify.com/artist/7iK8PXO48WeuP03g8YR51W"},"href":"https://api.spotify.com/v1/artists/7iK8PXO48WeuP03g8YR51W","id":"7iK8PXO48WeuP03g8YR51W","name":"Myke Towers","type":"artist","uri":"spotify:artist:7iK8PXO48WeuP03g8YR51W"}],"available_markets":["AR","AU","AT","BE","BO","BR","BG","CA","CL","CO","CR","CY","CZ","DK","DO","DE","EC","EE","SV","FI","FR","GR","GT","HN","HK","HU","IS","IE","IT","LV","LT","LU","MY","MT","MX","NL","NZ","NI","NO","PA","PY","PE","PH","PL","PT","SG","SK","ES","SE","CH","TW","TR","UY","US","GB","AD","LI","MC","ID","JP","TH","VN","RO","IL","ZA","SA","AE","BH","QA","OM","KW","EG","MA","DZ","TN","LB","JO","PS","IN","KZ","MD","UA","AL","BA","HR","ME","MK","RS","SI","KR","BD","PK","LK","GH","KE","NG","TZ","UG","AG","AM","BS","BB","BZ","BT","BW","BF","CV","CW","DM","FJ","GM","GE","GD","GW","GY","HT","JM","KI","LS","LR","MW","MV","ML","MH","FM","NA","NR","NE","PW","PG","PR","WS","SM","ST","SN","SC","SL","SB","KN","LC","VC","SR","TL","TO","TT","TV","VU","AZ","BN","BI","KH","CM","TD","KM","GQ","SZ","GA","GN","KG","LA","MO","MR","MN","NP","RW","TG","UZ","ZW","BJ","MG","MU","MZ","AO","CI","DJ","ZM","CD","CG","IQ","LY","TJ","VE","ET","XK"],"disc_number":1,"duration_ms":139546,"explicit":true,"external_urls":{"spotify":"https://open.spotify.com/track/39Pc4a04VgCtcc7m0XKi9M"},"href":"https://api.spotify.com/v1/tracks/39Pc4a04VgCtcc7m0XKi9M","id":"39Pc4a04VgCtcc7m0XKi9M","name":"TAMBIÉN","preview_url":null,"track_number":5,"type":"track","uri":"spotify:track:39Pc4a04VgCtcc7m0XKi9M","is_local":false},{"artists":[{"external_urls":{"spotify":"https://open.spotify.com/artist/7iK8PXO48WeuP03g8YR51W"},"href":"https://api.spotify.com/v1/artists/7iK8PXO48WeuP03g8YR51W","id":"7iK8PXO48WeuP03g8YR51W","name":"Myke Towers","type":"artist","uri":"spotify:artist:7iK8PXO48WeuP03g8YR51W"}],"available_markets":["AR","AU","AT","BE","BO","BR","BG","CA","CL","CO","CR","CY","CZ","DK","DO","DE","EC","EE","SV","FI","FR","GR","GT","HN","HK","HU","IS","IE","IT","LV","LT","LU","MY","MT","MX","NL","NZ","NI","NO","PA","PY","PE","PH","PL","PT","SG","SK","ES","SE","CH","TW","TR","UY","US","GB","AD","LI","MC","ID","JP","TH","VN","RO","IL","ZA","SA","AE","BH","QA","OM","KW","EG","MA","DZ","TN","LB","JO","PS","IN","KZ","MD","UA","AL","BA","HR","ME","MK","RS","SI","KR","BD","PK","LK","GH","KE","NG","TZ","UG","AG","AM","BS","BB","BZ","BT","BW","BF","CV","CW","DM","FJ","GM","GE","GD","GW","GY","HT","JM","KI","LS","LR","MW","MV","ML","MH","FM","NA","NR","NE","PW","PG","PR","WS","SM","ST","SN","SC","SL","SB","KN","LC","VC","SR","TL","TO","TT","TV","VU","AZ","BN","BI","KH","CM","TD","KM","GQ","SZ","GA","GN","KG","LA","MO","MR","MN","NP","RW","TG","UZ","ZW","BJ","MG","MU","MZ","AO","CI","DJ","ZM","CD","CG","IQ","LY","TJ","VE","ET","XK"],"disc_number":1,"duration_ms":160373,"explicit":true,"external_urls":{"spotify":"https://open.spotify.com/track/47IVaRZDAKsUC3x5Zhn2Gr"},"href":"https://api.spotify.com/v1/tracks/47IVaRZDAKsUC3x5Zhn2Gr","id":"47IVaRZDAKsUC3x5Zhn2Gr","name":"FRÍO","preview_url":null,"track_number":6,"type":"track","uri":"spotify:track:47IVaRZDAKsUC3x5Zhn2Gr","is_local":false},{"artists":[{"external_urls":{"spotify":"https://open.spotify.com/artist/7iK8PXO48WeuP03g8YR51W"},"href":"https://api.spotify.com/v1/artists/7iK8PXO48WeuP03g8YR51W","id":"7iK8PXO48WeuP03g8YR51W","name":"Myke Towers","type":"artist","uri":"spotify:artist:7iK8PXO48WeuP03g8YR51W"}],"available_markets":["AR","AU","AT","BE","BO","BR","BG","CA","CL","CO","CR","CY","CZ","DK","DO","DE","EC","EE","SV","FI","FR","GR","GT","HN","HK","HU","IS","IE","IT","LV","LT","LU","MY","MT","MX","NL","NZ","NI","NO","PA","PY","PE","PH","PL","PT","SG","SK","ES","SE","CH","TW","TR","UY","US","GB","AD","LI","MC","ID","JP","TH","VN","RO","IL","ZA","SA","AE","BH","QA","OM","KW","EG","MA","DZ","TN","LB","JO","PS","IN","KZ","MD","UA","AL","BA","HR","ME","MK","RS","SI","KR","BD","PK","LK","GH","KE","NG","TZ","UG","AG","AM","BS","BB","BZ","BT","BW","BF","CV","CW","DM","FJ","GM","GE","GD","GW","GY","HT","JM","KI","LS","LR","MW","MV","ML","MH","FM","NA","NR","NE","PW","PG","PR","WS","SM","ST","SN","SC","SL","SB","KN","LC","VC","SR","TL","TO","TT","TV","VU","AZ","BN","BI","KH","CM","TD","KM","GQ","SZ","GA","GN","KG","LA","MO","MR","MN","NP","RW","TG","UZ","ZW","BJ","MG","MU","MZ","AO","CI","DJ","ZM","CD","CG","IQ","LY","TJ","VE","ET","XK"],"disc_number":1,"duration_ms":196906,"explicit":true,"external_urls":{"spotify":"https://open.spotify.com/track/6Snhzg4NoTqNgRlkLhzzBW"},"href":"https://api.spotify.com/v1/tracks/6Snhzg4NoTqNgRlkLhzzBW","id":"6Snhzg4NoTqNgRlkLhzzBW","name":"CACHÉ","preview_url":null,"track_number":7,"type":"track","uri":"spotify:track:6Snhzg4NoTqNgRlkLhzzBW","is_local":false},{"artists":[{"external_urls":{"spotify":"https://open.spotify.com/artist/7iK8PXO48WeuP03g8YR51W"},"href":"https://api.spotify.com/v1/artists/7iK8PXO48WeuP03g8YR51W","id":"7iK8PXO48WeuP03g8YR51W","name":"Myke Towers","type":"artist","uri":"spotify:artist:7iK8PXO48WeuP03g8YR51W"}],"available_markets":["AR","AU","AT","BE","BO","BR","BG","CA","CL","CO","CR","CY","CZ","DK","DO","DE","EC","EE","SV","FI","FR","GR","GT","HN","HK","HU","IS","IE","IT","LV","LT","LU","MY","MT","MX","NL","NZ","NI","NO","PA","PY","PE","PH","PL","PT","SG","SK","ES","SE","CH","TW","TR","UY","US","GB","AD","LI","MC","ID","JP","TH","VN","RO","IL","ZA","SA","AE","BH","QA","OM","KW","EG","MA","DZ","TN","LB","JO","PS","IN","KZ","MD","UA","AL","BA","HR","ME","MK","RS","SI","KR","BD","PK","LK","GH","KE","NG","TZ","UG","AG","AM","BS","BB","BZ","BT","BW","BF","CV","CW","DM","FJ","GM","GE","GD","GW","GY","HT","JM","KI","LS","LR","MW","MV","ML","MH","FM","NA","NR","NE","PW","PG","PR","WS","SM","ST","SN","SC","SL","SB","KN","LC","VC","SR","TL","TO","TT","TV","VU","AZ","BN","BI","KH","CM","TD","KM","GQ","SZ","GA","GN","KG","LA","MO","MR","MN","NP","RW","TG","UZ","ZW","BJ","MG","MU","MZ","AO","CI","DJ","ZM","CD","CG","IQ","LY","TJ","VE","ET","XK"],"disc_number":1,"duration_ms":243360,"explicit":true,"external_urls":{"spotify":"https://open.spotify.com/track/5rJ3GsCYBnIaFdsNKggTiG"},"href":"https://api.spotify.com/v1/tracks/5rJ3GsCYBnIaFdsNKggTiG","id":"5rJ3GsCYBnIaFdsNKggTiG","name":"SEXO DESENFRENADO","preview_url":null,"track_number":8,"type":"track","uri":"spotify:track:5rJ3GsCYBnIaFdsNKggTiG","is_local":false},{"artists":[{"external_urls":{"spotify":"https://open.spotify.com/artist/7iK8PXO48WeuP03g8YR51W"},"href":"https://api.spotify.com/v1/artists/7iK8PXO48WeuP03g8YR51W","id":"7iK8PXO48WeuP03g8YR51W","name":"Myke Towers","type":"artist","uri":"spotify:artist:7iK8PXO48WeuP03g8YR51W"},{"external_urls":{"spotify":"https://open.spotify.com/artist/6GlX3FdCQrMftGfVaWcmPZ"},"href":"https://api.spotify.com/v1/artists/6GlX3FdCQrMftGfVaWcmPZ","id":"6GlX3FdCQrMftGfVaWcmPZ","name":"NTG","type":"artist","uri":"spotify:artist:6GlX3FdCQrMftGfVaWcmPZ"}],"available_markets":["AR","AU","AT","BE","BO","BR","BG","CA","CL","CO","CR","CY","CZ","DK","DO","DE","EC","EE","SV","FI","FR","GR","GT","HN","HK","HU","IS","IE","IT","LV","LT","LU","MY","MT","MX","NL","NZ","NI","NO","PA","PY","PE","PH","PL","PT","SG","SK","ES","SE","CH","TW","TR","UY","US","GB","AD","LI","MC","ID","JP","TH","VN","RO","IL","ZA","SA","AE","BH","QA","OM","KW","EG","MA","DZ","TN","LB","JO","PS","IN","KZ","MD","UA","AL","BA","HR","ME","MK","RS","SI","KR","BD","PK","LK","GH","KE","NG","TZ","UG","AG","AM","BS","BB","BZ","BT","BW","BF","CV","CW","DM","FJ","GM","GE","GD","GW","GY","HT","JM","KI","LS","LR","MW","MV","ML","MH","FM","NA","NR","NE","PW","PG","PR","WS","SM","ST","SN","SC","SL","SB","KN","LC","VC","SR","TL","TO","TT","TV","VU","AZ","BN","BI","KH","CM","TD","KM","GQ","SZ","GA","GN","KG","LA","MO","MR","MN","NP","RW","TG","UZ","ZW","BJ","MG","MU","MZ","AO","CI","DJ","ZM","CD","CG","IQ","LY","TJ","VE","ET","XK"],"disc_number":1,"duration_ms":171826,"explicit":true,"external_urls":{"spotify":"https://open.spotify.com/track/1nlE7HodTsB0IHA3HkR6gd"},"href":"https://api.spotify.com/v1/tracks/1nlE7HodTsB0IHA3HkR6gd","id":"1nlE7HodTsB0IHA3HkR6gd","name":"LA PRIMERA VEZ (feat. NTG)","preview_url":null,"track_number":9,"type":"track","uri":"spotify:track:1nlE7HodTsB0IHA3HkR6gd","is_local":false},{"artists":[{"external_urls":{"spotify":"https://open.spotify.com/artist/7iK8PXO48WeuP03g8YR51W"},"href":"https://api.spotify.com/v1/artists/7iK8PXO48WeuP03g8YR51W","id":"7iK8PXO48WeuP03g8YR51W","name":"Myke Towers","type":"artist","uri":"spotify:artist:7iK8PXO48WeuP03g8YR51W"}],"available_markets":["AR","AU","AT","BE","BO","BR","BG","CA","CL","CO","CR","CY","CZ","DK","DO","DE","EC","EE","SV","FI","FR","GR","GT","HN","HK","HU","IS","IE","IT","LV","LT","LU","MY","MT","MX","NL","NZ","NI","NO","PA","PY","PE","PH","PL","PT","SG","SK","ES","SE","CH","TW","TR","UY","US","GB","AD","LI","MC","ID","JP","TH","VN","RO","IL","ZA","SA","AE","BH","QA","OM","KW","EG","MA","DZ","TN","LB","JO","PS","IN","KZ","MD","UA","AL","BA","HR","ME","MK","RS","SI","KR","BD","PK","LK","GH","KE","NG","TZ","UG","AG","AM","BS","BB","BZ","BT","BW","BF","CV","CW","DM","FJ","GM","GE","GD","GW","GY","HT","JM","KI","LS","LR","MW","MV","ML","MH","FM","NA","NR","NE","PW","PG","PR","WS","SM","ST","SN","SC","SL","SB","KN","LC","VC","SR","TL","TO","TT","TV","VU","AZ","BN","BI","KH","CM","TD","KM","GQ","SZ","GA","GN","KG","LA","MO","MR","MN","NP","RW","TG","UZ","ZW","BJ","MG","MU","MZ","AO","CI","DJ","ZM","CD","CG","IQ","LY","TJ","VE","ET","XK"],"disc_number":1,"duration_ms":181800,"explicit":true,"external_urls":{"spotify":"https://open.spotify.com/track/2Z3ykgzmeRYB4oUJoW3SMw"},"href":"https://api.spotify.com/v1/tracks/2Z3ykgzmeRYB4oUJoW3SMw","id":"2Z3ykgzmeRYB4oUJoW3SMw","name":"PODER ADQUISITIVO","preview_url":null,"track_number":10,"type":"track","uri":"spotify:track:2Z3ykgzmeRYB4oUJoW3SMw","is_local":false},{"artists":[{"external_urls":{"spotify":"https://open.spotify.com/artist/7iK8PXO48WeuP03g8YR51W"},"href":"https://api.spotify.com/v1/artists/7iK8PXO48WeuP03g8YR51W","id":"7iK8PXO48WeuP03g8YR51W","name":"Myke Towers","type":"artist","uri":"spotify:artist:7iK8PXO48WeuP03g8YR51W"}],"available_markets":["AR","AU","AT","BE","BO","BR","BG","CA","CL","CO","CR","CY","CZ","DK","DO","DE","EC","EE","SV","FI","FR","GR","GT","HN","HK","HU","IS","IE","IT","LV","LT","LU","MY","MT","MX","NL","NZ","NI","NO","PA","PY","PE","PH","PL","PT","SG","SK","ES","SE","CH","TW","TR","UY","US","GB","AD","LI","MC","ID","JP","TH","VN","RO","IL","ZA","SA","AE","BH","QA","OM","KW","EG","MA","DZ","TN","LB","JO","PS","IN","KZ","MD","UA","AL","BA","HR","ME","MK","RS","SI","KR","BD","PK","LK","GH","KE","NG","TZ","UG","AG","AM","BS","BB","BZ","BT","BW","BF","CV","CW","DM","FJ","GM","GE","GD","GW","GY","HT","JM","KI","LS","LR","MW","MV","ML","MH","FM","NA","NR","NE","PW","PG","PR","WS","SM","ST","SN","SC","SL","SB","KN","LC","VC","SR","TL","TO","TT","TV","VU","AZ","BN","BI","KH","CM","TD","KM","GQ","SZ","GA","GN","KG","LA","MO","MR","MN","NP","RW","TG","UZ","ZW","BJ","MG","MU","MZ","AO","CI","DJ","ZM","CD","CG","IQ","LY","TJ","VE","ET","XK"],"disc_number":1,"duration_ms":172240,"explicit":true,"external_urls":{"spotify":"https://open.spotify.com/track/2OB5m65koEqJlXAIUBh5qq"},"href":"https://api.spotify.com/v1/tracks/2OB5m65koEqJlXAIUBh5qq","id":"2OB5m65koEqJlXAIUBh5qq","name":"VENENOSA","preview_url":null,"track_number":11,"type":"track","uri":"spotify:track:2OB5m65koEqJlXAIUBh5qq","is_local":false},{"artists":[{"external_urls":{"spotify":"https://open.spotify.com/artist/7iK8PXO48WeuP03g8YR51W"},"href":"https://api.spotify.com/v1/artists/7iK8PXO48WeuP03g8YR51W","id":"7iK8PXO48WeuP03g8YR51W","name":"Myke Towers","type":"artist","uri":"spotify:artist:7iK8PXO48WeuP03g8YR51W"},{"external_urls":{"spotify":"https://open.spotify.com/artist/1TtXnWcUs0FCkaZDPGYHdf"},"href":"https://api.spotify.com/v1/artists/1TtXnWcUs0FCkaZDPGYHdf","id":"1TtXnWcUs0FCkaZDPGYHdf","name":"Darell","type":"artist","uri":"spotify:artist:1TtXnWcUs0FCkaZDPGYHdf"}],"available_markets":["AR","AU","AT","BE","BO","BR","BG","CA","CL","CO","CR","CY","CZ","DK","DO","DE","EC","EE","SV","FI","FR","GR","GT","HN","HK","HU","IS","IE","IT","LV","LT","LU","MY","MT","MX","NL","NZ","NI","NO","PA","PY","PE","PH","PL","PT","SG","SK","ES","SE","CH","TW","TR","UY","US","GB","AD","LI","MC","ID","JP","TH","VN","RO","IL","ZA","SA","AE","BH","QA","OM","KW","EG","MA","DZ","TN","LB","JO","PS","IN","KZ","MD","UA","AL","BA","HR","ME","MK","RS","SI","KR","BD","PK","LK","GH","KE","NG","TZ","UG","AG","AM","BS","BB","BZ","BT","BW","BF","CV","CW","DM","FJ","GM","GE","GD","GW","GY","HT","JM","KI","LS","LR","MW","MV","ML","MH","FM","NA","NR","NE","PW","PG","PR","WS","SM","ST","SN","SC","SL","SB","KN","LC","VC","SR","TL","TO","TT","TV","VU","AZ","BN","BI","KH","CM","TD","KM","GQ","SZ","GA","GN","KG","LA","MO","MR","MN","NP","RW","TG","UZ","ZW","BJ","MG","MU","MZ","AO","CI","DJ","ZM","CD","CG","IQ","LY","TJ","VE","ET","XK"],"disc_number":1,"duration_ms":224120,"explicit":true,"external_urls":{"spotify":"https://open.spotify.com/track/0dLdTvslcZVsncSMyVvP7n"},"href":"https://api.spotify.com/v1/tracks/0dLdTvslcZVsncSMyVvP7n","id":"0dLdTvslcZVsncSMyVvP7n","name":"OTRA NOCHE (feat. Darell)","preview_url":null,"track_number":12,"type":"track","uri":"spotify:track:0dLdTvslcZVsncSMyVvP7n","is_local":false},{"artists":[{"external_urls":{"spotify":"https://open.spotify.com/artist/7iK8PXO48WeuP03g8YR51W"},"href":"https://api.spotify.com/v1/artists/7iK8PXO48WeuP03g8YR51W","id":"7iK8PXO48WeuP03g8YR51W","name":"Myke Towers","type":"artist","uri":"spotify:artist:7iK8PXO48WeuP03g8YR51W"},{"external_urls":{"spotify":"https://open.spotify.com/artist/12GqGscKJx3aE4t07u7eVZ"},"href":"https://api.spotify.com/v1/artists/12GqGscKJx3aE4t07u7eVZ","id":"12GqGscKJx3aE4t07u7eVZ","name":"Peso Pluma","type":"artist","uri":"spotify:artist:12GqGscKJx3aE4t07u7eVZ"}],"available_markets":["AR","AU","AT","BE","BO","BR","BG","CA","CL","CO","CR","CY","CZ","DK","DO","DE","EC","EE","SV","FI","FR","GR","GT","HN","HK","HU","IS","IE","IT","LV","LT","LU","MY","MT","MX","NL","NZ","NI","NO","PA","PY","PE","PH","PL","PT","SG","SK","ES","SE","CH","TW","TR","UY","US","GB","AD","LI","MC","ID","JP","TH","VN","RO","IL","ZA","SA","AE","BH","QA","OM","KW","EG","MA","DZ","TN","LB","JO","PS","IN","KZ","MD","UA","AL","BA","HR","ME","MK","RS","SI","KR","BD","PK","LK","GH","KE","NG","TZ","UG","AG","AM","BS","BB","BZ","BT","BW","BF","CV","CW","DM","FJ","GM","GE","GD","GW","GY","HT","JM","KI","LS","LR","MW","MV","ML","MH","FM","NA","NR","NE","PW","PG","PR","WS","SM","ST","SN","SC","SL","SB","KN","LC","VC","SR","TL","TO","TT","TV","VU","AZ","BN","BI","KH","CM","TD","KM","GQ","SZ","GA","GN","KG","LA","MO","MR","MN","NP","RW","TG","UZ","ZW","BJ","MG","MU","MZ","AO","CI","DJ","ZM","CD","CG","IQ","LY","TJ","VE","ET","XK"],"disc_number":1,"duration_ms":190106,"explicit":true,"external_urls":{"spotify":"https://open.spotify.com/track/1iIrqtbY2aogEHhQkmrV7w"},"href":"https://api.spotify.com/v1/tracks/1iIrqtbY2aogEHhQkmrV7w","id":"1iIrqtbY2aogEHhQkmrV7w","name":"SE TE NOTA (feat. Peso Pluma)","preview_url":null,"track_number":13,"type":"track","uri":"spotify:track:1iIrqtbY2aogEHhQkmrV7w","is_local":false},{"artists":[{"external_urls":{"spotify":"https://open.spotify.com/artist/7iK8PXO48WeuP03g8YR51W"},"href":"https://api.spotify.com/v1/artists/7iK8PXO48WeuP03g8YR51W","id":"7iK8PXO48WeuP03g8YR51W","name":"Myke Towers","type":"artist","uri":"spotify:artist:7iK8PXO48WeuP03g8YR51W"}],"available_markets":["AR","AU","AT","BE","BO","BR","BG","CA","CL","CO","CR","CY","CZ","DK","DO","DE","EC","EE","SV","FI","FR","GR","GT","HN","HK","HU","IS","IE","IT","LV","LT","LU","MY","MT","MX","NL","NZ","NI","NO","PA","PY","PE","PH","PL","PT","SG","SK","ES","SE","CH","TW","TR","UY","US","GB","AD","LI","MC","ID","JP","TH","VN","RO","IL","ZA","SA","AE","BH","QA","OM","KW","EG","MA","DZ","TN","LB","JO","PS","IN","KZ","MD","UA","AL","BA","HR","ME","MK","RS","SI","KR","BD","PK","LK","GH","KE","NG","TZ","UG","AG","AM","BS","BB","BZ","BT","BW","BF","CV","CW","DM","FJ","GM","GE","GD","GW","GY","HT","JM","KI","LS","LR","MW","MV","ML","MH","FM","NA","NR","NE","PW","PG","PR","WS","SM","ST","SN","SC","SL","SB","KN","LC","VC","SR","TL","TO","TT","TV","VU","AZ","BN","BI","KH","CM","TD","KM","GQ","SZ","GA","GN","KG","LA","MO","MR","MN","NP","RW","TG","UZ","ZW","BJ","MG","MU","MZ","AO","CI","DJ","ZM","CD","CG","IQ","LY","TJ","VE","ET","XK"],"disc_number":1,"duration_ms":174466,"explicit":true,"external_urls":{"spotify":"https://open.spotify.com/track/0cnZTEaxvKzCOPv056qbOR"},"href":"https://api.spotify.com/v1/tracks/0cnZTEaxvKzCOPv056qbOR","id":"0cnZTEaxvKzCOPv056qbOR","name":"HASTA LA VISTA","preview_url":null,"track_number":14,"type":"track","uri":"spotify:track:0cnZTEaxvKzCOPv056qbOR","is_local":false},{"artists":[{"external_urls":{"spotify":"https://open.spotify.com/artist/7iK8PXO48WeuP03g8YR51W"},"href":"https://api.spotify.com/v1/artists/7iK8PXO48WeuP03g8YR51W","id":"7iK8PXO48WeuP03g8YR51W","name":"Myke Towers","type":"artist","uri":"spotify:artist:7iK8PXO48WeuP03g8YR51W"},{"external_urls":{"spotify":"https://open.spotify.com/artist/3lY9Fxceu60W1rbon7PkuF"},"href":"https://api.spotify.com/v1/artists/3lY9Fxceu60W1rbon7PkuF","id":"3lY9Fxceu60W1rbon7PkuF","name":"Omar Montes","type":"artist","uri":"spotify:artist:3lY9Fxceu60W1rbon7PkuF"}],"available_markets":["AR","AU","AT","BE","BO","BR","BG","CA","CL","CO","CR","CY","CZ","DK","DO","DE","EC","EE","SV","FI","FR","GR","GT","HN","HK","HU","IS","IE","IT","LV","LT","LU","MY","MT","MX","NL","NZ","NI","NO","PA","PY","PE","PH","PL","PT","SG","SK","ES","SE","CH","TW","TR","UY","US","GB","AD","LI","MC","ID","JP","TH","VN","RO","IL","ZA","SA","AE","BH","QA","OM","KW","EG","MA","DZ","TN","LB","JO","PS","IN","KZ","MD","UA","AL","BA","HR","ME","MK","RS","SI","KR","BD","PK","LK","GH","KE","NG","TZ","UG","AG","AM","BS","BB","BZ","BT","BW","BF","CV","CW","DM","FJ","GM","GE","GD","GW","GY","HT","JM","KI","LS","LR","MW","MV","ML","MH","FM","NA","NR","NE","PW","PG","PR","WS","SM","ST","SN","SC","SL","SB","KN","LC","VC","SR","TL","TO","TT","TV","VU","AZ","BN","BI","KH","CM","TD","KM","GQ","SZ","GA","GN","KG","LA","MO","MR","MN","NP","RW","TG","UZ","ZW","BJ","MG","MU","MZ","AO","CI","DJ","ZM","CD","CG","IQ","LY","TJ","VE","ET","XK"],"disc_number":1,"duration_ms":215946,"explicit":true,"external_urls":{"spotify":"https://open.spotify.com/track/3VPRxZK8k2Al2VwEVaDnYC"},"href":"https://api.spotify.com/v1/tracks/3VPRxZK8k2Al2VwEVaDnYC","id":"3VPRxZK8k2Al2VwEVaDnYC","name":"DINERO y FAMA (feat. Omar Montes)","preview_url":null,"track_number":15,"type":"track","uri":"spotify:track:3VPRxZK8k2Al2VwEVaDnYC","is_local":false},{"artists":[{"external_urls":{"spotify":"https://open.spotify.com/artist/7iK8PXO48WeuP03g8YR51W"},"href":"https://api.spotify.com/v1/artists/7iK8PXO48WeuP03g8YR51W","id":"7iK8PXO48WeuP03g8YR51W","name":"Myke Towers","type":"artist","uri":"spotify:artist:7iK8PXO48WeuP03g8YR51W"}],"available_markets":["AR","AU","AT","BE","BO","BR","BG","CA","CL","CO","CR","CY","CZ","DK","DO","DE","EC","EE","SV","FI","FR","GR","GT","HN","HK","HU","IS","IE","IT","LV","LT","LU","MY","MT","MX","NL","NZ","NI","NO","PA","PY","PE","PH","PL","PT","SG","SK","ES","SE","CH","TW","TR","UY","US","GB","AD","LI","MC","ID","JP","TH","VN","RO","IL","ZA","SA","AE","BH","QA","OM","KW","EG","MA","DZ","TN","LB","JO","PS","IN","KZ","MD","UA","AL","BA","HR","ME","MK","RS","SI","KR","BD","PK","LK","GH","KE","NG","TZ","UG","AG","AM","BS","BB","BZ","BT","BW","BF","CV","CW","DM","FJ","GM","GE","GD","GW","GY","HT","JM","KI","LS","LR","MW","MV","ML","MH","FM","NA","NR","NE","PW","PG","PR","WS","SM","ST","SN","SC","SL","SB","KN","LC","VC","SR","TL","TO","TT","TV","VU","AZ","BN","BI","KH","CM","TD","KM","GQ","SZ","GA","GN","KG","LA","MO","MR","MN","NP","RW","TG","UZ","ZW","BJ","MG","MU","MZ","AO","CI","DJ","ZM","CD","CG","IQ","LY","TJ","VE","ET","XK"],"disc_number":1,"duration_ms":246240,"explicit":true,"external_urls":{"spotify":"https://open.spotify.com/track/1boJFDwp2BrlgLSnXsuLrb"},"href":"https://api.spotify.com/v1/tracks/1boJFDwp2BrlgLSnXsuLrb","id":"1boJFDwp2BrlgLSnXsuLrb","name":"EN EL MAR","preview_url":null,"track_number":16,"type":"track","uri":"spotify:track:1boJFDwp2BrlgLSnXsuLrb","is_local":false},{"artists":[{"external_urls":{"spotify":"https://open.spotify.com/artist/7iK8PXO48WeuP03g8YR51W"},"href":"https://api.spotify.com/v1/artists/7iK8PXO48WeuP03g8YR51W","id":"7iK8PXO48WeuP03g8YR51W","name":"Myke Towers","type":"artist","uri":"spotify:artist:7iK8PXO48WeuP03g8YR51W"},{"external_urls":{"spotify":"https://open.spotify.com/artist/00me4Ke1LsvMxt5kydlMyU"},"href":"https://api.spotify.com/v1/artists/00me4Ke1LsvMxt5kydlMyU","id":"00me4Ke1LsvMxt5kydlMyU","name":"Cosculluela","type":"artist","uri":"spotify:artist:00me4Ke1LsvMxt5kydlMyU"}],"available_markets":["AR","AU","AT","BE","BO","BR","BG","CA","CL","CO","CR","CY","CZ","DK","DO","DE","EC","EE","SV","FI","FR","GR","GT","HN","HK","HU","IS","IE","IT","LV","LT","LU","MY","MT","MX","NL","NZ","NI","NO","PA","PY","PE","PH","PL","PT","SG","SK","ES","SE","CH","TW","TR","UY","US","GB","AD","LI","MC","ID","JP","TH","VN","RO","IL","ZA","SA","AE","BH","QA","OM","KW","EG","MA","DZ","TN","LB","JO","PS","IN","KZ","MD","UA","AL","BA","HR","ME","MK","RS","SI","KR","BD","PK","LK","GH","KE","NG","TZ","UG","AG","AM","BS","BB","BZ","BT","BW","BF","CV","CW","DM","FJ","GM","GE","GD","GW","GY","HT","JM","KI","LS","LR","MW","MV","ML","MH","FM","NA","NR","NE","PW","PG","PR","WS","SM","ST","SN","SC","SL","SB","KN","LC","VC","SR","TL","TO","TT","TV","VU","AZ","BN","BI","KH","CM","TD","KM","GQ","SZ","GA","GN","KG","LA","MO","MR","MN","NP","RW","TG","UZ","ZW","BJ","MG","MU","MZ","AO","CI","DJ","ZM","CD","CG","IQ","LY","TJ","VE","ET","XK"],"disc_number":1,"duration_ms":176373,"explicit":true,"external_urls":{"spotify":"https://open.spotify.com/track/7M0UiiYYmCoh3QIlwT4pme"},"href":"https://api.spotify.com/v1/tracks/7M0UiiYYmCoh3QIlwT4pme","id":"7M0UiiYYmCoh3QIlwT4pme","name":"VAMO A DARLE (feat. Cosculluela)","preview_url":null,"track_number":17,"type":"track","uri":"spotify:track:7M0UiiYYmCoh3QIlwT4pme","is_local":false},{"artists":[{"external_urls":{"spotify":"https://open.spotify.com/artist/7iK8PXO48WeuP03g8YR51W"},"href":"https://api.spotify.com/v1/artists/7iK8PXO48WeuP03g8YR51W","id":"7iK8PXO48WeuP03g8YR51W","name":"Myke Towers","type":"artist","uri":"spotify:artist:7iK8PXO48WeuP03g8YR51W"},{"external_urls":{"spotify":"https://open.spotify.com/artist/4aSlfXDn9R60UlbZEboBUy"},"href":"https://api.spotify.com/v1/artists/4aSlfXDn9R60UlbZEboBUy","id":"4aSlfXDn9R60UlbZEboBUy","name":"YOVNGCHIMI","type":"artist","uri":"spotify:artist:4aSlfXDn9R60UlbZEboBUy"}],"available_markets":["AR","AU","AT","BE","BO","BR","BG","CA","CL","CO","CR","CY","CZ","DK","DO","DE","EC","EE","SV","FI","FR","GR","GT","HN","HK","HU","IS","IE","IT","LV","LT","LU","MY","MT","MX","NL","NZ","NI","NO","PA","PY","PE","PH","PL","PT","SG","SK","ES","SE","CH","TW","TR","UY","US","GB","AD","LI","MC","ID","JP","TH","VN","RO","IL","ZA","SA","AE","BH","QA","OM","KW","EG","MA","DZ","TN","LB","JO","PS","IN","KZ","MD","UA","AL","BA","HR","ME","MK","RS","SI","KR","BD","PK","LK","GH","KE","NG","TZ","UG","AG","AM","BS","BB","BZ","BT","BW","BF","CV","CW","DM","FJ","GM","GE","GD","GW","GY","HT","JM","KI","LS","LR","MW","MV","ML","MH","FM","NA","NR","NE","PW","PG","PR","WS","SM","ST","SN","SC","SL","SB","KN","LC","VC","SR","TL","TO","TT","TV","VU","AZ","BN","BI","KH","CM","TD","KM","GQ","SZ","GA","GN","KG","LA","MO","MR","MN","NP","RW","TG","UZ","ZW","BJ","MG","MU","MZ","AO","CI","DJ","ZM","CD","CG","IQ","LY","TJ","VE","ET","XK"],"disc_number":1,"duration_ms":185960,"explicit":true,"external_urls":{"spotify":"https://open.spotify.com/track/1cUQCjn7fGme2wZQrWKvhw"},"href":"https://api.spotify.com/v1/tracks/1cUQCjn7fGme2wZQrWKvhw","id":"1cUQCjn7fGme2wZQrWKvhw","name":"DIABLITA (feat. YOVNGCHIMI)","preview_url":null,"track_number":18,"type":"track","uri":"spotify:track:1cUQCjn7fGme2wZQrWKvhw","is_local":false},{"artists":[{"external_urls":{"spotify":"https://open.spotify.com/artist/7iK8PXO48WeuP03g8YR51W"},"href":"https://api.spotify.com/v1/artists/7iK8PXO48WeuP03g8YR51W","id":"7iK8PXO48WeuP03g8YR51W","name":"Myke Towers","type":"artist","uri":"spotify:artist:7iK8PXO48WeuP03g8YR51W"},{"external_urls":{"spotify":"https://open.spotify.com/artist/4q3ewBCX7sLwd24euuV69X"},"href":"https://api.spotify.com/v1/artists/4q3ewBCX7sLwd24euuV69X","id":"4q3ewBCX7sLwd24euuV69X","name":"Bad Bunny","type":"artist","uri":"spotify:artist:4q3ewBCX7sLwd24euuV69X"}],"available_markets":["AR","AU","AT","BE","BO","BR","BG","CA","CL","CO","CR","CY","CZ","DK","DO","DE","EC","EE","SV","FI","FR","GR","GT","HN","HK","HU","IS","IE","IT","LV","LT","LU","MY","MT","MX","NL","NZ","NI","NO","PA","PY","PE","PH","PL","PT","SG","SK","ES","SE","CH","TW","TR","UY","US","GB","AD","LI","MC","ID","JP","TH","VN","RO","IL","ZA","SA","AE","BH","QA","OM","KW","EG","MA","DZ","TN","LB","JO","PS","IN","KZ","MD","UA","AL","BA","HR","ME","MK","RS","SI","KR","BD","PK","LK","GH","KE","NG","TZ","UG","AG","AM","BS","BB","BZ","BT","BW","BF","CV","CW","DM","FJ","GM","GE","GD","GW","GY","HT","JM","KI","LS","LR","MW","MV","ML","MH","FM","NA","NR","NE","PW","PG","PR","WS","SM","ST","SN","SC","SL","SB","KN","LC","VC","SR","TL","TO","TT","TV","VU","AZ","BN","BI","KH","CM","TD","KM","GQ","SZ","GA","GN","KG","LA","MO","MR","MN","NP","RW","TG","UZ","ZW","BJ","MG","MU","MZ","AO","CI","DJ","ZM","CD","CG","IQ","LY","TJ","VE","ET","XK"],"disc_number":1,"duration_ms":278644,"explicit":true,"external_urls":{"spotify":"https://open.spotify.com/track/0eeX8L0DWvGth1F6xVkvv7"},"href":"https://api.spotify.com/v1/tracks/0eeX8L0DWvGth1F6xVkvv7","id":"0eeX8L0DWvGth1F6xVkvv7","name":"ADIVINO","preview_url":null,"track_number":19,"type":"track","uri":"spotify:track:0eeX8L0DWvGth1F6xVkvv7","is_local":false},{"artists":[{"external_urls":{"spotify":"https://open.spotify.com/artist/7iK8PXO48WeuP03g8YR51W"},"href":"https://api.spotify.com/v1/artists/7iK8PXO48WeuP03g8YR51W","id":"7iK8PXO48WeuP03g8YR51W","name":"Myke Towers","type":"artist","uri":"spotify:artist:7iK8PXO48WeuP03g8YR51W"}],"available_markets":["AR","AU","AT","BE","BO","BR","BG","CA","CL","CO","CR","CY","CZ","DK","DO","DE","EC","EE","SV","FI","FR","GR","GT","HN","HK","HU","IS","IE","IT","LV","LT","LU","MY","MT","MX","NL","NZ","NI","NO","PA","PY","PE","PH","PL","PT","SG","SK","ES","SE","CH","TW","TR","UY","US","GB","AD","LI","MC","ID","JP","TH","VN","RO","IL","ZA","SA","AE","BH","QA","OM","KW","EG","MA","DZ","TN","LB","JO","PS","IN","KZ","MD","UA","AL","BA","HR","ME","MK","RS","SI","KR","BD","PK","LK","GH","KE","NG","TZ","UG","AG","AM","BS","BB","BZ","BT","BW","BF","CV","CW","DM","FJ","GM","GE","GD","GW","GY","HT","JM","KI","LS","LR","MW","MV","ML","MH","FM","NA","NR","NE","PW","PG","PR","WS","SM","ST","SN","SC","SL","SB","KN","LC","VC","SR","TL","TO","TT","TV","VU","AZ","BN","BI","KH","CM","TD","KM","GQ","SZ","GA","GN","KG","LA","MO","MR","MN","NP","RW","TG","UZ","ZW","BJ","MG","MU","MZ","AO","CI","DJ","ZM","CD","CG","IQ","LY","TJ","VE","ET","XK"],"disc_number":1,"duration_ms":182666,"explicit":true,"external_urls":{"spotify":"https://open.spotify.com/track/2NxEhlQcVUIpq0GXoGy2El"},"href":"https://api.spotify.com/v1/tracks/2NxEhlQcVUIpq0GXoGy2El","id":"2NxEhlQcVUIpq0GXoGy2El","name":"HASTA LUEGO","preview_url":null,"track_number":20,"type":"track","uri":"spotify:track:2NxEhlQcVUIpq0GXoGy2El","is_local":false}]},"copyrights":[{"text":"© 2024 One World International, distributed by Warner Music Latina Inc.and Warner Records Inc.","type":"C"},{"text":"℗ 2024 One World International, distributed by Warner Music Latina Inc.and Warner Records Inc.","type":"P"}],"external_ids":{"upc":"5021732459213"},"genres":[],"label":"WEA Latina","popularity":73},{"album_type":"album","total_tracks":14,"available_markets":["AR","AU","AT","BE","BO","BR","BG","CA","CL","CO","CR","CY","CZ","DK","DO","DE","EC","EE","SV","FI","FR","GR","GT","HN","HK","HU","IS","IE","IT","LV","LT","LU","MY","MT","MX","NL","NZ","NI","NO","PA","PY","PE","PH","PL","PT","SG","SK","ES","SE","CH","TW","TR","UY","US","GB","AD","LI","MC","ID","JP","TH","VN","RO","IL","ZA","SA","AE","BH","QA","OM","KW","EG","MA","DZ","TN","LB","JO","PS","IN","BY","KZ","MD","UA","AL","BA","HR","ME","MK","RS","SI","KR","BD","PK","LK","GH","KE","NG","TZ","UG","AG","AM","BS","BB","BZ","BT","BW","BF","CV","CW","DM","FJ","GM","GE","GD","GW","GY","HT","JM","KI","LS","LR","MW","MV","ML","MH","FM","NA","NR","NE","PW","PG","PR","WS","SM","ST","SN","SC","SL","SB","KN","LC","VC","SR","TL","TO","TT","TV","VU","AZ","BN","BI","KH","CM","TD","KM","GQ","SZ","GA","GN","KG","LA","MO","MR","MN","NP","RW","TG","UZ","ZW","BJ","MG","MU","MZ","AO","CI","DJ","ZM","CD","CG","IQ","LY","TJ","VE","ET","XK"],"external_urls":{"spotify":"https://open.spotify.com/album/2PiqQiq61HCKiK0LPzdptP"},"href":"https://api.spotify.com/v1/albums/2PiqQiq61HCKiK0LPzdptP","id":"2PiqQiq61HCKiK0LPzdptP","images":[{"url":"https://i.scdn.co/image/ab67616d0000b27316c969b888ee418a66223b76","height":640,"width":640},{"url":"https://i.scdn.co/image/ab67616d00001e0216c969b888ee418a66223b76","height":300,"width":300},{"url":"https://i.scdn.co/image/ab67616d0000485116c969b888ee418a66223b76","height":64,"width":64}],"name":"Esencia","release_date":"2024-08-23","release_date_precision":"day","type":"album","uri":"spotify:album:2PiqQiq61HCKiK0LPzdptP","artists":[{"external_urls":{"spotify":"https://open.spotify.com/artist/6slyJwua5e5GuhuP82sTHR"},"href":"https://api.spotify.com/v1/artists/6slyJwua5e5GuhuP82sTHR","id":"6slyJwua5e5GuhuP82sTHR","name":"Alex Campos","type":"artist","uri":"spotify:artist:6slyJwua5e5GuhuP82sTHR"}],"tracks":{"href":"https://api.spotify.com/v1/albums/2PiqQiq61HCKiK0LPzdptP/tracks?offset=0&limit=50","limit":50,"next":null,"offset":0,"previous":null,"total":14,"items":[{"artists":[{"external_urls":{"spotify":"https://open.spotify.com/artist/6slyJwua5e5GuhuP82sTHR"},"href":"https://api.spotify.com/v1/artists/6slyJwua5e5GuhuP82sTHR","id":"6slyJwua5e5GuhuP82sTHR","name":"Alex Campos","type":"artist","uri":"spotify:artist:6slyJwua5e5GuhuP82sTHR"},{"external_urls":{"spotify":"https://open.spotify.com/artist/3SKza3YPBri1k43LB1Tqy4"},"href":"https://api.spotify.com/v1/artists/3SKza3YPBri1k43LB1Tqy4","id":"3SKza3YPBri1k43LB1Tqy4","name":"Tauren Wells","type":"artist","uri":"spotify:artist:3SKza3YPBri1k43LB1Tqy4"}],"available_markets":["AR","AU","AT","BE","BO","BR","BG","CA","CL","CO","CR","CY","CZ","DK","DO","DE","EC","EE","SV","FI","FR","GR","GT","HN","HK","HU","IS","IE","IT","LV","LT","LU","MY","MT","MX","NL","NZ","NI","NO","PA","PY","PE","PH","PL","PT","SG","SK","ES","SE","CH","TW","TR","UY","US","GB","AD","LI","MC","ID","JP","TH","VN","RO","IL","ZA","SA","AE","BH","QA","OM","KW","EG","MA","DZ","TN","LB","JO","PS","IN","BY","KZ","MD","UA","AL","BA","HR","ME","MK","RS","SI","KR","BD","PK","LK","GH","KE","NG","TZ","UG","AG","AM","BS","BB","BZ","BT","BW","BF","CV","CW","DM","FJ","GM","GE","GD","GW","GY","HT","JM","KI","LS","LR","MW","MV","ML","MH","FM","NA","NR","NE","PW","PG","PR","WS","SM","ST","SN","SC","SL","SB","KN","LC","VC","SR","TL","TO","TT","TV","VU","AZ","BN","BI","KH","CM","TD","KM","GQ","SZ","GA","GN","KG","LA","MO","MR","MN","NP","RW","TG","UZ","ZW","BJ","MG","MU","MZ","AO","CI","DJ","ZM","CD","CG","IQ","LY","TJ","VE","ET","XK"],"disc_number":1,"duration_ms":259368,"explicit":false,"external_urls":{"spotify":"https://open.spotify.com/track/69oL3RzDjwszI9NDeslCuQ"},"href":"https://api.spotify.com/v1/tracks/69oL3RzDjwszI9NDeslCuQ","id":"69oL3RzDjwszI9NDeslCuQ","name":"Libre","preview_url":null,"track_number":1,"type":"track","uri":"spotify:track:69oL3RzDjwszI9NDeslCuQ","is_local":false},{"artists":[{"external_urls":{"spotify":"https://open.spotify.com/artist/6slyJwua5e5GuhuP82sTHR"},"href":"https://api.spotify.com/v1/artists/6slyJwua5e5GuhuP82sTHR","id":"6slyJwua5e5GuhuP82sTHR","name":"Alex Campos","type":"artist","uri":"spotify:artist:6slyJwua5e5GuhuP82sTHR"}],"available_markets":["AR","AU","AT","BE","BO","BR","BG","CA","CL","CO","CR","CY","CZ","DK","DO","DE","EC","EE","SV","FI","FR","GR","GT","HN","HK","HU","IS","IE","IT","LV","LT","LU","MY","MT","MX","NL","NZ","NI","NO","PA","PY","PE","PH","PL","PT","SG","SK","ES","SE","CH","TW","TR","UY","US","GB","AD","LI","MC","ID","JP","TH","VN","RO","IL","ZA","SA","AE","BH","QA","OM","KW","EG","MA","DZ","TN","LB","JO","PS","IN","BY","KZ","MD","UA","AL","BA","HR","ME","MK","RS","SI","KR","BD","PK","LK","GH","KE","NG","TZ","UG","AG","AM","BS","BB","BZ","BT","BW","BF","CV","CW","DM","FJ","GM","GE","GD","GW","GY","HT","JM","KI","LS","LR","MW","MV","ML","MH","FM","NA","NR","NE","PW","PG","PR","WS","SM","ST","SN","SC","SL","SB","KN","LC","VC","SR","TL","TO","TT","TV","VU","AZ","BN","BI","KH","CM","TD","KM","GQ","SZ","GA","GN","KG","LA","MO","MR","MN","NP","RW","TG","UZ","ZW","BJ","MG","MU","MZ","AO","CI","DJ","ZM","CD","CG","IQ","LY","TJ","VE","ET","XK"],"disc_number":1,"duration_ms":171703,"explicit":false,"external_urls":{"spotify":"https://open.spotify.com/track/0MVtttqLPqQkogMIji8bpz"},"href":"https://api.spotify.com/v1/tracks/0MVtttqLPqQkogMIji8bpz","id":"0MVtttqLPqQkogMIji8bpz","name":"Rumbo Pa La Iglesia","preview_url":null,"track_number":2,"type":"track","uri":"spotify:track:0MVtttqLPqQkogMIji8bpz","is_local":false},{"artists":[{"external_urls":{"spotify":"https://open.spotify.com/artist/6slyJwua5e5GuhuP82sTHR"},"href":"https://api.spotify.com/v1/artists/6slyJwua5e5GuhuP82sTHR","id":"6slyJwua5e5GuhuP82sTHR","name":"Alex Campos","type":"artist","uri":"spotify:artist:6slyJwua5e5GuhuP82sTHR"}],"available_markets":["AR","AU","AT","BE","BO","BR","BG","CA","CL","CO","CR","CY","CZ","DK","DO","DE","EC","EE","SV","FI","FR","GR","GT","HN","HK","HU","IS","IE","IT","LV","LT","LU","MY","MT","MX","NL","NZ","NI","NO","PA","PY","PE","PH","PL","PT","SG","SK","ES","SE","CH","TW","TR","UY","US","GB","AD","LI","MC","ID","JP","TH","VN","RO","IL","ZA","SA","AE","BH","QA","OM","KW","EG","MA","DZ","TN","LB","JO","PS","IN","BY","KZ","MD","UA","AL","BA","HR","ME","MK","RS","SI","KR","BD","PK","LK","GH","KE","NG","TZ","UG","AG","AM","BS","BB","BZ","BT","BW","BF","CV","CW","DM","FJ","GM","GE","GD","GW","GY","HT","JM","KI","LS","LR","MW","MV","ML","MH","FM","NA","NR","NE","PW","PG","PR","WS","SM","ST","SN","SC","SL","SB","KN","LC","VC","SR","TL","TO","TT","TV","VU","AZ","BN","BI","KH","CM","TD","KM","GQ","SZ","GA","GN","KG","LA","MO","MR","MN","NP","RW","TG","UZ","ZW","BJ","MG","MU","MZ","AO","CI","DJ","ZM","CD","CG","IQ","LY","TJ","VE","ET","XK"],"disc_number":1,"duration_ms":291112,"explicit":false,"external_urls":{"spotify":"https://open.spotify.com/track/3pGNiO4xjjVJi2ycTqrLiB"},"href":"https://api.spotify.com/v1/tracks/3pGNiO4xjjVJi2ycTqrLiB","id":"3pGNiO4xjjVJi2ycTqrLiB","name":"Veo Tu Gloria","preview_url":null,"track_number":3,"type":"track","uri":"spotify:track:3pGNiO4xjjVJi2ycTqrLiB","is_local":false},{"artists":[{"external_urls":{"spotify":"https://open.spotify.com/artist/6slyJwua5e5GuhuP82sTHR"},"href":"https://api.spotify.com/v1/artists/6slyJwua5e5GuhuP82sTHR","id":"6slyJwua5e5GuhuP82sTHR","name":"Alex Campos","type":"artist","uri":"spotify:artist:6slyJwua5e5GuhuP82sTHR"}],"available_markets":["AR","AU","AT","BE","BO","BR","BG","CA","CL","CO","CR","CY","CZ","DK","DO","DE","EC","EE","SV","FI","FR","GR","GT","HN","HK","HU","IS","IE","IT","LV","LT","LU","MY","MT","MX","NL","NZ","NI","NO","PA","PY","PE","PH","PL","PT","SG","SK","ES","SE","CH","TW","TR","UY","US","GB","AD","LI","MC","ID","JP","TH","VN","RO","IL","ZA","SA","AE","BH","QA","OM","KW","EG","MA","DZ","TN","LB","JO","PS","IN","BY","KZ","MD","UA","AL","BA","HR","ME","MK","RS","SI","KR","BD","PK","LK","GH","KE","NG","TZ","UG","AG","AM","BS","BB","BZ","BT","BW","BF","CV","CW","DM","FJ","GM","GE","GD","GW","GY","HT","JM","KI","LS","LR","MW","MV","ML","MH","FM","NA","NR","NE","PW","PG","PR","WS","SM","ST","SN","SC","SL","SB","KN","LC","VC","SR","TL","TO","TT","TV","VU","AZ","BN","BI","KH","CM","TD","KM","GQ","SZ","GA","GN","KG","LA","MO","MR","MN","NP","RW","TG","UZ","ZW","BJ","MG","MU","MZ","AO","CI","DJ","ZM","CD","CG","IQ","LY","TJ","VE","ET","XK"],"disc_number":1,"duration_ms":325651,"explicit":false,"external_urls":{"spotify":"https://open.spotify.com/track/2FMEnOciWcyEmRDTOR5jac"},"href":"https://api.spotify.com/v1/tracks/2FMEnOciWcyEmRDTOR5jac","id":"2FMEnOciWcyEmRDTOR5jac","name":"Eres Tú","preview_url":null,"track_number":4,"type":"track","uri":"spotify:track:2FMEnOciWcyEmRDTOR5jac","is_local":false},{"artists":[{"external_urls":{"spotify":"https://open.spotify.com/artist/6slyJwua5e5GuhuP82sTHR"},"href":"https://api.spotify.com/v1/artists/6slyJwua5e5GuhuP82sTHR","id":"6slyJwua5e5GuhuP82sTHR","name":"Alex Campos","type":"artist","uri":"spotify:artist:6slyJwua5e5GuhuP82sTHR"}],"available_markets":["AR","AU","AT","BE","BO","BR","BG","CA","CL","CO","CR","CY","CZ","DK","DO","DE","EC","EE","SV","FI","FR","GR","GT","HN","HK","HU","IS","IE","IT","LV","LT","LU","MY","MT","MX","NL","NZ","NI","NO","PA","PY","PE","PH","PL","PT","SG","SK","ES","SE","CH","TW","TR","UY","US","GB","AD","LI","MC","ID","JP","TH","VN","RO","IL","ZA","SA","AE","BH","QA","OM","KW","EG","MA","DZ","TN","LB","JO","PS","IN","BY","KZ","MD","UA","AL","BA","HR","ME","MK","RS","SI","KR","BD","PK","LK","GH","KE","NG","TZ","UG","AG","AM","BS","BB","BZ","BT","BW","BF","CV","CW","DM","FJ","GM","GE","GD","GW","GY","HT","JM","KI","LS","LR","MW","MV","ML","MH","FM","NA","NR","NE","PW","PG","PR","WS","SM","ST","SN","SC","SL","SB","KN","LC","VC","SR","TL","TO","TT","TV","VU","AZ","BN","BI","KH","CM","TD","KM","GQ","SZ","GA","GN","KG","LA","MO","MR","MN","NP","RW","TG","UZ","ZW","BJ","MG","MU","MZ","AO","CI","DJ","ZM","CD","CG","IQ","LY","TJ","VE","ET","XK"],"disc_number":1,"duration_ms":362114,"explicit":false,"external_urls":{"spotify":"https://open.spotify.com/track/3EfCDNfMcfNfIYLIJTAdjC"},"href":"https://api.spotify.com/v1/tracks/3EfCDNfMcfNfIYLIJTAdjC","id":"3EfCDNfMcfNfIYLIJTAdjC","name":"Tu Presencia","preview_url":null,"track_number":5,"type":"track","uri":"spotify:track:3EfCDNfMcfNfIYLIJTAdjC","is_local":false},{"artists":[{"external_urls":{"spotify":"https://open.spotify.com/artist/6slyJwua5e5GuhuP82sTHR"},"href":"https://api.spotify.com/v1/artists/6slyJwua5e5GuhuP82sTHR","id":"6slyJwua5e5GuhuP82sTHR","name":"Alex Campos","type":"artist","uri":"spotify:artist:6slyJwua5e5GuhuP82sTHR"}],"available_markets":["AR","AU","AT","BE","BO","BR","BG","CA","CL","CO","CR","CY","CZ","DK","DO","DE","EC","EE","SV","FI","FR","GR","GT","HN","HK","HU","IS","IE","IT","LV","LT","LU","MY","MT","MX","NL","NZ","NI","NO","PA","PY","PE","PH","PL","PT","SG","SK","ES","SE","CH","TW","TR","UY","US","GB","AD","LI","MC","ID","JP","TH","VN","RO","IL","ZA","SA","AE","BH","QA","OM","KW","EG","MA","DZ","TN","LB","JO","PS","IN","BY","KZ","MD","UA","AL","BA","HR","ME","MK","RS","SI","KR","BD","PK","LK","GH","KE","NG","TZ","UG","AG","AM","BS","BB","BZ","BT","BW","BF","CV","CW","DM","FJ","GM","GE","GD","GW","GY","HT","JM","KI","LS","LR","MW","MV","ML","MH","FM","NA","NR","NE","PW","PG","PR","WS","SM","ST","SN","SC","SL","SB","KN","LC","VC","SR","TL","TO","TT","TV","VU","AZ","BN","BI","KH","CM","TD","KM","GQ","SZ","GA","GN","KG","LA","MO","MR","MN","NP","RW","TG","UZ","ZW","BJ","MG","MU","MZ","AO","CI","DJ","ZM","CD","CG","IQ","LY","TJ","VE","ET","XK"],"disc_number":1,"duration_ms":241816,"explicit":false,"external_urls":{"spotify":"https://open.spotify.com/track/0b0ZbvYO2po06IN4b9LRDQ"},"href":"https://api.spotify.com/v1/tracks/0b0ZbvYO2po06IN4b9LRDQ","id":"0b0ZbvYO2po06IN4b9LRDQ","name":"Gracias Cristo","preview_url":null,"track_number":6,"type":"track","uri":"spotify:track:0b0ZbvYO2po06IN4b9LRDQ","is_local":false},{"artists":[{"external_urls":{"spotify":"https://open.spotify.com/artist/6slyJwua5e5GuhuP82sTHR"},"href":"https://api.spotify.com/v1/artists/6slyJwua5e5GuhuP82sTHR","id":"6slyJwua5e5GuhuP82sTHR","name":"Alex Campos","type":"artist","uri":"spotify:artist:6slyJwua5e5GuhuP82sTHR"}],"available_markets":["AR","AU","AT","BE","BO","BR","BG","CA","CL","CO","CR","CY","CZ","DK","DO","DE","EC","EE","SV","FI","FR","GR","GT","HN","HK","HU","IS","IE","IT","LV","LT","LU","MY","MT","MX","NL","NZ","NI","NO","PA","PY","PE","PH","PL","PT","SG","SK","ES","SE","CH","TW","TR","UY","US","GB","AD","LI","MC","ID","JP","TH","VN","RO","IL","ZA","SA","AE","BH","QA","OM","KW","EG","MA","DZ","TN","LB","JO","PS","IN","BY","KZ","MD","UA","AL","BA","HR","ME","MK","RS","SI","KR","BD","PK","LK","GH","KE","NG","TZ","UG","AG","AM","BS","BB","BZ","BT","BW","BF","CV","CW","DM","FJ","GM","GE","GD","GW","GY","HT","JM","KI","LS","LR","MW","MV","ML","MH","FM","NA","NR","NE","PW","PG","PR","WS","SM","ST","SN","SC","SL","SB","KN","LC","VC","SR","TL","TO","TT","TV","VU","AZ","BN","BI","KH","CM","TD","KM","GQ","SZ","GA","GN","KG","LA","MO","MR","MN","NP","RW","TG","UZ","ZW","BJ","MG","MU","MZ","AO","CI","DJ","ZM","CD","CG","IQ","LY","TJ","VE","ET","XK"],"disc_number":1,"duration_ms":255010,"explicit":false,"external_urls":{"spotify":"https://open.spotify.com/track/2BQrCN5FMokKfYWGD1rkVK"},"href":"https://api.spotify.com/v1/tracks/2BQrCN5FMokKfYWGD1rkVK","id":"2BQrCN5FMokKfYWGD1rkVK","name":"Tu Voz","preview_url":null,"track_number":7,"type":"track","uri":"spotify:track:2BQrCN5FMokKfYWGD1rkVK","is_local":false},{"artists":[{"external_urls":{"spotify":"https://open.spotify.com/artist/6slyJwua5e5GuhuP82sTHR"},"href":"https://api.spotify.com/v1/artists/6slyJwua5e5GuhuP82sTHR","id":"6slyJwua5e5GuhuP82sTHR","name":"Alex Campos","type":"artist","uri":"spotify:artist:6slyJwua5e5GuhuP82sTHR"},{"external_urls":{"spotify":"https://open.spotify.com/artist/0Hsw98UmbwZVh0mFWg0unI"},"href":"https://api.spotify.com/v1/artists/0Hsw98UmbwZVh0mFWg0unI","id":"0Hsw98UmbwZVh0mFWg0unI","name":"Kairo Worship","type":"artist","uri":"spotify:artist:0Hsw98UmbwZVh0mFWg0unI"}],"available_markets":["AR","AU","AT","BE","BO","BR","BG","CA","CL","CO","CR","CY","CZ","DK","DO","DE","EC","EE","SV","FI","FR","GR","GT","HN","HK","HU","IS","IE","IT","LV","LT","LU","MY","MT","MX","NL","NZ","NI","NO","PA","PY","PE","PH","PL","PT","SG","SK","ES","SE","CH","TW","TR","UY","US","GB","AD","LI","MC","ID","JP","TH","VN","RO","IL","ZA","SA","AE","BH","QA","OM","KW","EG","MA","DZ","TN","LB","JO","PS","IN","BY","KZ","MD","UA","AL","BA","HR","ME","MK","RS","SI","KR","BD","PK","LK","GH","KE","NG","TZ","UG","AG","AM","BS","BB","BZ","BT","BW","BF","CV","CW","DM","FJ","GM","GE","GD","GW","GY","HT","JM","KI","LS","LR","MW","MV","ML","MH","FM","NA","NR","NE","PW","PG","PR","WS","SM","ST","SN","SC","SL","SB","KN","LC","VC","SR","TL","TO","TT","TV","VU","AZ","BN","BI","KH","CM","TD","KM","GQ","SZ","GA","GN","KG","LA","MO","MR","MN","NP","RW","TG","UZ","ZW","BJ","MG","MU","MZ","AO","CI","DJ","ZM","CD","CG","IQ","LY","TJ","VE","ET","XK"],"disc_number":1,"duration_ms":318098,"explicit":false,"external_urls":{"spotify":"https://open.spotify.com/track/5O38B5f4SeQpwK5qBbIQp2"},"href":"https://api.spotify.com/v1/tracks/5O38B5f4SeQpwK5qBbIQp2","id":"5O38B5f4SeQpwK5qBbIQp2","name":"Quizá","preview_url":null,"track_number":8,"type":"track","uri":"spotify:track:5O38B5f4SeQpwK5qBbIQp2","is_local":false},{"artists":[{"external_urls":{"spotify":"https://open.spotify.com/artist/6slyJwua5e5GuhuP82sTHR"},"href":"https://api.spotify.com/v1/artists/6slyJwua5e5GuhuP82sTHR","id":"6slyJwua5e5GuhuP82sTHR","name":"Alex Campos","type":"artist","uri":"spotify:artist:6slyJwua5e5GuhuP82sTHR"}],"available_markets":["AR","AU","AT","BE","BO","BR","BG","CA","CL","CO","CR","CY","CZ","DK","DO","DE","EC","EE","SV","FI","FR","GR","GT","HN","HK","HU","IS","IE","IT","LV","LT","LU","MY","MT","MX","NL","NZ","NI","NO","PA","PY","PE","PH","PL","PT","SG","SK","ES","SE","CH","TW","TR","UY","US","GB","AD","LI","MC","ID","JP","TH","VN","RO","IL","ZA","SA","AE","BH","QA","OM","KW","EG","MA","DZ","TN","LB","JO","PS","IN","BY","KZ","MD","UA","AL","BA","HR","ME","MK","RS","SI","KR","BD","PK","LK","GH","KE","NG","TZ","UG","AG","AM","BS","BB","BZ","BT","BW","BF","CV","CW","DM","FJ","GM","GE","GD","GW","GY","HT","JM","KI","LS","LR","MW","MV","ML","MH","FM","NA","NR","NE","PW","PG","PR","WS","SM","ST","SN","SC","SL","SB","KN","LC","VC","SR","TL","TO","TT","TV","VU","AZ","BN","BI","KH","CM","TD","KM","GQ","SZ","GA","GN","KG","LA","MO","MR","MN","NP","RW","TG","UZ","ZW","BJ","MG","MU","MZ","AO","CI","DJ","ZM","CD","CG","IQ","LY","TJ","VE","ET","XK"],"disc_number":1,"duration_ms":258661,"explicit":false,"external_urls":{"spotify":"https://open.spotify.com/track/1oPSJbIPuf0i82fId2yGFw"},"href":"https://api.spotify.com/v1/tracks/1oPSJbIPuf0i82fId2yGFw","id":"1oPSJbIPuf0i82fId2yGFw","name":"Te He Visto Fiel","preview_url":null,"track_number":9,"type":"track","uri":"spotify:track:1oPSJbIPuf0i82fId2yGFw","is_local":false},{"artists":[{"external_urls":{"spotify":"https://open.spotify.com/artist/6slyJwua5e5GuhuP82sTHR"},"href":"https://api.spotify.com/v1/artists/6slyJwua5e5GuhuP82sTHR","id":"6slyJwua5e5GuhuP82sTHR","name":"Alex Campos","type":"artist","uri":"spotify:artist:6slyJwua5e5GuhuP82sTHR"},{"external_urls":{"spotify":"https://open.spotify.com/artist/7zpvy5B9gb5KprNUzNCOEE"},"href":"https://api.spotify.com/v1/artists/7zpvy5B9gb5KprNUzNCOEE","id":"7zpvy5B9gb5KprNUzNCOEE","name":"Miel San Marcos","type":"artist","uri":"spotify:artist:7zpvy5B9gb5KprNUzNCOEE"}],"available_markets":["AR","AU","AT","BE","BO","BR","BG","CA","CL","CO","CR","CY","CZ","DK","DO","DE","EC","EE","SV","FI","FR","GR","GT","HN","HK","HU","IS","IE","IT","LV","LT","LU","MY","MT","MX","NL","NZ","NI","NO","PA","PY","PE","PH","PL","PT","SG","SK","ES","SE","CH","TW","TR","UY","US","GB","AD","LI","MC","ID","JP","TH","VN","RO","IL","ZA","SA","AE","BH","QA","OM","KW","EG","MA","DZ","TN","LB","JO","PS","IN","BY","KZ","MD","UA","AL","BA","HR","ME","MK","RS","SI","KR","BD","PK","LK","GH","KE","NG","TZ","UG","AG","AM","BS","BB","BZ","BT","BW","BF","CV","CW","DM","FJ","GM","GE","GD","GW","GY","HT","JM","KI","LS","LR","MW","MV","ML","MH","FM","NA","NR","NE","PW","PG","PR","WS","SM","ST","SN","SC","SL","SB","KN","LC","VC","SR","TL","TO","TT","TV","VU","AZ","BN","BI","KH","CM","TD","KM","GQ","SZ","GA","GN","KG","LA","MO","MR","MN","NP","RW","TG","UZ","ZW","BJ","MG","MU","MZ","AO","CI","DJ","ZM","CD","CG","IQ","LY","TJ","VE","ET","XK"],"disc_number":1,"duration_ms":331377,"explicit":false,"external_urls":{"spotify":"https://open.spotify.com/track/3rLrYGizoOIkJTVqOjlOaq"},"href":"https://api.spotify.com/v1/tracks/3rLrYGizoOIkJTVqOjlOaq","id":"3rLrYGizoOIkJTVqOjlOaq","name":"Te Amo","preview_url":null,"track_number":10,"type":"track","uri":"spotify:track:3rLrYGizoOIkJTVqOjlOaq","is_local":false},{"artists":[{"external_urls":{"spotify":"https://open.spotify.com/artist/6slyJwua5e5GuhuP82sTHR"},"href":"https://api.spotify.com/v1/artists/6slyJwua5e5GuhuP82sTHR","id":"6slyJwua5e5GuhuP82sTHR","name":"Alex Campos","type":"artist","uri":"spotify:artist:6slyJwua5e5GuhuP82sTHR"}],"available_markets":["AR","AU","AT","BE","BO","BR","BG","CA","CL","CO","CR","CY","CZ","DK","DO","DE","EC","EE","SV","FI","FR","GR","GT","HN","HK","HU","IS","IE","IT","LV","LT","LU","MY","MT","MX","NL","NZ","NI","NO","PA","PY","PE","PH","PL","PT","SG","SK","ES","SE","CH","TW","TR","UY","US","GB","AD","LI","MC","ID","JP","TH","VN","RO","IL","ZA","SA","AE","BH","QA","OM","KW","EG","MA","DZ","TN","LB","JO","PS","IN","BY","KZ","MD","UA","AL","BA","HR","ME","MK","RS","SI","KR","BD","PK","LK","GH","KE","NG","TZ","UG","AG","AM","BS","BB","BZ","BT","BW","BF","CV","CW","DM","FJ","GM","GE","GD","GW","GY","HT","JM","KI","LS","LR","MW","MV","ML","MH","FM","NA","NR","NE","PW","PG","PR","WS","SM","ST","SN","SC","SL","SB","KN","LC","VC","SR","TL","TO","TT","TV","VU","AZ","BN","BI","KH","CM","TD","KM","GQ","SZ","GA","GN","KG","LA","MO","MR","MN","NP","RW","TG","UZ","ZW","BJ","MG","MU","MZ","AO","CI","DJ","ZM","CD","CG","IQ","LY","TJ","VE","ET","XK"],"disc_number":1,"duration_ms":304677,"explicit":false,"external_urls":{"spotify":"https://open.spotify.com/track/5cvS1MXAFgcIdQhhmJAqjP"},"href":"https://api.spotify.com/v1/tracks/5cvS1MXAFgcIdQhhmJAqjP","id":"5cvS1MXAFgcIdQhhmJAqjP","name":"Te Necesito","preview_url":null,"track_number":11,"type":"track","uri":"spotify:track:5cvS1MXAFgcIdQhhmJAqjP","is_local":false},{"artists":[{"external_urls":{"spotify":"https://open.spotify.com/artist/6slyJwua5e5GuhuP82sTHR"},"href":"https://api.spotify.com/v1/artists/6slyJwua5e5GuhuP82sTHR","id":"6slyJwua5e5GuhuP82sTHR","name":"Alex Campos","type":"artist","uri":"spotify:artist:6slyJwua5e5GuhuP82sTHR"}],"available_markets":["AR","AU","AT","BE","BO","BR","BG","CA","CL","CO","CR","CY","CZ","DK","DO","DE","EC","EE","SV","FI","FR","GR","GT","HN","HK","HU","IS","IE","IT","LV","LT","LU","MY","MT","MX","NL","NZ","NI","NO","PA","PY","PE","PH","PL","PT","SG","SK","ES","SE","CH","TW","TR","UY","US","GB","AD","LI","MC","ID","JP","TH","VN","RO","IL","ZA","SA","AE","BH","QA","OM","KW","EG","MA","DZ","TN","LB","JO","PS","IN","BY","KZ","MD","UA","AL","BA","HR","ME","MK","RS","SI","KR","BD","PK","LK","GH","KE","NG","TZ","UG","AG","AM","BS","BB","BZ","BT","BW","BF","CV","CW","DM","FJ","GM","GE","GD","GW","GY","HT","JM","KI","LS","LR","MW","MV","ML","MH","FM","NA","NR","NE","PW","PG","PR","WS","SM","ST","SN","SC","SL","SB","KN","LC","VC","SR","TL","TO","TT","TV","VU","AZ","BN","BI","KH","CM","TD","KM","GQ","SZ","GA","GN","KG","LA","MO","MR","MN","NP","RW","TG","UZ","ZW","BJ","MG","MU","MZ","AO","CI","DJ","ZM","CD","CG","IQ","LY","TJ","VE","ET","XK"],"disc_number":1,"duration_ms":254135,"explicit":false,"external_urls":{"spotify":"https://open.spotify.com/track/37iDXgCdVy0ut6jfDeHWnp"},"href":"https://api.spotify.com/v1/tracks/37iDXgCdVy0ut6jfDeHWnp","id":"37iDXgCdVy0ut6jfDeHWnp","name":"Antes Que Salga El Sol","preview_url":null,"track_number":12,"type":"track","uri":"spotify:track:37iDXgCdVy0ut6jfDeHWnp","is_local":false},{"artists":[{"external_urls":{"spotify":"https://open.spotify.com/artist/6slyJwua5e5GuhuP82sTHR"},"href":"https://api.spotify.com/v1/artists/6slyJwua5e5GuhuP82sTHR","id":"6slyJwua5e5GuhuP82sTHR","name":"Alex Campos","type":"artist","uri":"spotify:artist:6slyJwua5e5GuhuP82sTHR"}],"available_markets":["AR","AU","AT","BE","BO","BR","BG","CA","CL","CO","CR","CY","CZ","DK","DO","DE","EC","EE","SV","FI","FR","GR","GT","HN","HK","HU","IS","IE","IT","LV","LT","LU","MY","MT","MX","NL","NZ","NI","NO","PA","PY","PE","PH","PL","PT","SG","SK","ES","SE","CH","TW","TR","UY","US","GB","AD","LI","MC","ID","JP","TH","VN","RO","IL","ZA","SA","AE","BH","QA","OM","KW","EG","MA","DZ","TN","LB","JO","PS","IN","BY","KZ","MD","UA","AL","BA","HR","ME","MK","RS","SI","KR","BD","PK","LK","GH","KE","NG","TZ","UG","AG","AM","BS","BB","BZ","BT","BW","BF","CV","CW","DM","FJ","GM","GE","GD","GW","GY","HT","JM","KI","LS","LR","MW","MV","ML","MH","FM","NA","NR","NE","PW","PG","PR","WS","SM","ST","SN","SC","SL","SB","KN","LC","VC","SR","TL","TO","TT","TV","VU","AZ","BN","BI","KH","CM","TD","KM","GQ","SZ","GA","GN","KG","LA","MO","MR","MN","NP","RW","TG","UZ","ZW","BJ","MG","MU","MZ","AO","CI","DJ","ZM","CD","CG","IQ","LY","TJ","VE","ET","XK"],"disc_number":1,"duration_ms":292960,"explicit":false,"external_urls":{"spotify":"https://open.spotify.com/track/4cUNzzhMQNTuwmwTOviv7z"},"href":"https://api.spotify.com/v1/tracks/4cUNzzhMQNTuwmwTOviv7z","id":"4cUNzzhMQNTuwmwTOviv7z","name":"Vuelvo A Ti","preview_url":null,"track_number":13,"type":"track","uri":"spotify:track:4cUNzzhMQNTuwmwTOviv7z","is_local":false},{"artists":[{"external_urls":{"spotify":"https://open.spotify.com/artist/6slyJwua5e5GuhuP82sTHR"},"href":"https://api.spotify.com/v1/artists/6slyJwua5e5GuhuP82sTHR","id":"6slyJwua5e5GuhuP82sTHR","name":"Alex Campos","type":"artist","uri":"spotify:artist:6slyJwua5e5GuhuP82sTHR"}],"available_markets":["AR","AU","AT","BE","BO","BR","BG","CA","CL","CO","CR","CY","CZ","DK","DO","DE","EC","EE","SV","FI","FR","GR","GT","HN","HK","HU","IS","IE","IT","LV","LT","LU","MY","MT","MX","NL","NZ","NI","NO","PA","PY","PE","PH","PL","PT","SG","SK","ES","SE","CH","TW","TR","UY","US","GB","AD","LI","MC","ID","JP","TH","VN","RO","IL","ZA","SA","AE","BH","QA","OM","KW","EG","MA","DZ","TN","LB","JO","PS","IN","BY","KZ","MD","UA","AL","BA","HR","ME","MK","RS","SI","KR","BD","PK","LK","GH","KE","NG","TZ","UG","AG","AM","BS","BB","BZ","BT","BW","BF","CV","CW","DM","FJ","GM","GE","GD","GW","GY","HT","JM","KI","LS","LR","MW","MV","ML","MH","FM","NA","NR","NE","PW","PG","PR","WS","SM","ST","SN","SC","SL","SB","KN","LC","VC","SR","TL","TO","TT","TV","VU","AZ","BN","BI","KH","CM","TD","KM","GQ","SZ","GA","GN","KG","LA","MO","MR","MN","NP","RW","TG","UZ","ZW","BJ","MG","MU","MZ","AO","CI","DJ","ZM","CD","CG","IQ","LY","TJ","VE","ET","XK"],"disc_number":1,"duration_ms":285405,"explicit":false,"external_urls":{"spotify":"https://open.spotify.com/track/5XOmgnCPWxCh561qL9ChJF"},"href":"https://api.spotify.com/v1/tracks/5XOmgnCPWxCh561qL9ChJF","id":"5XOmgnCPWxCh561qL9ChJF","name":"Padre","preview_url":null,"track_number":14,"type":"track","uri":"spotify:track:5XOmgnCPWxCh561qL9ChJF","is_local":false}]},"copyrights":[{"text":"(C) 2024 MV Records","type":"C"},{"text":"(P) 2024 MV Records","type":"P"}],"external_ids":{"upc":"198588800232"},"genres":[],"label":"MV RECORDS","popularity":43},{"album_type":"album","total_tracks":15,"available_markets":["AR","AU","AT","BE","BO","BR","BG","CA","CL","CO","CR","CY","CZ","DK","DO","DE","EC","EE","SV","FI","FR","GR","GT","HN","HK","HU","IS","IE","IT","LV","LT","LU","MY","MT","MX","NL","NZ","NI","NO","PA","PY","PE","PH","PL","PT","SG","SK","ES","SE","CH","TW","TR","UY","US","GB","AD","LI","MC","ID","JP","TH","VN","RO","IL","ZA","SA","AE","BH","QA","OM","KW","EG","MA","DZ","TN","LB","JO","PS","IN","BY","KZ","MD","UA","AL","BA","HR","ME","MK","RS","SI","KR","BD","PK","LK","GH","KE","NG","TZ","UG","AG","AM","BS","BB","BZ","BT","BW","BF","CV","CW","DM","FJ","GM","GE","GD","GW","GY","HT","JM","KI","LS","LR","MW","MV","ML","MH","FM","NA","NR","NE","PW","PG","PR","WS","SM","ST","SN","SC","SL","SB","KN","LC","VC","SR","TL","TO","TT","TV","VU","AZ","BN","BI","KH","CM","TD","KM","GQ","SZ","GA","GN","KG","LA","MO","MR","MN","NP","RW","TG","UZ","ZW","BJ","MG","MU","MZ","AO","CI","DJ","ZM","CD","CG","IQ","LY","TJ","VE","ET","XK"],"external_urls":{"spotify":"https://open.spotify.com/album/2Mhh5KI8hfKMkpHs7xkWBt"},"href":"https://api.spotify.com/v1/albums/2Mhh5KI8hfKMkpHs7xkWBt","id":"2Mhh5KI8hfKMkpHs7xkWBt","images":[{"url":"https://i.scdn.co/image/ab67616d0000b273ce14e6e3697aaa518212db63","height":640,"width":640},{"url":"https://i.scdn.co/image/ab67616d00001e02ce14e6e3697aaa518212db63","height":300,"width":300},{"url":"https://i.scdn.co/image/ab67616d00004851ce14e6e3697aaa518212db63","height":64,"width":64}],"name":"Eden","release_date":"2024-08-16","release_date_precision":"day","type":"album","uri":"spotify:album:2Mhh5KI8hfKMkpHs7xkWBt","artists":[{"external_urls":{"spotify":"https://open.spotify.com/artist/1gJdf4Yybu4X5A2xYV3NMV"},"href":"https://api.spotify.com/v1/artists/1gJdf4Yybu4X5A2xYV3NMV","id":"1gJdf4Yybu4X5A2xYV3NMV","name":"Eden Muñoz","type":"artist","uri":"spotify:artist:1gJdf4Yybu4X5A2xYV3NMV"}],"tracks":{"href":"https://api.spotify.com/v1/albums/2Mhh5KI8hfKMkpHs7xkWBt/tracks?offset=0&limit=50","limit":50,"next":null,"offset":0,"previous":null,"total":15,"items":[{"artists":[{"external_urls":{"spotify":"https://open.spotify.com/artist/1gJdf4Yybu4X5A2xYV3NMV"},"href":"https://api.spotify.com/v1/artists/1gJdf4Yybu4X5A2xYV3NMV","id":"1gJdf4Yybu4X5A2xYV3NMV","name":"Eden Muñoz","type":"artist","uri":"spotify:artist:1gJdf4Yybu4X5A2xYV3NMV"}],"available_markets":["AR","AU","AT","BE","BO","BR","BG","CA","CL","CO","CR","CY","CZ","DK","DO","DE","EC","EE","SV","FI","FR","GR","GT","HN","HK","HU","IS","IE","IT","LV","LT","LU","MY","MT","MX","NL","NZ","NI","NO","PA","PY","PE","PH","PL","PT","SG","SK","ES","SE","CH","TW","TR","UY","US","GB","AD","LI","MC","ID","JP","TH","VN","RO","IL","ZA","SA","AE","BH","QA","OM","KW","EG","MA","DZ","TN","LB","JO","PS","IN","BY","KZ","MD","UA","AL","BA","HR","ME","MK","RS","SI","KR","BD","PK","LK","GH","KE","NG","TZ","UG","AG","AM","BS","BB","BZ","BT","BW","BF","CV","CW","DM","FJ","GM","GE","GD","GW","GY","HT","JM","KI","LS","LR","MW","MV","ML","MH","FM","NA","NR","NE","PW","PG","PR","WS","SM","ST","SN","SC","SL","SB","KN","LC","VC","SR","TL","TO","TT","TV","VU","AZ","BN","BI","KH","CM","TD","KM","GQ","SZ","GA","GN","KG","LA","MO","MR","MN","NP","RW","TG","UZ","ZW","BJ","MG","MU","MZ","AO","CI","DJ","ZM","CD","CG","IQ","LY","TJ","VE","ET","XK"],"disc_number":1,"duration_ms":186896,"explicit":false,"external_urls":{"spotify":"https://open.spotify.com/track/4uxMnpm66SEML1u5DqhUH2"},"href":"https://api.spotify.com/v1/tracks/4uxMnpm66SEML1u5DqhUH2","id":"4uxMnpm66SEML1u5DqhUH2","name":"Mi Momento Más Ex-Quizofrénico","preview_url":null,"track_number":1,"type":"track","uri":"spotify:track:4uxMnpm66SEML1u5DqhUH2","is_local":false},{"artists":[{"external_urls":{"spotify":"https://open.spotify.com/artist/1gJdf4Yybu4X5A2xYV3NMV"},"href":"https://api.spotify.com/v1/artists/1gJdf4Yybu4X5A2xYV3NMV","id":"1gJdf4Yybu4X5A2xYV3NMV","name":"Eden Muñoz","type":"artist","uri":"spotify:artist:1gJdf4Yybu4X5A2xYV3NMV"}],"available_markets":["AR","AU","AT","BE","BO","BR","BG","CA","CL","CO","CR","CY","CZ","DK","DO","DE","EC","EE","SV","FI","FR","GR","GT","HN","HK","HU","IS","IE","IT","LV","LT","LU","MY","MT","MX","NL","NZ","NI","NO","PA","PY","PE","PH","PL","PT","SG","SK","ES","SE","CH","TW","TR","UY","US","GB","AD","LI","MC","ID","JP","TH","VN","RO","IL","ZA","SA","AE","BH","QA","OM","KW","EG","MA","DZ","TN","LB","JO","PS","IN","BY","KZ","MD","UA","AL","BA","HR","ME","MK","RS","SI","KR","BD","PK","LK","GH","KE","NG","TZ","UG","AG","AM","BS","BB","BZ","BT","BW","BF","CV","CW","DM","FJ","GM","GE","GD","GW","GY","HT","JM","KI","LS","LR","MW","MV","ML","MH","FM","NA","NR","NE","PW","PG","PR","WS","SM","ST","SN","SC","SL","SB","KN","LC","VC","SR","TL","TO","TT","TV","VU","AZ","BN","BI","KH","CM","TD","KM","GQ","SZ","GA","GN","KG","LA","MO","MR","MN","NP","RW","TG","UZ","ZW","BJ","MG","MU","MZ","AO","CI","DJ","ZM","CD","CG","IQ","LY","TJ","VE","ET","XK"],"disc_number":1,"duration_ms":216765,"explicit":false,"external_urls":{"spotify":"https://open.spotify.com/track/64gOn65HBVZkeEbg5HMbMv"},"href":"https://api.spotify.com/v1/tracks/64gOn65HBVZkeEbg5HMbMv","id":"64gOn65HBVZkeEbg5HMbMv","name":"¿CÓMO TE FUE SIN MÍ?","preview_url":null,"track_number":2,"type":"track","uri":"spotify:track:64gOn65HBVZkeEbg5HMbMv","is_local":false},{"artists":[{"external_urls":{"spotify":"https://open.spotify.com/artist/1gJdf4Yybu4X5A2xYV3NMV"},"href":"https://api.spotify.com/v1/artists/1gJdf4Yybu4X5A2xYV3NMV","id":"1gJdf4Yybu4X5A2xYV3NMV","name":"Eden Muñoz","type":"artist","uri":"spotify:artist:1gJdf4Yybu4X5A2xYV3NMV"},{"external_urls":{"spotify":"https://open.spotify.com/artist/4kcQWQDK0u9AftVSpdrAgk"},"href":"https://api.spotify.com/v1/artists/4kcQWQDK0u9AftVSpdrAgk","id":"4kcQWQDK0u9AftVSpdrAgk","name":"Luck Ra","type":"artist","uri":"spotify:artist:4kcQWQDK0u9AftVSpdrAgk"}],"available_markets":["AR","AU","AT","BE","BO","BR","BG","CA","CL","CO","CR","CY","CZ","DK","DO","DE","EC","EE","SV","FI","FR","GR","GT","HN","HK","HU","IS","IE","IT","LV","LT","LU","MY","MT","MX","NL","NZ","NI","NO","PA","PY","PE","PH","PL","PT","SG","SK","ES","SE","CH","TW","TR","UY","US","GB","AD","LI","MC","ID","JP","TH","VN","RO","IL","ZA","SA","AE","BH","QA","OM","KW","EG","MA","DZ","TN","LB","JO","PS","IN","BY","KZ","MD","UA","AL","BA","HR","ME","MK","RS","SI","KR","BD","PK","LK","GH","KE","NG","TZ","UG","AG","AM","BS","BB","BZ","BT","BW","BF","CV","CW","DM","FJ","GM","GE","GD","GW","GY","HT","JM","KI","LS","LR","MW","MV","ML","MH","FM","NA","NR","NE","PW","PG","PR","WS","SM","ST","SN","SC","SL","SB","KN","LC","VC","SR","TL","TO","TT","TV","VU","AZ","BN","BI","KH","CM","TD","KM","GQ","SZ","GA","GN","KG","LA","MO","MR","MN","NP","RW","TG","UZ","ZW","BJ","MG","MU","MZ","AO","CI","DJ","ZM","CD","CG","IQ","LY","TJ","VE","ET","XK"],"disc_number":1,"duration_ms":161000,"explicit":false,"external_urls":{"spotify":"https://open.spotify.com/track/5ytMaJbkBLBaMDNYMQjVw1"},"href":"https://api.spotify.com/v1/tracks/5ytMaJbkBLBaMDNYMQjVw1","id":"5ytMaJbkBLBaMDNYMQjVw1","name":"No Sabes La Que Te Espera","preview_url":null,"track_number":3,"type":"track","uri":"spotify:track:5ytMaJbkBLBaMDNYMQjVw1","is_local":false},{"artists":[{"external_urls":{"spotify":"https://open.spotify.com/artist/1gJdf4Yybu4X5A2xYV3NMV"},"href":"https://api.spotify.com/v1/artists/1gJdf4Yybu4X5A2xYV3NMV","id":"1gJdf4Yybu4X5A2xYV3NMV","name":"Eden Muñoz","type":"artist","uri":"spotify:artist:1gJdf4Yybu4X5A2xYV3NMV"}],"available_markets":["AR","AU","AT","BE","BO","BR","BG","CA","CL","CO","CR","CY","CZ","DK","DO","DE","EC","EE","SV","FI","FR","GR","GT","HN","HK","HU","IS","IE","IT","LV","LT","LU","MY","MT","MX","NL","NZ","NI","NO","PA","PY","PE","PH","PL","PT","SG","SK","ES","SE","CH","TW","TR","UY","US","GB","AD","LI","MC","ID","JP","TH","VN","RO","IL","ZA","SA","AE","BH","QA","OM","KW","EG","MA","DZ","TN","LB","JO","PS","IN","BY","KZ","MD","UA","AL","BA","HR","ME","MK","RS","SI","KR","BD","PK","LK","GH","KE","NG","TZ","UG","AG","AM","BS","BB","BZ","BT","BW","BF","CV","CW","DM","FJ","GM","GE","GD","GW","GY","HT","JM","KI","LS","LR","MW","MV","ML","MH","FM","NA","NR","NE","PW","PG","PR","WS","SM","ST","SN","SC","SL","SB","KN","LC","VC","SR","TL","TO","TT","TV","VU","AZ","BN","BI","KH","CM","TD","KM","GQ","SZ","GA","GN","KG","LA","MO","MR","MN","NP","RW","TG","UZ","ZW","BJ","MG","MU","MZ","AO","CI","DJ","ZM","CD","CG","IQ","LY","TJ","VE","ET","XK"],"disc_number":1,"duration_ms":204246,"explicit":false,"external_urls":{"spotify":"https://open.spotify.com/track/00j3Zw2inmVD3T0YJLNRvu"},"href":"https://api.spotify.com/v1/tracks/00j3Zw2inmVD3T0YJLNRvu","id":"00j3Zw2inmVD3T0YJLNRvu","name":"Traigo Saldo y Ganas de Rogar","preview_url":null,"track_number":4,"type":"track","uri":"spotify:track:00j3Zw2inmVD3T0YJLNRvu","is_local":false},{"artists":[{"external_urls":{"spotify":"https://open.spotify.com/artist/1gJdf4Yybu4X5A2xYV3NMV"},"href":"https://api.spotify.com/v1/artists/1gJdf4Yybu4X5A2xYV3NMV","id":"1gJdf4Yybu4X5A2xYV3NMV","name":"Eden Muñoz","type":"artist","uri":"spotify:artist:1gJdf4Yybu4X5A2xYV3NMV"}],"available_markets":["AR","AU","AT","BE","BO","BR","BG","CA","CL","CO","CR","CY","CZ","DK","DO","DE","EC","EE","SV","FI","FR","GR","GT","HN","HK","HU","IS","IE","IT","LV","LT","LU","MY","MT","MX","NL","NZ","NI","NO","PA","PY","PE","PH","PL","PT","SG","SK","ES","SE","CH","TW","TR","UY","US","GB","AD","LI","MC","ID","JP","TH","VN","RO","IL","ZA","SA","AE","BH","QA","OM","KW","EG","MA","DZ","TN","LB","JO","PS","IN","BY","KZ","MD","UA","AL","BA","HR","ME","MK","RS","SI","KR","BD","PK","LK","GH","KE","NG","TZ","UG","AG","AM","BS","BB","BZ","BT","BW","BF","CV","CW","DM","FJ","GM","GE","GD","GW","GY","HT","JM","KI","LS","LR","MW","MV","ML","MH","FM","NA","NR","NE","PW","PG","PR","WS","SM","ST","SN","SC","SL","SB","KN","LC","VC","SR","TL","TO","TT","TV","VU","AZ","BN","BI","KH","CM","TD","KM","GQ","SZ","GA","GN","KG","LA","MO","MR","MN","NP","RW","TG","UZ","ZW","BJ","MG","MU","MZ","AO","CI","DJ","ZM","CD","CG","IQ","LY","TJ","VE","ET","XK"],"disc_number":1,"duration_ms":142108,"explicit":false,"external_urls":{"spotify":"https://open.spotify.com/track/3Q3E5JKq6dR9wkBawDseMe"},"href":"https://api.spotify.com/v1/tracks/3Q3E5JKq6dR9wkBawDseMe","id":"3Q3E5JKq6dR9wkBawDseMe","name":"Me Rento","preview_url":null,"track_number":5,"type":"track","uri":"spotify:track:3Q3E5JKq6dR9wkBawDseMe","is_local":false},{"artists":[{"external_urls":{"spotify":"https://open.spotify.com/artist/1gJdf4Yybu4X5A2xYV3NMV"},"href":"https://api.spotify.com/v1/artists/1gJdf4Yybu4X5A2xYV3NMV","id":"1gJdf4Yybu4X5A2xYV3NMV","name":"Eden Muñoz","type":"artist","uri":"spotify:artist:1gJdf4Yybu4X5A2xYV3NMV"}],"available_markets":["AR","AU","AT","BE","BO","BR","BG","CA","CL","CO","CR","CY","CZ","DK","DO","DE","EC","EE","SV","FI","FR","GR","GT","HN","HK","HU","IS","IE","IT","LV","LT","LU","MY","MT","MX","NL","NZ","NI","NO","PA","PY","PE","PH","PL","PT","SG","SK","ES","SE","CH","TW","TR","UY","US","GB","AD","LI","MC","ID","JP","TH","VN","RO","IL","ZA","SA","AE","BH","QA","OM","KW","EG","MA","DZ","TN","LB","JO","PS","IN","BY","KZ","MD","UA","AL","BA","HR","ME","MK","RS","SI","KR","BD","PK","LK","GH","KE","NG","TZ","UG","AG","AM","BS","BB","BZ","BT","BW","BF","CV","CW","DM","FJ","GM","GE","GD","GW","GY","HT","JM","KI","LS","LR","MW","MV","ML","MH","FM","NA","NR","NE","PW","PG","PR","WS","SM","ST","SN","SC","SL","SB","KN","LC","VC","SR","TL","TO","TT","TV","VU","AZ","BN","BI","KH","CM","TD","KM","GQ","SZ","GA","GN","KG","LA","MO","MR","MN","NP","RW","TG","UZ","ZW","BJ","MG","MU","MZ","AO","CI","DJ","ZM","CD","CG","IQ","LY","TJ","VE","ET","XK"],"disc_number":1,"duration_ms":245846,"explicit":false,"external_urls":{"spotify":"https://open.spotify.com/track/1gYG0DmOex4cswuejfN1H1"},"href":"https://api.spotify.com/v1/tracks/1gYG0DmOex4cswuejfN1H1","id":"1gYG0DmOex4cswuejfN1H1","name":"Mi Lugar Favorito","preview_url":null,"track_number":6,"type":"track","uri":"spotify:track:1gYG0DmOex4cswuejfN1H1","is_local":false},{"artists":[{"external_urls":{"spotify":"https://open.spotify.com/artist/1gJdf4Yybu4X5A2xYV3NMV"},"href":"https://api.spotify.com/v1/artists/1gJdf4Yybu4X5A2xYV3NMV","id":"1gJdf4Yybu4X5A2xYV3NMV","name":"Eden Muñoz","type":"artist","uri":"spotify:artist:1gJdf4Yybu4X5A2xYV3NMV"}],"available_markets":["AR","AU","AT","BE","BO","BR","BG","CA","CL","CO","CR","CY","CZ","DK","DO","DE","EC","EE","SV","FI","FR","GR","GT","HN","HK","HU","IS","IE","IT","LV","LT","LU","MY","MT","MX","NL","NZ","NI","NO","PA","PY","PE","PH","PL","PT","SG","SK","ES","SE","CH","TW","TR","UY","US","GB","AD","LI","MC","ID","JP","TH","VN","RO","IL","ZA","SA","AE","BH","QA","OM","KW","EG","MA","DZ","TN","LB","JO","PS","IN","BY","KZ","MD","UA","AL","BA","HR","ME","MK","RS","SI","KR","BD","PK","LK","GH","KE","NG","TZ","UG","AG","AM","BS","BB","BZ","BT","BW","BF","CV","CW","DM","FJ","GM","GE","GD","GW","GY","HT","JM","KI","LS","LR","MW","MV","ML","MH","FM","NA","NR","NE","PW","PG","PR","WS","SM","ST","SN","SC","SL","SB","KN","LC","VC","SR","TL","TO","TT","TV","VU","AZ","BN","BI","KH","CM","TD","KM","GQ","SZ","GA","GN","KG","LA","MO","MR","MN","NP","RW","TG","UZ","ZW","BJ","MG","MU","MZ","AO","CI","DJ","ZM","CD","CG","IQ","LY","TJ","VE","ET","XK"],"disc_number":1,"duration_ms":191012,"explicit":false,"external_urls":{"spotify":"https://open.spotify.com/track/2s1btXX4qYcEDNYthVIno0"},"href":"https://api.spotify.com/v1/tracks/2s1btXX4qYcEDNYthVIno0","id":"2s1btXX4qYcEDNYthVIno0","name":"Bailando Bien","preview_url":null,"track_number":7,"type":"track","uri":"spotify:track:2s1btXX4qYcEDNYthVIno0","is_local":false},{"artists":[{"external_urls":{"spotify":"https://open.spotify.com/artist/1gJdf4Yybu4X5A2xYV3NMV"},"href":"https://api.spotify.com/v1/artists/1gJdf4Yybu4X5A2xYV3NMV","id":"1gJdf4Yybu4X5A2xYV3NMV","name":"Eden Muñoz","type":"artist","uri":"spotify:artist:1gJdf4Yybu4X5A2xYV3NMV"}],"available_markets":["AR","AU","AT","BE","BO","BR","BG","CA","CL","CO","CR","CY","CZ","DK","DO","DE","EC","EE","SV","FI","FR","GR","GT","HN","HK","HU","IS","IE","IT","LV","LT","LU","MY","MT","MX","NL","NZ","NI","NO","PA","PY","PE","PH","PL","PT","SG","SK","ES","SE","CH","TW","TR","UY","US","GB","AD","LI","MC","ID","JP","TH","VN","RO","IL","ZA","SA","AE","BH","QA","OM","KW","EG","MA","DZ","TN","LB","JO","PS","IN","BY","KZ","MD","UA","AL","BA","HR","ME","MK","RS","SI","KR","BD","PK","LK","GH","KE","NG","TZ","UG","AG","AM","BS","BB","BZ","BT","BW","BF","CV","CW","DM","FJ","GM","GE","GD","GW","GY","HT","JM","KI","LS","LR","MW","MV","ML","MH","FM","NA","NR","NE","PW","PG","PR","WS","SM","ST","SN","SC","SL","SB","KN","LC","VC","SR","TL","TO","TT","TV","VU","AZ","BN","BI","KH","CM","TD","KM","GQ","SZ","GA","GN","KG","LA","MO","MR","MN","NP","RW","TG","UZ","ZW","BJ","MG","MU","MZ","AO","CI","DJ","ZM","CD","CG","IQ","LY","TJ","VE","ET","XK"],"disc_number":1,"duration_ms":171531,"explicit":false,"external_urls":{"spotify":"https://open.spotify.com/track/5HxabFJVCV45wrWwLw3NOQ"},"href":"https://api.spotify.com/v1/tracks/5HxabFJVCV45wrWwLw3NOQ","id":"5HxabFJVCV45wrWwLw3NOQ","name":"Juro","preview_url":null,"track_number":8,"type":"track","uri":"spotify:track:5HxabFJVCV45wrWwLw3NOQ","is_local":false},{"artists":[{"external_urls":{"spotify":"https://open.spotify.com/artist/1gJdf4Yybu4X5A2xYV3NMV"},"href":"https://api.spotify.com/v1/artists/1gJdf4Yybu4X5A2xYV3NMV","id":"1gJdf4Yybu4X5A2xYV3NMV","name":"Eden Muñoz","type":"artist","uri":"spotify:artist:1gJdf4Yybu4X5A2xYV3NMV"}],"available_markets":["AR","AU","AT","BE","BO","BR","BG","CA","CL","CO","CR","CY","CZ","DK","DO","DE","EC","EE","SV","FI","FR","GR","GT","HN","HK","HU","IS","IE","IT","LV","LT","LU","MY","MT","MX","NL","NZ","NI","NO","PA","PY","PE","PH","PL","PT","SG","SK","ES","SE","CH","TW","TR","UY","US","GB","AD","LI","MC","ID","JP","TH","VN","RO","IL","ZA","SA","AE","BH","QA","OM","KW","EG","MA","DZ","TN","LB","JO","PS","IN","BY","KZ","MD","UA","AL","BA","HR","ME","MK","RS","SI","KR","BD","PK","LK","GH","KE","NG","TZ","UG","AG","AM","BS","BB","BZ","BT","BW","BF","CV","CW","DM","FJ","GM","GE","GD","GW","GY","HT","JM","KI","LS","LR","MW","MV","ML","MH","FM","NA","NR","NE","PW","PG","PR","WS","SM","ST","SN","SC","SL","SB","KN","LC","VC","SR","TL","TO","TT","TV","VU","AZ","BN","BI","KH","CM","TD","KM","GQ","SZ","GA","GN","KG","LA","MO","MR","MN","NP","RW","TG","UZ","ZW","BJ","MG","MU","MZ","AO","CI","DJ","ZM","CD","CG","IQ","LY","TJ","VE","ET","XK"],"disc_number":1,"duration_ms":195402,"explicit":false,"external_urls":{"spotify":"https://open.spotify.com/track/5QA6x5phFghy6BU1ba9oda"},"href":"https://api.spotify.com/v1/tracks/5QA6x5phFghy6BU1ba9oda","id":"5QA6x5phFghy6BU1ba9oda","name":"NTP","preview_url":null,"track_number":9,"type":"track","uri":"spotify:track:5QA6x5phFghy6BU1ba9oda","is_local":false},{"artists":[{"external_urls":{"spotify":"https://open.spotify.com/artist/1gJdf4Yybu4X5A2xYV3NMV"},"href":"https://api.spotify.com/v1/artists/1gJdf4Yybu4X5A2xYV3NMV","id":"1gJdf4Yybu4X5A2xYV3NMV","name":"Eden Muñoz","type":"artist","uri":"spotify:artist:1gJdf4Yybu4X5A2xYV3NMV"}],"available_markets":["AR","AU","AT","BE","BO","BR","BG","CA","CL","CO","CR","CY","CZ","DK","DO","DE","EC","EE","SV","FI","FR","GR","GT","HN","HK","HU","IS","IE","IT","LV","LT","LU","MY","MT","MX","NL","NZ","NI","NO","PA","PY","PE","PH","PL","PT","SG","SK","ES","SE","CH","TW","TR","UY","US","GB","AD","LI","MC","ID","JP","TH","VN","RO","IL","ZA","SA","AE","BH","QA","OM","KW","EG","MA","DZ","TN","LB","JO","PS","IN","BY","KZ","MD","UA","AL","BA","HR","ME","MK","RS","SI","KR","BD","PK","LK","GH","KE","NG","TZ","UG","AG","AM","BS","BB","BZ","BT","BW","BF","CV","CW","DM","FJ","GM","GE","GD","GW","GY","HT","JM","KI","LS","LR","MW","MV","ML","MH","FM","NA","NR","NE","PW","PG","PR","WS","SM","ST","SN","SC","SL","SB","KN","LC","VC","SR","TL","TO","TT","TV","VU","AZ","BN","BI","KH","CM","TD","KM","GQ","SZ","GA","GN","KG","LA","MO","MR","MN","NP","RW","TG","UZ","ZW","BJ","MG","MU","MZ","AO","CI","DJ","ZM","CD","CG","IQ","LY","TJ","VE","ET","XK"],"disc_number":1,"duration_ms":176382,"explicit":false,"external_urls":{"spotify":"https://open.spotify.com/track/2TJVu7CqSpP3eGeUK6nnpn"},"href":"https://api.spotify.com/v1/tracks/2TJVu7CqSpP3eGeUK6nnpn","id":"2TJVu7CqSpP3eGeUK6nnpn","name":"todo me vale madre","preview_url":null,"track_number":10,"type":"track","uri":"spotify:track:2TJVu7CqSpP3eGeUK6nnpn","is_local":false},{"artists":[{"external_urls":{"spotify":"https://open.spotify.com/artist/1gJdf4Yybu4X5A2xYV3NMV"},"href":"https://api.spotify.com/v1/artists/1gJdf4Yybu4X5A2xYV3NMV","id":"1gJdf4Yybu4X5A2xYV3NMV","name":"Eden Muñoz","type":"artist","uri":"spotify:artist:1gJdf4Yybu4X5A2xYV3NMV"},{"external_urls":{"spotify":"https://open.spotify.com/artist/0ys2OFYzWYB5hRDLCsBqxt"},"href":"https://api.spotify.com/v1/artists/0ys2OFYzWYB5hRDLCsBqxt","id":"0ys2OFYzWYB5hRDLCsBqxt","name":"Fuerza Regida","type":"artist","uri":"spotify:artist:0ys2OFYzWYB5hRDLCsBqxt"}],"available_markets":["AR","AU","AT","BE","BO","BR","BG","CA","CL","CO","CR","CY","CZ","DK","DO","DE","EC","EE","SV","FI","FR","GR","GT","HN","HK","HU","IS","IE","IT","LV","LT","LU","MY","MT","MX","NL","NZ","NI","NO","PA","PY","PE","PH","PL","PT","SG","SK","ES","SE","CH","TW","TR","UY","US","GB","AD","LI","MC","ID","JP","TH","VN","RO","IL","ZA","SA","AE","BH","QA","OM","KW","EG","MA","DZ","TN","LB","JO","PS","IN","BY","KZ","MD","UA","AL","BA","HR","ME","MK","RS","SI","KR","BD","PK","LK","GH","KE","NG","TZ","UG","AG","AM","BS","BB","BZ","BT","BW","BF","CV","CW","DM","FJ","GM","GE","GD","GW","GY","HT","JM","KI","LS","LR","MW","MV","ML","MH","FM","NA","NR","NE","PW","PG","PR","WS","SM","ST","SN","SC","SL","SB","KN","LC","VC","SR","TL","TO","TT","TV","VU","AZ","BN","BI","KH","CM","TD","KM","GQ","SZ","GA","GN","KG","LA","MO","MR","MN","NP","RW","TG","UZ","ZW","BJ","MG","MU","MZ","AO","CI","DJ","ZM","CD","CG","IQ","LY","TJ","VE","ET","XK"],"disc_number":1,"duration_ms":158841,"explicit":true,"external_urls":{"spotify":"https://open.spotify.com/track/4z2QWSO49zzmLTNEBsdWDy"},"href":"https://api.spotify.com/v1/tracks/4z2QWSO49zzmLTNEBsdWDy","id":"4z2QWSO49zzmLTNEBsdWDy","name":"MONEY EDITION","preview_url":null,"track_number":11,"type":"track","uri":"spotify:track:4z2QWSO49zzmLTNEBsdWDy","is_local":false},{"artists":[{"external_urls":{"spotify":"https://open.spotify.com/artist/1gJdf4Yybu4X5A2xYV3NMV"},"href":"https://api.spotify.com/v1/artists/1gJdf4Yybu4X5A2xYV3NMV","id":"1gJdf4Yybu4X5A2xYV3NMV","name":"Eden Muñoz","type":"artist","uri":"spotify:artist:1gJdf4Yybu4X5A2xYV3NMV"}],"available_markets":["AR","AU","AT","BE","BO","BR","BG","CA","CL","CO","CR","CY","CZ","DK","DO","DE","EC","EE","SV","FI","FR","GR","GT","HN","HK","HU","IS","IE","IT","LV","LT","LU","MY","MT","MX","NL","NZ","NI","NO","PA","PY","PE","PH","PL","PT","SG","SK","ES","SE","CH","TW","TR","UY","US","GB","AD","LI","MC","ID","JP","TH","VN","RO","IL","ZA","SA","AE","BH","QA","OM","KW","EG","MA","DZ","TN","LB","JO","PS","IN","BY","KZ","MD","UA","AL","BA","HR","ME","MK","RS","SI","KR","BD","PK","LK","GH","KE","NG","TZ","UG","AG","AM","BS","BB","BZ","BT","BW","BF","CV","CW","DM","FJ","GM","GE","GD","GW","GY","HT","JM","KI","LS","LR","MW","MV","ML","MH","FM","NA","NR","NE","PW","PG","PR","WS","SM","ST","SN","SC","SL","SB","KN","LC","VC","SR","TL","TO","TT","TV","VU","AZ","BN","BI","KH","CM","TD","KM","GQ","SZ","GA","GN","KG","LA","MO","MR","MN","NP","RW","TG","UZ","ZW","BJ","MG","MU","MZ","AO","CI","DJ","ZM","CD","CG","IQ","LY","TJ","VE","ET","XK"],"disc_number":1,"duration_ms":152437,"explicit":false,"external_urls":{"spotify":"https://open.spotify.com/track/4KrNV7c0OvExztMVARxbDF"},"href":"https://api.spotify.com/v1/tracks/4KrNV7c0OvExztMVARxbDF","id":"4KrNV7c0OvExztMVARxbDF","name":"Mezcal de Calzón","preview_url":null,"track_number":12,"type":"track","uri":"spotify:track:4KrNV7c0OvExztMVARxbDF","is_local":false},{"artists":[{"external_urls":{"spotify":"https://open.spotify.com/artist/1gJdf4Yybu4X5A2xYV3NMV"},"href":"https://api.spotify.com/v1/artists/1gJdf4Yybu4X5A2xYV3NMV","id":"1gJdf4Yybu4X5A2xYV3NMV","name":"Eden Muñoz","type":"artist","uri":"spotify:artist:1gJdf4Yybu4X5A2xYV3NMV"}],"available_markets":["AR","AU","AT","BE","BO","BR","BG","CA","CL","CO","CR","CY","CZ","DK","DO","DE","EC","EE","SV","FI","FR","GR","GT","HN","HK","HU","IS","IE","IT","LV","LT","LU","MY","MT","MX","NL","NZ","NI","NO","PA","PY","PE","PH","PL","PT","SG","SK","ES","SE","CH","TW","TR","UY","US","GB","AD","LI","MC","ID","JP","TH","VN","RO","IL","ZA","SA","AE","BH","QA","OM","KW","EG","MA","DZ","TN","LB","JO","PS","IN","BY","KZ","MD","UA","AL","BA","HR","ME","MK","RS","SI","KR","BD","PK","LK","GH","KE","NG","TZ","UG","AG","AM","BS","BB","BZ","BT","BW","BF","CV","CW","DM","FJ","GM","GE","GD","GW","GY","HT","JM","KI","LS","LR","MW","MV","ML","MH","FM","NA","NR","NE","PW","PG","PR","WS","SM","ST","SN","SC","SL","SB","KN","LC","VC","SR","TL","TO","TT","TV","VU","AZ","BN","BI","KH","CM","TD","KM","GQ","SZ","GA","GN","KG","LA","MO","MR","MN","NP","RW","TG","UZ","ZW","BJ","MG","MU","MZ","AO","CI","DJ","ZM","CD","CG","IQ","LY","TJ","VE","ET","XK"],"disc_number":1,"duration_ms":241029,"explicit":false,"external_urls":{"spotify":"https://open.spotify.com/track/4ybR1EefMYDu8n2onlvid9"},"href":"https://api.spotify.com/v1/tracks/4ybR1EefMYDu8n2onlvid9","id":"4ybR1EefMYDu8n2onlvid9","name":"Ni Te Conozco, Ni Me Saludes","preview_url":null,"track_number":13,"type":"track","uri":"spotify:track:4ybR1EefMYDu8n2onlvid9","is_local":false},{"artists":[{"external_urls":{"spotify":"https://open.spotify.com/artist/1gJdf4Yybu4X5A2xYV3NMV"},"href":"https://api.spotify.com/v1/artists/1gJdf4Yybu4X5A2xYV3NMV","id":"1gJdf4Yybu4X5A2xYV3NMV","name":"Eden Muñoz","type":"artist","uri":"spotify:artist:1gJdf4Yybu4X5A2xYV3NMV"}],"available_markets":["AR","AU","AT","BE","BO","BR","BG","CA","CL","CO","CR","CY","CZ","DK","DO","DE","EC","EE","SV","FI","FR","GR","GT","HN","HK","HU","IS","IE","IT","LV","LT","LU","MY","MT","MX","NL","NZ","NI","NO","PA","PY","PE","PH","PL","PT","SG","SK","ES","SE","CH","TW","TR","UY","US","GB","AD","LI","MC","ID","JP","TH","VN","RO","IL","ZA","SA","AE","BH","QA","OM","KW","EG","MA","DZ","TN","LB","JO","PS","IN","BY","KZ","MD","UA","AL","BA","HR","ME","MK","RS","SI","KR","BD","PK","LK","GH","KE","NG","TZ","UG","AG","AM","BS","BB","BZ","BT","BW","BF","CV","CW","DM","FJ","GM","GE","GD","GW","GY","HT","JM","KI","LS","LR","MW","MV","ML","MH","FM","NA","NR","NE","PW","PG","PR","WS","SM","ST","SN","SC","SL","SB","KN","LC","VC","SR","TL","TO","TT","TV","VU","AZ","BN","BI","KH","CM","TD","KM","GQ","SZ","GA","GN","KG","LA","MO","MR","MN","NP","RW","TG","UZ","ZW","BJ","MG","MU","MZ","AO","CI","DJ","ZM","CD","CG","IQ","LY","TJ","VE","ET","XK"],"disc_number":1,"duration_ms":127186,"explicit":false,"external_urls":{"spotify":"https://open.spotify.com/track/7M1HQslmDuV74HqOLTIMoh"},"href":"https://api.spotify.com/v1/tracks/7M1HQslmDuV74HqOLTIMoh","id":"7M1HQslmDuV74HqOLTIMoh","name":"Full","preview_url":null,"track_number":14,"type":"track","uri":"spotify:track:7M1HQslmDuV74HqOLTIMoh","is_local":false},{"artists":[{"external_urls":{"spotify":"https://open.spotify.com/artist/1gJdf4Yybu4X5A2xYV3NMV"},"href":"https://api.spotify.com/v1/artists/1gJdf4Yybu4X5A2xYV3NMV","id":"1gJdf4Yybu4X5A2xYV3NMV","name":"Eden Muñoz","type":"artist","uri":"spotify:artist:1gJdf4Yybu4X5A2xYV3NMV"}],"available_markets":["AR","AU","AT","BE","BO","BR","BG","CA","CL","CO","CR","CY","CZ","DK","DO","DE","EC","EE","SV","FI","FR","GR","GT","HN","HK","HU","IS","IE","IT","LV","LT","LU","MY","MT","MX","NL","NZ","NI","NO","PA","PY","PE","PH","PL","PT","SG","SK","ES","SE","CH","TW","TR","UY","US","GB","AD","LI","MC","ID","JP","TH","VN","RO","IL","ZA","SA","AE","BH","QA","OM","KW","EG","MA","DZ","TN","LB","JO","PS","IN","BY","KZ","MD","UA","AL","BA","HR","ME","MK","RS","SI","KR","BD","PK","LK","GH","KE","NG","TZ","UG","AG","AM","BS","BB","BZ","BT","BW","BF","CV","CW","DM","FJ","GM","GE","GD","GW","GY","HT","JM","KI","LS","LR","MW","MV","ML","MH","FM","NA","NR","NE","PW","PG","PR","WS","SM","ST","SN","SC","SL","SB","KN","LC","VC","SR","TL","TO","TT","TV","VU","AZ","BN","BI","KH","CM","TD","KM","GQ","SZ","GA","GN","KG","LA","MO","MR","MN","NP","RW","TG","UZ","ZW","BJ","MG","MU","MZ","AO","CI","DJ","ZM","CD","CG","IQ","LY","TJ","VE","ET","XK"],"disc_number":1,"duration_ms":202650,"explicit":false,"external_urls":{"spotify":"https://open.spotify.com/track/0B3QNOBjFK6ENaQH6RwCzg"},"href":"https://api.spotify.com/v1/tracks/0B3QNOBjFK6ENaQH6RwCzg","id":"0B3QNOBjFK6ENaQH6RwCzg","name":"Mi Situación Actual","preview_url":null,"track_number":15,"type":"track","uri":"spotify:track:0B3QNOBjFK6ENaQH6RwCzg","is_local":false}]},"copyrights":[{"text":"(P) 2024 Sony Music Entertainment México, S.A. de C.V. Bajo Distribución en Exclusiva por Eden Muñoz by EMC MUSIC, INC.","type":"P"}],"external_ids":{"upc":"196872296129"},"genres":[],"label":"EMC Music/Sony Music México","popularity":57},{"album_type":"album","total_tracks":15,"available_markets":["AR","AU","AT","BE","BO","BR","BG","CA","CL","CO","CR","CY","CZ","DK","DO","DE","EC","EE","SV","FI","FR","GR","GT","HN","HK","HU","IS","IE","IT","LV","LT","LU","MY","MT","MX","NL","NZ","NI","NO","PA","PY","PE","PH","PL","PT","SG","SK","ES","SE","CH","TW","TR","UY","US","GB","AD","LI","MC","ID","JP","TH","VN","RO","IL","ZA","SA","AE","BH","QA","OM","KW","EG","MA","DZ","TN","LB","JO","PS","IN","KZ","MD","UA","AL","BA","HR","ME","MK","RS","SI","KR","BD","PK","LK","GH","KE","NG","TZ","UG","AG","AM","BS","BB","BZ","BT","BW","BF","CV","CW","DM","FJ","GM","GE","GD","GW","GY","HT","JM","KI","LS","LR","MW","MV","ML","MH","FM","NA","NR","NE","PW","PG","WS","SM","ST","SN","SC","SL","SB","KN","LC","VC","SR","TL","TO","TT","TV","VU","AZ","BN","BI","KH","CM","TD","KM","GQ","SZ","GA","GN","KG","LA","MO","MR","MN","NP","RW","TG","UZ","ZW","BJ","MG","MU","MZ","AO","CI","DJ","ZM","CD","CG","IQ","LY","TJ","VE","ET","XK"],"external_urls":{"spotify":"https://open.spotify.com/album/1hUqwHvAVIEXMXqIrkHgPo"},"href":"https://api.spotify.com/v1/albums/1hUqwHvAVIEXMXqIrkHgPo","id":"1hUqwHvAVIEXMXqIrkHgPo","images":[{"url":"https://i.scdn.co/image/ab67616d0000b2732e8f6d6e91471ec739d963f9","height":640,"width":640},{"url":"https://i.scdn.co/image/ab67616d00001e022e8f6d6e91471ec739d963f9","height":300,"width":300},{"url":"https://i.scdn.co/image/ab67616d000048512e8f6d6e91471ec739d963f9","height":64,"width":64}],"name":"Rayo","release_date":"2024-08-09","release_date_precision":"day","type":"album","uri":"spotify:album:1hUqwHvAVIEXMXqIrkHgPo","artists":[{"external_urls":{"spotify":"https://open.spotify.com/artist/1vyhD5VmyZ7KMfW5gqLgo5"},"href":"https://api.spotify.com/v1/artists/1vyhD5VmyZ7KMfW5gqLgo5","id":"1vyhD5VmyZ7KMfW5gqLgo5","name":"J Balvin","type":"artist","uri":"spotify:artist:1vyhD5VmyZ7KMfW5gqLgo5"}],"tracks":{"href":"https://api.spotify.com/v1/albums/1hUqwHvAVIEXMXqIrkHgPo/tracks?offset=0&limit=50","limit":50,"next":null,"offset":0,"previous":null,"total":15,"items":[{"artists":[{"external_urls":{"spotify":"https://open.spotify.com/artist/1vyhD5VmyZ7KMfW5gqLgo5"},"href":"https://api.spotify.com/v1/artists/1vyhD5VmyZ7KMfW5gqLgo5","id":"1vyhD5VmyZ7KMfW5gqLgo5","name":"J Balvin","type":"artist","uri":"spotify:artist:1vyhD5VmyZ7KMfW5gqLgo5"}],"available_markets":["AR","AU","AT","BE","BO","BR","BG","CA","CL","CO","CR","CY","CZ","DK","DO","DE","EC","EE","SV","FI","FR","GR","GT","HN","HK","HU","IS","IE","IT","LV","LT","LU","MY","MT","MX","NL","NZ","NI","NO","PA","PY","PE","PH","PL","PT","SG","SK","ES","SE","CH","TW","TR","UY","US","GB","AD","LI","MC","ID","JP","TH","VN","RO","IL","ZA","SA","AE","BH","QA","OM","KW","EG","MA","DZ","TN","LB","JO","PS","IN","KZ","MD","UA","AL","BA","HR","ME","MK","RS","SI","KR","BD","PK","LK","GH","KE","NG","TZ","UG","AG","AM","BS","BB","BZ","BT","BW","BF","CV","CW","DM","FJ","GM","GE","GD","GW","GY","HT","JM","KI","LS","LR","MW","MV","ML","MH","FM","NA","NR","NE","PW","PG","WS","SM","ST","SN","SC","SL","SB","KN","LC","VC","SR","TL","TO","TT","TV","VU","AZ","BN","BI","KH","CM","TD","KM","GQ","SZ","GA","GN","KG","LA","MO","MR","MN","NP","RW","TG","UZ","ZW","BJ","MG","MU","MZ","AO","CI","DJ","ZM","CD","CG","IQ","LY","TJ","VE","ET","XK"],"disc_number":1,"duration_ms":156440,"explicit":true,"external_urls":{"spotify":"https://open.spotify.com/track/0X2S8zFvH2k84eQQCUPSeO"},"href":"https://api.spotify.com/v1/tracks/0X2S8zFvH2k84eQQCUPSeO","id":"0X2S8zFvH2k84eQQCUPSeO","name":"Cosa De Locos","preview_url":null,"track_number":1,"type":"track","uri":"spotify:track:0X2S8zFvH2k84eQQCUPSeO","is_local":false},{"artists":[{"external_urls":{"spotify":"https://open.spotify.com/artist/1vyhD5VmyZ7KMfW5gqLgo5"},"href":"https://api.spotify.com/v1/artists/1vyhD5VmyZ7KMfW5gqLgo5","id":"1vyhD5VmyZ7KMfW5gqLgo5","name":"J Balvin","type":"artist","uri":"spotify:artist:1vyhD5VmyZ7KMfW5gqLgo5"},{"external_urls":{"spotify":"https://open.spotify.com/artist/37230BxxYs9ksS7OkZw3IU"},"href":"https://api.spotify.com/v1/artists/37230BxxYs9ksS7OkZw3IU","id":"37230BxxYs9ksS7OkZw3IU","name":"Chencho Corleone","type":"artist","uri":"spotify:artist:37230BxxYs9ksS7OkZw3IU"}],"available_markets":["AR","AU","AT","BE","BO","BR","BG","CA","CL","CO","CR","CY","CZ","DK","DO","DE","EC","EE","SV","FI","FR","GR","GT","HN","HK","HU","IS","IE","IT","LV","LT","LU","MY","MT","MX","NL","NZ","NI","NO","PA","PY","PE","PH","PL","PT","SG","SK","ES","SE","CH","TW","TR","UY","US","GB","AD","LI","MC","ID","JP","TH","VN","RO","IL","ZA","SA","AE","BH","QA","OM","KW","EG","MA","DZ","TN","LB","JO","PS","IN","KZ","MD","UA","AL","BA","HR","ME","MK","RS","SI","KR","BD","PK","LK","GH","KE","NG","TZ","UG","AG","AM","BS","BB","BZ","BT","BW","BF","CV","CW","DM","FJ","GM","GE","GD","GW","GY","HT","JM","KI","LS","LR","MW","MV","ML","MH","FM","NA","NR","NE","PW","PG","WS","SM","ST","SN","SC","SL","SB","KN","LC","VC","SR","TL","TO","TT","TV","VU","AZ","BN","BI","KH","CM","TD","KM","GQ","SZ","GA","GN","KG","LA","MO","MR","MN","NP","RW","TG","UZ","ZW","BJ","MG","MU","MZ","AO","CI","DJ","ZM","CD","CG","IQ","LY","TJ","VE","ET","XK"],"disc_number":1,"duration_ms":172120,"explicit":true,"external_urls":{"spotify":"https://open.spotify.com/track/6R5oJuPeKCc7OWlQc7vcAb"},"href":"https://api.spotify.com/v1/tracks/6R5oJuPeKCc7OWlQc7vcAb","id":"6R5oJuPeKCc7OWlQc7vcAb","name":"Polvo de tu Vida","preview_url":null,"track_number":2,"type":"track","uri":"spotify:track:6R5oJuPeKCc7OWlQc7vcAb","is_local":false},{"artists":[{"external_urls":{"spotify":"https://open.spotify.com/artist/1vyhD5VmyZ7KMfW5gqLgo5"},"href":"https://api.spotify.com/v1/artists/1vyhD5VmyZ7KMfW5gqLgo5","id":"1vyhD5VmyZ7KMfW5gqLgo5","name":"J Balvin","type":"artist","uri":"spotify:artist:1vyhD5VmyZ7KMfW5gqLgo5"},{"external_urls":{"spotify":"https://open.spotify.com/artist/4axKuDPr6WKcDCyh8vueTY"},"href":"https://api.spotify.com/v1/artists/4axKuDPr6WKcDCyh8vueTY","id":"4axKuDPr6WKcDCyh8vueTY","name":"Luar La L","type":"artist","uri":"spotify:artist:4axKuDPr6WKcDCyh8vueTY"}],"available_markets":["AR","AU","AT","BE","BO","BR","BG","CA","CL","CO","CR","CY","CZ","DK","DO","DE","EC","EE","SV","FI","FR","GR","GT","HN","HK","HU","IS","IE","IT","LV","LT","LU","MY","MT","MX","NL","NZ","NI","NO","PA","PY","PE","PH","PL","PT","SG","SK","ES","SE","CH","TW","TR","UY","US","GB","AD","LI","MC","ID","JP","TH","VN","RO","IL","ZA","SA","AE","BH","QA","OM","KW","EG","MA","DZ","TN","LB","JO","PS","IN","KZ","MD","UA","AL","BA","HR","ME","MK","RS","SI","KR","BD","PK","LK","GH","KE","NG","TZ","UG","AG","AM","BS","BB","BZ","BT","BW","BF","CV","CW","DM","FJ","GM","GE","GD","GW","GY","HT","JM","KI","LS","LR","MW","MV","ML","MH","FM","NA","NR","NE","PW","PG","WS","SM","ST","SN","SC","SL","SB","KN","LC","VC","SR","TL","TO","TT","TV","VU","AZ","BN","BI","KH","CM","TD","KM","GQ","SZ","GA","GN","KG","LA","MO","MR","MN","NP","RW","TG","UZ","ZW","BJ","MG","MU","MZ","AO","CI","DJ","ZM","CD","CG","IQ","LY","TJ","VE","ET","XK"],"disc_number":1,"duration_ms":207241,"explicit":false,"external_urls":{"spotify":"https://open.spotify.com/track/1XpXbpGnYmqWRMZEsFta4a"},"href":"https://api.spotify.com/v1/tracks/1XpXbpGnYmqWRMZEsFta4a","id":"1XpXbpGnYmqWRMZEsFta4a","name":"Swat","preview_url":null,"track_number":3,"type":"track","uri":"spotify:track:1XpXbpGnYmqWRMZEsFta4a","is_local":false},{"artists":[{"external_urls":{"spotify":"https://open.spotify.com/artist/1vyhD5VmyZ7KMfW5gqLgo5"},"href":"https://api.spotify.com/v1/artists/1vyhD5VmyZ7KMfW5gqLgo5","id":"1vyhD5VmyZ7KMfW5gqLgo5","name":"J Balvin","type":"artist","uri":"spotify:artist:1vyhD5VmyZ7KMfW5gqLgo5"}],"available_markets":["AR","AU","AT","BE","BO","BR","BG","CA","CL","CO","CR","CY","CZ","DK","DO","DE","EC","EE","SV","FI","FR","GR","GT","HN","HK","HU","IS","IE","IT","LV","LT","LU","MY","MT","MX","NL","NZ","NI","NO","PA","PY","PE","PH","PL","PT","SG","SK","ES","SE","CH","TW","TR","UY","US","GB","AD","LI","MC","ID","JP","TH","VN","RO","IL","ZA","SA","AE","BH","QA","OM","KW","EG","MA","DZ","TN","LB","JO","PS","IN","KZ","MD","UA","AL","BA","HR","ME","MK","RS","SI","KR","BD","PK","LK","GH","KE","NG","TZ","UG","AG","AM","BS","BB","BZ","BT","BW","BF","CV","CW","DM","FJ","GM","GE","GD","GW","GY","HT","JM","KI","LS","LR","MW","MV","ML","MH","FM","NA","NR","NE","PW","PG","WS","SM","ST","SN","SC","SL","SB","KN","LC","VC","SR","TL","TO","TT","TV","VU","AZ","BN","BI","KH","CM","TD","KM","GQ","SZ","GA","GN","KG","LA","MO","MR","MN","NP","RW","TG","UZ","ZW","BJ","MG","MU","MZ","AO","CI","DJ","ZM","CD","CG","IQ","LY","TJ","VE","ET","XK"],"disc_number":1,"duration_ms":201186,"explicit":false,"external_urls":{"spotify":"https://open.spotify.com/track/7sHvjFCY3tLXkjR7zg8p1h"},"href":"https://api.spotify.com/v1/tracks/7sHvjFCY3tLXkjR7zg8p1h","id":"7sHvjFCY3tLXkjR7zg8p1h","name":"Bajo y Batería","preview_url":null,"track_number":4,"type":"track","uri":"spotify:track:7sHvjFCY3tLXkjR7zg8p1h","is_local":false},{"artists":[{"external_urls":{"spotify":"https://open.spotify.com/artist/1vyhD5VmyZ7KMfW5gqLgo5"},"href":"https://api.spotify.com/v1/artists/1vyhD5VmyZ7KMfW5gqLgo5","id":"1vyhD5VmyZ7KMfW5gqLgo5","name":"J Balvin","type":"artist","uri":"spotify:artist:1vyhD5VmyZ7KMfW5gqLgo5"},{"external_urls":{"spotify":"https://open.spotify.com/artist/2LRoIwlKmHjgvigdNGBHNo"},"href":"https://api.spotify.com/v1/artists/2LRoIwlKmHjgvigdNGBHNo","id":"2LRoIwlKmHjgvigdNGBHNo","name":"Feid","type":"artist","uri":"spotify:artist:2LRoIwlKmHjgvigdNGBHNo"}],"available_markets":["AR","AU","AT","BE","BO","BR","BG","CA","CL","CO","CR","CY","CZ","DK","DO","DE","EC","EE","SV","FI","FR","GR","GT","HN","HK","HU","IS","IE","IT","LV","LT","LU","MY","MT","MX","NL","NZ","NI","NO","PA","PY","PE","PH","PL","PT","SG","SK","ES","SE","CH","TW","TR","UY","US","GB","AD","LI","MC","ID","JP","TH","VN","RO","IL","ZA","SA","AE","BH","QA","OM","KW","EG","MA","DZ","TN","LB","JO","PS","IN","KZ","MD","UA","AL","BA","HR","ME","MK","RS","SI","KR","BD","PK","LK","GH","KE","NG","TZ","UG","AG","AM","BS","BB","BZ","BT","BW","BF","CV","CW","DM","FJ","GM","GE","GD","GW","GY","HT","JM","KI","LS","LR","MW","MV","ML","MH","FM","NA","NR","NE","PW","PG","WS","SM","ST","SN","SC","SL","SB","KN","LC","VC","SR","TL","TO","TT","TV","VU","AZ","BN","BI","KH","CM","TD","KM","GQ","SZ","GA","GN","KG","LA","MO","MR","MN","NP","RW","TG","UZ","ZW","BJ","MG","MU","MZ","AO","CI","DJ","ZM","CD","CG","IQ","LY","TJ","VE","ET","XK"],"disc_number":1,"duration_ms":176720,"explicit":true,"external_urls":{"spotify":"https://open.spotify.com/track/2llFXBrftm6YJzBj3tpk0s"},"href":"https://api.spotify.com/v1/tracks/2llFXBrftm6YJzBj3tpk0s","id":"2llFXBrftm6YJzBj3tpk0s","name":"Doblexxó","preview_url":null,"track_number":5,"type":"track","uri":"spotify:track:2llFXBrftm6YJzBj3tpk0s","is_local":false},{"artists":[{"external_urls":{"spotify":"https://open.spotify.com/artist/1vyhD5VmyZ7KMfW5gqLgo5"},"href":"https://api.spotify.com/v1/artists/1vyhD5VmyZ7KMfW5gqLgo5","id":"1vyhD5VmyZ7KMfW5gqLgo5","name":"J Balvin","type":"artist","uri":"spotify:artist:1vyhD5VmyZ7KMfW5gqLgo5"}],"available_markets":["AR","AU","AT","BE","BO","BR","BG","CA","CL","CO","CR","CY","CZ","DK","DO","DE","EC","EE","SV","FI","FR","GR","GT","HN","HK","HU","IS","IE","IT","LV","LT","LU","MY","MT","MX","NL","NZ","NI","NO","PA","PY","PE","PH","PL","PT","SG","SK","ES","SE","CH","TW","TR","UY","US","GB","AD","LI","MC","ID","JP","TH","VN","RO","IL","ZA","SA","AE","BH","QA","OM","KW","EG","MA","DZ","TN","LB","JO","PS","IN","KZ","MD","UA","AL","BA","HR","ME","MK","RS","SI","KR","BD","PK","LK","GH","KE","NG","TZ","UG","AG","AM","BS","BB","BZ","BT","BW","BF","CV","CW","DM","FJ","GM","GE","GD","GW","GY","HT","JM","KI","LS","LR","MW","MV","ML","MH","FM","NA","NR","NE","PW","PG","WS","SM","ST","SN","SC","SL","SB","KN","LC","VC","SR","TL","TO","TT","TV","VU","AZ","BN","BI","KH","CM","TD","KM","GQ","SZ","GA","GN","KG","LA","MO","MR","MN","NP","RW","TG","UZ","ZW","BJ","MG","MU","MZ","AO","CI","DJ","ZM","CD","CG","IQ","LY","TJ","VE","ET","XK"],"disc_number":1,"duration_ms":213306,"explicit":true,"external_urls":{"spotify":"https://open.spotify.com/track/172obmKke2oySVKvoaGWXj"},"href":"https://api.spotify.com/v1/tracks/172obmKke2oySVKvoaGWXj","id":"172obmKke2oySVKvoaGWXj","name":"3 Noches","preview_url":null,"track_number":6,"type":"track","uri":"spotify:track:172obmKke2oySVKvoaGWXj","is_local":false},{"artists":[{"external_urls":{"spotify":"https://open.spotify.com/artist/1vyhD5VmyZ7KMfW5gqLgo5"},"href":"https://api.spotify.com/v1/artists/1vyhD5VmyZ7KMfW5gqLgo5","id":"1vyhD5VmyZ7KMfW5gqLgo5","name":"J Balvin","type":"artist","uri":"spotify:artist:1vyhD5VmyZ7KMfW5gqLgo5"},{"external_urls":{"spotify":"https://open.spotify.com/artist/2O8vbr4RYPpk6MRA4fio7u"},"href":"https://api.spotify.com/v1/artists/2O8vbr4RYPpk6MRA4fio7u","id":"2O8vbr4RYPpk6MRA4fio7u","name":"SAIKO","type":"artist","uri":"spotify:artist:2O8vbr4RYPpk6MRA4fio7u"}],"available_markets":["AR","AU","AT","BE","BO","BR","BG","CA","CL","CO","CR","CY","CZ","DK","DO","DE","EC","EE","SV","FI","FR","GR","GT","HN","HK","HU","IS","IE","IT","LV","LT","LU","MY","MT","MX","NL","NZ","NI","NO","PA","PY","PE","PH","PL","PT","SG","SK","ES","SE","CH","TW","TR","UY","US","GB","AD","LI","MC","ID","JP","TH","VN","RO","IL","ZA","SA","AE","BH","QA","OM","KW","EG","MA","DZ","TN","LB","JO","PS","IN","KZ","MD","UA","AL","BA","HR","ME","MK","RS","SI","KR","BD","PK","LK","GH","KE","NG","TZ","UG","AG","AM","BS","BB","BZ","BT","BW","BF","CV","CW","DM","FJ","GM","GE","GD","GW","GY","HT","JM","KI","LS","LR","MW","MV","ML","MH","FM","NA","NR","NE","PW","PG","WS","SM","ST","SN","SC","SL","SB","KN","LC","VC","SR","TL","TO","TT","TV","VU","AZ","BN","BI","KH","CM","TD","KM","GQ","SZ","GA","GN","KG","LA","MO","MR","MN","NP","RW","TG","UZ","ZW","BJ","MG","MU","MZ","AO","CI","DJ","ZM","CD","CG","IQ","LY","TJ","VE","ET","XK"],"disc_number":1,"duration_ms":188304,"explicit":true,"external_urls":{"spotify":"https://open.spotify.com/track/5dKlHawerDSeYt1yuv5vgk"},"href":"https://api.spotify.com/v1/tracks/5dKlHawerDSeYt1yuv5vgk","id":"5dKlHawerDSeYt1yuv5vgk","name":"Gaga","preview_url":null,"track_number":7,"type":"track","uri":"spotify:track:5dKlHawerDSeYt1yuv5vgk","is_local":false},{"artists":[{"external_urls":{"spotify":"https://open.spotify.com/artist/1vyhD5VmyZ7KMfW5gqLgo5"},"href":"https://api.spotify.com/v1/artists/1vyhD5VmyZ7KMfW5gqLgo5","id":"1vyhD5VmyZ7KMfW5gqLgo5","name":"J Balvin","type":"artist","uri":"spotify:artist:1vyhD5VmyZ7KMfW5gqLgo5"},{"external_urls":{"spotify":"https://open.spotify.com/artist/4F4pp8NUW08JuXwnoxglpN"},"href":"https://api.spotify.com/v1/artists/4F4pp8NUW08JuXwnoxglpN","id":"4F4pp8NUW08JuXwnoxglpN","name":"Bad Gyal","type":"artist","uri":"spotify:artist:4F4pp8NUW08JuXwnoxglpN"}],"available_markets":["AR","AU","AT","BE","BO","BR","BG","CA","CL","CO","CR","CY","CZ","DK","DO","DE","EC","EE","SV","FI","FR","GR","GT","HN","HK","HU","IS","IE","IT","LV","LT","LU","MY","MT","MX","NL","NZ","NI","NO","PA","PY","PE","PH","PL","PT","SG","SK","ES","SE","CH","TW","TR","UY","US","GB","AD","LI","MC","ID","JP","TH","VN","RO","IL","ZA","SA","AE","BH","QA","OM","KW","EG","MA","DZ","TN","LB","JO","PS","IN","KZ","MD","UA","AL","BA","HR","ME","MK","RS","SI","KR","BD","PK","LK","GH","KE","NG","TZ","UG","AG","AM","BS","BB","BZ","BT","BW","BF","CV","CW","DM","FJ","GM","GE","GD","GW","GY","HT","JM","KI","LS","LR","MW","MV","ML","MH","FM","NA","NR","NE","PW","PG","WS","SM","ST","SN","SC","SL","SB","KN","LC","VC","SR","TL","TO","TT","TV","VU","AZ","BN","BI","KH","CM","TD","KM","GQ","SZ","GA","GN","KG","LA","MO","MR","MN","NP","RW","TG","UZ","ZW","BJ","MG","MU","MZ","AO","CI","DJ","ZM","CD","CG","IQ","LY","TJ","VE","ET","XK"],"disc_number":1,"duration_ms":192800,"explicit":true,"external_urls":{"spotify":"https://open.spotify.com/track/5I5FUvWCcwXsxCzzayaNzy"},"href":"https://api.spotify.com/v1/tracks/5I5FUvWCcwXsxCzzayaNzy","id":"5I5FUvWCcwXsxCzzayaNzy","name":"Gato","preview_url":null,"track_number":8,"type":"track","uri":"spotify:track:5I5FUvWCcwXsxCzzayaNzy","is_local":false},{"artists":[{"external_urls":{"spotify":"https://open.spotify.com/artist/1vyhD5VmyZ7KMfW5gqLgo5"},"href":"https://api.spotify.com/v1/artists/1vyhD5VmyZ7KMfW5gqLgo5","id":"1vyhD5VmyZ7KMfW5gqLgo5","name":"J Balvin","type":"artist","uri":"spotify:artist:1vyhD5VmyZ7KMfW5gqLgo5"},{"external_urls":{"spotify":"https://open.spotify.com/artist/1pgDilWYDWLoOgGjf1iHNu"},"href":"https://api.spotify.com/v1/artists/1pgDilWYDWLoOgGjf1iHNu","id":"1pgDilWYDWLoOgGjf1iHNu","name":"Zion","type":"artist","uri":"spotify:artist:1pgDilWYDWLoOgGjf1iHNu"}],"available_markets":["AR","AU","AT","BE","BO","BR","BG","CA","CL","CO","CR","CY","CZ","DK","DO","DE","EC","EE","SV","FI","FR","GR","GT","HN","HK","HU","IS","IE","IT","LV","LT","LU","MY","MT","MX","NL","NZ","NI","NO","PA","PY","PE","PH","PL","PT","SG","SK","ES","SE","CH","TW","TR","UY","US","GB","AD","LI","MC","ID","JP","TH","VN","RO","IL","ZA","SA","AE","BH","QA","OM","KW","EG","MA","DZ","TN","LB","JO","PS","IN","KZ","MD","UA","AL","BA","HR","ME","MK","RS","SI","KR","BD","PK","LK","GH","KE","NG","TZ","UG","AG","AM","BS","BB","BZ","BT","BW","BF","CV","CW","DM","FJ","GM","GE","GD","GW","GY","HT","JM","KI","LS","LR","MW","MV","ML","MH","FM","NA","NR","NE","PW","PG","WS","SM","ST","SN","SC","SL","SB","KN","LC","VC","SR","TL","TO","TT","TV","VU","AZ","BN","BI","KH","CM","TD","KM","GQ","SZ","GA","GN","KG","LA","MO","MR","MN","NP","RW","TG","UZ","ZW","BJ","MG","MU","MZ","AO","CI","DJ","ZM","CD","CG","IQ","LY","TJ","VE","ET","XK"],"disc_number":1,"duration_ms":156631,"explicit":false,"external_urls":{"spotify":"https://open.spotify.com/track/3Y3aU99NXGwT9oLkwAXJGG"},"href":"https://api.spotify.com/v1/tracks/3Y3aU99NXGwT9oLkwAXJGG","id":"3Y3aU99NXGwT9oLkwAXJGG","name":"Lobo","preview_url":null,"track_number":9,"type":"track","uri":"spotify:track:3Y3aU99NXGwT9oLkwAXJGG","is_local":false},{"artists":[{"external_urls":{"spotify":"https://open.spotify.com/artist/1vyhD5VmyZ7KMfW5gqLgo5"},"href":"https://api.spotify.com/v1/artists/1vyhD5VmyZ7KMfW5gqLgo5","id":"1vyhD5VmyZ7KMfW5gqLgo5","name":"J Balvin","type":"artist","uri":"spotify:artist:1vyhD5VmyZ7KMfW5gqLgo5"},{"external_urls":{"spotify":"https://open.spotify.com/artist/2YRyPiW98bpkARAS4B3OQP"},"href":"https://api.spotify.com/v1/artists/2YRyPiW98bpkARAS4B3OQP","id":"2YRyPiW98bpkARAS4B3OQP","name":"Dei V","type":"artist","uri":"spotify:artist:2YRyPiW98bpkARAS4B3OQP"}],"available_markets":["AR","AU","AT","BE","BO","BR","BG","CA","CL","CO","CR","CY","CZ","DK","DO","DE","EC","EE","SV","FI","FR","GR","GT","HN","HK","HU","IS","IE","IT","LV","LT","LU","MY","MT","MX","NL","NZ","NI","NO","PA","PY","PE","PH","PL","PT","SG","SK","ES","SE","CH","TW","TR","UY","US","GB","AD","LI","MC","ID","JP","TH","VN","RO","IL","ZA","SA","AE","BH","QA","OM","KW","EG","MA","DZ","TN","LB","JO","PS","IN","KZ","MD","UA","AL","BA","HR","ME","MK","RS","SI","KR","BD","PK","LK","GH","KE","NG","TZ","UG","AG","AM","BS","BB","BZ","BT","BW","BF","CV","CW","DM","FJ","GM","GE","GD","GW","GY","HT","JM","KI","LS","LR","MW","MV","ML","MH","FM","NA","NR","NE","PW","PG","WS","SM","ST","SN","SC","SL","SB","KN","LC","VC","SR","TL","TO","TT","TV","VU","AZ","BN","BI","KH","CM","TD","KM","GQ","SZ","GA","GN","KG","LA","MO","MR","MN","NP","RW","TG","UZ","ZW","BJ","MG","MU","MZ","AO","CI","DJ","ZM","CD","CG","IQ","LY","TJ","VE","ET","XK"],"disc_number":1,"duration_ms":175560,"explicit":true,"external_urls":{"spotify":"https://open.spotify.com/track/29825KbVmzA6KSUMHKdcdb"},"href":"https://api.spotify.com/v1/tracks/29825KbVmzA6KSUMHKdcdb","id":"29825KbVmzA6KSUMHKdcdb","name":"La Noche","preview_url":null,"track_number":10,"type":"track","uri":"spotify:track:29825KbVmzA6KSUMHKdcdb","is_local":false},{"artists":[{"external_urls":{"spotify":"https://open.spotify.com/artist/1vyhD5VmyZ7KMfW5gqLgo5"},"href":"https://api.spotify.com/v1/artists/1vyhD5VmyZ7KMfW5gqLgo5","id":"1vyhD5VmyZ7KMfW5gqLgo5","name":"J Balvin","type":"artist","uri":"spotify:artist:1vyhD5VmyZ7KMfW5gqLgo5"},{"external_urls":{"spotify":"https://open.spotify.com/artist/7j6DKwmjbxvpQO8h914uEz"},"href":"https://api.spotify.com/v1/artists/7j6DKwmjbxvpQO8h914uEz","id":"7j6DKwmjbxvpQO8h914uEz","name":"Ryan Castro","type":"artist","uri":"spotify:artist:7j6DKwmjbxvpQO8h914uEz"},{"external_urls":{"spotify":"https://open.spotify.com/artist/1TA5sGRlKUJXBN4ZyJuDIX"},"href":"https://api.spotify.com/v1/artists/1TA5sGRlKUJXBN4ZyJuDIX","id":"1TA5sGRlKUJXBN4ZyJuDIX","name":"Blessd","type":"artist","uri":"spotify:artist:1TA5sGRlKUJXBN4ZyJuDIX"}],"available_markets":["AR","AU","AT","BE","BO","BR","BG","CA","CL","CO","CR","CY","CZ","DK","DO","DE","EC","EE","SV","FI","FR","GR","GT","HN","HK","HU","IS","IE","IT","LV","LT","LU","MY","MT","MX","NL","NZ","NI","NO","PA","PY","PE","PH","PL","PT","SG","SK","ES","SE","CH","TW","TR","UY","US","GB","AD","LI","MC","ID","JP","TH","VN","RO","IL","ZA","SA","AE","BH","QA","OM","KW","EG","MA","DZ","TN","LB","JO","PS","IN","KZ","MD","UA","AL","BA","HR","ME","MK","RS","SI","KR","BD","PK","LK","GH","KE","NG","TZ","UG","AG","AM","BS","BB","BZ","BT","BW","BF","CV","CW","DM","FJ","GM","GE","GD","GW","GY","HT","JM","KI","LS","LR","MW","MV","ML","MH","FM","NA","NR","NE","PW","PG","WS","SM","ST","SN","SC","SL","SB","KN","LC","VC","SR","TL","TO","TT","TV","VU","AZ","BN","BI","KH","CM","TD","KM","GQ","SZ","GA","GN","KG","LA","MO","MR","MN","NP","RW","TG","UZ","ZW","BJ","MG","MU","MZ","AO","CI","DJ","ZM","CD","CG","IQ","LY","TJ","VE","ET","XK"],"disc_number":1,"duration_ms":208386,"explicit":true,"external_urls":{"spotify":"https://open.spotify.com/track/7ymaMMugaNMOTTcsAxxwmL"},"href":"https://api.spotify.com/v1/tracks/7ymaMMugaNMOTTcsAxxwmL","id":"7ymaMMugaNMOTTcsAxxwmL","name":"Origami","preview_url":null,"track_number":11,"type":"track","uri":"spotify:track:7ymaMMugaNMOTTcsAxxwmL","is_local":false},{"artists":[{"external_urls":{"spotify":"https://open.spotify.com/artist/1vyhD5VmyZ7KMfW5gqLgo5"},"href":"https://api.spotify.com/v1/artists/1vyhD5VmyZ7KMfW5gqLgo5","id":"1vyhD5VmyZ7KMfW5gqLgo5","name":"J Balvin","type":"artist","uri":"spotify:artist:1vyhD5VmyZ7KMfW5gqLgo5"}],"available_markets":["AR","AU","AT","BE","BO","BR","BG","CA","CL","CO","CR","CY","CZ","DK","DO","DE","EC","EE","SV","FI","FR","GR","GT","HN","HK","HU","IS","IE","IT","LV","LT","LU","MY","MT","MX","NL","NZ","NI","NO","PA","PY","PE","PH","PL","PT","SG","SK","ES","SE","CH","TW","TR","UY","US","GB","AD","LI","MC","ID","JP","TH","VN","RO","IL","ZA","SA","AE","BH","QA","OM","KW","EG","MA","DZ","TN","LB","JO","PS","IN","KZ","MD","UA","AL","BA","HR","ME","MK","RS","SI","KR","BD","PK","LK","GH","KE","NG","TZ","UG","AG","AM","BS","BB","BZ","BT","BW","BF","CV","CW","DM","FJ","GM","GE","GD","GW","GY","HT","JM","KI","LS","LR","MW","MV","ML","MH","FM","NA","NR","NE","PW","PG","WS","SM","ST","SN","SC","SL","SB","KN","LC","VC","SR","TL","TO","TT","TV","VU","AZ","BN","BI","KH","CM","TD","KM","GQ","SZ","GA","GN","KG","LA","MO","MR","MN","NP","RW","TG","UZ","ZW","BJ","MG","MU","MZ","AO","CI","DJ","ZM","CD","CG","IQ","LY","TJ","VE","ET","XK"],"disc_number":1,"duration_ms":204453,"explicit":false,"external_urls":{"spotify":"https://open.spotify.com/track/3ziGnIuyP5cxKvvkKqW2Ce"},"href":"https://api.spotify.com/v1/tracks/3ziGnIuyP5cxKvvkKqW2Ce","id":"3ziGnIuyP5cxKvvkKqW2Ce","name":"Sólido","preview_url":null,"track_number":12,"type":"track","uri":"spotify:track:3ziGnIuyP5cxKvvkKqW2Ce","is_local":false},{"artists":[{"external_urls":{"spotify":"https://open.spotify.com/artist/1vyhD5VmyZ7KMfW5gqLgo5"},"href":"https://api.spotify.com/v1/artists/1vyhD5VmyZ7KMfW5gqLgo5","id":"1vyhD5VmyZ7KMfW5gqLgo5","name":"J Balvin","type":"artist","uri":"spotify:artist:1vyhD5VmyZ7KMfW5gqLgo5"},{"external_urls":{"spotify":"https://open.spotify.com/artist/66ihevNkSYNzRAl44dx6jJ"},"href":"https://api.spotify.com/v1/artists/66ihevNkSYNzRAl44dx6jJ","id":"66ihevNkSYNzRAl44dx6jJ","name":"Carin Leon","type":"artist","uri":"spotify:artist:66ihevNkSYNzRAl44dx6jJ"}],"available_markets":["AR","AU","AT","BE","BO","BR","BG","CA","CL","CO","CR","CY","CZ","DK","DO","DE","EC","EE","SV","FI","FR","GR","GT","HN","HK","HU","IS","IE","IT","LV","LT","LU","MY","MT","MX","NL","NZ","NI","NO","PA","PY","PE","PH","PL","PT","SG","SK","ES","SE","CH","TW","TR","UY","US","GB","AD","LI","MC","ID","JP","TH","VN","RO","IL","ZA","SA","AE","BH","QA","OM","KW","EG","MA","DZ","TN","LB","JO","PS","IN","KZ","MD","UA","AL","BA","HR","ME","MK","RS","SI","KR","BD","PK","LK","GH","KE","NG","TZ","UG","AG","AM","BS","BB","BZ","BT","BW","BF","CV","CW","DM","FJ","GM","GE","GD","GW","GY","HT","JM","KI","LS","LR","MW","MV","ML","MH","FM","NA","NR","NE","PW","PG","WS","SM","ST","SN","SC","SL","SB","KN","LC","VC","SR","TL","TO","TT","TV","VU","AZ","BN","BI","KH","CM","TD","KM","GQ","SZ","GA","GN","KG","LA","MO","MR","MN","NP","RW","TG","UZ","ZW","BJ","MG","MU","MZ","AO","CI","DJ","ZM","CD","CG","IQ","LY","TJ","VE","ET","XK"],"disc_number":1,"duration_ms":204160,"explicit":true,"external_urls":{"spotify":"https://open.spotify.com/track/5v8WFJFQz3BTcjeOOppkIY"},"href":"https://api.spotify.com/v1/tracks/5v8WFJFQz3BTcjeOOppkIY","id":"5v8WFJFQz3BTcjeOOppkIY","name":"Stoker","preview_url":null,"track_number":13,"type":"track","uri":"spotify:track:5v8WFJFQz3BTcjeOOppkIY","is_local":false},{"artists":[{"external_urls":{"spotify":"https://open.spotify.com/artist/1vyhD5VmyZ7KMfW5gqLgo5"},"href":"https://api.spotify.com/v1/artists/1vyhD5VmyZ7KMfW5gqLgo5","id":"1vyhD5VmyZ7KMfW5gqLgo5","name":"J Balvin","type":"artist","uri":"spotify:artist:1vyhD5VmyZ7KMfW5gqLgo5"}],"available_markets":["AR","AU","AT","BE","BO","BR","BG","CA","CL","CO","CR","CY","CZ","DK","DO","DE","EC","EE","SV","FI","FR","GR","GT","HN","HK","HU","IS","IE","IT","LV","LT","LU","MY","MT","MX","NL","NZ","NI","NO","PA","PY","PE","PH","PL","PT","SG","SK","ES","SE","CH","TW","TR","UY","US","GB","AD","LI","MC","ID","JP","TH","VN","RO","IL","ZA","SA","AE","BH","QA","OM","KW","EG","MA","DZ","TN","LB","JO","PS","IN","KZ","MD","UA","AL","BA","HR","ME","MK","RS","SI","KR","BD","PK","LK","GH","KE","NG","TZ","UG","AG","AM","BS","BB","BZ","BT","BW","BF","CV","CW","DM","FJ","GM","GE","GD","GW","GY","HT","JM","KI","LS","LR","MW","MV","ML","MH","FM","NA","NR","NE","PW","PG","WS","SM","ST","SN","SC","SL","SB","KN","LC","VC","SR","TL","TO","TT","TV","VU","AZ","BN","BI","KH","CM","TD","KM","GQ","SZ","GA","GN","KG","LA","MO","MR","MN","NP","RW","TG","UZ","ZW","BJ","MG","MU","MZ","AO","CI","DJ","ZM","CD","CG","IQ","LY","TJ","VE","ET","XK"],"disc_number":1,"duration_ms":171160,"explicit":false,"external_urls":{"spotify":"https://open.spotify.com/track/4o05REjZKLbIdXgrNXk5zM"},"href":"https://api.spotify.com/v1/tracks/4o05REjZKLbIdXgrNXk5zM","id":"4o05REjZKLbIdXgrNXk5zM","name":"Ganster","preview_url":null,"track_number":14,"type":"track","uri":"spotify:track:4o05REjZKLbIdXgrNXk5zM","is_local":false},{"artists":[{"external_urls":{"spotify":"https://open.spotify.com/artist/1vyhD5VmyZ7KMfW5gqLgo5"},"href":"https://api.spotify.com/v1/artists/1vyhD5VmyZ7KMfW5gqLgo5","id":"1vyhD5VmyZ7KMfW5gqLgo5","name":"J Balvin","type":"artist","uri":"spotify:artist:1vyhD5VmyZ7KMfW5gqLgo5"},{"external_urls":{"spotify":"https://open.spotify.com/artist/3E12tRURRvPfHz0hAMCFYc"},"href":"https://api.spotify.com/v1/artists/3E12tRURRvPfHz0hAMCFYc","id":"3E12tRURRvPfHz0hAMCFYc","name":"Omar Courtz","type":"artist","uri":"spotify:artist:3E12tRURRvPfHz0hAMCFYc"},{"external_urls":{"spotify":"https://open.spotify.com/artist/4aSlfXDn9R60UlbZEboBUy"},"href":"https://api.spotify.com/v1/artists/4aSlfXDn9R60UlbZEboBUy","id":"4aSlfXDn9R60UlbZEboBUy","name":"YOVNGCHIMI","type":"artist","uri":"spotify:artist:4aSlfXDn9R60UlbZEboBUy"},{"external_urls":{"spotify":"https://open.spotify.com/artist/52iwsT98xCoGgiGntTiR7K"},"href":"https://api.spotify.com/v1/artists/52iwsT98xCoGgiGntTiR7K","id":"52iwsT98xCoGgiGntTiR7K","name":"Quevedo","type":"artist","uri":"spotify:artist:52iwsT98xCoGgiGntTiR7K"},{"external_urls":{"spotify":"https://open.spotify.com/artist/2T1aUibqR2QC2sINIDQOAK"},"href":"https://api.spotify.com/v1/artists/2T1aUibqR2QC2sINIDQOAK","id":"2T1aUibqR2QC2sINIDQOAK","name":"Mambo Kingz","type":"artist","uri":"spotify:artist:2T1aUibqR2QC2sINIDQOAK"},{"external_urls":{"spotify":"https://open.spotify.com/artist/64aJYyrXljOodnUG6jvhRD"},"href":"https://api.spotify.com/v1/artists/64aJYyrXljOodnUG6jvhRD","id":"64aJYyrXljOodnUG6jvhRD","name":"DJ Luian","type":"artist","uri":"spotify:artist:64aJYyrXljOodnUG6jvhRD"}],"available_markets":["AR","AU","AT","BE","BO","BR","BG","CA","CL","CO","CR","CY","CZ","DK","DO","DE","EC","EE","SV","FI","FR","GR","GT","HN","HK","HU","IS","IE","IT","LV","LT","LU","MY","MT","MX","NL","NZ","NI","NO","PA","PY","PE","PH","PL","PT","SG","SK","ES","SE","CH","TW","TR","UY","US","GB","AD","LI","MC","ID","JP","TH","VN","RO","IL","ZA","SA","AE","BH","QA","OM","KW","EG","MA","DZ","TN","LB","JO","PS","IN","KZ","MD","UA","AL","BA","HR","ME","MK","RS","SI","KR","BD","PK","LK","GH","KE","NG","TZ","UG","AG","AM","BS","BB","BZ","BT","BW","BF","CV","CW","DM","FJ","GM","GE","GD","GW","GY","HT","JM","KI","LS","LR","MW","MV","ML","MH","FM","NA","NR","NE","PW","PG","WS","SM","ST","SN","SC","SL","SB","KN","LC","VC","SR","TL","TO","TT","TV","VU","AZ","BN","BI","KH","CM","TD","KM","GQ","SZ","GA","GN","KG","LA","MO","MR","MN","NP","RW","TG","UZ","ZW","BJ","MG","MU","MZ","AO","CI","DJ","ZM","CD","CG","IQ","LY","TJ","VE","ET","XK"],"disc_number":1,"duration_ms":250506,"explicit":true,"external_urls":{"spotify":"https://open.spotify.com/track/1njOprYjcGkwTBd8T3mU86"},"href":"https://api.spotify.com/v1/tracks/1njOprYjcGkwTBd8T3mU86","id":"1njOprYjcGkwTBd8T3mU86","name":"En Alta","preview_url":null,"track_number":15,"type":"track","uri":"spotify:track:1njOprYjcGkwTBd8T3mU86","is_local":false}]},"copyrights":[{"text":"© 2024 Sueños Globales, LLC, exclusively licensed to UMG Recordings, Inc.","type":"C"},{"text":"℗ 2024 Sueños Globales, LLC, exclusively licensed to UMG Recordings, Inc.","type":"P"}],"external_ids":{"upc":"00602468023876"},"genres":[],"label":"J. Balvin - Capitol","popularity":66}]}

12:06:00.245 [pool-2-thread-4] DEBUG com.intuit.karate - response time in milliseconds: 243
1 < 200
1 < content-type: application/json; charset=utf-8
1 < cache-control: public, max-age=0
1 < etag: "MC-ImYyNmE1ZmMyNDhkN2MzMzE4YzgwMjEyZTlkMTYwMmFjIg=="
1 < x-robots-tag: noindex, nofollow
1 < access-control-allow-origin: *
1 < access-control-allow-headers: Accept, App-Platform, Authorization, Content-Type, Origin, Retry-After, Spotify-App-Version, X-Cloud-Trace-Context, client-token, content-access-token
1 < access-control-allow-methods: GET, POST, OPTIONS, PUT, DELETE, PATCH
1 < access-control-allow-credentials: true
1 < access-control-max-age: 604800
1 < strict-transport-security: max-age=31536000
1 < x-content-type-options: nosniff
1 < date: Mon, 17 Mar 2025 17:06:00 GMT
1 < server: envoy
1 < Via: HTTP/2 edgeproxy, 1.1 google
1 < Alt-Svc: h3=":443"; ma=2592000,h3-29=":443"; ma=2592000
1 < Transfer-Encoding: chunked
{"albums":[{"album_type":"album","total_tracks":11,"available_markets":["AR","AU","AT","BE","BO","BR","BG","CA","CL","CO","CR","CY","CZ","DK","DO","DE","EC","EE","SV","FI","FR","GR","GT","HN","HK","HU","IS","IE","IT","LV","LT","LU","MY","MT","MX","NL","NZ","NI","NO","PA","PY","PE","PH","PL","PT","SG","SK","ES","SE","CH","TW","TR","UY","US","GB","AD","LI","MC","ID","JP","TH","VN","RO","IL","ZA","SA","AE","BH","QA","OM","KW","EG","MA","DZ","TN","LB","JO","PS","IN","KZ","MD","UA","AL","BA","HR","ME","MK","RS","SI","KR","BD","PK","LK","GH","KE","NG","TZ","UG","AG","AM","BS","BB","BZ","BT","BW","BF","CV","CW","DM","FJ","GM","GE","GD","GW","GY","HT","JM","KI","LS","LR","MW","MV","ML","MH","FM","NA","NR","NE","PW","PG","PR","WS","SM","ST","SN","SC","SL","SB","KN","LC","VC","SR","TL","TO","TT","TV","VU","AZ","BN","BI","KH","CM","TD","KM","GQ","SZ","GA","GN","KG","LA","MO","MR","MN","NP","RW","TG","UZ","ZW","BJ","MG","MU","MZ","AO","CI","DJ","ZM","CD","CG","IQ","LY","TJ","VE","ET","XK"],"external_urls":{"spotify":"https://open.spotify.com/album/3iA6lFPydNrgFd6s1Hojii"},"href":"https://api.spotify.com/v1/albums/3iA6lFPydNrgFd6s1Hojii","id":"3iA6lFPydNrgFd6s1Hojii","images":[{"url":"https://i.scdn.co/image/ab67616d0000b27393cd9c4d2b58369055169792","height":640,"width":640},{"url":"https://i.scdn.co/image/ab67616d00001e0293cd9c4d2b58369055169792","height":300,"width":300},{"url":"https://i.scdn.co/image/ab67616d0000485193cd9c4d2b58369055169792","height":64,"width":64}],"name":"PERMANENTE","release_date":"2024-08-01","release_date_precision":"day","type":"album","uri":"spotify:album:3iA6lFPydNrgFd6s1Hojii","artists":[{"external_urls":{"spotify":"https://open.spotify.com/artist/14zUHaJZo1mnYtn6IBRaRP"},"href":"https://api.spotify.com/v1/artists/14zUHaJZo1mnYtn6IBRaRP","id":"14zUHaJZo1mnYtn6IBRaRP","name":"Justin Quiles","type":"artist","uri":"spotify:artist:14zUHaJZo1mnYtn6IBRaRP"}],"tracks":{"href":"https://api.spotify.com/v1/albums/3iA6lFPydNrgFd6s1Hojii/tracks?offset=0&limit=50","limit":50,"next":null,"offset":0,"previous":null,"total":11,"items":[{"artists":[{"external_urls":{"spotify":"https://open.spotify.com/artist/14zUHaJZo1mnYtn6IBRaRP"},"href":"https://api.spotify.com/v1/artists/14zUHaJZo1mnYtn6IBRaRP","id":"14zUHaJZo1mnYtn6IBRaRP","name":"Justin Quiles","type":"artist","uri":"spotify:artist:14zUHaJZo1mnYtn6IBRaRP"}],"available_markets":["AR","AU","AT","BE","BO","BR","BG","CA","CL","CO","CR","CY","CZ","DK","DO","DE","EC","EE","SV","FI","FR","GR","GT","HN","HK","HU","IS","IE","IT","LV","LT","LU","MY","MT","MX","NL","NZ","NI","NO","PA","PY","PE","PH","PL","PT","SG","SK","ES","SE","CH","TW","TR","UY","US","GB","AD","LI","MC","ID","JP","TH","VN","RO","IL","ZA","SA","AE","BH","QA","OM","KW","EG","MA","DZ","TN","LB","JO","PS","IN","KZ","MD","UA","AL","BA","HR","ME","MK","RS","SI","KR","BD","PK","LK","GH","KE","NG","TZ","UG","AG","AM","BS","BB","BZ","BT","BW","BF","CV","CW","DM","FJ","GM","GE","GD","GW","GY","HT","JM","KI","LS","LR","MW","MV","ML","MH","FM","NA","NR","NE","PW","PG","PR","WS","SM","ST","SN","SC","SL","SB","KN","LC","VC","SR","TL","TO","TT","TV","VU","AZ","BN","BI","KH","CM","TD","KM","GQ","SZ","GA","GN","KG","LA","MO","MR","MN","NP","RW","TG","UZ","ZW","BJ","MG","MU","MZ","AO","CI","DJ","ZM","CD","CG","IQ","LY","TJ","VE","ET","XK"],"disc_number":1,"duration_ms":168260,"explicit":true,"external_urls":{"spotify":"https://open.spotify.com/track/26PheDeOQ5GrtRtxbMAjro"},"href":"https://api.spotify.com/v1/tracks/26PheDeOQ5GrtRtxbMAjro","id":"26PheDeOQ5GrtRtxbMAjro","name":"PERMANENTE (INTRO)","preview_url":null,"track_number":1,"type":"track","uri":"spotify:track:26PheDeOQ5GrtRtxbMAjro","is_local":false},{"artists":[{"external_urls":{"spotify":"https://open.spotify.com/artist/14zUHaJZo1mnYtn6IBRaRP"},"href":"https://api.spotify.com/v1/artists/14zUHaJZo1mnYtn6IBRaRP","id":"14zUHaJZo1mnYtn6IBRaRP","name":"Justin Quiles","type":"artist","uri":"spotify:artist:14zUHaJZo1mnYtn6IBRaRP"}],"available_markets":["AR","AU","AT","BE","BO","BR","BG","CA","CL","CO","CR","CY","CZ","DK","DO","DE","EC","EE","SV","FI","FR","GR","GT","HN","HK","HU","IS","IE","IT","LV","LT","LU","MY","MT","MX","NL","NZ","NI","NO","PA","PY","PE","PH","PL","PT","SG","SK","ES","SE","CH","TW","TR","UY","US","GB","AD","LI","MC","ID","JP","TH","VN","RO","IL","ZA","SA","AE","BH","QA","OM","KW","EG","MA","DZ","TN","LB","JO","PS","IN","KZ","MD","UA","AL","BA","HR","ME","MK","RS","SI","KR","BD","PK","LK","GH","KE","NG","TZ","UG","AG","AM","BS","BB","BZ","BT","BW","BF","CV","CW","DM","FJ","GM","GE","GD","GW","GY","HT","JM","KI","LS","LR","MW","MV","ML","MH","FM","NA","NR","NE","PW","PG","PR","WS","SM","ST","SN","SC","SL","SB","KN","LC","VC","SR","TL","TO","TT","TV","VU","AZ","BN","BI","KH","CM","TD","KM","GQ","SZ","GA","GN","KG","LA","MO","MR","MN","NP","RW","TG","UZ","ZW","BJ","MG","MU","MZ","AO","CI","DJ","ZM","CD","CG","IQ","LY","TJ","VE","ET","XK"],"disc_number":1,"duration_ms":129557,"explicit":true,"external_urls":{"spotify":"https://open.spotify.com/track/4ZgNkauy7LD2e4Fl1k26lb"},"href":"https://api.spotify.com/v1/tracks/4ZgNkauy7LD2e4Fl1k26lb","id":"4ZgNkauy7LD2e4Fl1k26lb","name":"TU ROPA","preview_url":null,"track_number":2,"type":"track","uri":"spotify:track:4ZgNkauy7LD2e4Fl1k26lb","is_local":false},{"artists":[{"external_urls":{"spotify":"https://open.spotify.com/artist/14zUHaJZo1mnYtn6IBRaRP"},"href":"https://api.spotify.com/v1/artists/14zUHaJZo1mnYtn6IBRaRP","id":"14zUHaJZo1mnYtn6IBRaRP","name":"Justin Quiles","type":"artist","uri":"spotify:artist:14zUHaJZo1mnYtn6IBRaRP"},{"external_urls":{"spotify":"https://open.spotify.com/artist/2AbQwU2cuEGfD465wCXlg2"},"href":"https://api.spotify.com/v1/artists/2AbQwU2cuEGfD465wCXlg2","id":"2AbQwU2cuEGfD465wCXlg2","name":"Rawayana","type":"artist","uri":"spotify:artist:2AbQwU2cuEGfD465wCXlg2"}],"available_markets":["AR","AU","AT","BE","BO","BR","BG","CA","CL","CO","CR","CY","CZ","DK","DO","DE","EC","EE","SV","FI","FR","GR","GT","HN","HK","HU","IS","IE","IT","LV","LT","LU","MY","MT","MX","NL","NZ","NI","NO","PA","PY","PE","PH","PL","PT","SG","SK","ES","SE","CH","TW","TR","UY","US","GB","AD","LI","MC","ID","JP","TH","VN","RO","IL","ZA","SA","AE","BH","QA","OM","KW","EG","MA","DZ","TN","LB","JO","PS","IN","KZ","MD","UA","AL","BA","HR","ME","MK","RS","SI","KR","BD","PK","LK","GH","KE","NG","TZ","UG","AG","AM","BS","BB","BZ","BT","BW","BF","CV","CW","DM","FJ","GM","GE","GD","GW","GY","HT","JM","KI","LS","LR","MW","MV","ML","MH","FM","NA","NR","NE","PW","PG","PR","WS","SM","ST","SN","SC","SL","SB","KN","LC","VC","SR","TL","TO","TT","TV","VU","AZ","BN","BI","KH","CM","TD","KM","GQ","SZ","GA","GN","KG","LA","MO","MR","MN","NP","RW","TG","UZ","ZW","BJ","MG","MU","MZ","AO","CI","DJ","ZM","CD","CG","IQ","LY","TJ","VE","ET","XK"],"disc_number":1,"duration_ms":142962,"explicit":true,"external_urls":{"spotify":"https://open.spotify.com/track/1c5xz0UTqjNGrfjSeYFLNv"},"href":"https://api.spotify.com/v1/tracks/1c5xz0UTqjNGrfjSeYFLNv","id":"1c5xz0UTqjNGrfjSeYFLNv","name":"BOOM BOOM","preview_url":null,"track_number":3,"type":"track","uri":"spotify:track:1c5xz0UTqjNGrfjSeYFLNv","is_local":false},{"artists":[{"external_urls":{"spotify":"https://open.spotify.com/artist/14zUHaJZo1mnYtn6IBRaRP"},"href":"https://api.spotify.com/v1/artists/14zUHaJZo1mnYtn6IBRaRP","id":"14zUHaJZo1mnYtn6IBRaRP","name":"Justin Quiles","type":"artist","uri":"spotify:artist:14zUHaJZo1mnYtn6IBRaRP"}],"available_markets":["AR","AU","AT","BE","BO","BR","BG","CA","CL","CO","CR","CY","CZ","DK","DO","DE","EC","EE","SV","FI","FR","GR","GT","HN","HK","HU","IS","IE","IT","LV","LT","LU","MY","MT","MX","NL","NZ","NI","NO","PA","PY","PE","PH","PL","PT","SG","SK","ES","SE","CH","TW","TR","UY","US","GB","AD","LI","MC","ID","JP","TH","VN","RO","IL","ZA","SA","AE","BH","QA","OM","KW","EG","MA","DZ","TN","LB","JO","PS","IN","KZ","MD","UA","AL","BA","HR","ME","MK","RS","SI","KR","BD","PK","LK","GH","KE","NG","TZ","UG","AG","AM","BS","BB","BZ","BT","BW","BF","CV","CW","DM","FJ","GM","GE","GD","GW","GY","HT","JM","KI","LS","LR","MW","MV","ML","MH","FM","NA","NR","NE","PW","PG","PR","WS","SM","ST","SN","SC","SL","SB","KN","LC","VC","SR","TL","TO","TT","TV","VU","AZ","BN","BI","KH","CM","TD","KM","GQ","SZ","GA","GN","KG","LA","MO","MR","MN","NP","RW","TG","UZ","ZW","BJ","MG","MU","MZ","AO","CI","DJ","ZM","CD","CG","IQ","LY","TJ","VE","ET","XK"],"disc_number":1,"duration_ms":116190,"explicit":true,"external_urls":{"spotify":"https://open.spotify.com/track/477yGZK8FOM1CgoAwYDRrV"},"href":"https://api.spotify.com/v1/tracks/477yGZK8FOM1CgoAwYDRrV","id":"477yGZK8FOM1CgoAwYDRrV","name":"SU GATO","preview_url":null,"track_number":4,"type":"track","uri":"spotify:track:477yGZK8FOM1CgoAwYDRrV","is_local":false},{"artists":[{"external_urls":{"spotify":"https://open.spotify.com/artist/14zUHaJZo1mnYtn6IBRaRP"},"href":"https://api.spotify.com/v1/artists/14zUHaJZo1mnYtn6IBRaRP","id":"14zUHaJZo1mnYtn6IBRaRP","name":"Justin Quiles","type":"artist","uri":"spotify:artist:14zUHaJZo1mnYtn6IBRaRP"}],"available_markets":["AR","AU","AT","BE","BO","BR","BG","CA","CL","CO","CR","CY","CZ","DK","DO","DE","EC","EE","SV","FI","FR","GR","GT","HN","HK","HU","IS","IE","IT","LV","LT","LU","MY","MT","MX","NL","NZ","NI","NO","PA","PY","PE","PH","PL","PT","SG","SK","ES","SE","CH","TW","TR","UY","US","GB","AD","LI","MC","ID","JP","TH","VN","RO","IL","ZA","SA","AE","BH","QA","OM","KW","EG","MA","DZ","TN","LB","JO","PS","IN","KZ","MD","UA","AL","BA","HR","ME","MK","RS","SI","KR","BD","PK","LK","GH","KE","NG","TZ","UG","AG","AM","BS","BB","BZ","BT","BW","BF","CV","CW","DM","FJ","GM","GE","GD","GW","GY","HT","JM","KI","LS","LR","MW","MV","ML","MH","FM","NA","NR","NE","PW","PG","PR","WS","SM","ST","SN","SC","SL","SB","KN","LC","VC","SR","TL","TO","TT","TV","VU","AZ","BN","BI","KH","CM","TD","KM","GQ","SZ","GA","GN","KG","LA","MO","MR","MN","NP","RW","TG","UZ","ZW","BJ","MG","MU","MZ","AO","CI","DJ","ZM","CD","CG","IQ","LY","TJ","VE","ET","XK"],"disc_number":1,"duration_ms":142666,"explicit":true,"external_urls":{"spotify":"https://open.spotify.com/track/5Qf6xHXefiHfsTDZp04sdK"},"href":"https://api.spotify.com/v1/tracks/5Qf6xHXefiHfsTDZp04sdK","id":"5Qf6xHXefiHfsTDZp04sdK","name":"WHITE TEE","preview_url":null,"track_number":5,"type":"track","uri":"spotify:track:5Qf6xHXefiHfsTDZp04sdK","is_local":false},{"artists":[{"external_urls":{"spotify":"https://open.spotify.com/artist/14zUHaJZo1mnYtn6IBRaRP"},"href":"https://api.spotify.com/v1/artists/14zUHaJZo1mnYtn6IBRaRP","id":"14zUHaJZo1mnYtn6IBRaRP","name":"Justin Quiles","type":"artist","uri":"spotify:artist:14zUHaJZo1mnYtn6IBRaRP"}],"available_markets":["AR","AU","AT","BE","BO","BR","BG","CA","CL","CO","CR","CY","CZ","DK","DO","DE","EC","EE","SV","FI","FR","GR","GT","HN","HK","HU","IS","IE","IT","LV","LT","LU","MY","MT","MX","NL","NZ","NI","NO","PA","PY","PE","PH","PL","PT","SG","SK","ES","SE","CH","TW","TR","UY","US","GB","AD","LI","MC","ID","JP","TH","VN","RO","IL","ZA","SA","AE","BH","QA","OM","KW","EG","MA","DZ","TN","LB","JO","PS","IN","KZ","MD","UA","AL","BA","HR","ME","MK","RS","SI","KR","BD","PK","LK","GH","KE","NG","TZ","UG","AG","AM","BS","BB","BZ","BT","BW","BF","CV","CW","DM","FJ","GM","GE","GD","GW","GY","HT","JM","KI","LS","LR","MW","MV","ML","MH","FM","NA","NR","NE","PW","PG","PR","WS","SM","ST","SN","SC","SL","SB","KN","LC","VC","SR","TL","TO","TT","TV","VU","AZ","BN","BI","KH","CM","TD","KM","GQ","SZ","GA","GN","KG","LA","MO","MR","MN","NP","RW","TG","UZ","ZW","BJ","MG","MU","MZ","AO","CI","DJ","ZM","CD","CG","IQ","LY","TJ","VE","ET","XK"],"disc_number":1,"duration_ms":118956,"explicit":true,"external_urls":{"spotify":"https://open.spotify.com/track/5giosKrpoGDPqTbrVm5pLr"},"href":"https://api.spotify.com/v1/tracks/5giosKrpoGDPqTbrVm5pLr","id":"5giosKrpoGDPqTbrVm5pLr","name":"LIKE YOU","preview_url":null,"track_number":6,"type":"track","uri":"spotify:track:5giosKrpoGDPqTbrVm5pLr","is_local":false},{"artists":[{"external_urls":{"spotify":"https://open.spotify.com/artist/14zUHaJZo1mnYtn6IBRaRP"},"href":"https://api.spotify.com/v1/artists/14zUHaJZo1mnYtn6IBRaRP","id":"14zUHaJZo1mnYtn6IBRaRP","name":"Justin Quiles","type":"artist","uri":"spotify:artist:14zUHaJZo1mnYtn6IBRaRP"}],"available_markets":["AR","AU","AT","BE","BO","BR","BG","CA","CL","CO","CR","CY","CZ","DK","DO","DE","EC","EE","SV","FI","FR","GR","GT","HN","HK","HU","IS","IE","IT","LV","LT","LU","MY","MT","MX","NL","NZ","NI","NO","PA","PY","PE","PH","PL","PT","SG","SK","ES","SE","CH","TW","TR","UY","US","GB","AD","LI","MC","ID","JP","TH","VN","RO","IL","ZA","SA","AE","BH","QA","OM","KW","EG","MA","DZ","TN","LB","JO","PS","IN","KZ","MD","UA","AL","BA","HR","ME","MK","RS","SI","KR","BD","PK","LK","GH","KE","NG","TZ","UG","AG","AM","BS","BB","BZ","BT","BW","BF","CV","CW","DM","FJ","GM","GE","GD","GW","GY","HT","JM","KI","LS","LR","MW","MV","ML","MH","FM","NA","NR","NE","PW","PG","PR","WS","SM","ST","SN","SC","SL","SB","KN","LC","VC","SR","TL","TO","TT","TV","VU","AZ","BN","BI","KH","CM","TD","KM","GQ","SZ","GA","GN","KG","LA","MO","MR","MN","NP","RW","TG","UZ","ZW","BJ","MG","MU","MZ","AO","CI","DJ","ZM","CD","CG","IQ","LY","TJ","VE","ET","XK"],"disc_number":1,"duration_ms":136615,"explicit":true,"external_urls":{"spotify":"https://open.spotify.com/track/2A921k4SPpRUo7xUS9HQ8l"},"href":"https://api.spotify.com/v1/tracks/2A921k4SPpRUo7xUS9HQ8l","id":"2A921k4SPpRUo7xUS9HQ8l","name":"PLAY BOY","preview_url":null,"track_number":7,"type":"track","uri":"spotify:track:2A921k4SPpRUo7xUS9HQ8l","is_local":false},{"artists":[{"external_urls":{"spotify":"https://open.spotify.com/artist/14zUHaJZo1mnYtn6IBRaRP"},"href":"https://api.spotify.com/v1/artists/14zUHaJZo1mnYtn6IBRaRP","id":"14zUHaJZo1mnYtn6IBRaRP","name":"Justin Quiles","type":"artist","uri":"spotify:artist:14zUHaJZo1mnYtn6IBRaRP"}],"available_markets":["AR","AU","AT","BE","BO","BR","BG","CA","CL","CO","CR","CY","CZ","DK","DO","DE","EC","EE","SV","FI","FR","GR","GT","HN","HK","HU","IS","IE","IT","LV","LT","LU","MY","MT","MX","NL","NZ","NI","NO","PA","PY","PE","PH","PL","PT","SG","SK","ES","SE","CH","TW","TR","UY","US","GB","AD","LI","MC","ID","JP","TH","VN","RO","IL","ZA","SA","AE","BH","QA","OM","KW","EG","MA","DZ","TN","LB","JO","PS","IN","KZ","MD","UA","AL","BA","HR","ME","MK","RS","SI","KR","BD","PK","LK","GH","KE","NG","TZ","UG","AG","AM","BS","BB","BZ","BT","BW","BF","CV","CW","DM","FJ","GM","GE","GD","GW","GY","HT","JM","KI","LS","LR","MW","MV","ML","MH","FM","NA","NR","NE","PW","PG","PR","WS","SM","ST","SN","SC","SL","SB","KN","LC","VC","SR","TL","TO","TT","TV","VU","AZ","BN","BI","KH","CM","TD","KM","GQ","SZ","GA","GN","KG","LA","MO","MR","MN","NP","RW","TG","UZ","ZW","BJ","MG","MU","MZ","AO","CI","DJ","ZM","CD","CG","IQ","LY","TJ","VE","ET","XK"],"disc_number":1,"duration_ms":131320,"explicit":true,"external_urls":{"spotify":"https://open.spotify.com/track/4F5AT7bf7eI0uuVkUeQOTL"},"href":"https://api.spotify.com/v1/tracks/4F5AT7bf7eI0uuVkUeQOTL","id":"4F5AT7bf7eI0uuVkUeQOTL","name":"YA BEBÍ","preview_url":null,"track_number":8,"type":"track","uri":"spotify:track:4F5AT7bf7eI0uuVkUeQOTL","is_local":false},{"artists":[{"external_urls":{"spotify":"https://open.spotify.com/artist/14zUHaJZo1mnYtn6IBRaRP"},"href":"https://api.spotify.com/v1/artists/14zUHaJZo1mnYtn6IBRaRP","id":"14zUHaJZo1mnYtn6IBRaRP","name":"Justin Quiles","type":"artist","uri":"spotify:artist:14zUHaJZo1mnYtn6IBRaRP"}],"available_markets":["AR","AU","AT","BE","BO","BR","BG","CA","CL","CO","CR","CY","CZ","DK","DO","DE","EC","EE","SV","FI","FR","GR","GT","HN","HK","HU","IS","IE","IT","LV","LT","LU","MY","MT","MX","NL","NZ","NI","NO","PA","PY","PE","PH","PL","PT","SG","SK","ES","SE","CH","TW","TR","UY","US","GB","AD","LI","MC","ID","JP","TH","VN","RO","IL","ZA","SA","AE","BH","QA","OM","KW","EG","MA","DZ","TN","LB","JO","PS","IN","KZ","MD","UA","AL","BA","HR","ME","MK","RS","SI","KR","BD","PK","LK","GH","KE","NG","TZ","UG","AG","AM","BS","BB","BZ","BT","BW","BF","CV","CW","DM","FJ","GM","GE","GD","GW","GY","HT","JM","KI","LS","LR","MW","MV","ML","MH","FM","NA","NR","NE","PW","PG","PR","WS","SM","ST","SN","SC","SL","SB","KN","LC","VC","SR","TL","TO","TT","TV","VU","AZ","BN","BI","KH","CM","TD","KM","GQ","SZ","GA","GN","KG","LA","MO","MR","MN","NP","RW","TG","UZ","ZW","BJ","MG","MU","MZ","AO","CI","DJ","ZM","CD","CG","IQ","LY","TJ","VE","ET","XK"],"disc_number":1,"duration_ms":123200,"explicit":true,"external_urls":{"spotify":"https://open.spotify.com/track/2n4Tk9Xks0ya224A5eqPfH"},"href":"https://api.spotify.com/v1/tracks/2n4Tk9Xks0ya224A5eqPfH","id":"2n4Tk9Xks0ya224A5eqPfH","name":"SE PRESTA","preview_url":null,"track_number":9,"type":"track","uri":"spotify:track:2n4Tk9Xks0ya224A5eqPfH","is_local":false},{"artists":[{"external_urls":{"spotify":"https://open.spotify.com/artist/14zUHaJZo1mnYtn6IBRaRP"},"href":"https://api.spotify.com/v1/artists/14zUHaJZo1mnYtn6IBRaRP","id":"14zUHaJZo1mnYtn6IBRaRP","name":"Justin Quiles","type":"artist","uri":"spotify:artist:14zUHaJZo1mnYtn6IBRaRP"}],"available_markets":["AR","AU","AT","BE","BO","BR","BG","CA","CL","CO","CR","CY","CZ","DK","DO","DE","EC","EE","SV","FI","FR","GR","GT","HN","HK","HU","IS","IE","IT","LV","LT","LU","MY","MT","MX","NL","NZ","NI","NO","PA","PY","PE","PH","PL","PT","SG","SK","ES","SE","CH","TW","TR","UY","US","GB","AD","LI","MC","ID","JP","TH","VN","RO","IL","ZA","SA","AE","BH","QA","OM","KW","EG","MA","DZ","TN","LB","JO","PS","IN","KZ","MD","UA","AL","BA","HR","ME","MK","RS","SI","KR","BD","PK","LK","GH","KE","NG","TZ","UG","AG","AM","BS","BB","BZ","BT","BW","BF","CV","CW","DM","FJ","GM","GE","GD","GW","GY","HT","JM","KI","LS","LR","MW","MV","ML","MH","FM","NA","NR","NE","PW","PG","PR","WS","SM","ST","SN","SC","SL","SB","KN","LC","VC","SR","TL","TO","TT","TV","VU","AZ","BN","BI","KH","CM","TD","KM","GQ","SZ","GA","GN","KG","LA","MO","MR","MN","NP","RW","TG","UZ","ZW","BJ","MG","MU","MZ","AO","CI","DJ","ZM","CD","CG","IQ","LY","TJ","VE","ET","XK"],"disc_number":1,"duration_ms":120000,"explicit":true,"external_urls":{"spotify":"https://open.spotify.com/track/70OQcScSTSTVaVVAexErSy"},"href":"https://api.spotify.com/v1/tracks/70OQcScSTSTVaVVAexErSy","id":"70OQcScSTSTVaVVAexErSy","name":"MAREA","preview_url":null,"track_number":10,"type":"track","uri":"spotify:track:70OQcScSTSTVaVVAexErSy","is_local":false},{"artists":[{"external_urls":{"spotify":"https://open.spotify.com/artist/14zUHaJZo1mnYtn6IBRaRP"},"href":"https://api.spotify.com/v1/artists/14zUHaJZo1mnYtn6IBRaRP","id":"14zUHaJZo1mnYtn6IBRaRP","name":"Justin Quiles","type":"artist","uri":"spotify:artist:14zUHaJZo1mnYtn6IBRaRP"}],"available_markets":["AR","AU","AT","BE","BO","BR","BG","CA","CL","CO","CR","CY","CZ","DK","DO","DE","EC","EE","SV","FI","FR","GR","GT","HN","HK","HU","IS","IE","IT","LV","LT","LU","MY","MT","MX","NL","NZ","NI","NO","PA","PY","PE","PH","PL","PT","SG","SK","ES","SE","CH","TW","TR","UY","US","GB","AD","LI","MC","ID","JP","TH","VN","RO","IL","ZA","SA","AE","BH","QA","OM","KW","EG","MA","DZ","TN","LB","JO","PS","IN","KZ","MD","UA","AL","BA","HR","ME","MK","RS","SI","KR","BD","PK","LK","GH","KE","NG","TZ","UG","AG","AM","BS","BB","BZ","BT","BW","BF","CV","CW","DM","FJ","GM","GE","GD","GW","GY","HT","JM","KI","LS","LR","MW","MV","ML","MH","FM","NA","NR","NE","PW","PG","PR","WS","SM","ST","SN","SC","SL","SB","KN","LC","VC","SR","TL","TO","TT","TV","VU","AZ","BN","BI","KH","CM","TD","KM","GQ","SZ","GA","GN","KG","LA","MO","MR","MN","NP","RW","TG","UZ","ZW","BJ","MG","MU","MZ","AO","CI","DJ","ZM","CD","CG","IQ","LY","TJ","VE","ET","XK"],"disc_number":1,"duration_ms":193170,"explicit":true,"external_urls":{"spotify":"https://open.spotify.com/track/0bwFVqqHdlrxTMv8XFnSBF"},"href":"https://api.spotify.com/v1/tracks/0bwFVqqHdlrxTMv8XFnSBF","id":"0bwFVqqHdlrxTMv8XFnSBF","name":"DIAMANTE","preview_url":null,"track_number":11,"type":"track","uri":"spotify:track:0bwFVqqHdlrxTMv8XFnSBF","is_local":false}]},"copyrights":[{"text":"© 2024 Warner Music Latina","type":"C"},{"text":"℗ 2024 Warner Music Latina","type":"P"}],"external_ids":{"upc":"5021732431523"},"genres":[],"label":"WEA Latina","popularity":45},null]}

12:06:00.316 [pool-2-thread-4] ERROR com.intuit.karate - classpath:api/spotify/Spotify/Get-Albums.feature:65
Then status 400
status code was: 200, expected: 400, response time in milliseconds: 243, url: https://api.spotify.com/v1/albums?ids=3iA6lFPydNrgFd6s1Hojii%2C14zUHaJZo1mnYtn6IBRaRP, response: 
{"albums":[{"album_type":"album","total_tracks":11,"available_markets":["AR","AU","AT","BE","BO","BR","BG","CA","CL","CO","CR","CY","CZ","DK","DO","DE","EC","EE","SV","FI","FR","GR","GT","HN","HK","HU","IS","IE","IT","LV","LT","LU","MY","MT","MX","NL","NZ","NI","NO","PA","PY","PE","PH","PL","PT","SG","SK","ES","SE","CH","TW","TR","UY","US","GB","AD","LI","MC","ID","JP","TH","VN","RO","IL","ZA","SA","AE","BH","QA","OM","KW","EG","MA","DZ","TN","LB","JO","PS","IN","KZ","MD","UA","AL","BA","HR","ME","MK","RS","SI","KR","BD","PK","LK","GH","KE","NG","TZ","UG","AG","AM","BS","BB","BZ","BT","BW","BF","CV","CW","DM","FJ","GM","GE","GD","GW","GY","HT","JM","KI","LS","LR","MW","MV","ML","MH","FM","NA","NR","NE","PW","PG","PR","WS","SM","ST","SN","SC","SL","SB","KN","LC","VC","SR","TL","TO","TT","TV","VU","AZ","BN","BI","KH","CM","TD","KM","GQ","SZ","GA","GN","KG","LA","MO","MR","MN","NP","RW","TG","UZ","ZW","BJ","MG","MU","MZ","AO","CI","DJ","ZM","CD","CG","IQ","LY","TJ","VE","ET","XK"],"external_urls":{"spotify":"https://open.spotify.com/album/3iA6lFPydNrgFd6s1Hojii"},"href":"https://api.spotify.com/v1/albums/3iA6lFPydNrgFd6s1Hojii","id":"3iA6lFPydNrgFd6s1Hojii","images":[{"url":"https://i.scdn.co/image/ab67616d0000b27393cd9c4d2b58369055169792","height":640,"width":640},{"url":"https://i.scdn.co/image/ab67616d00001e0293cd9c4d2b58369055169792","height":300,"width":300},{"url":"https://i.scdn.co/image/ab67616d0000485193cd9c4d2b58369055169792","height":64,"width":64}],"name":"PERMANENTE","release_date":"2024-08-01","release_date_precision":"day","type":"album","uri":"spotify:album:3iA6lFPydNrgFd6s1Hojii","artists":[{"external_urls":{"spotify":"https://open.spotify.com/artist/14zUHaJZo1mnYtn6IBRaRP"},"href":"https://api.spotify.com/v1/artists/14zUHaJZo1mnYtn6IBRaRP","id":"14zUHaJZo1mnYtn6IBRaRP","name":"Justin Quiles","type":"artist","uri":"spotify:artist:14zUHaJZo1mnYtn6IBRaRP"}],"tracks":{"href":"https://api.spotify.com/v1/albums/3iA6lFPydNrgFd6s1Hojii/tracks?offset=0&limit=50","limit":50,"next":null,"offset":0,"previous":null,"total":11,"items":[{"artists":[{"external_urls":{"spotify":"https://open.spotify.com/artist/14zUHaJZo1mnYtn6IBRaRP"},"href":"https://api.spotify.com/v1/artists/14zUHaJZo1mnYtn6IBRaRP","id":"14zUHaJZo1mnYtn6IBRaRP","name":"Justin Quiles","type":"artist","uri":"spotify:artist:14zUHaJZo1mnYtn6IBRaRP"}],"available_markets":["AR","AU","AT","BE","BO","BR","BG","CA","CL","CO","CR","CY","CZ","DK","DO","DE","EC","EE","SV","FI","FR","GR","GT","HN","HK","HU","IS","IE","IT","LV","LT","LU","MY","MT","MX","NL","NZ","NI","NO","PA","PY","PE","PH","PL","PT","SG","SK","ES","SE","CH","TW","TR","UY","US","GB","AD","LI","MC","ID","JP","TH","VN","RO","IL","ZA","SA","AE","BH","QA","OM","KW","EG","MA","DZ","TN","LB","JO","PS","IN","KZ","MD","UA","AL","BA","HR","ME","MK","RS","SI","KR","BD","PK","LK","GH","KE","NG","TZ","UG","AG","AM","BS","BB","BZ","BT","BW","BF","CV","CW","DM","FJ","GM","GE","GD","GW","GY","HT","JM","KI","LS","LR","MW","MV","ML","MH","FM","NA","NR","NE","PW","PG","PR","WS","SM","ST","SN","SC","SL","SB","KN","LC","VC","SR","TL","TO","TT","TV","VU","AZ","BN","BI","KH","CM","TD","KM","GQ","SZ","GA","GN","KG","LA","MO","MR","MN","NP","RW","TG","UZ","ZW","BJ","MG","MU","MZ","AO","CI","DJ","ZM","CD","CG","IQ","LY","TJ","VE","ET","XK"],"disc_number":1,"duration_ms":168260,"explicit":true,"external_urls":{"spotify":"https://open.spotify.com/track/26PheDeOQ5GrtRtxbMAjro"},"href":"https://api.spotify.com/v1/tracks/26PheDeOQ5GrtRtxbMAjro","id":"26PheDeOQ5GrtRtxbMAjro","name":"PERMANENTE (INTRO)","preview_url":null,"track_number":1,"type":"track","uri":"spotify:track:26PheDeOQ5GrtRtxbMAjro","is_local":false},{"artists":[{"external_urls":{"spotify":"https://open.spotify.com/artist/14zUHaJZo1mnYtn6IBRaRP"},"href":"https://api.spotify.com/v1/artists/14zUHaJZo1mnYtn6IBRaRP","id":"14zUHaJZo1mnYtn6IBRaRP","name":"Justin Quiles","type":"artist","uri":"spotify:artist:14zUHaJZo1mnYtn6IBRaRP"}],"available_markets":["AR","AU","AT","BE","BO","BR","BG","CA","CL","CO","CR","CY","CZ","DK","DO","DE","EC","EE","SV","FI","FR","GR","GT","HN","HK","HU","IS","IE","IT","LV","LT","LU","MY","MT","MX","NL","NZ","NI","NO","PA","PY","PE","PH","PL","PT","SG","SK","ES","SE","CH","TW","TR","UY","US","GB","AD","LI","MC","ID","JP","TH","VN","RO","IL","ZA","SA","AE","BH","QA","OM","KW","EG","MA","DZ","TN","LB","JO","PS","IN","KZ","MD","UA","AL","BA","HR","ME","MK","RS","SI","KR","BD","PK","LK","GH","KE","NG","TZ","UG","AG","AM","BS","BB","BZ","BT","BW","BF","CV","CW","DM","FJ","GM","GE","GD","GW","GY","HT","JM","KI","LS","LR","MW","MV","ML","MH","FM","NA","NR","NE","PW","PG","PR","WS","SM","ST","SN","SC","SL","SB","KN","LC","VC","SR","TL","TO","TT","TV","VU","AZ","BN","BI","KH","CM","TD","KM","GQ","SZ","GA","GN","KG","LA","MO","MR","MN","NP","RW","TG","UZ","ZW","BJ","MG","MU","MZ","AO","CI","DJ","ZM","CD","CG","IQ","LY","TJ","VE","ET","XK"],"disc_number":1,"duration_ms":129557,"explicit":true,"external_urls":{"spotify":"https://open.spotify.com/track/4ZgNkauy7LD2e4Fl1k26lb"},"href":"https://api.spotify.com/v1/tracks/4ZgNkauy7LD2e4Fl1k26lb","id":"4ZgNkauy7LD2e4Fl1k26lb","name":"TU ROPA","preview_url":null,"track_number":2,"type":"track","uri":"spotify:track:4ZgNkauy7LD2e4Fl1k26lb","is_local":false},{"artists":[{"external_urls":{"spotify":"https://open.spotify.com/artist/14zUHaJZo1mnYtn6IBRaRP"},"href":"https://api.spotify.com/v1/artists/14zUHaJZo1mnYtn6IBRaRP","id":"14zUHaJZo1mnYtn6IBRaRP","name":"Justin Quiles","type":"artist","uri":"spotify:artist:14zUHaJZo1mnYtn6IBRaRP"},{"external_urls":{"spotify":"https://open.spotify.com/artist/2AbQwU2cuEGfD465wCXlg2"},"href":"https://api.spotify.com/v1/artists/2AbQwU2cuEGfD465wCXlg2","id":"2AbQwU2cuEGfD465wCXlg2","name":"Rawayana","type":"artist","uri":"spotify:artist:2AbQwU2cuEGfD465wCXlg2"}],"available_markets":["AR","AU","AT","BE","BO","BR","BG","CA","CL","CO","CR","CY","CZ","DK","DO","DE","EC","EE","SV","FI","FR","GR","GT","HN","HK","HU","IS","IE","IT","LV","LT","LU","MY","MT","MX","NL","NZ","NI","NO","PA","PY","PE","PH","PL","PT","SG","SK","ES","SE","CH","TW","TR","UY","US","GB","AD","LI","MC","ID","JP","TH","VN","RO","IL","ZA","SA","AE","BH","QA","OM","KW","EG","MA","DZ","TN","LB","JO","PS","IN","KZ","MD","UA","AL","BA","HR","ME","MK","RS","SI","KR","BD","PK","LK","GH","KE","NG","TZ","UG","AG","AM","BS","BB","BZ","BT","BW","BF","CV","CW","DM","FJ","GM","GE","GD","GW","GY","HT","JM","KI","LS","LR","MW","MV","ML","MH","FM","NA","NR","NE","PW","PG","PR","WS","SM","ST","SN","SC","SL","SB","KN","LC","VC","SR","TL","TO","TT","TV","VU","AZ","BN","BI","KH","CM","TD","KM","GQ","SZ","GA","GN","KG","LA","MO","MR","MN","NP","RW","TG","UZ","ZW","BJ","MG","MU","MZ","AO","CI","DJ","ZM","CD","CG","IQ","LY","TJ","VE","ET","XK"],"disc_number":1,"duration_ms":142962,"explicit":true,"external_urls":{"spotify":"https://open.spotify.com/track/1c5xz0UTqjNGrfjSeYFLNv"},"href":"https://api.spotify.com/v1/tracks/1c5xz0UTqjNGrfjSeYFLNv","id":"1c5xz0UTqjNGrfjSeYFLNv","name":"BOOM BOOM","preview_url":null,"track_number":3,"type":"track","uri":"spotify:track:1c5xz0UTqjNGrfjSeYFLNv","is_local":false},{"artists":[{"external_urls":{"spotify":"https://open.spotify.com/artist/14zUHaJZo1mnYtn6IBRaRP"},"href":"https://api.spotify.com/v1/artists/14zUHaJZo1mnYtn6IBRaRP","id":"14zUHaJZo1mnYtn6IBRaRP","name":"Justin Quiles","type":"artist","uri":"spotify:artist:14zUHaJZo1mnYtn6IBRaRP"}],"available_markets":["AR","AU","AT","BE","BO","BR","BG","CA","CL","CO","CR","CY","CZ","DK","DO","DE","EC","EE","SV","FI","FR","GR","GT","HN","HK","HU","IS","IE","IT","LV","LT","LU","MY","MT","MX","NL","NZ","NI","NO","PA","PY","PE","PH","PL","PT","SG","SK","ES","SE","CH","TW","TR","UY","US","GB","AD","LI","MC","ID","JP","TH","VN","RO","IL","ZA","SA","AE","BH","QA","OM","KW","EG","MA","DZ","TN","LB","JO","PS","IN","KZ","MD","UA","AL","BA","HR","ME","MK","RS","SI","KR","BD","PK","LK","GH","KE","NG","TZ","UG","AG","AM","BS","BB","BZ","BT","BW","BF","CV","CW","DM","FJ","GM","GE","GD","GW","GY","HT","JM","KI","LS","LR","MW","MV","ML","MH","FM","NA","NR","NE","PW","PG","PR","WS","SM","ST","SN","SC","SL","SB","KN","LC","VC","SR","TL","TO","TT","TV","VU","AZ","BN","BI","KH","CM","TD","KM","GQ","SZ","GA","GN","KG","LA","MO","MR","MN","NP","RW","TG","UZ","ZW","BJ","MG","MU","MZ","AO","CI","DJ","ZM","CD","CG","IQ","LY","TJ","VE","ET","XK"],"disc_number":1,"duration_ms":116190,"explicit":true,"external_urls":{"spotify":"https://open.spotify.com/track/477yGZK8FOM1CgoAwYDRrV"},"href":"https://api.spotify.com/v1/tracks/477yGZK8FOM1CgoAwYDRrV","id":"477yGZK8FOM1CgoAwYDRrV","name":"SU GATO","preview_url":null,"track_number":4,"type":"track","uri":"spotify:track:477yGZK8FOM1CgoAwYDRrV","is_local":false},{"artists":[{"external_urls":{"spotify":"https://open.spotify.com/artist/14zUHaJZo1mnYtn6IBRaRP"},"href":"https://api.spotify.com/v1/artists/14zUHaJZo1mnYtn6IBRaRP","id":"14zUHaJZo1mnYtn6IBRaRP","name":"Justin Quiles","type":"artist","uri":"spotify:artist:14zUHaJZo1mnYtn6IBRaRP"}],"available_markets":["AR","AU","AT","BE","BO","BR","BG","CA","CL","CO","CR","CY","CZ","DK","DO","DE","EC","EE","SV","FI","FR","GR","GT","HN","HK","HU","IS","IE","IT","LV","LT","LU","MY","MT","MX","NL","NZ","NI","NO","PA","PY","PE","PH","PL","PT","SG","SK","ES","SE","CH","TW","TR","UY","US","GB","AD","LI","MC","ID","JP","TH","VN","RO","IL","ZA","SA","AE","BH","QA","OM","KW","EG","MA","DZ","TN","LB","JO","PS","IN","KZ","MD","UA","AL","BA","HR","ME","MK","RS","SI","KR","BD","PK","LK","GH","KE","NG","TZ","UG","AG","AM","BS","BB","BZ","BT","BW","BF","CV","CW","DM","FJ","GM","GE","GD","GW","GY","HT","JM","KI","LS","LR","MW","MV","ML","MH","FM","NA","NR","NE","PW","PG","PR","WS","SM","ST","SN","SC","SL","SB","KN","LC","VC","SR","TL","TO","TT","TV","VU","AZ","BN","BI","KH","CM","TD","KM","GQ","SZ","GA","GN","KG","LA","MO","MR","MN","NP","RW","TG","UZ","ZW","BJ","MG","MU","MZ","AO","CI","DJ","ZM","CD","CG","IQ","LY","TJ","VE","ET","XK"],"disc_number":1,"duration_ms":142666,"explicit":true,"external_urls":{"spotify":"https://open.spotify.com/track/5Qf6xHXefiHfsTDZp04sdK"},"href":"https://api.spotify.com/v1/tracks/5Qf6xHXefiHfsTDZp04sdK","id":"5Qf6xHXefiHfsTDZp04sdK","name":"WHITE TEE","preview_url":null,"track_number":5,"type":"track","uri":"spotify:track:5Qf6xHXefiHfsTDZp04sdK","is_local":false},{"artists":[{"external_urls":{"spotify":"https://open.spotify.com/artist/14zUHaJZo1mnYtn6IBRaRP"},"href":"https://api.spotify.com/v1/artists/14zUHaJZo1mnYtn6IBRaRP","id":"14zUHaJZo1mnYtn6IBRaRP","name":"Justin Quiles","type":"artist","uri":"spotify:artist:14zUHaJZo1mnYtn6IBRaRP"}],"available_markets":["AR","AU","AT","BE","BO","BR","BG","CA","CL","CO","CR","CY","CZ","DK","DO","DE","EC","EE","SV","FI","FR","GR","GT","HN","HK","HU","IS","IE","IT","LV","LT","LU","MY","MT","MX","NL","NZ","NI","NO","PA","PY","PE","PH","PL","PT","SG","SK","ES","SE","CH","TW","TR","UY","US","GB","AD","LI","MC","ID","JP","TH","VN","RO","IL","ZA","SA","AE","BH","QA","OM","KW","EG","MA","DZ","TN","LB","JO","PS","IN","KZ","MD","UA","AL","BA","HR","ME","MK","RS","SI","KR","BD","PK","LK","GH","KE","NG","TZ","UG","AG","AM","BS","BB","BZ","BT","BW","BF","CV","CW","DM","FJ","GM","GE","GD","GW","GY","HT","JM","KI","LS","LR","MW","MV","ML","MH","FM","NA","NR","NE","PW","PG","PR","WS","SM","ST","SN","SC","SL","SB","KN","LC","VC","SR","TL","TO","TT","TV","VU","AZ","BN","BI","KH","CM","TD","KM","GQ","SZ","GA","GN","KG","LA","MO","MR","MN","NP","RW","TG","UZ","ZW","BJ","MG","MU","MZ","AO","CI","DJ","ZM","CD","CG","IQ","LY","TJ","VE","ET","XK"],"disc_number":1,"duration_ms":118956,"explicit":true,"external_urls":{"spotify":"https://open.spotify.com/track/5giosKrpoGDPqTbrVm5pLr"},"href":"https://api.spotify.com/v1/tracks/5giosKrpoGDPqTbrVm5pLr","id":"5giosKrpoGDPqTbrVm5pLr","name":"LIKE YOU","preview_url":null,"track_number":6,"type":"track","uri":"spotify:track:5giosKrpoGDPqTbrVm5pLr","is_local":false},{"artists":[{"external_urls":{"spotify":"https://open.spotify.com/artist/14zUHaJZo1mnYtn6IBRaRP"},"href":"https://api.spotify.com/v1/artists/14zUHaJZo1mnYtn6IBRaRP","id":"14zUHaJZo1mnYtn6IBRaRP","name":"Justin Quiles","type":"artist","uri":"spotify:artist:14zUHaJZo1mnYtn6IBRaRP"}],"available_markets":["AR","AU","AT","BE","BO","BR","BG","CA","CL","CO","CR","CY","CZ","DK","DO","DE","EC","EE","SV","FI","FR","GR","GT","HN","HK","HU","IS","IE","IT","LV","LT","LU","MY","MT","MX","NL","NZ","NI","NO","PA","PY","PE","PH","PL","PT","SG","SK","ES","SE","CH","TW","TR","UY","US","GB","AD","LI","MC","ID","JP","TH","VN","RO","IL","ZA","SA","AE","BH","QA","OM","KW","EG","MA","DZ","TN","LB","JO","PS","IN","KZ","MD","UA","AL","BA","HR","ME","MK","RS","SI","KR","BD","PK","LK","GH","KE","NG","TZ","UG","AG","AM","BS","BB","BZ","BT","BW","BF","CV","CW","DM","FJ","GM","GE","GD","GW","GY","HT","JM","KI","LS","LR","MW","MV","ML","MH","FM","NA","NR","NE","PW","PG","PR","WS","SM","ST","SN","SC","SL","SB","KN","LC","VC","SR","TL","TO","TT","TV","VU","AZ","BN","BI","KH","CM","TD","KM","GQ","SZ","GA","GN","KG","LA","MO","MR","MN","NP","RW","TG","UZ","ZW","BJ","MG","MU","MZ","AO","CI","DJ","ZM","CD","CG","IQ","LY","TJ","VE","ET","XK"],"disc_number":1,"duration_ms":136615,"explicit":true,"external_urls":{"spotify":"https://open.spotify.com/track/2A921k4SPpRUo7xUS9HQ8l"},"href":"https://api.spotify.com/v1/tracks/2A921k4SPpRUo7xUS9HQ8l","id":"2A921k4SPpRUo7xUS9HQ8l","name":"PLAY BOY","preview_url":null,"track_number":7,"type":"track","uri":"spotify:track:2A921k4SPpRUo7xUS9HQ8l","is_local":false},{"artists":[{"external_urls":{"spotify":"https://open.spotify.com/artist/14zUHaJZo1mnYtn6IBRaRP"},"href":"https://api.spotify.com/v1/artists/14zUHaJZo1mnYtn6IBRaRP","id":"14zUHaJZo1mnYtn6IBRaRP","name":"Justin Quiles","type":"artist","uri":"spotify:artist:14zUHaJZo1mnYtn6IBRaRP"}],"available_markets":["AR","AU","AT","BE","BO","BR","BG","CA","CL","CO","CR","CY","CZ","DK","DO","DE","EC","EE","SV","FI","FR","GR","GT","HN","HK","HU","IS","IE","IT","LV","LT","LU","MY","MT","MX","NL","NZ","NI","NO","PA","PY","PE","PH","PL","PT","SG","SK","ES","SE","CH","TW","TR","UY","US","GB","AD","LI","MC","ID","JP","TH","VN","RO","IL","ZA","SA","AE","BH","QA","OM","KW","EG","MA","DZ","TN","LB","JO","PS","IN","KZ","MD","UA","AL","BA","HR","ME","MK","RS","SI","KR","BD","PK","LK","GH","KE","NG","TZ","UG","AG","AM","BS","BB","BZ","BT","BW","BF","CV","CW","DM","FJ","GM","GE","GD","GW","GY","HT","JM","KI","LS","LR","MW","MV","ML","MH","FM","NA","NR","NE","PW","PG","PR","WS","SM","ST","SN","SC","SL","SB","KN","LC","VC","SR","TL","TO","TT","TV","VU","AZ","BN","BI","KH","CM","TD","KM","GQ","SZ","GA","GN","KG","LA","MO","MR","MN","NP","RW","TG","UZ","ZW","BJ","MG","MU","MZ","AO","CI","DJ","ZM","CD","CG","IQ","LY","TJ","VE","ET","XK"],"disc_number":1,"duration_ms":131320,"explicit":true,"external_urls":{"spotify":"https://open.spotify.com/track/4F5AT7bf7eI0uuVkUeQOTL"},"href":"https://api.spotify.com/v1/tracks/4F5AT7bf7eI0uuVkUeQOTL","id":"4F5AT7bf7eI0uuVkUeQOTL","name":"YA BEBÍ","preview_url":null,"track_number":8,"type":"track","uri":"spotify:track:4F5AT7bf7eI0uuVkUeQOTL","is_local":false},{"artists":[{"external_urls":{"spotify":"https://open.spotify.com/artist/14zUHaJZo1mnYtn6IBRaRP"},"href":"https://api.spotify.com/v1/artists/14zUHaJZo1mnYtn6IBRaRP","id":"14zUHaJZo1mnYtn6IBRaRP","name":"Justin Quiles","type":"artist","uri":"spotify:artist:14zUHaJZo1mnYtn6IBRaRP"}],"available_markets":["AR","AU","AT","BE","BO","BR","BG","CA","CL","CO","CR","CY","CZ","DK","DO","DE","EC","EE","SV","FI","FR","GR","GT","HN","HK","HU","IS","IE","IT","LV","LT","LU","MY","MT","MX","NL","NZ","NI","NO","PA","PY","PE","PH","PL","PT","SG","SK","ES","SE","CH","TW","TR","UY","US","GB","AD","LI","MC","ID","JP","TH","VN","RO","IL","ZA","SA","AE","BH","QA","OM","KW","EG","MA","DZ","TN","LB","JO","PS","IN","KZ","MD","UA","AL","BA","HR","ME","MK","RS","SI","KR","BD","PK","LK","GH","KE","NG","TZ","UG","AG","AM","BS","BB","BZ","BT","BW","BF","CV","CW","DM","FJ","GM","GE","GD","GW","GY","HT","JM","KI","LS","LR","MW","MV","ML","MH","FM","NA","NR","NE","PW","PG","PR","WS","SM","ST","SN","SC","SL","SB","KN","LC","VC","SR","TL","TO","TT","TV","VU","AZ","BN","BI","KH","CM","TD","KM","GQ","SZ","GA","GN","KG","LA","MO","MR","MN","NP","RW","TG","UZ","ZW","BJ","MG","MU","MZ","AO","CI","DJ","ZM","CD","CG","IQ","LY","TJ","VE","ET","XK"],"disc_number":1,"duration_ms":123200,"explicit":true,"external_urls":{"spotify":"https://open.spotify.com/track/2n4Tk9Xks0ya224A5eqPfH"},"href":"https://api.spotify.com/v1/tracks/2n4Tk9Xks0ya224A5eqPfH","id":"2n4Tk9Xks0ya224A5eqPfH","name":"SE PRESTA","preview_url":null,"track_number":9,"type":"track","uri":"spotify:track:2n4Tk9Xks0ya224A5eqPfH","is_local":false},{"artists":[{"external_urls":{"spotify":"https://open.spotify.com/artist/14zUHaJZo1mnYtn6IBRaRP"},"href":"https://api.spotify.com/v1/artists/14zUHaJZo1mnYtn6IBRaRP","id":"14zUHaJZo1mnYtn6IBRaRP","name":"Justin Quiles","type":"artist","uri":"spotify:artist:14zUHaJZo1mnYtn6IBRaRP"}],"available_markets":["AR","AU","AT","BE","BO","BR","BG","CA","CL","CO","CR","CY","CZ","DK","DO","DE","EC","EE","SV","FI","FR","GR","GT","HN","HK","HU","IS","IE","IT","LV","LT","LU","MY","MT","MX","NL","NZ","NI","NO","PA","PY","PE","PH","PL","PT","SG","SK","ES","SE","CH","TW","TR","UY","US","GB","AD","LI","MC","ID","JP","TH","VN","RO","IL","ZA","SA","AE","BH","QA","OM","KW","EG","MA","DZ","TN","LB","JO","PS","IN","KZ","MD","UA","AL","BA","HR","ME","MK","RS","SI","KR","BD","PK","LK","GH","KE","NG","TZ","UG","AG","AM","BS","BB","BZ","BT","BW","BF","CV","CW","DM","FJ","GM","GE","GD","GW","GY","HT","JM","KI","LS","LR","MW","MV","ML","MH","FM","NA","NR","NE","PW","PG","PR","WS","SM","ST","SN","SC","SL","SB","KN","LC","VC","SR","TL","TO","TT","TV","VU","AZ","BN","BI","KH","CM","TD","KM","GQ","SZ","GA","GN","KG","LA","MO","MR","MN","NP","RW","TG","UZ","ZW","BJ","MG","MU","MZ","AO","CI","DJ","ZM","CD","CG","IQ","LY","TJ","VE","ET","XK"],"disc_number":1,"duration_ms":120000,"explicit":true,"external_urls":{"spotify":"https://open.spotify.com/track/70OQcScSTSTVaVVAexErSy"},"href":"https://api.spotify.com/v1/tracks/70OQcScSTSTVaVVAexErSy","id":"70OQcScSTSTVaVVAexErSy","name":"MAREA","preview_url":null,"track_number":10,"type":"track","uri":"spotify:track:70OQcScSTSTVaVVAexErSy","is_local":false},{"artists":[{"external_urls":{"spotify":"https://open.spotify.com/artist/14zUHaJZo1mnYtn6IBRaRP"},"href":"https://api.spotify.com/v1/artists/14zUHaJZo1mnYtn6IBRaRP","id":"14zUHaJZo1mnYtn6IBRaRP","name":"Justin Quiles","type":"artist","uri":"spotify:artist:14zUHaJZo1mnYtn6IBRaRP"}],"available_markets":["AR","AU","AT","BE","BO","BR","BG","CA","CL","CO","CR","CY","CZ","DK","DO","DE","EC","EE","SV","FI","FR","GR","GT","HN","HK","HU","IS","IE","IT","LV","LT","LU","MY","MT","MX","NL","NZ","NI","NO","PA","PY","PE","PH","PL","PT","SG","SK","ES","SE","CH","TW","TR","UY","US","GB","AD","LI","MC","ID","JP","TH","VN","RO","IL","ZA","SA","AE","BH","QA","OM","KW","EG","MA","DZ","TN","LB","JO","PS","IN","KZ","MD","UA","AL","BA","HR","ME","MK","RS","SI","KR","BD","PK","LK","GH","KE","NG","TZ","UG","AG","AM","BS","BB","BZ","BT","BW","BF","CV","CW","DM","FJ","GM","GE","GD","GW","GY","HT","JM","KI","LS","LR","MW","MV","ML","MH","FM","NA","NR","NE","PW","PG","PR","WS","SM","ST","SN","SC","SL","SB","KN","LC","VC","SR","TL","TO","TT","TV","VU","AZ","BN","BI","KH","CM","TD","KM","GQ","SZ","GA","GN","KG","LA","MO","MR","MN","NP","RW","TG","UZ","ZW","BJ","MG","MU","MZ","AO","CI","DJ","ZM","CD","CG","IQ","LY","TJ","VE","ET","XK"],"disc_number":1,"duration_ms":193170,"explicit":true,"external_urls":{"spotify":"https://open.spotify.com/track/0bwFVqqHdlrxTMv8XFnSBF"},"href":"https://api.spotify.com/v1/tracks/0bwFVqqHdlrxTMv8XFnSBF","id":"0bwFVqqHdlrxTMv8XFnSBF","name":"DIAMANTE","preview_url":null,"track_number":11,"type":"track","uri":"spotify:track:0bwFVqqHdlrxTMv8XFnSBF","is_local":false}]},"copyrights":[{"text":"© 2024 Warner Music Latina","type":"C"},{"text":"℗ 2024 Warner Music Latina","type":"P"}],"external_ids":{"upc":"5021732431523"},"genres":[],"label":"WEA Latina","popularity":45},null]}
classpath:api/spotify/Spotify/Get-Albums.feature:65
---------------------------------------------------------
feature: classpath:api/spotify/Spotify/get-album.feature
scenarios: 10 | passed: 10 | failed:  0 | time: 8,7667
---------------------------------------------------------

12:06:01.977 [pool-3-thread-1] INFO  com.intuit.karate.Suite - <<pass>> feature 1 of 3 (2 remaining) classpath:api/spotify/Spotify/get-album.feature
---------------------------------------------------------
feature: classpath:api/spotify/Spotify/Get-Albums.feature
scenarios:  6 | passed:  5 | failed:  1 | time: 4,3700
---------------------------------------------------------

12:06:02.840 [pool-3-thread-1] INFO  com.intuit.karate.Suite - <<fail>> feature 2 of 3 (1 remaining) classpath:api/spotify/Spotify/Get-Albums.feature
---------------------------------------------------------
feature: classpath:api/spotify/Spotify/SpotifyAuthToKen.feature
scenarios:  1 | passed:  1 | failed:  0 | time: 0,2047
---------------------------------------------------------

12:06:02.937 [pool-3-thread-1] INFO  com.intuit.karate.Suite - <<pass>> feature 3 of 3 (0 remaining) classpath:api/spotify/Spotify/SpotifyAuthToKen.feature
Karate version: 1.5.0
======================================================
elapsed:   8,39 | threads:    5 | thread time: 13,34 
features:     3 | skipped:    0 | efficiency: 0,32
scenarios:   17 | passed:    16 | failed: 1
======================================================
>>> failed features:
status code was: 200, expected: 400, response time in milliseconds: 243, url: https://api.spotify.com/v1/albums?ids=3iA6lFPydNrgFd6s1Hojii%2C14zUHaJZo1mnYtn6IBRaRP, response: 
{"albums":[{"album_type":"album","total_tracks":11,"available_markets":["AR","AU","AT","BE","BO","BR","BG","CA","CL","CO","CR","CY","CZ","DK","DO","DE","EC","EE","SV","FI","FR","GR","GT","HN","HK","HU","IS","IE","IT","LV","LT","LU","MY","MT","MX","NL","NZ","NI","NO","PA","PY","PE","PH","PL","PT","SG","SK","ES","SE","CH","TW","TR","UY","US","GB","AD","LI","MC","ID","JP","TH","VN","RO","IL","ZA","SA","AE","BH","QA","OM","KW","EG","MA","DZ","TN","LB","JO","PS","IN","KZ","MD","UA","AL","BA","HR","ME","MK","RS","SI","KR","BD","PK","LK","GH","KE","NG","TZ","UG","AG","AM","BS","BB","BZ","BT","BW","BF","CV","CW","DM","FJ","GM","GE","GD","GW","GY","HT","JM","KI","LS","LR","MW","MV","ML","MH","FM","NA","NR","NE","PW","PG","PR","WS","SM","ST","SN","SC","SL","SB","KN","LC","VC","SR","TL","TO","TT","TV","VU","AZ","BN","BI","KH","CM","TD","KM","GQ","SZ","GA","GN","KG","LA","MO","MR","MN","NP","RW","TG","UZ","ZW","BJ","MG","MU","MZ","AO","CI","DJ","ZM","CD","CG","IQ","LY","TJ","VE","ET","XK"],"external_urls":{"spotify":"https://open.spotify.com/album/3iA6lFPydNrgFd6s1Hojii"},"href":"https://api.spotify.com/v1/albums/3iA6lFPydNrgFd6s1Hojii","id":"3iA6lFPydNrgFd6s1Hojii","images":[{"url":"https://i.scdn.co/image/ab67616d0000b27393cd9c4d2b58369055169792","height":640,"width":640},{"url":"https://i.scdn.co/image/ab67616d00001e0293cd9c4d2b58369055169792","height":300,"width":300},{"url":"https://i.scdn.co/image/ab67616d0000485193cd9c4d2b58369055169792","height":64,"width":64}],"name":"PERMANENTE","release_date":"2024-08-01","release_date_precision":"day","type":"album","uri":"spotify:album:3iA6lFPydNrgFd6s1Hojii","artists":[{"external_urls":{"spotify":"https://open.spotify.com/artist/14zUHaJZo1mnYtn6IBRaRP"},"href":"https://api.spotify.com/v1/artists/14zUHaJZo1mnYtn6IBRaRP","id":"14zUHaJZo1mnYtn6IBRaRP","name":"Justin Quiles","type":"artist","uri":"spotify:artist:14zUHaJZo1mnYtn6IBRaRP"}],"tracks":{"href":"https://api.spotify.com/v1/albums/3iA6lFPydNrgFd6s1Hojii/tracks?offset=0&limit=50","limit":50,"next":null,"offset":0,"previous":null,"total":11,"items":[{"artists":[{"external_urls":{"spotify":"https://open.spotify.com/artist/14zUHaJZo1mnYtn6IBRaRP"},"href":"https://api.spotify.com/v1/artists/14zUHaJZo1mnYtn6IBRaRP","id":"14zUHaJZo1mnYtn6IBRaRP","name":"Justin Quiles","type":"artist","uri":"spotify:artist:14zUHaJZo1mnYtn6IBRaRP"}],"available_markets":["AR","AU","AT","BE","BO","BR","BG","CA","CL","CO","CR","CY","CZ","DK","DO","DE","EC","EE","SV","FI","FR","GR","GT","HN","HK","HU","IS","IE","IT","LV","LT","LU","MY","MT","MX","NL","NZ","NI","NO","PA","PY","PE","PH","PL","PT","SG","SK","ES","SE","CH","TW","TR","UY","US","GB","AD","LI","MC","ID","JP","TH","VN","RO","IL","ZA","SA","AE","BH","QA","OM","KW","EG","MA","DZ","TN","LB","JO","PS","IN","KZ","MD","UA","AL","BA","HR","ME","MK","RS","SI","KR","BD","PK","LK","GH","KE","NG","TZ","UG","AG","AM","BS","BB","BZ","BT","BW","BF","CV","CW","DM","FJ","GM","GE","GD","GW","GY","HT","JM","KI","LS","LR","MW","MV","ML","MH","FM","NA","NR","NE","PW","PG","PR","WS","SM","ST","SN","SC","SL","SB","KN","LC","VC","SR","TL","TO","TT","TV","VU","AZ","BN","BI","KH","CM","TD","KM","GQ","SZ","GA","GN","KG","LA","MO","MR","MN","NP","RW","TG","UZ","ZW","BJ","MG","MU","MZ","AO","CI","DJ","ZM","CD","CG","IQ","LY","TJ","VE","ET","XK"],"disc_number":1,"duration_ms":168260,"explicit":true,"external_urls":{"spotify":"https://open.spotify.com/track/26PheDeOQ5GrtRtxbMAjro"},"href":"https://api.spotify.com/v1/tracks/26PheDeOQ5GrtRtxbMAjro","id":"26PheDeOQ5GrtRtxbMAjro","name":"PERMANENTE (INTRO)","preview_url":null,"track_number":1,"type":"track","uri":"spotify:track:26PheDeOQ5GrtRtxbMAjro","is_local":false},{"artists":[{"external_urls":{"spotify":"https://open.spotify.com/artist/14zUHaJZo1mnYtn6IBRaRP"},"href":"https://api.spotify.com/v1/artists/14zUHaJZo1mnYtn6IBRaRP","id":"14zUHaJZo1mnYtn6IBRaRP","name":"Justin Quiles","type":"artist","uri":"spotify:artist:14zUHaJZo1mnYtn6IBRaRP"}],"available_markets":["AR","AU","AT","BE","BO","BR","BG","CA","CL","CO","CR","CY","CZ","DK","DO","DE","EC","EE","SV","FI","FR","GR","GT","HN","HK","HU","IS","IE","IT","LV","LT","LU","MY","MT","MX","NL","NZ","NI","NO","PA","PY","PE","PH","PL","PT","SG","SK","ES","SE","CH","TW","TR","UY","US","GB","AD","LI","MC","ID","JP","TH","VN","RO","IL","ZA","SA","AE","BH","QA","OM","KW","EG","MA","DZ","TN","LB","JO","PS","IN","KZ","MD","UA","AL","BA","HR","ME","MK","RS","SI","KR","BD","PK","LK","GH","KE","NG","TZ","UG","AG","AM","BS","BB","BZ","BT","BW","BF","CV","CW","DM","FJ","GM","GE","GD","GW","GY","HT","JM","KI","LS","LR","MW","MV","ML","MH","FM","NA","NR","NE","PW","PG","PR","WS","SM","ST","SN","SC","SL","SB","KN","LC","VC","SR","TL","TO","TT","TV","VU","AZ","BN","BI","KH","CM","TD","KM","GQ","SZ","GA","GN","KG","LA","MO","MR","MN","NP","RW","TG","UZ","ZW","BJ","MG","MU","MZ","AO","CI","DJ","ZM","CD","CG","IQ","LY","TJ","VE","ET","XK"],"disc_number":1,"duration_ms":129557,"explicit":true,"external_urls":{"spotify":"https://open.spotify.com/track/4ZgNkauy7LD2e4Fl1k26lb"},"href":"https://api.spotify.com/v1/tracks/4ZgNkauy7LD2e4Fl1k26lb","id":"4ZgNkauy7LD2e4Fl1k26lb","name":"TU ROPA","preview_url":null,"track_number":2,"type":"track","uri":"spotify:track:4ZgNkauy7LD2e4Fl1k26lb","is_local":false},{"artists":[{"external_urls":{"spotify":"https://open.spotify.com/artist/14zUHaJZo1mnYtn6IBRaRP"},"href":"https://api.spotify.com/v1/artists/14zUHaJZo1mnYtn6IBRaRP","id":"14zUHaJZo1mnYtn6IBRaRP","name":"Justin Quiles","type":"artist","uri":"spotify:artist:14zUHaJZo1mnYtn6IBRaRP"},{"external_urls":{"spotify":"https://open.spotify.com/artist/2AbQwU2cuEGfD465wCXlg2"},"href":"https://api.spotify.com/v1/artists/2AbQwU2cuEGfD465wCXlg2","id":"2AbQwU2cuEGfD465wCXlg2","name":"Rawayana","type":"artist","uri":"spotify:artist:2AbQwU2cuEGfD465wCXlg2"}],"available_markets":["AR","AU","AT","BE","BO","BR","BG","CA","CL","CO","CR","CY","CZ","DK","DO","DE","EC","EE","SV","FI","FR","GR","GT","HN","HK","HU","IS","IE","IT","LV","LT","LU","MY","MT","MX","NL","NZ","NI","NO","PA","PY","PE","PH","PL","PT","SG","SK","ES","SE","CH","TW","TR","UY","US","GB","AD","LI","MC","ID","JP","TH","VN","RO","IL","ZA","SA","AE","BH","QA","OM","KW","EG","MA","DZ","TN","LB","JO","PS","IN","KZ","MD","UA","AL","BA","HR","ME","MK","RS","SI","KR","BD","PK","LK","GH","KE","NG","TZ","UG","AG","AM","BS","BB","BZ","BT","BW","BF","CV","CW","DM","FJ","GM","GE","GD","GW","GY","HT","JM","KI","LS","LR","MW","MV","ML","MH","FM","NA","NR","NE","PW","PG","PR","WS","SM","ST","SN","SC","SL","SB","KN","LC","VC","SR","TL","TO","TT","TV","VU","AZ","BN","BI","KH","CM","TD","KM","GQ","SZ","GA","GN","KG","LA","MO","MR","MN","NP","RW","TG","UZ","ZW","BJ","MG","MU","MZ","AO","CI","DJ","ZM","CD","CG","IQ","LY","TJ","VE","ET","XK"],"disc_number":1,"duration_ms":142962,"explicit":true,"external_urls":{"spotify":"https://open.spotify.com/track/1c5xz0UTqjNGrfjSeYFLNv"},"href":"https://api.spotify.com/v1/tracks/1c5xz0UTqjNGrfjSeYFLNv","id":"1c5xz0UTqjNGrfjSeYFLNv","name":"BOOM BOOM","preview_url":null,"track_number":3,"type":"track","uri":"spotify:track:1c5xz0UTqjNGrfjSeYFLNv","is_local":false},{"artists":[{"external_urls":{"spotify":"https://open.spotify.com/artist/14zUHaJZo1mnYtn6IBRaRP"},"href":"https://api.spotify.com/v1/artists/14zUHaJZo1mnYtn6IBRaRP","id":"14zUHaJZo1mnYtn6IBRaRP","name":"Justin Quiles","type":"artist","uri":"spotify:artist:14zUHaJZo1mnYtn6IBRaRP"}],"available_markets":["AR","AU","AT","BE","BO","BR","BG","CA","CL","CO","CR","CY","CZ","DK","DO","DE","EC","EE","SV","FI","FR","GR","GT","HN","HK","HU","IS","IE","IT","LV","LT","LU","MY","MT","MX","NL","NZ","NI","NO","PA","PY","PE","PH","PL","PT","SG","SK","ES","SE","CH","TW","TR","UY","US","GB","AD","LI","MC","ID","JP","TH","VN","RO","IL","ZA","SA","AE","BH","QA","OM","KW","EG","MA","DZ","TN","LB","JO","PS","IN","KZ","MD","UA","AL","BA","HR","ME","MK","RS","SI","KR","BD","PK","LK","GH","KE","NG","TZ","UG","AG","AM","BS","BB","BZ","BT","BW","BF","CV","CW","DM","FJ","GM","GE","GD","GW","GY","HT","JM","KI","LS","LR","MW","MV","ML","MH","FM","NA","NR","NE","PW","PG","PR","WS","SM","ST","SN","SC","SL","SB","KN","LC","VC","SR","TL","TO","TT","TV","VU","AZ","BN","BI","KH","CM","TD","KM","GQ","SZ","GA","GN","KG","LA","MO","MR","MN","NP","RW","TG","UZ","ZW","BJ","MG","MU","MZ","AO","CI","DJ","ZM","CD","CG","IQ","LY","TJ","VE","ET","XK"],"disc_number":1,"duration_ms":116190,"explicit":true,"external_urls":{"spotify":"https://open.spotify.com/track/477yGZK8FOM1CgoAwYDRrV"},"href":"https://api.spotify.com/v1/tracks/477yGZK8FOM1CgoAwYDRrV","id":"477yGZK8FOM1CgoAwYDRrV","name":"SU GATO","preview_url":null,"track_number":4,"type":"track","uri":"spotify:track:477yGZK8FOM1CgoAwYDRrV","is_local":false},{"artists":[{"external_urls":{"spotify":"https://open.spotify.com/artist/14zUHaJZo1mnYtn6IBRaRP"},"href":"https://api.spotify.com/v1/artists/14zUHaJZo1mnYtn6IBRaRP","id":"14zUHaJZo1mnYtn6IBRaRP","name":"Justin Quiles","type":"artist","uri":"spotify:artist:14zUHaJZo1mnYtn6IBRaRP"}],"available_markets":["AR","AU","AT","BE","BO","BR","BG","CA","CL","CO","CR","CY","CZ","DK","DO","DE","EC","EE","SV","FI","FR","GR","GT","HN","HK","HU","IS","IE","IT","LV","LT","LU","MY","MT","MX","NL","NZ","NI","NO","PA","PY","PE","PH","PL","PT","SG","SK","ES","SE","CH","TW","TR","UY","US","GB","AD","LI","MC","ID","JP","TH","VN","RO","IL","ZA","SA","AE","BH","QA","OM","KW","EG","MA","DZ","TN","LB","JO","PS","IN","KZ","MD","UA","AL","BA","HR","ME","MK","RS","SI","KR","BD","PK","LK","GH","KE","NG","TZ","UG","AG","AM","BS","BB","BZ","BT","BW","BF","CV","CW","DM","FJ","GM","GE","GD","GW","GY","HT","JM","KI","LS","LR","MW","MV","ML","MH","FM","NA","NR","NE","PW","PG","PR","WS","SM","ST","SN","SC","SL","SB","KN","LC","VC","SR","TL","TO","TT","TV","VU","AZ","BN","BI","KH","CM","TD","KM","GQ","SZ","GA","GN","KG","LA","MO","MR","MN","NP","RW","TG","UZ","ZW","BJ","MG","MU","MZ","AO","CI","DJ","ZM","CD","CG","IQ","LY","TJ","VE","ET","XK"],"disc_number":1,"duration_ms":142666,"explicit":true,"external_urls":{"spotify":"https://open.spotify.com/track/5Qf6xHXefiHfsTDZp04sdK"},"href":"https://api.spotify.com/v1/tracks/5Qf6xHXefiHfsTDZp04sdK","id":"5Qf6xHXefiHfsTDZp04sdK","name":"WHITE TEE","preview_url":null,"track_number":5,"type":"track","uri":"spotify:track:5Qf6xHXefiHfsTDZp04sdK","is_local":false},{"artists":[{"external_urls":{"spotify":"https://open.spotify.com/artist/14zUHaJZo1mnYtn6IBRaRP"},"href":"https://api.spotify.com/v1/artists/14zUHaJZo1mnYtn6IBRaRP","id":"14zUHaJZo1mnYtn6IBRaRP","name":"Justin Quiles","type":"artist","uri":"spotify:artist:14zUHaJZo1mnYtn6IBRaRP"}],"available_markets":["AR","AU","AT","BE","BO","BR","BG","CA","CL","CO","CR","CY","CZ","DK","DO","DE","EC","EE","SV","FI","FR","GR","GT","HN","HK","HU","IS","IE","IT","LV","LT","LU","MY","MT","MX","NL","NZ","NI","NO","PA","PY","PE","PH","PL","PT","SG","SK","ES","SE","CH","TW","TR","UY","US","GB","AD","LI","MC","ID","JP","TH","VN","RO","IL","ZA","SA","AE","BH","QA","OM","KW","EG","MA","DZ","TN","LB","JO","PS","IN","KZ","MD","UA","AL","BA","HR","ME","MK","RS","SI","KR","BD","PK","LK","GH","KE","NG","TZ","UG","AG","AM","BS","BB","BZ","BT","BW","BF","CV","CW","DM","FJ","GM","GE","GD","GW","GY","HT","JM","KI","LS","LR","MW","MV","ML","MH","FM","NA","NR","NE","PW","PG","PR","WS","SM","ST","SN","SC","SL","SB","KN","LC","VC","SR","TL","TO","TT","TV","VU","AZ","BN","BI","KH","CM","TD","KM","GQ","SZ","GA","GN","KG","LA","MO","MR","MN","NP","RW","TG","UZ","ZW","BJ","MG","MU","MZ","AO","CI","DJ","ZM","CD","CG","IQ","LY","TJ","VE","ET","XK"],"disc_number":1,"duration_ms":118956,"explicit":true,"external_urls":{"spotify":"https://open.spotify.com/track/5giosKrpoGDPqTbrVm5pLr"},"href":"https://api.spotify.com/v1/tracks/5giosKrpoGDPqTbrVm5pLr","id":"5giosKrpoGDPqTbrVm5pLr","name":"LIKE YOU","preview_url":null,"track_number":6,"type":"track","uri":"spotify:track:5giosKrpoGDPqTbrVm5pLr","is_local":false},{"artists":[{"external_urls":{"spotify":"https://open.spotify.com/artist/14zUHaJZo1mnYtn6IBRaRP"},"href":"https://api.spotify.com/v1/artists/14zUHaJZo1mnYtn6IBRaRP","id":"14zUHaJZo1mnYtn6IBRaRP","name":"Justin Quiles","type":"artist","uri":"spotify:artist:14zUHaJZo1mnYtn6IBRaRP"}],"available_markets":["AR","AU","AT","BE","BO","BR","BG","CA","CL","CO","CR","CY","CZ","DK","DO","DE","EC","EE","SV","FI","FR","GR","GT","HN","HK","HU","IS","IE","IT","LV","LT","LU","MY","MT","MX","NL","NZ","NI","NO","PA","PY","PE","PH","PL","PT","SG","SK","ES","SE","CH","TW","TR","UY","US","GB","AD","LI","MC","ID","JP","TH","VN","RO","IL","ZA","SA","AE","BH","QA","OM","KW","EG","MA","DZ","TN","LB","JO","PS","IN","KZ","MD","UA","AL","BA","HR","ME","MK","RS","SI","KR","BD","PK","LK","GH","KE","NG","TZ","UG","AG","AM","BS","BB","BZ","BT","BW","BF","CV","CW","DM","FJ","GM","GE","GD","GW","GY","HT","JM","KI","LS","LR","MW","MV","ML","MH","FM","NA","NR","NE","PW","PG","PR","WS","SM","ST","SN","SC","SL","SB","KN","LC","VC","SR","TL","TO","TT","TV","VU","AZ","BN","BI","KH","CM","TD","KM","GQ","SZ","GA","GN","KG","LA","MO","MR","MN","NP","RW","TG","UZ","ZW","BJ","MG","MU","MZ","AO","CI","DJ","ZM","CD","CG","IQ","LY","TJ","VE","ET","XK"],"disc_number":1,"duration_ms":136615,"explicit":true,"external_urls":{"spotify":"https://open.spotify.com/track/2A921k4SPpRUo7xUS9HQ8l"},"href":"https://api.spotify.com/v1/tracks/2A921k4SPpRUo7xUS9HQ8l","id":"2A921k4SPpRUo7xUS9HQ8l","name":"PLAY BOY","preview_url":null,"track_number":7,"type":"track","uri":"spotify:track:2A921k4SPpRUo7xUS9HQ8l","is_local":false},{"artists":[{"external_urls":{"spotify":"https://open.spotify.com/artist/14zUHaJZo1mnYtn6IBRaRP"},"href":"https://api.spotify.com/v1/artists/14zUHaJZo1mnYtn6IBRaRP","id":"14zUHaJZo1mnYtn6IBRaRP","name":"Justin Quiles","type":"artist","uri":"spotify:artist:14zUHaJZo1mnYtn6IBRaRP"}],"available_markets":["AR","AU","AT","BE","BO","BR","BG","CA","CL","CO","CR","CY","CZ","DK","DO","DE","EC","EE","SV","FI","FR","GR","GT","HN","HK","HU","IS","IE","IT","LV","LT","LU","MY","MT","MX","NL","NZ","NI","NO","PA","PY","PE","PH","PL","PT","SG","SK","ES","SE","CH","TW","TR","UY","US","GB","AD","LI","MC","ID","JP","TH","VN","RO","IL","ZA","SA","AE","BH","QA","OM","KW","EG","MA","DZ","TN","LB","JO","PS","IN","KZ","MD","UA","AL","BA","HR","ME","MK","RS","SI","KR","BD","PK","LK","GH","KE","NG","TZ","UG","AG","AM","BS","BB","BZ","BT","BW","BF","CV","CW","DM","FJ","GM","GE","GD","GW","GY","HT","JM","KI","LS","LR","MW","MV","ML","MH","FM","NA","NR","NE","PW","PG","PR","WS","SM","ST","SN","SC","SL","SB","KN","LC","VC","SR","TL","TO","TT","TV","VU","AZ","BN","BI","KH","CM","TD","KM","GQ","SZ","GA","GN","KG","LA","MO","MR","MN","NP","RW","TG","UZ","ZW","BJ","MG","MU","MZ","AO","CI","DJ","ZM","CD","CG","IQ","LY","TJ","VE","ET","XK"],"disc_number":1,"duration_ms":131320,"explicit":true,"external_urls":{"spotify":"https://open.spotify.com/track/4F5AT7bf7eI0uuVkUeQOTL"},"href":"https://api.spotify.com/v1/tracks/4F5AT7bf7eI0uuVkUeQOTL","id":"4F5AT7bf7eI0uuVkUeQOTL","name":"YA BEBÍ","preview_url":null,"track_number":8,"type":"track","uri":"spotify:track:4F5AT7bf7eI0uuVkUeQOTL","is_local":false},{"artists":[{"external_urls":{"spotify":"https://open.spotify.com/artist/14zUHaJZo1mnYtn6IBRaRP"},"href":"https://api.spotify.com/v1/artists/14zUHaJZo1mnYtn6IBRaRP","id":"14zUHaJZo1mnYtn6IBRaRP","name":"Justin Quiles","type":"artist","uri":"spotify:artist:14zUHaJZo1mnYtn6IBRaRP"}],"available_markets":["AR","AU","AT","BE","BO","BR","BG","CA","CL","CO","CR","CY","CZ","DK","DO","DE","EC","EE","SV","FI","FR","GR","GT","HN","HK","HU","IS","IE","IT","LV","LT","LU","MY","MT","MX","NL","NZ","NI","NO","PA","PY","PE","PH","PL","PT","SG","SK","ES","SE","CH","TW","TR","UY","US","GB","AD","LI","MC","ID","JP","TH","VN","RO","IL","ZA","SA","AE","BH","QA","OM","KW","EG","MA","DZ","TN","LB","JO","PS","IN","KZ","MD","UA","AL","BA","HR","ME","MK","RS","SI","KR","BD","PK","LK","GH","KE","NG","TZ","UG","AG","AM","BS","BB","BZ","BT","BW","BF","CV","CW","DM","FJ","GM","GE","GD","GW","GY","HT","JM","KI","LS","LR","MW","MV","ML","MH","FM","NA","NR","NE","PW","PG","PR","WS","SM","ST","SN","SC","SL","SB","KN","LC","VC","SR","TL","TO","TT","TV","VU","AZ","BN","BI","KH","CM","TD","KM","GQ","SZ","GA","GN","KG","LA","MO","MR","MN","NP","RW","TG","UZ","ZW","BJ","MG","MU","MZ","AO","CI","DJ","ZM","CD","CG","IQ","LY","TJ","VE","ET","XK"],"disc_number":1,"duration_ms":123200,"explicit":true,"external_urls":{"spotify":"https://open.spotify.com/track/2n4Tk9Xks0ya224A5eqPfH"},"href":"https://api.spotify.com/v1/tracks/2n4Tk9Xks0ya224A5eqPfH","id":"2n4Tk9Xks0ya224A5eqPfH","name":"SE PRESTA","preview_url":null,"track_number":9,"type":"track","uri":"spotify:track:2n4Tk9Xks0ya224A5eqPfH","is_local":false},{"artists":[{"external_urls":{"spotify":"https://open.spotify.com/artist/14zUHaJZo1mnYtn6IBRaRP"},"href":"https://api.spotify.com/v1/artists/14zUHaJZo1mnYtn6IBRaRP","id":"14zUHaJZo1mnYtn6IBRaRP","name":"Justin Quiles","type":"artist","uri":"spotify:artist:14zUHaJZo1mnYtn6IBRaRP"}],"available_markets":["AR","AU","AT","BE","BO","BR","BG","CA","CL","CO","CR","CY","CZ","DK","DO","DE","EC","EE","SV","FI","FR","GR","GT","HN","HK","HU","IS","IE","IT","LV","LT","LU","MY","MT","MX","NL","NZ","NI","NO","PA","PY","PE","PH","PL","PT","SG","SK","ES","SE","CH","TW","TR","UY","US","GB","AD","LI","MC","ID","JP","TH","VN","RO","IL","ZA","SA","AE","BH","QA","OM","KW","EG","MA","DZ","TN","LB","JO","PS","IN","KZ","MD","UA","AL","BA","HR","ME","MK","RS","SI","KR","BD","PK","LK","GH","KE","NG","TZ","UG","AG","AM","BS","BB","BZ","BT","BW","BF","CV","CW","DM","FJ","GM","GE","GD","GW","GY","HT","JM","KI","LS","LR","MW","MV","ML","MH","FM","NA","NR","NE","PW","PG","PR","WS","SM","ST","SN","SC","SL","SB","KN","LC","VC","SR","TL","TO","TT","TV","VU","AZ","BN","BI","KH","CM","TD","KM","GQ","SZ","GA","GN","KG","LA","MO","MR","MN","NP","RW","TG","UZ","ZW","BJ","MG","MU","MZ","AO","CI","DJ","ZM","CD","CG","IQ","LY","TJ","VE","ET","XK"],"disc_number":1,"duration_ms":120000,"explicit":true,"external_urls":{"spotify":"https://open.spotify.com/track/70OQcScSTSTVaVVAexErSy"},"href":"https://api.spotify.com/v1/tracks/70OQcScSTSTVaVVAexErSy","id":"70OQcScSTSTVaVVAexErSy","name":"MAREA","preview_url":null,"track_number":10,"type":"track","uri":"spotify:track:70OQcScSTSTVaVVAexErSy","is_local":false},{"artists":[{"external_urls":{"spotify":"https://open.spotify.com/artist/14zUHaJZo1mnYtn6IBRaRP"},"href":"https://api.spotify.com/v1/artists/14zUHaJZo1mnYtn6IBRaRP","id":"14zUHaJZo1mnYtn6IBRaRP","name":"Justin Quiles","type":"artist","uri":"spotify:artist:14zUHaJZo1mnYtn6IBRaRP"}],"available_markets":["AR","AU","AT","BE","BO","BR","BG","CA","CL","CO","CR","CY","CZ","DK","DO","DE","EC","EE","SV","FI","FR","GR","GT","HN","HK","HU","IS","IE","IT","LV","LT","LU","MY","MT","MX","NL","NZ","NI","NO","PA","PY","PE","PH","PL","PT","SG","SK","ES","SE","CH","TW","TR","UY","US","GB","AD","LI","MC","ID","JP","TH","VN","RO","IL","ZA","SA","AE","BH","QA","OM","KW","EG","MA","DZ","TN","LB","JO","PS","IN","KZ","MD","UA","AL","BA","HR","ME","MK","RS","SI","KR","BD","PK","LK","GH","KE","NG","TZ","UG","AG","AM","BS","BB","BZ","BT","BW","BF","CV","CW","DM","FJ","GM","GE","GD","GW","GY","HT","JM","KI","LS","LR","MW","MV","ML","MH","FM","NA","NR","NE","PW","PG","PR","WS","SM","ST","SN","SC","SL","SB","KN","LC","VC","SR","TL","TO","TT","TV","VU","AZ","BN","BI","KH","CM","TD","KM","GQ","SZ","GA","GN","KG","LA","MO","MR","MN","NP","RW","TG","UZ","ZW","BJ","MG","MU","MZ","AO","CI","DJ","ZM","CD","CG","IQ","LY","TJ","VE","ET","XK"],"disc_number":1,"duration_ms":193170,"explicit":true,"external_urls":{"spotify":"https://open.spotify.com/track/0bwFVqqHdlrxTMv8XFnSBF"},"href":"https://api.spotify.com/v1/tracks/0bwFVqqHdlrxTMv8XFnSBF","id":"0bwFVqqHdlrxTMv8XFnSBF","name":"DIAMANTE","preview_url":null,"track_number":11,"type":"track","uri":"spotify:track:0bwFVqqHdlrxTMv8XFnSBF","is_local":false}]},"copyrights":[{"text":"© 2024 Warner Music Latina","type":"C"},{"text":"℗ 2024 Warner Music Latina","type":"P"}],"external_ids":{"upc":"5021732431523"},"genres":[],"label":"WEA Latina","popularity":45},null]}
classpath:api/spotify/Spotify/Get-Albums.feature:65
<<<

HTML report: (paste into browser to view) | Karate version: 1.5.0
file:///C:/Users/Cuenta/Downloads/karate-sptf/target/karate-reports/karate-summary.html
===================================================================

]]></system-out>
  </testcase>
</testsuite>